#
# There is insufficient memory for the Java Runtime Environment to continue.
# Native memory allocation (malloc) failed to allocate 1206416 bytes for Chunk::new
# Possible reasons:
#   The system is out of physical RAM or swap space
#   The process is running with CompressedOops enabled, and the Java Heap may be blocking the growth of the native heap
# Possible solutions:
#   Reduce memory load on the system
#   Increase physical memory or swap space
#   Check if swap backing store is full
#   Decrease Java heap size (-Xmx/-Xms)
#   Decrease number of Java threads
#   Decrease Java thread stack sizes (-Xss)
#   Set larger code cache with -XX:ReservedCodeCacheSize=
#   JVM is running with Unscaled Compressed Oops mode in which the Java heap is
#     placed in the first 4GB address space. The Java Heap base address is the
#     maximum limit for the native heap growth. Please use -XX:HeapBaseMinAddress
#     to set the Java Heap base and to place the Java Heap above 4GB virtual address.
# This output file may be truncated or incomplete.
#
#  Out of Memory Error (./src/hotspot/share/memory/arena.cpp:197), pid=7844, tid=12532
#
# JRE version: OpenJDK Runtime Environment (11.0.10) (build 11.0.10+0-b96-7249189)
# Java VM: OpenJDK 64-Bit Server VM (11.0.10+0-b96-7249189, mixed mode, tiered, compressed oops, g1 gc, windows-amd64)
# No core dump will be written. Minidumps are not enabled by default on client versions of Windows
#

---------------  S U M M A R Y ------------

Command Line: --add-opens=java.base/java.util=ALL-UNNAMED --add-opens=java.base/java.lang=ALL-UNNAMED --add-opens=java.base/java.lang.invoke=ALL-UNNAMED --add-opens=java.base/java.util=ALL-UNNAMED --add-opens=java.prefs/java.util.prefs=ALL-UNNAMED --add-opens=java.prefs/java.util.prefs=ALL-UNNAMED --add-opens=java.base/java.nio.charset=ALL-UNNAMED --add-opens=java.base/java.net=ALL-UNNAMED --add-opens=java.base/java.util.concurrent.atomic=ALL-UNNAMED -Xmx2048m -Dfile.encoding=UTF-8 -Duser.country=NZ -Duser.language=en -Duser.variant org.gradle.launcher.daemon.bootstrap.GradleDaemon 7.0.2

Host: AMD Ryzen 3 3200G with Radeon Vega Graphics    , 4 cores, 15G,  Windows 10 , 64 bit Build 19041 (10.0.19041.1151)
Time: Wed Sep  1 18:55:20 2021 New Zealand Standard Time elapsed time: 28.579960 seconds (0d 0h 0m 28s)

---------------  T H R E A D  ---------------

Current thread (0x0000024bf2b4a000):  JavaThread "C2 CompilerThread0" daemon [_thread_in_native, id=12532, stack(0x000000fcb8600000,0x000000fcb8700000)]


Current CompileTask:
C2:  28580 11837 %     4       com.android.tools.r8.internal.T6::a @ 2378 (4191 bytes)

Stack: [0x000000fcb8600000,0x000000fcb8700000]
Native frames: (J=compiled Java code, j=interpreted, Vv=VM code, C=native code)
V  [jvm.dll+0x5ecfaa]
V  [jvm.dll+0x722bd5]
V  [jvm.dll+0x72412d]
V  [jvm.dll+0x7247e3]
V  [jvm.dll+0x242928]
V  [jvm.dll+0xbc4fc]
V  [jvm.dll+0xbca0c]
V  [jvm.dll+0x352d3b]
V  [jvm.dll+0x197e0c]
V  [jvm.dll+0x1fb70e]
V  [jvm.dll+0x1fa7f4]
V  [jvm.dll+0x18354c]
V  [jvm.dll+0x208ee7]
V  [jvm.dll+0x207731]
V  [jvm.dll+0x6eb1cf]
V  [jvm.dll+0x6e3d45]
V  [jvm.dll+0x5ebe96]
C  [ucrtbase.dll+0x21bb2]
C  [KERNEL32.DLL+0x17034]
C  [ntdll.dll+0x52651]


---------------  P R O C E S S  ---------------

Threads class SMR info:
_java_thread_list=0x0000024bfc6a1a00, length=49, elements={
0x0000024bd869b800, 0x0000024bf2ae4800, 0x0000024bf2ae6000, 0x0000024bf2b44000,
0x0000024bf2b45000, 0x0000024bf2b47000, 0x0000024bf2b4a000, 0x0000024bf22b8000,
0x0000024bf2bb4800, 0x0000024bf2cbf800, 0x0000024bf4ca9000, 0x0000024bf45ba800,
0x0000024bf3a1d000, 0x0000024bf2d68800, 0x0000024bf4789800, 0x0000024bf476e800,
0x0000024bf4d26000, 0x0000024bf38d8800, 0x0000024bf4b18800, 0x0000024bf43c8800,
0x0000024bf43ca800, 0x0000024bf43cb000, 0x0000024bf43c9800, 0x0000024bf3d13000,
0x0000024bf3d15800, 0x0000024bf3d12800, 0x0000024bf3d10800, 0x0000024bf3d10000,
0x0000024bf3d16800, 0x0000024bf3d17000, 0x0000024bf3d19800, 0x0000024bf3d14000,
0x0000024bf3d1a800, 0x0000024bf3d1b800, 0x0000024bf3d19000, 0x0000024bf3d1e800,
0x0000024bf3d1d000, 0x0000024bf3d1d800, 0x0000024bf5661800, 0x0000024bf5660000,
0x0000024bf565f000, 0x0000024bf5660800, 0x0000024bf5665000, 0x0000024bf5666800,
0x0000024bf5664000, 0x0000024bf5662800, 0x0000024bf5669000, 0x0000024bf9af7800,
0x0000024bf5667800
}

Java Threads: ( => current thread )
  0x0000024bd869b800 JavaThread "main" [_thread_blocked, id=8152, stack(0x000000fcb7a00000,0x000000fcb7b00000)]
  0x0000024bf2ae4800 JavaThread "Reference Handler" daemon [_thread_blocked, id=1052, stack(0x000000fcb8100000,0x000000fcb8200000)]
  0x0000024bf2ae6000 JavaThread "Finalizer" daemon [_thread_blocked, id=10164, stack(0x000000fcb8200000,0x000000fcb8300000)]
  0x0000024bf2b44000 JavaThread "Signal Dispatcher" daemon [_thread_blocked, id=12412, stack(0x000000fcb8300000,0x000000fcb8400000)]
  0x0000024bf2b45000 JavaThread "Attach Listener" daemon [_thread_blocked, id=11636, stack(0x000000fcb8400000,0x000000fcb8500000)]
  0x0000024bf2b47000 JavaThread "Service Thread" daemon [_thread_blocked, id=10192, stack(0x000000fcb8500000,0x000000fcb8600000)]
=>0x0000024bf2b4a000 JavaThread "C2 CompilerThread0" daemon [_thread_in_native, id=12532, stack(0x000000fcb8600000,0x000000fcb8700000)]
  0x0000024bf22b8000 JavaThread "C1 CompilerThread0" daemon [_thread_blocked, id=11276, stack(0x000000fcb8700000,0x000000fcb8800000)]
  0x0000024bf2bb4800 JavaThread "Sweeper thread" daemon [_thread_blocked, id=9032, stack(0x000000fcb8800000,0x000000fcb8900000)]
  0x0000024bf2cbf800 JavaThread "Common-Cleaner" daemon [_thread_blocked, id=6764, stack(0x000000fcb8900000,0x000000fcb8a00000)]
  0x0000024bf4ca9000 JavaThread "Daemon health stats" [_thread_blocked, id=11168, stack(0x000000fcb8f00000,0x000000fcb9000000)]
  0x0000024bf45ba800 JavaThread "Incoming local TCP Connector on port 59553" [_thread_in_native, id=7648, stack(0x000000fcb8b00000,0x000000fcb8c00000)]
  0x0000024bf3a1d000 JavaThread "Daemon periodic checks" [_thread_blocked, id=13228, stack(0x000000fcb9000000,0x000000fcb9100000)]
  0x0000024bf2d68800 JavaThread "Daemon" [_thread_blocked, id=11088, stack(0x000000fcb9100000,0x000000fcb9200000)]
  0x0000024bf4789800 JavaThread "Handler for socket connection from /127.0.0.1:59553 to /127.0.0.1:59554" [_thread_in_native, id=820, stack(0x000000fcb9200000,0x000000fcb9300000)]
  0x0000024bf476e800 JavaThread "Cancel handler" [_thread_blocked, id=11536, stack(0x000000fcb9300000,0x000000fcb9400000)]
  0x0000024bf4d26000 JavaThread "Daemon worker" [_thread_blocked, id=2300, stack(0x000000fcb9400000,0x000000fcb9500000)]
  0x0000024bf38d8800 JavaThread "Asynchronous log dispatcher for DefaultDaemonConnection: socket connection from /127.0.0.1:59553 to /127.0.0.1:59554" [_thread_blocked, id=4576, stack(0x000000fcb9500000,0x000000fcb9600000)]
  0x0000024bf4b18800 JavaThread "Stdin handler" [_thread_blocked, id=12076, stack(0x000000fcb9600000,0x000000fcb9700000)]
  0x0000024bf43c8800 JavaThread "Daemon client event forwarder" [_thread_blocked, id=5024, stack(0x000000fcb9700000,0x000000fcb9800000)]
  0x0000024bf43ca800 JavaThread "Cache worker for file hash cache (C:\Users\danie\.gradle\caches\7.0.2\fileHashes)" [_thread_blocked, id=11600, stack(0x000000fcb9800000,0x000000fcb9900000)]
  0x0000024bf43cb000 JavaThread "File lock request listener" [_thread_in_native, id=7048, stack(0x000000fcb9900000,0x000000fcb9a00000)]
  0x0000024bf43c9800 JavaThread "Cache worker for journal cache (C:\Users\danie\.gradle\caches\journal-1)" [_thread_blocked, id=10920, stack(0x000000fcb9a00000,0x000000fcb9b00000)]
  0x0000024bf3d13000 JavaThread "Cache worker for file hash cache (C:\Users\danie\AndroidStudioProjects\Choice\.gradle\7.0.2\fileHashes)" [_thread_blocked, id=1844, stack(0x000000fcb9c00000,0x000000fcb9d00000)]
  0x0000024bf3d15800 JavaThread "File watcher server" daemon [_thread_in_native, id=7704, stack(0x000000fcb9d00000,0x000000fcb9e00000)]
  0x0000024bf3d12800 JavaThread "File watcher consumer" daemon [_thread_blocked, id=7524, stack(0x000000fcb9e00000,0x000000fcb9f00000)]
  0x0000024bf3d10800 JavaThread "Cache worker for checksums cache (C:\Users\danie\AndroidStudioProjects\Choice\.gradle\checksums)" [_thread_blocked, id=10080, stack(0x000000fcb9f00000,0x000000fcba000000)]
  0x0000024bf3d10000 JavaThread "Cache worker for cache directory md-supplier (C:\Users\danie\.gradle\caches\7.0.2\md-supplier)" [_thread_blocked, id=520, stack(0x000000fcba000000,0x000000fcba100000)]
  0x0000024bf3d16800 JavaThread "Cache worker for cache directory md-rule (C:\Users\danie\.gradle\caches\7.0.2\md-rule)" [_thread_blocked, id=2984, stack(0x000000fcba100000,0x000000fcba200000)]
  0x0000024bf3d17000 JavaThread "Cache worker for execution history cache (C:\Users\danie\.gradle\caches\7.0.2\executionHistory)" [_thread_blocked, id=4592, stack(0x000000fcba200000,0x000000fcba300000)]
  0x0000024bf3d19800 JavaThread "jar transforms" [_thread_blocked, id=12880, stack(0x000000fcba300000,0x000000fcba400000)]
  0x0000024bf3d14000 JavaThread "jar transforms Thread 2" [_thread_blocked, id=13232, stack(0x000000fcba400000,0x000000fcba500000)]
  0x0000024bf3d1a800 JavaThread "Cache worker for file content cache (C:\Users\danie\.gradle\caches\7.0.2\fileContent)" [_thread_blocked, id=5164, stack(0x000000fcba500000,0x000000fcba600000)]
  0x0000024bf3d1b800 JavaThread "Cache worker for dependencies-accessors (C:\Users\danie\AndroidStudioProjects\Choice\.gradle\7.0.2\dependencies-accessors)" [_thread_blocked, id=1812, stack(0x000000fcba600000,0x000000fcba700000)]
  0x0000024bf3d19000 JavaThread "jar transforms Thread 3" [_thread_blocked, id=7152, stack(0x000000fcba700000,0x000000fcba800000)]
  0x0000024bf3d1e800 JavaThread "Cache worker for Build Output Cleanup Cache (C:\Users\danie\AndroidStudioProjects\Choice\.gradle\buildOutputCleanup)" [_thread_blocked, id=12232, stack(0x000000fcba800000,0x000000fcba900000)]
  0x0000024bf3d1d000 JavaThread "Build operations" [_thread_blocked, id=11040, stack(0x000000fcba900000,0x000000fcbaa00000)]
  0x0000024bf3d1d800 JavaThread "Build operations Thread 2" [_thread_in_Java, id=7336, stack(0x000000fcbaa00000,0x000000fcbab00000)]
  0x0000024bf5661800 JavaThread "Build operations Thread 3" [_thread_in_vm, id=12256, stack(0x000000fcbab00000,0x000000fcbac00000)]
  0x0000024bf5660000 JavaThread "Build operations Thread 4" [_thread_blocked, id=1028, stack(0x000000fcbac00000,0x000000fcbad00000)]
  0x0000024bf565f000 JavaThread "jar transforms Thread 4" [_thread_blocked, id=10600, stack(0x000000fcbad00000,0x000000fcbae00000)]
  0x0000024bf5660800 JavaThread "Memory manager" [_thread_blocked, id=8304, stack(0x000000fcbae00000,0x000000fcbaf00000)]
  0x0000024bf5665000 JavaThread "build event listener" [_thread_blocked, id=3856, stack(0x000000fcbaf00000,0x000000fcbb000000)]
  0x0000024bf5666800 JavaThread "Execution worker for ':'" [_thread_blocked, id=4516, stack(0x000000fcbb000000,0x000000fcbb100000)]
  0x0000024bf5664000 JavaThread "Execution worker for ':' Thread 2" [_thread_blocked, id=10520, stack(0x000000fcbb100000,0x000000fcbb200000)]
  0x0000024bf5662800 JavaThread "Execution worker for ':' Thread 3" [_thread_blocked, id=5708, stack(0x000000fcbb200000,0x000000fcbb300000)]
  0x0000024bf5669000 JavaThread "Cache worker for execution history cache (C:\Users\danie\AndroidStudioProjects\Choice\.gradle\7.0.2\executionHistory)" [_thread_blocked, id=7260, stack(0x000000fcbb300000,0x000000fcbb400000)]
  0x0000024bf9af7800 JavaThread "C2 CompilerThread1" daemon [_thread_in_native, id=8056, stack(0x000000fcb9b00000,0x000000fcb9c00000)]
  0x0000024bf5667800 JavaThread "WorkerExecutor Queue" [_thread_blocked, id=11964, stack(0x000000fcbb400000,0x000000fcbb500000)]

Other Threads:
  0x0000024bf22b4000 VMThread "VM Thread" [stack: 0x000000fcb8000000,0x000000fcb8100000] [id=10228]
  0x0000024bf2ce0800 WatcherThread [stack: 0x000000fcb8a00000,0x000000fcb8b00000] [id=5436]
  0x0000024bd86b7000 GCTaskThread "GC Thread#0" [stack: 0x000000fcb7b00000,0x000000fcb7c00000] [id=10928]
  0x0000024bf2ebc000 GCTaskThread "GC Thread#1" [stack: 0x000000fcb8c00000,0x000000fcb8d00000] [id=8496]
  0x0000024bf3551000 GCTaskThread "GC Thread#2" [stack: 0x000000fcb8d00000,0x000000fcb8e00000] [id=10984]
  0x0000024bf2d67000 GCTaskThread "GC Thread#3" [stack: 0x000000fcb8e00000,0x000000fcb8f00000] [id=9972]
  0x0000024bd86e6800 ConcurrentGCThread "G1 Main Marker" [stack: 0x000000fcb7c00000,0x000000fcb7d00000] [id=9968]
  0x0000024bd86e8000 ConcurrentGCThread "G1 Conc#0" [stack: 0x000000fcb7d00000,0x000000fcb7e00000] [id=200]
  0x0000024bd877e800 ConcurrentGCThread "G1 Refine#0" [stack: 0x000000fcb7e00000,0x000000fcb7f00000] [id=1152]
  0x0000024bf65ab000 ConcurrentGCThread "G1 Refine#1" [stack: 0x000000fcbb500000,0x000000fcbb600000] [id=7220]
  0x0000024bf2126800 ConcurrentGCThread "G1 Young RemSet Sampling" [stack: 0x000000fcb7f00000,0x000000fcb8000000] [id=7800]

Threads with active compile tasks:
C2 CompilerThread0  28597 11837 %     4       com.android.tools.r8.internal.T6::a @ 2378 (4191 bytes)
C2 CompilerThread1  28597 11883 %     4       com.android.tools.r8.internal.T6::a @ 2560 (6044 bytes)

VM state:not at safepoint (normal execution)

VM Mutex/Monitor currently owned by a thread: None

Heap address: 0x0000000080000000, size: 2048 MB, Compressed Oops mode: 32-bit
Narrow klass base: 0x0000000000000000, Narrow klass shift: 3
Compressed class space size: 1073741824 Address: 0x0000000100000000

Heap:
 garbage-first heap   total 262144K, used 192512K [0x0000000080000000, 0x0000000100000000)
  region size 1024K, 73 young (74752K), 13 survivors (13312K)
 Metaspace       used 94651K, capacity 97075K, committed 97152K, reserved 1132544K
  class space    used 12234K, capacity 13115K, committed 13184K, reserved 1048576K
Heap Regions: E=young(eden), S=young(survivor), O=old, HS=humongous(starts), HC=humongous(continues), CS=collection set, F=free, A=archive, TAMS=top-at-mark-start (previous, next)
|   0|0x0000000080000000, 0x0000000080100000, 0x0000000080100000|100%| O|  |TAMS 0x0000000080100000, 0x0000000080000000| Untracked 
|   1|0x0000000080100000, 0x0000000080200000, 0x0000000080200000|100%| O|  |TAMS 0x0000000080200000, 0x0000000080100000| Untracked 
|   2|0x0000000080200000, 0x0000000080300000, 0x0000000080300000|100%| O|  |TAMS 0x0000000080300000, 0x0000000080200000| Untracked 
|   3|0x0000000080300000, 0x0000000080400000, 0x0000000080400000|100%|HS|  |TAMS 0x0000000080400000, 0x0000000080300000| Complete 
|   4|0x0000000080400000, 0x0000000080500000, 0x0000000080500000|100%|HC|  |TAMS 0x0000000080500000, 0x0000000080400000| Complete 
|   5|0x0000000080500000, 0x0000000080600000, 0x0000000080600000|100%|HC|  |TAMS 0x0000000080600000, 0x0000000080500000| Complete 
|   6|0x0000000080600000, 0x0000000080700000, 0x0000000080700000|100%| O|  |TAMS 0x0000000080700000, 0x0000000080600000| Untracked 
|   7|0x0000000080700000, 0x0000000080800000, 0x0000000080800000|100%| O|  |TAMS 0x0000000080800000, 0x0000000080700000| Untracked 
|   8|0x0000000080800000, 0x0000000080900000, 0x0000000080900000|100%| O|  |TAMS 0x0000000080900000, 0x0000000080800000| Untracked 
|   9|0x0000000080900000, 0x0000000080a00000, 0x0000000080a00000|100%| O|  |TAMS 0x0000000080a00000, 0x0000000080900000| Untracked 
|  10|0x0000000080a00000, 0x0000000080b00000, 0x0000000080b00000|100%| O|  |TAMS 0x0000000080b00000, 0x0000000080a00000| Untracked 
|  11|0x0000000080b00000, 0x0000000080c00000, 0x0000000080c00000|100%| O|  |TAMS 0x0000000080c00000, 0x0000000080b00000| Untracked 
|  12|0x0000000080c00000, 0x0000000080d00000, 0x0000000080d00000|100%| O|  |TAMS 0x0000000080d00000, 0x0000000080c00000| Untracked 
|  13|0x0000000080d00000, 0x0000000080e00000, 0x0000000080e00000|100%| O|  |TAMS 0x0000000080e00000, 0x0000000080d00000| Untracked 
|  14|0x0000000080e00000, 0x0000000080f00000, 0x0000000080f00000|100%| O|  |TAMS 0x0000000080f00000, 0x0000000080e00000| Untracked 
|  15|0x0000000080f00000, 0x0000000081000000, 0x0000000081000000|100%| O|  |TAMS 0x0000000081000000, 0x0000000080f00000| Untracked 
|  16|0x0000000081000000, 0x0000000081100000, 0x0000000081100000|100%| O|  |TAMS 0x0000000081100000, 0x0000000081000000| Untracked 
|  17|0x0000000081100000, 0x0000000081200000, 0x0000000081200000|100%|HS|  |TAMS 0x0000000081200000, 0x0000000081100000| Complete 
|  18|0x0000000081200000, 0x0000000081300000, 0x0000000081300000|100%|HS|  |TAMS 0x0000000081300000, 0x0000000081200000| Complete 
|  19|0x0000000081300000, 0x0000000081400000, 0x0000000081400000|100%|HS|  |TAMS 0x0000000081400000, 0x0000000081300000| Complete 
|  20|0x0000000081400000, 0x0000000081500000, 0x0000000081500000|100%|HS|  |TAMS 0x0000000081500000, 0x0000000081400000| Complete 
|  21|0x0000000081500000, 0x0000000081600000, 0x0000000081600000|100%|HC|  |TAMS 0x0000000081600000, 0x0000000081500000| Complete 
|  22|0x0000000081600000, 0x0000000081700000, 0x0000000081700000|100%|HC|  |TAMS 0x0000000081700000, 0x0000000081600000| Complete 
|  23|0x0000000081700000, 0x0000000081800000, 0x0000000081800000|100%|HS|  |TAMS 0x0000000081800000, 0x0000000081700000| Complete 
|  24|0x0000000081800000, 0x0000000081900000, 0x0000000081900000|100%|HC|  |TAMS 0x0000000081900000, 0x0000000081800000| Complete 
|  25|0x0000000081900000, 0x0000000081a00000, 0x0000000081a00000|100%| O|  |TAMS 0x0000000081a00000, 0x0000000081900000| Untracked 
|  26|0x0000000081a00000, 0x0000000081b00000, 0x0000000081b00000|100%| O|  |TAMS 0x0000000081b00000, 0x0000000081a00000| Untracked 
|  27|0x0000000081b00000, 0x0000000081c00000, 0x0000000081c00000|100%| O|  |TAMS 0x0000000081c00000, 0x0000000081b00000| Untracked 
|  28|0x0000000081c00000, 0x0000000081d00000, 0x0000000081d00000|100%| O|  |TAMS 0x0000000081d00000, 0x0000000081c00000| Untracked 
|  29|0x0000000081d00000, 0x0000000081e00000, 0x0000000081e00000|100%| O|  |TAMS 0x0000000081e00000, 0x0000000081d00000| Untracked 
|  30|0x0000000081e00000, 0x0000000081f00000, 0x0000000081f00000|100%| O|  |TAMS 0x0000000081e00000, 0x0000000081e00000| Untracked 
|  31|0x0000000081f00000, 0x0000000082000000, 0x0000000082000000|100%| O|  |TAMS 0x0000000082000000, 0x0000000081f00000| Untracked 
|  32|0x0000000082000000, 0x0000000082100000, 0x0000000082100000|100%| O|  |TAMS 0x0000000082100000, 0x0000000082000000| Untracked 
|  33|0x0000000082100000, 0x0000000082200000, 0x0000000082200000|100%| O|  |TAMS 0x0000000082200000, 0x0000000082100000| Untracked 
|  34|0x0000000082200000, 0x0000000082300000, 0x0000000082300000|100%| O|  |TAMS 0x0000000082300000, 0x0000000082200000| Untracked 
|  35|0x0000000082300000, 0x0000000082400000, 0x0000000082400000|100%| O|  |TAMS 0x0000000082400000, 0x0000000082300000| Untracked 
|  36|0x0000000082400000, 0x0000000082500000, 0x0000000082500000|100%| O|  |TAMS 0x0000000082500000, 0x0000000082400000| Untracked 
|  37|0x0000000082500000, 0x0000000082600000, 0x0000000082600000|100%| O|  |TAMS 0x0000000082600000, 0x0000000082500000| Untracked 
|  38|0x0000000082600000, 0x0000000082700000, 0x0000000082700000|100%| O|  |TAMS 0x0000000082700000, 0x0000000082600000| Untracked 
|  39|0x0000000082700000, 0x0000000082800000, 0x0000000082800000|100%| O|  |TAMS 0x0000000082800000, 0x0000000082700000| Untracked 
|  40|0x0000000082800000, 0x0000000082900000, 0x0000000082900000|100%| O|  |TAMS 0x0000000082900000, 0x0000000082800000| Untracked 
|  41|0x0000000082900000, 0x0000000082a00000, 0x0000000082a00000|100%| O|  |TAMS 0x0000000082a00000, 0x0000000082900000| Untracked 
|  42|0x0000000082a00000, 0x0000000082b00000, 0x0000000082b00000|100%| O|  |TAMS 0x0000000082b00000, 0x0000000082a00000| Untracked 
|  43|0x0000000082b00000, 0x0000000082c00000, 0x0000000082c00000|100%| O|  |TAMS 0x0000000082c00000, 0x0000000082b00000| Untracked 
|  44|0x0000000082c00000, 0x0000000082d00000, 0x0000000082d00000|100%| O|  |TAMS 0x0000000082d00000, 0x0000000082c00000| Untracked 
|  45|0x0000000082d00000, 0x0000000082e00000, 0x0000000082e00000|100%| O|  |TAMS 0x0000000082e00000, 0x0000000082d00000| Untracked 
|  46|0x0000000082e00000, 0x0000000082f00000, 0x0000000082f00000|100%| O|  |TAMS 0x0000000082f00000, 0x0000000082e00000| Untracked 
|  47|0x0000000082f00000, 0x0000000083000000, 0x0000000083000000|100%| O|  |TAMS 0x0000000083000000, 0x0000000082f00000| Untracked 
|  48|0x0000000083000000, 0x0000000083100000, 0x0000000083100000|100%| O|  |TAMS 0x0000000083091800, 0x0000000083000000| Untracked 
|  49|0x0000000083100000, 0x0000000083200000, 0x0000000083200000|100%| O|  |TAMS 0x0000000083100000, 0x0000000083100000| Untracked 
|  50|0x0000000083200000, 0x0000000083300000, 0x0000000083300000|100%| O|  |TAMS 0x0000000083200000, 0x0000000083200000| Untracked 
|  51|0x0000000083300000, 0x0000000083400000, 0x0000000083400000|100%| O|  |TAMS 0x0000000083300000, 0x0000000083300000| Untracked 
|  52|0x0000000083400000, 0x0000000083500000, 0x0000000083500000|100%| O|  |TAMS 0x0000000083400000, 0x0000000083400000| Untracked 
|  53|0x0000000083500000, 0x0000000083600000, 0x0000000083600000|100%| O|  |TAMS 0x0000000083500000, 0x0000000083500000| Untracked 
|  54|0x0000000083600000, 0x0000000083700000, 0x0000000083700000|100%| O|  |TAMS 0x0000000083600000, 0x0000000083600000| Untracked 
|  55|0x0000000083700000, 0x0000000083800000, 0x0000000083800000|100%| O|  |TAMS 0x0000000083700000, 0x0000000083700000| Untracked 
|  56|0x0000000083800000, 0x0000000083900000, 0x0000000083900000|100%| O|  |TAMS 0x0000000083800000, 0x0000000083800000| Untracked 
|  57|0x0000000083900000, 0x0000000083a00000, 0x0000000083a00000|100%| O|  |TAMS 0x0000000083900000, 0x0000000083900000| Untracked 
|  58|0x0000000083a00000, 0x0000000083b00000, 0x0000000083b00000|100%| O|  |TAMS 0x0000000083a00000, 0x0000000083a00000| Untracked 
|  59|0x0000000083b00000, 0x0000000083c00000, 0x0000000083c00000|100%| O|  |TAMS 0x0000000083b00000, 0x0000000083b00000| Untracked 
|  60|0x0000000083c00000, 0x0000000083d00000, 0x0000000083d00000|100%| O|  |TAMS 0x0000000083c00000, 0x0000000083c00000| Untracked 
|  61|0x0000000083d00000, 0x0000000083e00000, 0x0000000083e00000|100%| O|  |TAMS 0x0000000083d00000, 0x0000000083d00000| Untracked 
|  62|0x0000000083e00000, 0x0000000083f00000, 0x0000000083f00000|100%| O|  |TAMS 0x0000000083e00000, 0x0000000083e00000| Untracked 
|  63|0x0000000083f00000, 0x0000000084000000, 0x0000000084000000|100%| O|  |TAMS 0x0000000083f00000, 0x0000000083f00000| Untracked 
|  64|0x0000000084000000, 0x0000000084100000, 0x0000000084100000|100%| O|  |TAMS 0x0000000084000000, 0x0000000084000000| Untracked 
|  65|0x0000000084100000, 0x0000000084200000, 0x0000000084200000|100%| O|  |TAMS 0x0000000084100000, 0x0000000084100000| Untracked 
|  66|0x0000000084200000, 0x0000000084300000, 0x0000000084300000|100%| O|  |TAMS 0x0000000084200000, 0x0000000084200000| Untracked 
|  67|0x0000000084300000, 0x0000000084400000, 0x0000000084400000|100%| O|  |TAMS 0x0000000084300000, 0x0000000084300000| Untracked 
|  68|0x0000000084400000, 0x0000000084500000, 0x0000000084500000|100%| O|  |TAMS 0x0000000084400000, 0x0000000084400000| Untracked 
|  69|0x0000000084500000, 0x0000000084600000, 0x0000000084600000|100%|HS|  |TAMS 0x0000000084500000, 0x0000000084500000| Complete 
|  70|0x0000000084600000, 0x0000000084700000, 0x0000000084700000|100%|HS|  |TAMS 0x0000000084600000, 0x0000000084600000| Complete 
|  71|0x0000000084700000, 0x0000000084800000, 0x0000000084800000|100%|HC|  |TAMS 0x0000000084700000, 0x0000000084700000| Complete 
|  72|0x0000000084800000, 0x0000000084900000, 0x0000000084900000|100%| O|  |TAMS 0x0000000084800000, 0x0000000084800000| Untracked 
|  73|0x0000000084900000, 0x0000000084a00000, 0x0000000084a00000|100%| O|  |TAMS 0x0000000084900000, 0x0000000084900000| Untracked 
|  74|0x0000000084a00000, 0x0000000084b00000, 0x0000000084b00000|100%| O|  |TAMS 0x0000000084a00000, 0x0000000084a00000| Untracked 
|  75|0x0000000084b00000, 0x0000000084c00000, 0x0000000084c00000|100%| O|  |TAMS 0x0000000084b00000, 0x0000000084b00000| Untracked 
|  76|0x0000000084c00000, 0x0000000084d00000, 0x0000000084d00000|100%| O|  |TAMS 0x0000000084c00000, 0x0000000084c00000| Untracked 
|  77|0x0000000084d00000, 0x0000000084e00000, 0x0000000084e00000|100%| O|  |TAMS 0x0000000084d00000, 0x0000000084d00000| Untracked 
|  78|0x0000000084e00000, 0x0000000084f00000, 0x0000000084f00000|100%| O|  |TAMS 0x0000000084e00000, 0x0000000084e00000| Untracked 
|  79|0x0000000084f00000, 0x0000000085000000, 0x0000000085000000|100%| O|  |TAMS 0x0000000084f00000, 0x0000000084f00000| Untracked 
|  80|0x0000000085000000, 0x0000000085100000, 0x0000000085100000|100%| O|  |TAMS 0x0000000085000000, 0x0000000085000000| Untracked 
|  81|0x0000000085100000, 0x0000000085200000, 0x0000000085200000|100%| O|  |TAMS 0x0000000085100000, 0x0000000085100000| Untracked 
|  82|0x0000000085200000, 0x0000000085300000, 0x0000000085300000|100%| O|  |TAMS 0x0000000085200000, 0x0000000085200000| Untracked 
|  83|0x0000000085300000, 0x0000000085400000, 0x0000000085400000|100%| O|  |TAMS 0x0000000085300000, 0x0000000085300000| Untracked 
|  84|0x0000000085400000, 0x0000000085500000, 0x0000000085500000|100%| O|  |TAMS 0x0000000085400000, 0x0000000085400000| Untracked 
|  85|0x0000000085500000, 0x0000000085600000, 0x0000000085600000|100%| O|  |TAMS 0x0000000085500000, 0x0000000085500000| Untracked 
|  86|0x0000000085600000, 0x0000000085700000, 0x0000000085700000|100%| O|  |TAMS 0x0000000085600000, 0x0000000085600000| Untracked 
|  87|0x0000000085700000, 0x0000000085800000, 0x0000000085800000|100%| O|  |TAMS 0x0000000085700000, 0x0000000085700000| Untracked 
|  88|0x0000000085800000, 0x0000000085900000, 0x0000000085900000|100%| O|  |TAMS 0x0000000085800000, 0x0000000085800000| Untracked 
|  89|0x0000000085900000, 0x0000000085a00000, 0x0000000085a00000|100%| O|  |TAMS 0x0000000085900000, 0x0000000085900000| Untracked 
|  90|0x0000000085a00000, 0x0000000085b00000, 0x0000000085b00000|100%| O|  |TAMS 0x0000000085a00000, 0x0000000085a00000| Untracked 
|  91|0x0000000085b00000, 0x0000000085c00000, 0x0000000085c00000|100%| O|  |TAMS 0x0000000085b00000, 0x0000000085b00000| Untracked 
|  92|0x0000000085c00000, 0x0000000085d00000, 0x0000000085d00000|100%| O|  |TAMS 0x0000000085c00000, 0x0000000085c00000| Untracked 
|  93|0x0000000085d00000, 0x0000000085e00000, 0x0000000085e00000|100%| O|  |TAMS 0x0000000085d00000, 0x0000000085d00000| Untracked 
|  94|0x0000000085e00000, 0x0000000085f00000, 0x0000000085f00000|100%| O|  |TAMS 0x0000000085e00000, 0x0000000085e00000| Untracked 
|  95|0x0000000085f00000, 0x0000000086000000, 0x0000000086000000|100%| O|  |TAMS 0x0000000085f00000, 0x0000000085f00000| Untracked 
|  96|0x0000000086000000, 0x0000000086100000, 0x0000000086100000|100%| O|  |TAMS 0x0000000086000000, 0x0000000086000000| Untracked 
|  97|0x0000000086100000, 0x0000000086200000, 0x0000000086200000|100%| O|  |TAMS 0x0000000086100000, 0x0000000086100000| Untracked 
|  98|0x0000000086200000, 0x0000000086300000, 0x0000000086300000|100%| O|  |TAMS 0x0000000086200000, 0x0000000086200000| Untracked 
|  99|0x0000000086300000, 0x0000000086400000, 0x0000000086400000|100%| O|  |TAMS 0x0000000086300000, 0x0000000086300000| Untracked 
| 100|0x0000000086400000, 0x0000000086500000, 0x0000000086500000|100%| O|  |TAMS 0x0000000086400000, 0x0000000086400000| Untracked 
| 101|0x0000000086500000, 0x0000000086600000, 0x0000000086600000|100%| O|  |TAMS 0x0000000086500000, 0x0000000086500000| Untracked 
| 102|0x0000000086600000, 0x0000000086700000, 0x0000000086700000|100%| O|  |TAMS 0x0000000086600000, 0x0000000086600000| Untracked 
| 103|0x0000000086700000, 0x0000000086800000, 0x0000000086800000|100%| O|  |TAMS 0x0000000086700000, 0x0000000086700000| Untracked 
| 104|0x0000000086800000, 0x0000000086900000, 0x0000000086900000|100%| O|  |TAMS 0x0000000086800000, 0x0000000086800000| Untracked 
| 105|0x0000000086900000, 0x0000000086a00000, 0x0000000086a00000|100%| O|  |TAMS 0x0000000086900000, 0x0000000086900000| Untracked 
| 106|0x0000000086a00000, 0x0000000086b00000, 0x0000000086b00000|100%| O|  |TAMS 0x0000000086a00000, 0x0000000086a00000| Untracked 
| 107|0x0000000086b00000, 0x0000000086c00000, 0x0000000086c00000|100%| O|  |TAMS 0x0000000086b00000, 0x0000000086b00000| Untracked 
| 108|0x0000000086c00000, 0x0000000086d00000, 0x0000000086d00000|100%| O|  |TAMS 0x0000000086c00000, 0x0000000086c00000| Untracked 
| 109|0x0000000086d00000, 0x0000000086e00000, 0x0000000086e00000|100%| O|  |TAMS 0x0000000086d00000, 0x0000000086d00000| Untracked 
| 110|0x0000000086e00000, 0x0000000086f00000, 0x0000000086f00000|100%| O|  |TAMS 0x0000000086e00000, 0x0000000086e00000| Untracked 
| 111|0x0000000086f00000, 0x0000000087000000, 0x0000000087000000|100%| O|  |TAMS 0x0000000086f00000, 0x0000000086f00000| Untracked 
| 112|0x0000000087000000, 0x0000000087100000, 0x0000000087100000|100%| O|  |TAMS 0x0000000087000000, 0x0000000087000000| Untracked 
| 113|0x0000000087100000, 0x0000000087200000, 0x0000000087200000|100%| O|  |TAMS 0x0000000087100000, 0x0000000087100000| Untracked 
| 114|0x0000000087200000, 0x0000000087300000, 0x0000000087300000|100%| O|  |TAMS 0x0000000087200000, 0x0000000087200000| Untracked 
| 115|0x0000000087300000, 0x0000000087400000, 0x0000000087400000|100%| O|  |TAMS 0x0000000087300000, 0x0000000087300000| Untracked 
| 116|0x0000000087400000, 0x0000000087500000, 0x0000000087500000|100%| O|  |TAMS 0x0000000087400000, 0x0000000087400000| Untracked 
| 117|0x0000000087500000, 0x0000000087500000, 0x0000000087600000|  0%| F|  |TAMS 0x0000000087500000, 0x0000000087500000| Untracked 
| 118|0x0000000087600000, 0x0000000087600000, 0x0000000087700000|  0%| F|  |TAMS 0x0000000087600000, 0x0000000087600000| Untracked 
| 119|0x0000000087700000, 0x0000000087700000, 0x0000000087800000|  0%| F|  |TAMS 0x0000000087700000, 0x0000000087700000| Untracked 
| 120|0x0000000087800000, 0x0000000087800000, 0x0000000087900000|  0%| F|  |TAMS 0x0000000087800000, 0x0000000087800000| Untracked 
| 121|0x0000000087900000, 0x0000000087900000, 0x0000000087a00000|  0%| F|  |TAMS 0x0000000087900000, 0x0000000087900000| Untracked 
| 122|0x0000000087a00000, 0x0000000087a00000, 0x0000000087b00000|  0%| F|  |TAMS 0x0000000087a00000, 0x0000000087a00000| Untracked 
| 123|0x0000000087b00000, 0x0000000087b00000, 0x0000000087c00000|  0%| F|  |TAMS 0x0000000087b00000, 0x0000000087b00000| Untracked 
| 124|0x0000000087c00000, 0x0000000087c00000, 0x0000000087d00000|  0%| F|  |TAMS 0x0000000087c00000, 0x0000000087c00000| Untracked 
| 125|0x0000000087d00000, 0x0000000087d00000, 0x0000000087e00000|  0%| F|  |TAMS 0x0000000087d00000, 0x0000000087d00000| Untracked 
| 126|0x0000000087e00000, 0x0000000087e00000, 0x0000000087f00000|  0%| F|  |TAMS 0x0000000087e00000, 0x0000000087e00000| Untracked 
| 127|0x0000000087f00000, 0x0000000087f00000, 0x0000000088000000|  0%| F|  |TAMS 0x0000000087f00000, 0x0000000087f00000| Untracked 
| 128|0x0000000088000000, 0x0000000088000000, 0x0000000088100000|  0%| F|  |TAMS 0x0000000088000000, 0x0000000088000000| Untracked 
| 129|0x0000000088100000, 0x0000000088100000, 0x0000000088200000|  0%| F|  |TAMS 0x0000000088100000, 0x0000000088100000| Untracked 
| 130|0x0000000088200000, 0x0000000088200000, 0x0000000088300000|  0%| F|  |TAMS 0x0000000088200000, 0x0000000088200000| Untracked 
| 131|0x0000000088300000, 0x0000000088300000, 0x0000000088400000|  0%| F|  |TAMS 0x0000000088300000, 0x0000000088300000| Untracked 
| 132|0x0000000088400000, 0x0000000088400000, 0x0000000088500000|  0%| F|  |TAMS 0x0000000088400000, 0x0000000088400000| Untracked 
| 133|0x0000000088500000, 0x0000000088500000, 0x0000000088600000|  0%| F|  |TAMS 0x0000000088500000, 0x0000000088500000| Untracked 
| 134|0x0000000088600000, 0x0000000088600000, 0x0000000088700000|  0%| F|  |TAMS 0x0000000088600000, 0x0000000088600000| Untracked 
| 135|0x0000000088700000, 0x0000000088700000, 0x0000000088800000|  0%| F|  |TAMS 0x0000000088700000, 0x0000000088700000| Untracked 
| 136|0x0000000088800000, 0x0000000088800000, 0x0000000088900000|  0%| F|  |TAMS 0x0000000088800000, 0x0000000088800000| Untracked 
| 137|0x0000000088900000, 0x0000000088900000, 0x0000000088a00000|  0%| F|  |TAMS 0x0000000088900000, 0x0000000088900000| Untracked 
| 138|0x0000000088a00000, 0x0000000088a00000, 0x0000000088b00000|  0%| F|  |TAMS 0x0000000088a00000, 0x0000000088a00000| Untracked 
| 139|0x0000000088b00000, 0x0000000088b00000, 0x0000000088c00000|  0%| F|  |TAMS 0x0000000088b00000, 0x0000000088b00000| Untracked 
| 140|0x0000000088c00000, 0x0000000088c00000, 0x0000000088d00000|  0%| F|  |TAMS 0x0000000088c00000, 0x0000000088c00000| Untracked 
| 141|0x0000000088d00000, 0x0000000088d00000, 0x0000000088e00000|  0%| F|  |TAMS 0x0000000088d00000, 0x0000000088d00000| Untracked 
| 142|0x0000000088e00000, 0x0000000088e00000, 0x0000000088f00000|  0%| F|  |TAMS 0x0000000088e00000, 0x0000000088e00000| Untracked 
| 143|0x0000000088f00000, 0x0000000088f00000, 0x0000000089000000|  0%| F|  |TAMS 0x0000000088f00000, 0x0000000088f00000| Untracked 
| 144|0x0000000089000000, 0x0000000089000000, 0x0000000089100000|  0%| F|  |TAMS 0x0000000089000000, 0x0000000089000000| Untracked 
| 145|0x0000000089100000, 0x0000000089100000, 0x0000000089200000|  0%| F|  |TAMS 0x0000000089100000, 0x0000000089100000| Untracked 
| 146|0x0000000089200000, 0x0000000089200000, 0x0000000089300000|  0%| F|  |TAMS 0x0000000089200000, 0x0000000089200000| Untracked 
| 147|0x0000000089300000, 0x0000000089300000, 0x0000000089400000|  0%| F|  |TAMS 0x0000000089300000, 0x0000000089300000| Untracked 
| 148|0x0000000089400000, 0x0000000089400000, 0x0000000089500000|  0%| F|  |TAMS 0x0000000089400000, 0x0000000089400000| Untracked 
| 149|0x0000000089500000, 0x0000000089500000, 0x0000000089600000|  0%| F|  |TAMS 0x0000000089500000, 0x0000000089500000| Untracked 
| 150|0x0000000089600000, 0x0000000089600000, 0x0000000089700000|  0%| F|  |TAMS 0x0000000089600000, 0x0000000089600000| Untracked 
| 151|0x0000000089700000, 0x0000000089700000, 0x0000000089800000|  0%| F|  |TAMS 0x0000000089700000, 0x0000000089700000| Untracked 
| 152|0x0000000089800000, 0x0000000089800000, 0x0000000089900000|  0%| F|  |TAMS 0x0000000089800000, 0x0000000089800000| Untracked 
| 153|0x0000000089900000, 0x0000000089900000, 0x0000000089a00000|  0%| F|  |TAMS 0x0000000089900000, 0x0000000089900000| Untracked 
| 154|0x0000000089a00000, 0x0000000089a00000, 0x0000000089b00000|  0%| F|  |TAMS 0x0000000089a00000, 0x0000000089a00000| Untracked 
| 155|0x0000000089b00000, 0x0000000089b00000, 0x0000000089c00000|  0%| F|  |TAMS 0x0000000089b00000, 0x0000000089b00000| Untracked 
| 156|0x0000000089c00000, 0x0000000089c00000, 0x0000000089d00000|  0%| F|  |TAMS 0x0000000089c00000, 0x0000000089c00000| Untracked 
| 157|0x0000000089d00000, 0x0000000089d00000, 0x0000000089e00000|  0%| F|  |TAMS 0x0000000089d00000, 0x0000000089d00000| Untracked 
| 158|0x0000000089e00000, 0x0000000089e00000, 0x0000000089f00000|  0%| F|  |TAMS 0x0000000089e00000, 0x0000000089e00000| Untracked 
| 159|0x0000000089f00000, 0x0000000089f00000, 0x000000008a000000|  0%| F|  |TAMS 0x0000000089f00000, 0x0000000089f00000| Untracked 
| 160|0x000000008a000000, 0x000000008a000000, 0x000000008a100000|  0%| F|  |TAMS 0x000000008a000000, 0x000000008a000000| Untracked 
| 161|0x000000008a100000, 0x000000008a100000, 0x000000008a200000|  0%| F|  |TAMS 0x000000008a100000, 0x000000008a100000| Untracked 
| 162|0x000000008a200000, 0x000000008a300000, 0x000000008a300000|100%| S|CS|TAMS 0x000000008a200000, 0x000000008a200000| Complete 
| 163|0x000000008a300000, 0x000000008a400000, 0x000000008a400000|100%| S|CS|TAMS 0x000000008a300000, 0x000000008a300000| Complete 
| 164|0x000000008a400000, 0x000000008a500000, 0x000000008a500000|100%| S|CS|TAMS 0x000000008a400000, 0x000000008a400000| Complete 
| 165|0x000000008a500000, 0x000000008a600000, 0x000000008a600000|100%| S|CS|TAMS 0x000000008a500000, 0x000000008a500000| Complete 
| 166|0x000000008a600000, 0x000000008a700000, 0x000000008a700000|100%| S|CS|TAMS 0x000000008a600000, 0x000000008a600000| Complete 
| 167|0x000000008a700000, 0x000000008a800000, 0x000000008a800000|100%| S|CS|TAMS 0x000000008a700000, 0x000000008a700000| Complete 
| 168|0x000000008a800000, 0x000000008a900000, 0x000000008a900000|100%| S|CS|TAMS 0x000000008a800000, 0x000000008a800000| Complete 
| 169|0x000000008a900000, 0x000000008aa00000, 0x000000008aa00000|100%| S|CS|TAMS 0x000000008a900000, 0x000000008a900000| Complete 
| 170|0x000000008aa00000, 0x000000008ab00000, 0x000000008ab00000|100%| S|CS|TAMS 0x000000008aa00000, 0x000000008aa00000| Complete 
| 171|0x000000008ab00000, 0x000000008ac00000, 0x000000008ac00000|100%| S|CS|TAMS 0x000000008ab00000, 0x000000008ab00000| Complete 
| 172|0x000000008ac00000, 0x000000008ad00000, 0x000000008ad00000|100%| S|CS|TAMS 0x000000008ac00000, 0x000000008ac00000| Complete 
| 173|0x000000008ad00000, 0x000000008ae00000, 0x000000008ae00000|100%| S|CS|TAMS 0x000000008ad00000, 0x000000008ad00000| Complete 
| 174|0x000000008ae00000, 0x000000008af00000, 0x000000008af00000|100%| S|CS|TAMS 0x000000008ae00000, 0x000000008ae00000| Complete 
| 175|0x000000008af00000, 0x000000008af00000, 0x000000008b000000|  0%| F|  |TAMS 0x000000008af00000, 0x000000008af00000| Untracked 
| 176|0x000000008b000000, 0x000000008b000000, 0x000000008b100000|  0%| F|  |TAMS 0x000000008b000000, 0x000000008b000000| Untracked 
| 177|0x000000008b100000, 0x000000008b100000, 0x000000008b200000|  0%| F|  |TAMS 0x000000008b100000, 0x000000008b100000| Untracked 
| 178|0x000000008b200000, 0x000000008b200000, 0x000000008b300000|  0%| F|  |TAMS 0x000000008b200000, 0x000000008b200000| Untracked 
| 179|0x000000008b300000, 0x000000008b300000, 0x000000008b400000|  0%| F|  |TAMS 0x000000008b300000, 0x000000008b300000| Untracked 
| 180|0x000000008b400000, 0x000000008b400000, 0x000000008b500000|  0%| F|  |TAMS 0x000000008b400000, 0x000000008b400000| Untracked 
| 181|0x000000008b500000, 0x000000008b500000, 0x000000008b600000|  0%| F|  |TAMS 0x000000008b500000, 0x000000008b500000| Untracked 
| 182|0x000000008b600000, 0x000000008b600000, 0x000000008b700000|  0%| F|  |TAMS 0x000000008b600000, 0x000000008b600000| Untracked 
| 183|0x000000008b700000, 0x000000008b700000, 0x000000008b800000|  0%| F|  |TAMS 0x000000008b700000, 0x000000008b700000| Untracked 
| 184|0x000000008b800000, 0x000000008b800000, 0x000000008b900000|  0%| F|  |TAMS 0x000000008b800000, 0x000000008b800000| Untracked 
| 185|0x000000008b900000, 0x000000008b900000, 0x000000008ba00000|  0%| F|  |TAMS 0x000000008b900000, 0x000000008b900000| Untracked 
| 186|0x000000008ba00000, 0x000000008ba00000, 0x000000008bb00000|  0%| F|  |TAMS 0x000000008ba00000, 0x000000008ba00000| Untracked 
| 187|0x000000008bb00000, 0x000000008bb00000, 0x000000008bc00000|  0%| F|  |TAMS 0x000000008bb00000, 0x000000008bb00000| Untracked 
| 188|0x000000008bc00000, 0x000000008bc00000, 0x000000008bd00000|  0%| F|  |TAMS 0x000000008bc00000, 0x000000008bc00000| Untracked 
| 189|0x000000008bd00000, 0x000000008bd00000, 0x000000008be00000|  0%| F|  |TAMS 0x000000008bd00000, 0x000000008bd00000| Untracked 
| 190|0x000000008be00000, 0x000000008be00000, 0x000000008bf00000|  0%| F|  |TAMS 0x000000008be00000, 0x000000008be00000| Untracked 
| 191|0x000000008bf00000, 0x000000008bf00000, 0x000000008c000000|  0%| F|  |TAMS 0x000000008bf00000, 0x000000008bf00000| Untracked 
| 192|0x000000008c000000, 0x000000008c000000, 0x000000008c100000|  0%| F|  |TAMS 0x000000008c000000, 0x000000008c000000| Untracked 
| 193|0x000000008c100000, 0x000000008c100000, 0x000000008c200000|  0%| F|  |TAMS 0x000000008c100000, 0x000000008c100000| Untracked 
| 194|0x000000008c200000, 0x000000008c200000, 0x000000008c300000|  0%| F|  |TAMS 0x000000008c200000, 0x000000008c200000| Untracked 
| 195|0x000000008c300000, 0x000000008c300000, 0x000000008c400000|  0%| F|  |TAMS 0x000000008c300000, 0x000000008c300000| Untracked 
| 196|0x000000008c400000, 0x000000008c47e958, 0x000000008c500000| 49%| E|  |TAMS 0x000000008c400000, 0x000000008c400000| Complete 
| 197|0x000000008c500000, 0x000000008c600000, 0x000000008c600000|100%| E|CS|TAMS 0x000000008c500000, 0x000000008c500000| Complete 
| 198|0x000000008c600000, 0x000000008c700000, 0x000000008c700000|100%| E|CS|TAMS 0x000000008c600000, 0x000000008c600000| Complete 
| 199|0x000000008c700000, 0x000000008c800000, 0x000000008c800000|100%| E|CS|TAMS 0x000000008c700000, 0x000000008c700000| Complete 
| 200|0x000000008c800000, 0x000000008c900000, 0x000000008c900000|100%| E|CS|TAMS 0x000000008c800000, 0x000000008c800000| Complete 
| 201|0x000000008c900000, 0x000000008ca00000, 0x000000008ca00000|100%| E|CS|TAMS 0x000000008c900000, 0x000000008c900000| Complete 
| 202|0x000000008ca00000, 0x000000008cb00000, 0x000000008cb00000|100%| E|CS|TAMS 0x000000008ca00000, 0x000000008ca00000| Complete 
| 203|0x000000008cb00000, 0x000000008cc00000, 0x000000008cc00000|100%| E|CS|TAMS 0x000000008cb00000, 0x000000008cb00000| Complete 
| 204|0x000000008cc00000, 0x000000008cd00000, 0x000000008cd00000|100%| E|CS|TAMS 0x000000008cc00000, 0x000000008cc00000| Complete 
| 205|0x000000008cd00000, 0x000000008ce00000, 0x000000008ce00000|100%| E|CS|TAMS 0x000000008cd00000, 0x000000008cd00000| Complete 
| 206|0x000000008ce00000, 0x000000008cf00000, 0x000000008cf00000|100%| E|CS|TAMS 0x000000008ce00000, 0x000000008ce00000| Complete 
| 207|0x000000008cf00000, 0x000000008d000000, 0x000000008d000000|100%| E|CS|TAMS 0x000000008cf00000, 0x000000008cf00000| Complete 
| 208|0x000000008d000000, 0x000000008d100000, 0x000000008d100000|100%| E|CS|TAMS 0x000000008d000000, 0x000000008d000000| Complete 
| 209|0x000000008d100000, 0x000000008d200000, 0x000000008d200000|100%| E|CS|TAMS 0x000000008d100000, 0x000000008d100000| Complete 
| 210|0x000000008d200000, 0x000000008d300000, 0x000000008d300000|100%| E|CS|TAMS 0x000000008d200000, 0x000000008d200000| Complete 
| 211|0x000000008d300000, 0x000000008d400000, 0x000000008d400000|100%| E|CS|TAMS 0x000000008d300000, 0x000000008d300000| Complete 
| 212|0x000000008d400000, 0x000000008d500000, 0x000000008d500000|100%| E|CS|TAMS 0x000000008d400000, 0x000000008d400000| Complete 
| 213|0x000000008d500000, 0x000000008d600000, 0x000000008d600000|100%| E|CS|TAMS 0x000000008d500000, 0x000000008d500000| Complete 
| 214|0x000000008d600000, 0x000000008d700000, 0x000000008d700000|100%| E|CS|TAMS 0x000000008d600000, 0x000000008d600000| Complete 
| 215|0x000000008d700000, 0x000000008d800000, 0x000000008d800000|100%| E|CS|TAMS 0x000000008d700000, 0x000000008d700000| Complete 
| 216|0x000000008d800000, 0x000000008d900000, 0x000000008d900000|100%| E|CS|TAMS 0x000000008d800000, 0x000000008d800000| Complete 
| 217|0x000000008d900000, 0x000000008da00000, 0x000000008da00000|100%| E|CS|TAMS 0x000000008d900000, 0x000000008d900000| Complete 
| 218|0x000000008da00000, 0x000000008db00000, 0x000000008db00000|100%| E|CS|TAMS 0x000000008da00000, 0x000000008da00000| Complete 
| 219|0x000000008db00000, 0x000000008dc00000, 0x000000008dc00000|100%| E|CS|TAMS 0x000000008db00000, 0x000000008db00000| Complete 
| 220|0x000000008dc00000, 0x000000008dd00000, 0x000000008dd00000|100%| E|CS|TAMS 0x000000008dc00000, 0x000000008dc00000| Complete 
| 221|0x000000008dd00000, 0x000000008de00000, 0x000000008de00000|100%| E|CS|TAMS 0x000000008dd00000, 0x000000008dd00000| Complete 
| 222|0x000000008de00000, 0x000000008df00000, 0x000000008df00000|100%| E|CS|TAMS 0x000000008de00000, 0x000000008de00000| Complete 
| 223|0x000000008df00000, 0x000000008e000000, 0x000000008e000000|100%| E|CS|TAMS 0x000000008df00000, 0x000000008df00000| Complete 
| 224|0x000000008e000000, 0x000000008e100000, 0x000000008e100000|100%| E|CS|TAMS 0x000000008e000000, 0x000000008e000000| Complete 
| 225|0x000000008e100000, 0x000000008e200000, 0x000000008e200000|100%| E|CS|TAMS 0x000000008e100000, 0x000000008e100000| Complete 
| 226|0x000000008e200000, 0x000000008e300000, 0x000000008e300000|100%| E|CS|TAMS 0x000000008e200000, 0x000000008e200000| Complete 
| 227|0x000000008e300000, 0x000000008e400000, 0x000000008e400000|100%| E|CS|TAMS 0x000000008e300000, 0x000000008e300000| Complete 
| 228|0x000000008e400000, 0x000000008e500000, 0x000000008e500000|100%| E|CS|TAMS 0x000000008e400000, 0x000000008e400000| Complete 
| 229|0x000000008e500000, 0x000000008e600000, 0x000000008e600000|100%| E|CS|TAMS 0x000000008e500000, 0x000000008e500000| Complete 
| 230|0x000000008e600000, 0x000000008e700000, 0x000000008e700000|100%| E|CS|TAMS 0x000000008e600000, 0x000000008e600000| Complete 
| 231|0x000000008e700000, 0x000000008e800000, 0x000000008e800000|100%| E|CS|TAMS 0x000000008e700000, 0x000000008e700000| Complete 
| 232|0x000000008e800000, 0x000000008e900000, 0x000000008e900000|100%| E|CS|TAMS 0x000000008e800000, 0x000000008e800000| Complete 
| 233|0x000000008e900000, 0x000000008ea00000, 0x000000008ea00000|100%| E|CS|TAMS 0x000000008e900000, 0x000000008e900000| Complete 
| 234|0x000000008ea00000, 0x000000008eb00000, 0x000000008eb00000|100%| E|CS|TAMS 0x000000008ea00000, 0x000000008ea00000| Complete 
| 235|0x000000008eb00000, 0x000000008ec00000, 0x000000008ec00000|100%| E|CS|TAMS 0x000000008eb00000, 0x000000008eb00000| Complete 
| 236|0x000000008ec00000, 0x000000008ed00000, 0x000000008ed00000|100%| E|CS|TAMS 0x000000008ec00000, 0x000000008ec00000| Complete 
| 237|0x000000008ed00000, 0x000000008ee00000, 0x000000008ee00000|100%| E|CS|TAMS 0x000000008ed00000, 0x000000008ed00000| Complete 
| 238|0x000000008ee00000, 0x000000008ef00000, 0x000000008ef00000|100%| E|CS|TAMS 0x000000008ee00000, 0x000000008ee00000| Complete 
| 239|0x000000008ef00000, 0x000000008f000000, 0x000000008f000000|100%| E|CS|TAMS 0x000000008ef00000, 0x000000008ef00000| Complete 
| 240|0x000000008f000000, 0x000000008f100000, 0x000000008f100000|100%| E|CS|TAMS 0x000000008f000000, 0x000000008f000000| Complete 
| 241|0x000000008f100000, 0x000000008f200000, 0x000000008f200000|100%| E|CS|TAMS 0x000000008f100000, 0x000000008f100000| Complete 
| 242|0x000000008f200000, 0x000000008f300000, 0x000000008f300000|100%| E|CS|TAMS 0x000000008f200000, 0x000000008f200000| Complete 
| 243|0x000000008f300000, 0x000000008f400000, 0x000000008f400000|100%| E|CS|TAMS 0x000000008f300000, 0x000000008f300000| Complete 
| 244|0x000000008f400000, 0x000000008f500000, 0x000000008f500000|100%| E|CS|TAMS 0x000000008f400000, 0x000000008f400000| Complete 
| 245|0x000000008f500000, 0x000000008f600000, 0x000000008f600000|100%| E|CS|TAMS 0x000000008f500000, 0x000000008f500000| Complete 
| 246|0x000000008f600000, 0x000000008f700000, 0x000000008f700000|100%| E|CS|TAMS 0x000000008f600000, 0x000000008f600000| Complete 
| 247|0x000000008f700000, 0x000000008f800000, 0x000000008f800000|100%| E|CS|TAMS 0x000000008f700000, 0x000000008f700000| Complete 
| 248|0x000000008f800000, 0x000000008f900000, 0x000000008f900000|100%| E|CS|TAMS 0x000000008f800000, 0x000000008f800000| Complete 
| 249|0x000000008f900000, 0x000000008fa00000, 0x000000008fa00000|100%| E|CS|TAMS 0x000000008f900000, 0x000000008f900000| Complete 
| 250|0x000000008fa00000, 0x000000008fb00000, 0x000000008fb00000|100%| E|CS|TAMS 0x000000008fa00000, 0x000000008fa00000| Complete 
| 251|0x000000008fb00000, 0x000000008fc00000, 0x000000008fc00000|100%| E|CS|TAMS 0x000000008fb00000, 0x000000008fb00000| Complete 
| 252|0x000000008fc00000, 0x000000008fd00000, 0x000000008fd00000|100%| E|CS|TAMS 0x000000008fc00000, 0x000000008fc00000| Complete 
| 253|0x000000008fd00000, 0x000000008fe00000, 0x000000008fe00000|100%| E|CS|TAMS 0x000000008fd00000, 0x000000008fd00000| Complete 
| 254|0x000000008fe00000, 0x000000008ff00000, 0x000000008ff00000|100%| E|CS|TAMS 0x000000008fe00000, 0x000000008fe00000| Complete 
| 255|0x000000008ff00000, 0x0000000090000000, 0x0000000090000000|100%| E|  |TAMS 0x000000008ff00000, 0x000000008ff00000| Complete 

Card table byte_map: [0x0000024beb590000,0x0000024beb990000] _byte_map_base: 0x0000024beb190000

Marking Bits (Prev, Next): (CMBitMap*) 0x0000024bd86dda78, (CMBitMap*) 0x0000024bd86ddab0
 Prev Bits: [0x0000024bebd90000, 0x0000024bedd90000)
 Next Bits: [0x0000024bedd90000, 0x0000024befd90000)

Polling page: 0x0000024bd6660000

Metaspace:

Usage:
  Non-class:     81.99 MB capacity,    80.49 MB ( 98%) used,     1.24 MB (  2%) free+waste,   276.69 KB ( <1%) overhead. 
      Class:     12.81 MB capacity,    11.95 MB ( 93%) used,   752.82 KB (  6%) free+waste,   127.25 KB ( <1%) overhead. 
       Both:     94.80 MB capacity,    92.43 MB ( 98%) used,     1.97 MB (  2%) free+waste,   403.94 KB ( <1%) overhead. 

Virtual space:
  Non-class space:       82.00 MB reserved,      82.00 MB (100%) committed 
      Class space:        1.00 GB reserved,      12.88 MB (  1%) committed 
             Both:        1.08 GB reserved,      94.88 MB (  9%) committed 

Chunk freelists:
   Non-Class:  8.00 KB
       Class:  0 bytes
        Both:  8.00 KB

MaxMetaspaceSize: 17179869184.00 GB
CompressedClassSpaceSize: 1.00 GB

CodeHeap 'non-profiled nmethods': size=120064Kb used=7934Kb max_used=7934Kb free=112129Kb
 bounds [0x0000024be3c50000, 0x0000024be4410000, 0x0000024beb190000]
CodeHeap 'profiled nmethods': size=120000Kb used=27092Kb max_used=27092Kb free=92907Kb
 bounds [0x0000024bdc720000, 0x0000024bde1a0000, 0x0000024be3c50000]
CodeHeap 'non-nmethods': size=5696Kb used=2297Kb max_used=2345Kb free=3398Kb
 bounds [0x0000024bdc190000, 0x0000024bdc400000, 0x0000024bdc720000]
 total_blobs=12711 nmethods=11809 adapters=813
 compilation: enabled
              stopped_count=0, restarted_count=0
 full_count=0

Compilation events (20 events):
Event: 28.537 Thread 0x0000024bf22b8000 11879       3       com.android.tools.r8.graph.z::f0 (34 bytes)
Event: 28.537 Thread 0x0000024bf22b8000 nmethod 11879 0x0000024bde189a10 code [0x0000024bde189bc0, 0x0000024bde189d08]
Event: 28.537 Thread 0x0000024bf22b8000 11881       3       com.android.tools.r8.internal.D9::a (57 bytes)
Event: 28.537 Thread 0x0000024bf22b8000 nmethod 11881 0x0000024bde189e10 code [0x0000024bde189fc0, 0x0000024bde18a298]
Event: 28.537 Thread 0x0000024bf22b8000 11880       3       com.android.tools.r8.internal.k4$c::h (40 bytes)
Event: 28.538 Thread 0x0000024bf22b8000 nmethod 11880 0x0000024bde18a310 code [0x0000024bde18a500, 0x0000024bde18a968]
Event: 28.541 Thread 0x0000024bf9af7800 nmethod 11876 0x0000024be440e690 code [0x0000024be440e8a0, 0x0000024be440f1f0]
Event: 28.543 Thread 0x0000024bf22b8000 11882       3       com.android.tools.r8.internal.x4::g (2 bytes)
Event: 28.543 Thread 0x0000024bf22b8000 nmethod 11882 0x0000024bde18ab90 code [0x0000024bde18ad40, 0x0000024bde18ae38]
Event: 28.548 Thread 0x0000024bf9af7800 11883 %     4       com.android.tools.r8.internal.T6::a @ 2560 (6044 bytes)
Event: 28.559 Thread 0x0000024bf22b8000 11884       3       com.android.tools.r8.internal.ku$f::<init> (41 bytes)
Event: 28.559 Thread 0x0000024bf22b8000 nmethod 11884 0x0000024bde18af10 code [0x0000024bde18b0c0, 0x0000024bde18b2b8]
Event: 28.559 Thread 0x0000024bf22b8000 11885       3       java.util.IdentityHashMap::resize (153 bytes)
Event: 28.560 Thread 0x0000024bf22b8000 nmethod 11885 0x0000024bde18b390 code [0x0000024bde18b600, 0x0000024bde18c378]
Event: 28.560 Thread 0x0000024bf22b8000 11886       3       com.android.tools.r8.graph.G0::a (106 bytes)
Event: 28.562 Thread 0x0000024bf22b8000 nmethod 11886 0x0000024bde18c790 code [0x0000024bde18cc20, 0x0000024bde18f398]
Event: 28.571 Thread 0x0000024bf22b8000 11887       3       com.android.tools.r8.internal.f9::hashCode (43 bytes)
Event: 28.571 Thread 0x0000024bf22b8000 nmethod 11887 0x0000024bde190290 code [0x0000024bde190460, 0x0000024bde190688]
Event: 28.572 Thread 0x0000024bf22b8000 11888       3       com.android.tools.r8.graph.i$a::a (51 bytes)
Event: 28.573 Thread 0x0000024bf22b8000 nmethod 11888 0x0000024bde190810 code [0x0000024bde1909c0, 0x0000024bde190b38]

GC Heap History (20 events):
Event: 12.026 GC heap before
{Heap before GC invocations=7 (full 0):
 garbage-first heap   total 262144K, used 23681K [0x0000000080000000, 0x0000000100000000)
  region size 1024K, 13 young (13312K), 11 survivors (11264K)
 Metaspace       used 35014K, capacity 35835K, committed 35840K, reserved 1081344K
  class space    used 4538K, capacity 4864K, committed 4864K, reserved 1048576K
}
Event: 12.033 GC heap after
{Heap after GC invocations=8 (full 0):
 garbage-first heap   total 262144K, used 23075K [0x0000000080000000, 0x0000000100000000)
  region size 1024K, 7 young (7168K), 7 survivors (7168K)
 Metaspace       used 35014K, capacity 35835K, committed 35840K, reserved 1081344K
  class space    used 4538K, capacity 4864K, committed 4864K, reserved 1048576K
}
Event: 14.156 GC heap before
{Heap before GC invocations=9 (full 0):
 garbage-first heap   total 262144K, used 158243K [0x0000000080000000, 0x0000000100000000)
  region size 1024K, 136 young (139264K), 7 survivors (7168K)
 Metaspace       used 45220K, capacity 46416K, committed 46720K, reserved 1089536K
  class space    used 5790K, capacity 6186K, committed 6272K, reserved 1048576K
}
Event: 14.168 GC heap after
{Heap after GC invocations=10 (full 0):
 garbage-first heap   total 262144K, used 29256K [0x0000000080000000, 0x0000000100000000)
  region size 1024K, 13 young (13312K), 13 survivors (13312K)
 Metaspace       used 45220K, capacity 46416K, committed 46720K, reserved 1089536K
  class space    used 5790K, capacity 6186K, committed 6272K, reserved 1048576K
}
Event: 16.555 GC heap before
{Heap before GC invocations=10 (full 0):
 garbage-first heap   total 262144K, used 170568K [0x0000000080000000, 0x0000000100000000)
  region size 1024K, 144 young (147456K), 13 survivors (13312K)
 Metaspace       used 58470K, capacity 60023K, committed 60160K, reserved 1101824K
  class space    used 7402K, capacity 7945K, committed 8064K, reserved 1048576K
}
Event: 16.580 GC heap after
{Heap after GC invocations=11 (full 0):
 garbage-first heap   total 262144K, used 50365K [0x0000000080000000, 0x0000000100000000)
  region size 1024K, 20 young (20480K), 20 survivors (20480K)
 Metaspace       used 58470K, capacity 60023K, committed 60160K, reserved 1101824K
  class space    used 7402K, capacity 7945K, committed 8064K, reserved 1048576K
}
Event: 18.558 GC heap before
{Heap before GC invocations=12 (full 0):
 garbage-first heap   total 262144K, used 182461K [0x0000000080000000, 0x0000000100000000)
  region size 1024K, 149 young (152576K), 20 survivors (20480K)
 Metaspace       used 68128K, capacity 69806K, committed 70016K, reserved 1110016K
  class space    used 8660K, capacity 9266K, committed 9344K, reserved 1048576K
}
Event: 18.587 GC heap after
{Heap after GC invocations=13 (full 0):
 garbage-first heap   total 262144K, used 59462K [0x0000000080000000, 0x0000000100000000)
  region size 1024K, 11 young (11264K), 11 survivors (11264K)
 Metaspace       used 68128K, capacity 69806K, committed 70016K, reserved 1110016K
  class space    used 8660K, capacity 9266K, committed 9344K, reserved 1048576K
}
Event: 20.696 GC heap before
{Heap before GC invocations=14 (full 0):
 garbage-first heap   total 262144K, used 188486K [0x0000000080000000, 0x0000000100000000)
  region size 1024K, 137 young (140288K), 11 survivors (11264K)
 Metaspace       used 79191K, capacity 81081K, committed 81408K, reserved 1120256K
  class space    used 10273K, capacity 10928K, committed 11008K, reserved 1048576K
}
Event: 20.718 GC heap after
{Heap after GC invocations=15 (full 0):
 garbage-first heap   total 262144K, used 69632K [0x0000000080000000, 0x0000000100000000)
  region size 1024K, 10 young (10240K), 10 survivors (10240K)
 Metaspace       used 79191K, capacity 81081K, committed 81408K, reserved 1120256K
  class space    used 10273K, capacity 10928K, committed 11008K, reserved 1048576K
}
Event: 23.359 GC heap before
{Heap before GC invocations=15 (full 0):
 garbage-first heap   total 262144K, used 194560K [0x0000000080000000, 0x0000000100000000)
  region size 1024K, 133 young (136192K), 10 survivors (10240K)
 Metaspace       used 83070K, capacity 85199K, committed 85376K, reserved 1122304K
  class space    used 10759K, capacity 11532K, committed 11648K, reserved 1048576K
}
Event: 23.376 GC heap after
{Heap after GC invocations=16 (full 0):
 garbage-first heap   total 262144K, used 77824K [0x0000000080000000, 0x0000000100000000)
  region size 1024K, 17 young (17408K), 17 survivors (17408K)
 Metaspace       used 83070K, capacity 85199K, committed 85376K, reserved 1122304K
  class space    used 10759K, capacity 11532K, committed 11648K, reserved 1048576K
}
Event: 25.918 GC heap before
{Heap before GC invocations=16 (full 0):
 garbage-first heap   total 262144K, used 199680K [0x0000000080000000, 0x0000000100000000)
  region size 1024K, 137 young (140288K), 17 survivors (17408K)
 Metaspace       used 87990K, capacity 90195K, committed 90240K, reserved 1128448K
  class space    used 11325K, capacity 12115K, committed 12160K, reserved 1048576K
}
Event: 25.939 GC heap after
{Heap after GC invocations=17 (full 0):
 garbage-first heap   total 262144K, used 84614K [0x0000000080000000, 0x0000000100000000)
  region size 1024K, 16 young (16384K), 16 survivors (16384K)
 Metaspace       used 87990K, capacity 90195K, committed 90240K, reserved 1128448K
  class space    used 11325K, capacity 12115K, committed 12160K, reserved 1048576K
}
Event: 27.005 GC heap before
{Heap before GC invocations=17 (full 0):
 garbage-first heap   total 262144K, used 207494K [0x0000000080000000, 0x0000000100000000)
  region size 1024K, 133 young (136192K), 16 survivors (16384K)
 Metaspace       used 89106K, capacity 91316K, committed 91392K, reserved 1128448K
  class space    used 11486K, capacity 12273K, committed 12288K, reserved 1048576K
}
Event: 27.024 GC heap after
{Heap after GC invocations=18 (full 0):
 garbage-first heap   total 262144K, used 97947K [0x0000000080000000, 0x0000000100000000)
  region size 1024K, 17 young (17408K), 17 survivors (17408K)
 Metaspace       used 89106K, capacity 91316K, committed 91392K, reserved 1128448K
  class space    used 11486K, capacity 12273K, committed 12288K, reserved 1048576K
}
Event: 27.649 GC heap before
{Heap before GC invocations=18 (full 0):
 garbage-first heap   total 262144K, used 207515K [0x0000000080000000, 0x0000000100000000)
  region size 1024K, 123 young (125952K), 17 survivors (17408K)
 Metaspace       used 92367K, capacity 94656K, committed 94976K, reserved 1132544K
  class space    used 11923K, capacity 12733K, committed 12800K, reserved 1048576K
}
Event: 27.673 GC heap after
{Heap after GC invocations=19 (full 0):
 garbage-first heap   total 262144K, used 121257K [0x0000000080000000, 0x0000000100000000)
  region size 1024K, 16 young (16384K), 16 survivors (16384K)
 Metaspace       used 92367K, capacity 94656K, committed 94976K, reserved 1132544K
  class space    used 11923K, capacity 12733K, committed 12800K, reserved 1048576K
}
Event: 27.928 GC heap before
{Heap before GC invocations=19 (full 0):
 garbage-first heap   total 262144K, used 203177K [0x0000000080000000, 0x0000000100000000)
  region size 1024K, 97 young (99328K), 16 survivors (16384K)
 Metaspace       used 93885K, capacity 96251K, committed 96512K, reserved 1132544K
  class space    used 12136K, capacity 12986K, committed 13056K, reserved 1048576K
}
Event: 27.954 GC heap after
{Heap after GC invocations=20 (full 0):
 garbage-first heap   total 262144K, used 133120K [0x0000000080000000, 0x0000000100000000)
  region size 1024K, 13 young (13312K), 13 survivors (13312K)
 Metaspace       used 93885K, capacity 96251K, committed 96512K, reserved 1132544K
  class space    used 12136K, capacity 12986K, committed 13056K, reserved 1048576K
}

Deoptimization events (20 events):
Event: 28.253 Thread 0x0000024bf5661800 DEOPT PACKING pc=0x0000024be41256c0 sp=0x000000fcbabfaf10
Event: 28.253 Thread 0x0000024bf5661800 DEOPT UNPACKING pc=0x0000024bdc1b78af sp=0x000000fcbabfaf10 mode 2
Event: 28.260 Thread 0x0000024bf5661800 DEOPT PACKING pc=0x0000024bde030fbe sp=0x000000fcbabf9ad0
Event: 28.260 Thread 0x0000024bf5661800 DEOPT UNPACKING pc=0x0000024bdc1b76ce sp=0x000000fcbabf9048 mode 0
Event: 28.263 Thread 0x0000024bf3d1d800 DEOPT PACKING pc=0x0000024bde030fbe sp=0x000000fcbaaf98d0
Event: 28.263 Thread 0x0000024bf3d1d800 DEOPT UNPACKING pc=0x0000024bdc1b76ce sp=0x000000fcbaaf8e48 mode 0
Event: 28.266 Thread 0x0000024bf5660000 DEOPT PACKING pc=0x0000024bde030fbe sp=0x000000fcbacf9520
Event: 28.266 Thread 0x0000024bf5660000 DEOPT UNPACKING pc=0x0000024bdc1b76ce sp=0x000000fcbacf8a98 mode 0
Event: 28.270 Thread 0x0000024bf5660000 DEOPT PACKING pc=0x0000024bde030fbe sp=0x000000fcbacf9940
Event: 28.270 Thread 0x0000024bf5660000 DEOPT UNPACKING pc=0x0000024bdc1b76ce sp=0x000000fcbacf8eb8 mode 0
Event: 28.282 Thread 0x0000024bf3d1d000 Uncommon trap: trap_request=0xffffff4d fr.pc=0x0000024be43d3078 relative=0x0000000000000058
Event: 28.282 Thread 0x0000024bf3d1d000 Uncommon trap: reason=unstable_if action=reinterpret pc=0x0000024be43d3078 method=java.util.IdentityHashMap.isEmpty()Z @ 4 c2
Event: 28.282 Thread 0x0000024bf3d1d000 DEOPT PACKING pc=0x0000024be43d3078 sp=0x000000fcba9faaa0
Event: 28.282 Thread 0x0000024bf3d1d000 DEOPT UNPACKING pc=0x0000024bdc1b78af sp=0x000000fcba9faa30 mode 2
Event: 28.329 Thread 0x0000024bf3d1d800 DEOPT PACKING pc=0x0000024bde047777 sp=0x000000fcbaaf9a40
Event: 28.329 Thread 0x0000024bf3d1d800 DEOPT UNPACKING pc=0x0000024bdc1b76ce sp=0x000000fcbaaf8f48 mode 0
Event: 28.397 Thread 0x0000024bf5660000 DEOPT PACKING pc=0x0000024bde061d81 sp=0x000000fcbacf9ac0
Event: 28.397 Thread 0x0000024bf5660000 DEOPT UNPACKING pc=0x0000024bdc1b76ce sp=0x000000fcbacf9250 mode 0
Event: 28.484 Thread 0x0000024bf3d1d800 DEOPT PACKING pc=0x0000024bde0630f5 sp=0x000000fcbaaf9e70
Event: 28.484 Thread 0x0000024bf3d1d800 DEOPT UNPACKING pc=0x0000024bdc1b76ce sp=0x000000fcbaaf95f8 mode 0

Classes redefined (0 events):
No events

Internal exceptions (20 events):
Event: 27.395 Thread 0x0000024bf5661800 Exception <a 'java/lang/NoSuchMethodError'{0x000000008bcf8110}: 'java.lang.Object java.lang.invoke.DirectMethodHandle$Holder.invokeStatic(java.lang.Object, long)'> (0x000000008bcf8110) thrown at [./src/hotspot/share/interpreter/linkResolver.cpp, line 773]
Event: 27.395 Thread 0x0000024bf3d1d800 Exception <a 'java/lang/NoSuchMethodError'{0x000000008bcb9178}: 'java.lang.Object java.lang.invoke.DirectMethodHandle$Holder.invokeStatic(java.lang.Object, long)'> (0x000000008bcb9178) thrown at [./src/hotspot/share/interpreter/linkResolver.cpp, line 773]
Event: 27.395 Thread 0x0000024bf3d1d000 Exception <a 'java/lang/NoSuchMethodError'{0x000000008bc105c0}: 'java.lang.Object java.lang.invoke.DirectMethodHandle$Holder.invokeStatic(java.lang.Object, long)'> (0x000000008bc105c0) thrown at [./src/hotspot/share/interpreter/linkResolver.cpp, line 773]
Event: 27.395 Thread 0x0000024bf5660000 Exception <a 'java/lang/NoSuchMethodError'{0x000000008bdf5410}: 'java.lang.Object java.lang.invoke.DirectMethodHandle$Holder.invokeStatic(java.lang.Object, long)'> (0x000000008bdf5410) thrown at [./src/hotspot/share/interpreter/linkResolver.cpp, line 773]
Event: 27.396 Thread 0x0000024bf5661800 Exception <a 'java/lang/NoSuchMethodError'{0x000000008bcfc1c8}: 'java.lang.Object java.lang.invoke.DirectMethodHandle$Holder.invokeSpecial(java.lang.Object, java.lang.Object, long)'> (0x000000008bcfc1c8) thrown at [./src/hotspot/share/interpreter/linkResolver.cpp, line 773]
Event: 27.396 Thread 0x0000024bf5661800 Exception <a 'java/lang/NoSuchMethodError'{0x000000008bcff980}: 'java.lang.Object java.lang.invoke.Invokers$Holder.linkToTargetMethod(long, java.lang.Object)'> (0x000000008bcff980) thrown at [./src/hotspot/share/interpreter/linkResolver.cpp, line 773]
Event: 27.396 Thread 0x0000024bf3d1d800 Exception <a 'java/lang/NoSuchMethodError'{0x000000008bcbf3a0}: 'java.lang.Object java.lang.invoke.Invokers$Holder.linkToTargetMethod(long, java.lang.Object)'> (0x000000008bcbf3a0) thrown at [./src/hotspot/share/interpreter/linkResolver.cpp, line 773]
Event: 27.499 Thread 0x0000024bf3d1d000 Exception <a 'java/lang/NoSuchMethodError'{0x000000008b591e28}: 'int java.lang.invoke.DirectMethodHandle$Holder.invokeVirtual(java.lang.Object, java.lang.Object, java.lang.Object, java.lang.Object)'> (0x000000008b591e28) thrown at [./src/hotspot/share/interpreter/linkResolver.cpp, line 773]
Event: 27.627 Thread 0x0000024bf3d1d000 Exception <a 'java/lang/NoSuchMethodError'{0x000000008a181df0}: 'long java.lang.invoke.DirectMethodHandle$Holder.invokeStatic(java.lang.Object, java.lang.Object)'> (0x000000008a181df0) thrown at [./src/hotspot/share/interpreter/linkResolver.cpp, line 773]
Event: 27.703 Thread 0x0000024bf3d1d000 Exception <a 'java/lang/IncompatibleClassChangeError'{0x000000008f8ea4c0}: Found class java.lang.Object, but interface was expected> (0x000000008f8ea4c0) thrown at [./src/hotspot/share/interpreter/linkResolver.cpp, line 839]
Event: 27.705 Thread 0x0000024bf3d1d000 Exception <a 'java/lang/NoSuchMethodError'{0x000000008f2021b8}: 'java.lang.Object java.lang.invoke.DirectMethodHandle$Holder.newInvokeSpecial(java.lang.Object, int)'> (0x000000008f2021b8) thrown at [./src/hotspot/share/interpreter/linkResolver.cpp, line 773]
Event: 27.707 Thread 0x0000024bf3d1d000 Exception <a 'java/lang/IncompatibleClassChangeError'{0x000000008f20e408}: Found class java.lang.Object, but interface was expected> (0x000000008f20e408) thrown at [./src/hotspot/share/interpreter/linkResolver.cpp, line 839]
Event: 27.708 Thread 0x0000024bf3d1d000 Exception <a 'java/lang/IncompatibleClassChangeError'{0x000000008f218610}: Found class java.lang.Object, but interface was expected> (0x000000008f218610) thrown at [./src/hotspot/share/interpreter/linkResolver.cpp, line 839]
Event: 27.746 Thread 0x0000024bf3d1d000 Exception <a 'java/lang/NoSuchMethodError'{0x000000008e1fb8b0}: 'void java.lang.invoke.DirectMethodHandle$Holder.invokeStatic(java.lang.Object, java.lang.Object, java.lang.Object, int)'> (0x000000008e1fb8b0) thrown at [./src/hotspot/share/interpreter/linkResolver.cpp, line 773]
Event: 27.750 Thread 0x0000024bf3d1d000 Exception <a 'java/lang/IncompatibleClassChangeError'{0x000000008e0cf2d8}: Found class java.lang.Object, but interface was expected> (0x000000008e0cf2d8) thrown at [./src/hotspot/share/interpreter/linkResolver.cpp, line 839]
Event: 27.909 Thread 0x0000024bf5660000 Implicit null exception at 0x0000024be43ae537 to 0x0000024be43ae85c
Event: 27.912 Thread 0x0000024bf5660000 Implicit null exception at 0x0000024be43ae537 to 0x0000024be43ae85c
Event: 28.118 Thread 0x0000024bf3d1d800 Exception <a 'java/lang/NoSuchMethodError'{0x000000008f2121d8}: 'int java.lang.invoke.DirectMethodHandle$Holder.invokeVirtual(java.lang.Object, java.lang.Object, java.lang.Object)'> (0x000000008f2121d8) thrown at [./src/hotspot/share/interpreter/linkResolver.cpp, line 773]
Event: 28.277 Thread 0x0000024bf3d1d000 Exception <a 'java/lang/NoSuchMethodError'{0x000000008e8fb6d8}: 'java.lang.Object java.lang.invoke.DirectMethodHandle$Holder.invokeStatic(java.lang.Object, int, java.lang.Object, java.lang.Object)'> (0x000000008e8fb6d8) thrown at [./src/hotspot/share/interpreter/linkResolver.cpp, line 773]
Event: 28.387 Thread 0x0000024bf5661800 Exception <a 'java/lang/NoSuchMethodError'{0x000000008d09e3f0}: 'java.lang.Object java.lang.invoke.Invokers$Holder.linkToTargetMethod(java.lang.Object, java.lang.Object, java.lang.Object, java.lang.Object, java.lang.Object, java.lang.Object, java.lang.Object, java.lang.Object)'> (0x000000008d09e3f0) thrown at [./src/hotspot/share/interpreter/linkResolver.cpp, line 773]

Events (20 events):
Event: 28.387 loading class com/android/tools/r8/graph/d0
Event: 28.387 loading class com/android/tools/r8/graph/d0 done
Event: 28.387 loading class com/android/tools/r8/internal/Bi
Event: 28.387 loading class com/android/tools/r8/internal/Bi done
Event: 28.387 loading class com/android/tools/r8/internal/Of
Event: 28.387 loading class com/android/tools/r8/internal/Of done
Event: 28.388 loading class com/android/tools/r8/internal/R8
Event: 28.388 loading class com/android/tools/r8/internal/R8 done
Event: 28.389 loading class com/android/tools/r8/internal/xo
Event: 28.389 loading class com/android/tools/r8/internal/xo done
Event: 28.389 loading class com/android/tools/r8/graph/P
Event: 28.389 loading class com/android/tools/r8/graph/P done
Event: 28.389 loading class com/android/tools/r8/graph/P
Event: 28.389 loading class com/android/tools/r8/graph/P done
Event: 28.389 loading class com/android/tools/r8/internal/fr
Event: 28.389 loading class com/android/tools/r8/internal/fr done
Event: 28.390 loading class com/android/tools/r8/graph/P
Event: 28.390 loading class com/android/tools/r8/graph/P done
Event: 28.390 loading class com/android/tools/r8/internal/fr
Event: 28.390 loading class com/android/tools/r8/internal/fr done


Dynamic libraries:
0x00007ff6ba730000 - 0x00007ff6ba73a000 	C:\Program Files\Android\Android Studio\jre\bin\java.exe
0x00007ffa59550000 - 0x00007ffa59745000 	C:\WINDOWS\SYSTEM32\ntdll.dll
0x00007ffa58ee0000 - 0x00007ffa58f9d000 	C:\WINDOWS\System32\KERNEL32.DLL
0x00007ffa56c80000 - 0x00007ffa56f49000 	C:\WINDOWS\System32\KERNELBASE.dll
0x00007ffa574b0000 - 0x00007ffa575b0000 	C:\WINDOWS\System32\ucrtbase.dll
0x00007ffa38c90000 - 0x00007ffa38ca7000 	C:\Program Files\Android\Android Studio\jre\bin\VCRUNTIME140.dll
0x00007ff9f9450000 - 0x00007ff9f9469000 	C:\Program Files\Android\Android Studio\jre\bin\jli.dll
0x00007ffa587d0000 - 0x00007ffa58970000 	C:\WINDOWS\System32\USER32.dll
0x00007ffa57060000 - 0x00007ffa57082000 	C:\WINDOWS\System32\win32u.dll
0x00007ffa57ac0000 - 0x00007ffa57aea000 	C:\WINDOWS\System32\GDI32.dll
0x00007ffa572b0000 - 0x00007ffa573bb000 	C:\WINDOWS\System32\gdi32full.dll
0x00007ffa57410000 - 0x00007ffa574ad000 	C:\WINDOWS\System32\msvcp_win.dll
0x00007ffa47010000 - 0x00007ffa472aa000 	C:\WINDOWS\WinSxS\amd64_microsoft.windows.common-controls_6595b64144ccf1df_6.0.19041.1110_none_60b5254171f9507e\COMCTL32.dll
0x00007ffa58d00000 - 0x00007ffa58d9e000 	C:\WINDOWS\System32\msvcrt.dll
0x00007ffa58970000 - 0x00007ffa589a0000 	C:\WINDOWS\System32\IMM32.DLL
0x00007ff9e4410000 - 0x00007ff9e44ad000 	C:\Program Files\Android\Android Studio\jre\bin\msvcp140.dll
0x00007ff9f8960000 - 0x00007ff9f942f000 	C:\Program Files\Android\Android Studio\jre\bin\server\jvm.dll
0x00007ffa575d0000 - 0x00007ffa5767c000 	C:\WINDOWS\System32\ADVAPI32.dll
0x00007ffa57af0000 - 0x00007ffa57b8b000 	C:\WINDOWS\System32\sechost.dll
0x00007ffa58500000 - 0x00007ffa5862a000 	C:\WINDOWS\System32\RPCRT4.dll
0x00007ffa59420000 - 0x00007ffa59428000 	C:\WINDOWS\System32\PSAPI.DLL
0x00007ffa4e030000 - 0x00007ffa4e057000 	C:\WINDOWS\SYSTEM32\WINMM.dll
0x00007ffa42db0000 - 0x00007ffa42db9000 	C:\WINDOWS\SYSTEM32\WSOCK32.dll
0x00007ffa58690000 - 0x00007ffa586fb000 	C:\WINDOWS\System32\WS2_32.dll
0x00007ffa4fac0000 - 0x00007ffa4faca000 	C:\WINDOWS\SYSTEM32\VERSION.dll
0x00007ffa54bb0000 - 0x00007ffa54bc2000 	C:\WINDOWS\SYSTEM32\kernel.appcore.dll
0x00007ffa32ac0000 - 0x00007ffa32ad1000 	C:\Program Files\Android\Android Studio\jre\bin\verify.dll
0x00007ffa50620000 - 0x00007ffa50804000 	C:\WINDOWS\SYSTEM32\DBGHELP.DLL
0x00007ffa47950000 - 0x00007ffa4797c000 	C:\WINDOWS\SYSTEM32\dbgcore.DLL
0x00007ffa57220000 - 0x00007ffa572a3000 	C:\WINDOWS\System32\bcryptPrimitives.dll
0x00007ffa32a90000 - 0x00007ffa32ab9000 	C:\Program Files\Android\Android Studio\jre\bin\java.dll
0x00007ffa38de0000 - 0x00007ffa38deb000 	C:\Program Files\Android\Android Studio\jre\bin\jimage.dll
0x00007ffa32a70000 - 0x00007ffa32a88000 	C:\Program Files\Android\Android Studio\jre\bin\zip.dll
0x00007ffa57db0000 - 0x00007ffa584ef000 	C:\WINDOWS\System32\SHELL32.dll
0x00007ffa54db0000 - 0x00007ffa55540000 	C:\WINDOWS\SYSTEM32\windows.storage.dll
0x00007ffa57680000 - 0x00007ffa579d5000 	C:\WINDOWS\System32\combase.dll
0x00007ffa566e0000 - 0x00007ffa5670c000 	C:\WINDOWS\SYSTEM32\Wldp.dll
0x00007ffa57b90000 - 0x00007ffa57c3e000 	C:\WINDOWS\System32\SHCORE.dll
0x00007ffa57c40000 - 0x00007ffa57c95000 	C:\WINDOWS\System32\shlwapi.dll
0x00007ffa56bc0000 - 0x00007ffa56bdf000 	C:\WINDOWS\SYSTEM32\profapi.dll
0x00007ffa32a50000 - 0x00007ffa32a6a000 	C:\Program Files\Android\Android Studio\jre\bin\net.dll
0x00007ffa4bb10000 - 0x00007ffa4bc18000 	C:\WINDOWS\SYSTEM32\WINHTTP.dll
0x00007ffa56440000 - 0x00007ffa564aa000 	C:\WINDOWS\system32\mswsock.dll
0x00007ffa31830000 - 0x00007ffa31844000 	C:\Program Files\Android\Android Studio\jre\bin\nio.dll
0x00007ff9f61a0000 - 0x00007ff9f61c7000 	C:\Users\danie\.gradle\native\8bec1ad78214c89d9ad589b4d07fe93259594b29d510b10fafb7a158f7737e5d\windows-amd64\native-platform.dll
0x00007ff9ed660000 - 0x00007ff9ed79d000 	C:\Users\danie\.gradle\native\53dbd7edfb1c66fb8903c78663c9afc45aea4f116125fa6feffd364cf09443e8\windows-amd64\native-platform-file-events.dll
0x00007ffa38660000 - 0x00007ffa3866a000 	C:\Program Files\Android\Android Studio\jre\bin\management.dll
0x00007ffa34530000 - 0x00007ffa3453c000 	C:\Program Files\Android\Android Studio\jre\bin\management_ext.dll
0x00007ffa56630000 - 0x00007ffa56648000 	C:\WINDOWS\SYSTEM32\CRYPTSP.dll
0x00007ffa55d50000 - 0x00007ffa55d84000 	C:\WINDOWS\system32\rsaenh.dll
0x00007ffa57090000 - 0x00007ffa570b7000 	C:\WINDOWS\System32\bcrypt.dll
0x00007ffa56b80000 - 0x00007ffa56bae000 	C:\WINDOWS\SYSTEM32\USERENV.dll
0x00007ffa56650000 - 0x00007ffa5665c000 	C:\WINDOWS\SYSTEM32\CRYPTBASE.dll
0x00007ffa560e0000 - 0x00007ffa5611b000 	C:\WINDOWS\SYSTEM32\IPHLPAPI.DLL
0x00007ffa584f0000 - 0x00007ffa584f8000 	C:\WINDOWS\System32\NSI.dll
0x00007ffa505f0000 - 0x00007ffa50607000 	C:\WINDOWS\SYSTEM32\dhcpcsvc6.DLL
0x00007ffa505d0000 - 0x00007ffa505ed000 	C:\WINDOWS\SYSTEM32\dhcpcsvc.DLL
0x00007ffa56120000 - 0x00007ffa561ec000 	C:\WINDOWS\SYSTEM32\DNSAPI.dll
0x00007ffa30e10000 - 0x00007ffa30e65000 	C:\WINDOWS\SYSTEM32\symsrv.dll

dbghelp: loaded successfully - version: 4.0.5 - missing functions: none
symbol engine: initialized successfully - sym options: 0x614 - pdb path: .;C:\Program Files\Android\Android Studio\jre\bin;C:\WINDOWS\SYSTEM32;C:\WINDOWS\WinSxS\amd64_microsoft.windows.common-controls_6595b64144ccf1df_6.0.19041.1110_none_60b5254171f9507e;C:\Program Files\Android\Android Studio\jre\bin\server;C:\Users\danie\.gradle\native\8bec1ad78214c89d9ad589b4d07fe93259594b29d510b10fafb7a158f7737e5d\windows-amd64;C:\Users\danie\.gradle\native\53dbd7edfb1c66fb8903c78663c9afc45aea4f116125fa6feffd364cf09443e8\windows-amd64

VM Arguments:
jvm_args: --add-opens=java.base/java.util=ALL-UNNAMED --add-opens=java.base/java.lang=ALL-UNNAMED --add-opens=java.base/java.lang.invoke=ALL-UNNAMED --add-opens=java.base/java.util=ALL-UNNAMED --add-opens=java.prefs/java.util.prefs=ALL-UNNAMED --add-opens=java.prefs/java.util.prefs=ALL-UNNAMED --add-opens=java.base/java.nio.charset=ALL-UNNAMED --add-opens=java.base/java.net=ALL-UNNAMED --add-opens=java.base/java.util.concurrent.atomic=ALL-UNNAMED -Xmx2048m -Dfile.encoding=UTF-8 -Duser.country=NZ -Duser.language=en -Duser.variant 
java_command: org.gradle.launcher.daemon.bootstrap.GradleDaemon 7.0.2
java_class_path (initial): C:\Users\danie\.gradle\wrapper\dists\gradle-7.0.2-bin\857tjihv64xamwrf0h14cai3r\gradle-7.0.2\lib\gradle-launcher-7.0.2.jar
Launcher Type: SUN_STANDARD

[Global flags]
     intx CICompilerCount                          = 3                                         {product} {ergonomic}
     uint ConcGCThreads                            = 1                                         {product} {ergonomic}
     uint G1ConcRefinementThreads                  = 4                                         {product} {ergonomic}
   size_t G1HeapRegionSize                         = 1048576                                   {product} {ergonomic}
    uintx GCDrainStackTargetSize                   = 64                                        {product} {ergonomic}
   size_t InitialHeapSize                          = 268435456                                 {product} {ergonomic}
   size_t MarkStackSize                            = 4194304                                   {product} {ergonomic}
   size_t MaxHeapSize                              = 2147483648                                {product} {command line}
   size_t MaxNewSize                               = 1287651328                                {product} {ergonomic}
   size_t MinHeapDeltaBytes                        = 1048576                                   {product} {ergonomic}
    uintx NonNMethodCodeHeapSize                   = 5830732                                {pd product} {ergonomic}
    uintx NonProfiledCodeHeapSize                  = 122913754                              {pd product} {ergonomic}
    uintx ProfiledCodeHeapSize                     = 122913754                              {pd product} {ergonomic}
    uintx ReservedCodeCacheSize                    = 251658240                              {pd product} {ergonomic}
     bool SegmentedCodeCache                       = true                                      {product} {ergonomic}
     bool UseCompressedClassPointers               = true                                 {lp64_product} {ergonomic}
     bool UseCompressedOops                        = true                                 {lp64_product} {ergonomic}
     bool UseG1GC                                  = true                                      {product} {ergonomic}
     bool UseLargePagesIndividualAllocation        = false                                  {pd product} {ergonomic}

Logging:
Log output configuration:
 #0: stdout all=warning uptime,level,tags
 #1: stderr all=off uptime,level,tags

Environment Variables:
PATH=C:\Python39\Scripts\;C:\Python39\;C:\Program Files (x86)\NVIDIA Corporation\PhysX\Common;C:\Program Files (x86)\Common Files\Oracle\Java\javapath;C:\WINDOWS\system32;C:\WINDOWS;C:\WINDOWS\System32\Wbem;C:\WINDOWS\System32\WindowsPowerShell\v1.0\;C:\WINDOWS\System32\OpenSSH\;C:\Program Files\Microsoft SQL Server\130\Tools\Binn\;C:\ProgramData\chocolatey\bin;C:\Program Files (x86)\IVI Foundation\VISA\WinNT\Bin;C:\Program Files\Git\cmd;C:\Program Files\nodejs\;C:\Users\danie\AppData\Local\Microsoft\WindowsApps;;C:\Users\danie\AppData\Local\Programs\Microsoft VS Code\bin;C:\Users\danie\AppData\Roaming\npm
USERNAME=danie
OS=Windows_NT
PROCESSOR_IDENTIFIER=AMD64 Family 23 Model 24 Stepping 1, AuthenticAMD



---------------  S Y S T E M  ---------------

OS: Windows 10 , 64 bit Build 19041 (10.0.19041.1151)
OS uptime: 0 days 21:01 hours

CPU:total 4 (initial active 4) (4 cores per cpu, 1 threads per core) family 23 model 24 stepping 1 microcode 0x0, cmov, cx8, fxsr, mmx, sse, sse2, sse3, ssse3, sse4.1, sse4.2, popcnt, avx, avx2, aes, clmul, mmxext, 3dnowpref, lzcnt, sse4a, tsc, tscinvbit, tscinv, bmi1, bmi2, adx, sha, 

Memory: 4k page, system-wide physical 16312M (4377M free)
TotalPageFile size 16312M (AvailPageFile size 1M)
current process WorkingSet (physical memory assigned to process): 578M, peak: 579M
current process commit charge ("private bytes"): 636M, peak: 637M

vm_info: OpenJDK 64-Bit Server VM (11.0.10+0-b96-7249189) for windows-amd64 JRE (11.0.10+0-b96-7249189), built on Mar 31 2021 21:44:00 by "builder" with MS VC++ 14.0 (VS2015)

END.
