#
# There is insufficient memory for the Java Runtime Environment to continue.
# Native memory allocation (malloc) failed to allocate 1109616 bytes for Chunk::new
# Possible reasons:
#   The system is out of physical RAM or swap space
#   The process is running with CompressedOops enabled, and the Java Heap may be blocking the growth of the native heap
# Possible solutions:
#   Reduce memory load on the system
#   Increase physical memory or swap space
#   Check if swap backing store is full
#   Decrease Java heap size (-Xmx/-Xms)
#   Decrease number of Java threads
#   Decrease Java thread stack sizes (-Xss)
#   Set larger code cache with -XX:ReservedCodeCacheSize=
#   JVM is running with Unscaled Compressed Oops mode in which the Java heap is
#     placed in the first 4GB address space. The Java Heap base address is the
#     maximum limit for the native heap growth. Please use -XX:HeapBaseMinAddress
#     to set the Java Heap base and to place the Java Heap above 4GB virtual address.
# This output file may be truncated or incomplete.
#
#  Out of Memory Error (./src/hotspot/share/memory/arena.cpp:197), pid=7200, tid=6776
#
# JRE version: OpenJDK Runtime Environment (11.0.10) (build 11.0.10+0-b96-7249189)
# Java VM: OpenJDK 64-Bit Server VM (11.0.10+0-b96-7249189, mixed mode, tiered, compressed oops, g1 gc, windows-amd64)
# No core dump will be written. Minidumps are not enabled by default on client versions of Windows
#

---------------  S U M M A R Y ------------

Command Line: --add-opens=java.base/java.util=ALL-UNNAMED --add-opens=java.base/java.lang=ALL-UNNAMED --add-opens=java.base/java.lang.invoke=ALL-UNNAMED --add-opens=java.base/java.util=ALL-UNNAMED --add-opens=java.prefs/java.util.prefs=ALL-UNNAMED --add-opens=java.prefs/java.util.prefs=ALL-UNNAMED --add-opens=java.base/java.nio.charset=ALL-UNNAMED --add-opens=java.base/java.net=ALL-UNNAMED --add-opens=java.base/java.util.concurrent.atomic=ALL-UNNAMED -Xmx2048m -Dfile.encoding=UTF-8 -Duser.country=NZ -Duser.language=en -Duser.variant org.gradle.launcher.daemon.bootstrap.GradleDaemon 7.0.2

Host: AMD Ryzen 3 3200G with Radeon Vega Graphics    , 4 cores, 15G,  Windows 10 , 64 bit Build 19041 (10.0.19041.1202)
Time: Thu Sep 30 18:01:31 2021 New Zealand Daylight Time elapsed time: 4214.752864 seconds (0d 1h 10m 14s)

---------------  T H R E A D  ---------------

Current thread (0x0000020ff1741800):  JavaThread "C2 CompilerThread1" daemon [_thread_in_native, id=6776, stack(0x00000078ce400000,0x00000078ce500000)]


Current CompileTask:
C2:4214752 28647       4       org.gradle.api.internal.artifacts.ivyservice.ivyresolve.RepositoryChainComponentMetaDataResolver::resolveModule (277 bytes)

Stack: [0x00000078ce400000,0x00000078ce500000]
Native frames: (J=compiled Java code, j=interpreted, Vv=VM code, C=native code)
V  [jvm.dll+0x5ecfaa]
V  [jvm.dll+0x722bd5]
V  [jvm.dll+0x72412d]
V  [jvm.dll+0x7247e3]
V  [jvm.dll+0x242928]
V  [jvm.dll+0xbc4fc]
V  [jvm.dll+0xbca0c]
V  [jvm.dll+0x352d7d]
V  [jvm.dll+0x19800c]
V  [jvm.dll+0x1fb70e]
V  [jvm.dll+0x1fa7f4]
V  [jvm.dll+0x18354c]
V  [jvm.dll+0x208ee7]
V  [jvm.dll+0x207731]
V  [jvm.dll+0x6eb1cf]
V  [jvm.dll+0x6e3d45]
V  [jvm.dll+0x5ebe96]
C  [ucrtbase.dll+0x21bb2]
C  [KERNEL32.DLL+0x17034]
C  [ntdll.dll+0x52651]


---------------  P R O C E S S  ---------------

Threads class SMR info:
_java_thread_list=0x0000020ff1532ea0, length=49, elements={
0x0000020fd0b6d800, 0x0000020fec6d9800, 0x0000020fec6db000, 0x0000020fecf5c000,
0x0000020fecf5d000, 0x0000020fecf5f000, 0x0000020fecf62000, 0x0000020fecfba000,
0x0000020fecfc9800, 0x0000020fed0bf000, 0x0000020fef217000, 0x0000020fee648000,
0x0000020fee939800, 0x0000020fef1e5800, 0x0000020fef1e2000, 0x0000020fef1e3000,
0x0000020fef1e4800, 0x0000020fef1e6000, 0x0000020ff173f000, 0x0000020ff173f800,
0x0000020ff173b000, 0x0000020ff173e000, 0x0000020ff173b800, 0x0000020ff1742000,
0x0000020ff1748800, 0x0000020ff1743000, 0x0000020ff31b0800, 0x0000020ff31af800,
0x0000020ff31ad000, 0x0000020ff31ac800, 0x0000020ff2fc8000, 0x0000020ff2fc0000,
0x0000020ff2fbb000, 0x0000020ff2fbd800, 0x0000020ff2fc2800, 0x0000020ff2fbc800,
0x0000020ff2fc3000, 0x0000020ff2fc4000, 0x0000020ff2fbe800, 0x0000020ff2fc5000,
0x0000020ff2fbf000, 0x0000020ff2fc5800, 0x0000020ff2fc7800, 0x0000020ff2fc9000,
0x0000020ff2fc9800, 0x0000020ff1746800, 0x0000020ff1740800, 0x0000020ff1747000,
0x0000020ff1741800
}

Java Threads: ( => current thread )
  0x0000020fd0b6d800 JavaThread "main" [_thread_blocked, id=12212, stack(0x00000078cc200000,0x00000078cc300000)]
  0x0000020fec6d9800 JavaThread "Reference Handler" daemon [_thread_blocked, id=11760, stack(0x00000078cc900000,0x00000078cca00000)]
  0x0000020fec6db000 JavaThread "Finalizer" daemon [_thread_blocked, id=11508, stack(0x00000078cca00000,0x00000078ccb00000)]
  0x0000020fecf5c000 JavaThread "Signal Dispatcher" daemon [_thread_blocked, id=10884, stack(0x00000078ccb00000,0x00000078ccc00000)]
  0x0000020fecf5d000 JavaThread "Attach Listener" daemon [_thread_blocked, id=10532, stack(0x00000078ccc00000,0x00000078ccd00000)]
  0x0000020fecf5f000 JavaThread "Service Thread" daemon [_thread_blocked, id=11608, stack(0x00000078ccd00000,0x00000078cce00000)]
  0x0000020fecf62000 JavaThread "C2 CompilerThread0" daemon [_thread_blocked, id=9900, stack(0x00000078cce00000,0x00000078ccf00000)]
  0x0000020fecfba000 JavaThread "C1 CompilerThread0" daemon [_thread_blocked, id=2268, stack(0x00000078ccf00000,0x00000078cd000000)]
  0x0000020fecfc9800 JavaThread "Sweeper thread" daemon [_thread_blocked, id=884, stack(0x00000078cd000000,0x00000078cd100000)]
  0x0000020fed0bf000 JavaThread "Common-Cleaner" daemon [_thread_blocked, id=12232, stack(0x00000078cd100000,0x00000078cd200000)]
  0x0000020fef217000 JavaThread "Daemon health stats" [_thread_blocked, id=7544, stack(0x00000078cd600000,0x00000078cd700000)]
  0x0000020fee648000 JavaThread "Incoming local TCP Connector on port 58604" [_thread_in_native, id=4420, stack(0x00000078cd700000,0x00000078cd800000)]
  0x0000020fee939800 JavaThread "Daemon periodic checks" [_thread_blocked, id=5456, stack(0x00000078cd800000,0x00000078cd900000)]
  0x0000020fef1e5800 JavaThread "Cache worker for file hash cache (C:\Users\danie\.gradle\caches\7.0.2\fileHashes)" [_thread_blocked, id=9656, stack(0x00000078ce000000,0x00000078ce100000)]
  0x0000020fef1e2000 JavaThread "File lock request listener" [_thread_in_native, id=6744, stack(0x00000078ce100000,0x00000078ce200000)]
  0x0000020fef1e3000 JavaThread "Cache worker for journal cache (C:\Users\danie\.gradle\caches\journal-1)" [_thread_blocked, id=9408, stack(0x00000078ce200000,0x00000078ce300000)]
  0x0000020fef1e4800 JavaThread "File watcher server" daemon [_thread_in_native, id=2944, stack(0x00000078ce500000,0x00000078ce600000)]
  0x0000020fef1e6000 JavaThread "File watcher consumer" daemon [_thread_blocked, id=12036, stack(0x00000078ce600000,0x00000078ce700000)]
  0x0000020ff173f000 JavaThread "Cache worker for execution history cache (C:\Users\danie\.gradle\caches\7.0.2\executionHistory)" [_thread_blocked, id=4652, stack(0x00000078cea00000,0x00000078ceb00000)]
  0x0000020ff173f800 JavaThread "jar transforms" [_thread_blocked, id=8096, stack(0x00000078ceb00000,0x00000078cec00000)]
  0x0000020ff173b000 JavaThread "jar transforms Thread 2" [_thread_blocked, id=11164, stack(0x00000078cec00000,0x00000078ced00000)]
  0x0000020ff173e000 JavaThread "Cache worker for file content cache (C:\Users\danie\.gradle\caches\7.0.2\fileContent)" [_thread_blocked, id=5328, stack(0x00000078ced00000,0x00000078cee00000)]
  0x0000020ff173b800 JavaThread "jar transforms Thread 3" [_thread_blocked, id=2740, stack(0x00000078cee00000,0x00000078cef00000)]
  0x0000020ff1742000 JavaThread "jar transforms Thread 4" [_thread_blocked, id=10492, stack(0x00000078cf400000,0x00000078cf500000)]
  0x0000020ff1748800 JavaThread "Memory manager" [_thread_blocked, id=8112, stack(0x00000078cf600000,0x00000078cf700000)]
  0x0000020ff1743000 JavaThread "RMI Scheduler(0)" daemon [_thread_blocked, id=6484, stack(0x00000078cf100000,0x00000078cf200000)]
  0x0000020ff31b0800 JavaThread "RMI GC Daemon" daemon [_thread_blocked, id=10760, stack(0x00000078d0000000,0x00000078d0100000)]
  0x0000020ff31af800 JavaThread "RMI TCP Accept-0" daemon [_thread_in_native, id=3972, stack(0x00000078d0200000,0x00000078d0300000)]
  0x0000020ff31ad000 JavaThread "RMI Reaper" [_thread_blocked, id=8592, stack(0x00000078d0300000,0x00000078d0400000)]
  0x0000020ff31ac800 JavaThread "Cache worker for Java compile cache (C:\Users\danie\.gradle\caches\7.0.2\javaCompile)" [_thread_blocked, id=10924, stack(0x00000078d0100000,0x00000078d0200000)]
  0x0000020ff2fc8000 JavaThread "ForkJoinPool.commonPool-worker-5" daemon [_thread_blocked, id=7228, stack(0x00000078d0600000,0x00000078d0700000)]
  0x0000020ff2fc0000 JavaThread "Daemon Thread 9" [_thread_blocked, id=7124, stack(0x00000078cbf00000,0x00000078cc000000)]
  0x0000020ff2fbb000 JavaThread "Handler for socket connection from /127.0.0.1:58604 to /127.0.0.1:55885" [_thread_in_native, id=2676, stack(0x00000078cc000000,0x00000078cc100000)]
  0x0000020ff2fbd800 JavaThread "Cancel handler" [_thread_blocked, id=8444, stack(0x00000078cc100000,0x00000078cc200000)]
  0x0000020ff2fc2800 JavaThread "Daemon worker Thread 9" [_thread_in_native, id=5884, stack(0x00000078cd900000,0x00000078cda00000)]
  0x0000020ff2fbc800 JavaThread "Asynchronous log dispatcher for DefaultDaemonConnection: socket connection from /127.0.0.1:58604 to /127.0.0.1:55885" [_thread_blocked, id=572, stack(0x00000078cda00000,0x00000078cdb00000)]
  0x0000020ff2fc3000 JavaThread "Stdin handler" [_thread_blocked, id=8960, stack(0x00000078cdb00000,0x00000078cdc00000)]
  0x0000020ff2fc4000 JavaThread "Daemon client event forwarder" [_thread_blocked, id=512, stack(0x00000078cdc00000,0x00000078cdd00000)]
  0x0000020ff2fbe800 JavaThread "Cache worker for file hash cache (C:\Users\danie\AndroidStudioProjects\Choice\.gradle\7.0.2\fileHashes)" [_thread_blocked, id=676, stack(0x00000078cdd00000,0x00000078cde00000)]
  0x0000020ff2fc5000 JavaThread "Cache worker for checksums cache (C:\Users\danie\AndroidStudioProjects\Choice\.gradle\checksums)" [_thread_blocked, id=12252, stack(0x00000078cde00000,0x00000078cdf00000)]
  0x0000020ff2fbf000 JavaThread "Cache worker for cache directory md-supplier (C:\Users\danie\.gradle\caches\7.0.2\md-supplier)" [_thread_blocked, id=7652, stack(0x00000078cdf00000,0x00000078ce000000)]
  0x0000020ff2fc5800 JavaThread "Cache worker for cache directory md-rule (C:\Users\danie\.gradle\caches\7.0.2\md-rule)" [_thread_blocked, id=4312, stack(0x00000078ce300000,0x00000078ce400000)]
  0x0000020ff2fc7800 JavaThread "Cache worker for dependencies-accessors (C:\Users\danie\AndroidStudioProjects\Choice\.gradle\7.0.2\dependencies-accessors)" [_thread_blocked, id=4168, stack(0x00000078ce700000,0x00000078ce800000)]
  0x0000020ff2fc9000 JavaThread "Cache worker for Build Output Cleanup Cache (C:\Users\danie\AndroidStudioProjects\Choice\.gradle\buildOutputCleanup)" [_thread_blocked, id=10692, stack(0x00000078ce800000,0x00000078ce900000)]
  0x0000020ff2fc9800 JavaThread "Build operations" [_thread_blocked, id=9132, stack(0x00000078ce900000,0x00000078cea00000)]
  0x0000020ff1746800 JavaThread "Build operations Thread 2" [_thread_blocked, id=11824, stack(0x00000078cef00000,0x00000078cf000000)]
  0x0000020ff1740800 JavaThread "Build operations Thread 3" [_thread_blocked, id=2396, stack(0x00000078cf000000,0x00000078cf100000)]
  0x0000020ff1747000 JavaThread "Build operations Thread 4" [_thread_blocked, id=8872, stack(0x00000078cf200000,0x00000078cf300000)]
=>0x0000020ff1741800 JavaThread "C2 CompilerThread1" daemon [_thread_in_native, id=6776, stack(0x00000078ce400000,0x00000078ce500000)]

Other Threads:
  0x0000020fec6d2800 VMThread "VM Thread" [stack: 0x00000078cc800000,0x00000078cc900000] [id=5504]
  0x0000020fed0fc800 WatcherThread [stack: 0x00000078cd200000,0x00000078cd300000] [id=11644]
  0x0000020fd0b86800 GCTaskThread "GC Thread#0" [stack: 0x00000078cc300000,0x00000078cc400000] [id=7772]
  0x0000020fed4fd800 GCTaskThread "GC Thread#1" [stack: 0x00000078cd300000,0x00000078cd400000] [id=1280]
  0x0000020fed7c0800 GCTaskThread "GC Thread#2" [stack: 0x00000078cd400000,0x00000078cd500000] [id=4824]
  0x0000020fed7c1000 GCTaskThread "GC Thread#3" [stack: 0x00000078cd500000,0x00000078cd600000] [id=6472]
  0x0000020fd0bb6000 ConcurrentGCThread "G1 Main Marker" [stack: 0x00000078cc400000,0x00000078cc500000] [id=8580]
  0x0000020fd0bb7800 ConcurrentGCThread "G1 Conc#0" [stack: 0x00000078cc500000,0x00000078cc600000] [id=8536]
  0x0000020fd0c4d800 ConcurrentGCThread "G1 Refine#0" [stack: 0x00000078cc600000,0x00000078cc700000] [id=12148]
  0x0000020fef9a4800 ConcurrentGCThread "G1 Refine#1" [stack: 0x00000078cf700000,0x00000078cf800000] [id=8996]
  0x0000020fec542800 ConcurrentGCThread "G1 Young RemSet Sampling" [stack: 0x00000078cc700000,0x00000078cc800000] [id=2484]

Threads with active compile tasks:
C2 CompilerThread14214808 28647       4       org.gradle.api.internal.artifacts.ivyservice.ivyresolve.RepositoryChainComponentMetaDataResolver::resolveModule (277 bytes)

VM state:not at safepoint (normal execution)

VM Mutex/Monitor currently owned by a thread: None

Heap address: 0x0000000080000000, size: 2048 MB, Compressed Oops mode: 32-bit
Narrow klass base: 0x0000000000000000, Narrow klass shift: 3
Compressed class space size: 1073741824 Address: 0x0000000100000000

Heap:
 garbage-first heap   total 270336K, used 160929K [0x0000000080000000, 0x0000000100000000)
  region size 1024K, 6 young (6144K), 2 survivors (2048K)
 Metaspace       used 144748K, capacity 149564K, committed 149888K, reserved 1179648K
  class space    used 18006K, capacity 19726K, committed 19840K, reserved 1048576K
Heap Regions: E=young(eden), S=young(survivor), O=old, HS=humongous(starts), HC=humongous(continues), CS=collection set, F=free, A=archive, TAMS=top-at-mark-start (previous, next)
|   0|0x0000000080000000, 0x0000000080100000, 0x0000000080100000|100%| O|  |TAMS 0x0000000080100000, 0x0000000080000000| Untracked 
|   1|0x0000000080100000, 0x0000000080200000, 0x0000000080200000|100%| O|  |TAMS 0x0000000080200000, 0x0000000080100000| Untracked 
|   2|0x0000000080200000, 0x0000000080300000, 0x0000000080300000|100%| O|  |TAMS 0x0000000080300000, 0x0000000080200000| Untracked 
|   3|0x0000000080300000, 0x0000000080400000, 0x0000000080400000|100%|HS|  |TAMS 0x0000000080400000, 0x0000000080300000| Complete 
|   4|0x0000000080400000, 0x0000000080500000, 0x0000000080500000|100%|HC|  |TAMS 0x0000000080500000, 0x0000000080400000| Complete 
|   5|0x0000000080500000, 0x0000000080600000, 0x0000000080600000|100%|HC|  |TAMS 0x0000000080600000, 0x0000000080500000| Complete 
|   6|0x0000000080600000, 0x0000000080700000, 0x0000000080700000|100%| O|  |TAMS 0x0000000080700000, 0x0000000080600000| Untracked 
|   7|0x0000000080700000, 0x0000000080800000, 0x0000000080800000|100%| O|  |TAMS 0x0000000080800000, 0x0000000080700000| Untracked 
|   8|0x0000000080800000, 0x0000000080900000, 0x0000000080900000|100%| O|  |TAMS 0x0000000080900000, 0x0000000080800000| Untracked 
|   9|0x0000000080900000, 0x0000000080a00000, 0x0000000080a00000|100%| O|  |TAMS 0x0000000080a00000, 0x0000000080900000| Untracked 
|  10|0x0000000080a00000, 0x0000000080b00000, 0x0000000080b00000|100%| O|  |TAMS 0x0000000080b00000, 0x0000000080a00000| Untracked 
|  11|0x0000000080b00000, 0x0000000080c00000, 0x0000000080c00000|100%|HS|  |TAMS 0x0000000080c00000, 0x0000000080b00000| Complete 
|  12|0x0000000080c00000, 0x0000000080d00000, 0x0000000080d00000|100%|HS|  |TAMS 0x0000000080d00000, 0x0000000080c00000| Complete 
|  13|0x0000000080d00000, 0x0000000080e00000, 0x0000000080e00000|100%|HS|  |TAMS 0x0000000080e00000, 0x0000000080d00000| Complete 
|  14|0x0000000080e00000, 0x0000000080f00000, 0x0000000080f00000|100%| O|  |TAMS 0x0000000080f00000, 0x0000000080e00000| Untracked 
|  15|0x0000000080f00000, 0x0000000081000000, 0x0000000081000000|100%| O|  |TAMS 0x0000000081000000, 0x0000000080f00000| Untracked 
|  16|0x0000000081000000, 0x0000000081100000, 0x0000000081100000|100%| O|  |TAMS 0x0000000081100000, 0x0000000081000000| Untracked 
|  17|0x0000000081100000, 0x0000000081200000, 0x0000000081200000|100%| O|  |TAMS 0x0000000081200000, 0x0000000081100000| Untracked 
|  18|0x0000000081200000, 0x0000000081300000, 0x0000000081300000|100%| O|  |TAMS 0x0000000081300000, 0x0000000081200000| Untracked 
|  19|0x0000000081300000, 0x0000000081400000, 0x0000000081400000|100%| O|  |TAMS 0x0000000081400000, 0x0000000081300000| Untracked 
|  20|0x0000000081400000, 0x0000000081500000, 0x0000000081500000|100%|HS|  |TAMS 0x0000000081500000, 0x0000000081400000| Complete 
|  21|0x0000000081500000, 0x0000000081600000, 0x0000000081600000|100%|HC|  |TAMS 0x0000000081600000, 0x0000000081500000| Complete 
|  22|0x0000000081600000, 0x0000000081700000, 0x0000000081700000|100%|HC|  |TAMS 0x0000000081700000, 0x0000000081600000| Complete 
|  23|0x0000000081700000, 0x0000000081800000, 0x0000000081800000|100%|HS|  |TAMS 0x0000000081800000, 0x0000000081700000| Complete 
|  24|0x0000000081800000, 0x0000000081900000, 0x0000000081900000|100%|HC|  |TAMS 0x0000000081900000, 0x0000000081800000| Complete 
|  25|0x0000000081900000, 0x0000000081a00000, 0x0000000081a00000|100%| O|  |TAMS 0x0000000081a00000, 0x0000000081900000| Untracked 
|  26|0x0000000081a00000, 0x0000000081b00000, 0x0000000081b00000|100%| O|  |TAMS 0x0000000081b00000, 0x0000000081a00000| Untracked 
|  27|0x0000000081b00000, 0x0000000081c00000, 0x0000000081c00000|100%| O|  |TAMS 0x0000000081c00000, 0x0000000081b00000| Untracked 
|  28|0x0000000081c00000, 0x0000000081d00000, 0x0000000081d00000|100%| O|  |TAMS 0x0000000081c00000, 0x0000000081c00000| Untracked 
|  29|0x0000000081d00000, 0x0000000081e00000, 0x0000000081e00000|100%| O|  |TAMS 0x0000000081e00000, 0x0000000081d00000| Untracked 
|  30|0x0000000081e00000, 0x0000000081f00000, 0x0000000081f00000|100%| O|  |TAMS 0x0000000081f00000, 0x0000000081e00000| Untracked 
|  31|0x0000000081f00000, 0x0000000082000000, 0x0000000082000000|100%| O|  |TAMS 0x0000000082000000, 0x0000000081f00000| Untracked 
|  32|0x0000000082000000, 0x0000000082100000, 0x0000000082100000|100%| O|  |TAMS 0x0000000082100000, 0x0000000082000000| Untracked 
|  33|0x0000000082100000, 0x0000000082200000, 0x0000000082200000|100%| O|  |TAMS 0x0000000082200000, 0x0000000082100000| Untracked 
|  34|0x0000000082200000, 0x0000000082300000, 0x0000000082300000|100%| O|  |TAMS 0x0000000082300000, 0x0000000082200000| Untracked 
|  35|0x0000000082300000, 0x0000000082400000, 0x0000000082400000|100%| O|  |TAMS 0x0000000082400000, 0x0000000082300000| Untracked 
|  36|0x0000000082400000, 0x0000000082500000, 0x0000000082500000|100%| O|  |TAMS 0x0000000082500000, 0x0000000082400000| Untracked 
|  37|0x0000000082500000, 0x0000000082600000, 0x0000000082600000|100%| O|  |TAMS 0x0000000082600000, 0x0000000082500000| Untracked 
|  38|0x0000000082600000, 0x0000000082700000, 0x0000000082700000|100%| O|  |TAMS 0x0000000082700000, 0x0000000082600000| Untracked 
|  39|0x0000000082700000, 0x0000000082800000, 0x0000000082800000|100%| O|  |TAMS 0x0000000082800000, 0x0000000082700000| Untracked 
|  40|0x0000000082800000, 0x0000000082900000, 0x0000000082900000|100%| O|  |TAMS 0x0000000082900000, 0x0000000082800000| Untracked 
|  41|0x0000000082900000, 0x0000000082a00000, 0x0000000082a00000|100%| O|  |TAMS 0x0000000082900000, 0x0000000082900000| Untracked 
|  42|0x0000000082a00000, 0x0000000082b00000, 0x0000000082b00000|100%| O|  |TAMS 0x0000000082b00000, 0x0000000082a00000| Untracked 
|  43|0x0000000082b00000, 0x0000000082c00000, 0x0000000082c00000|100%| O|  |TAMS 0x0000000082c00000, 0x0000000082b00000| Untracked 
|  44|0x0000000082c00000, 0x0000000082d00000, 0x0000000082d00000|100%| O|  |TAMS 0x0000000082d00000, 0x0000000082c00000| Untracked 
|  45|0x0000000082d00000, 0x0000000082e00000, 0x0000000082e00000|100%| O|  |TAMS 0x0000000082d00000, 0x0000000082d00000| Untracked 
|  46|0x0000000082e00000, 0x0000000082f00000, 0x0000000082f00000|100%| O|  |TAMS 0x0000000082f00000, 0x0000000082e00000| Untracked 
|  47|0x0000000082f00000, 0x0000000083000000, 0x0000000083000000|100%| O|  |TAMS 0x0000000083000000, 0x0000000082f00000| Untracked 
|  48|0x0000000083000000, 0x0000000083100000, 0x0000000083100000|100%| O|  |TAMS 0x0000000083100000, 0x0000000083000000| Untracked 
|  49|0x0000000083100000, 0x0000000083200000, 0x0000000083200000|100%| O|  |TAMS 0x0000000083200000, 0x0000000083100000| Untracked 
|  50|0x0000000083200000, 0x0000000083300000, 0x0000000083300000|100%| O|  |TAMS 0x0000000083300000, 0x0000000083200000| Untracked 
|  51|0x0000000083300000, 0x0000000083400000, 0x0000000083400000|100%| O|  |TAMS 0x0000000083400000, 0x0000000083300000| Untracked 
|  52|0x0000000083400000, 0x0000000083500000, 0x0000000083500000|100%| O|  |TAMS 0x0000000083500000, 0x0000000083400000| Untracked 
|  53|0x0000000083500000, 0x0000000083600000, 0x0000000083600000|100%| O|  |TAMS 0x0000000083600000, 0x0000000083500000| Untracked 
|  54|0x0000000083600000, 0x0000000083700000, 0x0000000083700000|100%| O|  |TAMS 0x0000000083700000, 0x0000000083600000| Untracked 
|  55|0x0000000083700000, 0x0000000083800000, 0x0000000083800000|100%| O|  |TAMS 0x0000000083800000, 0x0000000083700000| Untracked 
|  56|0x0000000083800000, 0x0000000083900000, 0x0000000083900000|100%| O|  |TAMS 0x0000000083900000, 0x0000000083800000| Untracked 
|  57|0x0000000083900000, 0x0000000083a00000, 0x0000000083a00000|100%| O|  |TAMS 0x0000000083a00000, 0x0000000083900000| Untracked 
|  58|0x0000000083a00000, 0x0000000083b00000, 0x0000000083b00000|100%| O|  |TAMS 0x0000000083b00000, 0x0000000083a00000| Untracked 
|  59|0x0000000083b00000, 0x0000000083c00000, 0x0000000083c00000|100%| O|  |TAMS 0x0000000083c00000, 0x0000000083b00000| Untracked 
|  60|0x0000000083c00000, 0x0000000083d00000, 0x0000000083d00000|100%| O|  |TAMS 0x0000000083c00000, 0x0000000083c00000| Untracked 
|  61|0x0000000083d00000, 0x0000000083e00000, 0x0000000083e00000|100%| O|  |TAMS 0x0000000083e00000, 0x0000000083d00000| Untracked 
|  62|0x0000000083e00000, 0x0000000083f00000, 0x0000000083f00000|100%| O|  |TAMS 0x0000000083f00000, 0x0000000083e00000| Untracked 
|  63|0x0000000083f00000, 0x0000000084000000, 0x0000000084000000|100%| O|  |TAMS 0x0000000084000000, 0x0000000083f00000| Untracked 
|  64|0x0000000084000000, 0x0000000084100000, 0x0000000084100000|100%| O|  |TAMS 0x0000000084000000, 0x0000000084000000| Untracked 
|  65|0x0000000084100000, 0x0000000084200000, 0x0000000084200000|100%| O|  |TAMS 0x0000000084200000, 0x0000000084100000| Untracked 
|  66|0x0000000084200000, 0x0000000084300000, 0x0000000084300000|100%| O|  |TAMS 0x0000000084300000, 0x0000000084200000| Untracked 
|  67|0x0000000084300000, 0x0000000084400000, 0x0000000084400000|100%| O|  |TAMS 0x0000000084400000, 0x0000000084300000| Untracked 
|  68|0x0000000084400000, 0x0000000084500000, 0x0000000084500000|100%| O|  |TAMS 0x0000000084500000, 0x0000000084400000| Untracked 
|  69|0x0000000084500000, 0x0000000084600000, 0x0000000084600000|100%| O|  |TAMS 0x0000000084600000, 0x0000000084500000| Untracked 
|  70|0x0000000084600000, 0x0000000084700000, 0x0000000084700000|100%| O|  |TAMS 0x0000000084600000, 0x0000000084600000| Untracked 
|  71|0x0000000084700000, 0x0000000084800000, 0x0000000084800000|100%| O|  |TAMS 0x0000000084800000, 0x0000000084700000| Untracked 
|  72|0x0000000084800000, 0x0000000084900000, 0x0000000084900000|100%| O|  |TAMS 0x0000000084900000, 0x0000000084800000| Untracked 
|  73|0x0000000084900000, 0x0000000084a00000, 0x0000000084a00000|100%| O|  |TAMS 0x0000000084900000, 0x0000000084900000| Untracked 
|  74|0x0000000084a00000, 0x0000000084b00000, 0x0000000084b00000|100%| O|  |TAMS 0x0000000084a00000, 0x0000000084a00000| Untracked 
|  75|0x0000000084b00000, 0x0000000084bcee00, 0x0000000084c00000| 80%| O|  |TAMS 0x0000000084b00000, 0x0000000084b00000| Untracked 
|  76|0x0000000084c00000, 0x0000000084d00000, 0x0000000084d00000|100%| O|  |TAMS 0x0000000084d00000, 0x0000000084c00000| Untracked 
|  77|0x0000000084d00000, 0x0000000084e00000, 0x0000000084e00000|100%| O|  |TAMS 0x0000000084e00000, 0x0000000084d00000| Untracked 
|  78|0x0000000084e00000, 0x0000000084f00000, 0x0000000084f00000|100%| O|  |TAMS 0x0000000084f00000, 0x0000000084e00000| Untracked 
|  79|0x0000000084f00000, 0x0000000085000000, 0x0000000085000000|100%| O|  |TAMS 0x0000000085000000, 0x0000000084f00000| Untracked 
|  80|0x0000000085000000, 0x0000000085100000, 0x0000000085100000|100%| O|  |TAMS 0x0000000085100000, 0x0000000085000000| Untracked 
|  81|0x0000000085100000, 0x0000000085100000, 0x0000000085200000|  0%| F|  |TAMS 0x0000000085100000, 0x0000000085100000| Untracked 
|  82|0x0000000085200000, 0x0000000085300000, 0x0000000085300000|100%| O|  |TAMS 0x0000000085300000, 0x0000000085200000| Untracked 
|  83|0x0000000085300000, 0x0000000085300000, 0x0000000085400000|  0%| F|  |TAMS 0x0000000085300000, 0x0000000085300000| Untracked 
|  84|0x0000000085400000, 0x0000000085500000, 0x0000000085500000|100%| O|  |TAMS 0x0000000085500000, 0x0000000085400000| Untracked 
|  85|0x0000000085500000, 0x0000000085600000, 0x0000000085600000|100%| O|  |TAMS 0x0000000085600000, 0x0000000085500000| Untracked 
|  86|0x0000000085600000, 0x0000000085700000, 0x0000000085700000|100%| O|  |TAMS 0x0000000085700000, 0x0000000085600000| Untracked 
|  87|0x0000000085700000, 0x0000000085700000, 0x0000000085800000|  0%| F|  |TAMS 0x0000000085700000, 0x0000000085700000| Untracked 
|  88|0x0000000085800000, 0x0000000085900000, 0x0000000085900000|100%| O|  |TAMS 0x0000000085900000, 0x0000000085800000| Untracked 
|  89|0x0000000085900000, 0x0000000085a00000, 0x0000000085a00000|100%| O|  |TAMS 0x0000000085a00000, 0x0000000085900000| Untracked 
|  90|0x0000000085a00000, 0x0000000085b00000, 0x0000000085b00000|100%| O|  |TAMS 0x0000000085b00000, 0x0000000085a00000| Untracked 
|  91|0x0000000085b00000, 0x0000000085c00000, 0x0000000085c00000|100%| O|  |TAMS 0x0000000085c00000, 0x0000000085b00000| Untracked 
|  92|0x0000000085c00000, 0x0000000085d00000, 0x0000000085d00000|100%| O|  |TAMS 0x0000000085d00000, 0x0000000085c00000| Untracked 
|  93|0x0000000085d00000, 0x0000000085e00000, 0x0000000085e00000|100%| O|  |TAMS 0x0000000085e00000, 0x0000000085d00000| Untracked 
|  94|0x0000000085e00000, 0x0000000085f00000, 0x0000000085f00000|100%| O|  |TAMS 0x0000000085f00000, 0x0000000085e00000| Untracked 
|  95|0x0000000085f00000, 0x0000000085f00000, 0x0000000086000000|  0%| F|  |TAMS 0x0000000085f00000, 0x0000000085f00000| Untracked 
|  96|0x0000000086000000, 0x0000000086100000, 0x0000000086100000|100%| O|  |TAMS 0x0000000086100000, 0x0000000086000000| Untracked 
|  97|0x0000000086100000, 0x0000000086200000, 0x0000000086200000|100%| O|  |TAMS 0x0000000086200000, 0x0000000086100000| Untracked 
|  98|0x0000000086200000, 0x0000000086300000, 0x0000000086300000|100%| O|  |TAMS 0x0000000086300000, 0x0000000086200000| Untracked 
|  99|0x0000000086300000, 0x0000000086300000, 0x0000000086400000|  0%| F|  |TAMS 0x0000000086300000, 0x0000000086300000| Untracked 
| 100|0x0000000086400000, 0x0000000086500000, 0x0000000086500000|100%| O|  |TAMS 0x0000000086500000, 0x0000000086400000| Untracked 
| 101|0x0000000086500000, 0x0000000086600000, 0x0000000086600000|100%| O|  |TAMS 0x0000000086600000, 0x0000000086500000| Untracked 
| 102|0x0000000086600000, 0x0000000086700000, 0x0000000086700000|100%| O|  |TAMS 0x0000000086700000, 0x0000000086600000| Untracked 
| 103|0x0000000086700000, 0x0000000086800000, 0x0000000086800000|100%| O|  |TAMS 0x0000000086800000, 0x0000000086700000| Untracked 
| 104|0x0000000086800000, 0x0000000086800000, 0x0000000086900000|  0%| F|  |TAMS 0x0000000086800000, 0x0000000086800000| Untracked 
| 105|0x0000000086900000, 0x0000000086a00000, 0x0000000086a00000|100%| O|  |TAMS 0x0000000086a00000, 0x0000000086900000| Untracked 
| 106|0x0000000086a00000, 0x0000000086b00000, 0x0000000086b00000|100%| O|  |TAMS 0x0000000086b00000, 0x0000000086a00000| Untracked 
| 107|0x0000000086b00000, 0x0000000086b00000, 0x0000000086c00000|  0%| F|  |TAMS 0x0000000086b00000, 0x0000000086b00000| Untracked 
| 108|0x0000000086c00000, 0x0000000086d00000, 0x0000000086d00000|100%| O|  |TAMS 0x0000000086d00000, 0x0000000086c00000| Untracked 
| 109|0x0000000086d00000, 0x0000000086e00000, 0x0000000086e00000|100%| O|  |TAMS 0x0000000086e00000, 0x0000000086d00000| Untracked 
| 110|0x0000000086e00000, 0x0000000086f00000, 0x0000000086f00000|100%| O|  |TAMS 0x0000000086f00000, 0x0000000086e00000| Untracked 
| 111|0x0000000086f00000, 0x0000000087000000, 0x0000000087000000|100%| O|  |TAMS 0x0000000087000000, 0x0000000086f00000| Untracked 
| 112|0x0000000087000000, 0x0000000087100000, 0x0000000087100000|100%| O|  |TAMS 0x0000000087100000, 0x0000000087000000| Untracked 
| 113|0x0000000087100000, 0x0000000087200000, 0x0000000087200000|100%| O|  |TAMS 0x0000000087200000, 0x0000000087100000| Untracked 
| 114|0x0000000087200000, 0x0000000087300000, 0x0000000087300000|100%| O|  |TAMS 0x0000000087300000, 0x0000000087200000| Untracked 
| 115|0x0000000087300000, 0x0000000087400000, 0x0000000087400000|100%| O|  |TAMS 0x0000000087400000, 0x0000000087300000| Untracked 
| 116|0x0000000087400000, 0x0000000087400000, 0x0000000087500000|  0%| F|  |TAMS 0x0000000087400000, 0x0000000087400000| Untracked 
| 117|0x0000000087500000, 0x0000000087500000, 0x0000000087600000|  0%| F|  |TAMS 0x0000000087500000, 0x0000000087500000| Untracked 
| 118|0x0000000087600000, 0x0000000087700000, 0x0000000087700000|100%| O|  |TAMS 0x0000000087700000, 0x0000000087600000| Untracked 
| 119|0x0000000087700000, 0x0000000087800000, 0x0000000087800000|100%| O|  |TAMS 0x0000000087800000, 0x0000000087700000| Untracked 
| 120|0x0000000087800000, 0x0000000087900000, 0x0000000087900000|100%| O|  |TAMS 0x0000000087900000, 0x0000000087800000| Untracked 
| 121|0x0000000087900000, 0x0000000087a00000, 0x0000000087a00000|100%| O|  |TAMS 0x0000000087a00000, 0x0000000087900000| Untracked 
| 122|0x0000000087a00000, 0x0000000087b00000, 0x0000000087b00000|100%| O|  |TAMS 0x0000000087b00000, 0x0000000087a00000| Untracked 
| 123|0x0000000087b00000, 0x0000000087b00000, 0x0000000087c00000|  0%| F|  |TAMS 0x0000000087b00000, 0x0000000087b00000| Untracked 
| 124|0x0000000087c00000, 0x0000000087d00000, 0x0000000087d00000|100%| O|  |TAMS 0x0000000087d00000, 0x0000000087c00000| Untracked 
| 125|0x0000000087d00000, 0x0000000087e00000, 0x0000000087e00000|100%| O|  |TAMS 0x0000000087e00000, 0x0000000087d00000| Untracked 
| 126|0x0000000087e00000, 0x0000000087f00000, 0x0000000087f00000|100%| O|  |TAMS 0x0000000087f00000, 0x0000000087e00000| Untracked 
| 127|0x0000000087f00000, 0x0000000087f00000, 0x0000000088000000|  0%| F|  |TAMS 0x0000000087f00000, 0x0000000087f00000| Untracked 
| 128|0x0000000088000000, 0x0000000088100000, 0x0000000088100000|100%| O|  |TAMS 0x0000000088100000, 0x0000000088000000| Untracked 
| 129|0x0000000088100000, 0x0000000088200000, 0x0000000088200000|100%| O|  |TAMS 0x0000000088200000, 0x0000000088100000| Untracked 
| 130|0x0000000088200000, 0x0000000088300000, 0x0000000088300000|100%| O|  |TAMS 0x0000000088300000, 0x0000000088200000| Untracked 
| 131|0x0000000088300000, 0x0000000088400000, 0x0000000088400000|100%| O|  |TAMS 0x0000000088400000, 0x0000000088300000| Untracked 
| 132|0x0000000088400000, 0x0000000088500000, 0x0000000088500000|100%| O|  |TAMS 0x0000000088500000, 0x0000000088400000| Untracked 
| 133|0x0000000088500000, 0x0000000088500000, 0x0000000088600000|  0%| F|  |TAMS 0x0000000088500000, 0x0000000088500000| Untracked 
| 134|0x0000000088600000, 0x0000000088600000, 0x0000000088700000|  0%| F|  |TAMS 0x0000000088600000, 0x0000000088600000| Untracked 
| 135|0x0000000088700000, 0x0000000088800000, 0x0000000088800000|100%| O|  |TAMS 0x0000000088800000, 0x0000000088700000| Untracked 
| 136|0x0000000088800000, 0x0000000088900000, 0x0000000088900000|100%| O|  |TAMS 0x0000000088900000, 0x0000000088800000| Untracked 
| 137|0x0000000088900000, 0x0000000088a00000, 0x0000000088a00000|100%| O|  |TAMS 0x0000000088a00000, 0x0000000088900000| Untracked 
| 138|0x0000000088a00000, 0x0000000088b00000, 0x0000000088b00000|100%| O|  |TAMS 0x0000000088b00000, 0x0000000088a00000| Untracked 
| 139|0x0000000088b00000, 0x0000000088c00000, 0x0000000088c00000|100%| O|  |TAMS 0x0000000088c00000, 0x0000000088b00000| Untracked 
| 140|0x0000000088c00000, 0x0000000088c00000, 0x0000000088d00000|  0%| F|  |TAMS 0x0000000088c00000, 0x0000000088c00000| Untracked 
| 141|0x0000000088d00000, 0x0000000088e00000, 0x0000000088e00000|100%| O|  |TAMS 0x0000000088e00000, 0x0000000088d00000| Untracked 
| 142|0x0000000088e00000, 0x0000000088f00000, 0x0000000088f00000|100%| O|  |TAMS 0x0000000088f00000, 0x0000000088e00000| Untracked 
| 143|0x0000000088f00000, 0x0000000089000000, 0x0000000089000000|100%| O|  |TAMS 0x0000000088f54c00, 0x0000000088f00000| Untracked 
| 144|0x0000000089000000, 0x0000000089100000, 0x0000000089100000|100%| O|  |TAMS 0x0000000089100000, 0x0000000089000000| Untracked 
| 145|0x0000000089100000, 0x0000000089200000, 0x0000000089200000|100%| O|  |TAMS 0x0000000089200000, 0x0000000089100000| Untracked 
| 146|0x0000000089200000, 0x0000000089200000, 0x0000000089300000|  0%| F|  |TAMS 0x0000000089200000, 0x0000000089200000| Untracked 
| 147|0x0000000089300000, 0x0000000089400000, 0x0000000089400000|100%| O|  |TAMS 0x0000000089400000, 0x0000000089300000| Untracked 
| 148|0x0000000089400000, 0x0000000089500000, 0x0000000089500000|100%| O|  |TAMS 0x0000000089500000, 0x0000000089400000| Untracked 
| 149|0x0000000089500000, 0x0000000089600000, 0x0000000089600000|100%| O|  |TAMS 0x0000000089600000, 0x0000000089500000| Untracked 
| 150|0x0000000089600000, 0x0000000089600000, 0x0000000089700000|  0%| F|  |TAMS 0x0000000089600000, 0x0000000089600000| Untracked 
| 151|0x0000000089700000, 0x0000000089700000, 0x0000000089800000|  0%| F|  |TAMS 0x0000000089700000, 0x0000000089700000| Untracked 
| 152|0x0000000089800000, 0x0000000089800000, 0x0000000089900000|  0%| F|  |TAMS 0x0000000089800000, 0x0000000089800000| Untracked 
| 153|0x0000000089900000, 0x0000000089900000, 0x0000000089a00000|  0%| F|  |TAMS 0x0000000089900000, 0x0000000089900000| Untracked 
| 154|0x0000000089a00000, 0x0000000089a00000, 0x0000000089b00000|  0%| F|  |TAMS 0x0000000089a00000, 0x0000000089a00000| Untracked 
| 155|0x0000000089b00000, 0x0000000089b00000, 0x0000000089c00000|  0%| F|  |TAMS 0x0000000089b00000, 0x0000000089b00000| Untracked 
| 156|0x0000000089c00000, 0x0000000089c00000, 0x0000000089d00000|  0%| F|  |TAMS 0x0000000089c00000, 0x0000000089c00000| Untracked 
| 157|0x0000000089d00000, 0x0000000089d00000, 0x0000000089e00000|  0%| F|  |TAMS 0x0000000089d00000, 0x0000000089d00000| Untracked 
| 158|0x0000000089e00000, 0x0000000089e00000, 0x0000000089f00000|  0%| F|  |TAMS 0x0000000089e00000, 0x0000000089e00000| Untracked 
| 159|0x0000000089f00000, 0x0000000089f00000, 0x000000008a000000|  0%| F|  |TAMS 0x0000000089f00000, 0x0000000089f00000| Untracked 
| 160|0x000000008a000000, 0x000000008a000000, 0x000000008a100000|  0%| F|  |TAMS 0x000000008a000000, 0x000000008a000000| Untracked 
| 161|0x000000008a100000, 0x000000008a100000, 0x000000008a200000|  0%| F|  |TAMS 0x000000008a100000, 0x000000008a100000| Untracked 
| 162|0x000000008a200000, 0x000000008a200000, 0x000000008a300000|  0%| F|  |TAMS 0x000000008a200000, 0x000000008a200000| Untracked 
| 163|0x000000008a300000, 0x000000008a300000, 0x000000008a400000|  0%| F|  |TAMS 0x000000008a300000, 0x000000008a300000| Untracked 
| 164|0x000000008a400000, 0x000000008a500000, 0x000000008a500000|100%|HS|  |TAMS 0x000000008a500000, 0x000000008a400000| Complete 
| 165|0x000000008a500000, 0x000000008a600000, 0x000000008a600000|100%|HC|  |TAMS 0x000000008a600000, 0x000000008a500000| Complete 
| 166|0x000000008a600000, 0x000000008a700000, 0x000000008a700000|100%|HS|  |TAMS 0x000000008a700000, 0x000000008a600000| Complete 
| 167|0x000000008a700000, 0x000000008a800000, 0x000000008a800000|100%|HC|  |TAMS 0x000000008a800000, 0x000000008a700000| Complete 
| 168|0x000000008a800000, 0x000000008a900000, 0x000000008a900000|100%|HC|  |TAMS 0x000000008a900000, 0x000000008a800000| Complete 
| 169|0x000000008a900000, 0x000000008aa00000, 0x000000008aa00000|100%|HS|  |TAMS 0x000000008aa00000, 0x000000008a900000| Complete 
| 170|0x000000008aa00000, 0x000000008ab00000, 0x000000008ab00000|100%|HC|  |TAMS 0x000000008ab00000, 0x000000008aa00000| Complete 
| 171|0x000000008ab00000, 0x000000008ac00000, 0x000000008ac00000|100%|HC|  |TAMS 0x000000008ac00000, 0x000000008ab00000| Complete 
| 172|0x000000008ac00000, 0x000000008ad00000, 0x000000008ad00000|100%|HC|  |TAMS 0x000000008ad00000, 0x000000008ac00000| Complete 
| 173|0x000000008ad00000, 0x000000008ae00000, 0x000000008ae00000|100%|HC|  |TAMS 0x000000008ae00000, 0x000000008ad00000| Complete 
| 174|0x000000008ae00000, 0x000000008af00000, 0x000000008af00000|100%|HS|  |TAMS 0x000000008af00000, 0x000000008ae00000| Complete 
| 175|0x000000008af00000, 0x000000008b000000, 0x000000008b000000|100%|HC|  |TAMS 0x000000008b000000, 0x000000008af00000| Complete 
| 176|0x000000008b000000, 0x000000008b100000, 0x000000008b100000|100%|HC|  |TAMS 0x000000008b100000, 0x000000008b000000| Complete 
| 177|0x000000008b100000, 0x000000008b200000, 0x000000008b200000|100%|HC|  |TAMS 0x000000008b200000, 0x000000008b100000| Complete 
| 178|0x000000008b200000, 0x000000008b300000, 0x000000008b300000|100%|HC|  |TAMS 0x000000008b300000, 0x000000008b200000| Complete 
| 179|0x000000008b300000, 0x000000008b400000, 0x000000008b400000|100%|HS|  |TAMS 0x000000008b400000, 0x000000008b300000| Complete 
| 180|0x000000008b400000, 0x000000008b500000, 0x000000008b500000|100%|HC|  |TAMS 0x000000008b500000, 0x000000008b400000| Complete 
| 181|0x000000008b500000, 0x000000008b600000, 0x000000008b600000|100%|HC|  |TAMS 0x000000008b600000, 0x000000008b500000| Complete 
| 182|0x000000008b600000, 0x000000008b600000, 0x000000008b700000|  0%| F|  |TAMS 0x000000008b600000, 0x000000008b600000| Untracked 
| 183|0x000000008b700000, 0x000000008b700000, 0x000000008b800000|  0%| F|  |TAMS 0x000000008b700000, 0x000000008b700000| Untracked 
| 184|0x000000008b800000, 0x000000008b800000, 0x000000008b900000|  0%| F|  |TAMS 0x000000008b800000, 0x000000008b800000| Untracked 
| 185|0x000000008b900000, 0x000000008b900000, 0x000000008ba00000|  0%| F|  |TAMS 0x000000008b900000, 0x000000008b900000| Untracked 
| 186|0x000000008ba00000, 0x000000008ba00000, 0x000000008bb00000|  0%| F|  |TAMS 0x000000008ba00000, 0x000000008ba00000| Untracked 
| 187|0x000000008bb00000, 0x000000008bb00000, 0x000000008bc00000|  0%| F|  |TAMS 0x000000008bb00000, 0x000000008bb00000| Untracked 
| 188|0x000000008bc00000, 0x000000008bc00000, 0x000000008bd00000|  0%| F|  |TAMS 0x000000008bc00000, 0x000000008bc00000| Untracked 
| 189|0x000000008bd00000, 0x000000008bd00000, 0x000000008be00000|  0%| F|  |TAMS 0x000000008bd00000, 0x000000008bd00000| Untracked 
| 190|0x000000008be00000, 0x000000008be00000, 0x000000008bf00000|  0%| F|  |TAMS 0x000000008be00000, 0x000000008be00000| Untracked 
| 191|0x000000008bf00000, 0x000000008bf00000, 0x000000008c000000|  0%| F|  |TAMS 0x000000008bf00000, 0x000000008bf00000| Untracked 
| 192|0x000000008c000000, 0x000000008c000000, 0x000000008c100000|  0%| F|  |TAMS 0x000000008c000000, 0x000000008c000000| Untracked 
| 193|0x000000008c100000, 0x000000008c100000, 0x000000008c200000|  0%| F|  |TAMS 0x000000008c100000, 0x000000008c100000| Untracked 
| 194|0x000000008c200000, 0x000000008c200000, 0x000000008c300000|  0%| F|  |TAMS 0x000000008c200000, 0x000000008c200000| Untracked 
| 195|0x000000008c300000, 0x000000008c300000, 0x000000008c400000|  0%| F|  |TAMS 0x000000008c300000, 0x000000008c300000| Untracked 
| 196|0x000000008c400000, 0x000000008c400000, 0x000000008c500000|  0%| F|  |TAMS 0x000000008c400000, 0x000000008c400000| Untracked 
| 197|0x000000008c500000, 0x000000008c500000, 0x000000008c600000|  0%| F|  |TAMS 0x000000008c500000, 0x000000008c500000| Untracked 
| 198|0x000000008c600000, 0x000000008c600000, 0x000000008c700000|  0%| F|  |TAMS 0x000000008c600000, 0x000000008c600000| Untracked 
| 199|0x000000008c700000, 0x000000008c700000, 0x000000008c800000|  0%| F|  |TAMS 0x000000008c700000, 0x000000008c700000| Untracked 
| 200|0x000000008c800000, 0x000000008c800000, 0x000000008c900000|  0%| F|  |TAMS 0x000000008c800000, 0x000000008c800000| Untracked 
| 201|0x000000008c900000, 0x000000008c900000, 0x000000008ca00000|  0%| F|  |TAMS 0x000000008c900000, 0x000000008c900000| Untracked 
| 202|0x000000008ca00000, 0x000000008ca00000, 0x000000008cb00000|  0%| F|  |TAMS 0x000000008ca00000, 0x000000008ca00000| Untracked 
| 203|0x000000008cb00000, 0x000000008cb00000, 0x000000008cc00000|  0%| F|  |TAMS 0x000000008cb00000, 0x000000008cb00000| Untracked 
| 204|0x000000008cc00000, 0x000000008cc00000, 0x000000008cd00000|  0%| F|  |TAMS 0x000000008cc00000, 0x000000008cc00000| Untracked 
| 205|0x000000008cd00000, 0x000000008cd00000, 0x000000008ce00000|  0%| F|  |TAMS 0x000000008cd00000, 0x000000008cd00000| Untracked 
| 206|0x000000008ce00000, 0x000000008ce00000, 0x000000008cf00000|  0%| F|  |TAMS 0x000000008ce00000, 0x000000008ce00000| Untracked 
| 207|0x000000008cf00000, 0x000000008cf00000, 0x000000008d000000|  0%| F|  |TAMS 0x000000008cf00000, 0x000000008cf00000| Untracked 
| 208|0x000000008d000000, 0x000000008d000000, 0x000000008d100000|  0%| F|  |TAMS 0x000000008d000000, 0x000000008d000000| Untracked 
| 209|0x000000008d100000, 0x000000008d100000, 0x000000008d200000|  0%| F|  |TAMS 0x000000008d100000, 0x000000008d100000| Untracked 
| 210|0x000000008d200000, 0x000000008d200000, 0x000000008d300000|  0%| F|  |TAMS 0x000000008d200000, 0x000000008d200000| Untracked 
| 211|0x000000008d300000, 0x000000008d300000, 0x000000008d400000|  0%| F|  |TAMS 0x000000008d300000, 0x000000008d300000| Untracked 
| 212|0x000000008d400000, 0x000000008d400000, 0x000000008d500000|  0%| F|  |TAMS 0x000000008d400000, 0x000000008d400000| Untracked 
| 213|0x000000008d500000, 0x000000008d500000, 0x000000008d600000|  0%| F|  |TAMS 0x000000008d500000, 0x000000008d500000| Untracked 
| 214|0x000000008d600000, 0x000000008d600000, 0x000000008d700000|  0%| F|  |TAMS 0x000000008d600000, 0x000000008d600000| Untracked 
| 215|0x000000008d700000, 0x000000008d700000, 0x000000008d800000|  0%| F|  |TAMS 0x000000008d700000, 0x000000008d700000| Untracked 
| 216|0x000000008d800000, 0x000000008d800000, 0x000000008d900000|  0%| F|  |TAMS 0x000000008d800000, 0x000000008d800000| Untracked 
| 217|0x000000008d900000, 0x000000008d900000, 0x000000008da00000|  0%| F|  |TAMS 0x000000008d900000, 0x000000008d900000| Untracked 
| 218|0x000000008da00000, 0x000000008da00000, 0x000000008db00000|  0%| F|  |TAMS 0x000000008da00000, 0x000000008da00000| Untracked 
| 219|0x000000008db00000, 0x000000008db00000, 0x000000008dc00000|  0%| F|  |TAMS 0x000000008db00000, 0x000000008db00000| Untracked 
| 220|0x000000008dc00000, 0x000000008dc00000, 0x000000008dd00000|  0%| F|  |TAMS 0x000000008dc00000, 0x000000008dc00000| Untracked 
| 221|0x000000008dd00000, 0x000000008dd00000, 0x000000008de00000|  0%| F|  |TAMS 0x000000008dd00000, 0x000000008dd00000| Untracked 
| 222|0x000000008de00000, 0x000000008de00000, 0x000000008df00000|  0%| F|  |TAMS 0x000000008de00000, 0x000000008de00000| Untracked 
| 223|0x000000008df00000, 0x000000008df00000, 0x000000008e000000|  0%| F|  |TAMS 0x000000008df00000, 0x000000008df00000| Untracked 
| 224|0x000000008e000000, 0x000000008e000000, 0x000000008e100000|  0%| F|  |TAMS 0x000000008e000000, 0x000000008e000000| Untracked 
| 225|0x000000008e100000, 0x000000008e100000, 0x000000008e200000|  0%| F|  |TAMS 0x000000008e100000, 0x000000008e100000| Untracked 
| 226|0x000000008e200000, 0x000000008e200000, 0x000000008e300000|  0%| F|  |TAMS 0x000000008e200000, 0x000000008e200000| Untracked 
| 227|0x000000008e300000, 0x000000008e300000, 0x000000008e400000|  0%| F|  |TAMS 0x000000008e300000, 0x000000008e300000| Untracked 
| 228|0x000000008e400000, 0x000000008e400000, 0x000000008e500000|  0%| F|  |TAMS 0x000000008e400000, 0x000000008e400000| Untracked 
| 229|0x000000008e500000, 0x000000008e500000, 0x000000008e600000|  0%| F|  |TAMS 0x000000008e500000, 0x000000008e500000| Untracked 
| 230|0x000000008e600000, 0x000000008e600000, 0x000000008e700000|  0%| F|  |TAMS 0x000000008e600000, 0x000000008e600000| Untracked 
| 231|0x000000008e700000, 0x000000008e700000, 0x000000008e800000|  0%| F|  |TAMS 0x000000008e700000, 0x000000008e700000| Untracked 
| 232|0x000000008e800000, 0x000000008e800000, 0x000000008e900000|  0%| F|  |TAMS 0x000000008e800000, 0x000000008e800000| Untracked 
| 233|0x000000008e900000, 0x000000008e900000, 0x000000008ea00000|  0%| F|  |TAMS 0x000000008e900000, 0x000000008e900000| Untracked 
| 234|0x000000008ea00000, 0x000000008ea00000, 0x000000008eb00000|  0%| F|  |TAMS 0x000000008ea00000, 0x000000008ea00000| Untracked 
| 235|0x000000008eb00000, 0x000000008eb00000, 0x000000008ec00000|  0%| F|  |TAMS 0x000000008eb00000, 0x000000008eb00000| Untracked 
| 236|0x000000008ec00000, 0x000000008ec00000, 0x000000008ed00000|  0%| F|  |TAMS 0x000000008ec00000, 0x000000008ec00000| Untracked 
| 237|0x000000008ed00000, 0x000000008ed00000, 0x000000008ee00000|  0%| F|  |TAMS 0x000000008ed00000, 0x000000008ed00000| Untracked 
| 238|0x000000008ee00000, 0x000000008ee00000, 0x000000008ef00000|  0%| F|  |TAMS 0x000000008ee00000, 0x000000008ee00000| Untracked 
| 239|0x000000008ef00000, 0x000000008ef00000, 0x000000008f000000|  0%| F|  |TAMS 0x000000008ef00000, 0x000000008ef00000| Untracked 
| 240|0x000000008f000000, 0x000000008f000000, 0x000000008f100000|  0%| F|  |TAMS 0x000000008f000000, 0x000000008f000000| Untracked 
| 241|0x000000008f100000, 0x000000008f100000, 0x000000008f200000|  0%| F|  |TAMS 0x000000008f100000, 0x000000008f100000| Untracked 
| 242|0x000000008f200000, 0x000000008f200000, 0x000000008f300000|  0%| F|  |TAMS 0x000000008f200000, 0x000000008f200000| Untracked 
| 243|0x000000008f300000, 0x000000008f300000, 0x000000008f400000|  0%| F|  |TAMS 0x000000008f300000, 0x000000008f300000| Untracked 
| 244|0x000000008f400000, 0x000000008f400000, 0x000000008f500000|  0%| F|  |TAMS 0x000000008f400000, 0x000000008f400000| Untracked 
| 245|0x000000008f500000, 0x000000008f500000, 0x000000008f600000|  0%| F|  |TAMS 0x000000008f500000, 0x000000008f500000| Untracked 
| 246|0x000000008f600000, 0x000000008f600000, 0x000000008f700000|  0%| F|  |TAMS 0x000000008f600000, 0x000000008f600000| Untracked 
| 247|0x000000008f700000, 0x000000008f700000, 0x000000008f800000|  0%| F|  |TAMS 0x000000008f700000, 0x000000008f700000| Untracked 
| 248|0x000000008f800000, 0x000000008f800000, 0x000000008f900000|  0%| F|  |TAMS 0x000000008f800000, 0x000000008f800000| Untracked 
| 249|0x000000008f900000, 0x000000008f900000, 0x000000008fa00000|  0%| F|  |TAMS 0x000000008f900000, 0x000000008f900000| Untracked 
| 250|0x000000008fa00000, 0x000000008fa00000, 0x000000008fb00000|  0%| F|  |TAMS 0x000000008fa00000, 0x000000008fa00000| Untracked 
| 251|0x000000008fb00000, 0x000000008fb00000, 0x000000008fc00000|  0%| F|  |TAMS 0x000000008fb00000, 0x000000008fb00000| Untracked 
| 252|0x000000008fc00000, 0x000000008fc00000, 0x000000008fd00000|  0%| F|  |TAMS 0x000000008fc00000, 0x000000008fc00000| Untracked 
| 253|0x000000008fd00000, 0x000000008fd00000, 0x000000008fe00000|  0%| F|  |TAMS 0x000000008fd00000, 0x000000008fd00000| Untracked 
| 254|0x000000008fe00000, 0x000000008fe00000, 0x000000008ff00000|  0%| F|  |TAMS 0x000000008fe00000, 0x000000008fe00000| Untracked 
| 255|0x000000008ff00000, 0x000000008ff00000, 0x0000000090000000|  0%| F|  |TAMS 0x000000008ff00000, 0x000000008ff00000| Untracked 
| 256|0x0000000090000000, 0x0000000090000000, 0x0000000090100000|  0%| F|  |TAMS 0x0000000090000000, 0x0000000090000000| Untracked 
| 257|0x0000000090100000, 0x0000000090100000, 0x0000000090200000|  0%| F|  |TAMS 0x0000000090100000, 0x0000000090100000| Untracked 
| 258|0x0000000090200000, 0x00000000902598d0, 0x0000000090300000| 34%| S|CS|TAMS 0x0000000090200000, 0x0000000090200000| Complete 
| 259|0x0000000090300000, 0x0000000090400000, 0x0000000090400000|100%| S|CS|TAMS 0x0000000090300000, 0x0000000090300000| Complete 
| 260|0x0000000090400000, 0x0000000090401cd0, 0x0000000090500000|  0%| E|  |TAMS 0x0000000090400000, 0x0000000090400000| Complete 
| 261|0x0000000090500000, 0x0000000090600000, 0x0000000090600000|100%| E|CS|TAMS 0x0000000090500000, 0x0000000090500000| Complete 
| 262|0x0000000090600000, 0x0000000090700000, 0x0000000090700000|100%| E|CS|TAMS 0x0000000090600000, 0x0000000090600000| Complete 
| 263|0x0000000090700000, 0x0000000090800000, 0x0000000090800000|100%| E|CS|TAMS 0x0000000090700000, 0x0000000090700000| Complete 

Card table byte_map: [0x0000020fe5850000,0x0000020fe5c50000] _byte_map_base: 0x0000020fe5450000

Marking Bits (Prev, Next): (CMBitMap*) 0x0000020fd0bad320, (CMBitMap*) 0x0000020fd0bad2e8
 Prev Bits: [0x0000020fe8050000, 0x0000020fea050000)
 Next Bits: [0x0000020fe6050000, 0x0000020fe8050000)

Polling page: 0x0000020fd0a20000

Metaspace:

Usage:
  Non-class:    126.79 MB capacity,   123.77 MB ( 98%) used,     2.48 MB (  2%) free+waste,   553.38 KB ( <1%) overhead. 
      Class:     19.26 MB capacity,    17.58 MB ( 91%) used,     1.44 MB (  7%) free+waste,   243.13 KB (  1%) overhead. 
       Both:    146.06 MB capacity,   141.36 MB ( 97%) used,     3.93 MB (  3%) free+waste,   796.50 KB ( <1%) overhead. 

Virtual space:
  Non-class space:      128.00 MB reserved,     127.00 MB (>99%) committed 
      Class space:        1.00 GB reserved,      19.38 MB (  2%) committed 
             Both:        1.13 GB reserved,     146.38 MB ( 13%) committed 

Chunk freelists:
   Non-Class:  18.00 KB
       Class:  18.00 KB
        Both:  36.00 KB

MaxMetaspaceSize: 17179869184.00 GB
CompressedClassSpaceSize: 1.00 GB

CodeHeap 'non-profiled nmethods': size=120064Kb used=21503Kb max_used=21503Kb free=98560Kb
 bounds [0x0000020fdd8f0000, 0x0000020fdee20000, 0x0000020fe4e30000]
CodeHeap 'profiled nmethods': size=120000Kb used=54990Kb max_used=56342Kb free=65009Kb
 bounds [0x0000020fd63c0000, 0x0000020fd9af0000, 0x0000020fdd8f0000]
CodeHeap 'non-nmethods': size=5696Kb used=2409Kb max_used=2475Kb free=3286Kb
 bounds [0x0000020fd5e30000, 0x0000020fd60b0000, 0x0000020fd63c0000]
 total_blobs=25728 nmethods=24681 adapters=957
 compilation: enabled
              stopped_count=0, restarted_count=0
 full_count=0

Compilation events (20 events):
Event: 4214.572 Thread 0x0000020fecfba000 28678       3       com.amazon.ion.impl.bin.WriteBuffer::writeUInt8At (42 bytes)
Event: 4214.573 Thread 0x0000020fecfba000 nmethod 28678 0x0000020fd76c8190 code [0x0000020fd76c83a0, 0x0000020fd76c8948]
Event: 4214.573 Thread 0x0000020fecfba000 28679       3       com.amazon.ion.impl.bin.IonManagedBinaryWriter::writeString (18 bytes)
Event: 4214.573 Thread 0x0000020fecfba000 nmethod 28679 0x0000020fd6aee890 code [0x0000020fd6aeea60, 0x0000020fd6aeec78]
Event: 4214.573 Thread 0x0000020fecfba000 28680       3       com.amazon.ion.impl.bin.IonManagedBinaryWriter$UserState::writeString (1 bytes)
Event: 4214.573 Thread 0x0000020fecfba000 nmethod 28680 0x0000020fd6800890 code [0x0000020fd6800a40, 0x0000020fd6800b38]
Event: 4214.573 Thread 0x0000020fecfba000 28682       3       com.amazon.ion.impl.bin.IonRawBinaryWriter$PatchPoint::<init> (27 bytes)
Event: 4214.573 Thread 0x0000020fecfba000 nmethod 28682 0x0000020fd6817890 code [0x0000020fd6817a40, 0x0000020fd6817bb8]
Event: 4214.573 Thread 0x0000020fecfba000 28681       3       com.amazon.ion.impl.bin.IonRawBinaryWriter::addPatchPoint (82 bytes)
Event: 4214.574 Thread 0x0000020fecfba000 nmethod 28681 0x0000020fd7bdd310 code [0x0000020fd7bdd580, 0x0000020fd7bde0d8]
Event: 4214.574 Thread 0x0000020fecfba000 28683       3       com.amazon.ion.impl.bin.IonRawBinaryWriter$PatchList::append (43 bytes)
Event: 4214.574 Thread 0x0000020fecfba000 nmethod 28683 0x0000020fd7594f10 code [0x0000020fd75950e0, 0x0000020fd7595538]
Event: 4214.574 Thread 0x0000020fecfba000 28684       3       com.amazon.ion.impl.bin.IonRawBinaryWriter$PatchList$Node::<init> (10 bytes)
Event: 4214.574 Thread 0x0000020fecfba000 nmethod 28684 0x0000020fd68af210 code [0x0000020fd68af3c0, 0x0000020fd68af578]
Event: 4214.574 Thread 0x0000020fecfba000 28686       3       com.amazon.ion.impl.bin.IonRawBinaryWriter$PatchList$1::next (5 bytes)
Event: 4214.574 Thread 0x0000020fecfba000 nmethod 28686 0x0000020fd6832710 code [0x0000020fd68328c0, 0x0000020fd68329e8]
Event: 4214.574 Thread 0x0000020fecfba000 28687       3       com.amazon.ion.impl.bin.IonRawBinaryWriter$PatchList$1::next (36 bytes)
Event: 4214.574 Thread 0x0000020fecfba000 nmethod 28687 0x0000020fd6bfbd10 code [0x0000020fd6bfbee0, 0x0000020fd6bfc208]
Event: 4214.574 Thread 0x0000020fecfba000 28685       3       com.amazon.ion.impl.bin.IonRawBinaryWriter$ContainerInfo::appendPatch (27 bytes)
Event: 4214.574 Thread 0x0000020fecfba000 nmethod 28685 0x0000020fd6c0f990 code [0x0000020fd6c0fb60, 0x0000020fd6c0fe48]

GC Heap History (20 events):
Event: 3722.758 GC heap before
{Heap before GC invocations=87 (full 0):
 garbage-first heap   total 262144K, used 144372K [0x0000000080000000, 0x0000000100000000)
  region size 1024K, 12 young (12288K), 9 survivors (9216K)
 Metaspace       used 133962K, capacity 138146K, committed 138240K, reserved 1169408K
  class space    used 16641K, capacity 18156K, committed 18176K, reserved 1048576K
}
Event: 3722.779 GC heap after
{Heap after GC invocations=88 (full 0):
 garbage-first heap   total 262144K, used 134529K [0x0000000080000000, 0x0000000100000000)
  region size 1024K, 2 young (2048K), 2 survivors (2048K)
 Metaspace       used 133962K, capacity 138146K, committed 138240K, reserved 1169408K
  class space    used 16641K, capacity 18156K, committed 18176K, reserved 1048576K
}
Event: 3725.268 GC heap before
{Heap before GC invocations=88 (full 0):
 garbage-first heap   total 262144K, used 189825K [0x0000000080000000, 0x0000000100000000)
  region size 1024K, 58 young (59392K), 2 survivors (2048K)
 Metaspace       used 133996K, capacity 138148K, committed 138240K, reserved 1169408K
  class space    used 16641K, capacity 18156K, committed 18176K, reserved 1048576K
}
Event: 3725.279 GC heap after
{Heap after GC invocations=89 (full 0):
 garbage-first heap   total 262144K, used 134798K [0x0000000080000000, 0x0000000100000000)
  region size 1024K, 3 young (3072K), 3 survivors (3072K)
 Metaspace       used 133996K, capacity 138148K, committed 138240K, reserved 1169408K
  class space    used 16641K, capacity 18156K, committed 18176K, reserved 1048576K
}
Event: 4205.282 GC heap before
{Heap before GC invocations=90 (full 0):
 garbage-first heap   total 262144K, used 256654K [0x0000000080000000, 0x0000000100000000)
  region size 1024K, 84 young (86016K), 3 survivors (3072K)
 Metaspace       used 135494K, capacity 140023K, committed 140160K, reserved 1171456K
  class space    used 16860K, capacity 18484K, committed 18560K, reserved 1048576K
}
Event: 4205.297 GC heap after
{Heap after GC invocations=91 (full 0):
 garbage-first heap   total 270336K, used 162105K [0x0000000080000000, 0x0000000100000000)
  region size 1024K, 11 young (11264K), 11 survivors (11264K)
 Metaspace       used 135494K, capacity 140023K, committed 140160K, reserved 1171456K
  class space    used 16860K, capacity 18484K, committed 18560K, reserved 1048576K
}
Event: 4205.321 GC heap before
{Heap before GC invocations=91 (full 0):
 garbage-first heap   total 270336K, used 163129K [0x0000000080000000, 0x0000000100000000)
  region size 1024K, 13 young (13312K), 11 survivors (11264K)
 Metaspace       used 135498K, capacity 140023K, committed 140160K, reserved 1171456K
  class space    used 16860K, capacity 18484K, committed 18560K, reserved 1048576K
}
Event: 4205.338 GC heap after
{Heap after GC invocations=92 (full 0):
 garbage-first heap   total 270336K, used 155046K [0x0000000080000000, 0x0000000100000000)
  region size 1024K, 1 young (1024K), 1 survivors (1024K)
 Metaspace       used 135498K, capacity 140023K, committed 140160K, reserved 1171456K
  class space    used 16860K, capacity 18484K, committed 18560K, reserved 1048576K
}
Event: 4208.344 GC heap before
{Heap before GC invocations=92 (full 0):
 garbage-first heap   total 270336K, used 223654K [0x0000000080000000, 0x0000000100000000)
  region size 1024K, 68 young (69632K), 1 survivors (1024K)
 Metaspace       used 139265K, capacity 143913K, committed 144000K, reserved 1173504K
  class space    used 17403K, capacity 19030K, committed 19072K, reserved 1048576K
}
Event: 4208.356 GC heap after
{Heap after GC invocations=93 (full 0):
 garbage-first heap   total 270336K, used 158118K [0x0000000080000000, 0x0000000100000000)
  region size 1024K, 4 young (4096K), 4 survivors (4096K)
 Metaspace       used 139265K, capacity 143913K, committed 144000K, reserved 1173504K
  class space    used 17403K, capacity 19030K, committed 19072K, reserved 1048576K
}
Event: 4209.613 GC heap before
{Heap before GC invocations=94 (full 0):
 garbage-first heap   total 270336K, used 224678K [0x0000000080000000, 0x0000000100000000)
  region size 1024K, 69 young (70656K), 4 survivors (4096K)
 Metaspace       used 142881K, capacity 147590K, committed 147712K, reserved 1177600K
  class space    used 17722K, capacity 19400K, committed 19456K, reserved 1048576K
}
Event: 4209.632 GC heap after
{Heap after GC invocations=95 (full 0):
 garbage-first heap   total 270336K, used 163230K [0x0000000080000000, 0x0000000100000000)
  region size 1024K, 9 young (9216K), 9 survivors (9216K)
 Metaspace       used 142881K, capacity 147590K, committed 147712K, reserved 1177600K
  class space    used 17722K, capacity 19400K, committed 19456K, reserved 1048576K
}
Event: 4209.680 GC heap before
{Heap before GC invocations=95 (full 0):
 garbage-first heap   total 270336K, used 166302K [0x0000000080000000, 0x0000000100000000)
  region size 1024K, 13 young (13312K), 9 survivors (9216K)
 Metaspace       used 142881K, capacity 147590K, committed 147712K, reserved 1177600K
  class space    used 17722K, capacity 19400K, committed 19456K, reserved 1048576K
}
Event: 4209.718 GC heap after
{Heap after GC invocations=96 (full 0):
 garbage-first heap   total 270336K, used 150214K [0x0000000080000000, 0x0000000100000000)
  region size 1024K, 2 young (2048K), 2 survivors (2048K)
 Metaspace       used 142881K, capacity 147590K, committed 147712K, reserved 1177600K
  class space    used 17722K, capacity 19400K, committed 19456K, reserved 1048576K
}
Event: 4212.515 GC heap before
{Heap before GC invocations=96 (full 0):
 garbage-first heap   total 270336K, used 218822K [0x0000000080000000, 0x0000000100000000)
  region size 1024K, 70 young (71680K), 2 survivors (2048K)
 Metaspace       used 143109K, capacity 147866K, committed 147968K, reserved 1177600K
  class space    used 17755K, capacity 19445K, committed 19456K, reserved 1048576K
}
Event: 4212.527 GC heap after
{Heap after GC invocations=97 (full 0):
 garbage-first heap   total 270336K, used 153406K [0x0000000080000000, 0x0000000100000000)
  region size 1024K, 5 young (5120K), 5 survivors (5120K)
 Metaspace       used 143109K, capacity 147866K, committed 147968K, reserved 1177600K
  class space    used 17755K, capacity 19445K, committed 19456K, reserved 1048576K
}
Event: 4214.428 GC heap before
{Heap before GC invocations=98 (full 0):
 garbage-first heap   total 270336K, used 223038K [0x0000000080000000, 0x0000000100000000)
  region size 1024K, 73 young (74752K), 5 survivors (5120K)
 Metaspace       used 144356K, capacity 149198K, committed 149248K, reserved 1179648K
  class space    used 17937K, capacity 19672K, committed 19712K, reserved 1048576K
}
Event: 4214.439 GC heap after
{Heap after GC invocations=99 (full 0):
 garbage-first heap   total 270336K, used 157583K [0x0000000080000000, 0x0000000100000000)
  region size 1024K, 9 young (9216K), 9 survivors (9216K)
 Metaspace       used 144356K, capacity 149198K, committed 149248K, reserved 1179648K
  class space    used 17937K, capacity 19672K, committed 19712K, reserved 1048576K
}
Event: 4214.521 GC heap before
{Heap before GC invocations=99 (full 0):
 garbage-first heap   total 270336K, used 160655K [0x0000000080000000, 0x0000000100000000)
  region size 1024K, 13 young (13312K), 9 survivors (9216K)
 Metaspace       used 144519K, capacity 149394K, committed 149504K, reserved 1179648K
  class space    used 17976K, capacity 19691K, committed 19712K, reserved 1048576K
}
Event: 4214.534 GC heap after
{Heap after GC invocations=100 (full 0):
 garbage-first heap   total 270336K, used 157857K [0x0000000080000000, 0x0000000100000000)
  region size 1024K, 2 young (2048K), 2 survivors (2048K)
 Metaspace       used 144519K, capacity 149394K, committed 149504K, reserved 1179648K
  class space    used 17976K, capacity 19691K, committed 19712K, reserved 1048576K
}

Deoptimization events (20 events):
Event: 4213.346 Thread 0x0000020ff2fc2800 Uncommon trap: trap_request=0xffffffc6 fr.pc=0x0000020fdece5e04 relative=0x0000000000000444
Event: 4213.347 Thread 0x0000020ff2fc2800 Uncommon trap: reason=bimorphic_or_optimized_type_check action=maybe_recompile pc=0x0000020fdece5e04 method=org.gradle.api.internal.artifacts.DefaultModuleVersionIdentifier.<init>(Lorg/gradle/api/artifacts/ModuleIdentifier;Ljava/lang/String;)V @ 38 c2
Event: 4213.347 Thread 0x0000020ff2fc2800 DEOPT PACKING pc=0x0000020fdece5e04 sp=0x00000078cd9fa5c0
Event: 4213.347 Thread 0x0000020ff2fc2800 DEOPT UNPACKING pc=0x0000020fd5e578af sp=0x00000078cd9fa568 mode 2
Event: 4213.347 Thread 0x0000020ff2fc2800 Uncommon trap: trap_request=0xffffffc6 fr.pc=0x0000020fde9080d0 relative=0x0000000000005b90
Event: 4213.347 Thread 0x0000020ff2fc2800 Uncommon trap: reason=bimorphic_or_optimized_type_check action=maybe_recompile pc=0x0000020fde9080d0 method=org.gradle.api.internal.artifacts.ivyservice.ivyresolve.CachingModuleComponentRepository$LocateInCacheRepositoryAccess.resolveArtifactFromCache(Lor
Event: 4213.347 Thread 0x0000020ff2fc2800 DEOPT PACKING pc=0x0000020fde9080d0 sp=0x00000078cd9fad20
Event: 4213.347 Thread 0x0000020ff2fc2800 DEOPT UNPACKING pc=0x0000020fd5e578af sp=0x00000078cd9fab40 mode 2
Event: 4214.271 Thread 0x0000020ff2fc2800 Uncommon trap: trap_request=0xffffff4d fr.pc=0x0000020fde160b34 relative=0x00000000000009b4
Event: 4214.271 Thread 0x0000020ff2fc2800 Uncommon trap: reason=unstable_if action=reinterpret pc=0x0000020fde160b34 method=org.gradle.internal.component.external.model.DefaultModuleComponentArtifactIdentifier.equals(Ljava/lang/Object;)Z @ 2 c2
Event: 4214.271 Thread 0x0000020ff2fc2800 DEOPT PACKING pc=0x0000020fde160b34 sp=0x00000078cd9fa6c0
Event: 4214.271 Thread 0x0000020ff2fc2800 DEOPT UNPACKING pc=0x0000020fd5e578af sp=0x00000078cd9fa670 mode 2
Event: 4214.461 Thread 0x0000020ff2fc2800 Uncommon trap: trap_request=0x00000019 fr.pc=0x0000020fdde0b1e8 relative=0x0000000000003d28
Event: 4214.461 Thread 0x0000020ff2fc2800 Uncommon trap: reason=unloaded action=reinterpret pc=0x0000020fdde0b1e8 method=sun.reflect.generics.factory.CoreReflectionFactory.makeNamedType(Ljava/lang/String;)Ljava/lang/reflect/Type; @ 11 c2
Event: 4214.461 Thread 0x0000020ff2fc2800 DEOPT PACKING pc=0x0000020fdde0b1e8 sp=0x00000078cd9fa3a0
Event: 4214.461 Thread 0x0000020ff2fc2800 DEOPT UNPACKING pc=0x0000020fd5e578af sp=0x00000078cd9fa338 mode 2
Event: 4214.475 Thread 0x0000020ff2fc2800 Uncommon trap: trap_request=0xffffffde fr.pc=0x0000020fde22e558 relative=0x0000000000004d98
Event: 4214.475 Thread 0x0000020ff2fc2800 Uncommon trap: reason=class_check action=maybe_recompile pc=0x0000020fde22e558 method=java.lang.reflect.AccessibleObject.checkCanSetAccessible(Ljava/lang/Class;Ljava/lang/Class;Z)Z @ 71 c2
Event: 4214.475 Thread 0x0000020ff2fc2800 DEOPT PACKING pc=0x0000020fde22e558 sp=0x00000078cd9f9400
Event: 4214.475 Thread 0x0000020ff2fc2800 DEOPT UNPACKING pc=0x0000020fd5e578af sp=0x00000078cd9f9438 mode 2

Classes redefined (0 events):
No events

Internal exceptions (20 events):
Event: 4214.446 Thread 0x0000020ff2fc2800 Exception <a 'java/lang/NoSuchMethodError'{0x000000009073ff80}: <clinit>> (0x000000009073ff80) thrown at [./src/hotspot/share/prims/jni.cpp, line 1362]
Event: 4214.447 Thread 0x0000020ff2fc2800 Exception <a 'java/lang/NoSuchMethodError'{0x0000000090776b08}: <clinit>> (0x0000000090776b08) thrown at [./src/hotspot/share/prims/jni.cpp, line 1362]
Event: 4214.462 Thread 0x0000020ff2fc2800 Exception <a 'java/lang/ClassNotFoundException'{0x000000009065b6c0}: org/gradle/plugins/ide/idea/IdeaPluginBeanInfo> (0x000000009065b6c0) thrown at [./src/hotspot/share/classfile/systemDictionary.cpp, line 231]
Event: 4214.462 Thread 0x0000020ff2fc2800 Exception <a 'java/lang/ClassNotFoundException'{0x000000009067ad30}: org/gradle/plugins/ide/internal/IdePluginBeanInfo> (0x000000009067ad30) thrown at [./src/hotspot/share/classfile/systemDictionary.cpp, line 231]
Event: 4214.463 Thread 0x0000020ff2fc2800 Exception <a 'java/lang/ClassNotFoundException'{0x000000009069bf68}: org/gradle/plugins/ide/internal/IdePluginCustomizer> (0x000000009069bf68) thrown at [./src/hotspot/share/classfile/systemDictionary.cpp, line 231]
Event: 4214.464 Thread 0x0000020ff2fc2800 Exception <a 'java/lang/ClassNotFoundException'{0x00000000906c5a60}: org/gradle/plugins/ide/idea/IdeaPluginCustomizer> (0x00000000906c5a60) thrown at [./src/hotspot/share/classfile/systemDictionary.cpp, line 231]
Event: 4214.467 Thread 0x0000020ff2fc2800 Exception <a 'java/lang/ClassNotFoundException'{0x0000000090518228}: org/gradle/plugins/ide/idea/model/IdeaModel_DecoratedBeanInfo> (0x0000000090518228) thrown at [./src/hotspot/share/classfile/systemDictionary.cpp, line 231]
Event: 4214.469 Thread 0x0000020ff2fc2800 Exception <a 'java/lang/ClassNotFoundException'{0x0000000090539698}: org/gradle/plugins/ide/idea/model/IdeaModelBeanInfo> (0x0000000090539698) thrown at [./src/hotspot/share/classfile/systemDictionary.cpp, line 231]
Event: 4214.471 Thread 0x0000020ff2fc2800 Exception <a 'java/lang/ClassNotFoundException'{0x000000009055a960}: org/gradle/plugins/ide/idea/model/IdeaModelCustomizer> (0x000000009055a960) thrown at [./src/hotspot/share/classfile/systemDictionary.cpp, line 231]
Event: 4214.472 Thread 0x0000020ff2fc2800 Exception <a 'java/lang/ClassNotFoundException'{0x000000009058dee8}: org/gradle/plugins/ide/idea/model/IdeaModel_DecoratedCustomizer> (0x000000009058dee8) thrown at [./src/hotspot/share/classfile/systemDictionary.cpp, line 231]
Event: 4214.477 Thread 0x0000020ff2fc2800 Exception <a 'java/lang/ClassNotFoundException'{0x00000000905e25b8}: org/jetbrains/plugins/gradle/tooling/util/JavaPluginUtilBeanInfo> (0x00000000905e25b8) thrown at [./src/hotspot/share/classfile/systemDictionary.cpp, line 231]
Event: 4214.491 Thread 0x0000020ff2fc2800 Exception <a 'java/lang/ClassNotFoundException'{0x00000000905f4530}: org/jetbrains/plugins/gradle/tooling/util/JavaPluginUtilCustomizer> (0x00000000905f4530) thrown at [./src/hotspot/share/classfile/systemDictionary.cpp, line 231]
Event: 4214.552 Thread 0x0000020ff2fc2800 Exception <a 'java/lang/ClassNotFoundException'{0x00000000907706a0}: org/gradle/api/tasks/SourceSetBeanInfo> (0x00000000907706a0) thrown at [./src/hotspot/share/classfile/systemDictionary.cpp, line 231]
Event: 4214.553 Thread 0x0000020ff2fc2800 Exception <a 'java/lang/ClassNotFoundException'{0x000000009078e358}: org/gradle/api/tasks/SourceSetCustomizer> (0x000000009078e358) thrown at [./src/hotspot/share/classfile/systemDictionary.cpp, line 231]
Event: 4214.556 Thread 0x0000020ff2fc2800 Exception <a 'java/lang/ClassNotFoundException'{0x000000009060ca70}: java/util/LinkedHashMapBeanInfo> (0x000000009060ca70) thrown at [./src/hotspot/share/classfile/systemDictionary.cpp, line 231]
Event: 4214.556 Thread 0x0000020ff2fc2800 Exception <a 'java/lang/ClassNotFoundException'{0x0000000090615d00}: java/util/HashMapBeanInfo> (0x0000000090615d00) thrown at [./src/hotspot/share/classfile/systemDictionary.cpp, line 231]
Event: 4214.557 Thread 0x0000020ff2fc2800 Exception <a 'java/lang/ClassNotFoundException'{0x000000009061f7b8}: java/util/AbstractMapBeanInfo> (0x000000009061f7b8) thrown at [./src/hotspot/share/classfile/systemDictionary.cpp, line 231]
Event: 4214.557 Thread 0x0000020ff2fc2800 Exception <a 'java/lang/ClassNotFoundException'{0x0000000090629328}: java/util/AbstractMapCustomizer> (0x0000000090629328) thrown at [./src/hotspot/share/classfile/systemDictionary.cpp, line 231]
Event: 4214.558 Thread 0x0000020ff2fc2800 Exception <a 'java/lang/ClassNotFoundException'{0x000000009063c9b0}: java/util/HashMapCustomizer> (0x000000009063c9b0) thrown at [./src/hotspot/share/classfile/systemDictionary.cpp, line 231]
Event: 4214.559 Thread 0x0000020ff2fc2800 Exception <a 'java/lang/ClassNotFoundException'{0x000000009065d640}: java/util/LinkedHashMapCustomizer> (0x000000009065d640) thrown at [./src/hotspot/share/classfile/systemDictionary.cpp, line 231]

Events (20 events):
Event: 4214.590 loading class com/amazon/ion/impl/bin/IonBinaryWriterAdapter$Factory
Event: 4214.590 loading class com/amazon/ion/impl/bin/IonBinaryWriterAdapter$Factory done
Event: 4214.591 loading class com/amazon/ion/impl/bin/IonManagedBinaryWriter
Event: 4214.591 loading class com/amazon/ion/impl/bin/IonManagedBinaryWriter done
Event: 4214.594 loading class com/amazon/ion/impl/bin/_Private_IonManagedWriter
Event: 4214.594 loading class com/amazon/ion/impl/bin/_Private_IonManagedWriter done
Event: 4214.594 loading class com/amazon/ion/impl/bin/AbstractIonWriter
Event: 4214.594 loading class com/amazon/ion/impl/bin/AbstractIonWriter done
Event: 4214.595 loading class com/amazon/ion/impl/_Private_IonWriter
Event: 4214.595 loading class com/amazon/ion/impl/_Private_IonWriter done
Event: 4214.596 loading class com/amazon/ion/impl/_Private_ByteTransferSink
Event: 4214.596 loading class com/amazon/ion/impl/_Private_ByteTransferSink done
Event: 4214.597 loading class com/amazon/ion/Decimal
Event: 4214.597 loading class com/amazon/ion/Decimal done
Event: 4214.598 loading class com/amazon/ion/UnknownSymbolException
Event: 4214.598 loading class com/amazon/ion/UnknownSymbolException done
Event: 4214.599 loading class com/amazon/ion/impl/bin/_Private_IonRawWriter
Event: 4214.599 loading class com/amazon/ion/impl/bin/_Private_IonRawWriter done
Event: 4214.599 loading class com/amazon/ion/impl/bin/IonManagedBinaryWriter$ImportedSymbolContext
Event: 4214.599 loading class com/amazon/ion/impl/bin/IonManagedBinaryWriter$ImportedSymbolContext done


Dynamic libraries:
0x00007ff705a30000 - 0x00007ff705a3a000 	C:\Program Files\Android\Android Studio\jre\bin\java.exe
0x00007ff9f2350000 - 0x00007ff9f2545000 	C:\WINDOWS\SYSTEM32\ntdll.dll
0x00007ff9f21f0000 - 0x00007ff9f22ae000 	C:\WINDOWS\System32\KERNEL32.DLL
0x00007ff9efec0000 - 0x00007ff9f0189000 	C:\WINDOWS\System32\KERNELBASE.dll
0x00007ff9f0190000 - 0x00007ff9f0290000 	C:\WINDOWS\System32\ucrtbase.dll
0x00007ff9c4540000 - 0x00007ff9c4557000 	C:\Program Files\Android\Android Studio\jre\bin\VCRUNTIME140.dll
0x00007ff9c03e0000 - 0x00007ff9c03f9000 	C:\Program Files\Android\Android Studio\jre\bin\jli.dll
0x00007ff9f1770000 - 0x00007ff9f1911000 	C:\WINDOWS\System32\USER32.dll
0x00007ff9efe90000 - 0x00007ff9efeb2000 	C:\WINDOWS\System32\win32u.dll
0x00007ff9f1690000 - 0x00007ff9f16bb000 	C:\WINDOWS\System32\GDI32.dll
0x00007ff9f0290000 - 0x00007ff9f039b000 	C:\WINDOWS\System32\gdi32full.dll
0x00007ff9efdf0000 - 0x00007ff9efe8d000 	C:\WINDOWS\System32\msvcp_win.dll
0x00007ff9e01c0000 - 0x00007ff9e045a000 	C:\WINDOWS\WinSxS\amd64_microsoft.windows.common-controls_6595b64144ccf1df_6.0.19041.1110_none_60b5254171f9507e\COMCTL32.dll
0x00007ff9f0df0000 - 0x00007ff9f0e8e000 	C:\WINDOWS\System32\msvcrt.dll
0x00007ff9f1660000 - 0x00007ff9f1690000 	C:\WINDOWS\System32\IMM32.DLL
0x00007ff9910e0000 - 0x00007ff99117d000 	C:\Program Files\Android\Android Studio\jre\bin\msvcp140.dll
0x00007ff987880000 - 0x00007ff98834f000 	C:\Program Files\Android\Android Studio\jre\bin\server\jvm.dll
0x00007ff9f1420000 - 0x00007ff9f14cc000 	C:\WINDOWS\System32\ADVAPI32.dll
0x00007ff9f14d0000 - 0x00007ff9f156b000 	C:\WINDOWS\System32\sechost.dll
0x00007ff9f1af0000 - 0x00007ff9f1c1a000 	C:\WINDOWS\System32\RPCRT4.dll
0x00007ff9f0d10000 - 0x00007ff9f0d18000 	C:\WINDOWS\System32\PSAPI.DLL
0x00007ff9e12b0000 - 0x00007ff9e12b9000 	C:\WINDOWS\SYSTEM32\WSOCK32.dll
0x00007ff9f2180000 - 0x00007ff9f21eb000 	C:\WINDOWS\System32\WS2_32.dll
0x00007ff9e6e00000 - 0x00007ff9e6e27000 	C:\WINDOWS\SYSTEM32\WINMM.dll
0x00007ff9e9200000 - 0x00007ff9e920a000 	C:\WINDOWS\SYSTEM32\VERSION.dll
0x00007ff9ed990000 - 0x00007ff9ed9a2000 	C:\WINDOWS\SYSTEM32\kernel.appcore.dll
0x00007ff9d4db0000 - 0x00007ff9d4dc1000 	C:\Program Files\Android\Android Studio\jre\bin\verify.dll
0x00007ff9e9eb0000 - 0x00007ff9ea094000 	C:\WINDOWS\SYSTEM32\DBGHELP.DLL
0x00007ff9e0b90000 - 0x00007ff9e0bbc000 	C:\WINDOWS\SYSTEM32\dbgcore.DLL
0x00007ff9efd60000 - 0x00007ff9efde3000 	C:\WINDOWS\System32\bcryptPrimitives.dll
0x00007ff9cba90000 - 0x00007ff9cbab9000 	C:\Program Files\Android\Android Studio\jre\bin\java.dll
0x00007ff9dc980000 - 0x00007ff9dc98b000 	C:\Program Files\Android\Android Studio\jre\bin\jimage.dll
0x00007ff9d25b0000 - 0x00007ff9d25c8000 	C:\Program Files\Android\Android Studio\jre\bin\zip.dll
0x00007ff9f05d0000 - 0x00007ff9f0d0f000 	C:\WINDOWS\System32\SHELL32.dll
0x00007ff9edb90000 - 0x00007ff9ee320000 	C:\WINDOWS\SYSTEM32\windows.storage.dll
0x00007ff9f0f40000 - 0x00007ff9f1295000 	C:\WINDOWS\System32\combase.dll
0x00007ff9ef4c0000 - 0x00007ff9ef4ec000 	C:\WINDOWS\SYSTEM32\Wldp.dll
0x00007ff9f16c0000 - 0x00007ff9f176e000 	C:\WINDOWS\System32\SHCORE.dll
0x00007ff9f22b0000 - 0x00007ff9f2305000 	C:\WINDOWS\System32\shlwapi.dll
0x00007ff9ef9b0000 - 0x00007ff9ef9cf000 	C:\WINDOWS\SYSTEM32\profapi.dll
0x00007ff9cfe30000 - 0x00007ff9cfe4a000 	C:\Program Files\Android\Android Studio\jre\bin\net.dll
0x00007ff9e45f0000 - 0x00007ff9e46f8000 	C:\WINDOWS\SYSTEM32\WINHTTP.dll
0x00007ff9ef220000 - 0x00007ff9ef28a000 	C:\WINDOWS\system32\mswsock.dll
0x00007ff9cb9c0000 - 0x00007ff9cb9d4000 	C:\Program Files\Android\Android Studio\jre\bin\nio.dll
0x00007ff9b6860000 - 0x00007ff9b6887000 	C:\Users\danie\.gradle\native\8bec1ad78214c89d9ad589b4d07fe93259594b29d510b10fafb7a158f7737e5d\windows-amd64\native-platform.dll
0x00007ff991180000 - 0x00007ff9912bd000 	C:\Users\danie\.gradle\native\53dbd7edfb1c66fb8903c78663c9afc45aea4f116125fa6feffd364cf09443e8\windows-amd64\native-platform-file-events.dll
0x00007ff9dc160000 - 0x00007ff9dc16a000 	C:\Program Files\Android\Android Studio\jre\bin\management.dll
0x00007ff9daec0000 - 0x00007ff9daecc000 	C:\Program Files\Android\Android Studio\jre\bin\management_ext.dll
0x00007ff9ef410000 - 0x00007ff9ef428000 	C:\WINDOWS\SYSTEM32\CRYPTSP.dll
0x00007ff9eeb30000 - 0x00007ff9eeb64000 	C:\WINDOWS\system32\rsaenh.dll
0x00007ff9efd30000 - 0x00007ff9efd57000 	C:\WINDOWS\System32\bcrypt.dll
0x00007ff9ef970000 - 0x00007ff9ef99e000 	C:\WINDOWS\SYSTEM32\USERENV.dll
0x00007ff9ef430000 - 0x00007ff9ef43c000 	C:\WINDOWS\SYSTEM32\CRYPTBASE.dll
0x00007ff9eeec0000 - 0x00007ff9eeefb000 	C:\WINDOWS\SYSTEM32\IPHLPAPI.DLL
0x00007ff9f0410000 - 0x00007ff9f0418000 	C:\WINDOWS\System32\NSI.dll
0x00007ff9e8a60000 - 0x00007ff9e8a77000 	C:\WINDOWS\SYSTEM32\dhcpcsvc6.DLL
0x00007ff9e8880000 - 0x00007ff9e889d000 	C:\WINDOWS\SYSTEM32\dhcpcsvc.DLL
0x00007ff9eef00000 - 0x00007ff9eefcc000 	C:\WINDOWS\SYSTEM32\DNSAPI.dll
0x00007ff9ec5a0000 - 0x00007ff9ec5be000 	C:\Users\danie\AppData\Local\Temp\native-platform16742647625311154939dir\native-platform.dll
0x00007ff9e2090000 - 0x00007ff9e2098000 	C:\Program Files\Android\Android Studio\jre\bin\rmi.dll
0x00007ff9c4da0000 - 0x00007ff9c4dc7000 	C:\Program Files\Android\Android Studio\jre\bin\sunec.dll
0x00007ff9db360000 - 0x00007ff9db3b5000 	C:\WINDOWS\SYSTEM32\symsrv.dll

dbghelp: loaded successfully - version: 4.0.5 - missing functions: none
symbol engine: initialized successfully - sym options: 0x614 - pdb path: .;C:\Program Files\Android\Android Studio\jre\bin;C:\WINDOWS\SYSTEM32;C:\WINDOWS\WinSxS\amd64_microsoft.windows.common-controls_6595b64144ccf1df_6.0.19041.1110_none_60b5254171f9507e;C:\Program Files\Android\Android Studio\jre\bin\server;C:\Users\danie\.gradle\native\8bec1ad78214c89d9ad589b4d07fe93259594b29d510b10fafb7a158f7737e5d\windows-amd64;C:\Users\danie\.gradle\native\53dbd7edfb1c66fb8903c78663c9afc45aea4f116125fa6feffd364cf09443e8\windows-amd64;C:\Users\danie\AppData\Local\Temp\native-platform16742647625311154939dir

VM Arguments:
jvm_args: --add-opens=java.base/java.util=ALL-UNNAMED --add-opens=java.base/java.lang=ALL-UNNAMED --add-opens=java.base/java.lang.invoke=ALL-UNNAMED --add-opens=java.base/java.util=ALL-UNNAMED --add-opens=java.prefs/java.util.prefs=ALL-UNNAMED --add-opens=java.prefs/java.util.prefs=ALL-UNNAMED --add-opens=java.base/java.nio.charset=ALL-UNNAMED --add-opens=java.base/java.net=ALL-UNNAMED --add-opens=java.base/java.util.concurrent.atomic=ALL-UNNAMED -Xmx2048m -Dfile.encoding=UTF-8 -Duser.country=NZ -Duser.language=en -Duser.variant 
java_command: org.gradle.launcher.daemon.bootstrap.GradleDaemon 7.0.2
java_class_path (initial): C:\Users\danie\.gradle\wrapper\dists\gradle-7.0.2-bin\857tjihv64xamwrf0h14cai3r\gradle-7.0.2\lib\gradle-launcher-7.0.2.jar
Launcher Type: SUN_STANDARD

[Global flags]
     intx CICompilerCount                          = 3                                         {product} {ergonomic}
     uint ConcGCThreads                            = 1                                         {product} {ergonomic}
     uint G1ConcRefinementThreads                  = 4                                         {product} {ergonomic}
   size_t G1HeapRegionSize                         = 1048576                                   {product} {ergonomic}
    uintx GCDrainStackTargetSize                   = 64                                        {product} {ergonomic}
   size_t InitialHeapSize                          = 268435456                                 {product} {ergonomic}
   size_t MarkStackSize                            = 4194304                                   {product} {ergonomic}
   size_t MaxHeapSize                              = 2147483648                                {product} {command line}
   size_t MaxNewSize                               = 1287651328                                {product} {ergonomic}
   size_t MinHeapDeltaBytes                        = 1048576                                   {product} {ergonomic}
    uintx NonNMethodCodeHeapSize                   = 5830732                                {pd product} {ergonomic}
    uintx NonProfiledCodeHeapSize                  = 122913754                              {pd product} {ergonomic}
    uintx ProfiledCodeHeapSize                     = 122913754                              {pd product} {ergonomic}
    uintx ReservedCodeCacheSize                    = 251658240                              {pd product} {ergonomic}
     bool SegmentedCodeCache                       = true                                      {product} {ergonomic}
     bool UseCompressedClassPointers               = true                                 {lp64_product} {ergonomic}
     bool UseCompressedOops                        = true                                 {lp64_product} {ergonomic}
     bool UseG1GC                                  = true                                      {product} {ergonomic}
     bool UseLargePagesIndividualAllocation        = false                                  {pd product} {ergonomic}

Logging:
Log output configuration:
 #0: stdout all=warning uptime,level,tags
 #1: stderr all=off uptime,level,tags

Environment Variables:
PATH=C:\Python39\Scripts\;C:\Python39\;C:\Program Files (x86)\NVIDIA Corporation\PhysX\Common;C:\Program Files (x86)\Common Files\Oracle\Java\javapath;C:\WINDOWS\system32;C:\WINDOWS;C:\WINDOWS\System32\Wbem;C:\WINDOWS\System32\WindowsPowerShell\v1.0\;C:\WINDOWS\System32\OpenSSH\;C:\Program Files\Microsoft SQL Server\130\Tools\Binn\;C:\ProgramData\chocolatey\bin;C:\Program Files (x86)\IVI Foundation\VISA\WinNT\Bin;C:\Program Files\Git\cmd;C:\Program Files\nodejs\;C:\Users\danie\AppData\Local\Microsoft\WindowsApps;;C:\Users\danie\AppData\Local\Programs\Microsoft VS Code\bin;C:\Users\danie\AppData\Roaming\npm
USERNAME=danie
OS=Windows_NT
PROCESSOR_IDENTIFIER=AMD64 Family 23 Model 24 Stepping 1, AuthenticAMD



---------------  S Y S T E M  ---------------

OS: Windows 10 , 64 bit Build 19041 (10.0.19041.1202)
OS uptime: 0 days 9:54 hours

CPU:total 4 (initial active 4) (4 cores per cpu, 1 threads per core) family 23 model 24 stepping 1 microcode 0x0, cmov, cx8, fxsr, mmx, sse, sse2, sse3, ssse3, sse4.1, sse4.2, popcnt, avx, avx2, aes, clmul, mmxext, 3dnowpref, lzcnt, sse4a, tsc, tscinvbit, tscinv, bmi1, bmi2, adx, sha, 

Memory: 4k page, system-wide physical 16312M (5016M free)
TotalPageFile size 16312M (AvailPageFile size 9M)
current process WorkingSet (physical memory assigned to process): 622M, peak: 627M
current process commit charge ("private bytes"): 701M, peak: 706M

vm_info: OpenJDK 64-Bit Server VM (11.0.10+0-b96-7249189) for windows-amd64 JRE (11.0.10+0-b96-7249189), built on Mar 31 2021 21:44:00 by "builder" with MS VC++ 14.0 (VS2015)

END.
