#
# There is insufficient memory for the Java Runtime Environment to continue.
# Native memory allocation (mmap) failed to map 268435456 bytes for Failed to commit area from 0x0000000701000000 to 0x0000000711000000 of length 268435456.
# Possible reasons:
#   The system is out of physical RAM or swap space
#   The process is running with CompressedOops enabled, and the Java Heap may be blocking the growth of the native heap
# Possible solutions:
#   Reduce memory load on the system
#   Increase physical memory or swap space
#   Check if swap backing store is full
#   Decrease Java heap size (-Xmx/-Xms)
#   Decrease number of Java threads
#   Decrease Java thread stack sizes (-Xss)
#   Set larger code cache with -XX:ReservedCodeCacheSize=
# This output file may be truncated or incomplete.
#
#  Out of Memory Error (./src/hotspot/os/windows/os_windows.cpp:3301), pid=14780, tid=7288
#
# JRE version:  (11.0.10) (build )
# Java VM: OpenJDK 64-Bit Server VM (11.0.10+0-b96-7249189, mixed mode, sharing, tiered, compressed oops, g1 gc, windows-amd64)
# No core dump will be written. Minidumps are not enabled by default on client versions of Windows
#

---------------  S U M M A R Y ------------

Command Line: org.jetbrains.kotlin.cli.jvm.K2JVMCompiler @C:\Users\danie\AndroidStudioProjects\Choice\app\build\20210903_1324153578692235359.compiler.options

Host: AMD Ryzen 3 3200G with Radeon Vega Graphics    , 4 cores, 15G,  Windows 10 , 64 bit Build 19041 (10.0.19041.1151)
Time: Fri Sep  3 13:59:02 2021 New Zealand Standard Time elapsed time: 0.009016 seconds (0d 0h 0m 0s)

---------------  T H R E A D  ---------------

Current thread (0x00000279217fb800):  JavaThread "Unknown thread" [_thread_in_vm, id=7288, stack(0x0000007a30700000,0x0000007a30800000)]

Stack: [0x0000007a30700000,0x0000007a30800000]
Native frames: (J=compiled Java code, j=interpreted, Vv=VM code, C=native code)
V  [jvm.dll+0x5ecfaa]
V  [jvm.dll+0x722bd5]
V  [jvm.dll+0x72412d]
V  [jvm.dll+0x7247e3]
V  [jvm.dll+0x242928]
V  [jvm.dll+0x5ea374]
V  [jvm.dll+0x5df425]
V  [jvm.dll+0x2fdebb]
V  [jvm.dll+0x2fde2a]
V  [jvm.dll+0x2fdd02]
V  [jvm.dll+0x302bf6]
V  [jvm.dll+0x34b2a3]
V  [jvm.dll+0x34b9a6]
V  [jvm.dll+0x34b3a3]
V  [jvm.dll+0x2d8888]
V  [jvm.dll+0x2d9a37]
V  [jvm.dll+0x701737]
V  [jvm.dll+0x702f2c]
V  [jvm.dll+0x3587d9]
V  [jvm.dll+0x6e4fae]
V  [jvm.dll+0x3c0be3]
V  [jvm.dll+0x3c2e91]
C  [jli.dll+0x5373]
C  [ucrtbase.dll+0x21bb2]
C  [KERNEL32.DLL+0x17034]
C  [ntdll.dll+0x52651]


---------------  P R O C E S S  ---------------

Threads class SMR info:
_java_thread_list=0x000002791fec1f00, length=0, elements={
}

Java Threads: ( => current thread )

Other Threads:
  0x0000027921814000 GCTaskThread "GC Thread#0" [stack: 0x0000007a30800000,0x0000007a30900000] [id=14728]
  0x0000027921871000 ConcurrentGCThread "G1 Main Marker" [stack: 0x0000007a30900000,0x0000007a30a00000] [id=6464]
  0x0000027921872800 ConcurrentGCThread "G1 Conc#0" [stack: 0x0000007a30a00000,0x0000007a30b00000] [id=8376]

[error occurred during error reporting (printing all threads), id 0xc0000005, EXCEPTION_ACCESS_VIOLATION (0xc0000005) at pc=0x00007ffa01119107]

VM state:not at safepoint (not fully initialized)

VM Mutex/Monitor currently owned by a thread:  ([mutex/lock_event])
[0x00000279217f7bc0] Heap_lock - owner thread: 0x00000279217fb800

Heap address: 0x0000000701000000, size: 4080 MB, Compressed Oops mode: Non-zero based: 0x0000000701000000
Narrow klass base: 0x0000000000000000, Narrow klass shift: 0

GC Heap History (0 events):
No events

Deoptimization events (0 events):
No events

Classes redefined (0 events):
No events

Internal exceptions (0 events):
No events

Events (1 events):
Event: 0.005 Loaded shared library C:\Program Files\Android\Android Studio\jre\bin\zip.dll


Dynamic libraries:
0x00007ff747b20000 - 0x00007ff747b2a000 	C:\Program Files\Android\Android Studio\jre\bin\java.exe
0x00007ffa59550000 - 0x00007ffa59745000 	C:\WINDOWS\SYSTEM32\ntdll.dll
0x00007ffa58ee0000 - 0x00007ffa58f9d000 	C:\WINDOWS\System32\KERNEL32.DLL
0x00007ffa56c80000 - 0x00007ffa56f49000 	C:\WINDOWS\System32\KERNELBASE.dll
0x00007ffa574b0000 - 0x00007ffa575b0000 	C:\WINDOWS\System32\ucrtbase.dll
0x00007ffa2b8a0000 - 0x00007ffa2b8b9000 	C:\Program Files\Android\Android Studio\jre\bin\jli.dll
0x00007ffa2c330000 - 0x00007ffa2c347000 	C:\Program Files\Android\Android Studio\jre\bin\VCRUNTIME140.dll
0x00007ffa587d0000 - 0x00007ffa58970000 	C:\WINDOWS\System32\USER32.dll
0x00007ffa47010000 - 0x00007ffa472aa000 	C:\WINDOWS\WinSxS\amd64_microsoft.windows.common-controls_6595b64144ccf1df_6.0.19041.1110_none_60b5254171f9507e\COMCTL32.dll
0x00007ffa57060000 - 0x00007ffa57082000 	C:\WINDOWS\System32\win32u.dll
0x00007ffa58d00000 - 0x00007ffa58d9e000 	C:\WINDOWS\System32\msvcrt.dll
0x00007ffa57ac0000 - 0x00007ffa57aea000 	C:\WINDOWS\System32\GDI32.dll
0x00007ffa572b0000 - 0x00007ffa573bb000 	C:\WINDOWS\System32\gdi32full.dll
0x00007ffa57410000 - 0x00007ffa574ad000 	C:\WINDOWS\System32\msvcp_win.dll
0x00007ffa58970000 - 0x00007ffa589a0000 	C:\WINDOWS\System32\IMM32.DLL
0x00007ff9ef410000 - 0x00007ff9ef4ad000 	C:\Program Files\Android\Android Studio\jre\bin\msvcp140.dll
0x00007ffa00e30000 - 0x00007ffa018ff000 	C:\Program Files\Android\Android Studio\jre\bin\server\jvm.dll
0x00007ffa575d0000 - 0x00007ffa5767c000 	C:\WINDOWS\System32\ADVAPI32.dll
0x00007ffa57af0000 - 0x00007ffa57b8b000 	C:\WINDOWS\System32\sechost.dll
0x00007ffa58500000 - 0x00007ffa5862a000 	C:\WINDOWS\System32\RPCRT4.dll
0x00007ffa59420000 - 0x00007ffa59428000 	C:\WINDOWS\System32\PSAPI.DLL
0x00007ffa4e030000 - 0x00007ffa4e057000 	C:\WINDOWS\SYSTEM32\WINMM.dll
0x00007ffa3a620000 - 0x00007ffa3a629000 	C:\WINDOWS\SYSTEM32\WSOCK32.dll
0x00007ffa4fac0000 - 0x00007ffa4faca000 	C:\WINDOWS\SYSTEM32\VERSION.dll
0x00007ffa58690000 - 0x00007ffa586fb000 	C:\WINDOWS\System32\WS2_32.dll
0x00007ffa54bb0000 - 0x00007ffa54bc2000 	C:\WINDOWS\SYSTEM32\kernel.appcore.dll
0x00007ffa308e0000 - 0x00007ffa308f1000 	C:\Program Files\Android\Android Studio\jre\bin\verify.dll
0x00007ffa50620000 - 0x00007ffa50804000 	C:\WINDOWS\SYSTEM32\DBGHELP.DLL
0x00007ffa47950000 - 0x00007ffa4797c000 	C:\WINDOWS\SYSTEM32\dbgcore.DLL
0x00007ffa57220000 - 0x00007ffa572a3000 	C:\WINDOWS\System32\bcryptPrimitives.dll
0x00007ffa2ea80000 - 0x00007ffa2eaa9000 	C:\Program Files\Android\Android Studio\jre\bin\java.dll
0x00007ffa3a610000 - 0x00007ffa3a61b000 	C:\Program Files\Android\Android Studio\jre\bin\jimage.dll
0x00007ffa2eb60000 - 0x00007ffa2eb78000 	C:\Program Files\Android\Android Studio\jre\bin\zip.dll
0x00007ffa39e20000 - 0x00007ffa39e75000 	C:\WINDOWS\SYSTEM32\symsrv.dll
0x00007ffa57db0000 - 0x00007ffa584ef000 	C:\WINDOWS\System32\shell32.dll
0x00007ffa54db0000 - 0x00007ffa55540000 	C:\WINDOWS\SYSTEM32\windows.storage.dll
0x00007ffa57680000 - 0x00007ffa579d5000 	C:\WINDOWS\System32\combase.dll
0x00007ffa566e0000 - 0x00007ffa5670c000 	C:\WINDOWS\SYSTEM32\Wldp.dll
0x00007ffa57b90000 - 0x00007ffa57c3e000 	C:\WINDOWS\System32\SHCORE.dll
0x00007ffa57c40000 - 0x00007ffa57c95000 	C:\WINDOWS\System32\shlwapi.dll
0x00007ffa56bc0000 - 0x00007ffa56bdf000 	C:\WINDOWS\SYSTEM32\profapi.dll

dbghelp: loaded successfully - version: 4.0.5 - missing functions: none
symbol engine: initialized successfully - sym options: 0x614 - pdb path: .;C:\Program Files\Android\Android Studio\jre\bin;C:\WINDOWS\SYSTEM32;C:\WINDOWS\WinSxS\amd64_microsoft.windows.common-controls_6595b64144ccf1df_6.0.19041.1110_none_60b5254171f9507e;C:\Program Files\Android\Android Studio\jre\bin\server

VM Arguments:
java_command: org.jetbrains.kotlin.cli.jvm.K2JVMCompiler @C:\Users\danie\AndroidStudioProjects\Choice\app\build\20210903_1324153578692235359.compiler.options
java_class_path (initial): C:\Users\danie\.gradle\caches\modules-2\files-2.1\org.jetbrains.kotlin\kotlin-compiler-embeddable\1.5.21\40ddbcae9ff100473f95370c2d589ba3fc48eed5\kotlin-compiler-embeddable-1.5.21.jar;C:\Users\danie\.gradle\caches\modules-2\files-2.1\org.jetbrains.kotlin\kotlin-reflect\1.5.21\802f1f39735ae1eb2b75714a40fa19bb2e687e96\kotlin-reflect-1.5.21.jar;C:\Users\danie\.gradle\caches\modules-2\files-2.1\org.jetbrains.kotlin\kotlin-stdlib\1.5.21\2f537cad7e9eeb9da73738c8812e1e4cf9b62e4e\kotlin-stdlib-1.5.21.jar;C:\Users\danie\.gradle\caches\modules-2\files-2.1\org.jetbrains.kotlin\kotlin-script-runtime\1.5.21\96d49e89873fde985750af354b6eabb60cfa999b\kotlin-script-runtime-1.5.21.jar;C:\Users\danie\.gradle\caches\modules-2\files-2.1\org.jetbrains.kotlin\kotlin-daemon-embeddable\1.5.21\17255809e66a940dfdf6289bccbdfb5a09f3145\kotlin-daemon-embeddable-1.5.21.jar;C:\Users\danie\.gradle\caches\modules-2\files-2.1\org.jetbrains.intellij.deps\trove4j\1.0.20181211\216c2e14b070f334479d800987affe4054cd563f\trove4j-1.0.20181211.jar;C:\Users\danie\.gradle\caches\modules-2\files-2.1\org.jetbrains\annotations\13.0\919f0dfe192fb4e063e7dacadee7f8bb9a2672a9\annotations-13.0.jar;C:\Users\danie\.gradle\caches\modules-2\files-2.1\org.jetbrains.kotlin\kotlin-stdlib-common\1.5.21\cc8bf3586fd2ebcf234058b9440bb406e62dfacb\kotlin-stdlib-common-1.5.21.jar
Launcher Type: SUN_STANDARD

[Global flags]
     intx CICompilerCount                          = 3                                         {product} {ergonomic}
     uint ConcGCThreads                            = 1                                         {product} {ergonomic}
     uint G1ConcRefinementThreads                  = 4                                         {product} {ergonomic}
   size_t G1HeapRegionSize                         = 1048576                                   {product} {ergonomic}
    uintx GCDrainStackTargetSize                   = 64                                        {product} {ergonomic}
   size_t InitialHeapSize                          = 268435456                                 {product} {ergonomic}
   size_t MarkStackSize                            = 4194304                                   {product} {ergonomic}
   size_t MaxHeapSize                              = 4278190080                                {product} {ergonomic}
   size_t MinHeapDeltaBytes                        = 1048576                                   {product} {ergonomic}
    uintx NonNMethodCodeHeapSize                   = 5830732                                {pd product} {ergonomic}
    uintx NonProfiledCodeHeapSize                  = 122913754                              {pd product} {ergonomic}
    uintx ProfiledCodeHeapSize                     = 122913754                              {pd product} {ergonomic}
    uintx ReservedCodeCacheSize                    = 251658240                              {pd product} {ergonomic}
     bool SegmentedCodeCache                       = true                                      {product} {ergonomic}
     bool UseCompressedClassPointers               = true                                 {lp64_product} {ergonomic}
     bool UseCompressedOops                        = true                                 {lp64_product} {ergonomic}
     bool UseG1GC                                  = true                                      {product} {ergonomic}
     bool UseLargePagesIndividualAllocation        = false                                  {pd product} {ergonomic}

Logging:
Log output configuration:
 #0: stdout all=warning uptime,level,tags
 #1: stderr all=off uptime,level,tags

Environment Variables:
PATH=C:\Python39\Scripts\;C:\Python39\;C:\Program Files (x86)\NVIDIA Corporation\PhysX\Common;C:\Program Files (x86)\Common Files\Oracle\Java\javapath;C:\WINDOWS\system32;C:\WINDOWS;C:\WINDOWS\System32\Wbem;C:\WINDOWS\System32\WindowsPowerShell\v1.0\;C:\WINDOWS\System32\OpenSSH\;C:\Program Files\Microsoft SQL Server\130\Tools\Binn\;C:\ProgramData\chocolatey\bin;C:\Program Files (x86)\IVI Foundation\VISA\WinNT\Bin;C:\Program Files\Git\cmd;C:\Program Files\nodejs\;C:\Users\danie\AppData\Local\Microsoft\WindowsApps;;C:\Users\danie\AppData\Local\Programs\Microsoft VS Code\bin;C:\Users\danie\AppData\Roaming\npm
USERNAME=danie
OS=Windows_NT
PROCESSOR_IDENTIFIER=AMD64 Family 23 Model 24 Stepping 1, AuthenticAMD



---------------  S Y S T E M  ---------------

OS: Windows 10 , 64 bit Build 19041 (10.0.19041.1151)
OS uptime: 2 days 16:05 hours

CPU:total 4 (initial active 4) (4 cores per cpu, 1 threads per core) family 23 model 24 stepping 1 microcode 0x0, cmov, cx8, fxsr, mmx, sse, sse2, sse3, ssse3, sse4.1, sse4.2, popcnt, avx, avx2, aes, clmul, mmxext, 3dnowpref, lzcnt, sse4a, tsc, tscinvbit, tscinv, bmi1, bmi2, adx, sha, 

Memory: 4k page, system-wide physical 16312M (5104M free)
TotalPageFile size 16312M (AvailPageFile size 196M)
current process WorkingSet (physical memory assigned to process): 11M, peak: 11M
current process commit charge ("private bytes"): 52M, peak: 307M

vm_info: OpenJDK 64-Bit Server VM (11.0.10+0-b96-7249189) for windows-amd64 JRE (11.0.10+0-b96-7249189), built on Mar 31 2021 21:44:00 by "builder" with MS VC++ 14.0 (VS2015)

END.
