#
# There is insufficient memory for the Java Runtime Environment to continue.
# Native memory allocation (mmap) failed to map 268435456 bytes for Failed to commit area from 0x0000000701000000 to 0x0000000711000000 of length 268435456.
# Possible reasons:
#   The system is out of physical RAM or swap space
#   The process is running with CompressedOops enabled, and the Java Heap may be blocking the growth of the native heap
# Possible solutions:
#   Reduce memory load on the system
#   Increase physical memory or swap space
#   Check if swap backing store is full
#   Decrease Java heap size (-Xmx/-Xms)
#   Decrease number of Java threads
#   Decrease Java thread stack sizes (-Xss)
#   Set larger code cache with -XX:ReservedCodeCacheSize=
# This output file may be truncated or incomplete.
#
#  Out of Memory Error (./src/hotspot/os/windows/os_windows.cpp:3301), pid=11008, tid=1972
#
# JRE version:  (11.0.10) (build )
# Java VM: OpenJDK 64-Bit Server VM (11.0.10+0-b96-7249189, mixed mode, sharing, tiered, compressed oops, g1 gc, windows-amd64)
# No core dump will be written. Minidumps are not enabled by default on client versions of Windows
#

---------------  S U M M A R Y ------------

Command Line: org.jetbrains.kotlin.cli.jvm.K2JVMCompiler @C:\Users\danie\AndroidStudioProjects\Choice\app\build\20211003_4263018631219443961.compiler.options

Host: AMD Ryzen 3 3200G with Radeon Vega Graphics    , 4 cores, 15G,  Windows 10 , 64 bit Build 19041 (10.0.19041.1202)
Time: Sun Oct  3 13:58:37 2021 New Zealand Daylight Time elapsed time: 0.022561 seconds (0d 0h 0m 0s)

---------------  T H R E A D  ---------------

Current thread (0x0000025c0c26a000):  JavaThread "Unknown thread" [_thread_in_vm, id=1972, stack(0x000000b31b900000,0x000000b31ba00000)]

Stack: [0x000000b31b900000,0x000000b31ba00000]
Native frames: (J=compiled Java code, j=interpreted, Vv=VM code, C=native code)
V  [jvm.dll+0x5ecfaa]
V  [jvm.dll+0x722bd5]
V  [jvm.dll+0x72412d]
V  [jvm.dll+0x7247e3]
V  [jvm.dll+0x242928]
V  [jvm.dll+0x5ea374]
V  [jvm.dll+0x5df425]
V  [jvm.dll+0x2fdebb]
V  [jvm.dll+0x2fde2a]
V  [jvm.dll+0x2fdd02]
V  [jvm.dll+0x302bf6]
V  [jvm.dll+0x34b2a3]
V  [jvm.dll+0x34b9a6]
V  [jvm.dll+0x34b3a3]
V  [jvm.dll+0x2d8888]
V  [jvm.dll+0x2d9a37]
V  [jvm.dll+0x701737]
V  [jvm.dll+0x702f2c]
V  [jvm.dll+0x3587d9]
V  [jvm.dll+0x6e4fae]
V  [jvm.dll+0x3c0be3]
V  [jvm.dll+0x3c2e91]
C  [jli.dll+0x5373]
C  [ucrtbase.dll+0x21bb2]
C  [KERNEL32.DLL+0x17034]
C  [ntdll.dll+0x52651]


---------------  P R O C E S S  ---------------

Threads class SMR info:
_java_thread_list=0x0000025c0a873690, length=0, elements={
}

Java Threads: ( => current thread )

Other Threads:
  0x0000025c0c282800 GCTaskThread "GC Thread#0" [stack: 0x000000b31ba00000,0x000000b31bb00000] [id=7112]
  0x0000025c0c2e0800 ConcurrentGCThread "G1 Main Marker" [stack: 0x000000b31bb00000,0x000000b31bc00000] [id=8544]
  0x0000025c0c2e2000 ConcurrentGCThread "G1 Conc#0" [stack: 0x000000b31bc00000,0x000000b31bd00000] [id=10800]

[error occurred during error reporting (printing all threads), id 0xc0000005, EXCEPTION_ACCESS_VIOLATION (0xc0000005) at pc=0x00007ffe06d09107]

VM state:not at safepoint (not fully initialized)

VM Mutex/Monitor currently owned by a thread:  ([mutex/lock_event])
[0x0000025c0c265be0] Heap_lock - owner thread: 0x0000025c0c26a000

Heap address: 0x0000000701000000, size: 4080 MB, Compressed Oops mode: Non-zero based: 0x0000000701000000
Narrow klass base: 0x0000000000000000, Narrow klass shift: 0

GC Heap History (0 events):
No events

Deoptimization events (0 events):
No events

Classes redefined (0 events):
No events

Internal exceptions (0 events):
No events

Events (1 events):
Event: 0.012 Loaded shared library C:\Program Files\Android\Android Studio\jre\bin\zip.dll


Dynamic libraries:
0x00007ff68af10000 - 0x00007ff68af1a000 	C:\Program Files\Android\Android Studio\jre\bin\java.exe
0x00007ffe5cbf0000 - 0x00007ffe5cde5000 	C:\WINDOWS\SYSTEM32\ntdll.dll
0x00007ffe5c670000 - 0x00007ffe5c72e000 	C:\WINDOWS\System32\KERNEL32.DLL
0x00007ffe5a310000 - 0x00007ffe5a5d9000 	C:\WINDOWS\System32\KERNELBASE.dll
0x00007ffe5a9a0000 - 0x00007ffe5aaa0000 	C:\WINDOWS\System32\ucrtbase.dll
0x00007ffe3a690000 - 0x00007ffe3a6a9000 	C:\Program Files\Android\Android Studio\jre\bin\jli.dll
0x00007ffe5b0a0000 - 0x00007ffe5b241000 	C:\WINDOWS\System32\USER32.dll
0x00007ffe5a8e0000 - 0x00007ffe5a902000 	C:\WINDOWS\System32\win32u.dll
0x00007ffe5c530000 - 0x00007ffe5c55b000 	C:\WINDOWS\System32\GDI32.dll
0x00007ffe5ab30000 - 0x00007ffe5ac3b000 	C:\WINDOWS\System32\gdi32full.dll
0x00007ffe5a790000 - 0x00007ffe5a82d000 	C:\WINDOWS\System32\msvcp_win.dll
0x00007ffe39c20000 - 0x00007ffe39c37000 	C:\Program Files\Android\Android Studio\jre\bin\VCRUNTIME140.dll
0x00007ffe4adb0000 - 0x00007ffe4b04a000 	C:\WINDOWS\WinSxS\amd64_microsoft.windows.common-controls_6595b64144ccf1df_6.0.19041.1110_none_60b5254171f9507e\COMCTL32.dll
0x00007ffe5b590000 - 0x00007ffe5b62e000 	C:\WINDOWS\System32\msvcrt.dll
0x00007ffe5c390000 - 0x00007ffe5c3c0000 	C:\WINDOWS\System32\IMM32.DLL
0x00007ffe2bcb0000 - 0x00007ffe2bd4d000 	C:\Program Files\Android\Android Studio\jre\bin\msvcp140.dll
0x00007ffe06a20000 - 0x00007ffe074ef000 	C:\Program Files\Android\Android Studio\jre\bin\server\jvm.dll
0x00007ffe5c5c0000 - 0x00007ffe5c66c000 	C:\WINDOWS\System32\ADVAPI32.dll
0x00007ffe5b630000 - 0x00007ffe5b6cb000 	C:\WINDOWS\System32\sechost.dll
0x00007ffe5b250000 - 0x00007ffe5b37a000 	C:\WINDOWS\System32\RPCRT4.dll
0x00007ffe5c2d0000 - 0x00007ffe5c2d8000 	C:\WINDOWS\System32\PSAPI.DLL
0x00007ffe52c60000 - 0x00007ffe52c69000 	C:\WINDOWS\SYSTEM32\WSOCK32.dll
0x00007ffe5b970000 - 0x00007ffe5b9db000 	C:\WINDOWS\System32\WS2_32.dll
0x00007ffe51530000 - 0x00007ffe51557000 	C:\WINDOWS\SYSTEM32\WINMM.dll
0x00007ffe54330000 - 0x00007ffe5433a000 	C:\WINDOWS\SYSTEM32\VERSION.dll
0x00007ffe58230000 - 0x00007ffe58242000 	C:\WINDOWS\SYSTEM32\kernel.appcore.dll
0x00007ffe44ca0000 - 0x00007ffe44cb1000 	C:\Program Files\Android\Android Studio\jre\bin\verify.dll
0x00007ffe54ad0000 - 0x00007ffe54cb4000 	C:\WINDOWS\SYSTEM32\DBGHELP.DLL
0x00007ffe4b4a0000 - 0x00007ffe4b4cc000 	C:\WINDOWS\SYSTEM32\dbgcore.DLL
0x00007ffe5a910000 - 0x00007ffe5a993000 	C:\WINDOWS\System32\bcryptPrimitives.dll
0x00007ffe40c90000 - 0x00007ffe40cb9000 	C:\Program Files\Android\Android Studio\jre\bin\java.dll
0x00007ffe57920000 - 0x00007ffe5792b000 	C:\Program Files\Android\Android Studio\jre\bin\jimage.dll
0x00007ffe408e0000 - 0x00007ffe408f8000 	C:\Program Files\Android\Android Studio\jre\bin\zip.dll
0x00007ffe43c50000 - 0x00007ffe43ca5000 	C:\WINDOWS\SYSTEM32\symsrv.dll
0x00007ffe5bb90000 - 0x00007ffe5c2cf000 	C:\WINDOWS\System32\shell32.dll
0x00007ffe58430000 - 0x00007ffe58bc0000 	C:\WINDOWS\SYSTEM32\windows.storage.dll
0x00007ffe5ad20000 - 0x00007ffe5b075000 	C:\WINDOWS\System32\combase.dll
0x00007ffe59d60000 - 0x00007ffe59d8c000 	C:\WINDOWS\SYSTEM32\Wldp.dll
0x00007ffe5c2e0000 - 0x00007ffe5c38e000 	C:\WINDOWS\System32\SHCORE.dll
0x00007ffe5c4d0000 - 0x00007ffe5c525000 	C:\WINDOWS\System32\shlwapi.dll
0x00007ffe5a250000 - 0x00007ffe5a26f000 	C:\WINDOWS\SYSTEM32\profapi.dll

dbghelp: loaded successfully - version: 4.0.5 - missing functions: none
symbol engine: initialized successfully - sym options: 0x614 - pdb path: .;C:\Program Files\Android\Android Studio\jre\bin;C:\WINDOWS\SYSTEM32;C:\WINDOWS\WinSxS\amd64_microsoft.windows.common-controls_6595b64144ccf1df_6.0.19041.1110_none_60b5254171f9507e;C:\Program Files\Android\Android Studio\jre\bin\server

VM Arguments:
java_command: org.jetbrains.kotlin.cli.jvm.K2JVMCompiler @C:\Users\danie\AndroidStudioProjects\Choice\app\build\20211003_4263018631219443961.compiler.options
java_class_path (initial): C:\Users\danie\.gradle\caches\modules-2\files-2.1\org.jetbrains.kotlin\kotlin-compiler-embeddable\1.5.31\cc18c29253541dc57c25c3ef514d63c7953ae1a6\kotlin-compiler-embeddable-1.5.31.jar;C:\Users\danie\.gradle\caches\modules-2\files-2.1\org.jetbrains.kotlin\kotlin-reflect\1.5.31\1523fcd842a47da0820cea772b19c51056fec8a9\kotlin-reflect-1.5.31.jar;C:\Users\danie\.gradle\caches\modules-2\files-2.1\org.jetbrains.kotlin\kotlin-stdlib\1.5.31\6628d61d0f5603568e72d2d5915d2c034b4f1c55\kotlin-stdlib-1.5.31.jar;C:\Users\danie\.gradle\caches\modules-2\files-2.1\org.jetbrains.kotlin\kotlin-script-runtime\1.5.31\aaea854be2cfc06373dfc11be5a6ba9ca5ca84a6\kotlin-script-runtime-1.5.31.jar;C:\Users\danie\.gradle\caches\modules-2\files-2.1\org.jetbrains.kotlin\kotlin-daemon-embeddable\1.5.31\d19b549661e28c62781683dc7c7e34bf416974f1\kotlin-daemon-embeddable-1.5.31.jar;C:\Users\danie\.gradle\caches\modules-2\files-2.1\org.jetbrains.intellij.deps\trove4j\1.0.20181211\216c2e14b070f334479d800987affe4054cd563f\trove4j-1.0.20181211.jar;C:\Users\danie\.gradle\caches\modules-2\files-2.1\org.jetbrains\annotations\13.0\919f0dfe192fb4e063e7dacadee7f8bb9a2672a9\annotations-13.0.jar;C:\Users\danie\.gradle\caches\modules-2\files-2.1\org.jetbrains.kotlin\kotlin-stdlib-common\1.5.31\43331609c7de811fed085e0dfd150874b157c32\kotlin-stdlib-common-1.5.31.jar
Launcher Type: SUN_STANDARD

[Global flags]
     intx CICompilerCount                          = 3                                         {product} {ergonomic}
     uint ConcGCThreads                            = 1                                         {product} {ergonomic}
     uint G1ConcRefinementThreads                  = 4                                         {product} {ergonomic}
   size_t G1HeapRegionSize                         = 1048576                                   {product} {ergonomic}
    uintx GCDrainStackTargetSize                   = 64                                        {product} {ergonomic}
   size_t InitialHeapSize                          = 268435456                                 {product} {ergonomic}
   size_t MarkStackSize                            = 4194304                                   {product} {ergonomic}
   size_t MaxHeapSize                              = 4278190080                                {product} {ergonomic}
   size_t MinHeapDeltaBytes                        = 1048576                                   {product} {ergonomic}
    uintx NonNMethodCodeHeapSize                   = 5830732                                {pd product} {ergonomic}
    uintx NonProfiledCodeHeapSize                  = 122913754                              {pd product} {ergonomic}
    uintx ProfiledCodeHeapSize                     = 122913754                              {pd product} {ergonomic}
    uintx ReservedCodeCacheSize                    = 251658240                              {pd product} {ergonomic}
     bool SegmentedCodeCache                       = true                                      {product} {ergonomic}
     bool UseCompressedClassPointers               = true                                 {lp64_product} {ergonomic}
     bool UseCompressedOops                        = true                                 {lp64_product} {ergonomic}
     bool UseG1GC                                  = true                                      {product} {ergonomic}
     bool UseLargePagesIndividualAllocation        = false                                  {pd product} {ergonomic}

Logging:
Log output configuration:
 #0: stdout all=warning uptime,level,tags
 #1: stderr all=off uptime,level,tags

Environment Variables:
PATH=C:\Python39\Scripts\;C:\Python39\;C:\Program Files (x86)\NVIDIA Corporation\PhysX\Common;C:\Program Files (x86)\Common Files\Oracle\Java\javapath;C:\WINDOWS\system32;C:\WINDOWS;C:\WINDOWS\System32\Wbem;C:\WINDOWS\System32\WindowsPowerShell\v1.0\;C:\WINDOWS\System32\OpenSSH\;C:\Program Files\Microsoft SQL Server\130\Tools\Binn\;C:\ProgramData\chocolatey\bin;C:\Program Files (x86)\IVI Foundation\VISA\WinNT\Bin;C:\Program Files\Git\cmd;C:\Program Files\nodejs\;C:\Users\danie\AppData\Local\Microsoft\WindowsApps;;C:\Users\danie\AppData\Local\Programs\Microsoft VS Code\bin;C:\Users\danie\AppData\Roaming\npm
USERNAME=danie
OS=Windows_NT
PROCESSOR_IDENTIFIER=AMD64 Family 23 Model 24 Stepping 1, AuthenticAMD



---------------  S Y S T E M  ---------------

OS: Windows 10 , 64 bit Build 19041 (10.0.19041.1202)
OS uptime: 1 days 3:09 hours

CPU:total 4 (initial active 4) (4 cores per cpu, 1 threads per core) family 23 model 24 stepping 1 microcode 0x0, cmov, cx8, fxsr, mmx, sse, sse2, sse3, ssse3, sse4.1, sse4.2, popcnt, avx, avx2, aes, clmul, mmxext, 3dnowpref, lzcnt, sse4a, tsc, tscinvbit, tscinv, bmi1, bmi2, adx, sha, 

Memory: 4k page, system-wide physical 16312M (4513M free)
TotalPageFile size 16312M (AvailPageFile size 248M)
current process WorkingSet (physical memory assigned to process): 11M, peak: 11M
current process commit charge ("private bytes"): 52M, peak: 307M

vm_info: OpenJDK 64-Bit Server VM (11.0.10+0-b96-7249189) for windows-amd64 JRE (11.0.10+0-b96-7249189), built on Mar 31 2021 21:44:00 by "builder" with MS VC++ 14.0 (VS2015)

END.
