#
# There is insufficient memory for the Java Runtime Environment to continue.
# Native memory allocation (mmap) failed to map 192937984 bytes for Failed to commit area from 0x0000000094100000 to 0x000000009f900000 of length 192937984.
# Possible reasons:
#   The system is out of physical RAM or swap space
#   The process is running with CompressedOops enabled, and the Java Heap may be blocking the growth of the native heap
# Possible solutions:
#   Reduce memory load on the system
#   Increase physical memory or swap space
#   Check if swap backing store is full
#   Decrease Java heap size (-Xmx/-Xms)
#   Decrease number of Java threads
#   Decrease Java thread stack sizes (-Xss)
#   Set larger code cache with -XX:ReservedCodeCacheSize=
#   JVM is running with Unscaled Compressed Oops mode in which the Java heap is
#     placed in the first 4GB address space. The Java Heap base address is the
#     maximum limit for the native heap growth. Please use -XX:HeapBaseMinAddress
#     to set the Java Heap base and to place the Java Heap above 4GB virtual address.
# This output file may be truncated or incomplete.
#
#  Out of Memory Error (./src/hotspot/os/windows/os_windows.cpp:3301), pid=11680, tid=1108
#
# JRE version: OpenJDK Runtime Environment (11.0.10) (build 11.0.10+0-b96-7249189)
# Java VM: OpenJDK 64-Bit Server VM (11.0.10+0-b96-7249189, mixed mode, tiered, compressed oops, g1 gc, windows-amd64)
# No core dump will be written. Minidumps are not enabled by default on client versions of Windows
#

---------------  S U M M A R Y ------------

Command Line: --add-opens=java.base/java.util=ALL-UNNAMED --add-opens=java.base/java.lang=ALL-UNNAMED --add-opens=java.base/java.lang.invoke=ALL-UNNAMED --add-opens=java.base/java.util=ALL-UNNAMED --add-opens=java.prefs/java.util.prefs=ALL-UNNAMED --add-opens=java.prefs/java.util.prefs=ALL-UNNAMED --add-opens=java.base/java.nio.charset=ALL-UNNAMED --add-opens=java.base/java.net=ALL-UNNAMED --add-opens=java.base/java.util.concurrent.atomic=ALL-UNNAMED -Xmx2048m -Dfile.encoding=UTF-8 -Duser.country=NZ -Duser.language=en -Duser.variant org.gradle.launcher.daemon.bootstrap.GradleDaemon 7.0.2

Host: AMD Ryzen 3 3200G with Radeon Vega Graphics    , 4 cores, 15G,  Windows 10 , 64 bit Build 19041 (10.0.19041.1202)
Time: Tue Oct 12 17:03:45 2021 New Zealand Daylight Time elapsed time: 35.840628 seconds (0d 0h 0m 35s)

---------------  T H R E A D  ---------------

Current thread (0x0000019179415000):  VMThread "VM Thread" [stack: 0x00000028f0300000,0x00000028f0400000] [id=1108]

Stack: [0x00000028f0300000,0x00000028f0400000]
[error occurred during error reporting (printing stack bounds), id 0xc0000005, EXCEPTION_ACCESS_VIOLATION (0xc0000005) at pc=0x0000019162bb0f2d]

Native frames: (J=compiled Java code, j=interpreted, Vv=VM code, C=native code)
V  [jvm.dll+0x5ecfaa]
V  [jvm.dll+0x722bd5]
V  [jvm.dll+0x72412d]
V  [jvm.dll+0x724745]
V  [jvm.dll+0x7246fb]
V  [jvm.dll+0x5ec348]
V  [jvm.dll+0x5ecad8]
C  [ntdll.dll+0xa20cf]
C  [ntdll.dll+0x51454]
C  [ntdll.dll+0xa0bfe]
C  0x0000019162bb0f2d

VM_Operation (0x00000028f40fea30): G1CollectForAllocation, mode: safepoint, requested by thread 0x000001917e11b800


---------------  P R O C E S S  ---------------

Threads class SMR info:
_java_thread_list=0x00000191035aea10, length=56, elements={
0x000001915d8bc800, 0x000001917941b800, 0x000001917941d800, 0x0000019179c9b000,
0x0000019179c9c000, 0x0000019179c9e000, 0x0000019179ca2000, 0x0000019179ca4800,
0x0000019179cac000, 0x0000019179e10800, 0x000001917c1fd000, 0x000001917ace3800,
0x000001917c0ca800, 0x0000019179fc4800, 0x000001917b1e6000, 0x000001917b02d800,
0x000001917c555000, 0x000001917c266000, 0x000001917c82c000, 0x000001917c7c7800,
0x000001917c7c9000, 0x000001917c7c8000, 0x000001917c7c4000, 0x000001917c7c3800,
0x000001917c7ca000, 0x000001917c7c5000, 0x000001917c7c6000, 0x000001917c7c6800,
0x000001917c996000, 0x000001917c997800, 0x000001917c995000, 0x000001917c99b800,
0x000001917c997000, 0x000001917c99d800, 0x000001917c9a0000, 0x000001917c99b000,
0x000001917c9a3000, 0x000001917c9a4000, 0x000001917c9a1800, 0x000001917c99f000,
0x000001917c9a2800, 0x000001917c99e000, 0x000001917e114000, 0x000001917e112800,
0x000001917e113800, 0x000001917e115000, 0x000001917e111000, 0x000001917e111800,
0x000001917e11d000, 0x000001917e11e000, 0x000001917e11c800, 0x000001910056b800,
0x000001917e118000, 0x000001917e11b800, 0x000001917e119000, 0x000001917e11a800
}

Java Threads: ( => current thread )
  0x000001915d8bc800 JavaThread "main" [_thread_blocked, id=3396, stack(0x00000028efd00000,0x00000028efe00000)]
  0x000001917941b800 JavaThread "Reference Handler" daemon [_thread_blocked, id=5180, stack(0x00000028f0400000,0x00000028f0500000)]
  0x000001917941d800 JavaThread "Finalizer" daemon [_thread_blocked, id=648, stack(0x00000028f0500000,0x00000028f0600000)]
  0x0000019179c9b000 JavaThread "Signal Dispatcher" daemon [_thread_blocked, id=4936, stack(0x00000028f0600000,0x00000028f0700000)]
  0x0000019179c9c000 JavaThread "Attach Listener" daemon [_thread_blocked, id=5140, stack(0x00000028f0700000,0x00000028f0800000)]
  0x0000019179c9e000 JavaThread "Service Thread" daemon [_thread_blocked, id=4944, stack(0x00000028f0800000,0x00000028f0900000)]
  0x0000019179ca2000 JavaThread "C2 CompilerThread0" daemon [_thread_in_native, id=1516, stack(0x00000028f0900000,0x00000028f0a00000)]
  0x0000019179ca4800 JavaThread "C1 CompilerThread0" daemon [_thread_blocked, id=2648, stack(0x00000028f0a00000,0x00000028f0b00000)]
  0x0000019179cac000 JavaThread "Sweeper thread" daemon [_thread_blocked, id=3996, stack(0x00000028f0b00000,0x00000028f0c00000)]
  0x0000019179e10800 JavaThread "Common-Cleaner" daemon [_thread_blocked, id=5992, stack(0x00000028f0c00000,0x00000028f0d00000)]
  0x000001917c1fd000 JavaThread "Daemon health stats" [_thread_blocked, id=11828, stack(0x00000028f1200000,0x00000028f1300000)]
  0x000001917ace3800 JavaThread "Incoming local TCP Connector on port 51228" [_thread_in_native, id=9008, stack(0x00000028f0e00000,0x00000028f0f00000)]
  0x000001917c0ca800 JavaThread "Daemon periodic checks" [_thread_blocked, id=11796, stack(0x00000028f1300000,0x00000028f1400000)]
  0x0000019179fc4800 JavaThread "Daemon" [_thread_blocked, id=5652, stack(0x00000028f1400000,0x00000028f1500000)]
  0x000001917b1e6000 JavaThread "Handler for socket connection from /127.0.0.1:51228 to /127.0.0.1:51229" [_thread_in_native, id=9712, stack(0x00000028f1500000,0x00000028f1600000)]
  0x000001917b02d800 JavaThread "Cancel handler" [_thread_blocked, id=3348, stack(0x00000028f1600000,0x00000028f1700000)]
  0x000001917c555000 JavaThread "Daemon worker" [_thread_blocked, id=2164, stack(0x00000028f1700000,0x00000028f1800000)]
  0x000001917c266000 JavaThread "Asynchronous log dispatcher for DefaultDaemonConnection: socket connection from /127.0.0.1:51228 to /127.0.0.1:51229" [_thread_blocked, id=2692, stack(0x00000028f1800000,0x00000028f1900000)]
  0x000001917c82c000 JavaThread "Stdin handler" [_thread_blocked, id=11040, stack(0x00000028f1900000,0x00000028f1a00000)]
  0x000001917c7c7800 JavaThread "Daemon client event forwarder" [_thread_blocked, id=11008, stack(0x00000028f1a00000,0x00000028f1b00000)]
  0x000001917c7c9000 JavaThread "Cache worker for file hash cache (C:\Users\danie\.gradle\caches\7.0.2\fileHashes)" [_thread_blocked, id=8768, stack(0x00000028f1b00000,0x00000028f1c00000)]
  0x000001917c7c8000 JavaThread "File lock request listener" [_thread_in_native, id=6416, stack(0x00000028f1c00000,0x00000028f1d00000)]
  0x000001917c7c4000 JavaThread "Cache worker for journal cache (C:\Users\danie\.gradle\caches\journal-1)" [_thread_blocked, id=5964, stack(0x00000028f1d00000,0x00000028f1e00000)]
  0x000001917c7c3800 JavaThread "Cache worker for file hash cache (C:\Users\danie\AndroidStudioProjects\Choice\.gradle\7.0.2\fileHashes)" [_thread_blocked, id=11336, stack(0x00000028f1e00000,0x00000028f1f00000)]
  0x000001917c7ca000 JavaThread "File watcher server" daemon [_thread_blocked, id=5476, stack(0x00000028f1f00000,0x00000028f2000000)]
  0x000001917c7c5000 JavaThread "File watcher consumer" daemon [_thread_blocked, id=4328, stack(0x00000028f2000000,0x00000028f2100000)]
  0x000001917c7c6000 JavaThread "Cache worker for checksums cache (C:\Users\danie\AndroidStudioProjects\Choice\.gradle\checksums)" [_thread_blocked, id=2968, stack(0x00000028f2100000,0x00000028f2200000)]
  0x000001917c7c6800 JavaThread "Cache worker for cache directory md-supplier (C:\Users\danie\.gradle\caches\7.0.2\md-supplier)" [_thread_blocked, id=9520, stack(0x00000028f2200000,0x00000028f2300000)]
  0x000001917c996000 JavaThread "Cache worker for cache directory md-rule (C:\Users\danie\.gradle\caches\7.0.2\md-rule)" [_thread_blocked, id=11196, stack(0x00000028f2300000,0x00000028f2400000)]
  0x000001917c997800 JavaThread "Cache worker for execution history cache (C:\Users\danie\.gradle\caches\7.0.2\executionHistory)" [_thread_blocked, id=2900, stack(0x00000028f2500000,0x00000028f2600000)]
  0x000001917c995000 JavaThread "jar transforms" [_thread_blocked, id=5340, stack(0x00000028f2600000,0x00000028f2700000)]
  0x000001917c99b800 JavaThread "jar transforms Thread 2" [_thread_blocked, id=9392, stack(0x00000028f2700000,0x00000028f2800000)]
  0x000001917c997000 JavaThread "Cache worker for file content cache (C:\Users\danie\.gradle\caches\7.0.2\fileContent)" [_thread_blocked, id=10172, stack(0x00000028f2800000,0x00000028f2900000)]
  0x000001917c99d800 JavaThread "Cache worker for dependencies-accessors (C:\Users\danie\AndroidStudioProjects\Choice\.gradle\7.0.2\dependencies-accessors)" [_thread_blocked, id=7340, stack(0x00000028f2900000,0x00000028f2a00000)]
  0x000001917c9a0000 JavaThread "jar transforms Thread 3" [_thread_blocked, id=4160, stack(0x00000028f2a00000,0x00000028f2b00000)]
  0x000001917c99b000 JavaThread "Cache worker for Build Output Cleanup Cache (C:\Users\danie\AndroidStudioProjects\Choice\.gradle\buildOutputCleanup)" [_thread_blocked, id=10988, stack(0x00000028f2b00000,0x00000028f2c00000)]
  0x000001917c9a3000 JavaThread "Build operations" [_thread_blocked, id=348, stack(0x00000028f2c00000,0x00000028f2d00000)]
  0x000001917c9a4000 JavaThread "Build operations Thread 2" [_thread_blocked, id=3628, stack(0x00000028f2d00000,0x00000028f2e00000)]
  0x000001917c9a1800 JavaThread "Build operations Thread 3" [_thread_blocked, id=10540, stack(0x00000028f2e00000,0x00000028f2f00000)]
  0x000001917c99f000 JavaThread "Build operations Thread 4" [_thread_blocked, id=3688, stack(0x00000028f2f00000,0x00000028f3000000)]
  0x000001917c9a2800 JavaThread "jar transforms Thread 4" [_thread_blocked, id=10908, stack(0x00000028f3000000,0x00000028f3100000)]
  0x000001917c99e000 JavaThread "Memory manager" [_thread_blocked, id=9852, stack(0x00000028f3100000,0x00000028f3200000)]
  0x000001917e114000 JavaThread "build event listener" [_thread_blocked, id=7296, stack(0x00000028f3200000,0x00000028f3300000)]
  0x000001917e112800 JavaThread "Execution worker for ':'" [_thread_blocked, id=7900, stack(0x00000028f3300000,0x00000028f3400000)]
  0x000001917e113800 JavaThread "Execution worker for ':' Thread 2" [_thread_blocked, id=7876, stack(0x00000028f3400000,0x00000028f3500000)]
  0x000001917e115000 JavaThread "Execution worker for ':' Thread 3" [_thread_blocked, id=5588, stack(0x00000028f3500000,0x00000028f3600000)]
  0x000001917e111000 JavaThread "Cache worker for execution history cache (C:\Users\danie\AndroidStudioProjects\Choice\.gradle\7.0.2\executionHistory)" [_thread_blocked, id=5980, stack(0x00000028f2400000,0x00000028f2500000)]
  0x000001917e111800 JavaThread "WorkerExecutor Queue" [_thread_blocked, id=8832, stack(0x00000028f3700000,0x00000028f3800000)]
  0x000001917e11d000 JavaThread "WorkerExecutor Queue Thread 2" [_thread_blocked, id=1044, stack(0x00000028f3a00000,0x00000028f3b00000)]
  0x000001917e11e000 JavaThread "WorkerExecutor Queue Thread 3" [_thread_blocked, id=6736, stack(0x00000028f3b00000,0x00000028f3c00000)]
  0x000001917e11c800 JavaThread "WorkerExecutor Queue Thread 4" [_thread_blocked, id=6600, stack(0x00000028f3c00000,0x00000028f3d00000)]
  0x000001910056b800 JavaThread "C2 CompilerThread1" daemon [_thread_blocked, id=5124, stack(0x00000028f3600000,0x00000028f3700000)]
  0x000001917e118000 JavaThread "ForkJoinPool-1-worker-3" daemon [_thread_blocked, id=6984, stack(0x00000028f3f00000,0x00000028f4000000)]
  0x000001917e11b800 JavaThread "ForkJoinPool-1-worker-5" daemon [_thread_blocked, id=3036, stack(0x00000028f4000000,0x00000028f4100000)]
  0x000001917e119000 JavaThread "ForkJoinPool-1-worker-7" daemon [_thread_blocked, id=8812, stack(0x00000028f4100000,0x00000028f4200000)]
  0x000001917e11a800 JavaThread "ForkJoinPool-1-worker-1" daemon [_thread_blocked, id=9476, stack(0x00000028f4200000,0x00000028f4300000)]

Other Threads:
=>0x0000019179415000 VMThread "VM Thread" [stack: 0x00000028f0300000,0x00000028f0400000] [id=1108]
  0x0000019179e4a000 WatcherThread [stack: 0x00000028f0d00000,0x00000028f0e00000] [id=4184]
  0x000001915d8d6000 GCTaskThread "GC Thread#0" [stack: 0x00000028efe00000,0x00000028eff00000] [id=9672]
  0x0000019179f06800 GCTaskThread "GC Thread#1" [stack: 0x00000028f0f00000,0x00000028f1000000] [id=3372]
  0x000001917a388000 GCTaskThread "GC Thread#2" [stack: 0x00000028f1000000,0x00000028f1100000] [id=5596]
  0x000001917a617000 GCTaskThread "GC Thread#3" [stack: 0x00000028f1100000,0x00000028f1200000] [id=9188]
  0x000001915d905800 ConcurrentGCThread "G1 Main Marker" [stack: 0x00000028eff00000,0x00000028f0000000] [id=11668]
  0x000001915d907000 ConcurrentGCThread "G1 Conc#0" [stack: 0x00000028f0000000,0x00000028f0100000] [id=11752]
  0x0000019179286800 ConcurrentGCThread "G1 Refine#0" [stack: 0x00000028f0100000,0x00000028f0200000] [id=6100]
  0x000001917c4d2800 ConcurrentGCThread "G1 Refine#1" [stack: 0x00000028f3d00000,0x00000028f3e00000] [id=11152]
  0x000001917c4d3000 ConcurrentGCThread "G1 Refine#2" [stack: 0x00000028f3e00000,0x00000028f3f00000] [id=572]
  0x0000019179287000 ConcurrentGCThread "G1 Young RemSet Sampling" [stack: 0x00000028f0200000,0x00000028f0300000] [id=5000]

Threads with active compile tasks:
C2 CompilerThread0  35852 16192       4       com.android.tools.r8.dex.j::e (654 bytes)
C2 CompilerThread1  35853 16118 %     4       com.android.tools.r8.dex.j::a @ 315 (1038 bytes)

VM state:at safepoint (normal execution)

VM Mutex/Monitor currently owned by a thread:  ([mutex/lock_event])
[0x000001915d8b8370] Threads_lock - owner thread: 0x0000019179415000
[0x000001915d8b9180] Heap_lock - owner thread: 0x000001917e11b800

Heap address: 0x0000000080000000, size: 2048 MB, Compressed Oops mode: 32-bit
Narrow klass base: 0x0000000000000000, Narrow klass shift: 3
Compressed class space size: 1073741824 Address: 0x0000000100000000

Heap:
 garbage-first heap   total 517120K, used 281600K [0x0000000080000000, 0x0000000100000000)
  region size 1024K, 2 young (2048K), 2 survivors (2048K)
 Metaspace       used 107268K, capacity 110016K, committed 110208K, reserved 1144832K
  class space    used 13819K, capacity 14891K, committed 14976K, reserved 1048576K
Heap Regions: E=young(eden), S=young(survivor), O=old, HS=humongous(starts), HC=humongous(continues), CS=collection set, F=free, A=archive, TAMS=top-at-mark-start (previous, next)
|   0|0x0000000080000000, 0x0000000080100000, 0x0000000080100000|100%| O|  |TAMS 0x0000000080100000, 0x0000000080100000| Untracked 
|   1|0x0000000080100000, 0x0000000080200000, 0x0000000080200000|100%| O|  |TAMS 0x0000000080200000, 0x0000000080200000| Untracked 
|   2|0x0000000080200000, 0x0000000080300000, 0x0000000080300000|100%| O|  |TAMS 0x0000000080300000, 0x0000000080300000| Untracked 
|   3|0x0000000080300000, 0x0000000080400000, 0x0000000080400000|100%|HS|  |TAMS 0x0000000080400000, 0x0000000080400000| Complete 
|   4|0x0000000080400000, 0x0000000080500000, 0x0000000080500000|100%|HC|  |TAMS 0x0000000080500000, 0x0000000080500000| Complete 
|   5|0x0000000080500000, 0x0000000080600000, 0x0000000080600000|100%|HC|  |TAMS 0x0000000080600000, 0x0000000080600000| Complete 
|   6|0x0000000080600000, 0x0000000080700000, 0x0000000080700000|100%| O|  |TAMS 0x0000000080700000, 0x0000000080700000| Untracked 
|   7|0x0000000080700000, 0x0000000080800000, 0x0000000080800000|100%| O|  |TAMS 0x0000000080800000, 0x0000000080800000| Untracked 
|   8|0x0000000080800000, 0x0000000080900000, 0x0000000080900000|100%| O|  |TAMS 0x0000000080900000, 0x0000000080900000| Untracked 
|   9|0x0000000080900000, 0x0000000080a00000, 0x0000000080a00000|100%| O|  |TAMS 0x0000000080a00000, 0x0000000080a00000| Untracked 
|  10|0x0000000080a00000, 0x0000000080b00000, 0x0000000080b00000|100%| O|  |TAMS 0x0000000080b00000, 0x0000000080b00000| Untracked 
|  11|0x0000000080b00000, 0x0000000080c00000, 0x0000000080c00000|100%| O|  |TAMS 0x0000000080c00000, 0x0000000080c00000| Untracked 
|  12|0x0000000080c00000, 0x0000000080d00000, 0x0000000080d00000|100%| O|  |TAMS 0x0000000080d00000, 0x0000000080d00000| Untracked 
|  13|0x0000000080d00000, 0x0000000080e00000, 0x0000000080e00000|100%| O|  |TAMS 0x0000000080e00000, 0x0000000080e00000| Untracked 
|  14|0x0000000080e00000, 0x0000000080f00000, 0x0000000080f00000|100%| O|  |TAMS 0x0000000080f00000, 0x0000000080f00000| Untracked 
|  15|0x0000000080f00000, 0x0000000081000000, 0x0000000081000000|100%| O|  |TAMS 0x0000000081000000, 0x0000000081000000| Untracked 
|  16|0x0000000081000000, 0x0000000081100000, 0x0000000081100000|100%|HS|  |TAMS 0x0000000081100000, 0x0000000081100000| Complete 
|  17|0x0000000081100000, 0x0000000081200000, 0x0000000081200000|100%|HS|  |TAMS 0x0000000081200000, 0x0000000081200000| Complete 
|  18|0x0000000081200000, 0x0000000081300000, 0x0000000081300000|100%|HS|  |TAMS 0x0000000081300000, 0x0000000081300000| Complete 
|  19|0x0000000081300000, 0x0000000081400000, 0x0000000081400000|100%|HS|  |TAMS 0x0000000081400000, 0x0000000081400000| Complete 
|  20|0x0000000081400000, 0x0000000081500000, 0x0000000081500000|100%|HC|  |TAMS 0x0000000081500000, 0x0000000081500000| Complete 
|  21|0x0000000081500000, 0x0000000081600000, 0x0000000081600000|100%|HC|  |TAMS 0x0000000081600000, 0x0000000081600000| Complete 
|  22|0x0000000081600000, 0x0000000081700000, 0x0000000081700000|100%|HS|  |TAMS 0x0000000081700000, 0x0000000081700000| Complete 
|  23|0x0000000081700000, 0x0000000081800000, 0x0000000081800000|100%|HC|  |TAMS 0x0000000081800000, 0x0000000081800000| Complete 
|  24|0x0000000081800000, 0x0000000081900000, 0x0000000081900000|100%| O|  |TAMS 0x0000000081900000, 0x0000000081900000| Untracked 
|  25|0x0000000081900000, 0x0000000081a00000, 0x0000000081a00000|100%| O|  |TAMS 0x0000000081a00000, 0x0000000081a00000| Untracked 
|  26|0x0000000081a00000, 0x0000000081b00000, 0x0000000081b00000|100%| O|  |TAMS 0x0000000081b00000, 0x0000000081b00000| Untracked 
|  27|0x0000000081b00000, 0x0000000081c00000, 0x0000000081c00000|100%| O|  |TAMS 0x0000000081c00000, 0x0000000081c00000| Untracked 
|  28|0x0000000081c00000, 0x0000000081d00000, 0x0000000081d00000|100%| O|  |TAMS 0x0000000081d00000, 0x0000000081d00000| Untracked 
|  29|0x0000000081d00000, 0x0000000081e00000, 0x0000000081e00000|100%| O|  |TAMS 0x0000000081e00000, 0x0000000081e00000| Untracked 
|  30|0x0000000081e00000, 0x0000000081f00000, 0x0000000081f00000|100%| O|  |TAMS 0x0000000081f00000, 0x0000000081f00000| Untracked 
|  31|0x0000000081f00000, 0x0000000082000000, 0x0000000082000000|100%| O|  |TAMS 0x0000000082000000, 0x0000000082000000| Untracked 
|  32|0x0000000082000000, 0x0000000082100000, 0x0000000082100000|100%| O|  |TAMS 0x0000000082100000, 0x0000000082100000| Untracked 
|  33|0x0000000082100000, 0x0000000082200000, 0x0000000082200000|100%| O|  |TAMS 0x0000000082200000, 0x0000000082200000| Untracked 
|  34|0x0000000082200000, 0x0000000082300000, 0x0000000082300000|100%| O|  |TAMS 0x0000000082300000, 0x0000000082300000| Untracked 
|  35|0x0000000082300000, 0x0000000082400000, 0x0000000082400000|100%| O|  |TAMS 0x0000000082400000, 0x0000000082400000| Untracked 
|  36|0x0000000082400000, 0x0000000082500000, 0x0000000082500000|100%| O|  |TAMS 0x0000000082500000, 0x0000000082500000| Untracked 
|  37|0x0000000082500000, 0x0000000082600000, 0x0000000082600000|100%| O|  |TAMS 0x0000000082600000, 0x0000000082600000| Untracked 
|  38|0x0000000082600000, 0x0000000082700000, 0x0000000082700000|100%| O|  |TAMS 0x0000000082700000, 0x0000000082700000| Untracked 
|  39|0x0000000082700000, 0x0000000082800000, 0x0000000082800000|100%| O|  |TAMS 0x0000000082800000, 0x0000000082800000| Untracked 
|  40|0x0000000082800000, 0x0000000082900000, 0x0000000082900000|100%| O|  |TAMS 0x0000000082900000, 0x0000000082900000| Untracked 
|  41|0x0000000082900000, 0x0000000082a00000, 0x0000000082a00000|100%| O|  |TAMS 0x0000000082a00000, 0x0000000082a00000| Untracked 
|  42|0x0000000082a00000, 0x0000000082b00000, 0x0000000082b00000|100%| O|  |TAMS 0x0000000082b00000, 0x0000000082b00000| Untracked 
|  43|0x0000000082b00000, 0x0000000082c00000, 0x0000000082c00000|100%| O|  |TAMS 0x0000000082c00000, 0x0000000082c00000| Untracked 
|  44|0x0000000082c00000, 0x0000000082d00000, 0x0000000082d00000|100%| O|  |TAMS 0x0000000082d00000, 0x0000000082d00000| Untracked 
|  45|0x0000000082d00000, 0x0000000082e00000, 0x0000000082e00000|100%| O|  |TAMS 0x0000000082e00000, 0x0000000082e00000| Untracked 
|  46|0x0000000082e00000, 0x0000000082f00000, 0x0000000082f00000|100%| O|  |TAMS 0x0000000082f00000, 0x0000000082f00000| Untracked 
|  47|0x0000000082f00000, 0x0000000083000000, 0x0000000083000000|100%| O|  |TAMS 0x0000000083000000, 0x0000000083000000| Untracked 
|  48|0x0000000083000000, 0x0000000083100000, 0x0000000083100000|100%| O|  |TAMS 0x0000000083100000, 0x0000000083100000| Untracked 
|  49|0x0000000083100000, 0x0000000083200000, 0x0000000083200000|100%| O|  |TAMS 0x0000000083200000, 0x0000000083200000| Untracked 
|  50|0x0000000083200000, 0x0000000083300000, 0x0000000083300000|100%| O|  |TAMS 0x0000000083300000, 0x0000000083300000| Untracked 
|  51|0x0000000083300000, 0x0000000083400000, 0x0000000083400000|100%| O|  |TAMS 0x0000000083400000, 0x0000000083400000| Untracked 
|  52|0x0000000083400000, 0x0000000083500000, 0x0000000083500000|100%| O|  |TAMS 0x0000000083500000, 0x0000000083500000| Untracked 
|  53|0x0000000083500000, 0x0000000083600000, 0x0000000083600000|100%| O|  |TAMS 0x0000000083600000, 0x0000000083600000| Untracked 
|  54|0x0000000083600000, 0x0000000083700000, 0x0000000083700000|100%| O|  |TAMS 0x0000000083700000, 0x0000000083700000| Untracked 
|  55|0x0000000083700000, 0x0000000083800000, 0x0000000083800000|100%| O|  |TAMS 0x0000000083800000, 0x0000000083800000| Untracked 
|  56|0x0000000083800000, 0x0000000083900000, 0x0000000083900000|100%| O|  |TAMS 0x0000000083900000, 0x0000000083900000| Untracked 
|  57|0x0000000083900000, 0x0000000083a00000, 0x0000000083a00000|100%| O|  |TAMS 0x0000000083a00000, 0x0000000083a00000| Untracked 
|  58|0x0000000083a00000, 0x0000000083b00000, 0x0000000083b00000|100%| O|  |TAMS 0x0000000083b00000, 0x0000000083b00000| Untracked 
|  59|0x0000000083b00000, 0x0000000083c00000, 0x0000000083c00000|100%| O|  |TAMS 0x0000000083c00000, 0x0000000083c00000| Untracked 
|  60|0x0000000083c00000, 0x0000000083d00000, 0x0000000083d00000|100%| O|  |TAMS 0x0000000083d00000, 0x0000000083d00000| Untracked 
|  61|0x0000000083d00000, 0x0000000083e00000, 0x0000000083e00000|100%| O|  |TAMS 0x0000000083e00000, 0x0000000083e00000| Untracked 
|  62|0x0000000083e00000, 0x0000000083f00000, 0x0000000083f00000|100%| O|  |TAMS 0x0000000083f00000, 0x0000000083f00000| Untracked 
|  63|0x0000000083f00000, 0x0000000084000000, 0x0000000084000000|100%| O|  |TAMS 0x0000000084000000, 0x0000000084000000| Untracked 
|  64|0x0000000084000000, 0x0000000084100000, 0x0000000084100000|100%| O|  |TAMS 0x0000000084100000, 0x0000000084100000| Untracked 
|  65|0x0000000084100000, 0x0000000084200000, 0x0000000084200000|100%| O|  |TAMS 0x0000000084200000, 0x0000000084200000| Untracked 
|  66|0x0000000084200000, 0x0000000084300000, 0x0000000084300000|100%| O|  |TAMS 0x0000000084300000, 0x0000000084300000| Untracked 
|  67|0x0000000084300000, 0x0000000084400000, 0x0000000084400000|100%| O|  |TAMS 0x0000000084400000, 0x0000000084400000| Untracked 
|  68|0x0000000084400000, 0x0000000084500000, 0x0000000084500000|100%| O|  |TAMS 0x0000000084500000, 0x0000000084500000| Untracked 
|  69|0x0000000084500000, 0x0000000084600000, 0x0000000084600000|100%| O|  |TAMS 0x0000000084600000, 0x0000000084600000| Untracked 
|  70|0x0000000084600000, 0x0000000084700000, 0x0000000084700000|100%| O|  |TAMS 0x0000000084700000, 0x0000000084700000| Untracked 
|  71|0x0000000084700000, 0x0000000084800000, 0x0000000084800000|100%| O|  |TAMS 0x0000000084800000, 0x0000000084800000| Untracked 
|  72|0x0000000084800000, 0x0000000084900000, 0x0000000084900000|100%| O|  |TAMS 0x0000000084900000, 0x0000000084900000| Untracked 
|  73|0x0000000084900000, 0x0000000084a00000, 0x0000000084a00000|100%| O|  |TAMS 0x0000000084a00000, 0x0000000084a00000| Untracked 
|  74|0x0000000084a00000, 0x0000000084b00000, 0x0000000084b00000|100%| O|  |TAMS 0x0000000084b00000, 0x0000000084b00000| Untracked 
|  75|0x0000000084b00000, 0x0000000084c00000, 0x0000000084c00000|100%| O|  |TAMS 0x0000000084c00000, 0x0000000084c00000| Untracked 
|  76|0x0000000084c00000, 0x0000000084d00000, 0x0000000084d00000|100%| O|  |TAMS 0x0000000084d00000, 0x0000000084d00000| Untracked 
|  77|0x0000000084d00000, 0x0000000084e00000, 0x0000000084e00000|100%| O|  |TAMS 0x0000000084e00000, 0x0000000084e00000| Untracked 
|  78|0x0000000084e00000, 0x0000000084f00000, 0x0000000084f00000|100%| O|  |TAMS 0x0000000084f00000, 0x0000000084f00000| Untracked 
|  79|0x0000000084f00000, 0x0000000085000000, 0x0000000085000000|100%| O|  |TAMS 0x0000000085000000, 0x0000000085000000| Untracked 
|  80|0x0000000085000000, 0x0000000085100000, 0x0000000085100000|100%| O|  |TAMS 0x0000000085100000, 0x0000000085100000| Untracked 
|  81|0x0000000085100000, 0x0000000085200000, 0x0000000085200000|100%| O|  |TAMS 0x0000000085200000, 0x0000000085200000| Untracked 
|  82|0x0000000085200000, 0x0000000085300000, 0x0000000085300000|100%| O|  |TAMS 0x0000000085300000, 0x0000000085300000| Untracked 
|  83|0x0000000085300000, 0x0000000085400000, 0x0000000085400000|100%| O|  |TAMS 0x0000000085400000, 0x0000000085400000| Untracked 
|  84|0x0000000085400000, 0x0000000085500000, 0x0000000085500000|100%| O|  |TAMS 0x0000000085500000, 0x0000000085500000| Untracked 
|  85|0x0000000085500000, 0x0000000085600000, 0x0000000085600000|100%| O|  |TAMS 0x0000000085600000, 0x0000000085600000| Untracked 
|  86|0x0000000085600000, 0x0000000085700000, 0x0000000085700000|100%| O|  |TAMS 0x0000000085700000, 0x0000000085700000| Untracked 
|  87|0x0000000085700000, 0x0000000085800000, 0x0000000085800000|100%| O|  |TAMS 0x0000000085800000, 0x0000000085800000| Untracked 
|  88|0x0000000085800000, 0x0000000085900000, 0x0000000085900000|100%| O|  |TAMS 0x0000000085900000, 0x0000000085900000| Untracked 
|  89|0x0000000085900000, 0x0000000085a00000, 0x0000000085a00000|100%| O|  |TAMS 0x0000000085a00000, 0x0000000085a00000| Untracked 
|  90|0x0000000085a00000, 0x0000000085b00000, 0x0000000085b00000|100%| O|  |TAMS 0x0000000085b00000, 0x0000000085b00000| Untracked 
|  91|0x0000000085b00000, 0x0000000085c00000, 0x0000000085c00000|100%| O|  |TAMS 0x0000000085c00000, 0x0000000085c00000| Untracked 
|  92|0x0000000085c00000, 0x0000000085d00000, 0x0000000085d00000|100%| O|  |TAMS 0x0000000085d00000, 0x0000000085d00000| Untracked 
|  93|0x0000000085d00000, 0x0000000085e00000, 0x0000000085e00000|100%| O|  |TAMS 0x0000000085e00000, 0x0000000085e00000| Untracked 
|  94|0x0000000085e00000, 0x0000000085f00000, 0x0000000085f00000|100%| O|  |TAMS 0x0000000085f00000, 0x0000000085f00000| Untracked 
|  95|0x0000000085f00000, 0x0000000086000000, 0x0000000086000000|100%| O|  |TAMS 0x0000000086000000, 0x0000000086000000| Untracked 
|  96|0x0000000086000000, 0x0000000086100000, 0x0000000086100000|100%| O|  |TAMS 0x0000000086100000, 0x0000000086100000| Untracked 
|  97|0x0000000086100000, 0x0000000086200000, 0x0000000086200000|100%| O|  |TAMS 0x0000000086200000, 0x0000000086200000| Untracked 
|  98|0x0000000086200000, 0x0000000086300000, 0x0000000086300000|100%| O|  |TAMS 0x0000000086300000, 0x0000000086300000| Untracked 
|  99|0x0000000086300000, 0x0000000086400000, 0x0000000086400000|100%| O|  |TAMS 0x0000000086400000, 0x0000000086400000| Untracked 
| 100|0x0000000086400000, 0x0000000086500000, 0x0000000086500000|100%| O|  |TAMS 0x0000000086500000, 0x0000000086500000| Untracked 
| 101|0x0000000086500000, 0x0000000086600000, 0x0000000086600000|100%| O|  |TAMS 0x0000000086600000, 0x0000000086600000| Untracked 
| 102|0x0000000086600000, 0x0000000086700000, 0x0000000086700000|100%| O|  |TAMS 0x0000000086700000, 0x0000000086700000| Untracked 
| 103|0x0000000086700000, 0x0000000086800000, 0x0000000086800000|100%| O|  |TAMS 0x0000000086800000, 0x0000000086800000| Untracked 
| 104|0x0000000086800000, 0x0000000086900000, 0x0000000086900000|100%|HS|  |TAMS 0x0000000086900000, 0x0000000086900000| Complete 
| 105|0x0000000086900000, 0x0000000086a00000, 0x0000000086a00000|100%|HC|  |TAMS 0x0000000086a00000, 0x0000000086a00000| Complete 
| 106|0x0000000086a00000, 0x0000000086b00000, 0x0000000086b00000|100%|HS|  |TAMS 0x0000000086b00000, 0x0000000086b00000| Complete 
| 107|0x0000000086b00000, 0x0000000086c00000, 0x0000000086c00000|100%|HC|  |TAMS 0x0000000086c00000, 0x0000000086c00000| Complete 
| 108|0x0000000086c00000, 0x0000000086d00000, 0x0000000086d00000|100%|HS|  |TAMS 0x0000000086d00000, 0x0000000086d00000| Complete 
| 109|0x0000000086d00000, 0x0000000086e00000, 0x0000000086e00000|100%|HC|  |TAMS 0x0000000086e00000, 0x0000000086e00000| Complete 
| 110|0x0000000086e00000, 0x0000000086f00000, 0x0000000086f00000|100%|HC|  |TAMS 0x0000000086f00000, 0x0000000086f00000| Complete 
| 111|0x0000000086f00000, 0x0000000087000000, 0x0000000087000000|100%|HS|  |TAMS 0x0000000087000000, 0x0000000087000000| Complete 
| 112|0x0000000087000000, 0x0000000087100000, 0x0000000087100000|100%|HS|  |TAMS 0x0000000087100000, 0x0000000087100000| Complete 
| 113|0x0000000087100000, 0x0000000087200000, 0x0000000087200000|100%|HS|  |TAMS 0x0000000087200000, 0x0000000087200000| Complete 
| 114|0x0000000087200000, 0x0000000087300000, 0x0000000087300000|100%|HS|  |TAMS 0x0000000087300000, 0x0000000087300000| Complete 
| 115|0x0000000087300000, 0x0000000087400000, 0x0000000087400000|100%|HS|  |TAMS 0x0000000087400000, 0x0000000087400000| Complete 
| 116|0x0000000087400000, 0x0000000087500000, 0x0000000087500000|100%|HC|  |TAMS 0x0000000087500000, 0x0000000087500000| Complete 
| 117|0x0000000087500000, 0x0000000087600000, 0x0000000087600000|100%|HS|  |TAMS 0x0000000087600000, 0x0000000087600000| Complete 
| 118|0x0000000087600000, 0x0000000087700000, 0x0000000087700000|100%|HS|  |TAMS 0x0000000087700000, 0x0000000087700000| Complete 
| 119|0x0000000087700000, 0x0000000087800000, 0x0000000087800000|100%|HS|  |TAMS 0x0000000087800000, 0x0000000087800000| Complete 
| 120|0x0000000087800000, 0x0000000087900000, 0x0000000087900000|100%|HS|  |TAMS 0x0000000087900000, 0x0000000087900000| Complete 
| 121|0x0000000087900000, 0x0000000087a00000, 0x0000000087a00000|100%|HS|  |TAMS 0x0000000087a00000, 0x0000000087a00000| Complete 
| 122|0x0000000087a00000, 0x0000000087b00000, 0x0000000087b00000|100%|HC|  |TAMS 0x0000000087b00000, 0x0000000087b00000| Complete 
| 123|0x0000000087b00000, 0x0000000087c00000, 0x0000000087c00000|100%|HC|  |TAMS 0x0000000087c00000, 0x0000000087c00000| Complete 
| 124|0x0000000087c00000, 0x0000000087d00000, 0x0000000087d00000|100%|HS|  |TAMS 0x0000000087d00000, 0x0000000087d00000| Complete 
| 125|0x0000000087d00000, 0x0000000087e00000, 0x0000000087e00000|100%|HS|  |TAMS 0x0000000087e00000, 0x0000000087e00000| Complete 
| 126|0x0000000087e00000, 0x0000000087f00000, 0x0000000087f00000|100%|HS|  |TAMS 0x0000000087f00000, 0x0000000087f00000| Complete 
| 127|0x0000000087f00000, 0x0000000088000000, 0x0000000088000000|100%|HC|  |TAMS 0x0000000088000000, 0x0000000088000000| Complete 
| 128|0x0000000088000000, 0x0000000088100000, 0x0000000088100000|100%| O|  |TAMS 0x0000000088100000, 0x0000000088100000| Untracked 
| 129|0x0000000088100000, 0x0000000088200000, 0x0000000088200000|100%| O|  |TAMS 0x0000000088200000, 0x0000000088200000| Untracked 
| 130|0x0000000088200000, 0x0000000088300000, 0x0000000088300000|100%|HS|  |TAMS 0x0000000088300000, 0x0000000088300000| Complete 
| 131|0x0000000088300000, 0x0000000088400000, 0x0000000088400000|100%|HC|  |TAMS 0x0000000088400000, 0x0000000088400000| Complete 
| 132|0x0000000088400000, 0x0000000088500000, 0x0000000088500000|100%| O|  |TAMS 0x0000000088500000, 0x0000000088500000| Untracked 
| 133|0x0000000088500000, 0x0000000088600000, 0x0000000088600000|100%| O|  |TAMS 0x0000000088600000, 0x0000000088600000| Untracked 
| 134|0x0000000088600000, 0x0000000088700000, 0x0000000088700000|100%| O|  |TAMS 0x0000000088700000, 0x0000000088700000| Untracked 
| 135|0x0000000088700000, 0x0000000088800000, 0x0000000088800000|100%|HS|  |TAMS 0x0000000088800000, 0x0000000088800000| Complete 
| 136|0x0000000088800000, 0x0000000088900000, 0x0000000088900000|100%|HC|  |TAMS 0x0000000088900000, 0x0000000088900000| Complete 
| 137|0x0000000088900000, 0x0000000088a00000, 0x0000000088a00000|100%|HC|  |TAMS 0x0000000088a00000, 0x0000000088a00000| Complete 
| 138|0x0000000088a00000, 0x0000000088b00000, 0x0000000088b00000|100%| O|  |TAMS 0x0000000088b00000, 0x0000000088b00000| Untracked 
| 139|0x0000000088b00000, 0x0000000088c00000, 0x0000000088c00000|100%|HS|  |TAMS 0x0000000088c00000, 0x0000000088c00000| Complete 
| 140|0x0000000088c00000, 0x0000000088d00000, 0x0000000088d00000|100%| O|  |TAMS 0x0000000088d00000, 0x0000000088d00000| Untracked 
| 141|0x0000000088d00000, 0x0000000088e00000, 0x0000000088e00000|100%|HS|  |TAMS 0x0000000088e00000, 0x0000000088e00000| Complete 
| 142|0x0000000088e00000, 0x0000000088f00000, 0x0000000088f00000|100%| O|  |TAMS 0x0000000088f00000, 0x0000000088f00000| Untracked 
| 143|0x0000000088f00000, 0x0000000089000000, 0x0000000089000000|100%|HS|  |TAMS 0x0000000089000000, 0x0000000089000000| Complete 
| 144|0x0000000089000000, 0x0000000089100000, 0x0000000089100000|100%| O|  |TAMS 0x0000000089100000, 0x0000000089100000| Untracked 
| 145|0x0000000089100000, 0x0000000089200000, 0x0000000089200000|100%|HS|  |TAMS 0x0000000089200000, 0x0000000089200000| Complete 
| 146|0x0000000089200000, 0x0000000089300000, 0x0000000089300000|100%| O|  |TAMS 0x0000000089300000, 0x0000000089300000| Untracked 
| 147|0x0000000089300000, 0x0000000089400000, 0x0000000089400000|100%| O|  |TAMS 0x0000000089400000, 0x0000000089400000| Untracked 
| 148|0x0000000089400000, 0x0000000089500000, 0x0000000089500000|100%|HS|  |TAMS 0x0000000089500000, 0x0000000089500000| Complete 
| 149|0x0000000089500000, 0x0000000089600000, 0x0000000089600000|100%|HC|  |TAMS 0x0000000089600000, 0x0000000089600000| Complete 
| 150|0x0000000089600000, 0x0000000089700000, 0x0000000089700000|100%| O|  |TAMS 0x0000000089700000, 0x0000000089700000| Untracked 
| 151|0x0000000089700000, 0x0000000089800000, 0x0000000089800000|100%|HS|  |TAMS 0x0000000089800000, 0x0000000089800000| Complete 
| 152|0x0000000089800000, 0x0000000089900000, 0x0000000089900000|100%| O|  |TAMS 0x0000000089900000, 0x0000000089900000| Untracked 
| 153|0x0000000089900000, 0x0000000089a00000, 0x0000000089a00000|100%|HS|  |TAMS 0x0000000089a00000, 0x0000000089a00000| Complete 
| 154|0x0000000089a00000, 0x0000000089b00000, 0x0000000089b00000|100%| O|  |TAMS 0x0000000089b00000, 0x0000000089b00000| Untracked 
| 155|0x0000000089b00000, 0x0000000089c00000, 0x0000000089c00000|100%|HS|  |TAMS 0x0000000089c00000, 0x0000000089c00000| Complete 
| 156|0x0000000089c00000, 0x0000000089d00000, 0x0000000089d00000|100%| O|  |TAMS 0x0000000089d00000, 0x0000000089d00000| Untracked 
| 157|0x0000000089d00000, 0x0000000089e00000, 0x0000000089e00000|100%|HS|  |TAMS 0x0000000089e00000, 0x0000000089e00000| Complete 
| 158|0x0000000089e00000, 0x0000000089f00000, 0x0000000089f00000|100%| O|  |TAMS 0x0000000089f00000, 0x0000000089f00000| Untracked 
| 159|0x0000000089f00000, 0x000000008a000000, 0x000000008a000000|100%| O|  |TAMS 0x000000008a000000, 0x000000008a000000| Untracked 
| 160|0x000000008a000000, 0x000000008a100000, 0x000000008a100000|100%| O|  |TAMS 0x000000008a100000, 0x000000008a100000| Untracked 
| 161|0x000000008a100000, 0x000000008a200000, 0x000000008a200000|100%|HS|  |TAMS 0x000000008a200000, 0x000000008a200000| Complete 
| 162|0x000000008a200000, 0x000000008a300000, 0x000000008a300000|100%|HC|  |TAMS 0x000000008a300000, 0x000000008a300000| Complete 
| 163|0x000000008a300000, 0x000000008a400000, 0x000000008a400000|100%|HC|  |TAMS 0x000000008a400000, 0x000000008a400000| Complete 
| 164|0x000000008a400000, 0x000000008a500000, 0x000000008a500000|100%| O|  |TAMS 0x000000008a500000, 0x000000008a500000| Untracked 
| 165|0x000000008a500000, 0x000000008a600000, 0x000000008a600000|100%| O|  |TAMS 0x000000008a600000, 0x000000008a600000| Untracked 
| 166|0x000000008a600000, 0x000000008a700000, 0x000000008a700000|100%| O|  |TAMS 0x000000008a700000, 0x000000008a700000| Untracked 
| 167|0x000000008a700000, 0x000000008a800000, 0x000000008a800000|100%| O|  |TAMS 0x000000008a800000, 0x000000008a800000| Untracked 
| 168|0x000000008a800000, 0x000000008a900000, 0x000000008a900000|100%| O|  |TAMS 0x000000008a900000, 0x000000008a900000| Untracked 
| 169|0x000000008a900000, 0x000000008aa00000, 0x000000008aa00000|100%| O|  |TAMS 0x000000008aa00000, 0x000000008aa00000| Untracked 
| 170|0x000000008aa00000, 0x000000008ab00000, 0x000000008ab00000|100%| O|  |TAMS 0x000000008ab00000, 0x000000008ab00000| Untracked 
| 171|0x000000008ab00000, 0x000000008ac00000, 0x000000008ac00000|100%| O|  |TAMS 0x000000008ac00000, 0x000000008ac00000| Untracked 
| 172|0x000000008ac00000, 0x000000008ad00000, 0x000000008ad00000|100%| O|  |TAMS 0x000000008ad00000, 0x000000008ad00000| Untracked 
| 173|0x000000008ad00000, 0x000000008ae00000, 0x000000008ae00000|100%| O|  |TAMS 0x000000008ae00000, 0x000000008ae00000| Untracked 
| 174|0x000000008ae00000, 0x000000008af00000, 0x000000008af00000|100%| O|  |TAMS 0x000000008af00000, 0x000000008af00000| Untracked 
| 175|0x000000008af00000, 0x000000008b000000, 0x000000008b000000|100%| O|  |TAMS 0x000000008b000000, 0x000000008b000000| Untracked 
| 176|0x000000008b000000, 0x000000008b100000, 0x000000008b100000|100%| O|  |TAMS 0x000000008b100000, 0x000000008b100000| Untracked 
| 177|0x000000008b100000, 0x000000008b200000, 0x000000008b200000|100%| O|  |TAMS 0x000000008b200000, 0x000000008b200000| Untracked 
| 178|0x000000008b200000, 0x000000008b300000, 0x000000008b300000|100%| O|  |TAMS 0x000000008b300000, 0x000000008b300000| Untracked 
| 179|0x000000008b300000, 0x000000008b400000, 0x000000008b400000|100%| O|  |TAMS 0x000000008b400000, 0x000000008b400000| Untracked 
| 180|0x000000008b400000, 0x000000008b500000, 0x000000008b500000|100%| O|  |TAMS 0x000000008b500000, 0x000000008b500000| Untracked 
| 181|0x000000008b500000, 0x000000008b600000, 0x000000008b600000|100%| O|  |TAMS 0x000000008b600000, 0x000000008b600000| Untracked 
| 182|0x000000008b600000, 0x000000008b700000, 0x000000008b700000|100%| O|  |TAMS 0x000000008b6c0200, 0x000000008b700000| Untracked 
| 183|0x000000008b700000, 0x000000008b800000, 0x000000008b800000|100%|HS|  |TAMS 0x000000008b700000, 0x000000008b800000| Complete 
| 184|0x000000008b800000, 0x000000008b900000, 0x000000008b900000|100%|HC|  |TAMS 0x000000008b800000, 0x000000008b900000| Complete 
| 185|0x000000008b900000, 0x000000008ba00000, 0x000000008ba00000|100%|HS|  |TAMS 0x000000008b900000, 0x000000008ba00000| Complete 
| 186|0x000000008ba00000, 0x000000008bb00000, 0x000000008bb00000|100%|HC|  |TAMS 0x000000008ba00000, 0x000000008bb00000| Complete 
| 187|0x000000008bb00000, 0x000000008bc00000, 0x000000008bc00000|100%| O|  |TAMS 0x000000008bb00000, 0x000000008bc00000| Untracked 
| 188|0x000000008bc00000, 0x000000008bd00000, 0x000000008bd00000|100%| O|  |TAMS 0x000000008bc00000, 0x000000008bd00000| Untracked 
| 189|0x000000008bd00000, 0x000000008be00000, 0x000000008be00000|100%| O|  |TAMS 0x000000008bd00000, 0x000000008be00000| Untracked 
| 190|0x000000008be00000, 0x000000008bf00000, 0x000000008bf00000|100%| O|  |TAMS 0x000000008be00000, 0x000000008bf00000| Untracked 
| 191|0x000000008bf00000, 0x000000008c000000, 0x000000008c000000|100%| O|  |TAMS 0x000000008bf00000, 0x000000008c000000| Untracked 
| 192|0x000000008c000000, 0x000000008c100000, 0x000000008c100000|100%| O|  |TAMS 0x000000008c000000, 0x000000008c100000| Untracked 
| 193|0x000000008c100000, 0x000000008c200000, 0x000000008c200000|100%| O|  |TAMS 0x000000008c100000, 0x000000008c200000| Untracked 
| 194|0x000000008c200000, 0x000000008c300000, 0x000000008c300000|100%|HS|  |TAMS 0x000000008c200000, 0x000000008c300000| Complete 
| 195|0x000000008c300000, 0x000000008c400000, 0x000000008c400000|100%| O|  |TAMS 0x000000008c300000, 0x000000008c400000| Untracked 
| 196|0x000000008c400000, 0x000000008c500000, 0x000000008c500000|100%| O|  |TAMS 0x000000008c400000, 0x000000008c500000| Untracked 
| 197|0x000000008c500000, 0x000000008c600000, 0x000000008c600000|100%| O|  |TAMS 0x000000008c500000, 0x000000008c600000| Untracked 
| 198|0x000000008c600000, 0x000000008c700000, 0x000000008c700000|100%| O|  |TAMS 0x000000008c600000, 0x000000008c700000| Untracked 
| 199|0x000000008c700000, 0x000000008c800000, 0x000000008c800000|100%| O|  |TAMS 0x000000008c700000, 0x000000008c800000| Untracked 
| 200|0x000000008c800000, 0x000000008c900000, 0x000000008c900000|100%| O|  |TAMS 0x000000008c800000, 0x000000008c900000| Untracked 
| 201|0x000000008c900000, 0x000000008ca00000, 0x000000008ca00000|100%| O|  |TAMS 0x000000008c900000, 0x000000008ca00000| Untracked 
| 202|0x000000008ca00000, 0x000000008cb00000, 0x000000008cb00000|100%| O|  |TAMS 0x000000008ca00000, 0x000000008cb00000| Untracked 
| 203|0x000000008cb00000, 0x000000008cc00000, 0x000000008cc00000|100%| O|  |TAMS 0x000000008cb00000, 0x000000008cc00000| Untracked 
| 204|0x000000008cc00000, 0x000000008cd00000, 0x000000008cd00000|100%| O|  |TAMS 0x000000008cc00000, 0x000000008cd00000| Untracked 
| 205|0x000000008cd00000, 0x000000008ce00000, 0x000000008ce00000|100%| O|  |TAMS 0x000000008cd00000, 0x000000008ce00000| Untracked 
| 206|0x000000008ce00000, 0x000000008cf00000, 0x000000008cf00000|100%| O|  |TAMS 0x000000008ce00000, 0x000000008cf00000| Untracked 
| 207|0x000000008cf00000, 0x000000008d000000, 0x000000008d000000|100%| O|  |TAMS 0x000000008cf00000, 0x000000008d000000| Untracked 
| 208|0x000000008d000000, 0x000000008d100000, 0x000000008d100000|100%| O|  |TAMS 0x000000008d000000, 0x000000008d100000| Untracked 
| 209|0x000000008d100000, 0x000000008d200000, 0x000000008d200000|100%| O|  |TAMS 0x000000008d100000, 0x000000008d200000| Untracked 
| 210|0x000000008d200000, 0x000000008d300000, 0x000000008d300000|100%| O|  |TAMS 0x000000008d200000, 0x000000008d300000| Untracked 
| 211|0x000000008d300000, 0x000000008d400000, 0x000000008d400000|100%| O|  |TAMS 0x000000008d300000, 0x000000008d400000| Untracked 
| 212|0x000000008d400000, 0x000000008d500000, 0x000000008d500000|100%| O|  |TAMS 0x000000008d400000, 0x000000008d500000| Untracked 
| 213|0x000000008d500000, 0x000000008d600000, 0x000000008d600000|100%| O|  |TAMS 0x000000008d500000, 0x000000008d600000| Untracked 
| 214|0x000000008d600000, 0x000000008d700000, 0x000000008d700000|100%| O|  |TAMS 0x000000008d600000, 0x000000008d700000| Untracked 
| 215|0x000000008d700000, 0x000000008d800000, 0x000000008d800000|100%| O|  |TAMS 0x000000008d700000, 0x000000008d800000| Untracked 
| 216|0x000000008d800000, 0x000000008d900000, 0x000000008d900000|100%| O|  |TAMS 0x000000008d800000, 0x000000008d900000| Untracked 
| 217|0x000000008d900000, 0x000000008da00000, 0x000000008da00000|100%| O|  |TAMS 0x000000008d900000, 0x000000008da00000| Untracked 
| 218|0x000000008da00000, 0x000000008db00000, 0x000000008db00000|100%| O|  |TAMS 0x000000008da00000, 0x000000008db00000| Untracked 
| 219|0x000000008db00000, 0x000000008dc00000, 0x000000008dc00000|100%| O|  |TAMS 0x000000008db00000, 0x000000008dc00000| Untracked 
| 220|0x000000008dc00000, 0x000000008dd00000, 0x000000008dd00000|100%| O|  |TAMS 0x000000008dc00000, 0x000000008dd00000| Untracked 
| 221|0x000000008dd00000, 0x000000008de00000, 0x000000008de00000|100%| O|  |TAMS 0x000000008dd00000, 0x000000008de00000| Untracked 
| 222|0x000000008de00000, 0x000000008df00000, 0x000000008df00000|100%| O|  |TAMS 0x000000008de00000, 0x000000008df00000| Untracked 
| 223|0x000000008df00000, 0x000000008e000000, 0x000000008e000000|100%| O|  |TAMS 0x000000008df00000, 0x000000008e000000| Untracked 
| 224|0x000000008e000000, 0x000000008e100000, 0x000000008e100000|100%| O|  |TAMS 0x000000008e000000, 0x000000008e100000| Untracked 
| 225|0x000000008e100000, 0x000000008e200000, 0x000000008e200000|100%| O|  |TAMS 0x000000008e100000, 0x000000008e100000| Untracked 
| 226|0x000000008e200000, 0x000000008e300000, 0x000000008e300000|100%| O|  |TAMS 0x000000008e200000, 0x000000008e200000| Untracked 
| 227|0x000000008e300000, 0x000000008e400000, 0x000000008e400000|100%| O|  |TAMS 0x000000008e300000, 0x000000008e300000| Untracked 
| 228|0x000000008e400000, 0x000000008e500000, 0x000000008e500000|100%| O|  |TAMS 0x000000008e400000, 0x000000008e400000| Untracked 
| 229|0x000000008e500000, 0x000000008e600000, 0x000000008e600000|100%| O|  |TAMS 0x000000008e500000, 0x000000008e500000| Untracked 
| 230|0x000000008e600000, 0x000000008e700000, 0x000000008e700000|100%| O|  |TAMS 0x000000008e600000, 0x000000008e600000| Untracked 
| 231|0x000000008e700000, 0x000000008e800000, 0x000000008e800000|100%| O|  |TAMS 0x000000008e700000, 0x000000008e700000| Untracked 
| 232|0x000000008e800000, 0x000000008e900000, 0x000000008e900000|100%| O|  |TAMS 0x000000008e800000, 0x000000008e800000| Untracked 
| 233|0x000000008e900000, 0x000000008ea00000, 0x000000008ea00000|100%| O|  |TAMS 0x000000008e900000, 0x000000008e900000| Untracked 
| 234|0x000000008ea00000, 0x000000008eb00000, 0x000000008eb00000|100%| O|  |TAMS 0x000000008ea00000, 0x000000008ea00000| Untracked 
| 235|0x000000008eb00000, 0x000000008ec00000, 0x000000008ec00000|100%| O|  |TAMS 0x000000008eb00000, 0x000000008eb00000| Untracked 
| 236|0x000000008ec00000, 0x000000008ed00000, 0x000000008ed00000|100%| O|  |TAMS 0x000000008ec00000, 0x000000008ec00000| Untracked 
| 237|0x000000008ed00000, 0x000000008ee00000, 0x000000008ee00000|100%| O|  |TAMS 0x000000008ed00000, 0x000000008ed00000| Untracked 
| 238|0x000000008ee00000, 0x000000008ef00000, 0x000000008ef00000|100%| O|  |TAMS 0x000000008ee00000, 0x000000008ee00000| Untracked 
| 239|0x000000008ef00000, 0x000000008f000000, 0x000000008f000000|100%| O|  |TAMS 0x000000008ef00000, 0x000000008ef00000| Untracked 
| 240|0x000000008f000000, 0x000000008f100000, 0x000000008f100000|100%| O|  |TAMS 0x000000008f000000, 0x000000008f000000| Untracked 
| 241|0x000000008f100000, 0x000000008f200000, 0x000000008f200000|100%| O|  |TAMS 0x000000008f100000, 0x000000008f100000| Untracked 
| 242|0x000000008f200000, 0x000000008f300000, 0x000000008f300000|100%| O|  |TAMS 0x000000008f200000, 0x000000008f200000| Untracked 
| 243|0x000000008f300000, 0x000000008f400000, 0x000000008f400000|100%| O|  |TAMS 0x000000008f300000, 0x000000008f300000| Untracked 
| 244|0x000000008f400000, 0x000000008f500000, 0x000000008f500000|100%| O|  |TAMS 0x000000008f400000, 0x000000008f400000| Untracked 
| 245|0x000000008f500000, 0x000000008f600000, 0x000000008f600000|100%| O|  |TAMS 0x000000008f500000, 0x000000008f500000| Untracked 
| 246|0x000000008f600000, 0x000000008f700000, 0x000000008f700000|100%| O|  |TAMS 0x000000008f600000, 0x000000008f600000| Untracked 
| 247|0x000000008f700000, 0x000000008f800000, 0x000000008f800000|100%| O|  |TAMS 0x000000008f700000, 0x000000008f700000| Untracked 
| 248|0x000000008f800000, 0x000000008f900000, 0x000000008f900000|100%| O|  |TAMS 0x000000008f800000, 0x000000008f800000| Untracked 
| 249|0x000000008f900000, 0x000000008fa00000, 0x000000008fa00000|100%| O|  |TAMS 0x000000008f900000, 0x000000008f900000| Untracked 
| 250|0x000000008fa00000, 0x000000008fb00000, 0x000000008fb00000|100%| O|  |TAMS 0x000000008fa00000, 0x000000008fa00000| Untracked 
| 251|0x000000008fb00000, 0x000000008fc00000, 0x000000008fc00000|100%| O|  |TAMS 0x000000008fb00000, 0x000000008fb00000| Untracked 
| 252|0x000000008fc00000, 0x000000008fd00000, 0x000000008fd00000|100%| O|  |TAMS 0x000000008fc00000, 0x000000008fc00000| Untracked 
| 253|0x000000008fd00000, 0x000000008fe00000, 0x000000008fe00000|100%| O|  |TAMS 0x000000008fd00000, 0x000000008fd00000| Untracked 
| 254|0x000000008fe00000, 0x000000008ff00000, 0x000000008ff00000|100%| O|  |TAMS 0x000000008fe00000, 0x000000008fe00000| Untracked 
| 255|0x000000008ff00000, 0x0000000090000000, 0x0000000090000000|100%| O|  |TAMS 0x000000008ff00000, 0x000000008ff00000| Untracked 
| 256|0x0000000090000000, 0x0000000090100000, 0x0000000090100000|100%| O|  |TAMS 0x0000000090100000, 0x0000000090100000| Untracked 
| 257|0x0000000090100000, 0x0000000090200000, 0x0000000090200000|100%| O|  |TAMS 0x0000000090200000, 0x0000000090200000| Untracked 
| 258|0x0000000090200000, 0x0000000090300000, 0x0000000090300000|100%| O|  |TAMS 0x0000000090300000, 0x0000000090300000| Untracked 
| 259|0x0000000090300000, 0x0000000090400000, 0x0000000090400000|100%| O|  |TAMS 0x0000000090400000, 0x0000000090400000| Untracked 
| 260|0x0000000090400000, 0x0000000090500000, 0x0000000090500000|100%| O|  |TAMS 0x0000000090500000, 0x0000000090500000| Untracked 
| 261|0x0000000090500000, 0x0000000090600000, 0x0000000090600000|100%| O|  |TAMS 0x0000000090600000, 0x0000000090600000| Untracked 
| 262|0x0000000090600000, 0x0000000090700000, 0x0000000090700000|100%| O|  |TAMS 0x0000000090700000, 0x0000000090700000| Untracked 
| 263|0x0000000090700000, 0x0000000090800000, 0x0000000090800000|100%| O|  |TAMS 0x0000000090800000, 0x0000000090800000| Untracked 
| 264|0x0000000090800000, 0x0000000090900000, 0x0000000090900000|100%| O|  |TAMS 0x0000000090900000, 0x0000000090900000| Untracked 
| 265|0x0000000090900000, 0x0000000090a00000, 0x0000000090a00000|100%| O|  |TAMS 0x0000000090a00000, 0x0000000090a00000| Untracked 
| 266|0x0000000090a00000, 0x0000000090b00000, 0x0000000090b00000|100%| O|  |TAMS 0x0000000090b00000, 0x0000000090b00000| Untracked 
| 267|0x0000000090b00000, 0x0000000090c00000, 0x0000000090c00000|100%| O|  |TAMS 0x0000000090b00000, 0x0000000090b00000| Untracked 
| 268|0x0000000090c00000, 0x0000000090d00000, 0x0000000090d00000|100%| O|  |TAMS 0x0000000090c00000, 0x0000000090c00000| Untracked 
| 269|0x0000000090d00000, 0x0000000090e00000, 0x0000000090e00000|100%| O|  |TAMS 0x0000000090d00000, 0x0000000090d00000| Untracked 
| 270|0x0000000090e00000, 0x0000000090f00000, 0x0000000090f00000|100%| O|  |TAMS 0x0000000090e00000, 0x0000000090e00000| Untracked 
| 271|0x0000000090f00000, 0x0000000091000000, 0x0000000091000000|100%| O|  |TAMS 0x0000000090f00000, 0x0000000090f00000| Untracked 
| 272|0x0000000091000000, 0x0000000091100000, 0x0000000091100000|100%| O|  |TAMS 0x0000000091000000, 0x0000000091000000| Untracked 
| 273|0x0000000091100000, 0x0000000091100000, 0x0000000091200000|  0%| F|  |TAMS 0x0000000091100000, 0x0000000091100000| Untracked 
| 274|0x0000000091200000, 0x0000000091200000, 0x0000000091300000|  0%| F|  |TAMS 0x0000000091200000, 0x0000000091200000| Untracked 
| 275|0x0000000091300000, 0x0000000091300000, 0x0000000091400000|  0%| F|  |TAMS 0x0000000091300000, 0x0000000091300000| Untracked 
| 276|0x0000000091400000, 0x0000000091400000, 0x0000000091500000|  0%| F|  |TAMS 0x0000000091400000, 0x0000000091400000| Untracked 
| 277|0x0000000091500000, 0x0000000091500000, 0x0000000091600000|  0%| F|  |TAMS 0x0000000091500000, 0x0000000091500000| Untracked 
| 278|0x0000000091600000, 0x0000000091600000, 0x0000000091700000|  0%| F|  |TAMS 0x0000000091600000, 0x0000000091600000| Untracked 
| 279|0x0000000091700000, 0x0000000091700000, 0x0000000091800000|  0%| F|  |TAMS 0x0000000091700000, 0x0000000091700000| Untracked 
| 280|0x0000000091800000, 0x0000000091800000, 0x0000000091900000|  0%| F|  |TAMS 0x0000000091800000, 0x0000000091800000| Untracked 
| 281|0x0000000091900000, 0x0000000091900000, 0x0000000091a00000|  0%| F|  |TAMS 0x0000000091900000, 0x0000000091900000| Untracked 
| 282|0x0000000091a00000, 0x0000000091a00000, 0x0000000091b00000|  0%| F|  |TAMS 0x0000000091a00000, 0x0000000091a00000| Untracked 
| 283|0x0000000091b00000, 0x0000000091b00000, 0x0000000091c00000|  0%| F|  |TAMS 0x0000000091b00000, 0x0000000091b00000| Untracked 
| 284|0x0000000091c00000, 0x0000000091c00000, 0x0000000091d00000|  0%| F|  |TAMS 0x0000000091c00000, 0x0000000091c00000| Untracked 
| 285|0x0000000091d00000, 0x0000000091d00000, 0x0000000091e00000|  0%| F|  |TAMS 0x0000000091d00000, 0x0000000091d00000| Untracked 
| 286|0x0000000091e00000, 0x0000000091e00000, 0x0000000091f00000|  0%| F|  |TAMS 0x0000000091e00000, 0x0000000091e00000| Untracked 
| 287|0x0000000091f00000, 0x0000000091f00000, 0x0000000092000000|  0%| F|  |TAMS 0x0000000091f00000, 0x0000000091f00000| Untracked 
| 288|0x0000000092000000, 0x0000000092000000, 0x0000000092100000|  0%| F|  |TAMS 0x0000000092000000, 0x0000000092000000| Untracked 
| 289|0x0000000092100000, 0x0000000092100000, 0x0000000092200000|  0%| F|  |TAMS 0x0000000092100000, 0x0000000092100000| Untracked 
| 290|0x0000000092200000, 0x0000000092200000, 0x0000000092300000|  0%| F|  |TAMS 0x0000000092200000, 0x0000000092200000| Untracked 
| 291|0x0000000092300000, 0x0000000092300000, 0x0000000092400000|  0%| F|  |TAMS 0x0000000092300000, 0x0000000092300000| Untracked 
| 292|0x0000000092400000, 0x0000000092400000, 0x0000000092500000|  0%| F|  |TAMS 0x0000000092400000, 0x0000000092400000| Untracked 
| 293|0x0000000092500000, 0x0000000092500000, 0x0000000092600000|  0%| F|  |TAMS 0x0000000092500000, 0x0000000092500000| Untracked 
| 294|0x0000000092600000, 0x0000000092600000, 0x0000000092700000|  0%| F|  |TAMS 0x0000000092600000, 0x0000000092600000| Untracked 
| 295|0x0000000092700000, 0x0000000092700000, 0x0000000092800000|  0%| F|  |TAMS 0x0000000092700000, 0x0000000092700000| Untracked 
| 296|0x0000000092800000, 0x0000000092800000, 0x0000000092900000|  0%| F|  |TAMS 0x0000000092800000, 0x0000000092800000| Untracked 
| 297|0x0000000092900000, 0x0000000092900000, 0x0000000092a00000|  0%| F|  |TAMS 0x0000000092900000, 0x0000000092900000| Untracked 
| 298|0x0000000092a00000, 0x0000000092a00000, 0x0000000092b00000|  0%| F|  |TAMS 0x0000000092a00000, 0x0000000092a00000| Untracked 
| 299|0x0000000092b00000, 0x0000000092b00000, 0x0000000092c00000|  0%| F|  |TAMS 0x0000000092b00000, 0x0000000092b00000| Untracked 
| 300|0x0000000092c00000, 0x0000000092c00000, 0x0000000092d00000|  0%| F|  |TAMS 0x0000000092c00000, 0x0000000092c00000| Untracked 
| 301|0x0000000092d00000, 0x0000000092d00000, 0x0000000092e00000|  0%| F|  |TAMS 0x0000000092d00000, 0x0000000092d00000| Untracked 
| 302|0x0000000092e00000, 0x0000000092e00000, 0x0000000092f00000|  0%| F|  |TAMS 0x0000000092e00000, 0x0000000092e00000| Untracked 
| 303|0x0000000092f00000, 0x0000000093000000, 0x0000000093000000|100%| S|CS|TAMS 0x0000000092f00000, 0x0000000092f00000| Complete 
| 304|0x0000000093000000, 0x0000000093100000, 0x0000000093100000|100%| S|CS|TAMS 0x0000000093000000, 0x0000000093000000| Complete 
| 305|0x0000000093100000, 0x0000000093100000, 0x0000000093200000|  0%| F|  |TAMS 0x0000000093100000, 0x0000000093100000| Untracked 
| 306|0x0000000093200000, 0x0000000093200000, 0x0000000093300000|  0%| F|  |TAMS 0x0000000093200000, 0x0000000093200000| Untracked 
| 307|0x0000000093300000, 0x0000000093300000, 0x0000000093400000|  0%| F|  |TAMS 0x0000000093300000, 0x0000000093300000| Untracked 
| 308|0x0000000093400000, 0x0000000093400000, 0x0000000093500000|  0%| F|  |TAMS 0x0000000093400000, 0x0000000093400000| Untracked 
| 309|0x0000000093500000, 0x0000000093500000, 0x0000000093600000|  0%| F|  |TAMS 0x0000000093500000, 0x0000000093500000| Untracked 
| 310|0x0000000093600000, 0x0000000093600000, 0x0000000093700000|  0%| F|  |TAMS 0x0000000093600000, 0x0000000093600000| Untracked 
| 311|0x0000000093700000, 0x0000000093700000, 0x0000000093800000|  0%| F|  |TAMS 0x0000000093700000, 0x0000000093700000| Untracked 
| 312|0x0000000093800000, 0x0000000093800000, 0x0000000093900000|  0%| F|  |TAMS 0x0000000093800000, 0x0000000093800000| Untracked 
| 313|0x0000000093900000, 0x0000000093900000, 0x0000000093a00000|  0%| F|  |TAMS 0x0000000093900000, 0x0000000093900000| Untracked 
| 314|0x0000000093a00000, 0x0000000093a00000, 0x0000000093b00000|  0%| F|  |TAMS 0x0000000093a00000, 0x0000000093a00000| Untracked 
| 315|0x0000000093b00000, 0x0000000093b00000, 0x0000000093c00000|  0%| F|  |TAMS 0x0000000093b00000, 0x0000000093b00000| Untracked 
| 316|0x0000000093c00000, 0x0000000093c00000, 0x0000000093d00000|  0%| F|  |TAMS 0x0000000093c00000, 0x0000000093c00000| Untracked 
| 317|0x0000000093d00000, 0x0000000093d00000, 0x0000000093e00000|  0%| F|  |TAMS 0x0000000093d00000, 0x0000000093d00000| Untracked 
| 318|0x0000000093e00000, 0x0000000093e00000, 0x0000000093f00000|  0%| F|  |TAMS 0x0000000093e00000, 0x0000000093e00000| Untracked 
| 319|0x0000000093f00000, 0x0000000093f00000, 0x0000000094000000|  0%| F|  |TAMS 0x0000000093f00000, 0x0000000093f00000| Untracked 
| 320|0x0000000094000000, 0x0000000094000000, 0x0000000094100000|  0%| F|  |TAMS 0x0000000094000000, 0x0000000094000000| Untracked 

Card table byte_map: [0x00000191725e0000,0x00000191729e0000] _byte_map_base: 0x00000191721e0000

Marking Bits (Prev, Next): (CMBitMap*) 0x000001915d8fcd28, (CMBitMap*) 0x000001915d8fcd60
 Prev Bits: [0x0000019172de0000, 0x0000019174de0000)
 Next Bits: [0x0000019174de0000, 0x0000019176de0000)

Polling page: 0x000001915d770000

Metaspace:

Usage:
  Non-class:     92.90 MB capacity,    91.26 MB ( 98%) used,     1.32 MB (  1%) free+waste,   328.75 KB ( <1%) overhead. 
      Class:     14.54 MB capacity,    13.50 MB ( 93%) used,   925.81 KB (  6%) free+waste,   145.25 KB ( <1%) overhead. 
       Both:    107.44 MB capacity,   104.75 MB ( 98%) used,     2.22 MB (  2%) free+waste,   474.00 KB ( <1%) overhead. 

Virtual space:
  Non-class space:       94.00 MB reserved,      93.00 MB ( 99%) committed 
      Class space:        1.00 GB reserved,      14.63 MB (  1%) committed 
             Both:        1.09 GB reserved,     107.63 MB ( 10%) committed 

Chunk freelists:
   Non-Class:  43.00 KB
       Class:  21.00 KB
        Both:  64.00 KB

MaxMetaspaceSize: 17179869184.00 GB
CompressedClassSpaceSize: 1.00 GB

CodeHeap 'non-profiled nmethods': size=120064Kb used=11591Kb max_used=11591Kb free=108472Kb
 bounds [0x000001916a670000, 0x000001916b1d0000, 0x0000019171bb0000]
CodeHeap 'profiled nmethods': size=120000Kb used=37490Kb max_used=37490Kb free=82509Kb
 bounds [0x0000019163140000, 0x00000191655e0000, 0x000001916a670000]
CodeHeap 'non-nmethods': size=5696Kb used=2325Kb max_used=2393Kb free=3370Kb
 bounds [0x0000019162bb0000, 0x0000019162e20000, 0x0000019163140000]
 total_blobs=17115 nmethods=16175 adapters=850
 compilation: enabled
              stopped_count=0, restarted_count=0
 full_count=0

Compilation events (20 events):
Event: 35.624 Thread 0x0000019179ca4800 16312       2       com.android.tools.r8.internal.A0::iterator (5 bytes)
Event: 35.624 Thread 0x0000019179ca4800 nmethod 16312 0x00000191655d9810 code [0x00000191655d99c0, 0x00000191655d9ae8]
Event: 35.624 Thread 0x0000019179ca4800 16313       2       com.android.tools.r8.internal.ku$e::iterator (12 bytes)
Event: 35.624 Thread 0x0000019179ca4800 nmethod 16313 0x00000191655d9b90 code [0x00000191655d9d40, 0x00000191655d9f28]
Event: 35.625 Thread 0x0000019179ca4800 16314       2       com.android.tools.r8.code.M0::<init> (34 bytes)
Event: 35.625 Thread 0x0000019179ca4800 nmethod 16314 0x00000191655da010 code [0x00000191655da1e0, 0x00000191655da3a8]
Event: 35.685 Thread 0x0000019179ca4800 16317       2       com.android.tools.r8.code.Z3::<init> (7 bytes)
Event: 35.686 Thread 0x0000019179ca4800 nmethod 16317 0x00000191655da510 code [0x00000191655da6c0, 0x00000191655da818]
Event: 35.691 Thread 0x0000019179ca4800 16318       2       com.android.tools.r8.code.i2::<init> (7 bytes)
Event: 35.692 Thread 0x0000019179ca4800 nmethod 16318 0x00000191655da910 code [0x00000191655daae0, 0x00000191655daca8]
Event: 35.699 Thread 0x0000019179ca4800 16320       2       java.lang.invoke.VarHandleObjects$Array::runtimeTypeCheck (26 bytes)
Event: 35.699 Thread 0x0000019179ca4800 nmethod 16320 0x00000191655dae10 code [0x00000191655db040, 0x00000191655db4b8]
Event: 35.713 Thread 0x0000019179ca4800 16322       2       com.android.tools.r8.code.t::<init> (7 bytes)
Event: 35.713 Thread 0x0000019179ca4800 nmethod 16322 0x00000191655db810 code [0x00000191655db9e0, 0x00000191655dbba8]
Event: 35.797 Thread 0x0000019179ca4800 16325       2       com.android.tools.r8.code.M3::<init> (7 bytes)
Event: 35.797 Thread 0x0000019179ca4800 nmethod 16325 0x00000191655dbd10 code [0x00000191655dbec0, 0x00000191655dc018]
Event: 35.798 Thread 0x0000019179ca4800 16326       2       com.android.tools.r8.code.i::<init> (7 bytes)
Event: 35.798 Thread 0x0000019179ca4800 nmethod 16326 0x00000191655dc110 code [0x00000191655dc2c0, 0x00000191655dc418]
Event: 35.811 Thread 0x0000019179ca4800 16328       2       com.android.tools.r8.code.d0::hashCode (22 bytes)
Event: 35.812 Thread 0x0000019179ca4800 nmethod 16328 0x00000191655dc510 code [0x00000191655dc6c0, 0x00000191655dc808]

GC Heap History (20 events):
Event: 34.803 GC heap after
{Heap after GC invocations=32 (full 0):
 garbage-first heap   total 273408K, used 198128K [0x0000000080000000, 0x0000000100000000)
  region size 1024K, 6 young (6144K), 6 survivors (6144K)
 Metaspace       used 106740K, capacity 109418K, committed 109568K, reserved 1144832K
  class space    used 13774K, capacity 14801K, committed 14848K, reserved 1048576K
}
Event: 34.816 GC heap before
{Heap before GC invocations=32 (full 0):
 garbage-first heap   total 273408K, used 201200K [0x0000000080000000, 0x0000000100000000)
  region size 1024K, 10 young (10240K), 6 survivors (6144K)
 Metaspace       used 106740K, capacity 109418K, committed 109568K, reserved 1144832K
  class space    used 13774K, capacity 14801K, committed 14848K, reserved 1048576K
}
Event: 34.832 GC heap after
{Heap after GC invocations=33 (full 0):
 garbage-first heap   total 273408K, used 200275K [0x0000000080000000, 0x0000000100000000)
  region size 1024K, 2 young (2048K), 2 survivors (2048K)
 Metaspace       used 106740K, capacity 109418K, committed 109568K, reserved 1144832K
  class space    used 13774K, capacity 14801K, committed 14848K, reserved 1048576K
}
Event: 34.896 GC heap before
{Heap before GC invocations=33 (full 0):
 garbage-first heap   total 273408K, used 221779K [0x0000000080000000, 0x0000000100000000)
  region size 1024K, 20 young (20480K), 2 survivors (2048K)
 Metaspace       used 106741K, capacity 109418K, committed 109568K, reserved 1144832K
  class space    used 13774K, capacity 14801K, committed 14848K, reserved 1048576K
}
Event: 34.915 GC heap after
{Heap after GC invocations=34 (full 0):
 garbage-first heap   total 273408K, used 212326K [0x0000000080000000, 0x0000000100000000)
  region size 1024K, 3 young (3072K), 3 survivors (3072K)
 Metaspace       used 106741K, capacity 109418K, committed 109568K, reserved 1144832K
  class space    used 13774K, capacity 14801K, committed 14848K, reserved 1048576K
}
Event: 35.065 GC heap before
{Heap before GC invocations=34 (full 0):
 garbage-first heap   total 273408K, used 225638K [0x0000000080000000, 0x0000000100000000)
  region size 1024K, 16 young (16384K), 3 survivors (3072K)
 Metaspace       used 107138K, capacity 109944K, committed 110208K, reserved 1144832K
  class space    used 13819K, capacity 14891K, committed 14976K, reserved 1048576K
}
Event: 35.083 GC heap after
{Heap after GC invocations=35 (full 0):
 garbage-first heap   total 273408K, used 220091K [0x0000000080000000, 0x0000000100000000)
  region size 1024K, 2 young (2048K), 2 survivors (2048K)
 Metaspace       used 107138K, capacity 109944K, committed 110208K, reserved 1144832K
  class space    used 13819K, capacity 14891K, committed 14976K, reserved 1048576K
}
Event: 35.246 GC heap before
{Heap before GC invocations=35 (full 0):
 garbage-first heap   total 273408K, used 230331K [0x0000000080000000, 0x0000000100000000)
  region size 1024K, 13 young (13312K), 2 survivors (2048K)
 Metaspace       used 107210K, capacity 110014K, committed 110208K, reserved 1144832K
  class space    used 13819K, capacity 14891K, committed 14976K, reserved 1048576K
}
Event: 35.263 GC heap after
{Heap after GC invocations=36 (full 0):
 garbage-first heap   total 273408K, used 226304K [0x0000000080000000, 0x0000000100000000)
  region size 1024K, 2 young (2048K), 2 survivors (2048K)
 Metaspace       used 107210K, capacity 110014K, committed 110208K, reserved 1144832K
  class space    used 13819K, capacity 14891K, committed 14976K, reserved 1048576K
}
Event: 35.302 GC heap before
{Heap before GC invocations=37 (full 0):
 garbage-first heap   total 273408K, used 236544K [0x0000000080000000, 0x0000000100000000)
  region size 1024K, 13 young (13312K), 2 survivors (2048K)
 Metaspace       used 107218K, capacity 110014K, committed 110208K, reserved 1144832K
  class space    used 13819K, capacity 14891K, committed 14976K, reserved 1048576K
}
Event: 35.313 GC heap after
{Heap after GC invocations=38 (full 0):
 garbage-first heap   total 328704K, used 232744K [0x0000000080000000, 0x0000000100000000)
  region size 1024K, 2 young (2048K), 2 survivors (2048K)
 Metaspace       used 107218K, capacity 110014K, committed 110208K, reserved 1144832K
  class space    used 13819K, capacity 14891K, committed 14976K, reserved 1048576K
}
Event: 35.444 GC heap before
{Heap before GC invocations=38 (full 0):
 garbage-first heap   total 328704K, used 256296K [0x0000000080000000, 0x0000000100000000)
  region size 1024K, 25 young (25600K), 2 survivors (2048K)
 Metaspace       used 107261K, capacity 110015K, committed 110208K, reserved 1144832K
  class space    used 13819K, capacity 14891K, committed 14976K, reserved 1048576K
}
Event: 35.462 GC heap after
{Heap after GC invocations=39 (full 0):
 garbage-first heap   total 328704K, used 245760K [0x0000000080000000, 0x0000000100000000)
  region size 1024K, 4 young (4096K), 4 survivors (4096K)
 Metaspace       used 107261K, capacity 110015K, committed 110208K, reserved 1144832K
  class space    used 13819K, capacity 14891K, committed 14976K, reserved 1048576K
}
Event: 35.599 GC heap before
{Heap before GC invocations=39 (full 0):
 garbage-first heap   total 328704K, used 264192K [0x0000000080000000, 0x0000000100000000)
  region size 1024K, 23 young (23552K), 4 survivors (4096K)
 Metaspace       used 107264K, capacity 110016K, committed 110208K, reserved 1144832K
  class space    used 13819K, capacity 14891K, committed 14976K, reserved 1048576K
}
Event: 35.614 GC heap after
{Heap after GC invocations=40 (full 0):
 garbage-first heap   total 328704K, used 256443K [0x0000000080000000, 0x0000000100000000)
  region size 1024K, 3 young (3072K), 3 survivors (3072K)
 Metaspace       used 107264K, capacity 110016K, committed 110208K, reserved 1144832K
  class space    used 13819K, capacity 14891K, committed 14976K, reserved 1048576K
}
Event: 35.668 GC heap before
{Heap before GC invocations=40 (full 0):
 garbage-first heap   total 328704K, used 270779K [0x0000000080000000, 0x0000000100000000)
  region size 1024K, 18 young (18432K), 3 survivors (3072K)
 Metaspace       used 107266K, capacity 110016K, committed 110208K, reserved 1144832K
  class space    used 13819K, capacity 14891K, committed 14976K, reserved 1048576K
}
Event: 35.682 GC heap after
{Heap after GC invocations=41 (full 0):
 garbage-first heap   total 328704K, used 265728K [0x0000000080000000, 0x0000000100000000)
  region size 1024K, 3 young (3072K), 3 survivors (3072K)
 Metaspace       used 107266K, capacity 110016K, committed 110208K, reserved 1144832K
  class space    used 13819K, capacity 14891K, committed 14976K, reserved 1048576K
}
Event: 35.773 GC heap before
{Heap before GC invocations=41 (full 0):
 garbage-first heap   total 328704K, used 278016K [0x0000000080000000, 0x0000000100000000)
  region size 1024K, 16 young (16384K), 3 survivors (3072K)
 Metaspace       used 107266K, capacity 110016K, committed 110208K, reserved 1144832K
  class space    used 13819K, capacity 14891K, committed 14976K, reserved 1048576K
}
Event: 35.784 GC heap after
{Heap after GC invocations=42 (full 0):
 garbage-first heap   total 328704K, used 273408K [0x0000000080000000, 0x0000000100000000)
  region size 1024K, 2 young (2048K), 2 survivors (2048K)
 Metaspace       used 107266K, capacity 110016K, committed 110208K, reserved 1144832K
  class space    used 13819K, capacity 14891K, committed 14976K, reserved 1048576K
}
Event: 35.819 GC heap before
{Heap before GC invocations=42 (full 0):
 garbage-first heap   total 328704K, used 287744K [0x0000000080000000, 0x0000000100000000)
  region size 1024K, 16 young (16384K), 2 survivors (2048K)
 Metaspace       used 107268K, capacity 110016K, committed 110208K, reserved 1144832K
  class space    used 13819K, capacity 14891K, committed 14976K, reserved 1048576K
}

Deoptimization events (20 events):
Event: 35.702 Thread 0x000001917e11a800 DEOPT PACKING pc=0x00000191655c0e53 sp=0x00000028f42fe660
Event: 35.702 Thread 0x000001917e11a800 DEOPT UNPACKING pc=0x0000019162bd76ce sp=0x00000028f42fe2b0 mode 0
Event: 35.712 Thread 0x000001917e11a800 DEOPT PACKING pc=0x00000191655c0e53 sp=0x00000028f42fe640
Event: 35.712 Thread 0x000001917e11a800 DEOPT UNPACKING pc=0x0000019162bd76ce sp=0x00000028f42fe290 mode 0
Event: 35.718 Thread 0x000001917e11a800 DEOPT PACKING pc=0x00000191655c0e53 sp=0x00000028f42fe640
Event: 35.718 Thread 0x000001917e11a800 DEOPT UNPACKING pc=0x0000019162bd76ce sp=0x00000028f42fe290 mode 0
Event: 35.732 Thread 0x000001917e119000 DEOPT PACKING pc=0x00000191655c0e53 sp=0x00000028f41fe010
Event: 35.732 Thread 0x000001917e119000 DEOPT UNPACKING pc=0x0000019162bd76ce sp=0x00000028f41fdc60 mode 0
Event: 35.787 Thread 0x000001917e118000 DEOPT PACKING pc=0x00000191655c0e53 sp=0x00000028f3ffe590
Event: 35.787 Thread 0x000001917e118000 DEOPT UNPACKING pc=0x0000019162bd76ce sp=0x00000028f3ffe1e0 mode 0
Event: 35.793 Thread 0x000001917e118000 DEOPT PACKING pc=0x00000191655c0e53 sp=0x00000028f3ffe570
Event: 35.793 Thread 0x000001917e118000 DEOPT UNPACKING pc=0x0000019162bd76ce sp=0x00000028f3ffe1c0 mode 0
Event: 35.797 Thread 0x000001917e119000 DEOPT PACKING pc=0x00000191655c0e53 sp=0x00000028f41fe010
Event: 35.797 Thread 0x000001917e119000 DEOPT UNPACKING pc=0x0000019162bd76ce sp=0x00000028f41fdc60 mode 0
Event: 35.802 Thread 0x000001917e119000 DEOPT PACKING pc=0x00000191655c0e53 sp=0x00000028f41fe010
Event: 35.802 Thread 0x000001917e119000 DEOPT UNPACKING pc=0x0000019162bd76ce sp=0x00000028f41fdc60 mode 0
Event: 35.807 Thread 0x000001917e119000 DEOPT PACKING pc=0x00000191655c0e53 sp=0x00000028f41fdff0
Event: 35.807 Thread 0x000001917e119000 DEOPT UNPACKING pc=0x0000019162bd76ce sp=0x00000028f41fdc40 mode 0
Event: 35.813 Thread 0x000001917e11b800 DEOPT PACKING pc=0x00000191655c0e53 sp=0x00000028f40fe360
Event: 35.813 Thread 0x000001917e11b800 DEOPT UNPACKING pc=0x0000019162bd76ce sp=0x00000028f40fdfb0 mode 0

Classes redefined (0 events):
No events

Internal exceptions (20 events):
Event: 28.713 Thread 0x000001917c99f000 Exception <a 'java/lang/NoSuchMethodError'{0x000000008f035fc0}: 'void java.lang.invoke.DirectMethodHandle$Holder.invokeStatic(java.lang.Object, java.lang.Object, java.lang.Object, int)'> (0x000000008f035fc0) thrown at [./src/hotspot/share/interpreter/linkResolver.cpp, line 773]
Event: 28.714 Thread 0x000001917c99f000 Exception <a 'java/lang/IncompatibleClassChangeError'{0x000000008f03fdf0}: Found class java.lang.Object, but interface was expected> (0x000000008f03fdf0) thrown at [./src/hotspot/share/interpreter/linkResolver.cpp, line 839]
Event: 28.760 Thread 0x000001917c99f000 Exception <a 'java/lang/NoSuchMethodError'{0x000000008ee5d120}: 'int java.lang.invoke.DirectMethodHandle$Holder.invokeVirtual(java.lang.Object, java.lang.Object, java.lang.Object)'> (0x000000008ee5d120) thrown at [./src/hotspot/share/interpreter/linkResolver.cpp, line 773]
Event: 28.973 Thread 0x000001917c99f000 Exception <a 'java/lang/NoSuchMethodError'{0x000000008e3020b8}: 'java.lang.Object java.lang.invoke.Invokers$Holder.linkToTargetMethod(java.lang.Object, java.lang.Object, java.lang.Object, java.lang.Object, java.lang.Object, java.lang.Object, java.lang.Object)'> (0x000000008e3020b8) thrown at [./src/hotspot/share/interpreter/linkResolver.cpp, line 773]
Event: 29.017 Thread 0x000001917c99f000 Exception <a 'java/lang/NoSuchMethodError'{0x000000008e196be0}: 'java.lang.Object java.lang.invoke.DirectMethodHandle$Holder.invokeVirtual(java.lang.Object, java.lang.Object, int, java.lang.Object)'> (0x000000008e196be0) thrown at [./src/hotspot/share/interpreter/linkResolver.cpp, line 773]
Event: 29.034 Thread 0x000001917c99f000 Exception <a 'java/lang/IncompatibleClassChangeError'{0x000000008e057130}: Found class java.lang.Object, but interface was expected> (0x000000008e057130) thrown at [./src/hotspot/share/interpreter/linkResolver.cpp, line 839]
Event: 29.035 Thread 0x000001917c99f000 Exception <a 'java/lang/IncompatibleClassChangeError'{0x000000008e061df0}: Found class java.lang.Object, but interface was expected> (0x000000008e061df0) thrown at [./src/hotspot/share/interpreter/linkResolver.cpp, line 839]
Event: 29.054 Thread 0x000001917c99f000 Exception <a 'java/lang/NoSuchMethodError'{0x000000008df613f0}: 'void java.lang.invoke.DirectMethodHandle$Holder.invokeVirtual(java.lang.Object, java.lang.Object, int, java.lang.Object)'> (0x000000008df613f0) thrown at [./src/hotspot/share/interpreter/linkResolver.cpp, line 773]
Event: 29.105 Thread 0x000001917c99f000 Exception <a 'java/lang/NoSuchMethodError'{0x000000008dc13878}: 'java.lang.Object java.lang.invoke.DirectMethodHandle$Holder.newInvokeSpecial(java.lang.Object, int)'> (0x000000008dc13878) thrown at [./src/hotspot/share/interpreter/linkResolver.cpp, line 773]
Event: 29.257 Thread 0x000001917c99f000 Exception <a 'java/lang/NoSuchMethodError'{0x000000008d649a70}: 'java.lang.Object java.lang.invoke.DirectMethodHandle$Holder.invokeInterface(java.lang.Object, java.lang.Object, int)'> (0x000000008d649a70) thrown at [./src/hotspot/share/interpreter/linkResolver.cpp, line 773]
Event: 29.981 Thread 0x000001917c99f000 Exception <a 'java/lang/NoSuchMethodError'{0x000000008c118a30}: 'int java.lang.invoke.DirectMethodHandle$Holder.invokeInterface(java.lang.Object, java.lang.Object, int)'> (0x000000008c118a30) thrown at [./src/hotspot/share/interpreter/linkResolver.cpp, line 773]
Event: 32.539 Thread 0x000001917c99f000 Exception <a 'java/lang/NoSuchMethodError'{0x000000008ccb68f0}: 'void java.lang.invoke.DirectMethodHandle$Holder.invokeSpecial(java.lang.Object, java.lang.Object, int, java.lang.Object, java.lang.Object, java.lang.Object, java.lang.Object)'> (0x000000008ccb68f0) thrown at [./src/hotspot/share/interpreter/linkResolver.cpp, line 773]
Event: 32.540 Thread 0x000001917c99f000 Exception <a 'java/lang/NoSuchMethodError'{0x000000008ccc24f0}: 'java.lang.Object java.lang.invoke.Invokers$Holder.linkToTargetMethod(java.lang.Object, int, java.lang.Object, java.lang.Object, java.lang.Object, java.lang.Object)'> (0x000000008ccc24f0) thrown at [./src/hotspot/share/interpreter/linkResolver.cpp, line 773]
Event: 32.540 Thread 0x000001917c99f000 Exception <a 'java/lang/NoSuchMethodError'{0x000000008ccc69a0}: 'void java.lang.invoke.DirectMethodHandle$Holder.invokeSpecial(java.lang.Object, java.lang.Object, java.lang.Object, java.lang.Object, java.lang.Object, java.lang.Object, java.lang.Object, java.lang.Object, java.lang.Object)'> (0x000000008ccc69a0) thrown at [./src/hotspot/share/interpreter/linkResolver.cpp, line 773]
Event: 32.543 Thread 0x000001917c99f000 Exception <a 'java/lang/NoSuchMethodError'{0x000000008cce1760}: 'void java.lang.invoke.DirectMethodHandle$Holder.invokeStatic(java.lang.Object, java.lang.Object, java.lang.Object, java.lang.Object, java.lang.Object, java.lang.Object, java.lang.Object, java.lang.Object)'> (0x000000008cce1760) thrown at [./src/hotspot/share/interpreter/linkResolver.cpp, line 773]
Event: 32.949 Thread 0x000001917c99f000 Exception <a 'java/lang/IncompatibleClassChangeError'{0x000000008c75a7c8}: Found class java.lang.Object, but interface was expected> (0x000000008c75a7c8) thrown at [./src/hotspot/share/interpreter/linkResolver.cpp, line 839]
Event: 33.160 Thread 0x000001917c99f000 Exception <a 'java/lang/NoSuchMethodError'{0x000000008c3fcbb0}: 'void java.lang.invoke.DirectMethodHandle$Holder.invokeVirtual(java.lang.Object, java.lang.Object, int)'> (0x000000008c3fcbb0) thrown at [./src/hotspot/share/interpreter/linkResolver.cpp, line 773]
Event: 33.215 Thread 0x000001917c99f000 Exception <a 'sun/nio/fs/WindowsException'{0x000000008c1467f8}> (0x000000008c1467f8) thrown at [./src/hotspot/share/prims/jni.cpp, line 615]
Event: 33.293 Thread 0x000001917e112800 Exception <a 'java/lang/NoSuchMethodError'{0x000000008bddf110}: <clinit>> (0x000000008bddf110) thrown at [./src/hotspot/share/prims/jni.cpp, line 1362]
Event: 33.878 Thread 0x000001917e11d000 Exception <a 'sun/nio/fs/WindowsException'{0x000000008fe22078}> (0x000000008fe22078) thrown at [./src/hotspot/share/prims/jni.cpp, line 615]

Events (20 events):
Event: 35.083 Executing VM operation: G1CollectForAllocation done
Event: 35.103 Executing VM operation: CGC_Operation
Event: 35.117 Executing VM operation: CGC_Operation done
Event: 35.129 loading class com/android/tools/r8/internal/Qb
Event: 35.129 loading class com/android/tools/r8/internal/Qb done
Event: 35.240 Executing VM operation: G1CollectForAllocation
Event: 35.263 Executing VM operation: G1CollectForAllocation done
Event: 35.278 Executing VM operation: CGC_Operation
Event: 35.278 Executing VM operation: CGC_Operation done
Event: 35.302 Executing VM operation: G1CollectForAllocation
Event: 35.313 Executing VM operation: G1CollectForAllocation done
Event: 35.441 Executing VM operation: G1CollectForAllocation
Event: 35.462 Executing VM operation: G1CollectForAllocation done
Event: 35.596 Executing VM operation: G1CollectForAllocation
Event: 35.614 Executing VM operation: G1CollectForAllocation done
Event: 35.665 Executing VM operation: G1CollectForAllocation
Event: 35.682 Executing VM operation: G1CollectForAllocation done
Event: 35.766 Executing VM operation: G1CollectForAllocation
Event: 35.784 Executing VM operation: G1CollectForAllocation done
Event: 35.816 Executing VM operation: G1CollectForAllocation


Dynamic libraries:
0x00007ff7ef430000 - 0x00007ff7ef43a000 	C:\Program Files\Android\Android Studio\jre\bin\java.exe
0x00007ffa85a10000 - 0x00007ffa85c05000 	C:\WINDOWS\SYSTEM32\ntdll.dll
0x00007ffa83a60000 - 0x00007ffa83b1e000 	C:\WINDOWS\System32\KERNEL32.DLL
0x00007ffa834a0000 - 0x00007ffa83769000 	C:\WINDOWS\System32\KERNELBASE.dll
0x00007ffa83370000 - 0x00007ffa83470000 	C:\WINDOWS\System32\ucrtbase.dll
0x00007ffa260a0000 - 0x00007ffa260b9000 	C:\Program Files\Android\Android Studio\jre\bin\jli.dll
0x00007ffa25520000 - 0x00007ffa25537000 	C:\Program Files\Android\Android Studio\jre\bin\VCRUNTIME140.dll
0x00007ffa83c00000 - 0x00007ffa83da1000 	C:\WINDOWS\System32\USER32.dll
0x00007ffa83470000 - 0x00007ffa83492000 	C:\WINDOWS\System32\win32u.dll
0x00007ffa73af0000 - 0x00007ffa73d8a000 	C:\WINDOWS\WinSxS\amd64_microsoft.windows.common-controls_6595b64144ccf1df_6.0.19041.1110_none_60b5254171f9507e\COMCTL32.dll
0x00007ffa84320000 - 0x00007ffa8434b000 	C:\WINDOWS\System32\GDI32.dll
0x00007ffa838d0000 - 0x00007ffa839db000 	C:\WINDOWS\System32\gdi32full.dll
0x00007ffa83130000 - 0x00007ffa831cd000 	C:\WINDOWS\System32\msvcp_win.dll
0x00007ffa843b0000 - 0x00007ffa8444e000 	C:\WINDOWS\System32\msvcrt.dll
0x00007ffa849c0000 - 0x00007ffa849f0000 	C:\WINDOWS\System32\IMM32.DLL
0x00007ffa0ebe0000 - 0x00007ffa0ec7d000 	C:\Program Files\Android\Android Studio\jre\bin\msvcp140.dll
0x00007ffa05780000 - 0x00007ffa0624f000 	C:\Program Files\Android\Android Studio\jre\bin\server\jvm.dll
0x00007ffa83dc0000 - 0x00007ffa83e6c000 	C:\WINDOWS\System32\ADVAPI32.dll
0x00007ffa84bf0000 - 0x00007ffa84c8b000 	C:\WINDOWS\System32\sechost.dll
0x00007ffa844d0000 - 0x00007ffa845fa000 	C:\WINDOWS\System32\RPCRT4.dll
0x00007ffa849f0000 - 0x00007ffa849f8000 	C:\WINDOWS\System32\PSAPI.DLL
0x00007ffa76250000 - 0x00007ffa76259000 	C:\WINDOWS\SYSTEM32\WSOCK32.dll
0x00007ffa7a4c0000 - 0x00007ffa7a4e7000 	C:\WINDOWS\SYSTEM32\WINMM.dll
0x00007ffa84c90000 - 0x00007ffa84cfb000 	C:\WINDOWS\System32\WS2_32.dll
0x00007ffa7c2d0000 - 0x00007ffa7c2da000 	C:\WINDOWS\SYSTEM32\VERSION.dll
0x00007ffa81050000 - 0x00007ffa81062000 	C:\WINDOWS\SYSTEM32\kernel.appcore.dll
0x00007ffa754b0000 - 0x00007ffa754c1000 	C:\Program Files\Android\Android Studio\jre\bin\verify.dll
0x00007ffa7d230000 - 0x00007ffa7d414000 	C:\WINDOWS\SYSTEM32\DBGHELP.DLL
0x00007ffa74220000 - 0x00007ffa7424c000 	C:\WINDOWS\SYSTEM32\dbgcore.DLL
0x00007ffa832e0000 - 0x00007ffa83363000 	C:\WINDOWS\System32\bcryptPrimitives.dll
0x00007ffa75480000 - 0x00007ffa754a9000 	C:\Program Files\Android\Android Studio\jre\bin\java.dll
0x00007ffa75470000 - 0x00007ffa7547b000 	C:\Program Files\Android\Android Studio\jre\bin\jimage.dll
0x00007ffa71710000 - 0x00007ffa71728000 	C:\Program Files\Android\Android Studio\jre\bin\zip.dll
0x00007ffa84e10000 - 0x00007ffa8554f000 	C:\WINDOWS\System32\SHELL32.dll
0x00007ffa81250000 - 0x00007ffa819e0000 	C:\WINDOWS\SYSTEM32\windows.storage.dll
0x00007ffa83fc0000 - 0x00007ffa84315000 	C:\WINDOWS\System32\combase.dll
0x00007ffa82b80000 - 0x00007ffa82bac000 	C:\WINDOWS\SYSTEM32\Wldp.dll
0x00007ffa83f00000 - 0x00007ffa83fae000 	C:\WINDOWS\System32\SHCORE.dll
0x00007ffa84470000 - 0x00007ffa844c5000 	C:\WINDOWS\System32\shlwapi.dll
0x00007ffa83070000 - 0x00007ffa8308f000 	C:\WINDOWS\SYSTEM32\profapi.dll
0x00007ffa716f0000 - 0x00007ffa7170a000 	C:\Program Files\Android\Android Studio\jre\bin\net.dll
0x00007ffa77cb0000 - 0x00007ffa77db8000 	C:\WINDOWS\SYSTEM32\WINHTTP.dll
0x00007ffa828e0000 - 0x00007ffa8294a000 	C:\WINDOWS\system32\mswsock.dll
0x00007ffa716d0000 - 0x00007ffa716e4000 	C:\Program Files\Android\Android Studio\jre\bin\nio.dll
0x00007ffa71750000 - 0x00007ffa71777000 	C:\Users\danie\.gradle\native\8bec1ad78214c89d9ad589b4d07fe93259594b29d510b10fafb7a158f7737e5d\windows-amd64\native-platform.dll
0x00007ffa19a60000 - 0x00007ffa19b9d000 	C:\Users\danie\.gradle\native\53dbd7edfb1c66fb8903c78663c9afc45aea4f116125fa6feffd364cf09443e8\windows-amd64\native-platform-file-events.dll
0x00007ffa73e70000 - 0x00007ffa73e7a000 	C:\Program Files\Android\Android Studio\jre\bin\management.dll
0x00007ffa716c0000 - 0x00007ffa716cc000 	C:\Program Files\Android\Android Studio\jre\bin\management_ext.dll
0x00007ffa82ad0000 - 0x00007ffa82ae8000 	C:\WINDOWS\SYSTEM32\CRYPTSP.dll
0x00007ffa821f0000 - 0x00007ffa82224000 	C:\WINDOWS\system32\rsaenh.dll
0x00007ffa83a30000 - 0x00007ffa83a57000 	C:\WINDOWS\System32\bcrypt.dll
0x00007ffa83030000 - 0x00007ffa8305e000 	C:\WINDOWS\SYSTEM32\USERENV.dll
0x00007ffa82af0000 - 0x00007ffa82afc000 	C:\WINDOWS\SYSTEM32\CRYPTBASE.dll
0x00007ffa82580000 - 0x00007ffa825bb000 	C:\WINDOWS\SYSTEM32\IPHLPAPI.DLL
0x00007ffa83fb0000 - 0x00007ffa83fb8000 	C:\WINDOWS\System32\NSI.dll
0x00007ffa7db70000 - 0x00007ffa7db87000 	C:\WINDOWS\SYSTEM32\dhcpcsvc6.DLL
0x00007ffa7ca80000 - 0x00007ffa7ca9d000 	C:\WINDOWS\SYSTEM32\dhcpcsvc.DLL
0x00007ffa825d0000 - 0x00007ffa8269c000 	C:\WINDOWS\SYSTEM32\DNSAPI.dll
0x00007ffa6d8c0000 - 0x00007ffa6d8de000 	C:\Users\danie\AppData\Local\Temp\native-platform12501482807085944669dir\native-platform.dll
0x00007ffa252f0000 - 0x00007ffa25345000 	C:\WINDOWS\SYSTEM32\symsrv.dll

dbghelp: loaded successfully - version: 4.0.5 - missing functions: none
symbol engine: initialized successfully - sym options: 0x614 - pdb path: .;C:\Program Files\Android\Android Studio\jre\bin;C:\WINDOWS\SYSTEM32;C:\WINDOWS\WinSxS\amd64_microsoft.windows.common-controls_6595b64144ccf1df_6.0.19041.1110_none_60b5254171f9507e;C:\Program Files\Android\Android Studio\jre\bin\server;C:\Users\danie\.gradle\native\8bec1ad78214c89d9ad589b4d07fe93259594b29d510b10fafb7a158f7737e5d\windows-amd64;C:\Users\danie\.gradle\native\53dbd7edfb1c66fb8903c78663c9afc45aea4f116125fa6feffd364cf09443e8\windows-amd64;C:\Users\danie\AppData\Local\Temp\native-platform12501482807085944669dir

VM Arguments:
jvm_args: --add-opens=java.base/java.util=ALL-UNNAMED --add-opens=java.base/java.lang=ALL-UNNAMED --add-opens=java.base/java.lang.invoke=ALL-UNNAMED --add-opens=java.base/java.util=ALL-UNNAMED --add-opens=java.prefs/java.util.prefs=ALL-UNNAMED --add-opens=java.prefs/java.util.prefs=ALL-UNNAMED --add-opens=java.base/java.nio.charset=ALL-UNNAMED --add-opens=java.base/java.net=ALL-UNNAMED --add-opens=java.base/java.util.concurrent.atomic=ALL-UNNAMED -Xmx2048m -Dfile.encoding=UTF-8 -Duser.country=NZ -Duser.language=en -Duser.variant 
java_command: org.gradle.launcher.daemon.bootstrap.GradleDaemon 7.0.2
java_class_path (initial): C:\Users\danie\.gradle\wrapper\dists\gradle-7.0.2-bin\857tjihv64xamwrf0h14cai3r\gradle-7.0.2\lib\gradle-launcher-7.0.2.jar
Launcher Type: SUN_STANDARD

[Global flags]
     intx CICompilerCount                          = 3                                         {product} {ergonomic}
     uint ConcGCThreads                            = 1                                         {product} {ergonomic}
     uint G1ConcRefinementThreads                  = 4                                         {product} {ergonomic}
   size_t G1HeapRegionSize                         = 1048576                                   {product} {ergonomic}
    uintx GCDrainStackTargetSize                   = 64                                        {product} {ergonomic}
   size_t InitialHeapSize                          = 268435456                                 {product} {ergonomic}
   size_t MarkStackSize                            = 4194304                                   {product} {ergonomic}
   size_t MaxHeapSize                              = 2147483648                                {product} {command line}
   size_t MaxNewSize                               = 1287651328                                {product} {ergonomic}
   size_t MinHeapDeltaBytes                        = 1048576                                   {product} {ergonomic}
    uintx NonNMethodCodeHeapSize                   = 5830732                                {pd product} {ergonomic}
    uintx NonProfiledCodeHeapSize                  = 122913754                              {pd product} {ergonomic}
    uintx ProfiledCodeHeapSize                     = 122913754                              {pd product} {ergonomic}
    uintx ReservedCodeCacheSize                    = 251658240                              {pd product} {ergonomic}
     bool SegmentedCodeCache                       = true                                      {product} {ergonomic}
     bool UseCompressedClassPointers               = true                                 {lp64_product} {ergonomic}
     bool UseCompressedOops                        = true                                 {lp64_product} {ergonomic}
     bool UseG1GC                                  = true                                      {product} {ergonomic}
     bool UseLargePagesIndividualAllocation        = false                                  {pd product} {ergonomic}

Logging:
Log output configuration:
 #0: stdout all=warning uptime,level,tags
 #1: stderr all=off uptime,level,tags

Environment Variables:
PATH=C:\Python39\Scripts\;C:\Python39\;C:\Program Files (x86)\NVIDIA Corporation\PhysX\Common;C:\Program Files (x86)\Common Files\Oracle\Java\javapath;C:\WINDOWS\system32;C:\WINDOWS;C:\WINDOWS\System32\Wbem;C:\WINDOWS\System32\WindowsPowerShell\v1.0\;C:\WINDOWS\System32\OpenSSH\;C:\Program Files\Microsoft SQL Server\130\Tools\Binn\;C:\ProgramData\chocolatey\bin;C:\Program Files (x86)\IVI Foundation\VISA\WinNT\Bin;C:\Program Files\Git\cmd;C:\Program Files\nodejs\;C:\Users\danie\AppData\Local\Microsoft\WindowsApps;;C:\Users\danie\AppData\Local\Programs\Microsoft VS Code\bin;C:\Users\danie\AppData\Roaming\npm
USERNAME=danie
OS=Windows_NT
PROCESSOR_IDENTIFIER=AMD64 Family 23 Model 24 Stepping 1, AuthenticAMD



---------------  S Y S T E M  ---------------

OS: Windows 10 , 64 bit Build 19041 (10.0.19041.1202)
OS uptime: 0 days 1:57 hours

CPU:total 4 (initial active 4) (4 cores per cpu, 1 threads per core) family 23 model 24 stepping 1 microcode 0x0, cmov, cx8, fxsr, mmx, sse, sse2, sse3, ssse3, sse4.1, sse4.2, popcnt, avx, avx2, aes, clmul, mmxext, 3dnowpref, lzcnt, sse4a, tsc, tscinvbit, tscinv, bmi1, bmi2, adx, sha, 

Memory: 4k page, system-wide physical 16312M (4585M free)
TotalPageFile size 16312M (AvailPageFile size 76M)
current process WorkingSet (physical memory assigned to process): 609M, peak: 616M
current process commit charge ("private bytes"): 669M, peak: 852M

vm_info: OpenJDK 64-Bit Server VM (11.0.10+0-b96-7249189) for windows-amd64 JRE (11.0.10+0-b96-7249189), built on Mar 31 2021 21:44:00 by "builder" with MS VC++ 14.0 (VS2015)

END.
