#
# There is insufficient memory for the Java Runtime Environment to continue.
# Native memory allocation (mmap) failed to map 54525952 bytes for Failed to commit area from 0x0000000090000000 to 0x0000000093400000 of length 54525952.
# Possible reasons:
#   The system is out of physical RAM or swap space
#   The process is running with CompressedOops enabled, and the Java Heap may be blocking the growth of the native heap
# Possible solutions:
#   Reduce memory load on the system
#   Increase physical memory or swap space
#   Check if swap backing store is full
#   Decrease Java heap size (-Xmx/-Xms)
#   Decrease number of Java threads
#   Decrease Java thread stack sizes (-Xss)
#   Set larger code cache with -XX:ReservedCodeCacheSize=
#   JVM is running with Unscaled Compressed Oops mode in which the Java heap is
#     placed in the first 4GB address space. The Java Heap base address is the
#     maximum limit for the native heap growth. Please use -XX:HeapBaseMinAddress
#     to set the Java Heap base and to place the Java Heap above 4GB virtual address.
# This output file may be truncated or incomplete.
#
#  Out of Memory Error (./src/hotspot/os/windows/os_windows.cpp:3301), pid=5680, tid=9456
#
# JRE version: OpenJDK Runtime Environment (11.0.10) (build 11.0.10+0-b96-7249189)
# Java VM: OpenJDK 64-Bit Server VM (11.0.10+0-b96-7249189, mixed mode, tiered, compressed oops, g1 gc, windows-amd64)
# No core dump will be written. Minidumps are not enabled by default on client versions of Windows
#

---------------  S U M M A R Y ------------

Command Line: --add-opens=java.base/java.util=ALL-UNNAMED --add-opens=java.base/java.lang=ALL-UNNAMED --add-opens=java.base/java.lang.invoke=ALL-UNNAMED --add-opens=java.base/java.util=ALL-UNNAMED --add-opens=java.prefs/java.util.prefs=ALL-UNNAMED --add-opens=java.prefs/java.util.prefs=ALL-UNNAMED --add-opens=java.base/java.nio.charset=ALL-UNNAMED --add-opens=java.base/java.net=ALL-UNNAMED --add-opens=java.base/java.util.concurrent.atomic=ALL-UNNAMED -Xmx2048m -Dfile.encoding=UTF-8 -Duser.country=NZ -Duser.language=en -Duser.variant org.gradle.launcher.daemon.bootstrap.GradleDaemon 7.0.2

Host: AMD Ryzen 3 3200G with Radeon Vega Graphics    , 4 cores, 15G,  Windows 10 , 64 bit Build 19041 (10.0.19041.1151)
Time: Wed Sep  1 18:56:57 2021 New Zealand Standard Time elapsed time: 11.640523 seconds (0d 0h 0m 11s)

---------------  T H R E A D  ---------------

Current thread (0x00000182de258000):  VMThread "VM Thread" [stack: 0x000000809f600000,0x000000809f700000] [id=9456]

Stack: [0x000000809f600000,0x000000809f700000]
[error occurred during error reporting (printing stack bounds), id 0xc0000005, EXCEPTION_ACCESS_VIOLATION (0xc0000005) at pc=0x00000182c79a0f2d]

Native frames: (J=compiled Java code, j=interpreted, Vv=VM code, C=native code)
V  [jvm.dll+0x5ecfaa]
V  [jvm.dll+0x722bd5]
V  [jvm.dll+0x72412d]
V  [jvm.dll+0x724745]
V  [jvm.dll+0x7246fb]
V  [jvm.dll+0x5ec348]
V  [jvm.dll+0x5ecad8]
C  [ntdll.dll+0xa217f]
C  [ntdll.dll+0x51454]
C  [ntdll.dll+0xa0cae]
C  0x00000182c79a0f2d

VM_Operation (0x00000080a0af7030): CollectForMetadataAllocation, mode: safepoint, requested by thread 0x00000182e0429000


---------------  P R O C E S S  ---------------

Threads class SMR info:
_java_thread_list=0x00000182e62febf0, length=43, elements={
0x00000182c26d4000, 0x00000182de25d800, 0x00000182dea82800, 0x00000182deadf800,
0x00000182deae3000, 0x00000182deae5000, 0x00000182deae8000, 0x00000182deaeb000,
0x00000182deb10000, 0x00000182dec55000, 0x00000182e0f7c000, 0x00000182dee5d000,
0x00000182e0f69000, 0x00000182e0fca800, 0x00000182e0f7b000, 0x00000182df9a6800,
0x00000182e0429000, 0x00000182e04c2800, 0x00000182e0c27800, 0x00000182e1e92000,
0x00000182e1e90800, 0x00000182e1e91000, 0x00000182e1e8f800, 0x00000182e190e800,
0x00000182e1063000, 0x00000182e1064800, 0x00000182e1067800, 0x00000182e1068800,
0x00000182e1063800, 0x00000182e1065800, 0x00000182e1066000, 0x00000182e1067000,
0x00000182e1069800, 0x00000182e4306000, 0x00000182e4307000, 0x00000182e4307800,
0x00000182e430a000, 0x00000182e4304800, 0x00000182e430b000, 0x00000182e4305000,
0x00000182e4311800, 0x00000182e430b800, 0x00000182e430e000
}

Java Threads: ( => current thread )
  0x00000182c26d4000 JavaThread "main" [_thread_blocked, id=8892, stack(0x000000809f000000,0x000000809f100000)]
  0x00000182de25d800 JavaThread "Reference Handler" daemon [_thread_blocked, id=5704, stack(0x000000809f700000,0x000000809f800000)]
  0x00000182dea82800 JavaThread "Finalizer" daemon [_thread_blocked, id=3364, stack(0x000000809f800000,0x000000809f900000)]
  0x00000182deadf800 JavaThread "Signal Dispatcher" daemon [_thread_blocked, id=4756, stack(0x000000809f900000,0x000000809fa00000)]
  0x00000182deae3000 JavaThread "Attach Listener" daemon [_thread_blocked, id=7440, stack(0x000000809fa00000,0x000000809fb00000)]
  0x00000182deae5000 JavaThread "Service Thread" daemon [_thread_blocked, id=10052, stack(0x000000809fb00000,0x000000809fc00000)]
  0x00000182deae8000 JavaThread "C2 CompilerThread0" daemon [_thread_blocked, id=8952, stack(0x000000809fc00000,0x000000809fd00000)]
  0x00000182deaeb000 JavaThread "C1 CompilerThread0" daemon [_thread_blocked, id=4908, stack(0x000000809fd00000,0x000000809fe00000)]
  0x00000182deb10000 JavaThread "Sweeper thread" daemon [_thread_blocked, id=7468, stack(0x000000809fe00000,0x000000809ff00000)]
  0x00000182dec55000 JavaThread "Common-Cleaner" daemon [_thread_blocked, id=11300, stack(0x000000809ff00000,0x00000080a0000000)]
  0x00000182e0f7c000 JavaThread "Daemon health stats" [_thread_blocked, id=6932, stack(0x00000080a0500000,0x00000080a0600000)]
  0x00000182dee5d000 JavaThread "Incoming local TCP Connector on port 59644" [_thread_in_native, id=8544, stack(0x00000080a0100000,0x00000080a0200000)]
  0x00000182e0f69000 JavaThread "Daemon periodic checks" [_thread_blocked, id=8516, stack(0x00000080a0600000,0x00000080a0700000)]
  0x00000182e0fca800 JavaThread "Daemon" [_thread_blocked, id=2200, stack(0x00000080a0700000,0x00000080a0800000)]
  0x00000182e0f7b000 JavaThread "Handler for socket connection from /127.0.0.1:59644 to /127.0.0.1:59645" [_thread_in_native, id=11280, stack(0x00000080a0800000,0x00000080a0900000)]
  0x00000182df9a6800 JavaThread "Cancel handler" [_thread_blocked, id=10472, stack(0x00000080a0900000,0x00000080a0a00000)]
  0x00000182e0429000 JavaThread "Daemon worker" [_thread_blocked, id=12760, stack(0x00000080a0a00000,0x00000080a0b00000)]
  0x00000182e04c2800 JavaThread "Asynchronous log dispatcher for DefaultDaemonConnection: socket connection from /127.0.0.1:59644 to /127.0.0.1:59645" [_thread_blocked, id=4772, stack(0x00000080a0b00000,0x00000080a0c00000)]
  0x00000182e0c27800 JavaThread "Stdin handler" [_thread_blocked, id=5472, stack(0x00000080a0c00000,0x00000080a0d00000)]
  0x00000182e1e92000 JavaThread "Daemon client event forwarder" [_thread_blocked, id=10300, stack(0x00000080a0d00000,0x00000080a0e00000)]
  0x00000182e1e90800 JavaThread "Cache worker for file hash cache (C:\Users\danie\.gradle\caches\7.0.2\fileHashes)" [_thread_blocked, id=11184, stack(0x00000080a0e00000,0x00000080a0f00000)]
  0x00000182e1e91000 JavaThread "File lock request listener" [_thread_in_native, id=1680, stack(0x00000080a0f00000,0x00000080a1000000)]
  0x00000182e1e8f800 JavaThread "Cache worker for journal cache (C:\Users\danie\.gradle\caches\journal-1)" [_thread_blocked, id=10928, stack(0x00000080a1000000,0x00000080a1100000)]
  0x00000182e190e800 JavaThread "C2 CompilerThread1" daemon [_thread_in_native, id=9968, stack(0x00000080a1100000,0x00000080a1200000)]
  0x00000182e1063000 JavaThread "Cache worker for file hash cache (C:\Users\danie\AndroidStudioProjects\Choice\.gradle\7.0.2\fileHashes)" [_thread_blocked, id=200, stack(0x00000080a1200000,0x00000080a1300000)]
  0x00000182e1064800 JavaThread "File watcher server" daemon [_thread_in_native, id=1152, stack(0x00000080a1300000,0x00000080a1400000)]
  0x00000182e1067800 JavaThread "File watcher consumer" daemon [_thread_blocked, id=7800, stack(0x00000080a1400000,0x00000080a1500000)]
  0x00000182e1068800 JavaThread "jar transforms" [_thread_blocked, id=10228, stack(0x00000080a1500000,0x00000080a1600000)]
  0x00000182e1063800 JavaThread "jar transforms Thread 2" [_thread_blocked, id=1052, stack(0x00000080a1600000,0x00000080a1700000)]
  0x00000182e1065800 JavaThread "jar transforms Thread 3" [_thread_blocked, id=10164, stack(0x00000080a1700000,0x00000080a1800000)]
  0x00000182e1066000 JavaThread "jar transforms Thread 4" [_thread_blocked, id=12412, stack(0x00000080a1800000,0x00000080a1900000)]
  0x00000182e1067000 JavaThread "Cache worker for checksums cache (C:\Users\danie\AndroidStudioProjects\Choice\.gradle\checksums)" [_thread_blocked, id=11636, stack(0x00000080a1900000,0x00000080a1a00000)]
  0x00000182e1069800 JavaThread "Cache worker for cache directory md-supplier (C:\Users\danie\.gradle\caches\7.0.2\md-supplier)" [_thread_blocked, id=10192, stack(0x00000080a1a00000,0x00000080a1b00000)]
  0x00000182e4306000 JavaThread "Cache worker for cache directory md-rule (C:\Users\danie\.gradle\caches\7.0.2\md-rule)" [_thread_blocked, id=11276, stack(0x00000080a1b00000,0x00000080a1c00000)]
  0x00000182e4307000 JavaThread "Cache worker for execution history cache (C:\Users\danie\.gradle\caches\7.0.2\executionHistory)" [_thread_blocked, id=9032, stack(0x00000080a1c00000,0x00000080a1d00000)]
  0x00000182e4307800 JavaThread "Cache worker for file content cache (C:\Users\danie\.gradle\caches\7.0.2\fileContent)" [_thread_blocked, id=6764, stack(0x00000080a1d00000,0x00000080a1e00000)]
  0x00000182e430a000 JavaThread "Cache worker for dependencies-accessors (C:\Users\danie\AndroidStudioProjects\Choice\.gradle\7.0.2\dependencies-accessors)" [_thread_blocked, id=5436, stack(0x00000080a1e00000,0x00000080a1f00000)]
  0x00000182e4304800 JavaThread "Cache worker for Build Output Cleanup Cache (C:\Users\danie\AndroidStudioProjects\Choice\.gradle\buildOutputCleanup)" [_thread_blocked, id=4912, stack(0x00000080a1f00000,0x00000080a2000000)]
  0x00000182e430b000 JavaThread "Build operations" [_thread_blocked, id=4988, stack(0x00000080a2000000,0x00000080a2100000)]
  0x00000182e4305000 JavaThread "Build operations Thread 2" [_thread_blocked, id=9220, stack(0x00000080a2100000,0x00000080a2200000)]
  0x00000182e4311800 JavaThread "Build operations Thread 3" [_thread_blocked, id=7744, stack(0x00000080a2200000,0x00000080a2300000)]
  0x00000182e430b800 JavaThread "Build operations Thread 4" [_thread_blocked, id=8496, stack(0x00000080a2300000,0x00000080a2400000)]
  0x00000182e430e000 JavaThread "Memory manager" [_thread_blocked, id=11780, stack(0x00000080a2500000,0x00000080a2600000)]

Other Threads:
=>0x00000182de258000 VMThread "VM Thread" [stack: 0x000000809f600000,0x000000809f700000] [id=9456]
  0x00000182dec6f000 WatcherThread [stack: 0x00000080a0000000,0x00000080a0100000] [id=4212]
  0x00000182c26e8800 GCTaskThread "GC Thread#0" [stack: 0x000000809f100000,0x000000809f200000] [id=8776]
  0x00000182ded3a000 GCTaskThread "GC Thread#1" [stack: 0x00000080a0200000,0x00000080a0300000] [id=1808]
  0x00000182df3b9000 GCTaskThread "GC Thread#2" [stack: 0x00000080a0300000,0x00000080a0400000] [id=11152]
  0x00000182df3ba000 GCTaskThread "GC Thread#3" [stack: 0x00000080a0400000,0x00000080a0500000] [id=10252]
  0x00000182c2718000 ConcurrentGCThread "G1 Main Marker" [stack: 0x000000809f200000,0x000000809f300000] [id=5028]
  0x00000182c2719800 ConcurrentGCThread "G1 Conc#0" [stack: 0x000000809f300000,0x000000809f400000] [id=6416]
  0x00000182de0c4800 ConcurrentGCThread "G1 Refine#0" [stack: 0x000000809f400000,0x000000809f500000] [id=11664]
  0x00000182e5b4c000 ConcurrentGCThread "G1 Refine#1" [stack: 0x00000080a2400000,0x00000080a2500000] [id=3064]
  0x00000182de0c5000 ConcurrentGCThread "G1 Young RemSet Sampling" [stack: 0x000000809f500000,0x000000809f600000] [id=9808]

Threads with active compile tasks:
C2 CompilerThread1  11650 7912 %     4       org.gradle.internal.instantiation.generator.AbstractClassGenerator::inspectType @ 107 (560 bytes)

VM state:at safepoint (normal execution)

VM Mutex/Monitor currently owned by a thread:  ([mutex/lock_event])
[0x00000182c26d1590] Threads_lock - owner thread: 0x00000182de258000
[0x00000182c26d1350] Heap_lock - owner thread: 0x00000182e0429000

Heap address: 0x0000000080000000, size: 2048 MB, Compressed Oops mode: 32-bit
Narrow klass base: 0x0000000000000000, Narrow klass shift: 3
Compressed class space size: 1073741824 Address: 0x0000000100000000

Heap:
 garbage-first heap   total 315392K, used 89879K [0x0000000080000000, 0x0000000100000000)
  region size 1024K, 15 young (15360K), 15 survivors (15360K)
 Metaspace       used 76478K, capacity 78594K, committed 78720K, reserved 1118208K
  class space    used 9906K, capacity 10609K, committed 10624K, reserved 1048576K
Heap Regions: E=young(eden), S=young(survivor), O=old, HS=humongous(starts), HC=humongous(continues), CS=collection set, F=free, A=archive, TAMS=top-at-mark-start (previous, next)
|   0|0x0000000080000000, 0x0000000080100000, 0x0000000080100000|100%| O|  |TAMS 0x0000000080100000, 0x0000000080100000| Untracked 
|   1|0x0000000080100000, 0x0000000080200000, 0x0000000080200000|100%| O|  |TAMS 0x0000000080200000, 0x0000000080200000| Untracked 
|   2|0x0000000080200000, 0x0000000080300000, 0x0000000080300000|100%| O|  |TAMS 0x0000000080300000, 0x0000000080300000| Untracked 
|   3|0x0000000080300000, 0x0000000080400000, 0x0000000080400000|100%|HS|  |TAMS 0x0000000080400000, 0x0000000080400000| Complete 
|   4|0x0000000080400000, 0x0000000080500000, 0x0000000080500000|100%|HC|  |TAMS 0x0000000080500000, 0x0000000080500000| Complete 
|   5|0x0000000080500000, 0x0000000080600000, 0x0000000080600000|100%|HC|  |TAMS 0x0000000080600000, 0x0000000080600000| Complete 
|   6|0x0000000080600000, 0x0000000080700000, 0x0000000080700000|100%| O|  |TAMS 0x0000000080700000, 0x0000000080700000| Untracked 
|   7|0x0000000080700000, 0x0000000080800000, 0x0000000080800000|100%| O|  |TAMS 0x0000000080800000, 0x0000000080800000| Untracked 
|   8|0x0000000080800000, 0x0000000080900000, 0x0000000080900000|100%| O|  |TAMS 0x0000000080900000, 0x0000000080900000| Untracked 
|   9|0x0000000080900000, 0x0000000080a00000, 0x0000000080a00000|100%| O|  |TAMS 0x0000000080a00000, 0x0000000080a00000| Untracked 
|  10|0x0000000080a00000, 0x0000000080b00000, 0x0000000080b00000|100%|HS|  |TAMS 0x0000000080b00000, 0x0000000080b00000| Complete 
|  11|0x0000000080b00000, 0x0000000080c00000, 0x0000000080c00000|100%|HC|  |TAMS 0x0000000080c00000, 0x0000000080c00000| Complete 
|  12|0x0000000080c00000, 0x0000000080d00000, 0x0000000080d00000|100%|HS|  |TAMS 0x0000000080d00000, 0x0000000080d00000| Complete 
|  13|0x0000000080d00000, 0x0000000080e00000, 0x0000000080e00000|100%|HC|  |TAMS 0x0000000080e00000, 0x0000000080e00000| Complete 
|  14|0x0000000080e00000, 0x0000000080f00000, 0x0000000080f00000|100%|HC|  |TAMS 0x0000000080f00000, 0x0000000080f00000| Complete 
|  15|0x0000000080f00000, 0x0000000081000000, 0x0000000081000000|100%|HS|  |TAMS 0x0000000081000000, 0x0000000081000000| Complete 
|  16|0x0000000081000000, 0x0000000081100000, 0x0000000081100000|100%|HC|  |TAMS 0x0000000081100000, 0x0000000081100000| Complete 
|  17|0x0000000081100000, 0x0000000081200000, 0x0000000081200000|100%|HC|  |TAMS 0x0000000081200000, 0x0000000081200000| Complete 
|  18|0x0000000081200000, 0x0000000081300000, 0x0000000081300000|100%|HC|  |TAMS 0x0000000081300000, 0x0000000081300000| Complete 
|  19|0x0000000081300000, 0x0000000081400000, 0x0000000081400000|100%|HC|  |TAMS 0x0000000081400000, 0x0000000081400000| Complete 
|  20|0x0000000081400000, 0x0000000081500000, 0x0000000081500000|100%| O|  |TAMS 0x0000000081500000, 0x0000000081500000| Untracked 
|  21|0x0000000081500000, 0x0000000081600000, 0x0000000081600000|100%| O|  |TAMS 0x0000000081600000, 0x0000000081600000| Untracked 
|  22|0x0000000081600000, 0x0000000081700000, 0x0000000081700000|100%| O|  |TAMS 0x0000000081700000, 0x0000000081700000| Untracked 
|  23|0x0000000081700000, 0x0000000081800000, 0x0000000081800000|100%| O|  |TAMS 0x0000000081800000, 0x0000000081800000| Untracked 
|  24|0x0000000081800000, 0x0000000081900000, 0x0000000081900000|100%| O|  |TAMS 0x0000000081900000, 0x0000000081900000| Untracked 
|  25|0x0000000081900000, 0x0000000081a00000, 0x0000000081a00000|100%| O|  |TAMS 0x0000000081a00000, 0x0000000081a00000| Untracked 
|  26|0x0000000081a00000, 0x0000000081b00000, 0x0000000081b00000|100%| O|  |TAMS 0x0000000081b00000, 0x0000000081b00000| Untracked 
|  27|0x0000000081b00000, 0x0000000081c00000, 0x0000000081c00000|100%|HS|  |TAMS 0x0000000081b00000, 0x0000000081c00000| Complete 
|  28|0x0000000081c00000, 0x0000000081d00000, 0x0000000081d00000|100%|HS|  |TAMS 0x0000000081c00000, 0x0000000081d00000| Complete 
|  29|0x0000000081d00000, 0x0000000081e00000, 0x0000000081e00000|100%|HS|  |TAMS 0x0000000081d00000, 0x0000000081e00000| Complete 
|  30|0x0000000081e00000, 0x0000000081f00000, 0x0000000081f00000|100%|HS|  |TAMS 0x0000000081f00000, 0x0000000081f00000| Complete 
|  31|0x0000000081f00000, 0x0000000082000000, 0x0000000082000000|100%|HC|  |TAMS 0x0000000082000000, 0x0000000082000000| Complete 
|  32|0x0000000082000000, 0x0000000082100000, 0x0000000082100000|100%|HC|  |TAMS 0x0000000082100000, 0x0000000082100000| Complete 
|  33|0x0000000082100000, 0x0000000082200000, 0x0000000082200000|100%|HC|  |TAMS 0x0000000082200000, 0x0000000082200000| Complete 
|  34|0x0000000082200000, 0x0000000082300000, 0x0000000082300000|100%|HC|  |TAMS 0x0000000082300000, 0x0000000082300000| Complete 
|  35|0x0000000082300000, 0x0000000082400000, 0x0000000082400000|100%|HS|  |TAMS 0x0000000082400000, 0x0000000082400000| Complete 
|  36|0x0000000082400000, 0x0000000082500000, 0x0000000082500000|100%|HC|  |TAMS 0x0000000082500000, 0x0000000082500000| Complete 
|  37|0x0000000082500000, 0x0000000082600000, 0x0000000082600000|100%|HC|  |TAMS 0x0000000082600000, 0x0000000082600000| Complete 
|  38|0x0000000082600000, 0x0000000082700000, 0x0000000082700000|100%| O|  |TAMS 0x0000000082600000, 0x0000000082700000| Untracked 
|  39|0x0000000082700000, 0x0000000082800000, 0x0000000082800000|100%| O|  |TAMS 0x00000000827e5800, 0x0000000082800000| Untracked 
|  40|0x0000000082800000, 0x0000000082900000, 0x0000000082900000|100%|HS|  |TAMS 0x0000000082800000, 0x0000000082900000| Complete 
|  41|0x0000000082900000, 0x0000000082a00000, 0x0000000082a00000|100%|HC|  |TAMS 0x0000000082900000, 0x0000000082a00000| Complete 
|  42|0x0000000082a00000, 0x0000000082b00000, 0x0000000082b00000|100%|HC|  |TAMS 0x0000000082a00000, 0x0000000082b00000| Complete 
|  43|0x0000000082b00000, 0x0000000082c00000, 0x0000000082c00000|100%|HS|  |TAMS 0x0000000082b00000, 0x0000000082c00000| Complete 
|  44|0x0000000082c00000, 0x0000000082d00000, 0x0000000082d00000|100%|HC|  |TAMS 0x0000000082c00000, 0x0000000082d00000| Complete 
|  45|0x0000000082d00000, 0x0000000082e00000, 0x0000000082e00000|100%| O|  |TAMS 0x0000000082d00000, 0x0000000082e00000| Untracked 
|  46|0x0000000082e00000, 0x0000000082f00000, 0x0000000082f00000|100%| O|  |TAMS 0x0000000082e00000, 0x0000000082f00000| Untracked 
|  47|0x0000000082f00000, 0x0000000083000000, 0x0000000083000000|100%| O|  |TAMS 0x0000000082f00000, 0x0000000083000000| Untracked 
|  48|0x0000000083000000, 0x0000000083100000, 0x0000000083100000|100%| O|  |TAMS 0x0000000083000000, 0x0000000083100000| Untracked 
|  49|0x0000000083100000, 0x0000000083200000, 0x0000000083200000|100%| O|  |TAMS 0x0000000083100000, 0x0000000083200000| Untracked 
|  50|0x0000000083200000, 0x0000000083300000, 0x0000000083300000|100%| O|  |TAMS 0x0000000083200000, 0x0000000083300000| Untracked 
|  51|0x0000000083300000, 0x0000000083400000, 0x0000000083400000|100%| O|  |TAMS 0x0000000083300000, 0x0000000083400000| Untracked 
|  52|0x0000000083400000, 0x0000000083500000, 0x0000000083500000|100%| O|  |TAMS 0x0000000083400000, 0x0000000083500000| Untracked 
|  53|0x0000000083500000, 0x0000000083500000, 0x0000000083600000|  0%| F|  |TAMS 0x0000000083500000, 0x0000000083500000| Untracked 
|  54|0x0000000083600000, 0x0000000083700000, 0x0000000083700000|100%| O|  |TAMS 0x0000000083600000, 0x0000000083700000| Untracked 
|  55|0x0000000083700000, 0x0000000083800000, 0x0000000083800000|100%| O|  |TAMS 0x0000000083700000, 0x0000000083800000| Untracked 
|  56|0x0000000083800000, 0x0000000083900000, 0x0000000083900000|100%| O|  |TAMS 0x0000000083800000, 0x0000000083900000| Untracked 
|  57|0x0000000083900000, 0x0000000083a00000, 0x0000000083a00000|100%| O|  |TAMS 0x0000000083900000, 0x0000000083a00000| Untracked 
|  58|0x0000000083a00000, 0x0000000083b00000, 0x0000000083b00000|100%| O|  |TAMS 0x0000000083a00000, 0x0000000083b00000| Untracked 
|  59|0x0000000083b00000, 0x0000000083c00000, 0x0000000083c00000|100%| O|  |TAMS 0x0000000083b00000, 0x0000000083c00000| Untracked 
|  60|0x0000000083c00000, 0x0000000083d00000, 0x0000000083d00000|100%| O|  |TAMS 0x0000000083c00000, 0x0000000083d00000| Untracked 
|  61|0x0000000083d00000, 0x0000000083e00000, 0x0000000083e00000|100%| O|  |TAMS 0x0000000083d00000, 0x0000000083e00000| Untracked 
|  62|0x0000000083e00000, 0x0000000083f00000, 0x0000000083f00000|100%| O|  |TAMS 0x0000000083e00000, 0x0000000083f00000| Untracked 
|  63|0x0000000083f00000, 0x0000000084000000, 0x0000000084000000|100%| O|  |TAMS 0x0000000083f00000, 0x0000000084000000| Untracked 
|  64|0x0000000084000000, 0x0000000084100000, 0x0000000084100000|100%| O|  |TAMS 0x0000000084000000, 0x0000000084100000| Untracked 
|  65|0x0000000084100000, 0x0000000084200000, 0x0000000084200000|100%| O|  |TAMS 0x0000000084100000, 0x0000000084200000| Untracked 
|  66|0x0000000084200000, 0x0000000084300000, 0x0000000084300000|100%| O|  |TAMS 0x0000000084200000, 0x0000000084300000| Untracked 
|  67|0x0000000084300000, 0x0000000084400000, 0x0000000084400000|100%| O|  |TAMS 0x0000000084300000, 0x0000000084400000| Untracked 
|  68|0x0000000084400000, 0x0000000084500000, 0x0000000084500000|100%| O|  |TAMS 0x0000000084400000, 0x0000000084500000| Untracked 
|  69|0x0000000084500000, 0x0000000084600000, 0x0000000084600000|100%| O|  |TAMS 0x0000000084500000, 0x0000000084600000| Untracked 
|  70|0x0000000084600000, 0x0000000084700000, 0x0000000084700000|100%| O|  |TAMS 0x0000000084600000, 0x0000000084700000| Untracked 
|  71|0x0000000084700000, 0x0000000084800000, 0x0000000084800000|100%| O|  |TAMS 0x0000000084700000, 0x0000000084800000| Untracked 
|  72|0x0000000084800000, 0x0000000084900000, 0x0000000084900000|100%| O|  |TAMS 0x0000000084800000, 0x0000000084900000| Untracked 
|  73|0x0000000084900000, 0x00000000849c6c00, 0x0000000084a00000| 77%| O|  |TAMS 0x0000000084900000, 0x00000000849c6c00| Untracked 
|  74|0x0000000084a00000, 0x0000000084a00000, 0x0000000084b00000|  0%| F|  |TAMS 0x0000000084a00000, 0x0000000084a00000| Untracked 
|  75|0x0000000084b00000, 0x0000000084b00000, 0x0000000084c00000|  0%| F|  |TAMS 0x0000000084b00000, 0x0000000084b00000| Untracked 
|  76|0x0000000084c00000, 0x0000000084c00000, 0x0000000084d00000|  0%| F|  |TAMS 0x0000000084c00000, 0x0000000084c00000| Untracked 
|  77|0x0000000084d00000, 0x0000000084d00000, 0x0000000084e00000|  0%| F|  |TAMS 0x0000000084d00000, 0x0000000084d00000| Untracked 
|  78|0x0000000084e00000, 0x0000000084e00000, 0x0000000084f00000|  0%| F|  |TAMS 0x0000000084e00000, 0x0000000084e00000| Untracked 
|  79|0x0000000084f00000, 0x0000000084f00000, 0x0000000085000000|  0%| F|  |TAMS 0x0000000084f00000, 0x0000000084f00000| Untracked 
|  80|0x0000000085000000, 0x0000000085000000, 0x0000000085100000|  0%| F|  |TAMS 0x0000000085000000, 0x0000000085000000| Untracked 
|  81|0x0000000085100000, 0x0000000085100000, 0x0000000085200000|  0%| F|  |TAMS 0x0000000085100000, 0x0000000085100000| Untracked 
|  82|0x0000000085200000, 0x0000000085200000, 0x0000000085300000|  0%| F|  |TAMS 0x0000000085200000, 0x0000000085200000| Untracked 
|  83|0x0000000085300000, 0x0000000085300000, 0x0000000085400000|  0%| F|  |TAMS 0x0000000085300000, 0x0000000085300000| Untracked 
|  84|0x0000000085400000, 0x0000000085400000, 0x0000000085500000|  0%| F|  |TAMS 0x0000000085400000, 0x0000000085400000| Untracked 
|  85|0x0000000085500000, 0x0000000085500000, 0x0000000085600000|  0%| F|  |TAMS 0x0000000085500000, 0x0000000085500000| Untracked 
|  86|0x0000000085600000, 0x0000000085600000, 0x0000000085700000|  0%| F|  |TAMS 0x0000000085600000, 0x0000000085600000| Untracked 
|  87|0x0000000085700000, 0x0000000085700000, 0x0000000085800000|  0%| F|  |TAMS 0x0000000085700000, 0x0000000085700000| Untracked 
|  88|0x0000000085800000, 0x0000000085800000, 0x0000000085900000|  0%| F|  |TAMS 0x0000000085800000, 0x0000000085800000| Untracked 
|  89|0x0000000085900000, 0x0000000085900000, 0x0000000085a00000|  0%| F|  |TAMS 0x0000000085900000, 0x0000000085900000| Untracked 
|  90|0x0000000085a00000, 0x0000000085a00000, 0x0000000085b00000|  0%| F|  |TAMS 0x0000000085a00000, 0x0000000085a00000| Untracked 
|  91|0x0000000085b00000, 0x0000000085b00000, 0x0000000085c00000|  0%| F|  |TAMS 0x0000000085b00000, 0x0000000085b00000| Untracked 
|  92|0x0000000085c00000, 0x0000000085c00000, 0x0000000085d00000|  0%| F|  |TAMS 0x0000000085c00000, 0x0000000085c00000| Untracked 
|  93|0x0000000085d00000, 0x0000000085d00000, 0x0000000085e00000|  0%| F|  |TAMS 0x0000000085d00000, 0x0000000085d00000| Untracked 
|  94|0x0000000085e00000, 0x0000000085e00000, 0x0000000085f00000|  0%| F|  |TAMS 0x0000000085e00000, 0x0000000085e00000| Untracked 
|  95|0x0000000085f00000, 0x0000000085f00000, 0x0000000086000000|  0%| F|  |TAMS 0x0000000085f00000, 0x0000000085f00000| Untracked 
|  96|0x0000000086000000, 0x0000000086000000, 0x0000000086100000|  0%| F|  |TAMS 0x0000000086000000, 0x0000000086000000| Untracked 
|  97|0x0000000086100000, 0x0000000086100000, 0x0000000086200000|  0%| F|  |TAMS 0x0000000086100000, 0x0000000086100000| Untracked 
|  98|0x0000000086200000, 0x0000000086200000, 0x0000000086300000|  0%| F|  |TAMS 0x0000000086200000, 0x0000000086200000| Untracked 
|  99|0x0000000086300000, 0x0000000086300000, 0x0000000086400000|  0%| F|  |TAMS 0x0000000086300000, 0x0000000086300000| Untracked 
| 100|0x0000000086400000, 0x0000000086400000, 0x0000000086500000|  0%| F|  |TAMS 0x0000000086400000, 0x0000000086400000| Untracked 
| 101|0x0000000086500000, 0x0000000086500000, 0x0000000086600000|  0%| F|  |TAMS 0x0000000086500000, 0x0000000086500000| Untracked 
| 102|0x0000000086600000, 0x0000000086600000, 0x0000000086700000|  0%| F|  |TAMS 0x0000000086600000, 0x0000000086600000| Untracked 
| 103|0x0000000086700000, 0x0000000086700000, 0x0000000086800000|  0%| F|  |TAMS 0x0000000086700000, 0x0000000086700000| Untracked 
| 104|0x0000000086800000, 0x0000000086800000, 0x0000000086900000|  0%| F|  |TAMS 0x0000000086800000, 0x0000000086800000| Untracked 
| 105|0x0000000086900000, 0x0000000086900000, 0x0000000086a00000|  0%| F|  |TAMS 0x0000000086900000, 0x0000000086900000| Untracked 
| 106|0x0000000086a00000, 0x0000000086a00000, 0x0000000086b00000|  0%| F|  |TAMS 0x0000000086a00000, 0x0000000086a00000| Untracked 
| 107|0x0000000086b00000, 0x0000000086b00000, 0x0000000086c00000|  0%| F|  |TAMS 0x0000000086b00000, 0x0000000086b00000| Untracked 
| 108|0x0000000086c00000, 0x0000000086c00000, 0x0000000086d00000|  0%| F|  |TAMS 0x0000000086c00000, 0x0000000086c00000| Untracked 
| 109|0x0000000086d00000, 0x0000000086d00000, 0x0000000086e00000|  0%| F|  |TAMS 0x0000000086d00000, 0x0000000086d00000| Untracked 
| 110|0x0000000086e00000, 0x0000000086e00000, 0x0000000086f00000|  0%| F|  |TAMS 0x0000000086e00000, 0x0000000086e00000| Untracked 
| 111|0x0000000086f00000, 0x0000000086f00000, 0x0000000087000000|  0%| F|  |TAMS 0x0000000086f00000, 0x0000000086f00000| Untracked 
| 112|0x0000000087000000, 0x0000000087000000, 0x0000000087100000|  0%| F|  |TAMS 0x0000000087000000, 0x0000000087000000| Untracked 
| 113|0x0000000087100000, 0x0000000087100000, 0x0000000087200000|  0%| F|  |TAMS 0x0000000087100000, 0x0000000087100000| Untracked 
| 114|0x0000000087200000, 0x0000000087200000, 0x0000000087300000|  0%| F|  |TAMS 0x0000000087200000, 0x0000000087200000| Untracked 
| 115|0x0000000087300000, 0x0000000087300000, 0x0000000087400000|  0%| F|  |TAMS 0x0000000087300000, 0x0000000087300000| Untracked 
| 116|0x0000000087400000, 0x0000000087400000, 0x0000000087500000|  0%| F|  |TAMS 0x0000000087400000, 0x0000000087400000| Untracked 
| 117|0x0000000087500000, 0x0000000087500000, 0x0000000087600000|  0%| F|  |TAMS 0x0000000087500000, 0x0000000087500000| Untracked 
| 118|0x0000000087600000, 0x0000000087600000, 0x0000000087700000|  0%| F|  |TAMS 0x0000000087600000, 0x0000000087600000| Untracked 
| 119|0x0000000087700000, 0x0000000087700000, 0x0000000087800000|  0%| F|  |TAMS 0x0000000087700000, 0x0000000087700000| Untracked 
| 120|0x0000000087800000, 0x0000000087800000, 0x0000000087900000|  0%| F|  |TAMS 0x0000000087800000, 0x0000000087800000| Untracked 
| 121|0x0000000087900000, 0x0000000087900000, 0x0000000087a00000|  0%| F|  |TAMS 0x0000000087900000, 0x0000000087900000| Untracked 
| 122|0x0000000087a00000, 0x0000000087a00000, 0x0000000087b00000|  0%| F|  |TAMS 0x0000000087a00000, 0x0000000087a00000| Untracked 
| 123|0x0000000087b00000, 0x0000000087b00000, 0x0000000087c00000|  0%| F|  |TAMS 0x0000000087b00000, 0x0000000087b00000| Untracked 
| 124|0x0000000087c00000, 0x0000000087c00000, 0x0000000087d00000|  0%| F|  |TAMS 0x0000000087c00000, 0x0000000087c00000| Untracked 
| 125|0x0000000087d00000, 0x0000000087d00000, 0x0000000087e00000|  0%| F|  |TAMS 0x0000000087d00000, 0x0000000087d00000| Untracked 
| 126|0x0000000087e00000, 0x0000000087e00000, 0x0000000087f00000|  0%| F|  |TAMS 0x0000000087e00000, 0x0000000087e00000| Untracked 
| 127|0x0000000087f00000, 0x0000000087f00000, 0x0000000088000000|  0%| F|  |TAMS 0x0000000087f00000, 0x0000000087f00000| Untracked 
| 128|0x0000000088000000, 0x0000000088000000, 0x0000000088100000|  0%| F|  |TAMS 0x0000000088000000, 0x0000000088000000| Untracked 
| 129|0x0000000088100000, 0x0000000088100000, 0x0000000088200000|  0%| F|  |TAMS 0x0000000088100000, 0x0000000088100000| Untracked 
| 130|0x0000000088200000, 0x0000000088200000, 0x0000000088300000|  0%| F|  |TAMS 0x0000000088200000, 0x0000000088200000| Untracked 
| 131|0x0000000088300000, 0x0000000088300000, 0x0000000088400000|  0%| F|  |TAMS 0x0000000088300000, 0x0000000088300000| Untracked 
| 132|0x0000000088400000, 0x0000000088400000, 0x0000000088500000|  0%| F|  |TAMS 0x0000000088400000, 0x0000000088400000| Untracked 
| 133|0x0000000088500000, 0x0000000088500000, 0x0000000088600000|  0%| F|  |TAMS 0x0000000088500000, 0x0000000088500000| Untracked 
| 134|0x0000000088600000, 0x0000000088600000, 0x0000000088700000|  0%| F|  |TAMS 0x0000000088600000, 0x0000000088600000| Untracked 
| 135|0x0000000088700000, 0x0000000088700000, 0x0000000088800000|  0%| F|  |TAMS 0x0000000088700000, 0x0000000088700000| Untracked 
| 136|0x0000000088800000, 0x0000000088800000, 0x0000000088900000|  0%| F|  |TAMS 0x0000000088800000, 0x0000000088800000| Untracked 
| 137|0x0000000088900000, 0x0000000088900000, 0x0000000088a00000|  0%| F|  |TAMS 0x0000000088900000, 0x0000000088900000| Untracked 
| 138|0x0000000088a00000, 0x0000000088a00000, 0x0000000088b00000|  0%| F|  |TAMS 0x0000000088a00000, 0x0000000088a00000| Untracked 
| 139|0x0000000088b00000, 0x0000000088b00000, 0x0000000088c00000|  0%| F|  |TAMS 0x0000000088b00000, 0x0000000088b00000| Untracked 
| 140|0x0000000088c00000, 0x0000000088c00000, 0x0000000088d00000|  0%| F|  |TAMS 0x0000000088c00000, 0x0000000088c00000| Untracked 
| 141|0x0000000088d00000, 0x0000000088d00000, 0x0000000088e00000|  0%| F|  |TAMS 0x0000000088d00000, 0x0000000088d00000| Untracked 
| 142|0x0000000088e00000, 0x0000000088e00000, 0x0000000088f00000|  0%| F|  |TAMS 0x0000000088e00000, 0x0000000088e00000| Untracked 
| 143|0x0000000088f00000, 0x0000000088f00000, 0x0000000089000000|  0%| F|  |TAMS 0x0000000088f00000, 0x0000000088f00000| Untracked 
| 144|0x0000000089000000, 0x0000000089000000, 0x0000000089100000|  0%| F|  |TAMS 0x0000000089000000, 0x0000000089000000| Untracked 
| 145|0x0000000089100000, 0x00000000891ff160, 0x0000000089200000| 99%| S|CS|TAMS 0x0000000089100000, 0x0000000089100000| Complete 
| 146|0x0000000089200000, 0x0000000089300000, 0x0000000089300000|100%| S|CS|TAMS 0x0000000089200000, 0x0000000089200000| Complete 
| 147|0x0000000089300000, 0x0000000089400000, 0x0000000089400000|100%| S|CS|TAMS 0x0000000089300000, 0x0000000089300000| Complete 
| 148|0x0000000089400000, 0x0000000089500000, 0x0000000089500000|100%| S|CS|TAMS 0x0000000089400000, 0x0000000089400000| Complete 
| 149|0x0000000089500000, 0x0000000089600000, 0x0000000089600000|100%| S|CS|TAMS 0x0000000089500000, 0x0000000089500000| Complete 
| 150|0x0000000089600000, 0x0000000089700000, 0x0000000089700000|100%| S|CS|TAMS 0x0000000089600000, 0x0000000089600000| Complete 
| 151|0x0000000089700000, 0x0000000089800000, 0x0000000089800000|100%| S|CS|TAMS 0x0000000089700000, 0x0000000089700000| Complete 
| 152|0x0000000089800000, 0x0000000089900000, 0x0000000089900000|100%| S|CS|TAMS 0x0000000089800000, 0x0000000089800000| Complete 
| 153|0x0000000089900000, 0x0000000089a00000, 0x0000000089a00000|100%| S|CS|TAMS 0x0000000089900000, 0x0000000089900000| Complete 
| 154|0x0000000089a00000, 0x0000000089b00000, 0x0000000089b00000|100%| S|CS|TAMS 0x0000000089a00000, 0x0000000089a00000| Complete 
| 155|0x0000000089b00000, 0x0000000089c00000, 0x0000000089c00000|100%| S|CS|TAMS 0x0000000089b00000, 0x0000000089b00000| Complete 
| 156|0x0000000089c00000, 0x0000000089d00000, 0x0000000089d00000|100%| S|CS|TAMS 0x0000000089c00000, 0x0000000089c00000| Complete 
| 157|0x0000000089d00000, 0x0000000089e00000, 0x0000000089e00000|100%| S|CS|TAMS 0x0000000089d00000, 0x0000000089d00000| Complete 
| 158|0x0000000089e00000, 0x0000000089f00000, 0x0000000089f00000|100%| S|CS|TAMS 0x0000000089e00000, 0x0000000089e00000| Complete 
| 159|0x0000000089f00000, 0x000000008a000000, 0x000000008a000000|100%| S|CS|TAMS 0x0000000089f00000, 0x0000000089f00000| Complete 
| 160|0x000000008a000000, 0x000000008a000000, 0x000000008a100000|  0%| F|  |TAMS 0x000000008a000000, 0x000000008a000000| Untracked 
| 161|0x000000008a100000, 0x000000008a100000, 0x000000008a200000|  0%| F|  |TAMS 0x000000008a100000, 0x000000008a100000| Untracked 
| 162|0x000000008a200000, 0x000000008a200000, 0x000000008a300000|  0%| F|  |TAMS 0x000000008a200000, 0x000000008a200000| Untracked 
| 163|0x000000008a300000, 0x000000008a300000, 0x000000008a400000|  0%| F|  |TAMS 0x000000008a300000, 0x000000008a300000| Untracked 
| 164|0x000000008a400000, 0x000000008a400000, 0x000000008a500000|  0%| F|  |TAMS 0x000000008a400000, 0x000000008a400000| Untracked 
| 165|0x000000008a500000, 0x000000008a500000, 0x000000008a600000|  0%| F|  |TAMS 0x000000008a500000, 0x000000008a500000| Untracked 
| 166|0x000000008a600000, 0x000000008a600000, 0x000000008a700000|  0%| F|  |TAMS 0x000000008a600000, 0x000000008a600000| Untracked 
| 167|0x000000008a700000, 0x000000008a700000, 0x000000008a800000|  0%| F|  |TAMS 0x000000008a700000, 0x000000008a700000| Untracked 
| 168|0x000000008a800000, 0x000000008a800000, 0x000000008a900000|  0%| F|  |TAMS 0x000000008a800000, 0x000000008a800000| Untracked 
| 169|0x000000008a900000, 0x000000008a900000, 0x000000008aa00000|  0%| F|  |TAMS 0x000000008a900000, 0x000000008a900000| Untracked 
| 170|0x000000008aa00000, 0x000000008aa00000, 0x000000008ab00000|  0%| F|  |TAMS 0x000000008aa00000, 0x000000008aa00000| Untracked 
| 171|0x000000008ab00000, 0x000000008ab00000, 0x000000008ac00000|  0%| F|  |TAMS 0x000000008ab00000, 0x000000008ab00000| Untracked 
| 172|0x000000008ac00000, 0x000000008ac00000, 0x000000008ad00000|  0%| F|  |TAMS 0x000000008ac00000, 0x000000008ac00000| Untracked 
| 173|0x000000008ad00000, 0x000000008ad00000, 0x000000008ae00000|  0%| F|  |TAMS 0x000000008ad00000, 0x000000008ad00000| Untracked 
| 174|0x000000008ae00000, 0x000000008ae00000, 0x000000008af00000|  0%| F|  |TAMS 0x000000008ae00000, 0x000000008ae00000| Untracked 
| 175|0x000000008af00000, 0x000000008af00000, 0x000000008b000000|  0%| F|  |TAMS 0x000000008af00000, 0x000000008af00000| Untracked 
| 176|0x000000008b000000, 0x000000008b000000, 0x000000008b100000|  0%| F|  |TAMS 0x000000008b000000, 0x000000008b000000| Untracked 
| 177|0x000000008b100000, 0x000000008b100000, 0x000000008b200000|  0%| F|  |TAMS 0x000000008b100000, 0x000000008b100000| Untracked 
| 178|0x000000008b200000, 0x000000008b200000, 0x000000008b300000|  0%| F|  |TAMS 0x000000008b200000, 0x000000008b200000| Untracked 
| 179|0x000000008b300000, 0x000000008b300000, 0x000000008b400000|  0%| F|  |TAMS 0x000000008b300000, 0x000000008b300000| Untracked 
| 180|0x000000008b400000, 0x000000008b400000, 0x000000008b500000|  0%| F|  |TAMS 0x000000008b400000, 0x000000008b400000| Untracked 
| 181|0x000000008b500000, 0x000000008b500000, 0x000000008b600000|  0%| F|  |TAMS 0x000000008b500000, 0x000000008b500000| Untracked 
| 182|0x000000008b600000, 0x000000008b600000, 0x000000008b700000|  0%| F|  |TAMS 0x000000008b600000, 0x000000008b600000| Untracked 
| 183|0x000000008b700000, 0x000000008b700000, 0x000000008b800000|  0%| F|  |TAMS 0x000000008b700000, 0x000000008b700000| Untracked 
| 184|0x000000008b800000, 0x000000008b800000, 0x000000008b900000|  0%| F|  |TAMS 0x000000008b800000, 0x000000008b800000| Untracked 
| 185|0x000000008b900000, 0x000000008b900000, 0x000000008ba00000|  0%| F|  |TAMS 0x000000008b900000, 0x000000008b900000| Untracked 
| 186|0x000000008ba00000, 0x000000008ba00000, 0x000000008bb00000|  0%| F|  |TAMS 0x000000008ba00000, 0x000000008ba00000| Untracked 
| 187|0x000000008bb00000, 0x000000008bb00000, 0x000000008bc00000|  0%| F|  |TAMS 0x000000008bb00000, 0x000000008bb00000| Untracked 
| 188|0x000000008bc00000, 0x000000008bc00000, 0x000000008bd00000|  0%| F|  |TAMS 0x000000008bc00000, 0x000000008bc00000| Untracked 
| 189|0x000000008bd00000, 0x000000008bd00000, 0x000000008be00000|  0%| F|  |TAMS 0x000000008bd00000, 0x000000008bd00000| Untracked 
| 190|0x000000008be00000, 0x000000008be00000, 0x000000008bf00000|  0%| F|  |TAMS 0x000000008be00000, 0x000000008be00000| Untracked 
| 191|0x000000008bf00000, 0x000000008bf00000, 0x000000008c000000|  0%| F|  |TAMS 0x000000008bf00000, 0x000000008bf00000| Untracked 
| 192|0x000000008c000000, 0x000000008c000000, 0x000000008c100000|  0%| F|  |TAMS 0x000000008c000000, 0x000000008c000000| Untracked 
| 193|0x000000008c100000, 0x000000008c100000, 0x000000008c200000|  0%| F|  |TAMS 0x000000008c100000, 0x000000008c100000| Untracked 
| 194|0x000000008c200000, 0x000000008c200000, 0x000000008c300000|  0%| F|  |TAMS 0x000000008c200000, 0x000000008c200000| Untracked 
| 195|0x000000008c300000, 0x000000008c300000, 0x000000008c400000|  0%| F|  |TAMS 0x000000008c300000, 0x000000008c300000| Untracked 
| 196|0x000000008c400000, 0x000000008c400000, 0x000000008c500000|  0%| F|  |TAMS 0x000000008c400000, 0x000000008c400000| Untracked 
| 197|0x000000008c500000, 0x000000008c500000, 0x000000008c600000|  0%| F|  |TAMS 0x000000008c500000, 0x000000008c500000| Untracked 
| 198|0x000000008c600000, 0x000000008c600000, 0x000000008c700000|  0%| F|  |TAMS 0x000000008c600000, 0x000000008c600000| Untracked 
| 199|0x000000008c700000, 0x000000008c700000, 0x000000008c800000|  0%| F|  |TAMS 0x000000008c700000, 0x000000008c700000| Untracked 
| 200|0x000000008c800000, 0x000000008c800000, 0x000000008c900000|  0%| F|  |TAMS 0x000000008c800000, 0x000000008c800000| Untracked 
| 201|0x000000008c900000, 0x000000008c900000, 0x000000008ca00000|  0%| F|  |TAMS 0x000000008c900000, 0x000000008c900000| Untracked 
| 202|0x000000008ca00000, 0x000000008ca00000, 0x000000008cb00000|  0%| F|  |TAMS 0x000000008ca00000, 0x000000008ca00000| Untracked 
| 203|0x000000008cb00000, 0x000000008cb00000, 0x000000008cc00000|  0%| F|  |TAMS 0x000000008cb00000, 0x000000008cb00000| Untracked 
| 204|0x000000008cc00000, 0x000000008cc00000, 0x000000008cd00000|  0%| F|  |TAMS 0x000000008cc00000, 0x000000008cc00000| Untracked 
| 205|0x000000008cd00000, 0x000000008cd00000, 0x000000008ce00000|  0%| F|  |TAMS 0x000000008cd00000, 0x000000008cd00000| Untracked 
| 206|0x000000008ce00000, 0x000000008ce00000, 0x000000008cf00000|  0%| F|  |TAMS 0x000000008ce00000, 0x000000008ce00000| Untracked 
| 207|0x000000008cf00000, 0x000000008cf00000, 0x000000008d000000|  0%| F|  |TAMS 0x000000008cf00000, 0x000000008cf00000| Untracked 
| 208|0x000000008d000000, 0x000000008d000000, 0x000000008d100000|  0%| F|  |TAMS 0x000000008d000000, 0x000000008d000000| Untracked 
| 209|0x000000008d100000, 0x000000008d100000, 0x000000008d200000|  0%| F|  |TAMS 0x000000008d100000, 0x000000008d100000| Untracked 
| 210|0x000000008d200000, 0x000000008d200000, 0x000000008d300000|  0%| F|  |TAMS 0x000000008d200000, 0x000000008d200000| Untracked 
| 211|0x000000008d300000, 0x000000008d300000, 0x000000008d400000|  0%| F|  |TAMS 0x000000008d300000, 0x000000008d300000| Untracked 
| 212|0x000000008d400000, 0x000000008d400000, 0x000000008d500000|  0%| F|  |TAMS 0x000000008d400000, 0x000000008d400000| Untracked 
| 213|0x000000008d500000, 0x000000008d500000, 0x000000008d600000|  0%| F|  |TAMS 0x000000008d500000, 0x000000008d500000| Untracked 
| 214|0x000000008d600000, 0x000000008d600000, 0x000000008d700000|  0%| F|  |TAMS 0x000000008d600000, 0x000000008d600000| Untracked 
| 215|0x000000008d700000, 0x000000008d700000, 0x000000008d800000|  0%| F|  |TAMS 0x000000008d700000, 0x000000008d700000| Untracked 
| 216|0x000000008d800000, 0x000000008d800000, 0x000000008d900000|  0%| F|  |TAMS 0x000000008d800000, 0x000000008d800000| Untracked 
| 217|0x000000008d900000, 0x000000008d900000, 0x000000008da00000|  0%| F|  |TAMS 0x000000008d900000, 0x000000008d900000| Untracked 
| 218|0x000000008da00000, 0x000000008da00000, 0x000000008db00000|  0%| F|  |TAMS 0x000000008da00000, 0x000000008da00000| Untracked 
| 219|0x000000008db00000, 0x000000008db00000, 0x000000008dc00000|  0%| F|  |TAMS 0x000000008db00000, 0x000000008db00000| Untracked 
| 220|0x000000008dc00000, 0x000000008dc00000, 0x000000008dd00000|  0%| F|  |TAMS 0x000000008dc00000, 0x000000008dc00000| Untracked 
| 221|0x000000008dd00000, 0x000000008dd00000, 0x000000008de00000|  0%| F|  |TAMS 0x000000008dd00000, 0x000000008dd00000| Untracked 
| 222|0x000000008de00000, 0x000000008de00000, 0x000000008df00000|  0%| F|  |TAMS 0x000000008de00000, 0x000000008de00000| Untracked 
| 223|0x000000008df00000, 0x000000008df00000, 0x000000008e000000|  0%| F|  |TAMS 0x000000008df00000, 0x000000008df00000| Untracked 
| 224|0x000000008e000000, 0x000000008e000000, 0x000000008e100000|  0%| F|  |TAMS 0x000000008e000000, 0x000000008e000000| Untracked 
| 225|0x000000008e100000, 0x000000008e100000, 0x000000008e200000|  0%| F|  |TAMS 0x000000008e100000, 0x000000008e100000| Untracked 
| 226|0x000000008e200000, 0x000000008e200000, 0x000000008e300000|  0%| F|  |TAMS 0x000000008e200000, 0x000000008e200000| Untracked 
| 227|0x000000008e300000, 0x000000008e300000, 0x000000008e400000|  0%| F|  |TAMS 0x000000008e300000, 0x000000008e300000| Untracked 
| 228|0x000000008e400000, 0x000000008e400000, 0x000000008e500000|  0%| F|  |TAMS 0x000000008e400000, 0x000000008e400000| Untracked 
| 229|0x000000008e500000, 0x000000008e500000, 0x000000008e600000|  0%| F|  |TAMS 0x000000008e500000, 0x000000008e500000| Untracked 
| 230|0x000000008e600000, 0x000000008e600000, 0x000000008e700000|  0%| F|  |TAMS 0x000000008e600000, 0x000000008e600000| Untracked 
| 231|0x000000008e700000, 0x000000008e700000, 0x000000008e800000|  0%| F|  |TAMS 0x000000008e700000, 0x000000008e700000| Untracked 
| 232|0x000000008e800000, 0x000000008e800000, 0x000000008e900000|  0%| F|  |TAMS 0x000000008e800000, 0x000000008e800000| Untracked 
| 233|0x000000008e900000, 0x000000008e900000, 0x000000008ea00000|  0%| F|  |TAMS 0x000000008e900000, 0x000000008e900000| Untracked 
| 234|0x000000008ea00000, 0x000000008ea00000, 0x000000008eb00000|  0%| F|  |TAMS 0x000000008ea00000, 0x000000008ea00000| Untracked 
| 235|0x000000008eb00000, 0x000000008eb00000, 0x000000008ec00000|  0%| F|  |TAMS 0x000000008eb00000, 0x000000008eb00000| Untracked 
| 236|0x000000008ec00000, 0x000000008ec00000, 0x000000008ed00000|  0%| F|  |TAMS 0x000000008ec00000, 0x000000008ec00000| Untracked 
| 237|0x000000008ed00000, 0x000000008ed00000, 0x000000008ee00000|  0%| F|  |TAMS 0x000000008ed00000, 0x000000008ed00000| Untracked 
| 238|0x000000008ee00000, 0x000000008ee00000, 0x000000008ef00000|  0%| F|  |TAMS 0x000000008ee00000, 0x000000008ee00000| Untracked 
| 239|0x000000008ef00000, 0x000000008ef00000, 0x000000008f000000|  0%| F|  |TAMS 0x000000008ef00000, 0x000000008ef00000| Untracked 
| 240|0x000000008f000000, 0x000000008f000000, 0x000000008f100000|  0%| F|  |TAMS 0x000000008f000000, 0x000000008f000000| Untracked 
| 241|0x000000008f100000, 0x000000008f100000, 0x000000008f200000|  0%| F|  |TAMS 0x000000008f100000, 0x000000008f100000| Untracked 
| 242|0x000000008f200000, 0x000000008f200000, 0x000000008f300000|  0%| F|  |TAMS 0x000000008f200000, 0x000000008f200000| Untracked 
| 243|0x000000008f300000, 0x000000008f300000, 0x000000008f400000|  0%| F|  |TAMS 0x000000008f300000, 0x000000008f300000| Untracked 
| 244|0x000000008f400000, 0x000000008f400000, 0x000000008f500000|  0%| F|  |TAMS 0x000000008f400000, 0x000000008f400000| Untracked 
| 245|0x000000008f500000, 0x000000008f500000, 0x000000008f600000|  0%| F|  |TAMS 0x000000008f500000, 0x000000008f500000| Untracked 
| 246|0x000000008f600000, 0x000000008f600000, 0x000000008f700000|  0%| F|  |TAMS 0x000000008f600000, 0x000000008f600000| Untracked 
| 247|0x000000008f700000, 0x000000008f700000, 0x000000008f800000|  0%| F|  |TAMS 0x000000008f700000, 0x000000008f700000| Untracked 
| 248|0x000000008f800000, 0x000000008f800000, 0x000000008f900000|  0%| F|  |TAMS 0x000000008f800000, 0x000000008f800000| Untracked 
| 249|0x000000008f900000, 0x000000008f900000, 0x000000008fa00000|  0%| F|  |TAMS 0x000000008f900000, 0x000000008f900000| Untracked 
| 250|0x000000008fa00000, 0x000000008fa00000, 0x000000008fb00000|  0%| F|  |TAMS 0x000000008fa00000, 0x000000008fa00000| Untracked 
| 251|0x000000008fb00000, 0x000000008fb00000, 0x000000008fc00000|  0%| F|  |TAMS 0x000000008fb00000, 0x000000008fb00000| Untracked 
| 252|0x000000008fc00000, 0x000000008fc00000, 0x000000008fd00000|  0%| F|  |TAMS 0x000000008fc00000, 0x000000008fc00000| Untracked 
| 253|0x000000008fd00000, 0x000000008fd00000, 0x000000008fe00000|  0%| F|  |TAMS 0x000000008fd00000, 0x000000008fd00000| Untracked 
| 254|0x000000008fe00000, 0x000000008fe00000, 0x000000008ff00000|  0%| F|  |TAMS 0x000000008fe00000, 0x000000008fe00000| Untracked 
| 255|0x000000008ff00000, 0x000000008ff00000, 0x0000000090000000|  0%| F|  |TAMS 0x000000008ff00000, 0x000000008ff00000| Untracked 

Card table byte_map: [0x00000182d73c0000,0x00000182d77c0000] _byte_map_base: 0x00000182d6fc0000

Marking Bits (Prev, Next): (CMBitMap*) 0x00000182c270f610, (CMBitMap*) 0x00000182c270f5d8
 Prev Bits: [0x00000182d9bc0000, 0x00000182dbbc0000)
 Next Bits: [0x00000182d7bc0000, 0x00000182d9bc0000)

Polling page: 0x00000182c27b0000

Metaspace:

Usage:
  Non-class:     66.39 MB capacity,    65.01 MB ( 98%) used,     1.19 MB (  2%) free+waste,   194.94 KB ( <1%) overhead. 
      Class:     10.36 MB capacity,     9.67 MB ( 93%) used,   611.57 KB (  6%) free+waste,    91.19 KB ( <1%) overhead. 
       Both:     76.75 MB capacity,    74.69 MB ( 97%) used,     1.79 MB (  2%) free+waste,   286.13 KB ( <1%) overhead. 

Virtual space:
  Non-class space:       68.00 MB reserved,      66.50 MB ( 98%) committed 
      Class space:        1.00 GB reserved,      10.38 MB (  1%) committed 
             Both:        1.07 GB reserved,      76.88 MB (  7%) committed 

Chunk freelists:
   Non-Class:  47.00 KB
       Class:  15.00 KB
        Both:  62.00 KB

MaxMetaspaceSize: 17179869184.00 GB
CompressedClassSpaceSize: 1.00 GB

CodeHeap 'non-profiled nmethods': size=120064Kb used=4738Kb max_used=4738Kb free=115325Kb
 bounds [0x00000182cf460000, 0x00000182cf910000, 0x00000182d69a0000]
CodeHeap 'profiled nmethods': size=120000Kb used=16841Kb max_used=16841Kb free=103158Kb
 bounds [0x00000182c7f30000, 0x00000182c8fb0000, 0x00000182cf460000]
CodeHeap 'non-nmethods': size=5696Kb used=2275Kb max_used=2330Kb free=3421Kb
 bounds [0x00000182c79a0000, 0x00000182c7c10000, 0x00000182c7f30000]
 total_blobs=8877 nmethods=8000 adapters=788
 compilation: enabled
              stopped_count=0, restarted_count=0
 full_count=0

Compilation events (20 events):
Event: 11.615 Thread 0x00000182deaeb000 nmethod 8021 0x00000182c8f9d090 code [0x00000182c8f9d240, 0x00000182c8f9d408]
Event: 11.615 Thread 0x00000182deae8000 nmethod 8013 0x00000182cf8ffc10 code [0x00000182cf8ffda0, 0x00000182cf8ffdf8]
Event: 11.615 Thread 0x00000182deaeb000 8015       3       java.util.StringTokenizer::<init> (52 bytes)
Event: 11.615 Thread 0x00000182deae8000 8012       4       java.net.URLStreamHandler::setURL (159 bytes)
Event: 11.615 Thread 0x00000182deaeb000 nmethod 8015 0x00000182c8f9d510 code [0x00000182c8f9d700, 0x00000182c8f9da68]
Event: 11.615 Thread 0x00000182deaeb000 8022       3       org.gradle.api.internal.model.DefaultObjectFactory::fileProperty (10 bytes)
Event: 11.616 Thread 0x00000182deaeb000 nmethod 8022 0x00000182c8f9dc10 code [0x00000182c8f9de00, 0x00000182c8f9e188]
Event: 11.616 Thread 0x00000182deaeb000 8024       3       com.android.build.api.artifact.impl.SinglePropertyAdapter::from (6 bytes)
Event: 11.616 Thread 0x00000182deaeb000 nmethod 8024 0x00000182c8f9e310 code [0x00000182c8f9e600, 0x00000182c8f9f318]
Event: 11.616 Thread 0x00000182deaeb000 8025       3       com.android.build.api.artifact.impl.PropertyAdapter$DefaultImpls::from (25 bytes)
Event: 11.617 Thread 0x00000182deaeb000 nmethod 8025 0x00000182c8f9f810 code [0x00000182c8f9fae0, 0x00000182c8fa0638]
Event: 11.617 Thread 0x00000182deaeb000 8023       3       java.util.StringTokenizer::<init> (8 bytes)
Event: 11.617 Thread 0x00000182deaeb000 nmethod 8023 0x00000182c8fa0a90 code [0x00000182c8fa0c40, 0x00000182c8fa0d68]
Event: 11.617 Thread 0x00000182deaeb000 8026       3       org.gradle.api.internal.model.DefaultObjectFactory::directoryProperty (10 bytes)
Event: 11.617 Thread 0x00000182deaeb000 nmethod 8026 0x00000182c8fa0e10 code [0x00000182c8fa1000, 0x00000182c8fa1408]
Event: 11.617 Thread 0x00000182deaeb000 8027       3       com.android.build.api.artifact.impl.StorageProviderImpl$fileStorage$1::invoke (9 bytes)
Event: 11.617 Thread 0x00000182deaeb000 nmethod 8027 0x00000182c8fa1610 code [0x00000182c8fa1880, 0x00000182c8fa2178]
Event: 11.619 Thread 0x00000182deae8000 nmethod 8012 0x00000182cf8ffe90 code [0x00000182cf900040, 0x00000182cf9003c8]
Event: 11.620 Thread 0x00000182deaeb000 8028       1       com.android.build.gradle.internal.services.BaseServicesImpl::getProjectServices (5 bytes)
Event: 11.620 Thread 0x00000182deaeb000 nmethod 8028 0x00000182cf900710 code [0x00000182cf9008c0, 0x00000182cf900978]

GC Heap History (19 events):
Event: 0.442 GC heap before
{Heap before GC invocations=0 (full 0):
 garbage-first heap   total 262144K, used 19456K [0x0000000080000000, 0x0000000100000000)
  region size 1024K, 14 young (14336K), 0 survivors (0K)
 Metaspace       used 6738K, capacity 6929K, committed 7168K, reserved 1056768K
  class space    used 582K, capacity 650K, committed 768K, reserved 1048576K
}
Event: 0.445 GC heap after
{Heap after GC invocations=1 (full 0):
 garbage-first heap   total 262144K, used 8315K [0x0000000080000000, 0x0000000100000000)
  region size 1024K, 2 young (2048K), 2 survivors (2048K)
 Metaspace       used 6738K, capacity 6929K, committed 7168K, reserved 1056768K
  class space    used 582K, capacity 650K, committed 768K, reserved 1048576K
}
Event: 0.729 GC heap before
{Heap before GC invocations=1 (full 0):
 garbage-first heap   total 262144K, used 19579K [0x0000000080000000, 0x0000000100000000)
  region size 1024K, 13 young (13312K), 2 survivors (2048K)
 Metaspace       used 10209K, capacity 10367K, committed 10624K, reserved 1058816K
  class space    used 1065K, capacity 1141K, committed 1152K, reserved 1048576K
}
Event: 0.735 GC heap after
{Heap after GC invocations=2 (full 0):
 garbage-first heap   total 262144K, used 9641K [0x0000000080000000, 0x0000000100000000)
  region size 1024K, 2 young (2048K), 2 survivors (2048K)
 Metaspace       used 10209K, capacity 10367K, committed 10624K, reserved 1058816K
  class space    used 1065K, capacity 1141K, committed 1152K, reserved 1048576K
}
Event: 1.271 GC heap before
{Heap before GC invocations=2 (full 0):
 garbage-first heap   total 262144K, used 40361K [0x0000000080000000, 0x0000000100000000)
  region size 1024K, 31 young (31744K), 2 survivors (2048K)
 Metaspace       used 11157K, capacity 11384K, committed 11520K, reserved 1058816K
  class space    used 1167K, capacity 1245K, committed 1280K, reserved 1048576K
}
Event: 1.274 GC heap after
{Heap after GC invocations=3 (full 0):
 garbage-first heap   total 262144K, used 12648K [0x0000000080000000, 0x0000000100000000)
  region size 1024K, 4 young (4096K), 4 survivors (4096K)
 Metaspace       used 11157K, capacity 11384K, committed 11520K, reserved 1058816K
  class space    used 1167K, capacity 1245K, committed 1280K, reserved 1048576K
}
Event: 2.972 GC heap before
{Heap before GC invocations=3 (full 0):
 garbage-first heap   total 262144K, used 77160K [0x0000000080000000, 0x0000000100000000)
  region size 1024K, 68 young (69632K), 4 survivors (4096K)
 Metaspace       used 20589K, capacity 21099K, committed 21248K, reserved 1067008K
  class space    used 2511K, capacity 2701K, committed 2816K, reserved 1048576K
}
Event: 2.978 GC heap after
{Heap after GC invocations=4 (full 0):
 garbage-first heap   total 262144K, used 17071K [0x0000000080000000, 0x0000000100000000)
  region size 1024K, 9 young (9216K), 9 survivors (9216K)
 Metaspace       used 20589K, capacity 21099K, committed 21248K, reserved 1067008K
  class space    used 2511K, capacity 2701K, committed 2816K, reserved 1048576K
}
Event: 4.062 GC heap before
{Heap before GC invocations=5 (full 0):
 garbage-first heap   total 262144K, used 129711K [0x0000000080000000, 0x0000000100000000)
  region size 1024K, 109 young (111616K), 9 survivors (9216K)
 Metaspace       used 30151K, capacity 30950K, committed 30976K, reserved 1075200K
  class space    used 4059K, capacity 4348K, committed 4352K, reserved 1048576K
}
Event: 4.071 GC heap after
{Heap after GC invocations=6 (full 0):
 garbage-first heap   total 262144K, used 33582K [0x0000000080000000, 0x0000000100000000)
  region size 1024K, 14 young (14336K), 14 survivors (14336K)
 Metaspace       used 30151K, capacity 30950K, committed 30976K, reserved 1075200K
  class space    used 4059K, capacity 4348K, committed 4352K, reserved 1048576K
}
Event: 4.397 GC heap before
{Heap before GC invocations=6 (full 0):
 garbage-first heap   total 262144K, used 50990K [0x0000000080000000, 0x0000000100000000)
  region size 1024K, 32 young (32768K), 14 survivors (14336K)
 Metaspace       used 34843K, capacity 35735K, committed 35840K, reserved 1081344K
  class space    used 4556K, capacity 4899K, committed 4992K, reserved 1048576K
}
Event: 4.409 GC heap after
{Heap after GC invocations=7 (full 0):
 garbage-first heap   total 262144K, used 36726K [0x0000000080000000, 0x0000000100000000)
  region size 1024K, 10 young (10240K), 10 survivors (10240K)
 Metaspace       used 34843K, capacity 35735K, committed 35840K, reserved 1081344K
  class space    used 4556K, capacity 4899K, committed 4992K, reserved 1048576K
}
Event: 5.842 GC heap before
{Heap before GC invocations=8 (full 0):
 garbage-first heap   total 262144K, used 174966K [0x0000000080000000, 0x0000000100000000)
  region size 1024K, 134 young (137216K), 10 survivors (10240K)
 Metaspace       used 45793K, capacity 47033K, committed 47232K, reserved 1089536K
  class space    used 5807K, capacity 6224K, committed 6272K, reserved 1048576K
}
Event: 5.861 GC heap after
{Heap after GC invocations=9 (full 0):
 garbage-first heap   total 262144K, used 54166K [0x0000000080000000, 0x0000000100000000)
  region size 1024K, 17 young (17408K), 17 survivors (17408K)
 Metaspace       used 45793K, capacity 47033K, committed 47232K, reserved 1089536K
  class space    used 5807K, capacity 6224K, committed 6272K, reserved 1048576K
}
Event: 8.212 GC heap before
{Heap before GC invocations=10 (full 0):
 garbage-first heap   total 262144K, used 200598K [0x0000000080000000, 0x0000000100000000)
  region size 1024K, 153 young (156672K), 17 survivors (17408K)
 Metaspace       used 53628K, capacity 55193K, committed 55424K, reserved 1097728K
  class space    used 6931K, capacity 7441K, committed 7552K, reserved 1048576K
}
Event: 8.239 GC heap after
{Heap after GC invocations=11 (full 0):
 garbage-first heap   total 262144K, used 74439K [0x0000000080000000, 0x0000000100000000)
  region size 1024K, 20 young (20480K), 20 survivors (20480K)
 Metaspace       used 53628K, capacity 55193K, committed 55424K, reserved 1097728K
  class space    used 6931K, capacity 7441K, committed 7552K, reserved 1048576K
}
Event: 10.490 GC heap before
{Heap before GC invocations=11 (full 0):
 garbage-first heap   total 262144K, used 199367K [0x0000000080000000, 0x0000000100000000)
  region size 1024K, 142 young (145408K), 20 survivors (20480K)
 Metaspace       used 69381K, capacity 71227K, committed 71552K, reserved 1112064K
  class space    used 8869K, capacity 9484K, committed 9600K, reserved 1048576K
}
Event: 10.513 GC heap after
{Heap after GC invocations=12 (full 0):
 garbage-first heap   total 262144K, used 83739K [0x0000000080000000, 0x0000000100000000)
  region size 1024K, 9 young (9216K), 9 survivors (9216K)
 Metaspace       used 69381K, capacity 71227K, committed 71552K, reserved 1112064K
  class space    used 8869K, capacity 9484K, committed 9600K, reserved 1048576K
}
Event: 11.621 GC heap before
{Heap before GC invocations=12 (full 0):
 garbage-first heap   total 262144K, used 181019K [0x0000000080000000, 0x0000000100000000)
  region size 1024K, 105 young (107520K), 9 survivors (9216K)
 Metaspace       used 76478K, capacity 78594K, committed 78720K, reserved 1118208K
  class space    used 9906K, capacity 10609K, committed 10624K, reserved 1048576K
}

Deoptimization events (20 events):
Event: 10.975 Thread 0x00000182e0429000 Uncommon trap: trap_request=0xffffff4d fr.pc=0x00000182cf895c00 relative=0x00000000000019e0
Event: 10.975 Thread 0x00000182e0429000 Uncommon trap: reason=unstable_if action=reinterpret pc=0x00000182cf895c00 method=groovy.lang.MetaClassImpl.filterPropertyMethod(Ljava/lang/Object;ZZ)Ljava/lang/Object; @ 60 c2
Event: 10.975 Thread 0x00000182e0429000 DEOPT PACKING pc=0x00000182cf895c00 sp=0x00000080a0af8940
Event: 10.975 Thread 0x00000182e0429000 DEOPT UNPACKING pc=0x00000182c79c78af sp=0x00000080a0af8920 mode 2
Event: 10.985 Thread 0x00000182e0429000 DEOPT PACKING pc=0x00000182c853d1f9 sp=0x00000080a0af9570
Event: 10.985 Thread 0x00000182e0429000 DEOPT UNPACKING pc=0x00000182c79c76ce sp=0x00000080a0af8a38 mode 0
Event: 11.004 Thread 0x00000182e0429000 DEOPT PACKING pc=0x00000182c8a6bff1 sp=0x00000080a0af8be0
Event: 11.005 Thread 0x00000182e0429000 DEOPT UNPACKING pc=0x00000182c79c76ce sp=0x00000080a0af80d8 mode 0
Event: 11.051 Thread 0x00000182e0429000 Uncommon trap: trap_request=0xffffffde fr.pc=0x00000182cf4816e4 relative=0x00000000000001c4
Event: 11.051 Thread 0x00000182e0429000 Uncommon trap: reason=class_check action=maybe_recompile pc=0x00000182cf4816e4 method=java.lang.String.equals(Ljava/lang/Object;)Z @ 8 c2
Event: 11.051 Thread 0x00000182e0429000 DEOPT PACKING pc=0x00000182cf4816e4 sp=0x00000080a0af8c20
Event: 11.051 Thread 0x00000182e0429000 DEOPT UNPACKING pc=0x00000182c79c78af sp=0x00000080a0af8bc8 mode 2
Event: 11.230 Thread 0x00000182e0429000 Uncommon trap: trap_request=0xfffffff4 fr.pc=0x00000182cf70b038 relative=0x00000000000007b8
Event: 11.230 Thread 0x00000182e0429000 Uncommon trap: reason=null_check action=make_not_entrant pc=0x00000182cf70b038 method=org.gradle.util.internal.SimpleMapInterner.intern(Ljava/lang/Object;)Ljava/lang/Object; @ 2 c2
Event: 11.230 Thread 0x00000182e0429000 DEOPT PACKING pc=0x00000182cf70b038 sp=0x00000080a0af7eb0
Event: 11.230 Thread 0x00000182e0429000 DEOPT UNPACKING pc=0x00000182c79c78af sp=0x00000080a0af7e78 mode 2
Event: 11.230 Thread 0x00000182e0429000 Uncommon trap: trap_request=0xffffff4d fr.pc=0x00000182cf70c334 relative=0x00000000000007d4
Event: 11.230 Thread 0x00000182e0429000 Uncommon trap: reason=unstable_if action=reinterpret pc=0x00000182cf70c334 method=org.gradle.util.internal.SimpleMapInterner.intern(Ljava/lang/String;)Ljava/lang/String; @ 1 c2
Event: 11.230 Thread 0x00000182e0429000 DEOPT PACKING pc=0x00000182cf70c334 sp=0x00000080a0af7e40
Event: 11.230 Thread 0x00000182e0429000 DEOPT UNPACKING pc=0x00000182c79c78af sp=0x00000080a0af7e08 mode 2

Classes redefined (0 events):
No events

Internal exceptions (20 events):
Event: 11.190 Thread 0x00000182e0429000 Exception <a 'java/lang/ClassNotFoundException'{0x000000008bf0dcf0}: build_4ydecase1ghj1dwwhfgd7pth6$_run_closure1BeanInfo> (0x000000008bf0dcf0) thrown at [./src/hotspot/share/classfile/systemDictionary.cpp, line 231]
Event: 11.190 Thread 0x00000182e0429000 Exception <a 'java/lang/ClassNotFoundException'{0x000000008bf1ec30}: build_4ydecase1ghj1dwwhfgd7pth6$_run_closure1Customizer> (0x000000008bf1ec30) thrown at [./src/hotspot/share/classfile/systemDictionary.cpp, line 231]
Event: 11.193 Thread 0x00000182e0429000 Exception <a 'java/lang/ClassNotFoundException'{0x000000008bf7cd20}: org/gradle/api/JavaVersionBeanInfo> (0x000000008bf7cd20) thrown at [./src/hotspot/share/classfile/systemDictionary.cpp, line 231]
Event: 11.194 Thread 0x00000182e0429000 Exception <a 'java/lang/ClassNotFoundException'{0x000000008bfa80e0}: org/gradle/api/JavaVersionCustomizer> (0x000000008bfa80e0) thrown at [./src/hotspot/share/classfile/systemDictionary.cpp, line 231]
Event: 11.199 Thread 0x00000182e0429000 Exception <a 'java/lang/ClassNotFoundException'{0x000000008bffee90}: com/android/build/gradle/internal/CompileOptions_DecoratedBeanInfo> (0x000000008bffee90) thrown at [./src/hotspot/share/classfile/systemDictionary.cpp, line 231]
Event: 11.200 Thread 0x00000182e0429000 Exception <a 'java/lang/ClassNotFoundException'{0x000000008be18a60}: com/android/build/gradle/internal/CompileOptionsBeanInfo> (0x000000008be18a60) thrown at [./src/hotspot/share/classfile/systemDictionary.cpp, line 231]
Event: 11.200 Thread 0x00000182e0429000 Exception <a 'java/lang/ClassNotFoundException'{0x000000008be32a38}: com/android/build/gradle/internal/CompileOptionsCustomizer> (0x000000008be32a38) thrown at [./src/hotspot/share/classfile/systemDictionary.cpp, line 231]
Event: 11.201 Thread 0x00000182e0429000 Exception <a 'java/lang/ClassNotFoundException'{0x000000008be598a8}: com/android/build/gradle/internal/CompileOptions_DecoratedCustomizer> (0x000000008be598a8) thrown at [./src/hotspot/share/classfile/systemDictionary.cpp, line 231]
Event: 11.216 Thread 0x00000182e0429000 Exception <a 'java/lang/ClassNotFoundException'{0x000000008bd9a968}: org/jetbrains/kotlin/gradle/dsl/KotlinJvmOptionsImplBeanInfo> (0x000000008bd9a968) thrown at [./src/hotspot/share/classfile/systemDictionary.cpp, line 231]
Event: 11.216 Thread 0x00000182e0429000 Exception <a 'java/lang/ClassNotFoundException'{0x000000008bdb51e8}: org/jetbrains/kotlin/gradle/dsl/KotlinJvmOptionsBaseBeanInfo> (0x000000008bdb51e8) thrown at [./src/hotspot/share/classfile/systemDictionary.cpp, line 231]
Event: 11.216 Thread 0x00000182e0429000 Exception <a 'java/lang/ClassNotFoundException'{0x000000008bdcfc70}: org/jetbrains/kotlin/gradle/dsl/KotlinJvmOptionsBaseCustomizer> (0x000000008bdcfc70) thrown at [./src/hotspot/share/classfile/systemDictionary.cpp, line 231]
Event: 11.217 Thread 0x00000182e0429000 Exception <a 'java/lang/ClassNotFoundException'{0x000000008bc03320}: org/jetbrains/kotlin/gradle/dsl/KotlinJvmOptionsImplCustomizer> (0x000000008bc03320) thrown at [./src/hotspot/share/classfile/systemDictionary.cpp, line 231]
Event: 11.222 Thread 0x00000182e0429000 Exception <a 'java/lang/ClassNotFoundException'{0x000000008bc887e8}: com/android/build/gradle/internal/dsl/ApplicationBuildFeaturesImpl_DecoratedBeanInfo> (0x000000008bc887e8) thrown at [./src/hotspot/share/classfile/systemDictionary.cpp, line 231]
Event: 11.222 Thread 0x00000182e0429000 Exception <a 'java/lang/ClassNotFoundException'{0x000000008bca5288}: com/android/build/gradle/internal/dsl/ApplicationBuildFeaturesImplBeanInfo> (0x000000008bca5288) thrown at [./src/hotspot/share/classfile/systemDictionary.cpp, line 231]
Event: 11.223 Thread 0x00000182e0429000 Exception <a 'java/lang/ClassNotFoundException'{0x000000008bcbfe80}: com/android/build/gradle/internal/dsl/BuildFeaturesImplBeanInfo> (0x000000008bcbfe80) thrown at [./src/hotspot/share/classfile/systemDictionary.cpp, line 231]
Event: 11.223 Thread 0x00000182e0429000 Exception <a 'java/lang/ClassNotFoundException'{0x000000008bcdaab0}: com/android/build/gradle/internal/dsl/BuildFeaturesImplCustomizer> (0x000000008bcdaab0) thrown at [./src/hotspot/share/classfile/systemDictionary.cpp, line 231]
Event: 11.225 Thread 0x00000182e0429000 Exception <a 'java/lang/ClassNotFoundException'{0x000000008bb03340}: com/android/build/gradle/internal/dsl/ApplicationBuildFeaturesImplCustomizer> (0x000000008bb03340) thrown at [./src/hotspot/share/classfile/systemDictionary.cpp, line 231]
Event: 11.225 Thread 0x00000182e0429000 Exception <a 'java/lang/ClassNotFoundException'{0x000000008bb27a78}: com/android/build/gradle/internal/dsl/ApplicationBuildFeaturesImpl_DecoratedCustomizer> (0x000000008bb27a78) thrown at [./src/hotspot/share/classfile/systemDictionary.cpp, line 231]
Event: 11.230 Thread 0x00000182e0429000 Implicit null exception at 0x00000182cf70a8af to 0x00000182cf70b028
Event: 11.230 Thread 0x00000182e0429000 Implicit null exception at 0x00000182cf70bb96 to 0x00000182cf70c31c

Events (20 events):
Event: 11.618 loading class com/android/build/gradle/internal/testing/TestData done
Event: 11.619 loading class com/android/build/gradle/internal/test/AbstractTestDataImpl$instrumentationRunnerArguments$2
Event: 11.619 loading class com/android/build/gradle/internal/test/AbstractTestDataImpl$instrumentationRunnerArguments$2 done
Event: 11.619 loading class com/android/build/gradle/internal/test/AbstractTestDataImpl$animationsDisabled$1
Event: 11.619 loading class com/android/build/gradle/internal/test/AbstractTestDataImpl$animationsDisabled$1 done
Event: 11.619 loading class com/android/build/gradle/internal/services/TaskCreationServicesImpl$sam$java_util_concurrent_Callable$0
Event: 11.619 loading class com/android/build/gradle/internal/services/TaskCreationServicesImpl$sam$java_util_concurrent_Callable$0 done
Event: 11.620 loading class com/android/build/gradle/internal/test/AbstractTestDataImpl$testCoverageEnabled$1
Event: 11.620 loading class com/android/build/gradle/internal/test/AbstractTestDataImpl$testCoverageEnabled$1 done
Event: 11.620 loading class com/android/build/gradle/internal/test/AbstractTestDataImpl$minSdkVersion$1
Event: 11.620 loading class com/android/build/gradle/internal/test/AbstractTestDataImpl$minSdkVersion$1 done
Event: 11.620 loading class com/android/build/gradle/internal/test/AbstractTestDataImpl$flavorName$1
Event: 11.620 loading class com/android/build/gradle/internal/test/AbstractTestDataImpl$flavorName$1 done
Event: 11.620 loading class com/android/build/gradle/internal/test/AbstractTestDataImpl$testDirectories$1
Event: 11.620 loading class com/android/build/gradle/internal/test/AbstractTestDataImpl$testDirectories$1 done
Event: 11.621 loading class com/android/build/gradle/internal/test/TestDataImpl$libraryType$1
Event: 11.621 loading class com/android/build/gradle/internal/test/TestDataImpl$libraryType$1 done
Event: 11.621 loading class com/android/build/gradle/internal/TaskManager$configureTestData$1
Event: 11.621 loading class com/android/build/gradle/internal/TaskManager$configureTestData$1 done
Event: 11.621 Executing VM operation: CollectForMetadataAllocation


Dynamic libraries:
0x00007ff6ba730000 - 0x00007ff6ba73a000 	C:\Program Files\Android\Android Studio\jre\bin\java.exe
0x00007ffa59550000 - 0x00007ffa59745000 	C:\WINDOWS\SYSTEM32\ntdll.dll
0x00007ffa58ee0000 - 0x00007ffa58f9d000 	C:\WINDOWS\System32\KERNEL32.DLL
0x00007ffa56c80000 - 0x00007ffa56f49000 	C:\WINDOWS\System32\KERNELBASE.dll
0x00007ffa574b0000 - 0x00007ffa575b0000 	C:\WINDOWS\System32\ucrtbase.dll
0x00007ffa38c90000 - 0x00007ffa38ca7000 	C:\Program Files\Android\Android Studio\jre\bin\VCRUNTIME140.dll
0x00007ff9f9450000 - 0x00007ff9f9469000 	C:\Program Files\Android\Android Studio\jre\bin\jli.dll
0x00007ffa587d0000 - 0x00007ffa58970000 	C:\WINDOWS\System32\USER32.dll
0x00007ffa57060000 - 0x00007ffa57082000 	C:\WINDOWS\System32\win32u.dll
0x00007ffa57ac0000 - 0x00007ffa57aea000 	C:\WINDOWS\System32\GDI32.dll
0x00007ffa47010000 - 0x00007ffa472aa000 	C:\WINDOWS\WinSxS\amd64_microsoft.windows.common-controls_6595b64144ccf1df_6.0.19041.1110_none_60b5254171f9507e\COMCTL32.dll
0x00007ffa58d00000 - 0x00007ffa58d9e000 	C:\WINDOWS\System32\msvcrt.dll
0x00007ffa572b0000 - 0x00007ffa573bb000 	C:\WINDOWS\System32\gdi32full.dll
0x00007ffa57410000 - 0x00007ffa574ad000 	C:\WINDOWS\System32\msvcp_win.dll
0x00007ffa58970000 - 0x00007ffa589a0000 	C:\WINDOWS\System32\IMM32.DLL
0x00007ff9e4410000 - 0x00007ff9e44ad000 	C:\Program Files\Android\Android Studio\jre\bin\msvcp140.dll
0x00007ff9f8960000 - 0x00007ff9f942f000 	C:\Program Files\Android\Android Studio\jre\bin\server\jvm.dll
0x00007ffa575d0000 - 0x00007ffa5767c000 	C:\WINDOWS\System32\ADVAPI32.dll
0x00007ffa57af0000 - 0x00007ffa57b8b000 	C:\WINDOWS\System32\sechost.dll
0x00007ffa58500000 - 0x00007ffa5862a000 	C:\WINDOWS\System32\RPCRT4.dll
0x00007ffa59420000 - 0x00007ffa59428000 	C:\WINDOWS\System32\PSAPI.DLL
0x00007ffa42db0000 - 0x00007ffa42db9000 	C:\WINDOWS\SYSTEM32\WSOCK32.dll
0x00007ffa4e030000 - 0x00007ffa4e057000 	C:\WINDOWS\SYSTEM32\WINMM.dll
0x00007ffa4fac0000 - 0x00007ffa4faca000 	C:\WINDOWS\SYSTEM32\VERSION.dll
0x00007ffa58690000 - 0x00007ffa586fb000 	C:\WINDOWS\System32\WS2_32.dll
0x00007ffa54bb0000 - 0x00007ffa54bc2000 	C:\WINDOWS\SYSTEM32\kernel.appcore.dll
0x00007ffa32ac0000 - 0x00007ffa32ad1000 	C:\Program Files\Android\Android Studio\jre\bin\verify.dll
0x00007ffa50620000 - 0x00007ffa50804000 	C:\WINDOWS\SYSTEM32\DBGHELP.DLL
0x00007ffa47950000 - 0x00007ffa4797c000 	C:\WINDOWS\SYSTEM32\dbgcore.DLL
0x00007ffa57220000 - 0x00007ffa572a3000 	C:\WINDOWS\System32\bcryptPrimitives.dll
0x00007ffa32a90000 - 0x00007ffa32ab9000 	C:\Program Files\Android\Android Studio\jre\bin\java.dll
0x00007ffa38de0000 - 0x00007ffa38deb000 	C:\Program Files\Android\Android Studio\jre\bin\jimage.dll
0x00007ffa32a70000 - 0x00007ffa32a88000 	C:\Program Files\Android\Android Studio\jre\bin\zip.dll
0x00007ffa57db0000 - 0x00007ffa584ef000 	C:\WINDOWS\System32\SHELL32.dll
0x00007ffa54db0000 - 0x00007ffa55540000 	C:\WINDOWS\SYSTEM32\windows.storage.dll
0x00007ffa57680000 - 0x00007ffa579d5000 	C:\WINDOWS\System32\combase.dll
0x00007ffa566e0000 - 0x00007ffa5670c000 	C:\WINDOWS\SYSTEM32\Wldp.dll
0x00007ffa57b90000 - 0x00007ffa57c3e000 	C:\WINDOWS\System32\SHCORE.dll
0x00007ffa57c40000 - 0x00007ffa57c95000 	C:\WINDOWS\System32\shlwapi.dll
0x00007ffa56bc0000 - 0x00007ffa56bdf000 	C:\WINDOWS\SYSTEM32\profapi.dll
0x00007ffa32a50000 - 0x00007ffa32a6a000 	C:\Program Files\Android\Android Studio\jre\bin\net.dll
0x00007ffa4bb10000 - 0x00007ffa4bc18000 	C:\WINDOWS\SYSTEM32\WINHTTP.dll
0x00007ffa56440000 - 0x00007ffa564aa000 	C:\WINDOWS\system32\mswsock.dll
0x00007ffa31830000 - 0x00007ffa31844000 	C:\Program Files\Android\Android Studio\jre\bin\nio.dll
0x00007ff9f61a0000 - 0x00007ff9f61c7000 	C:\Users\danie\.gradle\native\8bec1ad78214c89d9ad589b4d07fe93259594b29d510b10fafb7a158f7737e5d\windows-amd64\native-platform.dll
0x00007ff9ed660000 - 0x00007ff9ed79d000 	C:\Users\danie\.gradle\native\53dbd7edfb1c66fb8903c78663c9afc45aea4f116125fa6feffd364cf09443e8\windows-amd64\native-platform-file-events.dll
0x00007ffa38660000 - 0x00007ffa3866a000 	C:\Program Files\Android\Android Studio\jre\bin\management.dll
0x00007ffa34530000 - 0x00007ffa3453c000 	C:\Program Files\Android\Android Studio\jre\bin\management_ext.dll
0x00007ffa56630000 - 0x00007ffa56648000 	C:\WINDOWS\SYSTEM32\CRYPTSP.dll
0x00007ffa55d50000 - 0x00007ffa55d84000 	C:\WINDOWS\system32\rsaenh.dll
0x00007ffa57090000 - 0x00007ffa570b7000 	C:\WINDOWS\System32\bcrypt.dll
0x00007ffa56b80000 - 0x00007ffa56bae000 	C:\WINDOWS\SYSTEM32\USERENV.dll
0x00007ffa56650000 - 0x00007ffa5665c000 	C:\WINDOWS\SYSTEM32\CRYPTBASE.dll
0x00007ffa560e0000 - 0x00007ffa5611b000 	C:\WINDOWS\SYSTEM32\IPHLPAPI.DLL
0x00007ffa584f0000 - 0x00007ffa584f8000 	C:\WINDOWS\System32\NSI.dll
0x00007ffa505f0000 - 0x00007ffa50607000 	C:\WINDOWS\SYSTEM32\dhcpcsvc6.DLL
0x00007ffa505d0000 - 0x00007ffa505ed000 	C:\WINDOWS\SYSTEM32\dhcpcsvc.DLL
0x00007ffa56120000 - 0x00007ffa561ec000 	C:\WINDOWS\SYSTEM32\DNSAPI.dll
0x00007ffa31090000 - 0x00007ffa310e5000 	C:\WINDOWS\SYSTEM32\symsrv.dll

dbghelp: loaded successfully - version: 4.0.5 - missing functions: none
symbol engine: initialized successfully - sym options: 0x614 - pdb path: .;C:\Program Files\Android\Android Studio\jre\bin;C:\WINDOWS\SYSTEM32;C:\WINDOWS\WinSxS\amd64_microsoft.windows.common-controls_6595b64144ccf1df_6.0.19041.1110_none_60b5254171f9507e;C:\Program Files\Android\Android Studio\jre\bin\server;C:\Users\danie\.gradle\native\8bec1ad78214c89d9ad589b4d07fe93259594b29d510b10fafb7a158f7737e5d\windows-amd64;C:\Users\danie\.gradle\native\53dbd7edfb1c66fb8903c78663c9afc45aea4f116125fa6feffd364cf09443e8\windows-amd64

VM Arguments:
jvm_args: --add-opens=java.base/java.util=ALL-UNNAMED --add-opens=java.base/java.lang=ALL-UNNAMED --add-opens=java.base/java.lang.invoke=ALL-UNNAMED --add-opens=java.base/java.util=ALL-UNNAMED --add-opens=java.prefs/java.util.prefs=ALL-UNNAMED --add-opens=java.prefs/java.util.prefs=ALL-UNNAMED --add-opens=java.base/java.nio.charset=ALL-UNNAMED --add-opens=java.base/java.net=ALL-UNNAMED --add-opens=java.base/java.util.concurrent.atomic=ALL-UNNAMED -Xmx2048m -Dfile.encoding=UTF-8 -Duser.country=NZ -Duser.language=en -Duser.variant 
java_command: org.gradle.launcher.daemon.bootstrap.GradleDaemon 7.0.2
java_class_path (initial): C:\Users\danie\.gradle\wrapper\dists\gradle-7.0.2-bin\857tjihv64xamwrf0h14cai3r\gradle-7.0.2\lib\gradle-launcher-7.0.2.jar
Launcher Type: SUN_STANDARD

[Global flags]
     intx CICompilerCount                          = 3                                         {product} {ergonomic}
     uint ConcGCThreads                            = 1                                         {product} {ergonomic}
     uint G1ConcRefinementThreads                  = 4                                         {product} {ergonomic}
   size_t G1HeapRegionSize                         = 1048576                                   {product} {ergonomic}
    uintx GCDrainStackTargetSize                   = 64                                        {product} {ergonomic}
   size_t InitialHeapSize                          = 268435456                                 {product} {ergonomic}
   size_t MarkStackSize                            = 4194304                                   {product} {ergonomic}
   size_t MaxHeapSize                              = 2147483648                                {product} {command line}
   size_t MaxNewSize                               = 1287651328                                {product} {ergonomic}
   size_t MinHeapDeltaBytes                        = 1048576                                   {product} {ergonomic}
    uintx NonNMethodCodeHeapSize                   = 5830732                                {pd product} {ergonomic}
    uintx NonProfiledCodeHeapSize                  = 122913754                              {pd product} {ergonomic}
    uintx ProfiledCodeHeapSize                     = 122913754                              {pd product} {ergonomic}
    uintx ReservedCodeCacheSize                    = 251658240                              {pd product} {ergonomic}
     bool SegmentedCodeCache                       = true                                      {product} {ergonomic}
     bool UseCompressedClassPointers               = true                                 {lp64_product} {ergonomic}
     bool UseCompressedOops                        = true                                 {lp64_product} {ergonomic}
     bool UseG1GC                                  = true                                      {product} {ergonomic}
     bool UseLargePagesIndividualAllocation        = false                                  {pd product} {ergonomic}

Logging:
Log output configuration:
 #0: stdout all=warning uptime,level,tags
 #1: stderr all=off uptime,level,tags

Environment Variables:
PATH=C:\Python39\Scripts\;C:\Python39\;C:\Program Files (x86)\NVIDIA Corporation\PhysX\Common;C:\Program Files (x86)\Common Files\Oracle\Java\javapath;C:\WINDOWS\system32;C:\WINDOWS;C:\WINDOWS\System32\Wbem;C:\WINDOWS\System32\WindowsPowerShell\v1.0\;C:\WINDOWS\System32\OpenSSH\;C:\Program Files\Microsoft SQL Server\130\Tools\Binn\;C:\ProgramData\chocolatey\bin;C:\Program Files (x86)\IVI Foundation\VISA\WinNT\Bin;C:\Program Files\Git\cmd;C:\Program Files\nodejs\;C:\Users\danie\AppData\Local\Microsoft\WindowsApps;;C:\Users\danie\AppData\Local\Programs\Microsoft VS Code\bin;C:\Users\danie\AppData\Roaming\npm
USERNAME=danie
OS=Windows_NT
PROCESSOR_IDENTIFIER=AMD64 Family 23 Model 24 Stepping 1, AuthenticAMD



---------------  S Y S T E M  ---------------

OS: Windows 10 , 64 bit Build 19041 (10.0.19041.1151)
OS uptime: 0 days 21:03 hours

CPU:total 4 (initial active 4) (4 cores per cpu, 1 threads per core) family 23 model 24 stepping 1 microcode 0x0, cmov, cx8, fxsr, mmx, sse, sse2, sse3, ssse3, sse4.1, sse4.2, popcnt, avx, avx2, aes, clmul, mmxext, 3dnowpref, lzcnt, sse4a, tsc, tscinvbit, tscinv, bmi1, bmi2, adx, sha, 

Memory: 4k page, system-wide physical 16312M (4463M free)
TotalPageFile size 16312M (AvailPageFile size 42M)
current process WorkingSet (physical memory assigned to process): 460M, peak: 468M
current process commit charge ("private bytes"): 502M, peak: 553M

vm_info: OpenJDK 64-Bit Server VM (11.0.10+0-b96-7249189) for windows-amd64 JRE (11.0.10+0-b96-7249189), built on Mar 31 2021 21:44:00 by "builder" with MS VC++ 14.0 (VS2015)

END.
