#
# There is insufficient memory for the Java Runtime Environment to continue.
# Native memory allocation (malloc) failed to allocate 1405616 bytes for Chunk::new
# Possible reasons:
#   The system is out of physical RAM or swap space
#   The process is running with CompressedOops enabled, and the Java Heap may be blocking the growth of the native heap
# Possible solutions:
#   Reduce memory load on the system
#   Increase physical memory or swap space
#   Check if swap backing store is full
#   Decrease Java heap size (-Xmx/-Xms)
#   Decrease number of Java threads
#   Decrease Java thread stack sizes (-Xss)
#   Set larger code cache with -XX:ReservedCodeCacheSize=
#   JVM is running with Unscaled Compressed Oops mode in which the Java heap is
#     placed in the first 4GB address space. The Java Heap base address is the
#     maximum limit for the native heap growth. Please use -XX:HeapBaseMinAddress
#     to set the Java Heap base and to place the Java Heap above 4GB virtual address.
# This output file may be truncated or incomplete.
#
#  Out of Memory Error (./src/hotspot/share/memory/arena.cpp:197), pid=4488, tid=10280
#
# JRE version: OpenJDK Runtime Environment (11.0.10) (build 11.0.10+0-b96-7249189)
# Java VM: OpenJDK 64-Bit Server VM (11.0.10+0-b96-7249189, mixed mode, tiered, compressed oops, g1 gc, windows-amd64)
# No core dump will be written. Minidumps are not enabled by default on client versions of Windows
#

---------------  S U M M A R Y ------------

Command Line: --add-opens=java.base/java.util=ALL-UNNAMED --add-opens=java.base/java.lang=ALL-UNNAMED --add-opens=java.base/java.lang.invoke=ALL-UNNAMED --add-opens=java.base/java.util=ALL-UNNAMED --add-opens=java.prefs/java.util.prefs=ALL-UNNAMED --add-opens=java.prefs/java.util.prefs=ALL-UNNAMED --add-opens=java.base/java.nio.charset=ALL-UNNAMED --add-opens=java.base/java.net=ALL-UNNAMED --add-opens=java.base/java.util.concurrent.atomic=ALL-UNNAMED -Xmx2048m -Dfile.encoding=UTF-8 -Duser.country=NZ -Duser.language=en -Duser.variant org.gradle.launcher.daemon.bootstrap.GradleDaemon 7.0.2

Host: AMD Ryzen 3 3200G with Radeon Vega Graphics    , 4 cores, 15G,  Windows 10 , 64 bit Build 19041 (10.0.19041.1151)
Time: Mon Sep 13 19:26:15 2021 New Zealand Standard Time elapsed time: 47.849599 seconds (0d 0h 0m 47s)

---------------  T H R E A D  ---------------

Current thread (0x000001649b5b1000):  JavaThread "C2 CompilerThread0" daemon [_thread_in_native, id=10280, stack(0x0000001244200000,0x0000001244300000)]


Current CompileTask:
C2:  47849 15685       4       com.android.tools.r8.ir.regalloc.a::a (946 bytes)

Stack: [0x0000001244200000,0x0000001244300000]
Native frames: (J=compiled Java code, j=interpreted, Vv=VM code, C=native code)
V  [jvm.dll+0x5ecfaa]
V  [jvm.dll+0x722bd5]
V  [jvm.dll+0x72412d]
V  [jvm.dll+0x7247e3]
V  [jvm.dll+0x242928]
V  [jvm.dll+0xbc4fc]
V  [jvm.dll+0xbca0c]
V  [jvm.dll+0x2b4fd4]
V  [jvm.dll+0x506028]
V  [jvm.dll+0x203253]
V  [jvm.dll+0x1fd07c]
V  [jvm.dll+0x1fa77f]
V  [jvm.dll+0x18354c]
V  [jvm.dll+0x208ee7]
V  [jvm.dll+0x207731]
V  [jvm.dll+0x6eb1cf]
V  [jvm.dll+0x6e3d45]
V  [jvm.dll+0x5ebe96]
C  [ucrtbase.dll+0x21bb2]
C  [KERNEL32.DLL+0x17034]
C  [ntdll.dll+0x52651]


---------------  P R O C E S S  ---------------

Threads class SMR info:
_java_thread_list=0x00000164a6afa180, length=49, elements={
0x00000164ffc2d800, 0x000001649ad1f800, 0x000001649ad20800, 0x000001649b5aa800,
0x000001649b5ac000, 0x000001649b5ae000, 0x000001649b5b1000, 0x000001649b5b4800,
0x000001649b60c000, 0x000001649b721000, 0x000001649d07c000, 0x000001649cdbd800,
0x000001649d7ec800, 0x000001649cb43000, 0x000001649d902800, 0x000001649d902000,
0x000001649d6fb800, 0x000001649d64e800, 0x000001649cf9f800, 0x000001649d1d1000,
0x000001649d1cc000, 0x000001649d1cb000, 0x000001649d1ce800, 0x000001649d1d1800,
0x000001649d1cd800, 0x000001649d1cf000, 0x000001649d1cd000, 0x000001649d1d0000,
0x000001649e58e000, 0x000001649e58b800, 0x000001649e58e800, 0x000001649e58f800,
0x000001649e58c000, 0x000001649e589800, 0x000001649e590800, 0x000001649e58d000,
0x000001649e596000, 0x000001649e597000, 0x000001649e594800, 0x000001649e595000,
0x000001649e593800, 0x000001649e591000, 0x000001649e592000, 0x000001649e592800,
0x00000164a509d000, 0x00000164a509e000, 0x00000164a509f800, 0x00000164a50a0800,
0x00000164a5876800
}

Java Threads: ( => current thread )
  0x00000164ffc2d800 JavaThread "main" [_thread_blocked, id=1048, stack(0x0000001243600000,0x0000001243700000)]
  0x000001649ad1f800 JavaThread "Reference Handler" daemon [_thread_blocked, id=4000, stack(0x0000001243d00000,0x0000001243e00000)]
  0x000001649ad20800 JavaThread "Finalizer" daemon [_thread_blocked, id=11736, stack(0x0000001243e00000,0x0000001243f00000)]
  0x000001649b5aa800 JavaThread "Signal Dispatcher" daemon [_thread_blocked, id=12884, stack(0x0000001243f00000,0x0000001244000000)]
  0x000001649b5ac000 JavaThread "Attach Listener" daemon [_thread_blocked, id=7992, stack(0x0000001244000000,0x0000001244100000)]
  0x000001649b5ae000 JavaThread "Service Thread" daemon [_thread_blocked, id=7736, stack(0x0000001244100000,0x0000001244200000)]
=>0x000001649b5b1000 JavaThread "C2 CompilerThread0" daemon [_thread_in_native, id=10280, stack(0x0000001244200000,0x0000001244300000)]
  0x000001649b5b4800 JavaThread "C1 CompilerThread0" daemon [_thread_blocked, id=3432, stack(0x0000001244300000,0x0000001244400000)]
  0x000001649b60c000 JavaThread "Sweeper thread" daemon [_thread_blocked, id=4336, stack(0x0000001244400000,0x0000001244500000)]
  0x000001649b721000 JavaThread "Common-Cleaner" daemon [_thread_blocked, id=12484, stack(0x0000001244500000,0x0000001244600000)]
  0x000001649d07c000 JavaThread "Daemon health stats" [_thread_blocked, id=2352, stack(0x0000001244b00000,0x0000001244c00000)]
  0x000001649cdbd800 JavaThread "Incoming local TCP Connector on port 51937" [_thread_in_native, id=11904, stack(0x0000001244700000,0x0000001244800000)]
  0x000001649d7ec800 JavaThread "Daemon periodic checks" [_thread_blocked, id=9644, stack(0x0000001244c00000,0x0000001244d00000)]
  0x000001649cb43000 JavaThread "Daemon" [_thread_blocked, id=10440, stack(0x0000001244d00000,0x0000001244e00000)]
  0x000001649d902800 JavaThread "Handler for socket connection from /127.0.0.1:51937 to /127.0.0.1:51938" [_thread_in_native, id=9240, stack(0x0000001244e00000,0x0000001244f00000)]
  0x000001649d902000 JavaThread "Cancel handler" [_thread_blocked, id=2764, stack(0x0000001244f00000,0x0000001245000000)]
  0x000001649d6fb800 JavaThread "Daemon worker" [_thread_blocked, id=8880, stack(0x0000001245000000,0x0000001245100000)]
  0x000001649d64e800 JavaThread "Asynchronous log dispatcher for DefaultDaemonConnection: socket connection from /127.0.0.1:51937 to /127.0.0.1:51938" [_thread_blocked, id=9640, stack(0x0000001245100000,0x0000001245200000)]
  0x000001649cf9f800 JavaThread "Stdin handler" [_thread_blocked, id=496, stack(0x0000001245200000,0x0000001245300000)]
  0x000001649d1d1000 JavaThread "Daemon client event forwarder" [_thread_blocked, id=8996, stack(0x0000001245300000,0x0000001245400000)]
  0x000001649d1cc000 JavaThread "Cache worker for file hash cache (C:\Users\danie\.gradle\caches\7.0.2\fileHashes)" [_thread_blocked, id=11992, stack(0x0000001245400000,0x0000001245500000)]
  0x000001649d1cb000 JavaThread "File lock request listener" [_thread_in_native, id=2692, stack(0x0000001245500000,0x0000001245600000)]
  0x000001649d1ce800 JavaThread "Cache worker for journal cache (C:\Users\danie\.gradle\caches\journal-1)" [_thread_blocked, id=2780, stack(0x0000001245600000,0x0000001245700000)]
  0x000001649d1d1800 JavaThread "Cache worker for file hash cache (C:\Users\danie\AndroidStudioProjects\Choice\.gradle\7.0.2\fileHashes)" [_thread_blocked, id=11808, stack(0x0000001245800000,0x0000001245900000)]
  0x000001649d1cd800 JavaThread "File watcher server" daemon [_thread_in_native, id=2836, stack(0x0000001245900000,0x0000001245a00000)]
  0x000001649d1cf000 JavaThread "File watcher consumer" daemon [_thread_blocked, id=4576, stack(0x0000001245a00000,0x0000001245b00000)]
  0x000001649d1cd000 JavaThread "Cache worker for checksums cache (C:\Users\danie\AndroidStudioProjects\Choice\.gradle\checksums)" [_thread_blocked, id=9036, stack(0x0000001245b00000,0x0000001245c00000)]
  0x000001649d1d0000 JavaThread "Cache worker for cache directory md-supplier (C:\Users\danie\.gradle\caches\7.0.2\md-supplier)" [_thread_blocked, id=8712, stack(0x0000001245c00000,0x0000001245d00000)]
  0x000001649e58e000 JavaThread "Cache worker for cache directory md-rule (C:\Users\danie\.gradle\caches\7.0.2\md-rule)" [_thread_blocked, id=4112, stack(0x0000001245d00000,0x0000001245e00000)]
  0x000001649e58b800 JavaThread "Cache worker for execution history cache (C:\Users\danie\.gradle\caches\7.0.2\executionHistory)" [_thread_blocked, id=1760, stack(0x0000001245e00000,0x0000001245f00000)]
  0x000001649e58e800 JavaThread "jar transforms" [_thread_blocked, id=4008, stack(0x0000001245f00000,0x0000001246000000)]
  0x000001649e58f800 JavaThread "jar transforms Thread 2" [_thread_blocked, id=10700, stack(0x0000001246000000,0x0000001246100000)]
  0x000001649e58c000 JavaThread "Cache worker for file content cache (C:\Users\danie\.gradle\caches\7.0.2\fileContent)" [_thread_blocked, id=4656, stack(0x0000001246100000,0x0000001246200000)]
  0x000001649e589800 JavaThread "Cache worker for dependencies-accessors (C:\Users\danie\AndroidStudioProjects\Choice\.gradle\7.0.2\dependencies-accessors)" [_thread_blocked, id=10856, stack(0x0000001246200000,0x0000001246300000)]
  0x000001649e590800 JavaThread "jar transforms Thread 3" [_thread_blocked, id=6216, stack(0x0000001246300000,0x0000001246400000)]
  0x000001649e58d000 JavaThread "Cache worker for Build Output Cleanup Cache (C:\Users\danie\AndroidStudioProjects\Choice\.gradle\buildOutputCleanup)" [_thread_blocked, id=5124, stack(0x0000001246400000,0x0000001246500000)]
  0x000001649e596000 JavaThread "Build operations" [_thread_blocked, id=8408, stack(0x0000001246500000,0x0000001246600000)]
  0x000001649e597000 JavaThread "Build operations Thread 2" [_thread_in_Java, id=5660, stack(0x0000001246600000,0x0000001246700000)]
  0x000001649e594800 JavaThread "Build operations Thread 3" [_thread_in_Java, id=11520, stack(0x0000001246700000,0x0000001246800000)]
  0x000001649e595000 JavaThread "Build operations Thread 4" [_thread_blocked, id=5680, stack(0x0000001246800000,0x0000001246900000)]
  0x000001649e593800 JavaThread "jar transforms Thread 4" [_thread_blocked, id=8808, stack(0x0000001246900000,0x0000001246a00000)]
  0x000001649e591000 JavaThread "Memory manager" [_thread_blocked, id=9028, stack(0x0000001246a00000,0x0000001246b00000)]
  0x000001649e592000 JavaThread "build event listener" [_thread_blocked, id=6708, stack(0x0000001246b00000,0x0000001246c00000)]
  0x000001649e592800 JavaThread "Execution worker for ':'" [_thread_blocked, id=12756, stack(0x0000001246c00000,0x0000001246d00000)]
  0x00000164a509d000 JavaThread "Execution worker for ':' Thread 2" [_thread_blocked, id=6556, stack(0x0000001246d00000,0x0000001246e00000)]
  0x00000164a509e000 JavaThread "Execution worker for ':' Thread 3" [_thread_blocked, id=9388, stack(0x0000001246e00000,0x0000001246f00000)]
  0x00000164a509f800 JavaThread "Cache worker for execution history cache (C:\Users\danie\AndroidStudioProjects\Choice\.gradle\7.0.2\executionHistory)" [_thread_blocked, id=1984, stack(0x0000001246f00000,0x0000001247000000)]
  0x00000164a50a0800 JavaThread "WorkerExecutor Queue" [_thread_blocked, id=7872, stack(0x0000001245700000,0x0000001245800000)]
  0x00000164a5876800 JavaThread "C2 CompilerThread1" daemon [_thread_in_native, id=9620, stack(0x0000001247000000,0x0000001247100000)]

Other Threads:
  0x000001649b554800 VMThread "VM Thread" [stack: 0x0000001243c00000,0x0000001243d00000] [id=8912]
  0x000001649b753000 WatcherThread [stack: 0x0000001244600000,0x0000001244700000] [id=4332]
  0x00000164ffc47000 GCTaskThread "GC Thread#0" [stack: 0x0000001243700000,0x0000001243800000] [id=6924]
  0x000001649bf37800 GCTaskThread "GC Thread#1" [stack: 0x0000001244800000,0x0000001244900000] [id=6456]
  0x000001649bebf800 GCTaskThread "GC Thread#2" [stack: 0x0000001244900000,0x0000001244a00000] [id=8232]
  0x000001649bec0800 GCTaskThread "GC Thread#3" [stack: 0x0000001244a00000,0x0000001244b00000] [id=12316]
  0x00000164ffc76800 ConcurrentGCThread "G1 Main Marker" [stack: 0x0000001243800000,0x0000001243900000] [id=9104]
  0x00000164ffc77800 ConcurrentGCThread "G1 Conc#0" [stack: 0x0000001243900000,0x0000001243a00000] [id=5524]
  0x00000164ffd0d800 ConcurrentGCThread "G1 Refine#0" [stack: 0x0000001243a00000,0x0000001243b00000] [id=2760]
  0x00000164ffd0e800 ConcurrentGCThread "G1 Young RemSet Sampling" [stack: 0x0000001243b00000,0x0000001243c00000] [id=8576]

Threads with active compile tasks:
C2 CompilerThread0  47902 15685       4       com.android.tools.r8.ir.regalloc.a::a (946 bytes)
C2 CompilerThread1  47902 15762 %     4       com.android.tools.r8.internal.T6::a @ 1714 (4191 bytes)

VM state:not at safepoint (normal execution)

VM Mutex/Monitor currently owned by a thread: None

Heap address: 0x0000000080000000, size: 2048 MB, Compressed Oops mode: 32-bit
Narrow klass base: 0x0000000000000000, Narrow klass shift: 3
Compressed class space size: 1073741824 Address: 0x0000000100000000

Heap:
 garbage-first heap   total 262144K, used 136112K [0x0000000080000000, 0x0000000100000000)
  region size 1024K, 10 young (10240K), 6 survivors (6144K)
 Metaspace       used 102132K, capacity 104733K, committed 105080K, reserved 1140736K
  class space    used 13168K, capacity 14159K, committed 14284K, reserved 1048576K
Heap Regions: E=young(eden), S=young(survivor), O=old, HS=humongous(starts), HC=humongous(continues), CS=collection set, F=free, A=archive, TAMS=top-at-mark-start (previous, next)
|   0|0x0000000080000000, 0x0000000080100000, 0x0000000080100000|100%| O|  |TAMS 0x0000000080100000, 0x0000000080100000| Untracked 
|   1|0x0000000080100000, 0x0000000080200000, 0x0000000080200000|100%| O|  |TAMS 0x0000000080200000, 0x0000000080200000| Untracked 
|   2|0x0000000080200000, 0x0000000080300000, 0x0000000080300000|100%| O|  |TAMS 0x0000000080300000, 0x0000000080300000| Untracked 
|   3|0x0000000080300000, 0x0000000080400000, 0x0000000080400000|100%|HS|  |TAMS 0x0000000080400000, 0x0000000080400000| Complete 
|   4|0x0000000080400000, 0x0000000080500000, 0x0000000080500000|100%|HC|  |TAMS 0x0000000080500000, 0x0000000080500000| Complete 
|   5|0x0000000080500000, 0x0000000080600000, 0x0000000080600000|100%|HC|  |TAMS 0x0000000080600000, 0x0000000080600000| Complete 
|   6|0x0000000080600000, 0x0000000080700000, 0x0000000080700000|100%| O|  |TAMS 0x0000000080700000, 0x0000000080700000| Untracked 
|   7|0x0000000080700000, 0x0000000080800000, 0x0000000080800000|100%| O|  |TAMS 0x0000000080800000, 0x0000000080800000| Untracked 
|   8|0x0000000080800000, 0x0000000080900000, 0x0000000080900000|100%| O|  |TAMS 0x0000000080900000, 0x0000000080900000| Untracked 
|   9|0x0000000080900000, 0x0000000080a00000, 0x0000000080a00000|100%| O|  |TAMS 0x0000000080a00000, 0x0000000080a00000| Untracked 
|  10|0x0000000080a00000, 0x0000000080b00000, 0x0000000080b00000|100%| O|  |TAMS 0x0000000080b00000, 0x0000000080b00000| Untracked 
|  11|0x0000000080b00000, 0x0000000080c00000, 0x0000000080c00000|100%| O|  |TAMS 0x0000000080c00000, 0x0000000080c00000| Untracked 
|  12|0x0000000080c00000, 0x0000000080d00000, 0x0000000080d00000|100%| O|  |TAMS 0x0000000080d00000, 0x0000000080d00000| Untracked 
|  13|0x0000000080d00000, 0x0000000080e00000, 0x0000000080e00000|100%| O|  |TAMS 0x0000000080e00000, 0x0000000080e00000| Untracked 
|  14|0x0000000080e00000, 0x0000000080f00000, 0x0000000080f00000|100%| O|  |TAMS 0x0000000080f00000, 0x0000000080f00000| Untracked 
|  15|0x0000000080f00000, 0x0000000081000000, 0x0000000081000000|100%| O|  |TAMS 0x0000000081000000, 0x0000000081000000| Untracked 
|  16|0x0000000081000000, 0x0000000081100000, 0x0000000081100000|100%|HS|  |TAMS 0x0000000081100000, 0x0000000081100000| Complete 
|  17|0x0000000081100000, 0x0000000081200000, 0x0000000081200000|100%|HS|  |TAMS 0x0000000081200000, 0x0000000081200000| Complete 
|  18|0x0000000081200000, 0x0000000081300000, 0x0000000081300000|100%|HS|  |TAMS 0x0000000081300000, 0x0000000081300000| Complete 
|  19|0x0000000081300000, 0x0000000081400000, 0x0000000081400000|100%|HS|  |TAMS 0x0000000081400000, 0x0000000081400000| Complete 
|  20|0x0000000081400000, 0x0000000081500000, 0x0000000081500000|100%|HC|  |TAMS 0x0000000081500000, 0x0000000081500000| Complete 
|  21|0x0000000081500000, 0x0000000081600000, 0x0000000081600000|100%|HC|  |TAMS 0x0000000081600000, 0x0000000081600000| Complete 
|  22|0x0000000081600000, 0x0000000081700000, 0x0000000081700000|100%|HS|  |TAMS 0x0000000081700000, 0x0000000081700000| Complete 
|  23|0x0000000081700000, 0x0000000081800000, 0x0000000081800000|100%|HC|  |TAMS 0x0000000081800000, 0x0000000081800000| Complete 
|  24|0x0000000081800000, 0x0000000081900000, 0x0000000081900000|100%| O|  |TAMS 0x0000000081900000, 0x0000000081900000| Untracked 
|  25|0x0000000081900000, 0x0000000081a00000, 0x0000000081a00000|100%| O|  |TAMS 0x0000000081a00000, 0x0000000081a00000| Untracked 
|  26|0x0000000081a00000, 0x0000000081b00000, 0x0000000081b00000|100%| O|  |TAMS 0x0000000081b00000, 0x0000000081b00000| Untracked 
|  27|0x0000000081b00000, 0x0000000081c00000, 0x0000000081c00000|100%| O|  |TAMS 0x0000000081c00000, 0x0000000081c00000| Untracked 
|  28|0x0000000081c00000, 0x0000000081d00000, 0x0000000081d00000|100%| O|  |TAMS 0x0000000081d00000, 0x0000000081d00000| Untracked 
|  29|0x0000000081d00000, 0x0000000081e00000, 0x0000000081e00000|100%| O|  |TAMS 0x0000000081e00000, 0x0000000081e00000| Untracked 
|  30|0x0000000081e00000, 0x0000000081f00000, 0x0000000081f00000|100%| O|  |TAMS 0x0000000081f00000, 0x0000000081f00000| Untracked 
|  31|0x0000000081f00000, 0x0000000082000000, 0x0000000082000000|100%| O|  |TAMS 0x0000000082000000, 0x0000000082000000| Untracked 
|  32|0x0000000082000000, 0x0000000082100000, 0x0000000082100000|100%| O|  |TAMS 0x0000000082100000, 0x0000000082100000| Untracked 
|  33|0x0000000082100000, 0x0000000082200000, 0x0000000082200000|100%| O|  |TAMS 0x0000000082200000, 0x0000000082200000| Untracked 
|  34|0x0000000082200000, 0x0000000082300000, 0x0000000082300000|100%| O|  |TAMS 0x0000000082300000, 0x0000000082300000| Untracked 
|  35|0x0000000082300000, 0x0000000082400000, 0x0000000082400000|100%| O|  |TAMS 0x0000000082400000, 0x0000000082400000| Untracked 
|  36|0x0000000082400000, 0x0000000082500000, 0x0000000082500000|100%| O|  |TAMS 0x0000000082500000, 0x0000000082500000| Untracked 
|  37|0x0000000082500000, 0x0000000082600000, 0x0000000082600000|100%| O|  |TAMS 0x0000000082600000, 0x0000000082600000| Untracked 
|  38|0x0000000082600000, 0x0000000082700000, 0x0000000082700000|100%| O|  |TAMS 0x0000000082700000, 0x0000000082700000| Untracked 
|  39|0x0000000082700000, 0x0000000082800000, 0x0000000082800000|100%| O|  |TAMS 0x0000000082800000, 0x0000000082800000| Untracked 
|  40|0x0000000082800000, 0x0000000082900000, 0x0000000082900000|100%| O|  |TAMS 0x0000000082900000, 0x0000000082900000| Untracked 
|  41|0x0000000082900000, 0x0000000082a00000, 0x0000000082a00000|100%| O|  |TAMS 0x0000000082a00000, 0x0000000082a00000| Untracked 
|  42|0x0000000082a00000, 0x0000000082b00000, 0x0000000082b00000|100%| O|  |TAMS 0x0000000082b00000, 0x0000000082b00000| Untracked 
|  43|0x0000000082b00000, 0x0000000082c00000, 0x0000000082c00000|100%| O|  |TAMS 0x0000000082c00000, 0x0000000082c00000| Untracked 
|  44|0x0000000082c00000, 0x0000000082d00000, 0x0000000082d00000|100%| O|  |TAMS 0x0000000082d00000, 0x0000000082d00000| Untracked 
|  45|0x0000000082d00000, 0x0000000082e00000, 0x0000000082e00000|100%| O|  |TAMS 0x0000000082e00000, 0x0000000082e00000| Untracked 
|  46|0x0000000082e00000, 0x0000000082f00000, 0x0000000082f00000|100%| O|  |TAMS 0x0000000082f00000, 0x0000000082f00000| Untracked 
|  47|0x0000000082f00000, 0x0000000083000000, 0x0000000083000000|100%| O|  |TAMS 0x0000000083000000, 0x0000000083000000| Untracked 
|  48|0x0000000083000000, 0x0000000083100000, 0x0000000083100000|100%| O|  |TAMS 0x0000000083100000, 0x0000000083100000| Untracked 
|  49|0x0000000083100000, 0x0000000083200000, 0x0000000083200000|100%| O|  |TAMS 0x0000000083200000, 0x0000000083200000| Untracked 
|  50|0x0000000083200000, 0x0000000083300000, 0x0000000083300000|100%| O|  |TAMS 0x0000000083300000, 0x0000000083300000| Untracked 
|  51|0x0000000083300000, 0x0000000083400000, 0x0000000083400000|100%| O|  |TAMS 0x0000000083400000, 0x0000000083400000| Untracked 
|  52|0x0000000083400000, 0x0000000083500000, 0x0000000083500000|100%| O|  |TAMS 0x0000000083500000, 0x0000000083500000| Untracked 
|  53|0x0000000083500000, 0x0000000083600000, 0x0000000083600000|100%| O|  |TAMS 0x0000000083600000, 0x0000000083600000| Untracked 
|  54|0x0000000083600000, 0x0000000083700000, 0x0000000083700000|100%| O|  |TAMS 0x0000000083700000, 0x0000000083700000| Untracked 
|  55|0x0000000083700000, 0x0000000083800000, 0x0000000083800000|100%| O|  |TAMS 0x0000000083800000, 0x0000000083800000| Untracked 
|  56|0x0000000083800000, 0x0000000083900000, 0x0000000083900000|100%| O|  |TAMS 0x0000000083900000, 0x0000000083900000| Untracked 
|  57|0x0000000083900000, 0x0000000083a00000, 0x0000000083a00000|100%| O|  |TAMS 0x0000000083a00000, 0x0000000083a00000| Untracked 
|  58|0x0000000083a00000, 0x0000000083b00000, 0x0000000083b00000|100%| O|  |TAMS 0x0000000083b00000, 0x0000000083b00000| Untracked 
|  59|0x0000000083b00000, 0x0000000083c00000, 0x0000000083c00000|100%| O|  |TAMS 0x0000000083c00000, 0x0000000083c00000| Untracked 
|  60|0x0000000083c00000, 0x0000000083d00000, 0x0000000083d00000|100%| O|  |TAMS 0x0000000083d00000, 0x0000000083d00000| Untracked 
|  61|0x0000000083d00000, 0x0000000083e00000, 0x0000000083e00000|100%| O|  |TAMS 0x0000000083e00000, 0x0000000083e00000| Untracked 
|  62|0x0000000083e00000, 0x0000000083f00000, 0x0000000083f00000|100%| O|  |TAMS 0x0000000083f00000, 0x0000000083f00000| Untracked 
|  63|0x0000000083f00000, 0x0000000084000000, 0x0000000084000000|100%| O|  |TAMS 0x0000000084000000, 0x0000000084000000| Untracked 
|  64|0x0000000084000000, 0x0000000084100000, 0x0000000084100000|100%| O|  |TAMS 0x0000000084100000, 0x0000000084100000| Untracked 
|  65|0x0000000084100000, 0x0000000084200000, 0x0000000084200000|100%| O|  |TAMS 0x0000000084200000, 0x0000000084200000| Untracked 
|  66|0x0000000084200000, 0x0000000084300000, 0x0000000084300000|100%| O|  |TAMS 0x0000000084300000, 0x0000000084300000| Untracked 
|  67|0x0000000084300000, 0x0000000084400000, 0x0000000084400000|100%| O|  |TAMS 0x0000000084400000, 0x0000000084400000| Untracked 
|  68|0x0000000084400000, 0x0000000084500000, 0x0000000084500000|100%| O|  |TAMS 0x0000000084500000, 0x0000000084500000| Untracked 
|  69|0x0000000084500000, 0x0000000084600000, 0x0000000084600000|100%| O|  |TAMS 0x0000000084600000, 0x0000000084600000| Untracked 
|  70|0x0000000084600000, 0x0000000084700000, 0x0000000084700000|100%| O|  |TAMS 0x0000000084700000, 0x0000000084700000| Untracked 
|  71|0x0000000084700000, 0x0000000084800000, 0x0000000084800000|100%| O|  |TAMS 0x0000000084800000, 0x0000000084800000| Untracked 
|  72|0x0000000084800000, 0x0000000084900000, 0x0000000084900000|100%| O|  |TAMS 0x0000000084900000, 0x0000000084900000| Untracked 
|  73|0x0000000084900000, 0x0000000084a00000, 0x0000000084a00000|100%| O|  |TAMS 0x0000000084a00000, 0x0000000084a00000| Untracked 
|  74|0x0000000084a00000, 0x0000000084b00000, 0x0000000084b00000|100%| O|  |TAMS 0x0000000084b00000, 0x0000000084b00000| Untracked 
|  75|0x0000000084b00000, 0x0000000084c00000, 0x0000000084c00000|100%| O|  |TAMS 0x0000000084c00000, 0x0000000084c00000| Untracked 
|  76|0x0000000084c00000, 0x0000000084d00000, 0x0000000084d00000|100%| O|  |TAMS 0x0000000084d00000, 0x0000000084d00000| Untracked 
|  77|0x0000000084d00000, 0x0000000084e00000, 0x0000000084e00000|100%| O|  |TAMS 0x0000000084e00000, 0x0000000084e00000| Untracked 
|  78|0x0000000084e00000, 0x0000000084f00000, 0x0000000084f00000|100%| O|  |TAMS 0x0000000084f00000, 0x0000000084f00000| Untracked 
|  79|0x0000000084f00000, 0x0000000085000000, 0x0000000085000000|100%| O|  |TAMS 0x0000000085000000, 0x0000000085000000| Untracked 
|  80|0x0000000085000000, 0x0000000085100000, 0x0000000085100000|100%| O|  |TAMS 0x0000000085100000, 0x0000000085100000| Untracked 
|  81|0x0000000085100000, 0x0000000085200000, 0x0000000085200000|100%| O|  |TAMS 0x0000000085200000, 0x0000000085200000| Untracked 
|  82|0x0000000085200000, 0x0000000085300000, 0x0000000085300000|100%| O|  |TAMS 0x0000000085300000, 0x0000000085300000| Untracked 
|  83|0x0000000085300000, 0x0000000085400000, 0x0000000085400000|100%| O|  |TAMS 0x0000000085400000, 0x0000000085400000| Untracked 
|  84|0x0000000085400000, 0x0000000085500000, 0x0000000085500000|100%| O|  |TAMS 0x0000000085500000, 0x0000000085500000| Untracked 
|  85|0x0000000085500000, 0x0000000085600000, 0x0000000085600000|100%| O|  |TAMS 0x0000000085600000, 0x0000000085600000| Untracked 
|  86|0x0000000085600000, 0x0000000085700000, 0x0000000085700000|100%| O|  |TAMS 0x0000000085700000, 0x0000000085700000| Untracked 
|  87|0x0000000085700000, 0x0000000085800000, 0x0000000085800000|100%| O|  |TAMS 0x0000000085800000, 0x0000000085800000| Untracked 
|  88|0x0000000085800000, 0x0000000085900000, 0x0000000085900000|100%| O|  |TAMS 0x0000000085900000, 0x0000000085900000| Untracked 
|  89|0x0000000085900000, 0x0000000085a00000, 0x0000000085a00000|100%| O|  |TAMS 0x0000000085a00000, 0x0000000085a00000| Untracked 
|  90|0x0000000085a00000, 0x0000000085b00000, 0x0000000085b00000|100%| O|  |TAMS 0x0000000085b00000, 0x0000000085b00000| Untracked 
|  91|0x0000000085b00000, 0x0000000085c00000, 0x0000000085c00000|100%| O|  |TAMS 0x0000000085c00000, 0x0000000085c00000| Untracked 
|  92|0x0000000085c00000, 0x0000000085d00000, 0x0000000085d00000|100%| O|  |TAMS 0x0000000085d00000, 0x0000000085d00000| Untracked 
|  93|0x0000000085d00000, 0x0000000085e00000, 0x0000000085e00000|100%| O|  |TAMS 0x0000000085e00000, 0x0000000085e00000| Untracked 
|  94|0x0000000085e00000, 0x0000000085f00000, 0x0000000085f00000|100%| O|  |TAMS 0x0000000085f00000, 0x0000000085f00000| Untracked 
|  95|0x0000000085f00000, 0x0000000086000000, 0x0000000086000000|100%| O|  |TAMS 0x0000000086000000, 0x0000000086000000| Untracked 
|  96|0x0000000086000000, 0x0000000086100000, 0x0000000086100000|100%| O|  |TAMS 0x0000000086100000, 0x0000000086100000| Untracked 
|  97|0x0000000086100000, 0x0000000086200000, 0x0000000086200000|100%| O|  |TAMS 0x0000000086200000, 0x0000000086200000| Untracked 
|  98|0x0000000086200000, 0x0000000086300000, 0x0000000086300000|100%| O|  |TAMS 0x0000000086300000, 0x0000000086300000| Untracked 
|  99|0x0000000086300000, 0x0000000086400000, 0x0000000086400000|100%| O|  |TAMS 0x0000000086400000, 0x0000000086400000| Untracked 
| 100|0x0000000086400000, 0x0000000086500000, 0x0000000086500000|100%| O|  |TAMS 0x0000000086500000, 0x0000000086500000| Untracked 
| 101|0x0000000086500000, 0x0000000086600000, 0x0000000086600000|100%| O|  |TAMS 0x0000000086600000, 0x0000000086600000| Untracked 
| 102|0x0000000086600000, 0x0000000086700000, 0x0000000086700000|100%| O|  |TAMS 0x0000000086700000, 0x0000000086700000| Untracked 
| 103|0x0000000086700000, 0x0000000086800000, 0x0000000086800000|100%| O|  |TAMS 0x0000000086800000, 0x0000000086800000| Untracked 
| 104|0x0000000086800000, 0x0000000086900000, 0x0000000086900000|100%| O|  |TAMS 0x0000000086900000, 0x0000000086900000| Untracked 
| 105|0x0000000086900000, 0x0000000086a00000, 0x0000000086a00000|100%| O|  |TAMS 0x0000000086a00000, 0x0000000086a00000| Untracked 
| 106|0x0000000086a00000, 0x0000000086b00000, 0x0000000086b00000|100%| O|  |TAMS 0x0000000086b00000, 0x0000000086b00000| Untracked 
| 107|0x0000000086b00000, 0x0000000086c00000, 0x0000000086c00000|100%| O|  |TAMS 0x0000000086c00000, 0x0000000086c00000| Untracked 
| 108|0x0000000086c00000, 0x0000000086d00000, 0x0000000086d00000|100%| O|  |TAMS 0x0000000086d00000, 0x0000000086d00000| Untracked 
| 109|0x0000000086d00000, 0x0000000086e00000, 0x0000000086e00000|100%| O|  |TAMS 0x0000000086e00000, 0x0000000086e00000| Untracked 
| 110|0x0000000086e00000, 0x0000000086f00000, 0x0000000086f00000|100%| O|  |TAMS 0x0000000086f00000, 0x0000000086f00000| Untracked 
| 111|0x0000000086f00000, 0x0000000087000000, 0x0000000087000000|100%| O|  |TAMS 0x0000000087000000, 0x0000000087000000| Untracked 
| 112|0x0000000087000000, 0x0000000087100000, 0x0000000087100000|100%| O|  |TAMS 0x0000000087100000, 0x0000000087100000| Untracked 
| 113|0x0000000087100000, 0x0000000087200000, 0x0000000087200000|100%| O|  |TAMS 0x0000000087200000, 0x0000000087200000| Untracked 
| 114|0x0000000087200000, 0x0000000087300000, 0x0000000087300000|100%| O|  |TAMS 0x0000000087300000, 0x0000000087300000| Untracked 
| 115|0x0000000087300000, 0x0000000087400000, 0x0000000087400000|100%| O|  |TAMS 0x0000000087400000, 0x0000000087400000| Untracked 
| 116|0x0000000087400000, 0x0000000087500000, 0x0000000087500000|100%| O|  |TAMS 0x0000000087500000, 0x0000000087500000| Untracked 
| 117|0x0000000087500000, 0x0000000087600000, 0x0000000087600000|100%| O|  |TAMS 0x0000000087600000, 0x0000000087600000| Untracked 
| 118|0x0000000087600000, 0x0000000087700000, 0x0000000087700000|100%| O|  |TAMS 0x0000000087700000, 0x0000000087700000| Untracked 
| 119|0x0000000087700000, 0x0000000087800000, 0x0000000087800000|100%| O|  |TAMS 0x0000000087800000, 0x0000000087800000| Untracked 
| 120|0x0000000087800000, 0x0000000087900000, 0x0000000087900000|100%| O|  |TAMS 0x0000000087900000, 0x0000000087900000| Untracked 
| 121|0x0000000087900000, 0x0000000087a00000, 0x0000000087a00000|100%| O|  |TAMS 0x0000000087a00000, 0x0000000087a00000| Untracked 
| 122|0x0000000087a00000, 0x0000000087b00000, 0x0000000087b00000|100%| O|  |TAMS 0x0000000087b00000, 0x0000000087b00000| Untracked 
| 123|0x0000000087b00000, 0x0000000087bec200, 0x0000000087c00000| 92%| O|  |TAMS 0x0000000087bec200, 0x0000000087bec200| Untracked 
| 124|0x0000000087c00000, 0x0000000087c00000, 0x0000000087d00000|  0%| F|  |TAMS 0x0000000087c00000, 0x0000000087c00000| Untracked 
| 125|0x0000000087d00000, 0x0000000087d00000, 0x0000000087e00000|  0%| F|  |TAMS 0x0000000087d00000, 0x0000000087d00000| Untracked 
| 126|0x0000000087e00000, 0x0000000087e00000, 0x0000000087f00000|  0%| F|  |TAMS 0x0000000087e00000, 0x0000000087e00000| Untracked 
| 127|0x0000000087f00000, 0x0000000087f00000, 0x0000000088000000|  0%| F|  |TAMS 0x0000000087f00000, 0x0000000087f00000| Untracked 
| 128|0x0000000088000000, 0x0000000088000000, 0x0000000088100000|  0%| F|  |TAMS 0x0000000088000000, 0x0000000088000000| Untracked 
| 129|0x0000000088100000, 0x0000000088100000, 0x0000000088200000|  0%| F|  |TAMS 0x0000000088100000, 0x0000000088100000| Untracked 
| 130|0x0000000088200000, 0x0000000088200000, 0x0000000088300000|  0%| F|  |TAMS 0x0000000088200000, 0x0000000088200000| Untracked 
| 131|0x0000000088300000, 0x0000000088300000, 0x0000000088400000|  0%| F|  |TAMS 0x0000000088300000, 0x0000000088300000| Untracked 
| 132|0x0000000088400000, 0x0000000088400000, 0x0000000088500000|  0%| F|  |TAMS 0x0000000088400000, 0x0000000088400000| Untracked 
| 133|0x0000000088500000, 0x0000000088500000, 0x0000000088600000|  0%| F|  |TAMS 0x0000000088500000, 0x0000000088500000| Untracked 
| 134|0x0000000088600000, 0x0000000088600000, 0x0000000088700000|  0%| F|  |TAMS 0x0000000088600000, 0x0000000088600000| Untracked 
| 135|0x0000000088700000, 0x0000000088700000, 0x0000000088800000|  0%| F|  |TAMS 0x0000000088700000, 0x0000000088700000| Untracked 
| 136|0x0000000088800000, 0x0000000088800000, 0x0000000088900000|  0%| F|  |TAMS 0x0000000088800000, 0x0000000088800000| Untracked 
| 137|0x0000000088900000, 0x0000000088900000, 0x0000000088a00000|  0%| F|  |TAMS 0x0000000088900000, 0x0000000088900000| Untracked 
| 138|0x0000000088a00000, 0x0000000088a00000, 0x0000000088b00000|  0%| F|  |TAMS 0x0000000088a00000, 0x0000000088a00000| Untracked 
| 139|0x0000000088b00000, 0x0000000088b00000, 0x0000000088c00000|  0%| F|  |TAMS 0x0000000088b00000, 0x0000000088b00000| Untracked 
| 140|0x0000000088c00000, 0x0000000088c00000, 0x0000000088d00000|  0%| F|  |TAMS 0x0000000088c00000, 0x0000000088c00000| Untracked 
| 141|0x0000000088d00000, 0x0000000088d00000, 0x0000000088e00000|  0%| F|  |TAMS 0x0000000088d00000, 0x0000000088d00000| Untracked 
| 142|0x0000000088e00000, 0x0000000088e00000, 0x0000000088f00000|  0%| F|  |TAMS 0x0000000088e00000, 0x0000000088e00000| Untracked 
| 143|0x0000000088f00000, 0x0000000088f00000, 0x0000000089000000|  0%| F|  |TAMS 0x0000000088f00000, 0x0000000088f00000| Untracked 
| 144|0x0000000089000000, 0x0000000089000000, 0x0000000089100000|  0%| F|  |TAMS 0x0000000089000000, 0x0000000089000000| Untracked 
| 145|0x0000000089100000, 0x0000000089100000, 0x0000000089200000|  0%| F|  |TAMS 0x0000000089100000, 0x0000000089100000| Untracked 
| 146|0x0000000089200000, 0x0000000089200000, 0x0000000089300000|  0%| F|  |TAMS 0x0000000089200000, 0x0000000089200000| Untracked 
| 147|0x0000000089300000, 0x0000000089300000, 0x0000000089400000|  0%| F|  |TAMS 0x0000000089300000, 0x0000000089300000| Untracked 
| 148|0x0000000089400000, 0x0000000089400000, 0x0000000089500000|  0%| F|  |TAMS 0x0000000089400000, 0x0000000089400000| Untracked 
| 149|0x0000000089500000, 0x0000000089500000, 0x0000000089600000|  0%| F|  |TAMS 0x0000000089500000, 0x0000000089500000| Untracked 
| 150|0x0000000089600000, 0x0000000089600000, 0x0000000089700000|  0%| F|  |TAMS 0x0000000089600000, 0x0000000089600000| Untracked 
| 151|0x0000000089700000, 0x0000000089700000, 0x0000000089800000|  0%| F|  |TAMS 0x0000000089700000, 0x0000000089700000| Untracked 
| 152|0x0000000089800000, 0x0000000089900000, 0x0000000089900000|100%| S|CS|TAMS 0x0000000089800000, 0x0000000089800000| Complete 
| 153|0x0000000089900000, 0x0000000089900000, 0x0000000089a00000|  0%| F|  |TAMS 0x0000000089900000, 0x0000000089900000| Untracked 
| 154|0x0000000089a00000, 0x0000000089b00000, 0x0000000089b00000|100%| S|CS|TAMS 0x0000000089a00000, 0x0000000089a00000| Complete 
| 155|0x0000000089b00000, 0x0000000089c00000, 0x0000000089c00000|100%| S|CS|TAMS 0x0000000089b00000, 0x0000000089b00000| Complete 
| 156|0x0000000089c00000, 0x0000000089c00000, 0x0000000089d00000|  0%| F|  |TAMS 0x0000000089c00000, 0x0000000089c00000| Untracked 
| 157|0x0000000089d00000, 0x0000000089d00000, 0x0000000089e00000|  0%| F|  |TAMS 0x0000000089d00000, 0x0000000089d00000| Untracked 
| 158|0x0000000089e00000, 0x0000000089f00000, 0x0000000089f00000|100%| S|CS|TAMS 0x0000000089e00000, 0x0000000089e00000| Complete 
| 159|0x0000000089f00000, 0x0000000089f00000, 0x000000008a000000|  0%| F|  |TAMS 0x0000000089f00000, 0x0000000089f00000| Untracked 
| 160|0x000000008a000000, 0x000000008a000000, 0x000000008a100000|  0%| F|  |TAMS 0x000000008a000000, 0x000000008a000000| Untracked 
| 161|0x000000008a100000, 0x000000008a100000, 0x000000008a200000|  0%| F|  |TAMS 0x000000008a100000, 0x000000008a100000| Untracked 
| 162|0x000000008a200000, 0x000000008a300000, 0x000000008a300000|100%| S|CS|TAMS 0x000000008a200000, 0x000000008a200000| Complete 
| 163|0x000000008a300000, 0x000000008a400000, 0x000000008a400000|100%| S|CS|TAMS 0x000000008a300000, 0x000000008a300000| Complete 
| 164|0x000000008a400000, 0x000000008a400000, 0x000000008a500000|  0%| F|  |TAMS 0x000000008a400000, 0x000000008a400000| Untracked 
| 165|0x000000008a500000, 0x000000008a500000, 0x000000008a600000|  0%| F|  |TAMS 0x000000008a500000, 0x000000008a500000| Untracked 
| 166|0x000000008a600000, 0x000000008a600000, 0x000000008a700000|  0%| F|  |TAMS 0x000000008a600000, 0x000000008a600000| Untracked 
| 167|0x000000008a700000, 0x000000008a700000, 0x000000008a800000|  0%| F|  |TAMS 0x000000008a700000, 0x000000008a700000| Untracked 
| 168|0x000000008a800000, 0x000000008a800000, 0x000000008a900000|  0%| F|  |TAMS 0x000000008a800000, 0x000000008a800000| Untracked 
| 169|0x000000008a900000, 0x000000008a900000, 0x000000008aa00000|  0%| F|  |TAMS 0x000000008a900000, 0x000000008a900000| Untracked 
| 170|0x000000008aa00000, 0x000000008aa00000, 0x000000008ab00000|  0%| F|  |TAMS 0x000000008aa00000, 0x000000008aa00000| Untracked 
| 171|0x000000008ab00000, 0x000000008ab00000, 0x000000008ac00000|  0%| F|  |TAMS 0x000000008ab00000, 0x000000008ab00000| Untracked 
| 172|0x000000008ac00000, 0x000000008ac00000, 0x000000008ad00000|  0%| F|  |TAMS 0x000000008ac00000, 0x000000008ac00000| Untracked 
| 173|0x000000008ad00000, 0x000000008ad00000, 0x000000008ae00000|  0%| F|  |TAMS 0x000000008ad00000, 0x000000008ad00000| Untracked 
| 174|0x000000008ae00000, 0x000000008ae00000, 0x000000008af00000|  0%| F|  |TAMS 0x000000008ae00000, 0x000000008ae00000| Untracked 
| 175|0x000000008af00000, 0x000000008af00000, 0x000000008b000000|  0%| F|  |TAMS 0x000000008af00000, 0x000000008af00000| Untracked 
| 176|0x000000008b000000, 0x000000008b000000, 0x000000008b100000|  0%| F|  |TAMS 0x000000008b000000, 0x000000008b000000| Untracked 
| 177|0x000000008b100000, 0x000000008b100000, 0x000000008b200000|  0%| F|  |TAMS 0x000000008b100000, 0x000000008b100000| Untracked 
| 178|0x000000008b200000, 0x000000008b200000, 0x000000008b300000|  0%| F|  |TAMS 0x000000008b200000, 0x000000008b200000| Untracked 
| 179|0x000000008b300000, 0x000000008b300000, 0x000000008b400000|  0%| F|  |TAMS 0x000000008b300000, 0x000000008b300000| Untracked 
| 180|0x000000008b400000, 0x000000008b400000, 0x000000008b500000|  0%| F|  |TAMS 0x000000008b400000, 0x000000008b400000| Untracked 
| 181|0x000000008b500000, 0x000000008b500000, 0x000000008b600000|  0%| F|  |TAMS 0x000000008b500000, 0x000000008b500000| Untracked 
| 182|0x000000008b600000, 0x000000008b600000, 0x000000008b700000|  0%| F|  |TAMS 0x000000008b600000, 0x000000008b600000| Untracked 
| 183|0x000000008b700000, 0x000000008b700000, 0x000000008b800000|  0%| F|  |TAMS 0x000000008b700000, 0x000000008b700000| Untracked 
| 184|0x000000008b800000, 0x000000008b800000, 0x000000008b900000|  0%| F|  |TAMS 0x000000008b800000, 0x000000008b800000| Untracked 
| 185|0x000000008b900000, 0x000000008b900000, 0x000000008ba00000|  0%| F|  |TAMS 0x000000008b900000, 0x000000008b900000| Untracked 
| 186|0x000000008ba00000, 0x000000008ba00000, 0x000000008bb00000|  0%| F|  |TAMS 0x000000008ba00000, 0x000000008ba00000| Untracked 
| 187|0x000000008bb00000, 0x000000008bb00000, 0x000000008bc00000|  0%| F|  |TAMS 0x000000008bb00000, 0x000000008bb00000| Untracked 
| 188|0x000000008bc00000, 0x000000008bc00000, 0x000000008bd00000|  0%| F|  |TAMS 0x000000008bc00000, 0x000000008bc00000| Untracked 
| 189|0x000000008bd00000, 0x000000008bd00000, 0x000000008be00000|  0%| F|  |TAMS 0x000000008bd00000, 0x000000008bd00000| Untracked 
| 190|0x000000008be00000, 0x000000008be00000, 0x000000008bf00000|  0%| F|  |TAMS 0x000000008be00000, 0x000000008be00000| Untracked 
| 191|0x000000008bf00000, 0x000000008bf00000, 0x000000008c000000|  0%| F|  |TAMS 0x000000008bf00000, 0x000000008bf00000| Untracked 
| 192|0x000000008c000000, 0x000000008c000000, 0x000000008c100000|  0%| F|  |TAMS 0x000000008c000000, 0x000000008c000000| Untracked 
| 193|0x000000008c100000, 0x000000008c100000, 0x000000008c200000|  0%| F|  |TAMS 0x000000008c100000, 0x000000008c100000| Untracked 
| 194|0x000000008c200000, 0x000000008c200000, 0x000000008c300000|  0%| F|  |TAMS 0x000000008c200000, 0x000000008c200000| Untracked 
| 195|0x000000008c300000, 0x000000008c300000, 0x000000008c400000|  0%| F|  |TAMS 0x000000008c300000, 0x000000008c300000| Untracked 
| 196|0x000000008c400000, 0x000000008c400000, 0x000000008c500000|  0%| F|  |TAMS 0x000000008c400000, 0x000000008c400000| Untracked 
| 197|0x000000008c500000, 0x000000008c500000, 0x000000008c600000|  0%| F|  |TAMS 0x000000008c500000, 0x000000008c500000| Untracked 
| 198|0x000000008c600000, 0x000000008c600000, 0x000000008c700000|  0%| F|  |TAMS 0x000000008c600000, 0x000000008c600000| Untracked 
| 199|0x000000008c700000, 0x000000008c700000, 0x000000008c800000|  0%| F|  |TAMS 0x000000008c700000, 0x000000008c700000| Untracked 
| 200|0x000000008c800000, 0x000000008c800000, 0x000000008c900000|  0%| F|  |TAMS 0x000000008c800000, 0x000000008c800000| Untracked 
| 201|0x000000008c900000, 0x000000008c900000, 0x000000008ca00000|  0%| F|  |TAMS 0x000000008c900000, 0x000000008c900000| Untracked 
| 202|0x000000008ca00000, 0x000000008ca00000, 0x000000008cb00000|  0%| F|  |TAMS 0x000000008ca00000, 0x000000008ca00000| Untracked 
| 203|0x000000008cb00000, 0x000000008cb00000, 0x000000008cc00000|  0%| F|  |TAMS 0x000000008cb00000, 0x000000008cb00000| Untracked 
| 204|0x000000008cc00000, 0x000000008cc00000, 0x000000008cd00000|  0%| F|  |TAMS 0x000000008cc00000, 0x000000008cc00000| Untracked 
| 205|0x000000008cd00000, 0x000000008cd00000, 0x000000008ce00000|  0%| F|  |TAMS 0x000000008cd00000, 0x000000008cd00000| Untracked 
| 206|0x000000008ce00000, 0x000000008ce00000, 0x000000008cf00000|  0%| F|  |TAMS 0x000000008ce00000, 0x000000008ce00000| Untracked 
| 207|0x000000008cf00000, 0x000000008cf00000, 0x000000008d000000|  0%| F|  |TAMS 0x000000008cf00000, 0x000000008cf00000| Untracked 
| 208|0x000000008d000000, 0x000000008d000000, 0x000000008d100000|  0%| F|  |TAMS 0x000000008d000000, 0x000000008d000000| Untracked 
| 209|0x000000008d100000, 0x000000008d100000, 0x000000008d200000|  0%| F|  |TAMS 0x000000008d100000, 0x000000008d100000| Untracked 
| 210|0x000000008d200000, 0x000000008d200000, 0x000000008d300000|  0%| F|  |TAMS 0x000000008d200000, 0x000000008d200000| Untracked 
| 211|0x000000008d300000, 0x000000008d300000, 0x000000008d400000|  0%| F|  |TAMS 0x000000008d300000, 0x000000008d300000| Untracked 
| 212|0x000000008d400000, 0x000000008d400000, 0x000000008d500000|  0%| F|  |TAMS 0x000000008d400000, 0x000000008d400000| Untracked 
| 213|0x000000008d500000, 0x000000008d500000, 0x000000008d600000|  0%| F|  |TAMS 0x000000008d500000, 0x000000008d500000| Untracked 
| 214|0x000000008d600000, 0x000000008d600000, 0x000000008d700000|  0%| F|  |TAMS 0x000000008d600000, 0x000000008d600000| Untracked 
| 215|0x000000008d700000, 0x000000008d700000, 0x000000008d800000|  0%| F|  |TAMS 0x000000008d700000, 0x000000008d700000| Untracked 
| 216|0x000000008d800000, 0x000000008d800000, 0x000000008d900000|  0%| F|  |TAMS 0x000000008d800000, 0x000000008d800000| Untracked 
| 217|0x000000008d900000, 0x000000008d900000, 0x000000008da00000|  0%| F|  |TAMS 0x000000008d900000, 0x000000008d900000| Untracked 
| 218|0x000000008da00000, 0x000000008da00000, 0x000000008db00000|  0%| F|  |TAMS 0x000000008da00000, 0x000000008da00000| Untracked 
| 219|0x000000008db00000, 0x000000008db00000, 0x000000008dc00000|  0%| F|  |TAMS 0x000000008db00000, 0x000000008db00000| Untracked 
| 220|0x000000008dc00000, 0x000000008dc00000, 0x000000008dd00000|  0%| F|  |TAMS 0x000000008dc00000, 0x000000008dc00000| Untracked 
| 221|0x000000008dd00000, 0x000000008dd00000, 0x000000008de00000|  0%| F|  |TAMS 0x000000008dd00000, 0x000000008dd00000| Untracked 
| 222|0x000000008de00000, 0x000000008de00000, 0x000000008df00000|  0%| F|  |TAMS 0x000000008de00000, 0x000000008de00000| Untracked 
| 223|0x000000008df00000, 0x000000008df00000, 0x000000008e000000|  0%| F|  |TAMS 0x000000008df00000, 0x000000008df00000| Untracked 
| 224|0x000000008e000000, 0x000000008e000000, 0x000000008e100000|  0%| F|  |TAMS 0x000000008e000000, 0x000000008e000000| Untracked 
| 225|0x000000008e100000, 0x000000008e100000, 0x000000008e200000|  0%| F|  |TAMS 0x000000008e100000, 0x000000008e100000| Untracked 
| 226|0x000000008e200000, 0x000000008e200000, 0x000000008e300000|  0%| F|  |TAMS 0x000000008e200000, 0x000000008e200000| Untracked 
| 227|0x000000008e300000, 0x000000008e300000, 0x000000008e400000|  0%| F|  |TAMS 0x000000008e300000, 0x000000008e300000| Untracked 
| 228|0x000000008e400000, 0x000000008e400000, 0x000000008e500000|  0%| F|  |TAMS 0x000000008e400000, 0x000000008e400000| Untracked 
| 229|0x000000008e500000, 0x000000008e500000, 0x000000008e600000|  0%| F|  |TAMS 0x000000008e500000, 0x000000008e500000| Untracked 
| 230|0x000000008e600000, 0x000000008e600000, 0x000000008e700000|  0%| F|  |TAMS 0x000000008e600000, 0x000000008e600000| Untracked 
| 231|0x000000008e700000, 0x000000008e700000, 0x000000008e800000|  0%| F|  |TAMS 0x000000008e700000, 0x000000008e700000| Untracked 
| 232|0x000000008e800000, 0x000000008e800000, 0x000000008e900000|  0%| F|  |TAMS 0x000000008e800000, 0x000000008e800000| Untracked 
| 233|0x000000008e900000, 0x000000008e900000, 0x000000008ea00000|  0%| F|  |TAMS 0x000000008e900000, 0x000000008e900000| Untracked 
| 234|0x000000008ea00000, 0x000000008ea00000, 0x000000008eb00000|  0%| F|  |TAMS 0x000000008ea00000, 0x000000008ea00000| Untracked 
| 235|0x000000008eb00000, 0x000000008eb00000, 0x000000008ec00000|  0%| F|  |TAMS 0x000000008eb00000, 0x000000008eb00000| Untracked 
| 236|0x000000008ec00000, 0x000000008ec00000, 0x000000008ed00000|  0%| F|  |TAMS 0x000000008ec00000, 0x000000008ec00000| Untracked 
| 237|0x000000008ed00000, 0x000000008ed00000, 0x000000008ee00000|  0%| F|  |TAMS 0x000000008ed00000, 0x000000008ed00000| Untracked 
| 238|0x000000008ee00000, 0x000000008ee00000, 0x000000008ef00000|  0%| F|  |TAMS 0x000000008ee00000, 0x000000008ee00000| Untracked 
| 239|0x000000008ef00000, 0x000000008ef00000, 0x000000008f000000|  0%| F|  |TAMS 0x000000008ef00000, 0x000000008ef00000| Untracked 
| 240|0x000000008f000000, 0x000000008f000000, 0x000000008f100000|  0%| F|  |TAMS 0x000000008f000000, 0x000000008f000000| Untracked 
| 241|0x000000008f100000, 0x000000008f100000, 0x000000008f200000|  0%| F|  |TAMS 0x000000008f100000, 0x000000008f100000| Untracked 
| 242|0x000000008f200000, 0x000000008f200000, 0x000000008f300000|  0%| F|  |TAMS 0x000000008f200000, 0x000000008f200000| Untracked 
| 243|0x000000008f300000, 0x000000008f300000, 0x000000008f400000|  0%| F|  |TAMS 0x000000008f300000, 0x000000008f300000| Untracked 
| 244|0x000000008f400000, 0x000000008f400000, 0x000000008f500000|  0%| F|  |TAMS 0x000000008f400000, 0x000000008f400000| Untracked 
| 245|0x000000008f500000, 0x000000008f500000, 0x000000008f600000|  0%| F|  |TAMS 0x000000008f500000, 0x000000008f500000| Untracked 
| 246|0x000000008f600000, 0x000000008f600000, 0x000000008f700000|  0%| F|  |TAMS 0x000000008f600000, 0x000000008f600000| Untracked 
| 247|0x000000008f700000, 0x000000008f700000, 0x000000008f800000|  0%| F|  |TAMS 0x000000008f700000, 0x000000008f700000| Untracked 
| 248|0x000000008f800000, 0x000000008f800000, 0x000000008f900000|  0%| F|  |TAMS 0x000000008f800000, 0x000000008f800000| Untracked 
| 249|0x000000008f900000, 0x000000008f900000, 0x000000008fa00000|  0%| F|  |TAMS 0x000000008f900000, 0x000000008f900000| Untracked 
| 250|0x000000008fa00000, 0x000000008fa00000, 0x000000008fb00000|  0%| F|  |TAMS 0x000000008fa00000, 0x000000008fa00000| Untracked 
| 251|0x000000008fb00000, 0x000000008fb00000, 0x000000008fc00000|  0%| F|  |TAMS 0x000000008fb00000, 0x000000008fb00000| Untracked 
| 252|0x000000008fc00000, 0x000000008fc963e0, 0x000000008fd00000| 58%| E|  |TAMS 0x000000008fc00000, 0x000000008fc00000| Complete 
| 253|0x000000008fd00000, 0x000000008fe00000, 0x000000008fe00000|100%| E|CS|TAMS 0x000000008fd00000, 0x000000008fd00000| Complete 
| 254|0x000000008fe00000, 0x000000008ff00000, 0x000000008ff00000|100%| E|CS|TAMS 0x000000008fe00000, 0x000000008fe00000| Complete 
| 255|0x000000008ff00000, 0x0000000090000000, 0x0000000090000000|100%| E|CS|TAMS 0x000000008ff00000, 0x000000008ff00000| Complete 

Card table byte_map: [0x0000016494220000,0x0000016494620000] _byte_map_base: 0x0000016493e20000

Marking Bits (Prev, Next): (CMBitMap*) 0x00000164ffc6d738, (CMBitMap*) 0x00000164ffc6d770
 Prev Bits: [0x0000016494a20000, 0x0000016496a20000)
 Next Bits: [0x0000016496a20000, 0x0000016498a20000)

Polling page: 0x00000164fefa0000

Metaspace:

Usage:
  Non-class:     88.45 MB capacity,    86.88 MB ( 98%) used,     1.26 MB (  1%) free+waste,   318.44 KB ( <1%) overhead. 
      Class:     13.83 MB capacity,    12.86 MB ( 93%) used,   850.74 KB (  6%) free+waste,   140.19 KB ( <1%) overhead. 
       Both:    102.28 MB capacity,    99.74 MB ( 98%) used,     2.09 MB (  2%) free+waste,   458.63 KB ( <1%) overhead. 

Virtual space:
  Non-class space:       90.00 MB reserved,      88.67 MB ( 99%) committed 
      Class space:        1.00 GB reserved,      13.95 MB (  1%) committed 
             Both:        1.09 GB reserved,     102.62 MB (  9%) committed 

Chunk freelists:
   Non-Class:  30.00 KB
       Class:  17.00 KB
        Both:  47.00 KB

MaxMetaspaceSize: 17179869184.00 GB
CompressedClassSpaceSize: 1.00 GB

CodeHeap 'non-profiled nmethods': size=120064Kb used=11570Kb max_used=11570Kb free=108493Kb
 bounds [0x000001648c8e0000, 0x000001648d490000, 0x0000016493e20000]
CodeHeap 'profiled nmethods': size=120000Kb used=34224Kb max_used=36099Kb free=85775Kb
 bounds [0x00000164853b0000, 0x0000016487700000, 0x000001648c8e0000]
CodeHeap 'non-nmethods': size=5696Kb used=2305Kb max_used=2393Kb free=3390Kb
 bounds [0x0000016484e20000, 0x00000164850a0000, 0x00000164853b0000]
 total_blobs=15562 nmethods=14648 adapters=823
 compilation: enabled
              stopped_count=0, restarted_count=0
 full_count=0

Compilation events (20 events):
Event: 47.454 Thread 0x000001649b5b4800 15758       2       com.android.tools.r8.internal.c4::a (21 bytes)
Event: 47.455 Thread 0x000001649b5b4800 nmethod 15758 0x0000016485428190 code [0x0000016485428360, 0x0000016485428518]
Event: 47.467 Thread 0x000001649b5b4800 15759       2       com.android.tools.r8.internal.u8::a (37 bytes)
Event: 47.468 Thread 0x000001649b5b4800 nmethod 15759 0x000001648542b990 code [0x000001648542bb60, 0x000001648542bd88]
Event: 47.468 Thread 0x000001649b5b4800 15760       2       com.android.tools.r8.code.V::<init> (7 bytes)
Event: 47.468 Thread 0x000001649b5b4800 nmethod 15760 0x000001648542d990 code [0x000001648542db40, 0x000001648542dc48]
Event: 47.477 Thread 0x000001649b5b1000 nmethod 15704 0x000001648c953d90 code [0x000001648c954000, 0x000001648c956240]
Event: 47.477 Thread 0x000001649b5b1000 15685       4       com.android.tools.r8.ir.regalloc.a::a (946 bytes)
Event: 47.620 Thread 0x000001649b5b4800 15763       2       com.android.tools.r8.internal.aG::a (59 bytes)
Event: 47.620 Thread 0x000001649b5b4800 nmethod 15763 0x000001648542d390 code [0x000001648542d580, 0x000001648542d788]
Event: 47.652 Thread 0x000001649b5b4800 15764       2       com.android.tools.r8.internal.p4::a (18 bytes)
Event: 47.652 Thread 0x000001649b5b4800 nmethod 15764 0x000001648542cf90 code [0x000001648542d140, 0x000001648542d268]
Event: 47.671 Thread 0x000001649b5b4800 15765       2       com.android.tools.r8.internal.p4::a (30 bytes)
Event: 47.672 Thread 0x000001649b5b4800 nmethod 15765 0x000001648542cb10 code [0x000001648542cce0, 0x000001648542ce58]
Event: 47.672 Thread 0x000001649b5b4800 15766       2       com.android.tools.r8.internal.Le::a (39 bytes)
Event: 47.672 Thread 0x000001649b5b4800 nmethod 15766 0x0000016485433b10 code [0x0000016485433ce0, 0x0000016485433f68]
Event: 47.677 Thread 0x000001649b5b4800 15767       2       com.android.tools.r8.internal.FG::<init> (7 bytes)
Event: 47.677 Thread 0x000001649b5b4800 nmethod 15767 0x000001648542c610 code [0x000001648542c7c0, 0x000001648542c8c8]
Event: 47.701 Thread 0x00000164a5876800 nmethod 15564 0x000001648d46b510 code [0x000001648d46cf20, 0x000001648d47f9f8]
Event: 47.701 Thread 0x00000164a5876800 15762 %     4       com.android.tools.r8.internal.T6::a @ 1714 (4191 bytes)

GC Heap History (20 events):
Event: 37.237 GC heap before
{Heap before GC invocations=25 (full 0):
 garbage-first heap   total 262144K, used 211248K [0x0000000080000000, 0x0000000100000000)
  region size 1024K, 86 young (88064K), 6 survivors (6144K)
 Metaspace       used 101651K, capacity 104267K, committed 104568K, reserved 1140736K
  class space    used 13151K, capacity 14149K, committed 14284K, reserved 1048576K
}
Event: 37.248 GC heap after
{Heap after GC invocations=26 (full 0):
 garbage-first heap   total 262144K, used 129808K [0x0000000080000000, 0x0000000100000000)
  region size 1024K, 7 young (7168K), 7 survivors (7168K)
 Metaspace       used 101651K, capacity 104267K, committed 104568K, reserved 1140736K
  class space    used 13151K, capacity 14149K, committed 14284K, reserved 1048576K
}
Event: 37.809 GC heap before
{Heap before GC invocations=26 (full 0):
 garbage-first heap   total 262144K, used 213776K [0x0000000080000000, 0x0000000100000000)
  region size 1024K, 89 young (91136K), 7 survivors (7168K)
 Metaspace       used 101680K, capacity 104334K, committed 104568K, reserved 1140736K
  class space    used 13151K, capacity 14149K, committed 14284K, reserved 1048576K
}
Event: 37.823 GC heap after
{Heap after GC invocations=27 (full 0):
 garbage-first heap   total 262144K, used 129831K [0x0000000080000000, 0x0000000100000000)
  region size 1024K, 7 young (7168K), 7 survivors (7168K)
 Metaspace       used 101680K, capacity 104334K, committed 104568K, reserved 1140736K
  class space    used 13151K, capacity 14149K, committed 14284K, reserved 1048576K
}
Event: 38.721 GC heap before
{Heap before GC invocations=28 (full 0):
 garbage-first heap   total 262144K, used 215847K [0x0000000080000000, 0x0000000100000000)
  region size 1024K, 91 young (93184K), 7 survivors (7168K)
 Metaspace       used 101731K, capacity 104339K, committed 104568K, reserved 1140736K
  class space    used 13157K, capacity 14149K, committed 14284K, reserved 1048576K
}
Event: 38.733 GC heap after
{Heap after GC invocations=29 (full 0):
 garbage-first heap   total 262144K, used 130579K [0x0000000080000000, 0x0000000100000000)
  region size 1024K, 4 young (4096K), 4 survivors (4096K)
 Metaspace       used 101731K, capacity 104339K, committed 104568K, reserved 1140736K
  class space    used 13157K, capacity 14149K, committed 14284K, reserved 1048576K
}
Event: 39.801 GC heap before
{Heap before GC invocations=29 (full 0):
 garbage-first heap   total 262144K, used 218643K [0x0000000080000000, 0x0000000100000000)
  region size 1024K, 90 young (92160K), 4 survivors (4096K)
 Metaspace       used 101763K, capacity 104339K, committed 104568K, reserved 1140736K
  class space    used 13157K, capacity 14149K, committed 14284K, reserved 1048576K
}
Event: 39.808 GC heap after
{Heap after GC invocations=30 (full 0):
 garbage-first heap   total 262144K, used 130873K [0x0000000080000000, 0x0000000100000000)
  region size 1024K, 4 young (4096K), 4 survivors (4096K)
 Metaspace       used 101763K, capacity 104339K, committed 104568K, reserved 1140736K
  class space    used 13157K, capacity 14149K, committed 14284K, reserved 1048576K
}
Event: 40.773 GC heap before
{Heap before GC invocations=31 (full 0):
 garbage-first heap   total 262144K, used 220985K [0x0000000080000000, 0x0000000100000000)
  region size 1024K, 92 young (94208K), 4 survivors (4096K)
 Metaspace       used 101874K, capacity 104494K, committed 104824K, reserved 1140736K
  class space    used 13159K, capacity 14151K, committed 14284K, reserved 1048576K
}
Event: 40.781 GC heap after
{Heap after GC invocations=32 (full 0):
 garbage-first heap   total 262144K, used 131807K [0x0000000080000000, 0x0000000100000000)
  region size 1024K, 5 young (5120K), 5 survivors (5120K)
 Metaspace       used 101874K, capacity 104494K, committed 104824K, reserved 1140736K
  class space    used 13159K, capacity 14151K, committed 14284K, reserved 1048576K
}
Event: 42.563 GC heap before
{Heap before GC invocations=32 (full 0):
 garbage-first heap   total 262144K, used 221919K [0x0000000080000000, 0x0000000100000000)
  region size 1024K, 93 young (95232K), 5 survivors (5120K)
 Metaspace       used 102019K, capacity 104653K, committed 104824K, reserved 1140736K
  class space    used 13161K, capacity 14155K, committed 14284K, reserved 1048576K
}
Event: 42.571 GC heap after
{Heap after GC invocations=33 (full 0):
 garbage-first heap   total 262144K, used 131587K [0x0000000080000000, 0x0000000100000000)
  region size 1024K, 5 young (5120K), 5 survivors (5120K)
 Metaspace       used 102019K, capacity 104653K, committed 104824K, reserved 1140736K
  class space    used 13161K, capacity 14155K, committed 14284K, reserved 1048576K
}
Event: 44.197 GC heap before
{Heap before GC invocations=34 (full 0):
 garbage-first heap   total 262144K, used 223747K [0x0000000080000000, 0x0000000100000000)
  region size 1024K, 95 young (97280K), 5 survivors (5120K)
 Metaspace       used 102056K, capacity 104662K, committed 104824K, reserved 1140736K
  class space    used 13163K, capacity 14158K, committed 14284K, reserved 1048576K
}
Event: 44.208 GC heap after
{Heap after GC invocations=35 (full 0):
 garbage-first heap   total 262144K, used 131610K [0x0000000080000000, 0x0000000100000000)
  region size 1024K, 5 young (5120K), 5 survivors (5120K)
 Metaspace       used 102056K, capacity 104662K, committed 104824K, reserved 1140736K
  class space    used 13163K, capacity 14158K, committed 14284K, reserved 1048576K
}
Event: 45.324 GC heap before
{Heap before GC invocations=35 (full 0):
 garbage-first heap   total 262144K, used 224794K [0x0000000080000000, 0x0000000100000000)
  region size 1024K, 96 young (98304K), 5 survivors (5120K)
 Metaspace       used 102091K, capacity 104665K, committed 104824K, reserved 1140736K
  class space    used 13167K, capacity 14158K, committed 14284K, reserved 1048576K
}
Event: 45.332 GC heap after
{Heap after GC invocations=36 (full 0):
 garbage-first heap   total 262144K, used 132879K [0x0000000080000000, 0x0000000100000000)
  region size 1024K, 6 young (6144K), 6 survivors (6144K)
 Metaspace       used 102091K, capacity 104665K, committed 104824K, reserved 1140736K
  class space    used 13167K, capacity 14158K, committed 14284K, reserved 1048576K
}
Event: 46.505 GC heap before
{Heap before GC invocations=37 (full 0):
 garbage-first heap   total 262144K, used 226063K [0x0000000080000000, 0x0000000100000000)
  region size 1024K, 97 young (99328K), 6 survivors (6144K)
 Metaspace       used 102117K, capacity 104733K, committed 105080K, reserved 1140736K
  class space    used 13168K, capacity 14159K, committed 14284K, reserved 1048576K
}
Event: 46.516 GC heap after
{Heap after GC invocations=38 (full 0):
 garbage-first heap   total 262144K, used 132273K [0x0000000080000000, 0x0000000100000000)
  region size 1024K, 6 young (6144K), 6 survivors (6144K)
 Metaspace       used 102117K, capacity 104733K, committed 105080K, reserved 1140736K
  class space    used 13168K, capacity 14159K, committed 14284K, reserved 1048576K
}
Event: 47.632 GC heap before
{Heap before GC invocations=38 (full 0):
 garbage-first heap   total 262144K, used 226481K [0x0000000080000000, 0x0000000100000000)
  region size 1024K, 98 young (100352K), 6 survivors (6144K)
 Metaspace       used 102129K, capacity 104733K, committed 105080K, reserved 1140736K
  class space    used 13168K, capacity 14159K, committed 14284K, reserved 1048576K
}
Event: 47.640 GC heap after
{Heap after GC invocations=39 (full 0):
 garbage-first heap   total 262144K, used 133040K [0x0000000080000000, 0x0000000100000000)
  region size 1024K, 6 young (6144K), 6 survivors (6144K)
 Metaspace       used 102129K, capacity 104733K, committed 105080K, reserved 1140736K
  class space    used 13168K, capacity 14159K, committed 14284K, reserved 1048576K
}

Deoptimization events (20 events):
Event: 47.053 Thread 0x000001649e596000 DEOPT PACKING pc=0x00000164854a6c3e sp=0x00000012465f9710
Event: 47.053 Thread 0x000001649e596000 DEOPT UNPACKING pc=0x0000016484e476ce sp=0x00000012465f8cc8 mode 0
Event: 47.083 Thread 0x000001649e594800 DEOPT PACKING pc=0x0000016486f909ae sp=0x00000012467f97b0
Event: 47.083 Thread 0x000001649e594800 DEOPT UNPACKING pc=0x0000016484e476ce sp=0x00000012467f8d08 mode 0
Event: 47.434 Thread 0x000001649e596000 DEOPT PACKING pc=0x000001648712f3ca sp=0x00000012465f9280
Event: 47.434 Thread 0x000001649e596000 DEOPT UNPACKING pc=0x0000016484e476ce sp=0x00000012465f8a50 mode 0
Event: 47.438 Thread 0x000001649e596000 DEOPT PACKING pc=0x00000164854a6c3e sp=0x00000012465f9710
Event: 47.438 Thread 0x000001649e596000 DEOPT UNPACKING pc=0x0000016484e476ce sp=0x00000012465f8cc8 mode 0
Event: 47.446 Thread 0x000001649e596000 DEOPT PACKING pc=0x0000016485481c57 sp=0x00000012465f9aa0
Event: 47.446 Thread 0x000001649e596000 DEOPT UNPACKING pc=0x0000016484e476ce sp=0x00000012465f8fc0 mode 0
Event: 47.510 Thread 0x000001649e597000 DEOPT PACKING pc=0x00000164853e1452 sp=0x00000012466f91a0
Event: 47.510 Thread 0x000001649e597000 DEOPT UNPACKING pc=0x0000016484e476ce sp=0x00000012466f8650 mode 0
Event: 47.512 Thread 0x000001649e594800 DEOPT PACKING pc=0x000001648712f424 sp=0x00000012467f94b0
Event: 47.512 Thread 0x000001649e594800 DEOPT UNPACKING pc=0x0000016484e476ce sp=0x00000012467f8c78 mode 0
Event: 47.604 Thread 0x000001649e596000 Uncommon trap: trap_request=0xffffff4d fr.pc=0x000001648c8f843c relative=0x00000000000001dc
Event: 47.604 Thread 0x000001649e596000 Uncommon trap: reason=unstable_if action=reinterpret pc=0x000001648c8f843c method=com.android.tools.r8.internal.zw.a(Lcom/android/tools/r8/graph/d0;Z)Lcom/android/tools/r8/internal/zw; @ 36 c2
Event: 47.604 Thread 0x000001649e596000 DEOPT PACKING pc=0x000001648c8f843c sp=0x00000012465f92c0
Event: 47.604 Thread 0x000001649e596000 DEOPT UNPACKING pc=0x0000016484e478af sp=0x00000012465f91e8 mode 2
Event: 47.645 Thread 0x000001649e594800 DEOPT PACKING pc=0x00000164870af4c4 sp=0x00000012467f9920
Event: 47.645 Thread 0x000001649e594800 DEOPT UNPACKING pc=0x0000016484e476ce sp=0x00000012467f91c8 mode 0

Classes redefined (0 events):
No events

Internal exceptions (20 events):
Event: 30.651 Thread 0x000001649e596000 Exception <a 'java/lang/NoSuchMethodError'{0x000000008d0e23d0}: 'java.lang.Object java.lang.invoke.DirectMethodHandle$Holder.invokeInterface(java.lang.Object, java.lang.Object, int)'> (0x000000008d0e23d0) thrown at [./src/hotspot/share/interpreter/linkResolver.cpp, line 773]
Event: 30.846 Thread 0x000001649e596000 Implicit null exception at 0x000001648ca6ddeb to 0x000001648ca6de0c
Event: 31.252 Thread 0x000001649e594800 Exception <a 'java/lang/NoSuchMethodError'{0x000000008fe1b350}: 'void java.lang.invoke.DirectMethodHandle$Holder.invokeSpecial(java.lang.Object, java.lang.Object, int, java.lang.Object, java.lang.Object, java.lang.Object, java.lang.Object)'> (0x000000008fe1b350) thrown at [./src/hotspot/share/interpreter/linkResolver.cpp, line 773]
Event: 31.256 Thread 0x000001649e594800 Exception <a 'java/lang/NoSuchMethodError'{0x000000008fe93e70}: 'java.lang.Object java.lang.invoke.Invokers$Holder.linkToTargetMethod(java.lang.Object, int, java.lang.Object, java.lang.Object, java.lang.Object, java.lang.Object)'> (0x000000008fe93e70) thrown at [./src/hotspot/share/interpreter/linkResolver.cpp, line 773]
Event: 31.256 Thread 0x000001649e594800 Exception <a 'java/lang/NoSuchMethodError'{0x000000008fe98320}: 'void java.lang.invoke.DirectMethodHandle$Holder.invokeSpecial(java.lang.Object, java.lang.Object, java.lang.Object, java.lang.Object, java.lang.Object, java.lang.Object, java.lang.Object, java.lang.Object, java.lang.Object)'> (0x000000008fe98320) thrown at [./src/hotspot/share/interpreter/linkResolver.cpp, line 773]
Event: 31.259 Thread 0x000001649e594800 Exception <a 'java/lang/NoSuchMethodError'{0x000000008feb3170}: 'void java.lang.invoke.DirectMethodHandle$Holder.invokeStatic(java.lang.Object, java.lang.Object, java.lang.Object, java.lang.Object, java.lang.Object, java.lang.Object, java.lang.Object, java.lang.Object)'> (0x000000008feb3170) thrown at [./src/hotspot/share/interpreter/linkResolver.cpp, line 773]
Event: 31.622 Thread 0x000001649e594800 Exception <a 'java/lang/IncompatibleClassChangeError'{0x000000008f4e0a08}: Found class java.lang.Object, but interface was expected> (0x000000008f4e0a08) thrown at [./src/hotspot/share/interpreter/linkResolver.cpp, line 839]
Event: 32.328 Thread 0x00000164a509d000 Exception <a 'java/lang/NoSuchMethodError'{0x000000008e8961c0}: 'int java.lang.invoke.DirectMethodHandle$Holder.invokeInterface(java.lang.Object, java.lang.Object, int)'> (0x000000008e8961c0) thrown at [./src/hotspot/share/interpreter/linkResolver.cpp, line 773]
Event: 32.356 Thread 0x000001649e594800 Exception <a 'java/lang/NoSuchMethodError'{0x000000008e72b0c0}: 'void java.lang.invoke.DirectMethodHandle$Holder.invokeVirtual(java.lang.Object, java.lang.Object, int)'> (0x000000008e72b0c0) thrown at [./src/hotspot/share/interpreter/linkResolver.cpp, line 773]
Event: 32.466 Thread 0x000001649e594800 Exception <a 'sun/nio/fs/WindowsException'{0x000000008e7b47f0}> (0x000000008e7b47f0) thrown at [./src/hotspot/share/prims/jni.cpp, line 615]
Event: 32.568 Thread 0x000001649e594800 Exception <a 'java/lang/NoSuchMethodError'{0x000000008dfcd7a8}: 'void java.lang.invoke.DirectMethodHandle$Holder.invokeStatic(java.lang.Object, java.lang.Object, java.lang.Object, java.lang.Object, java.lang.Object, java.lang.Object, java.lang.Object)'> (0x000000008dfcd7a8) thrown at [./src/hotspot/share/interpreter/linkResolver.cpp, line 773]
Event: 33.264 Thread 0x000001649e594800 Exception <a 'sun/nio/fs/WindowsException'{0x000000008ca11af8}> (0x000000008ca11af8) thrown at [./src/hotspot/share/prims/jni.cpp, line 615]
Event: 34.059 Thread 0x000001649e597000 Exception <a 'java/lang/NoSuchMethodError'{0x000000008fc3cbe0}: 'java.lang.Object java.lang.invoke.DirectMethodHandle$Holder.invokeSpecial(java.lang.Object, java.lang.Object, java.lang.Object, java.lang.Object, java.lang.Object, java.lang.Object, java.lang.Object, java.lang.Object, java.lang.Object, java.lang.Object, java.lang.Object)'> (0x000000008fc3cbe0) thrown at [./src/hotspot/share/interpreter/linkResolver.cpp, line 773]
Event: 34.060 Thread 0x000001649e597000 Exception <a 'java/lang/NoSuchMethodError'{0x000000008fc48490}: 'java.lang.Object java.lang.invoke.Invokers$Holder.linkToTargetMethod(java.lang.Object, java.lang.Object, java.lang.Object, java.lang.Object, java.lang.Object, java.lang.Object, java.lang.Object, java.lang.Object, java.lang.Object, java.lang.Object)'> (0x000000008fc48490) thrown at [./src/hotspot/share/interpreter/linkResolver.cpp, line 773]
Event: 34.263 Thread 0x000001649e597000 Exception <a 'java/lang/IncompatibleClassChangeError'{0x000000008f6fae88}: Found class java.lang.Object, but interface was expected> (0x000000008f6fae88) thrown at [./src/hotspot/share/interpreter/linkResolver.cpp, line 839]
Event: 41.154 Thread 0x00000164a509d000 Exception <a 'sun/nio/fs/WindowsException'{0x000000008eb6f228}> (0x000000008eb6f228) thrown at [./src/hotspot/share/prims/jni.cpp, line 615]
Event: 42.081 Thread 0x000001649e597000 Implicit null exception at 0x000001648d3b8403 to 0x000001648d3b8dc4
Event: 42.434 Thread 0x000001649e594800 Implicit null exception at 0x000001648d3bc2ab to 0x000001648d3bcbb8
Event: 45.761 Thread 0x00000164a509d000 Exception <a 'sun/nio/fs/WindowsException'{0x000000008e3a5800}> (0x000000008e3a5800) thrown at [./src/hotspot/share/prims/jni.cpp, line 615]
Event: 46.004 Thread 0x00000164a509d000 Exception <a 'sun/nio/fs/WindowsException'{0x000000008cdeb288}> (0x000000008cdeb288) thrown at [./src/hotspot/share/prims/jni.cpp, line 615]

Events (20 events):
Event: 44.539 loading class com/android/tools/r8/internal/bh
Event: 44.539 loading class com/android/tools/r8/internal/bh done
Event: 44.778 loading class com/android/tools/r8/internal/Zg
Event: 44.778 loading class com/android/tools/r8/internal/Zg done
Event: 44.779 loading class com/android/tools/r8/internal/Tg
Event: 44.779 loading class com/android/tools/r8/internal/Tg done
Event: 45.305 Executing VM operation: G1CollectForAllocation
Event: 45.332 Executing VM operation: G1CollectForAllocation done
Event: 45.556 Executing VM operation: CGC_Operation
Event: 45.590 Executing VM operation: CGC_Operation done
Event: 45.698 Executing VM operation: CGC_Operation
Event: 45.752 Executing VM operation: CGC_Operation done
Event: 46.029 loading class com/android/tools/r8/code/G0
Event: 46.029 loading class com/android/tools/r8/code/G0 done
Event: 46.029 loading class com/android/tools/r8/code/G0
Event: 46.029 loading class com/android/tools/r8/code/G0 done
Event: 46.493 Executing VM operation: G1CollectForAllocation
Event: 46.516 Executing VM operation: G1CollectForAllocation done
Event: 47.632 Executing VM operation: G1CollectForAllocation
Event: 47.640 Executing VM operation: G1CollectForAllocation done


Dynamic libraries:
0x00007ff7092b0000 - 0x00007ff7092ba000 	C:\Program Files\Android\Android Studio\jre\bin\java.exe
0x00007ffe689b0000 - 0x00007ffe68ba5000 	C:\WINDOWS\SYSTEM32\ntdll.dll
0x00007ffe68810000 - 0x00007ffe688cd000 	C:\WINDOWS\System32\KERNEL32.DLL
0x00007ffe666e0000 - 0x00007ffe669a9000 	C:\WINDOWS\System32\KERNELBASE.dll
0x00007ffe66540000 - 0x00007ffe66640000 	C:\WINDOWS\System32\ucrtbase.dll
0x00007ffe54020000 - 0x00007ffe54037000 	C:\Program Files\Android\Android Studio\jre\bin\VCRUNTIME140.dll
0x00007ffe53fc0000 - 0x00007ffe53fd9000 	C:\Program Files\Android\Android Studio\jre\bin\jli.dll
0x00007ffe685d0000 - 0x00007ffe68770000 	C:\WINDOWS\System32\USER32.dll
0x00007ffe567f0000 - 0x00007ffe56a8a000 	C:\WINDOWS\WinSxS\amd64_microsoft.windows.common-controls_6595b64144ccf1df_6.0.19041.1110_none_60b5254171f9507e\COMCTL32.dll
0x00007ffe66320000 - 0x00007ffe66342000 	C:\WINDOWS\System32\win32u.dll
0x00007ffe68770000 - 0x00007ffe6880e000 	C:\WINDOWS\System32\msvcrt.dll
0x00007ffe68290000 - 0x00007ffe682ba000 	C:\WINDOWS\System32\GDI32.dll
0x00007ffe66190000 - 0x00007ffe6629b000 	C:\WINDOWS\System32\gdi32full.dll
0x00007ffe66640000 - 0x00007ffe666dd000 	C:\WINDOWS\System32\msvcp_win.dll
0x00007ffe66a10000 - 0x00007ffe66a40000 	C:\WINDOWS\System32\IMM32.DLL
0x00007ffe3e800000 - 0x00007ffe3e89d000 	C:\Program Files\Android\Android Studio\jre\bin\msvcp140.dll
0x00007ffdf9940000 - 0x00007ffdfa40f000 	C:\Program Files\Android\Android Studio\jre\bin\server\jvm.dll
0x00007ffe67970000 - 0x00007ffe67a1c000 	C:\WINDOWS\System32\ADVAPI32.dll
0x00007ffe688d0000 - 0x00007ffe6896b000 	C:\WINDOWS\System32\sechost.dll
0x00007ffe674e0000 - 0x00007ffe6760a000 	C:\WINDOWS\System32\RPCRT4.dll
0x00007ffe67b40000 - 0x00007ffe67b48000 	C:\WINDOWS\System32\PSAPI.DLL
0x00007ffe54060000 - 0x00007ffe54069000 	C:\WINDOWS\SYSTEM32\WSOCK32.dll
0x00007ffe68350000 - 0x00007ffe683bb000 	C:\WINDOWS\System32\WS2_32.dll
0x00007ffe5d320000 - 0x00007ffe5d347000 	C:\WINDOWS\SYSTEM32\WINMM.dll
0x00007ffe5f9d0000 - 0x00007ffe5f9da000 	C:\WINDOWS\SYSTEM32\VERSION.dll
0x00007ffe64010000 - 0x00007ffe64022000 	C:\WINDOWS\SYSTEM32\kernel.appcore.dll
0x00007ffe50460000 - 0x00007ffe50471000 	C:\Program Files\Android\Android Studio\jre\bin\verify.dll
0x00007ffe60520000 - 0x00007ffe60704000 	C:\WINDOWS\SYSTEM32\DBGHELP.DLL
0x00007ffe573a0000 - 0x00007ffe573cc000 	C:\WINDOWS\SYSTEM32\dbgcore.DLL
0x00007ffe66350000 - 0x00007ffe663d3000 	C:\WINDOWS\System32\bcryptPrimitives.dll
0x00007ffe4c2d0000 - 0x00007ffe4c2f9000 	C:\Program Files\Android\Android Studio\jre\bin\java.dll
0x00007ffe53fb0000 - 0x00007ffe53fbb000 	C:\Program Files\Android\Android Studio\jre\bin\jimage.dll
0x00007ffe4f080000 - 0x00007ffe4f098000 	C:\Program Files\Android\Android Studio\jre\bin\zip.dll
0x00007ffe67b50000 - 0x00007ffe6828f000 	C:\WINDOWS\System32\SHELL32.dll
0x00007ffe64210000 - 0x00007ffe649a0000 	C:\WINDOWS\SYSTEM32\windows.storage.dll
0x00007ffe67610000 - 0x00007ffe67965000 	C:\WINDOWS\System32\combase.dll
0x00007ffe65b40000 - 0x00007ffe65b6c000 	C:\WINDOWS\SYSTEM32\Wldp.dll
0x00007ffe670a0000 - 0x00007ffe6714e000 	C:\WINDOWS\System32\SHCORE.dll
0x00007ffe683c0000 - 0x00007ffe68415000 	C:\WINDOWS\System32\shlwapi.dll
0x00007ffe66020000 - 0x00007ffe6603f000 	C:\WINDOWS\SYSTEM32\profapi.dll
0x00007ffe4ef80000 - 0x00007ffe4ef9a000 	C:\Program Files\Android\Android Studio\jre\bin\net.dll
0x00007ffe5abf0000 - 0x00007ffe5acf8000 	C:\WINDOWS\SYSTEM32\WINHTTP.dll
0x00007ffe658a0000 - 0x00007ffe6590a000 	C:\WINDOWS\system32\mswsock.dll
0x00007ffe4a4a0000 - 0x00007ffe4a4b4000 	C:\Program Files\Android\Android Studio\jre\bin\nio.dll
0x00007ffe488b0000 - 0x00007ffe488d7000 	C:\Users\danie\.gradle\native\8bec1ad78214c89d9ad589b4d07fe93259594b29d510b10fafb7a158f7737e5d\windows-amd64\native-platform.dll
0x00007ffe3ed50000 - 0x00007ffe3ee8d000 	C:\Users\danie\.gradle\native\53dbd7edfb1c66fb8903c78663c9afc45aea4f116125fa6feffd364cf09443e8\windows-amd64\native-platform-file-events.dll
0x00007ffe61490000 - 0x00007ffe6149a000 	C:\Program Files\Android\Android Studio\jre\bin\management.dll
0x00007ffe53f10000 - 0x00007ffe53f1c000 	C:\Program Files\Android\Android Studio\jre\bin\management_ext.dll
0x00007ffe65aa0000 - 0x00007ffe65ab8000 	C:\WINDOWS\SYSTEM32\CRYPTSP.dll
0x00007ffe651b0000 - 0x00007ffe651e4000 	C:\WINDOWS\system32\rsaenh.dll
0x00007ffe662f0000 - 0x00007ffe66317000 	C:\WINDOWS\System32\bcrypt.dll
0x00007ffe65fe0000 - 0x00007ffe6600e000 	C:\WINDOWS\SYSTEM32\USERENV.dll
0x00007ffe65a90000 - 0x00007ffe65a9c000 	C:\WINDOWS\SYSTEM32\CRYPTBASE.dll
0x00007ffe65540000 - 0x00007ffe6557b000 	C:\WINDOWS\SYSTEM32\IPHLPAPI.DLL
0x00007ffe67290000 - 0x00007ffe67298000 	C:\WINDOWS\System32\NSI.dll
0x00007ffe5ef00000 - 0x00007ffe5ef17000 	C:\WINDOWS\SYSTEM32\dhcpcsvc6.DLL
0x00007ffe5eed0000 - 0x00007ffe5eeed000 	C:\WINDOWS\SYSTEM32\dhcpcsvc.DLL
0x00007ffe65590000 - 0x00007ffe6565c000 	C:\WINDOWS\SYSTEM32\DNSAPI.dll
0x00007ffe35310000 - 0x00007ffe35365000 	C:\WINDOWS\SYSTEM32\symsrv.dll

dbghelp: loaded successfully - version: 4.0.5 - missing functions: none
symbol engine: initialized successfully - sym options: 0x614 - pdb path: .;C:\Program Files\Android\Android Studio\jre\bin;C:\WINDOWS\SYSTEM32;C:\WINDOWS\WinSxS\amd64_microsoft.windows.common-controls_6595b64144ccf1df_6.0.19041.1110_none_60b5254171f9507e;C:\Program Files\Android\Android Studio\jre\bin\server;C:\Users\danie\.gradle\native\8bec1ad78214c89d9ad589b4d07fe93259594b29d510b10fafb7a158f7737e5d\windows-amd64;C:\Users\danie\.gradle\native\53dbd7edfb1c66fb8903c78663c9afc45aea4f116125fa6feffd364cf09443e8\windows-amd64

VM Arguments:
jvm_args: --add-opens=java.base/java.util=ALL-UNNAMED --add-opens=java.base/java.lang=ALL-UNNAMED --add-opens=java.base/java.lang.invoke=ALL-UNNAMED --add-opens=java.base/java.util=ALL-UNNAMED --add-opens=java.prefs/java.util.prefs=ALL-UNNAMED --add-opens=java.prefs/java.util.prefs=ALL-UNNAMED --add-opens=java.base/java.nio.charset=ALL-UNNAMED --add-opens=java.base/java.net=ALL-UNNAMED --add-opens=java.base/java.util.concurrent.atomic=ALL-UNNAMED -Xmx2048m -Dfile.encoding=UTF-8 -Duser.country=NZ -Duser.language=en -Duser.variant 
java_command: org.gradle.launcher.daemon.bootstrap.GradleDaemon 7.0.2
java_class_path (initial): C:\Users\danie\.gradle\wrapper\dists\gradle-7.0.2-bin\857tjihv64xamwrf0h14cai3r\gradle-7.0.2\lib\gradle-launcher-7.0.2.jar
Launcher Type: SUN_STANDARD

[Global flags]
     intx CICompilerCount                          = 3                                         {product} {ergonomic}
     uint ConcGCThreads                            = 1                                         {product} {ergonomic}
     uint G1ConcRefinementThreads                  = 4                                         {product} {ergonomic}
   size_t G1HeapRegionSize                         = 1048576                                   {product} {ergonomic}
    uintx GCDrainStackTargetSize                   = 64                                        {product} {ergonomic}
   size_t InitialHeapSize                          = 268435456                                 {product} {ergonomic}
   size_t MarkStackSize                            = 4194304                                   {product} {ergonomic}
   size_t MaxHeapSize                              = 2147483648                                {product} {command line}
   size_t MaxNewSize                               = 1287651328                                {product} {ergonomic}
   size_t MinHeapDeltaBytes                        = 1048576                                   {product} {ergonomic}
    uintx NonNMethodCodeHeapSize                   = 5830732                                {pd product} {ergonomic}
    uintx NonProfiledCodeHeapSize                  = 122913754                              {pd product} {ergonomic}
    uintx ProfiledCodeHeapSize                     = 122913754                              {pd product} {ergonomic}
    uintx ReservedCodeCacheSize                    = 251658240                              {pd product} {ergonomic}
     bool SegmentedCodeCache                       = true                                      {product} {ergonomic}
     bool UseCompressedClassPointers               = true                                 {lp64_product} {ergonomic}
     bool UseCompressedOops                        = true                                 {lp64_product} {ergonomic}
     bool UseG1GC                                  = true                                      {product} {ergonomic}
     bool UseLargePagesIndividualAllocation        = false                                  {pd product} {ergonomic}

Logging:
Log output configuration:
 #0: stdout all=warning uptime,level,tags
 #1: stderr all=off uptime,level,tags

Environment Variables:
PATH=C:\Python39\Scripts\;C:\Python39\;C:\Program Files (x86)\NVIDIA Corporation\PhysX\Common;C:\Program Files (x86)\Common Files\Oracle\Java\javapath;C:\WINDOWS\system32;C:\WINDOWS;C:\WINDOWS\System32\Wbem;C:\WINDOWS\System32\WindowsPowerShell\v1.0\;C:\WINDOWS\System32\OpenSSH\;C:\Program Files\Microsoft SQL Server\130\Tools\Binn\;C:\ProgramData\chocolatey\bin;C:\Program Files (x86)\IVI Foundation\VISA\WinNT\Bin;C:\Program Files\Git\cmd;C:\Program Files\nodejs\;C:\Users\danie\AppData\Local\Microsoft\WindowsApps;;C:\Users\danie\AppData\Local\Programs\Microsoft VS Code\bin;C:\Users\danie\AppData\Roaming\npm
USERNAME=danie
OS=Windows_NT
PROCESSOR_IDENTIFIER=AMD64 Family 23 Model 24 Stepping 1, AuthenticAMD



---------------  S Y S T E M  ---------------

OS: Windows 10 , 64 bit Build 19041 (10.0.19041.1151)
OS uptime: 1 days 7:47 hours

CPU:total 4 (initial active 4) (4 cores per cpu, 1 threads per core) family 23 model 24 stepping 1 microcode 0x0, cmov, cx8, fxsr, mmx, sse, sse2, sse3, ssse3, sse4.1, sse4.2, popcnt, avx, avx2, aes, clmul, mmxext, 3dnowpref, lzcnt, sse4a, tsc, tscinvbit, tscinv, bmi1, bmi2, adx, sha, 

Memory: 4k page, system-wide physical 16312M (4487M free)
TotalPageFile size 16312M (AvailPageFile size 0M)
current process WorkingSet (physical memory assigned to process): 594M, peak: 598M
current process commit charge ("private bytes"): 627M, peak: 631M

vm_info: OpenJDK 64-Bit Server VM (11.0.10+0-b96-7249189) for windows-amd64 JRE (11.0.10+0-b96-7249189), built on Mar 31 2021 21:44:00 by "builder" with MS VC++ 14.0 (VS2015)

END.
