#
# There is insufficient memory for the Java Runtime Environment to continue.
# Native memory allocation (mmap) failed to map 65536 bytes for Failed to commit area from 0x00000283a53c0000 to 0x00000283a53d0000 of length 65536.
# Possible reasons:
#   The system is out of physical RAM or swap space
#   The process is running with CompressedOops enabled, and the Java Heap may be blocking the growth of the native heap
# Possible solutions:
#   Reduce memory load on the system
#   Increase physical memory or swap space
#   Check if swap backing store is full
#   Decrease Java heap size (-Xmx/-Xms)
#   Decrease number of Java threads
#   Decrease Java thread stack sizes (-Xss)
#   Set larger code cache with -XX:ReservedCodeCacheSize=
#   JVM is running with Unscaled Compressed Oops mode in which the Java heap is
#     placed in the first 4GB address space. The Java Heap base address is the
#     maximum limit for the native heap growth. Please use -XX:HeapBaseMinAddress
#     to set the Java Heap base and to place the Java Heap above 4GB virtual address.
# This output file may be truncated or incomplete.
#
#  Out of Memory Error (./src/hotspot/os/windows/os_windows.cpp:3301), pid=8064, tid=10252
#
# JRE version: OpenJDK Runtime Environment (11.0.10) (build 11.0.10+0-b96-7249189)
# Java VM: OpenJDK 64-Bit Server VM (11.0.10+0-b96-7249189, mixed mode, tiered, compressed oops, g1 gc, windows-amd64)
# No core dump will be written. Minidumps are not enabled by default on client versions of Windows
#

---------------  S U M M A R Y ------------

Command Line: --add-opens=java.base/java.util=ALL-UNNAMED --add-opens=java.base/java.lang=ALL-UNNAMED --add-opens=java.base/java.lang.invoke=ALL-UNNAMED --add-opens=java.base/java.util=ALL-UNNAMED --add-opens=java.prefs/java.util.prefs=ALL-UNNAMED --add-opens=java.prefs/java.util.prefs=ALL-UNNAMED --add-opens=java.base/java.nio.charset=ALL-UNNAMED --add-opens=java.base/java.net=ALL-UNNAMED --add-opens=java.base/java.util.concurrent.atomic=ALL-UNNAMED -Xmx2048m -Dfile.encoding=UTF-8 -Duser.country=NZ -Duser.language=en -Duser.variant org.gradle.launcher.daemon.bootstrap.GradleDaemon 7.0.2

Host: AMD Ryzen 3 3200G with Radeon Vega Graphics    , 4 cores, 15G,  Windows 10 , 64 bit Build 19041 (10.0.19041.1202)
Time: Tue Oct 12 17:09:08 2021 New Zealand Daylight Time elapsed time: 29.735762 seconds (0d 0h 0m 29s)

---------------  T H R E A D  ---------------

Current thread (0x00000283a9009000):  VMThread "VM Thread" [stack: 0x00000096a6000000,0x00000096a6100000] [id=10252]

Stack: [0x00000096a6000000,0x00000096a6100000]
[error occurred during error reporting (printing stack bounds), id 0xc0000005, EXCEPTION_ACCESS_VIOLATION (0xc0000005) at pc=0x0000028392750f2d]

Native frames: (J=compiled Java code, j=interpreted, Vv=VM code, C=native code)
V  [jvm.dll+0x5ecfaa]
V  [jvm.dll+0x722bd5]
V  [jvm.dll+0x72412d]
V  [jvm.dll+0x724745]
V  [jvm.dll+0x7246fb]
V  [jvm.dll+0x5ec348]
V  [jvm.dll+0x5ecad8]
C  [ntdll.dll+0xa20cf]
C  [ntdll.dll+0x51454]
C  [ntdll.dll+0xa0bfe]
C  0x0000028392750f2d

VM_Operation (0x00000096aa1fe740): G1CollectForAllocation, mode: safepoint, requested by thread 0x00000283ac39c800


---------------  P R O C E S S  ---------------

Threads class SMR info:
_java_thread_list=0x00000283a9d6a140, length=62, elements={
0x000002838d48e000, 0x00000283a900c000, 0x00000283a900d800, 0x00000283a988e800,
0x00000283a9890000, 0x00000283a9892000, 0x00000283a9895000, 0x00000283a9896000,
0x00000283a989a000, 0x00000283a99fa800, 0x00000283abe02800, 0x00000283aad63000,
0x00000283aab74800, 0x00000283aa982800, 0x00000283acd3d800, 0x00000283ac0a8800,
0x00000283ac225800, 0x00000283ab7a0800, 0x00000283ac53a800, 0x00000283ab796800,
0x00000283ab793800, 0x00000283ab798000, 0x00000283ab794000, 0x00000283ab795000,
0x00000283ab795800, 0x00000283ab797800, 0x00000283ab792800, 0x00000283ab799000,
0x00000283ace0c000, 0x00000283ace10000, 0x00000283ace0d800, 0x00000283ace0e800,
0x00000283ace0b000, 0x00000283ace11800, 0x00000283ace12800, 0x00000283ace13000,
0x00000283ace0f000, 0x00000283ace15800, 0x00000283ace19000, 0x00000283ace18000,
0x00000283ace17800, 0x00000283ace1a000, 0x00000283ac393800, 0x00000283ac394800,
0x00000283ac396000, 0x00000283ac395000, 0x00000283ac390800, 0x00000283ac392800,
0x00000283ac391000, 0x00000283ac398800, 0x00000283ac399000, 0x00000283ac397800,
0x00000283abccb000, 0x00000283ac397000, 0x00000283ac39d800, 0x00000283ac39f000,
0x00000283ac39a000, 0x00000283ac39e000, 0x00000283ac39b800, 0x00000283ac39c800,
0x00000283ac39b000, 0x00000283ac071800
}

Java Threads: ( => current thread )
  0x000002838d48e000 JavaThread "main" [_thread_blocked, id=2084, stack(0x00000096a5a00000,0x00000096a5b00000)]
  0x00000283a900c000 JavaThread "Reference Handler" daemon [_thread_blocked, id=3876, stack(0x00000096a6100000,0x00000096a6200000)]
  0x00000283a900d800 JavaThread "Finalizer" daemon [_thread_blocked, id=6312, stack(0x00000096a6200000,0x00000096a6300000)]
  0x00000283a988e800 JavaThread "Signal Dispatcher" daemon [_thread_blocked, id=9656, stack(0x00000096a6300000,0x00000096a6400000)]
  0x00000283a9890000 JavaThread "Attach Listener" daemon [_thread_blocked, id=5660, stack(0x00000096a6400000,0x00000096a6500000)]
  0x00000283a9892000 JavaThread "Service Thread" daemon [_thread_blocked, id=996, stack(0x00000096a6500000,0x00000096a6600000)]
  0x00000283a9895000 JavaThread "C2 CompilerThread0" daemon [_thread_in_native, id=6112, stack(0x00000096a6600000,0x00000096a6700000)]
  0x00000283a9896000 JavaThread "C1 CompilerThread0" daemon [_thread_blocked, id=10236, stack(0x00000096a6700000,0x00000096a6800000)]
  0x00000283a989a000 JavaThread "Sweeper thread" daemon [_thread_blocked, id=10924, stack(0x00000096a6800000,0x00000096a6900000)]
  0x00000283a99fa800 JavaThread "Common-Cleaner" daemon [_thread_blocked, id=5420, stack(0x00000096a6900000,0x00000096a6a00000)]
  0x00000283abe02800 JavaThread "Daemon health stats" [_thread_blocked, id=11336, stack(0x00000096a6f00000,0x00000096a7000000)]
  0x00000283aad63000 JavaThread "Incoming local TCP Connector on port 62393" [_thread_in_native, id=3648, stack(0x00000096a6e00000,0x00000096a6f00000)]
  0x00000283aab74800 JavaThread "Daemon periodic checks" [_thread_blocked, id=10464, stack(0x00000096a7000000,0x00000096a7100000)]
  0x00000283aa982800 JavaThread "Daemon" [_thread_blocked, id=4628, stack(0x00000096a7100000,0x00000096a7200000)]
  0x00000283acd3d800 JavaThread "Handler for socket connection from /127.0.0.1:62393 to /127.0.0.1:62394" [_thread_in_native, id=1608, stack(0x00000096a7200000,0x00000096a7300000)]
  0x00000283ac0a8800 JavaThread "Cancel handler" [_thread_blocked, id=8000, stack(0x00000096a7300000,0x00000096a7400000)]
  0x00000283ac225800 JavaThread "Daemon worker" [_thread_blocked, id=11196, stack(0x00000096a7400000,0x00000096a7500000)]
  0x00000283ab7a0800 JavaThread "Asynchronous log dispatcher for DefaultDaemonConnection: socket connection from /127.0.0.1:62393 to /127.0.0.1:62394" [_thread_blocked, id=10360, stack(0x00000096a7500000,0x00000096a7600000)]
  0x00000283ac53a800 JavaThread "Stdin handler" [_thread_blocked, id=6436, stack(0x00000096a7600000,0x00000096a7700000)]
  0x00000283ab796800 JavaThread "Daemon client event forwarder" [_thread_blocked, id=2692, stack(0x00000096a7700000,0x00000096a7800000)]
  0x00000283ab793800 JavaThread "Cache worker for file hash cache (C:\Users\danie\.gradle\caches\7.0.2\fileHashes)" [_thread_blocked, id=9076, stack(0x00000096a7800000,0x00000096a7900000)]
  0x00000283ab798000 JavaThread "File lock request listener" [_thread_in_native, id=9392, stack(0x00000096a7900000,0x00000096a7a00000)]
  0x00000283ab794000 JavaThread "Cache worker for journal cache (C:\Users\danie\.gradle\caches\journal-1)" [_thread_blocked, id=8768, stack(0x00000096a7a00000,0x00000096a7b00000)]
  0x00000283ab795000 JavaThread "Cache worker for file hash cache (C:\Users\danie\AndroidStudioProjects\Choice\.gradle\7.0.2\fileHashes)" [_thread_blocked, id=3068, stack(0x00000096a7c00000,0x00000096a7d00000)]
  0x00000283ab795800 JavaThread "File watcher server" daemon [_thread_blocked, id=8600, stack(0x00000096a7d00000,0x00000096a7e00000)]
  0x00000283ab797800 JavaThread "File watcher consumer" daemon [_thread_blocked, id=10280, stack(0x00000096a7e00000,0x00000096a7f00000)]
  0x00000283ab792800 JavaThread "Cache worker for checksums cache (C:\Users\danie\AndroidStudioProjects\Choice\.gradle\checksums)" [_thread_blocked, id=10312, stack(0x00000096a7f00000,0x00000096a8000000)]
  0x00000283ab799000 JavaThread "Cache worker for cache directory md-supplier (C:\Users\danie\.gradle\caches\7.0.2\md-supplier)" [_thread_blocked, id=11184, stack(0x00000096a8000000,0x00000096a8100000)]
  0x00000283ace0c000 JavaThread "Cache worker for cache directory md-rule (C:\Users\danie\.gradle\caches\7.0.2\md-rule)" [_thread_blocked, id=1392, stack(0x00000096a8100000,0x00000096a8200000)]
  0x00000283ace10000 JavaThread "Cache worker for execution history cache (C:\Users\danie\.gradle\caches\7.0.2\executionHistory)" [_thread_blocked, id=6276, stack(0x00000096a8200000,0x00000096a8300000)]
  0x00000283ace0d800 JavaThread "jar transforms" [_thread_blocked, id=4396, stack(0x00000096a8300000,0x00000096a8400000)]
  0x00000283ace0e800 JavaThread "jar transforms Thread 2" [_thread_blocked, id=1676, stack(0x00000096a8400000,0x00000096a8500000)]
  0x00000283ace0b000 JavaThread "Cache worker for file content cache (C:\Users\danie\.gradle\caches\7.0.2\fileContent)" [_thread_blocked, id=3396, stack(0x00000096a8500000,0x00000096a8600000)]
  0x00000283ace11800 JavaThread "Cache worker for dependencies-accessors (C:\Users\danie\AndroidStudioProjects\Choice\.gradle\7.0.2\dependencies-accessors)" [_thread_blocked, id=760, stack(0x00000096a8600000,0x00000096a8700000)]
  0x00000283ace12800 JavaThread "jar transforms Thread 3" [_thread_blocked, id=1540, stack(0x00000096a8700000,0x00000096a8800000)]
  0x00000283ace13000 JavaThread "Cache worker for Build Output Cleanup Cache (C:\Users\danie\AndroidStudioProjects\Choice\.gradle\buildOutputCleanup)" [_thread_blocked, id=11516, stack(0x00000096a8800000,0x00000096a8900000)]
  0x00000283ace0f000 JavaThread "Build operations" [_thread_blocked, id=5360, stack(0x00000096a8900000,0x00000096a8a00000)]
  0x00000283ace15800 JavaThread "Build operations Thread 2" [_thread_blocked, id=9192, stack(0x00000096a8a00000,0x00000096a8b00000)]
  0x00000283ace19000 JavaThread "Build operations Thread 3" [_thread_blocked, id=5260, stack(0x00000096a8b00000,0x00000096a8c00000)]
  0x00000283ace18000 JavaThread "Build operations Thread 4" [_thread_blocked, id=1692, stack(0x00000096a8c00000,0x00000096a8d00000)]
  0x00000283ace17800 JavaThread "jar transforms Thread 4" [_thread_blocked, id=3920, stack(0x00000096a8d00000,0x00000096a8e00000)]
  0x00000283ace1a000 JavaThread "Memory manager" [_thread_blocked, id=9932, stack(0x00000096a8e00000,0x00000096a8f00000)]
  0x00000283ac393800 JavaThread "build event listener" [_thread_blocked, id=4904, stack(0x00000096a9000000,0x00000096a9100000)]
  0x00000283ac394800 JavaThread "Execution worker for ':'" [_thread_blocked, id=9456, stack(0x00000096a9100000,0x00000096a9200000)]
  0x00000283ac396000 JavaThread "Execution worker for ':' Thread 2" [_thread_blocked, id=5992, stack(0x00000096a9200000,0x00000096a9300000)]
  0x00000283ac395000 JavaThread "Execution worker for ':' Thread 3" [_thread_blocked, id=3996, stack(0x00000096a9300000,0x00000096a9400000)]
  0x00000283ac390800 JavaThread "Cache worker for execution history cache (C:\Users\danie\AndroidStudioProjects\Choice\.gradle\7.0.2\executionHistory)" [_thread_blocked, id=11756, stack(0x00000096a9400000,0x00000096a9500000)]
  0x00000283ac392800 JavaThread "RMI Scheduler(0)" daemon [_thread_blocked, id=2772, stack(0x00000096a9500000,0x00000096a9600000)]
  0x00000283ac391000 JavaThread "RMI GC Daemon" daemon [_thread_blocked, id=9224, stack(0x00000096a9700000,0x00000096a9800000)]
  0x00000283ac398800 JavaThread "RMI TCP Accept-0" daemon [_thread_in_native, id=8444, stack(0x00000096a9800000,0x00000096a9900000)]
  0x00000283ac399000 JavaThread "RMI Reaper" [_thread_blocked, id=8184, stack(0x00000096a9900000,0x00000096a9a00000)]
  0x00000283ac397800 JavaThread "RMI TCP Connection(1)-127.0.0.1" daemon [_thread_in_native, id=3496, stack(0x00000096a9a00000,0x00000096a9b00000)]
  0x00000283abccb000 JavaThread "C2 CompilerThread1" daemon [_thread_in_native, id=7832, stack(0x00000096a7b00000,0x00000096a7c00000)]
  0x00000283ac397000 JavaThread "WorkerExecutor Queue" [_thread_blocked, id=6700, stack(0x00000096a9600000,0x00000096a9700000)]
  0x00000283ac39d800 JavaThread "WorkerExecutor Queue Thread 2" [_thread_blocked, id=10412, stack(0x00000096a9b00000,0x00000096a9c00000)]
  0x00000283ac39f000 JavaThread "WorkerExecutor Queue Thread 3" [_thread_blocked, id=7388, stack(0x00000096a9c00000,0x00000096a9d00000)]
  0x00000283ac39a000 JavaThread "WorkerExecutor Queue Thread 4" [_thread_blocked, id=5244, stack(0x00000096a9d00000,0x00000096a9e00000)]
  0x00000283ac39e000 JavaThread "WorkerExecutor Queue Thread 5" [_thread_blocked, id=11776, stack(0x00000096a9e00000,0x00000096a9f00000)]
  0x00000283ac39b800 JavaThread "ForkJoinPool-1-worker-3" daemon [_thread_blocked, id=10852, stack(0x00000096aa000000,0x00000096aa100000)]
  0x00000283ac39c800 JavaThread "ForkJoinPool-1-worker-5" daemon [_thread_blocked, id=10048, stack(0x00000096aa100000,0x00000096aa200000)]
  0x00000283ac39b000 JavaThread "ForkJoinPool-1-worker-7" daemon [_thread_blocked, id=5472, stack(0x00000096aa200000,0x00000096aa300000)]
  0x00000283ac071800 JavaThread "ForkJoinPool-1-worker-1" daemon [_thread_blocked, id=6872, stack(0x00000096aa300000,0x00000096aa400000)]

Other Threads:
=>0x00000283a9009000 VMThread "VM Thread" [stack: 0x00000096a6000000,0x00000096a6100000] [id=10252]
  0x00000283a9a33800 WatcherThread [stack: 0x00000096a6a00000,0x00000096a6b00000] [id=8028]
  0x000002838d4a7800 GCTaskThread "GC Thread#0" [stack: 0x00000096a5b00000,0x00000096a5c00000] [id=5500]
  0x00000283aa05a000 GCTaskThread "GC Thread#1" [stack: 0x00000096a6b00000,0x00000096a6c00000] [id=8396]
  0x00000283aa05b000 GCTaskThread "GC Thread#2" [stack: 0x00000096a6c00000,0x00000096a6d00000] [id=8648]
  0x00000283aa05c000 GCTaskThread "GC Thread#3" [stack: 0x00000096a6d00000,0x00000096a6e00000] [id=2216]
  0x000002838d4d7000 ConcurrentGCThread "G1 Main Marker" [stack: 0x00000096a5c00000,0x00000096a5d00000] [id=10200]
  0x000002838d4d8800 ConcurrentGCThread "G1 Conc#0" [stack: 0x00000096a5d00000,0x00000096a5e00000] [id=10944]
  0x000002838d56e000 ConcurrentGCThread "G1 Refine#0" [stack: 0x00000096a5e00000,0x00000096a5f00000] [id=11708]
  0x00000283b129d000 ConcurrentGCThread "G1 Refine#1" [stack: 0x00000096a8f00000,0x00000096a9000000] [id=4440]
  0x00000283a9e1c800 ConcurrentGCThread "G1 Refine#2" [stack: 0x00000096a9f00000,0x00000096aa000000] [id=11396]
  0x00000283a8e74800 ConcurrentGCThread "G1 Young RemSet Sampling" [stack: 0x00000096a5f00000,0x00000096a6000000] [id=11788]

Threads with active compile tasks:
C2 CompilerThread0  29748 14117       4       com.android.tools.r8.dex.j::a (1038 bytes)
C1 CompilerThread0  29748 14101       2       com.android.tools.r8.internal.NG::a (96 bytes)
C2 CompilerThread1  29748 14003       4       com.android.tools.r8.code.w1::a (4137 bytes)

VM state:at safepoint (normal execution)

VM Mutex/Monitor currently owned by a thread:  ([mutex/lock_event])
[0x000002838d48a640] Threads_lock - owner thread: 0x00000283a9009000
[0x000002838d48b060] Heap_lock - owner thread: 0x00000283ac39c800

Heap address: 0x0000000080000000, size: 2048 MB, Compressed Oops mode: 32-bit
Narrow klass base: 0x0000000000000000, Narrow klass shift: 3
Compressed class space size: 1073741824 Address: 0x0000000100000000

Heap:
 garbage-first heap   total 711680K, used 301557K [0x0000000080000000, 0x0000000100000000)
  region size 1024K, 3 young (3072K), 3 survivors (3072K)
 Metaspace       used 106004K, capacity 108829K, committed 109004K, reserved 1142784K
  class space    used 13914K, capacity 14947K, committed 15052K, reserved 1048576K
Heap Regions: E=young(eden), S=young(survivor), O=old, HS=humongous(starts), HC=humongous(continues), CS=collection set, F=free, A=archive, TAMS=top-at-mark-start (previous, next)
|   0|0x0000000080000000, 0x0000000080100000, 0x0000000080100000|100%| O|  |TAMS 0x0000000080100000, 0x0000000080100000| Untracked 
|   1|0x0000000080100000, 0x0000000080200000, 0x0000000080200000|100%| O|  |TAMS 0x0000000080200000, 0x0000000080200000| Untracked 
|   2|0x0000000080200000, 0x0000000080300000, 0x0000000080300000|100%| O|  |TAMS 0x0000000080300000, 0x0000000080300000| Untracked 
|   3|0x0000000080300000, 0x0000000080400000, 0x0000000080400000|100%|HS|  |TAMS 0x0000000080400000, 0x0000000080400000| Complete 
|   4|0x0000000080400000, 0x0000000080500000, 0x0000000080500000|100%|HC|  |TAMS 0x0000000080500000, 0x0000000080500000| Complete 
|   5|0x0000000080500000, 0x0000000080600000, 0x0000000080600000|100%|HC|  |TAMS 0x0000000080600000, 0x0000000080600000| Complete 
|   6|0x0000000080600000, 0x0000000080700000, 0x0000000080700000|100%| O|  |TAMS 0x0000000080700000, 0x0000000080700000| Untracked 
|   7|0x0000000080700000, 0x0000000080800000, 0x0000000080800000|100%| O|  |TAMS 0x0000000080800000, 0x0000000080800000| Untracked 
|   8|0x0000000080800000, 0x0000000080900000, 0x0000000080900000|100%| O|  |TAMS 0x0000000080900000, 0x0000000080900000| Untracked 
|   9|0x0000000080900000, 0x0000000080a00000, 0x0000000080a00000|100%| O|  |TAMS 0x0000000080a00000, 0x0000000080a00000| Untracked 
|  10|0x0000000080a00000, 0x0000000080b00000, 0x0000000080b00000|100%| O|  |TAMS 0x0000000080b00000, 0x0000000080b00000| Untracked 
|  11|0x0000000080b00000, 0x0000000080c00000, 0x0000000080c00000|100%| O|  |TAMS 0x0000000080c00000, 0x0000000080c00000| Untracked 
|  12|0x0000000080c00000, 0x0000000080d00000, 0x0000000080d00000|100%|HS|  |TAMS 0x0000000080d00000, 0x0000000080d00000| Complete 
|  13|0x0000000080d00000, 0x0000000080e00000, 0x0000000080e00000|100%|HS|  |TAMS 0x0000000080e00000, 0x0000000080e00000| Complete 
|  14|0x0000000080e00000, 0x0000000080f00000, 0x0000000080f00000|100%|HS|  |TAMS 0x0000000080f00000, 0x0000000080f00000| Complete 
|  15|0x0000000080f00000, 0x0000000081000000, 0x0000000081000000|100%| O|  |TAMS 0x0000000081000000, 0x0000000081000000| Untracked 
|  16|0x0000000081000000, 0x0000000081100000, 0x0000000081100000|100%| O|  |TAMS 0x0000000081100000, 0x0000000081100000| Untracked 
|  17|0x0000000081100000, 0x0000000081200000, 0x0000000081200000|100%| O|  |TAMS 0x0000000081200000, 0x0000000081200000| Untracked 
|  18|0x0000000081200000, 0x0000000081300000, 0x0000000081300000|100%| O|  |TAMS 0x0000000081300000, 0x0000000081300000| Untracked 
|  19|0x0000000081300000, 0x0000000081400000, 0x0000000081400000|100%| O|  |TAMS 0x0000000081400000, 0x0000000081400000| Untracked 
|  20|0x0000000081400000, 0x0000000081500000, 0x0000000081500000|100%| O|  |TAMS 0x0000000081500000, 0x0000000081500000| Untracked 
|  21|0x0000000081500000, 0x0000000081600000, 0x0000000081600000|100%|HS|  |TAMS 0x0000000081600000, 0x0000000081600000| Complete 
|  22|0x0000000081600000, 0x0000000081700000, 0x0000000081700000|100%|HC|  |TAMS 0x0000000081700000, 0x0000000081700000| Complete 
|  23|0x0000000081700000, 0x0000000081800000, 0x0000000081800000|100%|HC|  |TAMS 0x0000000081800000, 0x0000000081800000| Complete 
|  24|0x0000000081800000, 0x0000000081900000, 0x0000000081900000|100%|HS|  |TAMS 0x0000000081900000, 0x0000000081900000| Complete 
|  25|0x0000000081900000, 0x0000000081a00000, 0x0000000081a00000|100%|HC|  |TAMS 0x0000000081a00000, 0x0000000081a00000| Complete 
|  26|0x0000000081a00000, 0x0000000081b00000, 0x0000000081b00000|100%| O|  |TAMS 0x0000000081b00000, 0x0000000081b00000| Untracked 
|  27|0x0000000081b00000, 0x0000000081c00000, 0x0000000081c00000|100%| O|  |TAMS 0x0000000081c00000, 0x0000000081c00000| Untracked 
|  28|0x0000000081c00000, 0x0000000081d00000, 0x0000000081d00000|100%| O|  |TAMS 0x0000000081d00000, 0x0000000081d00000| Untracked 
|  29|0x0000000081d00000, 0x0000000081e00000, 0x0000000081e00000|100%| O|  |TAMS 0x0000000081e00000, 0x0000000081e00000| Untracked 
|  30|0x0000000081e00000, 0x0000000081f00000, 0x0000000081f00000|100%| O|  |TAMS 0x0000000081f00000, 0x0000000081f00000| Untracked 
|  31|0x0000000081f00000, 0x0000000082000000, 0x0000000082000000|100%| O|  |TAMS 0x0000000082000000, 0x0000000082000000| Untracked 
|  32|0x0000000082000000, 0x0000000082100000, 0x0000000082100000|100%| O|  |TAMS 0x0000000082100000, 0x0000000082100000| Untracked 
|  33|0x0000000082100000, 0x0000000082200000, 0x0000000082200000|100%| O|  |TAMS 0x0000000082200000, 0x0000000082200000| Untracked 
|  34|0x0000000082200000, 0x0000000082300000, 0x0000000082300000|100%| O|  |TAMS 0x0000000082300000, 0x0000000082300000| Untracked 
|  35|0x0000000082300000, 0x0000000082400000, 0x0000000082400000|100%| O|  |TAMS 0x0000000082400000, 0x0000000082400000| Untracked 
|  36|0x0000000082400000, 0x0000000082500000, 0x0000000082500000|100%| O|  |TAMS 0x0000000082500000, 0x0000000082500000| Untracked 
|  37|0x0000000082500000, 0x0000000082600000, 0x0000000082600000|100%| O|  |TAMS 0x0000000082600000, 0x0000000082600000| Untracked 
|  38|0x0000000082600000, 0x0000000082700000, 0x0000000082700000|100%| O|  |TAMS 0x0000000082700000, 0x0000000082700000| Untracked 
|  39|0x0000000082700000, 0x0000000082800000, 0x0000000082800000|100%| O|  |TAMS 0x0000000082800000, 0x0000000082800000| Untracked 
|  40|0x0000000082800000, 0x0000000082900000, 0x0000000082900000|100%| O|  |TAMS 0x0000000082900000, 0x0000000082900000| Untracked 
|  41|0x0000000082900000, 0x0000000082a00000, 0x0000000082a00000|100%| O|  |TAMS 0x0000000082a00000, 0x0000000082a00000| Untracked 
|  42|0x0000000082a00000, 0x0000000082b00000, 0x0000000082b00000|100%| O|  |TAMS 0x0000000082b00000, 0x0000000082b00000| Untracked 
|  43|0x0000000082b00000, 0x0000000082c00000, 0x0000000082c00000|100%| O|  |TAMS 0x0000000082c00000, 0x0000000082c00000| Untracked 
|  44|0x0000000082c00000, 0x0000000082d00000, 0x0000000082d00000|100%| O|  |TAMS 0x0000000082d00000, 0x0000000082d00000| Untracked 
|  45|0x0000000082d00000, 0x0000000082e00000, 0x0000000082e00000|100%| O|  |TAMS 0x0000000082e00000, 0x0000000082e00000| Untracked 
|  46|0x0000000082e00000, 0x0000000082f00000, 0x0000000082f00000|100%| O|  |TAMS 0x0000000082f00000, 0x0000000082f00000| Untracked 
|  47|0x0000000082f00000, 0x0000000083000000, 0x0000000083000000|100%| O|  |TAMS 0x0000000083000000, 0x0000000083000000| Untracked 
|  48|0x0000000083000000, 0x0000000083100000, 0x0000000083100000|100%| O|  |TAMS 0x0000000083100000, 0x0000000083100000| Untracked 
|  49|0x0000000083100000, 0x0000000083200000, 0x0000000083200000|100%| O|  |TAMS 0x0000000083200000, 0x0000000083200000| Untracked 
|  50|0x0000000083200000, 0x0000000083300000, 0x0000000083300000|100%| O|  |TAMS 0x0000000083300000, 0x0000000083300000| Untracked 
|  51|0x0000000083300000, 0x0000000083400000, 0x0000000083400000|100%| O|  |TAMS 0x0000000083400000, 0x0000000083400000| Untracked 
|  52|0x0000000083400000, 0x0000000083500000, 0x0000000083500000|100%| O|  |TAMS 0x0000000083500000, 0x0000000083500000| Untracked 
|  53|0x0000000083500000, 0x0000000083600000, 0x0000000083600000|100%| O|  |TAMS 0x0000000083600000, 0x0000000083600000| Untracked 
|  54|0x0000000083600000, 0x0000000083700000, 0x0000000083700000|100%| O|  |TAMS 0x0000000083700000, 0x0000000083700000| Untracked 
|  55|0x0000000083700000, 0x0000000083800000, 0x0000000083800000|100%| O|  |TAMS 0x0000000083800000, 0x0000000083800000| Untracked 
|  56|0x0000000083800000, 0x0000000083900000, 0x0000000083900000|100%| O|  |TAMS 0x0000000083900000, 0x0000000083900000| Untracked 
|  57|0x0000000083900000, 0x0000000083a00000, 0x0000000083a00000|100%| O|  |TAMS 0x0000000083a00000, 0x0000000083a00000| Untracked 
|  58|0x0000000083a00000, 0x0000000083b00000, 0x0000000083b00000|100%| O|  |TAMS 0x0000000083b00000, 0x0000000083b00000| Untracked 
|  59|0x0000000083b00000, 0x0000000083c00000, 0x0000000083c00000|100%| O|  |TAMS 0x0000000083c00000, 0x0000000083c00000| Untracked 
|  60|0x0000000083c00000, 0x0000000083d00000, 0x0000000083d00000|100%| O|  |TAMS 0x0000000083d00000, 0x0000000083d00000| Untracked 
|  61|0x0000000083d00000, 0x0000000083e00000, 0x0000000083e00000|100%| O|  |TAMS 0x0000000083e00000, 0x0000000083e00000| Untracked 
|  62|0x0000000083e00000, 0x0000000083f00000, 0x0000000083f00000|100%| O|  |TAMS 0x0000000083f00000, 0x0000000083f00000| Untracked 
|  63|0x0000000083f00000, 0x0000000084000000, 0x0000000084000000|100%| O|  |TAMS 0x0000000084000000, 0x0000000084000000| Untracked 
|  64|0x0000000084000000, 0x0000000084100000, 0x0000000084100000|100%| O|  |TAMS 0x0000000084100000, 0x0000000084100000| Untracked 
|  65|0x0000000084100000, 0x0000000084200000, 0x0000000084200000|100%| O|  |TAMS 0x0000000084200000, 0x0000000084200000| Untracked 
|  66|0x0000000084200000, 0x0000000084300000, 0x0000000084300000|100%| O|  |TAMS 0x0000000084300000, 0x0000000084300000| Untracked 
|  67|0x0000000084300000, 0x0000000084400000, 0x0000000084400000|100%| O|  |TAMS 0x0000000084400000, 0x0000000084400000| Untracked 
|  68|0x0000000084400000, 0x0000000084500000, 0x0000000084500000|100%| O|  |TAMS 0x0000000084500000, 0x0000000084500000| Untracked 
|  69|0x0000000084500000, 0x0000000084600000, 0x0000000084600000|100%| O|  |TAMS 0x0000000084600000, 0x0000000084600000| Untracked 
|  70|0x0000000084600000, 0x0000000084700000, 0x0000000084700000|100%| O|  |TAMS 0x0000000084700000, 0x0000000084700000| Untracked 
|  71|0x0000000084700000, 0x0000000084800000, 0x0000000084800000|100%| O|  |TAMS 0x0000000084800000, 0x0000000084800000| Untracked 
|  72|0x0000000084800000, 0x0000000084900000, 0x0000000084900000|100%| O|  |TAMS 0x0000000084900000, 0x0000000084900000| Untracked 
|  73|0x0000000084900000, 0x0000000084a00000, 0x0000000084a00000|100%| O|  |TAMS 0x0000000084a00000, 0x0000000084a00000| Untracked 
|  74|0x0000000084a00000, 0x0000000084b00000, 0x0000000084b00000|100%| O|  |TAMS 0x0000000084b00000, 0x0000000084b00000| Untracked 
|  75|0x0000000084b00000, 0x0000000084c00000, 0x0000000084c00000|100%| O|  |TAMS 0x0000000084c00000, 0x0000000084c00000| Untracked 
|  76|0x0000000084c00000, 0x0000000084d00000, 0x0000000084d00000|100%| O|  |TAMS 0x0000000084d00000, 0x0000000084d00000| Untracked 
|  77|0x0000000084d00000, 0x0000000084e00000, 0x0000000084e00000|100%| O|  |TAMS 0x0000000084e00000, 0x0000000084e00000| Untracked 
|  78|0x0000000084e00000, 0x0000000084f00000, 0x0000000084f00000|100%| O|  |TAMS 0x0000000084f00000, 0x0000000084f00000| Untracked 
|  79|0x0000000084f00000, 0x0000000085000000, 0x0000000085000000|100%| O|  |TAMS 0x0000000085000000, 0x0000000085000000| Untracked 
|  80|0x0000000085000000, 0x0000000085100000, 0x0000000085100000|100%| O|  |TAMS 0x0000000085100000, 0x0000000085100000| Untracked 
|  81|0x0000000085100000, 0x0000000085200000, 0x0000000085200000|100%| O|  |TAMS 0x0000000085200000, 0x0000000085200000| Untracked 
|  82|0x0000000085200000, 0x0000000085300000, 0x0000000085300000|100%| O|  |TAMS 0x0000000085300000, 0x0000000085300000| Untracked 
|  83|0x0000000085300000, 0x0000000085400000, 0x0000000085400000|100%| O|  |TAMS 0x0000000085400000, 0x0000000085400000| Untracked 
|  84|0x0000000085400000, 0x0000000085500000, 0x0000000085500000|100%| O|  |TAMS 0x0000000085500000, 0x0000000085500000| Untracked 
|  85|0x0000000085500000, 0x0000000085600000, 0x0000000085600000|100%| O|  |TAMS 0x0000000085600000, 0x0000000085600000| Untracked 
|  86|0x0000000085600000, 0x0000000085700000, 0x0000000085700000|100%| O|  |TAMS 0x0000000085700000, 0x0000000085700000| Untracked 
|  87|0x0000000085700000, 0x0000000085800000, 0x0000000085800000|100%| O|  |TAMS 0x0000000085800000, 0x0000000085800000| Untracked 
|  88|0x0000000085800000, 0x0000000085900000, 0x0000000085900000|100%| O|  |TAMS 0x0000000085900000, 0x0000000085900000| Untracked 
|  89|0x0000000085900000, 0x0000000085a00000, 0x0000000085a00000|100%| O|  |TAMS 0x0000000085a00000, 0x0000000085a00000| Untracked 
|  90|0x0000000085a00000, 0x0000000085b00000, 0x0000000085b00000|100%| O|  |TAMS 0x0000000085b00000, 0x0000000085b00000| Untracked 
|  91|0x0000000085b00000, 0x0000000085c00000, 0x0000000085c00000|100%| O|  |TAMS 0x0000000085c00000, 0x0000000085c00000| Untracked 
|  92|0x0000000085c00000, 0x0000000085d00000, 0x0000000085d00000|100%|HS|  |TAMS 0x0000000085d00000, 0x0000000085d00000| Complete 
|  93|0x0000000085d00000, 0x0000000085e00000, 0x0000000085e00000|100%|HC|  |TAMS 0x0000000085e00000, 0x0000000085e00000| Complete 
|  94|0x0000000085e00000, 0x0000000085f00000, 0x0000000085f00000|100%|HS|  |TAMS 0x0000000085f00000, 0x0000000085f00000| Complete 
|  95|0x0000000085f00000, 0x0000000086000000, 0x0000000086000000|100%|HC|  |TAMS 0x0000000086000000, 0x0000000086000000| Complete 
|  96|0x0000000086000000, 0x0000000086100000, 0x0000000086100000|100%|HS|  |TAMS 0x0000000086100000, 0x0000000086100000| Complete 
|  97|0x0000000086100000, 0x0000000086200000, 0x0000000086200000|100%|HC|  |TAMS 0x0000000086200000, 0x0000000086200000| Complete 
|  98|0x0000000086200000, 0x0000000086300000, 0x0000000086300000|100%|HC|  |TAMS 0x0000000086300000, 0x0000000086300000| Complete 
|  99|0x0000000086300000, 0x0000000086400000, 0x0000000086400000|100%|HS|  |TAMS 0x0000000086400000, 0x0000000086400000| Complete 
| 100|0x0000000086400000, 0x0000000086500000, 0x0000000086500000|100%|HS|  |TAMS 0x0000000086500000, 0x0000000086500000| Complete 
| 101|0x0000000086500000, 0x0000000086600000, 0x0000000086600000|100%|HS|  |TAMS 0x0000000086600000, 0x0000000086600000| Complete 
| 102|0x0000000086600000, 0x0000000086700000, 0x0000000086700000|100%|HS|  |TAMS 0x0000000086700000, 0x0000000086700000| Complete 
| 103|0x0000000086700000, 0x0000000086800000, 0x0000000086800000|100%|HS|  |TAMS 0x0000000086800000, 0x0000000086800000| Complete 
| 104|0x0000000086800000, 0x0000000086900000, 0x0000000086900000|100%|HC|  |TAMS 0x0000000086900000, 0x0000000086900000| Complete 
| 105|0x0000000086900000, 0x0000000086a00000, 0x0000000086a00000|100%|HS|  |TAMS 0x0000000086a00000, 0x0000000086a00000| Complete 
| 106|0x0000000086a00000, 0x0000000086b00000, 0x0000000086b00000|100%|HS|  |TAMS 0x0000000086b00000, 0x0000000086b00000| Complete 
| 107|0x0000000086b00000, 0x0000000086c00000, 0x0000000086c00000|100%|HS|  |TAMS 0x0000000086c00000, 0x0000000086c00000| Complete 
| 108|0x0000000086c00000, 0x0000000086d00000, 0x0000000086d00000|100%|HS|  |TAMS 0x0000000086d00000, 0x0000000086d00000| Complete 
| 109|0x0000000086d00000, 0x0000000086e00000, 0x0000000086e00000|100%|HS|  |TAMS 0x0000000086e00000, 0x0000000086e00000| Complete 
| 110|0x0000000086e00000, 0x0000000086f00000, 0x0000000086f00000|100%|HC|  |TAMS 0x0000000086f00000, 0x0000000086f00000| Complete 
| 111|0x0000000086f00000, 0x0000000087000000, 0x0000000087000000|100%|HC|  |TAMS 0x0000000087000000, 0x0000000087000000| Complete 
| 112|0x0000000087000000, 0x0000000087100000, 0x0000000087100000|100%| O|  |TAMS 0x0000000087100000, 0x0000000087100000| Untracked 
| 113|0x0000000087100000, 0x0000000087200000, 0x0000000087200000|100%| O|  |TAMS 0x0000000087200000, 0x0000000087200000| Untracked 
| 114|0x0000000087200000, 0x0000000087300000, 0x0000000087300000|100%|HS|  |TAMS 0x0000000087300000, 0x0000000087300000| Complete 
| 115|0x0000000087300000, 0x0000000087400000, 0x0000000087400000|100%|HC|  |TAMS 0x0000000087400000, 0x0000000087400000| Complete 
| 116|0x0000000087400000, 0x0000000087500000, 0x0000000087500000|100%| O|  |TAMS 0x0000000087500000, 0x0000000087500000| Untracked 
| 117|0x0000000087500000, 0x0000000087600000, 0x0000000087600000|100%| O|  |TAMS 0x0000000087600000, 0x0000000087600000| Untracked 
| 118|0x0000000087600000, 0x0000000087700000, 0x0000000087700000|100%| O|  |TAMS 0x0000000087700000, 0x0000000087700000| Untracked 
| 119|0x0000000087700000, 0x0000000087800000, 0x0000000087800000|100%| O|  |TAMS 0x0000000087800000, 0x0000000087800000| Untracked 
| 120|0x0000000087800000, 0x0000000087900000, 0x0000000087900000|100%| O|  |TAMS 0x0000000087900000, 0x0000000087900000| Untracked 
| 121|0x0000000087900000, 0x0000000087a00000, 0x0000000087a00000|100%| O|  |TAMS 0x0000000087a00000, 0x0000000087a00000| Untracked 
| 122|0x0000000087a00000, 0x0000000087b00000, 0x0000000087b00000|100%| O|  |TAMS 0x0000000087b00000, 0x0000000087b00000| Untracked 
| 123|0x0000000087b00000, 0x0000000087c00000, 0x0000000087c00000|100%| O|  |TAMS 0x0000000087c00000, 0x0000000087c00000| Untracked 
| 124|0x0000000087c00000, 0x0000000087d00000, 0x0000000087d00000|100%| O|  |TAMS 0x0000000087d00000, 0x0000000087d00000| Untracked 
| 125|0x0000000087d00000, 0x0000000087e00000, 0x0000000087e00000|100%|HS|  |TAMS 0x0000000087e00000, 0x0000000087e00000| Complete 
| 126|0x0000000087e00000, 0x0000000087f00000, 0x0000000087f00000|100%|HC|  |TAMS 0x0000000087f00000, 0x0000000087f00000| Complete 
| 127|0x0000000087f00000, 0x0000000088000000, 0x0000000088000000|100%| O|  |TAMS 0x0000000088000000, 0x0000000088000000| Untracked 
| 128|0x0000000088000000, 0x0000000088100000, 0x0000000088100000|100%| O|  |TAMS 0x0000000088100000, 0x0000000088100000| Untracked 
| 129|0x0000000088100000, 0x0000000088200000, 0x0000000088200000|100%| O|  |TAMS 0x0000000088200000, 0x0000000088200000| Untracked 
| 130|0x0000000088200000, 0x0000000088300000, 0x0000000088300000|100%| O|  |TAMS 0x0000000088300000, 0x0000000088300000| Untracked 
| 131|0x0000000088300000, 0x0000000088400000, 0x0000000088400000|100%| O|  |TAMS 0x0000000088400000, 0x0000000088400000| Untracked 
| 132|0x0000000088400000, 0x0000000088500000, 0x0000000088500000|100%| O|  |TAMS 0x0000000088500000, 0x0000000088500000| Untracked 
| 133|0x0000000088500000, 0x0000000088600000, 0x0000000088600000|100%| O|  |TAMS 0x0000000088600000, 0x0000000088600000| Untracked 
| 134|0x0000000088600000, 0x0000000088700000, 0x0000000088700000|100%| O|  |TAMS 0x0000000088700000, 0x0000000088700000| Untracked 
| 135|0x0000000088700000, 0x0000000088800000, 0x0000000088800000|100%| O|  |TAMS 0x0000000088800000, 0x0000000088800000| Untracked 
| 136|0x0000000088800000, 0x0000000088900000, 0x0000000088900000|100%| O|  |TAMS 0x0000000088900000, 0x0000000088900000| Untracked 
| 137|0x0000000088900000, 0x0000000088a00000, 0x0000000088a00000|100%|HS|  |TAMS 0x0000000088a00000, 0x0000000088a00000| Complete 
| 138|0x0000000088a00000, 0x0000000088b00000, 0x0000000088b00000|100%|HC|  |TAMS 0x0000000088b00000, 0x0000000088b00000| Complete 
| 139|0x0000000088b00000, 0x0000000088c00000, 0x0000000088c00000|100%|HC|  |TAMS 0x0000000088c00000, 0x0000000088c00000| Complete 
| 140|0x0000000088c00000, 0x0000000088d00000, 0x0000000088d00000|100%| O|  |TAMS 0x0000000088d00000, 0x0000000088d00000| Untracked 
| 141|0x0000000088d00000, 0x0000000088e00000, 0x0000000088e00000|100%|HS|  |TAMS 0x0000000088e00000, 0x0000000088e00000| Complete 
| 142|0x0000000088e00000, 0x0000000088f00000, 0x0000000088f00000|100%| O|  |TAMS 0x0000000088f00000, 0x0000000088f00000| Untracked 
| 143|0x0000000088f00000, 0x0000000089000000, 0x0000000089000000|100%|HS|  |TAMS 0x0000000089000000, 0x0000000089000000| Complete 
| 144|0x0000000089000000, 0x0000000089100000, 0x0000000089100000|100%| O|  |TAMS 0x0000000089100000, 0x0000000089100000| Untracked 
| 145|0x0000000089100000, 0x0000000089200000, 0x0000000089200000|100%|HS|  |TAMS 0x0000000089200000, 0x0000000089200000| Complete 
| 146|0x0000000089200000, 0x0000000089300000, 0x0000000089300000|100%| O|  |TAMS 0x0000000089300000, 0x0000000089300000| Untracked 
| 147|0x0000000089300000, 0x0000000089400000, 0x0000000089400000|100%|HS|  |TAMS 0x0000000089400000, 0x0000000089400000| Complete 
| 148|0x0000000089400000, 0x0000000089500000, 0x0000000089500000|100%| O|  |TAMS 0x0000000089500000, 0x0000000089500000| Untracked 
| 149|0x0000000089500000, 0x0000000089600000, 0x0000000089600000|100%| O|  |TAMS 0x0000000089600000, 0x0000000089600000| Untracked 
| 150|0x0000000089600000, 0x0000000089700000, 0x0000000089700000|100%|HS|  |TAMS 0x0000000089700000, 0x0000000089700000| Complete 
| 151|0x0000000089700000, 0x0000000089800000, 0x0000000089800000|100%|HC|  |TAMS 0x0000000089800000, 0x0000000089800000| Complete 
| 152|0x0000000089800000, 0x0000000089900000, 0x0000000089900000|100%| O|  |TAMS 0x0000000089800000, 0x0000000089900000| Untracked 
| 153|0x0000000089900000, 0x0000000089a00000, 0x0000000089a00000|100%|HS|  |TAMS 0x0000000089a00000, 0x0000000089a00000| Complete 
| 154|0x0000000089a00000, 0x0000000089b00000, 0x0000000089b00000|100%| O|  |TAMS 0x0000000089a00000, 0x0000000089b00000| Untracked 
| 155|0x0000000089b00000, 0x0000000089c00000, 0x0000000089c00000|100%|HS|  |TAMS 0x0000000089c00000, 0x0000000089c00000| Complete 
| 156|0x0000000089c00000, 0x0000000089d00000, 0x0000000089d00000|100%| O|  |TAMS 0x0000000089d00000, 0x0000000089d00000| Untracked 
| 157|0x0000000089d00000, 0x0000000089e00000, 0x0000000089e00000|100%|HS|  |TAMS 0x0000000089e00000, 0x0000000089e00000| Complete 
| 158|0x0000000089e00000, 0x0000000089f00000, 0x0000000089f00000|100%| O|  |TAMS 0x0000000089f00000, 0x0000000089f00000| Untracked 
| 159|0x0000000089f00000, 0x000000008a000000, 0x000000008a000000|100%|HS|  |TAMS 0x000000008a000000, 0x000000008a000000| Complete 
| 160|0x000000008a000000, 0x000000008a100000, 0x000000008a100000|100%| O|  |TAMS 0x000000008a100000, 0x000000008a100000| Untracked 
| 161|0x000000008a100000, 0x000000008a200000, 0x000000008a200000|100%| O|  |TAMS 0x000000008a200000, 0x000000008a200000| Untracked 
| 162|0x000000008a200000, 0x000000008a300000, 0x000000008a300000|100%| O|  |TAMS 0x000000008a300000, 0x000000008a300000| Untracked 
| 163|0x000000008a300000, 0x000000008a400000, 0x000000008a400000|100%|HS|  |TAMS 0x000000008a400000, 0x000000008a400000| Complete 
| 164|0x000000008a400000, 0x000000008a500000, 0x000000008a500000|100%|HC|  |TAMS 0x000000008a500000, 0x000000008a500000| Complete 
| 165|0x000000008a500000, 0x000000008a600000, 0x000000008a600000|100%|HC|  |TAMS 0x000000008a600000, 0x000000008a600000| Complete 
| 166|0x000000008a600000, 0x000000008a700000, 0x000000008a700000|100%| O|  |TAMS 0x000000008a700000, 0x000000008a700000| Untracked 
| 167|0x000000008a700000, 0x000000008a800000, 0x000000008a800000|100%| O|  |TAMS 0x000000008a800000, 0x000000008a800000| Untracked 
| 168|0x000000008a800000, 0x000000008a900000, 0x000000008a900000|100%| O|  |TAMS 0x000000008a900000, 0x000000008a900000| Untracked 
| 169|0x000000008a900000, 0x000000008aa00000, 0x000000008aa00000|100%| O|  |TAMS 0x000000008aa00000, 0x000000008aa00000| Untracked 
| 170|0x000000008aa00000, 0x000000008ab00000, 0x000000008ab00000|100%| O|  |TAMS 0x000000008ab00000, 0x000000008ab00000| Untracked 
| 171|0x000000008ab00000, 0x000000008ac00000, 0x000000008ac00000|100%| O|  |TAMS 0x000000008ac00000, 0x000000008ac00000| Untracked 
| 172|0x000000008ac00000, 0x000000008ad00000, 0x000000008ad00000|100%| O|  |TAMS 0x000000008ad00000, 0x000000008ad00000| Untracked 
| 173|0x000000008ad00000, 0x000000008ae00000, 0x000000008ae00000|100%| O|  |TAMS 0x000000008ae00000, 0x000000008ae00000| Untracked 
| 174|0x000000008ae00000, 0x000000008af00000, 0x000000008af00000|100%| O|  |TAMS 0x000000008af00000, 0x000000008af00000| Untracked 
| 175|0x000000008af00000, 0x000000008b000000, 0x000000008b000000|100%| O|  |TAMS 0x000000008b000000, 0x000000008b000000| Untracked 
| 176|0x000000008b000000, 0x000000008b100000, 0x000000008b100000|100%| O|  |TAMS 0x000000008b100000, 0x000000008b100000| Untracked 
| 177|0x000000008b100000, 0x000000008b200000, 0x000000008b200000|100%| O|  |TAMS 0x000000008b200000, 0x000000008b200000| Untracked 
| 178|0x000000008b200000, 0x000000008b300000, 0x000000008b300000|100%| O|  |TAMS 0x000000008b300000, 0x000000008b300000| Untracked 
| 179|0x000000008b300000, 0x000000008b400000, 0x000000008b400000|100%| O|  |TAMS 0x000000008b400000, 0x000000008b400000| Untracked 
| 180|0x000000008b400000, 0x000000008b500000, 0x000000008b500000|100%| O|  |TAMS 0x000000008b500000, 0x000000008b500000| Untracked 
| 181|0x000000008b500000, 0x000000008b600000, 0x000000008b600000|100%| O|  |TAMS 0x000000008b600000, 0x000000008b600000| Untracked 
| 182|0x000000008b600000, 0x000000008b700000, 0x000000008b700000|100%| O|  |TAMS 0x000000008b700000, 0x000000008b700000| Untracked 
| 183|0x000000008b700000, 0x000000008b800000, 0x000000008b800000|100%| O|  |TAMS 0x000000008b800000, 0x000000008b800000| Untracked 
| 184|0x000000008b800000, 0x000000008b900000, 0x000000008b900000|100%|HS|  |TAMS 0x000000008b900000, 0x000000008b900000| Complete 
| 185|0x000000008b900000, 0x000000008ba00000, 0x000000008ba00000|100%|HC|  |TAMS 0x000000008ba00000, 0x000000008ba00000| Complete 
| 186|0x000000008ba00000, 0x000000008bb00000, 0x000000008bb00000|100%|HS|  |TAMS 0x000000008bb00000, 0x000000008bb00000| Complete 
| 187|0x000000008bb00000, 0x000000008bc00000, 0x000000008bc00000|100%|HC|  |TAMS 0x000000008bc00000, 0x000000008bc00000| Complete 
| 188|0x000000008bc00000, 0x000000008bd00000, 0x000000008bd00000|100%| O|  |TAMS 0x000000008bd00000, 0x000000008bd00000| Untracked 
| 189|0x000000008bd00000, 0x000000008be00000, 0x000000008be00000|100%| O|  |TAMS 0x000000008be00000, 0x000000008be00000| Untracked 
| 190|0x000000008be00000, 0x000000008bf00000, 0x000000008bf00000|100%| O|  |TAMS 0x000000008bf00000, 0x000000008bf00000| Untracked 
| 191|0x000000008bf00000, 0x000000008c000000, 0x000000008c000000|100%| O|  |TAMS 0x000000008c000000, 0x000000008c000000| Untracked 
| 192|0x000000008c000000, 0x000000008c100000, 0x000000008c100000|100%| O|  |TAMS 0x000000008c100000, 0x000000008c100000| Untracked 
| 193|0x000000008c100000, 0x000000008c200000, 0x000000008c200000|100%| O|  |TAMS 0x000000008c200000, 0x000000008c200000| Untracked 
| 194|0x000000008c200000, 0x000000008c300000, 0x000000008c300000|100%| O|  |TAMS 0x000000008c300000, 0x000000008c300000| Untracked 
| 195|0x000000008c300000, 0x000000008c400000, 0x000000008c400000|100%| O|  |TAMS 0x000000008c400000, 0x000000008c400000| Untracked 
| 196|0x000000008c400000, 0x000000008c500000, 0x000000008c500000|100%| O|  |TAMS 0x000000008c500000, 0x000000008c500000| Untracked 
| 197|0x000000008c500000, 0x000000008c600000, 0x000000008c600000|100%|HS|  |TAMS 0x000000008c600000, 0x000000008c600000| Complete 
| 198|0x000000008c600000, 0x000000008c700000, 0x000000008c700000|100%| O|  |TAMS 0x000000008c700000, 0x000000008c700000| Untracked 
| 199|0x000000008c700000, 0x000000008c800000, 0x000000008c800000|100%| O|  |TAMS 0x000000008c800000, 0x000000008c800000| Untracked 
| 200|0x000000008c800000, 0x000000008c900000, 0x000000008c900000|100%| O|  |TAMS 0x000000008c900000, 0x000000008c900000| Untracked 
| 201|0x000000008c900000, 0x000000008ca00000, 0x000000008ca00000|100%| O|  |TAMS 0x000000008ca00000, 0x000000008ca00000| Untracked 
| 202|0x000000008ca00000, 0x000000008cb00000, 0x000000008cb00000|100%| O|  |TAMS 0x000000008cb00000, 0x000000008cb00000| Untracked 
| 203|0x000000008cb00000, 0x000000008cc00000, 0x000000008cc00000|100%| O|  |TAMS 0x000000008cc00000, 0x000000008cc00000| Untracked 
| 204|0x000000008cc00000, 0x000000008cd00000, 0x000000008cd00000|100%| O|  |TAMS 0x000000008cd00000, 0x000000008cd00000| Untracked 
| 205|0x000000008cd00000, 0x000000008ce00000, 0x000000008ce00000|100%| O|  |TAMS 0x000000008ce00000, 0x000000008ce00000| Untracked 
| 206|0x000000008ce00000, 0x000000008cf00000, 0x000000008cf00000|100%| O|  |TAMS 0x000000008cf00000, 0x000000008cf00000| Untracked 
| 207|0x000000008cf00000, 0x000000008d000000, 0x000000008d000000|100%| O|  |TAMS 0x000000008d000000, 0x000000008d000000| Untracked 
| 208|0x000000008d000000, 0x000000008d100000, 0x000000008d100000|100%| O|  |TAMS 0x000000008d100000, 0x000000008d100000| Untracked 
| 209|0x000000008d100000, 0x000000008d200000, 0x000000008d200000|100%| O|  |TAMS 0x000000008d200000, 0x000000008d200000| Untracked 
| 210|0x000000008d200000, 0x000000008d300000, 0x000000008d300000|100%| O|  |TAMS 0x000000008d300000, 0x000000008d300000| Untracked 
| 211|0x000000008d300000, 0x000000008d400000, 0x000000008d400000|100%| O|  |TAMS 0x000000008d400000, 0x000000008d400000| Untracked 
| 212|0x000000008d400000, 0x000000008d500000, 0x000000008d500000|100%| O|  |TAMS 0x000000008d500000, 0x000000008d500000| Untracked 
| 213|0x000000008d500000, 0x000000008d600000, 0x000000008d600000|100%| O|  |TAMS 0x000000008d600000, 0x000000008d600000| Untracked 
| 214|0x000000008d600000, 0x000000008d700000, 0x000000008d700000|100%| O|  |TAMS 0x000000008d700000, 0x000000008d700000| Untracked 
| 215|0x000000008d700000, 0x000000008d800000, 0x000000008d800000|100%| O|  |TAMS 0x000000008d800000, 0x000000008d800000| Untracked 
| 216|0x000000008d800000, 0x000000008d900000, 0x000000008d900000|100%| O|  |TAMS 0x000000008d900000, 0x000000008d900000| Untracked 
| 217|0x000000008d900000, 0x000000008da00000, 0x000000008da00000|100%| O|  |TAMS 0x000000008d930200, 0x000000008da00000| Untracked 
| 218|0x000000008da00000, 0x000000008db00000, 0x000000008db00000|100%| O|  |TAMS 0x000000008da00000, 0x000000008db00000| Untracked 
| 219|0x000000008db00000, 0x000000008dc00000, 0x000000008dc00000|100%| O|  |TAMS 0x000000008db00000, 0x000000008dc00000| Untracked 
| 220|0x000000008dc00000, 0x000000008dd00000, 0x000000008dd00000|100%| O|  |TAMS 0x000000008dc00000, 0x000000008dd00000| Untracked 
| 221|0x000000008dd00000, 0x000000008de00000, 0x000000008de00000|100%| O|  |TAMS 0x000000008dd00000, 0x000000008de00000| Untracked 
| 222|0x000000008de00000, 0x000000008df00000, 0x000000008df00000|100%| O|  |TAMS 0x000000008de00000, 0x000000008df00000| Untracked 
| 223|0x000000008df00000, 0x000000008e000000, 0x000000008e000000|100%| O|  |TAMS 0x000000008df00000, 0x000000008e000000| Untracked 
| 224|0x000000008e000000, 0x000000008e100000, 0x000000008e100000|100%| O|  |TAMS 0x000000008e000000, 0x000000008e100000| Untracked 
| 225|0x000000008e100000, 0x000000008e200000, 0x000000008e200000|100%| O|  |TAMS 0x000000008e100000, 0x000000008e200000| Untracked 
| 226|0x000000008e200000, 0x000000008e300000, 0x000000008e300000|100%| O|  |TAMS 0x000000008e200000, 0x000000008e300000| Untracked 
| 227|0x000000008e300000, 0x000000008e400000, 0x000000008e400000|100%| O|  |TAMS 0x000000008e300000, 0x000000008e400000| Untracked 
| 228|0x000000008e400000, 0x000000008e500000, 0x000000008e500000|100%| O|  |TAMS 0x000000008e400000, 0x000000008e500000| Untracked 
| 229|0x000000008e500000, 0x000000008e600000, 0x000000008e600000|100%| O|  |TAMS 0x000000008e500000, 0x000000008e600000| Untracked 
| 230|0x000000008e600000, 0x000000008e700000, 0x000000008e700000|100%| O|  |TAMS 0x000000008e600000, 0x000000008e700000| Untracked 
| 231|0x000000008e700000, 0x000000008e800000, 0x000000008e800000|100%| O|  |TAMS 0x000000008e700000, 0x000000008e800000| Untracked 
| 232|0x000000008e800000, 0x000000008e900000, 0x000000008e900000|100%| O|  |TAMS 0x000000008e800000, 0x000000008e900000| Untracked 
| 233|0x000000008e900000, 0x000000008ea00000, 0x000000008ea00000|100%| O|  |TAMS 0x000000008e900000, 0x000000008ea00000| Untracked 
| 234|0x000000008ea00000, 0x000000008eb00000, 0x000000008eb00000|100%| O|  |TAMS 0x000000008ea00000, 0x000000008eb00000| Untracked 
| 235|0x000000008eb00000, 0x000000008ec00000, 0x000000008ec00000|100%| O|  |TAMS 0x000000008eb00000, 0x000000008ec00000| Untracked 
| 236|0x000000008ec00000, 0x000000008ed00000, 0x000000008ed00000|100%| O|  |TAMS 0x000000008ec00000, 0x000000008ed00000| Untracked 
| 237|0x000000008ed00000, 0x000000008ee00000, 0x000000008ee00000|100%| O|  |TAMS 0x000000008ed00000, 0x000000008ee00000| Untracked 
| 238|0x000000008ee00000, 0x000000008ef00000, 0x000000008ef00000|100%| O|  |TAMS 0x000000008ee00000, 0x000000008ef00000| Untracked 
| 239|0x000000008ef00000, 0x000000008f000000, 0x000000008f000000|100%| O|  |TAMS 0x000000008ef00000, 0x000000008f000000| Untracked 
| 240|0x000000008f000000, 0x000000008f100000, 0x000000008f100000|100%| O|  |TAMS 0x000000008f000000, 0x000000008f100000| Untracked 
| 241|0x000000008f100000, 0x000000008f200000, 0x000000008f200000|100%| O|  |TAMS 0x000000008f100000, 0x000000008f200000| Untracked 
| 242|0x000000008f200000, 0x000000008f300000, 0x000000008f300000|100%| O|  |TAMS 0x000000008f200000, 0x000000008f300000| Untracked 
| 243|0x000000008f300000, 0x000000008f400000, 0x000000008f400000|100%| O|  |TAMS 0x000000008f300000, 0x000000008f400000| Untracked 
| 244|0x000000008f400000, 0x000000008f500000, 0x000000008f500000|100%| O|  |TAMS 0x000000008f400000, 0x000000008f500000| Untracked 
| 245|0x000000008f500000, 0x000000008f600000, 0x000000008f600000|100%| O|  |TAMS 0x000000008f500000, 0x000000008f600000| Untracked 
| 246|0x000000008f600000, 0x000000008f700000, 0x000000008f700000|100%| O|  |TAMS 0x000000008f600000, 0x000000008f700000| Untracked 
| 247|0x000000008f700000, 0x000000008f800000, 0x000000008f800000|100%| O|  |TAMS 0x000000008f700000, 0x000000008f800000| Untracked 
| 248|0x000000008f800000, 0x000000008f900000, 0x000000008f900000|100%| O|  |TAMS 0x000000008f800000, 0x000000008f900000| Untracked 
| 249|0x000000008f900000, 0x000000008fa00000, 0x000000008fa00000|100%| O|  |TAMS 0x000000008f900000, 0x000000008fa00000| Untracked 
| 250|0x000000008fa00000, 0x000000008fb00000, 0x000000008fb00000|100%| O|  |TAMS 0x000000008fa00000, 0x000000008fb00000| Untracked 
| 251|0x000000008fb00000, 0x000000008fc00000, 0x000000008fc00000|100%| O|  |TAMS 0x000000008fb00000, 0x000000008fc00000| Untracked 
| 252|0x000000008fc00000, 0x000000008fd00000, 0x000000008fd00000|100%| O|  |TAMS 0x000000008fc00000, 0x000000008fd00000| Untracked 
| 253|0x000000008fd00000, 0x000000008fe00000, 0x000000008fe00000|100%| O|  |TAMS 0x000000008fd00000, 0x000000008fe00000| Untracked 
| 254|0x000000008fe00000, 0x000000008ff00000, 0x000000008ff00000|100%| O|  |TAMS 0x000000008fe00000, 0x000000008ff00000| Untracked 
| 255|0x000000008ff00000, 0x0000000090000000, 0x0000000090000000|100%| O|  |TAMS 0x000000008ff00000, 0x0000000090000000| Untracked 
| 256|0x0000000090000000, 0x0000000090100000, 0x0000000090100000|100%| O|  |TAMS 0x0000000090100000, 0x0000000090100000| Untracked 
| 257|0x0000000090100000, 0x0000000090200000, 0x0000000090200000|100%| O|  |TAMS 0x0000000090100000, 0x0000000090200000| Untracked 
| 258|0x0000000090200000, 0x0000000090300000, 0x0000000090300000|100%| O|  |TAMS 0x0000000090300000, 0x0000000090300000| Untracked 
| 259|0x0000000090300000, 0x0000000090400000, 0x0000000090400000|100%| O|  |TAMS 0x0000000090400000, 0x0000000090400000| Untracked 
| 260|0x0000000090400000, 0x0000000090500000, 0x0000000090500000|100%| O|  |TAMS 0x0000000090500000, 0x0000000090500000| Untracked 
| 261|0x0000000090500000, 0x0000000090600000, 0x0000000090600000|100%| O|  |TAMS 0x0000000090600000, 0x0000000090600000| Untracked 
| 262|0x0000000090600000, 0x0000000090700000, 0x0000000090700000|100%| O|  |TAMS 0x0000000090700000, 0x0000000090700000| Untracked 
| 263|0x0000000090700000, 0x0000000090800000, 0x0000000090800000|100%| O|  |TAMS 0x0000000090700000, 0x0000000090800000| Untracked 
| 264|0x0000000090800000, 0x0000000090900000, 0x0000000090900000|100%| O|  |TAMS 0x0000000090900000, 0x0000000090900000| Untracked 
| 265|0x0000000090900000, 0x0000000090a00000, 0x0000000090a00000|100%| O|  |TAMS 0x0000000090a00000, 0x0000000090a00000| Untracked 
| 266|0x0000000090a00000, 0x0000000090b00000, 0x0000000090b00000|100%| O|  |TAMS 0x0000000090b00000, 0x0000000090b00000| Untracked 
| 267|0x0000000090b00000, 0x0000000090c00000, 0x0000000090c00000|100%| O|  |TAMS 0x0000000090c00000, 0x0000000090c00000| Untracked 
| 268|0x0000000090c00000, 0x0000000090d00000, 0x0000000090d00000|100%| O|  |TAMS 0x0000000090d00000, 0x0000000090d00000| Untracked 
| 269|0x0000000090d00000, 0x0000000090e00000, 0x0000000090e00000|100%| O|  |TAMS 0x0000000090e00000, 0x0000000090e00000| Untracked 
| 270|0x0000000090e00000, 0x0000000090f00000, 0x0000000090f00000|100%| O|  |TAMS 0x0000000090f00000, 0x0000000090f00000| Untracked 
| 271|0x0000000090f00000, 0x0000000091000000, 0x0000000091000000|100%| O|  |TAMS 0x0000000091000000, 0x0000000091000000| Untracked 
| 272|0x0000000091000000, 0x0000000091100000, 0x0000000091100000|100%| O|  |TAMS 0x0000000091100000, 0x0000000091100000| Untracked 
| 273|0x0000000091100000, 0x0000000091200000, 0x0000000091200000|100%| O|  |TAMS 0x0000000091200000, 0x0000000091200000| Untracked 
| 274|0x0000000091200000, 0x0000000091300000, 0x0000000091300000|100%| O|  |TAMS 0x0000000091300000, 0x0000000091300000| Untracked 
| 275|0x0000000091300000, 0x0000000091400000, 0x0000000091400000|100%| O|  |TAMS 0x0000000091400000, 0x0000000091400000| Untracked 
| 276|0x0000000091400000, 0x0000000091500000, 0x0000000091500000|100%| O|  |TAMS 0x0000000091500000, 0x0000000091500000| Untracked 
| 277|0x0000000091500000, 0x0000000091600000, 0x0000000091600000|100%| O|  |TAMS 0x0000000091600000, 0x0000000091600000| Untracked 
| 278|0x0000000091600000, 0x0000000091700000, 0x0000000091700000|100%| O|  |TAMS 0x0000000091600000, 0x0000000091700000| Untracked 
| 279|0x0000000091700000, 0x0000000091800000, 0x0000000091800000|100%| O|  |TAMS 0x0000000091700000, 0x0000000091800000| Untracked 
| 280|0x0000000091800000, 0x0000000091900000, 0x0000000091900000|100%| O|  |TAMS 0x0000000091800000, 0x0000000091900000| Untracked 
| 281|0x0000000091900000, 0x0000000091a00000, 0x0000000091a00000|100%| O|  |TAMS 0x0000000091900000, 0x0000000091a00000| Untracked 
| 282|0x0000000091a00000, 0x0000000091b00000, 0x0000000091b00000|100%| O|  |TAMS 0x0000000091a00000, 0x0000000091b00000| Untracked 
| 283|0x0000000091b00000, 0x0000000091c00000, 0x0000000091c00000|100%| O|  |TAMS 0x0000000091b00000, 0x0000000091bff600| Untracked 
| 284|0x0000000091c00000, 0x0000000091d00000, 0x0000000091d00000|100%| O|  |TAMS 0x0000000091c00000, 0x0000000091c00000| Untracked 
| 285|0x0000000091d00000, 0x0000000091e00000, 0x0000000091e00000|100%| O|  |TAMS 0x0000000091d00000, 0x0000000091d00000| Untracked 
| 286|0x0000000091e00000, 0x0000000091f00000, 0x0000000091f00000|100%| O|  |TAMS 0x0000000091e00000, 0x0000000091e00000| Untracked 
| 287|0x0000000091f00000, 0x0000000092000000, 0x0000000092000000|100%| O|  |TAMS 0x0000000091f00000, 0x0000000091f00000| Untracked 
| 288|0x0000000092000000, 0x0000000092100000, 0x0000000092100000|100%| O|  |TAMS 0x0000000092000000, 0x0000000092000000| Untracked 
| 289|0x0000000092100000, 0x0000000092200000, 0x0000000092200000|100%| O|  |TAMS 0x0000000092100000, 0x0000000092100000| Untracked 
| 290|0x0000000092200000, 0x0000000092300000, 0x0000000092300000|100%| O|  |TAMS 0x0000000092200000, 0x0000000092200000| Untracked 
| 291|0x0000000092300000, 0x000000009237d400, 0x0000000092400000| 48%| O|  |TAMS 0x0000000092300000, 0x0000000092300000| Untracked 
| 292|0x0000000092400000, 0x0000000092400000, 0x0000000092500000|  0%| F|  |TAMS 0x0000000092400000, 0x0000000092400000| Untracked 
| 293|0x0000000092500000, 0x0000000092500000, 0x0000000092600000|  0%| F|  |TAMS 0x0000000092500000, 0x0000000092500000| Untracked 
| 294|0x0000000092600000, 0x0000000092600000, 0x0000000092700000|  0%| F|  |TAMS 0x0000000092600000, 0x0000000092600000| Untracked 
| 295|0x0000000092700000, 0x0000000092700000, 0x0000000092800000|  0%| F|  |TAMS 0x0000000092700000, 0x0000000092700000| Untracked 
| 296|0x0000000092800000, 0x0000000092800000, 0x0000000092900000|  0%| F|  |TAMS 0x0000000092800000, 0x0000000092800000| Untracked 
| 297|0x0000000092900000, 0x0000000092900000, 0x0000000092a00000|  0%| F|  |TAMS 0x0000000092900000, 0x0000000092900000| Untracked 
| 298|0x0000000092a00000, 0x0000000092a00000, 0x0000000092b00000|  0%| F|  |TAMS 0x0000000092a00000, 0x0000000092a00000| Untracked 
| 299|0x0000000092b00000, 0x0000000092b00000, 0x0000000092c00000|  0%| F|  |TAMS 0x0000000092b00000, 0x0000000092b00000| Untracked 
| 300|0x0000000092c00000, 0x0000000092c00000, 0x0000000092d00000|  0%| F|  |TAMS 0x0000000092c00000, 0x0000000092c00000| Untracked 
| 301|0x0000000092d00000, 0x0000000092d00000, 0x0000000092e00000|  0%| F|  |TAMS 0x0000000092d00000, 0x0000000092d00000| Untracked 
| 302|0x0000000092e00000, 0x0000000092e00000, 0x0000000092f00000|  0%| F|  |TAMS 0x0000000092e00000, 0x0000000092e00000| Untracked 
| 303|0x0000000092f00000, 0x0000000092f00000, 0x0000000093000000|  0%| F|  |TAMS 0x0000000092f00000, 0x0000000092f00000| Untracked 
| 304|0x0000000093000000, 0x0000000093000000, 0x0000000093100000|  0%| F|  |TAMS 0x0000000093000000, 0x0000000093000000| Untracked 
| 305|0x0000000093100000, 0x0000000093100000, 0x0000000093200000|  0%| F|  |TAMS 0x0000000093100000, 0x0000000093100000| Untracked 
| 306|0x0000000093200000, 0x0000000093200000, 0x0000000093300000|  0%| F|  |TAMS 0x0000000093200000, 0x0000000093200000| Untracked 
| 307|0x0000000093300000, 0x0000000093300000, 0x0000000093400000|  0%| F|  |TAMS 0x0000000093300000, 0x0000000093300000| Untracked 
| 308|0x0000000093400000, 0x0000000093400000, 0x0000000093500000|  0%| F|  |TAMS 0x0000000093400000, 0x0000000093400000| Untracked 
| 309|0x0000000093500000, 0x0000000093500000, 0x0000000093600000|  0%| F|  |TAMS 0x0000000093500000, 0x0000000093500000| Untracked 
| 310|0x0000000093600000, 0x0000000093600000, 0x0000000093700000|  0%| F|  |TAMS 0x0000000093600000, 0x0000000093600000| Untracked 
| 311|0x0000000093700000, 0x0000000093700000, 0x0000000093800000|  0%| F|  |TAMS 0x0000000093700000, 0x0000000093700000| Untracked 
| 312|0x0000000093800000, 0x0000000093800000, 0x0000000093900000|  0%| F|  |TAMS 0x0000000093800000, 0x0000000093800000| Untracked 
| 313|0x0000000093900000, 0x0000000093900000, 0x0000000093a00000|  0%| F|  |TAMS 0x0000000093900000, 0x0000000093900000| Untracked 
| 314|0x0000000093a00000, 0x0000000093a00000, 0x0000000093b00000|  0%| F|  |TAMS 0x0000000093a00000, 0x0000000093a00000| Untracked 
| 315|0x0000000093b00000, 0x0000000093b00000, 0x0000000093c00000|  0%| F|  |TAMS 0x0000000093b00000, 0x0000000093b00000| Untracked 
| 316|0x0000000093c00000, 0x0000000093c00000, 0x0000000093d00000|  0%| F|  |TAMS 0x0000000093c00000, 0x0000000093c00000| Untracked 
| 317|0x0000000093d00000, 0x0000000093d00000, 0x0000000093e00000|  0%| F|  |TAMS 0x0000000093d00000, 0x0000000093d00000| Untracked 
| 318|0x0000000093e00000, 0x0000000093e00000, 0x0000000093f00000|  0%| F|  |TAMS 0x0000000093e00000, 0x0000000093e00000| Untracked 
| 319|0x0000000093f00000, 0x0000000093f00000, 0x0000000094000000|  0%| F|  |TAMS 0x0000000093f00000, 0x0000000093f00000| Untracked 
| 320|0x0000000094000000, 0x0000000094000000, 0x0000000094100000|  0%| F|  |TAMS 0x0000000094000000, 0x0000000094000000| Untracked 
| 321|0x0000000094100000, 0x0000000094100000, 0x0000000094200000|  0%| F|  |TAMS 0x0000000094100000, 0x0000000094100000| Untracked 
| 322|0x0000000094200000, 0x0000000094200000, 0x0000000094300000|  0%| F|  |TAMS 0x0000000094200000, 0x0000000094200000| Untracked 
| 323|0x0000000094300000, 0x0000000094300000, 0x0000000094400000|  0%| F|  |TAMS 0x0000000094300000, 0x0000000094300000| Untracked 
| 324|0x0000000094400000, 0x0000000094400000, 0x0000000094500000|  0%| F|  |TAMS 0x0000000094400000, 0x0000000094400000| Untracked 
| 325|0x0000000094500000, 0x0000000094500000, 0x0000000094600000|  0%| F|  |TAMS 0x0000000094500000, 0x0000000094500000| Untracked 
| 326|0x0000000094600000, 0x0000000094600000, 0x0000000094700000|  0%| F|  |TAMS 0x0000000094600000, 0x0000000094600000| Untracked 
| 327|0x0000000094700000, 0x0000000094700000, 0x0000000094800000|  0%| F|  |TAMS 0x0000000094700000, 0x0000000094700000| Untracked 
| 328|0x0000000094800000, 0x0000000094800000, 0x0000000094900000|  0%| F|  |TAMS 0x0000000094800000, 0x0000000094800000| Untracked 
| 329|0x0000000094900000, 0x0000000094900000, 0x0000000094a00000|  0%| F|  |TAMS 0x0000000094900000, 0x0000000094900000| Untracked 
| 330|0x0000000094a00000, 0x0000000094a00000, 0x0000000094b00000|  0%| F|  |TAMS 0x0000000094a00000, 0x0000000094a00000| Untracked 
| 331|0x0000000094b00000, 0x0000000094b00000, 0x0000000094c00000|  0%| F|  |TAMS 0x0000000094b00000, 0x0000000094b00000| Untracked 
| 332|0x0000000094c00000, 0x0000000094c00000, 0x0000000094d00000|  0%| F|  |TAMS 0x0000000094c00000, 0x0000000094c00000| Untracked 
| 333|0x0000000094d00000, 0x0000000094d00000, 0x0000000094e00000|  0%| F|  |TAMS 0x0000000094d00000, 0x0000000094d00000| Untracked 
| 334|0x0000000094e00000, 0x0000000094e00000, 0x0000000094f00000|  0%| F|  |TAMS 0x0000000094e00000, 0x0000000094e00000| Untracked 
| 335|0x0000000094f00000, 0x0000000094f00000, 0x0000000095000000|  0%| F|  |TAMS 0x0000000094f00000, 0x0000000094f00000| Untracked 
| 336|0x0000000095000000, 0x0000000095000000, 0x0000000095100000|  0%| F|  |TAMS 0x0000000095000000, 0x0000000095000000| Untracked 
| 337|0x0000000095100000, 0x0000000095100000, 0x0000000095200000|  0%| F|  |TAMS 0x0000000095100000, 0x0000000095100000| Untracked 
| 338|0x0000000095200000, 0x0000000095200000, 0x0000000095300000|  0%| F|  |TAMS 0x0000000095200000, 0x0000000095200000| Untracked 
| 339|0x0000000095300000, 0x0000000095400000, 0x0000000095400000|100%| S|CS|TAMS 0x0000000095300000, 0x0000000095300000| Complete 
| 340|0x0000000095400000, 0x0000000095500000, 0x0000000095500000|100%| S|CS|TAMS 0x0000000095400000, 0x0000000095400000| Complete 
| 341|0x0000000095500000, 0x0000000095600000, 0x0000000095600000|100%| S|CS|TAMS 0x0000000095500000, 0x0000000095500000| Complete 
| 342|0x0000000095600000, 0x0000000095600000, 0x0000000095700000|  0%| F|  |TAMS 0x0000000095600000, 0x0000000095600000| Untracked 
| 343|0x0000000095700000, 0x0000000095700000, 0x0000000095800000|  0%| F|  |TAMS 0x0000000095700000, 0x0000000095700000| Untracked 
| 344|0x0000000095800000, 0x0000000095800000, 0x0000000095900000|  0%| F|  |TAMS 0x0000000095800000, 0x0000000095800000| Untracked 
| 345|0x0000000095900000, 0x0000000095900000, 0x0000000095a00000|  0%| F|  |TAMS 0x0000000095900000, 0x0000000095900000| Untracked 
| 346|0x0000000095a00000, 0x0000000095a00000, 0x0000000095b00000|  0%| F|  |TAMS 0x0000000095a00000, 0x0000000095a00000| Untracked 
| 347|0x0000000095b00000, 0x0000000095b00000, 0x0000000095c00000|  0%| F|  |TAMS 0x0000000095b00000, 0x0000000095b00000| Untracked 
| 348|0x0000000095c00000, 0x0000000095c00000, 0x0000000095d00000|  0%| F|  |TAMS 0x0000000095c00000, 0x0000000095c00000| Untracked 
| 349|0x0000000095d00000, 0x0000000095d00000, 0x0000000095e00000|  0%| F|  |TAMS 0x0000000095d00000, 0x0000000095d00000| Untracked 
| 350|0x0000000095e00000, 0x0000000095e00000, 0x0000000095f00000|  0%| F|  |TAMS 0x0000000095e00000, 0x0000000095e00000| Untracked 
| 351|0x0000000095f00000, 0x0000000095f00000, 0x0000000096000000|  0%| F|  |TAMS 0x0000000095f00000, 0x0000000095f00000| Untracked 
| 352|0x0000000096000000, 0x0000000096000000, 0x0000000096100000|  0%| F|  |TAMS 0x0000000096000000, 0x0000000096000000| Untracked 
| 353|0x0000000096100000, 0x0000000096100000, 0x0000000096200000|  0%| F|  |TAMS 0x0000000096100000, 0x0000000096100000| Untracked 
| 354|0x0000000096200000, 0x0000000096200000, 0x0000000096300000|  0%| F|  |TAMS 0x0000000096200000, 0x0000000096200000| Untracked 
| 355|0x0000000096300000, 0x0000000096300000, 0x0000000096400000|  0%| F|  |TAMS 0x0000000096300000, 0x0000000096300000| Untracked 

Card table byte_map: [0x00000283a2180000,0x00000283a2580000] _byte_map_base: 0x00000283a1d80000

Marking Bits (Prev, Next): (CMBitMap*) 0x000002838d4ce628, (CMBitMap*) 0x000002838d4ce660
 Prev Bits: [0x00000283a2980000, 0x00000283a4980000)
 Next Bits: [0x00000283a4980000, 0x00000283a6980000)

Polling page: 0x000002838d570000

Metaspace:

Usage:
  Non-class:     91.68 MB capacity,    89.93 MB ( 98%) used,     1.44 MB (  2%) free+waste,   319.69 KB ( <1%) overhead. 
      Class:     14.60 MB capacity,    13.59 MB ( 93%) used,   887.70 KB (  6%) free+waste,   144.88 KB ( <1%) overhead. 
       Both:    106.28 MB capacity,   103.52 MB ( 97%) used,     2.30 MB (  2%) free+waste,   464.56 KB ( <1%) overhead. 

Virtual space:
  Non-class space:       92.00 MB reserved,      91.75 MB (>99%) committed 
      Class space:        1.00 GB reserved,      14.70 MB (  1%) committed 
             Both:        1.09 GB reserved,     106.45 MB ( 10%) committed 

Chunk freelists:
   Non-Class:  70.00 KB
       Class:  29.00 KB
        Both:  99.00 KB

MaxMetaspaceSize: 17179869184.00 GB
CompressedClassSpaceSize: 1.00 GB

CodeHeap 'non-profiled nmethods': size=120064Kb used=9786Kb max_used=9786Kb free=110277Kb
 bounds [0x000002839a210000, 0x000002839aba0000, 0x00000283a1750000]
CodeHeap 'profiled nmethods': size=120000Kb used=29947Kb max_used=29947Kb free=90052Kb
 bounds [0x0000028392ce0000, 0x0000028394a20000, 0x000002839a210000]
CodeHeap 'non-nmethods': size=5696Kb used=2338Kb max_used=2408Kb free=3357Kb
 bounds [0x0000028392750000, 0x00000283929c0000, 0x0000028392ce0000]
 total_blobs=14895 nmethods=13935 adapters=871
 compilation: enabled
              stopped_count=0, restarted_count=0
 full_count=0

Compilation events (20 events):
Event: 29.514 Thread 0x00000283a9896000 nmethod 14104 0x0000028394a1d290 code [0x0000028394a1d460, 0x0000028394a1d6d8]
Event: 29.514 Thread 0x00000283a9896000 14102       2       com.android.tools.r8.internal.f5::a (8 bytes)
Event: 29.514 Thread 0x00000283a9896000 nmethod 14102 0x0000028394a1d790 code [0x0000028394a1d940, 0x0000028394a1da48]
Event: 29.514 Thread 0x00000283a9896000 14112       2       com.android.tools.r8.internal.W4::c (25 bytes)
Event: 29.514 Thread 0x00000283a9896000 nmethod 14112 0x0000028394a1db10 code [0x0000028394a1dcc0, 0x0000028394a1de28]
Event: 29.514 Thread 0x00000283a9896000 14103       2       com.android.tools.r8.graph.B::F (8 bytes)
Event: 29.515 Thread 0x00000283a9896000 nmethod 14103 0x0000028394a1df10 code [0x0000028394a1e0c0, 0x0000028394a1e1b8]
Event: 29.515 Thread 0x00000283a9896000 14105       2       com.android.tools.r8.internal.h2::b (64 bytes)
Event: 29.515 Thread 0x00000283a9896000 nmethod 14105 0x0000028394a1e290 code [0x0000028394a1e480, 0x0000028394a1e838]
Event: 29.515 Thread 0x00000283a9896000 14100       2       com.android.tools.r8.internal.Le::a (36 bytes)
Event: 29.515 Thread 0x00000283a9896000 nmethod 14100 0x0000028394a1ea10 code [0x0000028394a1ebe0, 0x0000028394a1ed88]
Event: 29.515 Thread 0x00000283a9896000 14101       2       com.android.tools.r8.internal.NG::a (96 bytes)
Event: 29.515 Thread 0x00000283a9895000 nmethod 14062 0x000002839ab9c710 code [0x000002839ab9c8a0, 0x000002839ab9ca98]
Event: 29.515 Thread 0x00000283a9895000 14115       4       com.android.tools.r8.code.D0::hashCode (20 bytes)
Event: 29.517 Thread 0x00000283a9895000 nmethod 14115 0x000002839ab9cb10 code [0x000002839ab9ccc0, 0x000002839ab9cd88]
Event: 29.517 Thread 0x00000283a9895000 14073       4       com.android.tools.r8.graph.a0::j (6 bytes)
Event: 29.518 Thread 0x00000283a9895000 nmethod 14073 0x000002839ab9ce90 code [0x000002839ab9d020, 0x000002839ab9d098]
Event: 29.518 Thread 0x00000283a9895000 14074       4       com.android.tools.r8.graph.a0$$Lambda$1254/0x0000000100de2840::a (5 bytes)
Event: 29.542 Thread 0x00000283a9895000 nmethod 14074 0x000002839ab9d110 code [0x000002839ab9d360, 0x000002839ab9e0f8]
Event: 29.542 Thread 0x00000283a9895000 14117       4       com.android.tools.r8.dex.j::a (1038 bytes)

GC Heap History (20 events):
Event: 28.112 GC heap after
{Heap after GC invocations=28 (full 0):
 garbage-first heap   total 284672K, used 232261K [0x0000000080000000, 0x0000000100000000)
  region size 1024K, 3 young (3072K), 3 survivors (3072K)
 Metaspace       used 103901K, capacity 106691K, committed 106828K, reserved 1140736K
  class space    used 13569K, capacity 14588K, committed 14668K, reserved 1048576K
}
Event: 28.329 GC heap before
{Heap before GC invocations=28 (full 0):
 garbage-first heap   total 284672K, used 244549K [0x0000000080000000, 0x0000000100000000)
  region size 1024K, 15 young (15360K), 3 survivors (3072K)
 Metaspace       used 105678K, capacity 108479K, committed 108748K, reserved 1142784K
  class space    used 13919K, capacity 14966K, committed 15052K, reserved 1048576K
}
Event: 28.341 GC heap after
{Heap after GC invocations=29 (full 0):
 garbage-first heap   total 284672K, used 235327K [0x0000000080000000, 0x0000000100000000)
  region size 1024K, 2 young (2048K), 2 survivors (2048K)
 Metaspace       used 105678K, capacity 108479K, committed 108748K, reserved 1142784K
  class space    used 13919K, capacity 14966K, committed 15052K, reserved 1048576K
}
Event: 28.416 GC heap before
{Heap before GC invocations=30 (full 0):
 garbage-first heap   total 284672K, used 246591K [0x0000000080000000, 0x0000000100000000)
  region size 1024K, 13 young (13312K), 2 survivors (2048K)
 Metaspace       used 105834K, capacity 108680K, committed 109004K, reserved 1142784K
  class space    used 13922K, capacity 14966K, committed 15052K, reserved 1048576K
}
Event: 28.423 GC heap after
{Heap after GC invocations=31 (full 0):
 garbage-first heap   total 284672K, used 239559K [0x0000000080000000, 0x0000000100000000)
  region size 1024K, 2 young (2048K), 2 survivors (2048K)
 Metaspace       used 105834K, capacity 108680K, committed 109004K, reserved 1142784K
  class space    used 13922K, capacity 14966K, committed 15052K, reserved 1048576K
}
Event: 28.470 GC heap before
{Heap before GC invocations=31 (full 0):
 garbage-first heap   total 284672K, used 250823K [0x0000000080000000, 0x0000000100000000)
  region size 1024K, 13 young (13312K), 2 survivors (2048K)
 Metaspace       used 105858K, capacity 108680K, committed 109004K, reserved 1142784K
  class space    used 13922K, capacity 14966K, committed 15052K, reserved 1048576K
}
Event: 28.478 GC heap after
{Heap after GC invocations=32 (full 0):
 garbage-first heap   total 284672K, used 244928K [0x0000000080000000, 0x0000000100000000)
  region size 1024K, 2 young (2048K), 2 survivors (2048K)
 Metaspace       used 105858K, capacity 108680K, committed 109004K, reserved 1142784K
  class space    used 13922K, capacity 14966K, committed 15052K, reserved 1048576K
}
Event: 28.578 GC heap before
{Heap before GC invocations=32 (full 0):
 garbage-first heap   total 284672K, used 255168K [0x0000000080000000, 0x0000000100000000)
  region size 1024K, 13 young (13312K), 2 survivors (2048K)
 Metaspace       used 105884K, capacity 108680K, committed 109004K, reserved 1142784K
  class space    used 13924K, capacity 14966K, committed 15052K, reserved 1048576K
}
Event: 28.587 GC heap after
{Heap after GC invocations=33 (full 0):
 garbage-first heap   total 284672K, used 250788K [0x0000000080000000, 0x0000000100000000)
  region size 1024K, 2 young (2048K), 2 survivors (2048K)
 Metaspace       used 105884K, capacity 108680K, committed 109004K, reserved 1142784K
  class space    used 13924K, capacity 14966K, committed 15052K, reserved 1048576K
}
Event: 28.628 GC heap before
{Heap before GC invocations=33 (full 0):
 garbage-first heap   total 284672K, used 262052K [0x0000000080000000, 0x0000000100000000)
  region size 1024K, 13 young (13312K), 2 survivors (2048K)
 Metaspace       used 105889K, capacity 108683K, committed 109004K, reserved 1142784K
  class space    used 13925K, capacity 14967K, committed 15052K, reserved 1048576K
}
Event: 28.636 GC heap after
{Heap after GC invocations=34 (full 0):
 garbage-first heap   total 284672K, used 256770K [0x0000000080000000, 0x0000000100000000)
  region size 1024K, 2 young (2048K), 2 survivors (2048K)
 Metaspace       used 105889K, capacity 108683K, committed 109004K, reserved 1142784K
  class space    used 13925K, capacity 14967K, committed 15052K, reserved 1048576K
}
Event: 28.819 GC heap before
{Heap before GC invocations=34 (full 0):
 garbage-first heap   total 284672K, used 267010K [0x0000000080000000, 0x0000000100000000)
  region size 1024K, 13 young (13312K), 2 survivors (2048K)
 Metaspace       used 105954K, capacity 108756K, committed 109004K, reserved 1142784K
  class space    used 13926K, capacity 14970K, committed 15052K, reserved 1048576K
}
Event: 28.829 GC heap after
{Heap after GC invocations=35 (full 0):
 garbage-first heap   total 364544K, used 261385K [0x0000000080000000, 0x0000000100000000)
  region size 1024K, 2 young (2048K), 2 survivors (2048K)
 Metaspace       used 105954K, capacity 108756K, committed 109004K, reserved 1142784K
  class space    used 13926K, capacity 14970K, committed 15052K, reserved 1048576K
}
Event: 29.052 GC heap before
{Heap before GC invocations=35 (full 0):
 garbage-first heap   total 364544K, used 283913K [0x0000000080000000, 0x0000000100000000)
  region size 1024K, 26 young (26624K), 2 survivors (2048K)
 Metaspace       used 105934K, capacity 108698K, committed 109004K, reserved 1142784K
  class space    used 13913K, capacity 14947K, committed 15052K, reserved 1048576K
}
Event: 29.068 GC heap after
{Heap after GC invocations=36 (full 0):
 garbage-first heap   total 364544K, used 272265K [0x0000000080000000, 0x0000000100000000)
  region size 1024K, 4 young (4096K), 4 survivors (4096K)
 Metaspace       used 105934K, capacity 108698K, committed 109004K, reserved 1142784K
  class space    used 13913K, capacity 14947K, committed 15052K, reserved 1048576K
}
Event: 29.168 GC heap before
{Heap before GC invocations=37 (full 0):
 garbage-first heap   total 364544K, used 294793K [0x0000000080000000, 0x0000000100000000)
  region size 1024K, 26 young (26624K), 4 survivors (4096K)
 Metaspace       used 105982K, capacity 108829K, committed 109004K, reserved 1142784K
  class space    used 13913K, capacity 14947K, committed 15052K, reserved 1048576K
}
Event: 29.189 GC heap after
{Heap after GC invocations=38 (full 0):
 garbage-first heap   total 364544K, used 284074K [0x0000000080000000, 0x0000000100000000)
  region size 1024K, 4 young (4096K), 4 survivors (4096K)
 Metaspace       used 105982K, capacity 108829K, committed 109004K, reserved 1142784K
  class space    used 13913K, capacity 14947K, committed 15052K, reserved 1048576K
}
Event: 29.256 GC heap before
{Heap before GC invocations=38 (full 0):
 garbage-first heap   total 364544K, used 302506K [0x0000000080000000, 0x0000000100000000)
  region size 1024K, 22 young (22528K), 4 survivors (4096K)
 Metaspace       used 105984K, capacity 108829K, committed 109004K, reserved 1142784K
  class space    used 13913K, capacity 14947K, committed 15052K, reserved 1048576K
}
Event: 29.270 GC heap after
{Heap after GC invocations=39 (full 0):
 garbage-first heap   total 364544K, used 293885K [0x0000000080000000, 0x0000000100000000)
  region size 1024K, 3 young (3072K), 3 survivors (3072K)
 Metaspace       used 105984K, capacity 108829K, committed 109004K, reserved 1142784K
  class space    used 13913K, capacity 14947K, committed 15052K, reserved 1048576K
}
Event: 29.712 GC heap before
{Heap before GC invocations=39 (full 0):
 garbage-first heap   total 364544K, used 308221K [0x0000000080000000, 0x0000000100000000)
  region size 1024K, 17 young (17408K), 3 survivors (3072K)
 Metaspace       used 106004K, capacity 108829K, committed 109004K, reserved 1142784K
  class space    used 13914K, capacity 14947K, committed 15052K, reserved 1048576K
}

Deoptimization events (20 events):
Event: 29.493 Thread 0x00000283ac39c800 DEOPT PACKING pc=0x00000283948cf805 sp=0x00000096aa1fe8b0
Event: 29.493 Thread 0x00000283ac39c800 DEOPT UNPACKING pc=0x00000283927776ce sp=0x00000096aa1fded8 mode 0
Event: 29.495 Thread 0x00000283ac071800 DEOPT PACKING pc=0x00000283948cf805 sp=0x00000096aa3feae0
Event: 29.495 Thread 0x00000283ac071800 DEOPT UNPACKING pc=0x00000283927776ce sp=0x00000096aa3fe108 mode 0
Event: 29.497 Thread 0x00000283ac39c800 DEOPT PACKING pc=0x00000283948cf805 sp=0x00000096aa1fe890
Event: 29.497 Thread 0x00000283ac39c800 DEOPT UNPACKING pc=0x00000283927776ce sp=0x00000096aa1fdeb8 mode 0
Event: 29.499 Thread 0x00000283ac39c800 DEOPT PACKING pc=0x00000283948cf805 sp=0x00000096aa1fe8b0
Event: 29.499 Thread 0x00000283ac39c800 DEOPT UNPACKING pc=0x00000283927776ce sp=0x00000096aa1fded8 mode 0
Event: 29.504 Thread 0x00000283ac39c800 DEOPT PACKING pc=0x00000283948cf805 sp=0x00000096aa1fe8b0
Event: 29.504 Thread 0x00000283ac39c800 DEOPT UNPACKING pc=0x00000283927776ce sp=0x00000096aa1fded8 mode 0
Event: 29.506 Thread 0x00000283ac071800 DEOPT PACKING pc=0x00000283948cf805 sp=0x00000096aa3feac0
Event: 29.506 Thread 0x00000283ac071800 DEOPT UNPACKING pc=0x00000283927776ce sp=0x00000096aa3fe0e8 mode 0
Event: 29.507 Thread 0x00000283ac071800 DEOPT PACKING pc=0x00000283948cf805 sp=0x00000096aa3feac0
Event: 29.507 Thread 0x00000283ac071800 DEOPT UNPACKING pc=0x00000283927776ce sp=0x00000096aa3fe0e8 mode 0
Event: 29.509 Thread 0x00000283ac071800 DEOPT PACKING pc=0x00000283948cf805 sp=0x00000096aa3feae0
Event: 29.509 Thread 0x00000283ac071800 DEOPT UNPACKING pc=0x00000283927776ce sp=0x00000096aa3fe108 mode 0
Event: 29.524 Thread 0x00000283ac071800 Uncommon trap: trap_request=0xffffff76 fr.pc=0x000002839ab877bc relative=0x00000000000058dc
Event: 29.524 Thread 0x00000283ac071800 Uncommon trap: reason=loop_limit_check action=maybe_recompile pc=0x000002839ab877bc method=com.android.tools.r8.internal.Rg.g(I)I @ 15 c2
Event: 29.524 Thread 0x00000283ac071800 DEOPT PACKING pc=0x000002839ab877bc sp=0x00000096aa3febf0
Event: 29.524 Thread 0x00000283ac071800 DEOPT UNPACKING pc=0x00000283927778af sp=0x00000096aa3feaf0 mode 2

Classes redefined (0 events):
No events

Internal exceptions (20 events):
Event: 26.797 Thread 0x00000283ac39e000 Exception <a 'java/lang/NoSuchMethodError'{0x000000008c8f5308}: 'java.lang.Object java.lang.invoke.DirectMethodHandle$Holder.invokeStatic(java.lang.Object, java.lang.Object, java.lang.Object, java.lang.Object, java.lang.Object, java.lang.Object, java.lang.Object, java.lang.Object, java.lang.Object, java.lang.Object, java.lang.Object, java.lang.Object, java.lang.Object, java.lang.Object, java.lang.Object, java.lang.Object, java.lang.Object, java.lang.Object, int, java.lang.Object)'> (0x000000008c8f5308) thr
Event: 26.808 Thread 0x00000283ac39e000 Exception <a 'java/lang/NoSuchMethodError'{0x000000008c8fae40}: 'java.lang.Object java.lang.invoke.DirectMethodHandle$Holder.invokeStaticInit(java.lang.Object, java.lang.Object, java.lang.Object, java.lang.Object, java.lang.Object, java.lang.Object, java.lang.Object, java.lang.Object, java.lang.Object, java.lang.Object, java.lang.Object, java.lang.Object, java.lang.Object, java.lang.Object, java.lang.Object, java.lang.Object, java.lang.Object, java.lang.Object, int, java.lang.Object)'> (0x000000008c8fae40)
Event: 26.919 Thread 0x00000283ac39a000 Exception <a 'java/lang/IncompatibleClassChangeError'{0x000000008e902010}: Found class java.lang.Object, but interface was expected> (0x000000008e902010) thrown at [./src/hotspot/share/interpreter/linkResolver.cpp, line 839]
Event: 27.087 Thread 0x00000283ac39e000 Exception <a 'java/lang/NoSuchMethodError'{0x000000008dd5be98}: 'java.lang.Object java.lang.invoke.DirectMethodHandle$Holder.invokeStatic(java.lang.Object, long)'> (0x000000008dd5be98) thrown at [./src/hotspot/share/interpreter/linkResolver.cpp, line 773]
Event: 27.195 Thread 0x00000283ac39e000 Exception <a 'java/lang/NoSuchMethodError'{0x000000008cf633b8}: 'int java.lang.invoke.DirectMethodHandle$Holder.invokeVirtual(java.lang.Object, java.lang.Object, java.lang.Object, java.lang.Object)'> (0x000000008cf633b8) thrown at [./src/hotspot/share/interpreter/linkResolver.cpp, line 773]
Event: 27.291 Thread 0x00000283ac39a000 Exception <a 'java/lang/NoSuchMethodError'{0x000000008fd752d8}: 'void java.lang.invoke.DirectMethodHandle$Holder.invokeStatic(java.lang.Object, java.lang.Object, java.lang.Object, int)'> (0x000000008fd752d8) thrown at [./src/hotspot/share/interpreter/linkResolver.cpp, line 773]
Event: 27.292 Thread 0x00000283ac39e000 Exception <a 'java/lang/NoSuchMethodError'{0x000000008fded8c0}: 'void java.lang.invoke.DirectMethodHandle$Holder.invokeStatic(java.lang.Object, java.lang.Object, java.lang.Object, int)'> (0x000000008fded8c0) thrown at [./src/hotspot/share/interpreter/linkResolver.cpp, line 773]
Event: 27.293 Thread 0x00000283ac39e000 Exception <a 'java/lang/IncompatibleClassChangeError'{0x000000008fdf57f0}: Found class java.lang.Object, but interface was expected> (0x000000008fdf57f0) thrown at [./src/hotspot/share/interpreter/linkResolver.cpp, line 839]
Event: 27.455 Thread 0x00000283ac39e000 Exception <a 'java/lang/NoSuchMethodError'{0x000000008f9fec40}: 'int java.lang.invoke.DirectMethodHandle$Holder.invokeVirtual(java.lang.Object, java.lang.Object, java.lang.Object)'> (0x000000008f9fec40) thrown at [./src/hotspot/share/interpreter/linkResolver.cpp, line 773]
Event: 27.778 Thread 0x00000283ac39a000 Exception <a 'java/lang/NoSuchMethodError'{0x000000008fe4d6c0}: 'java.lang.Object java.lang.invoke.Invokers$Holder.linkToTargetMethod(java.lang.Object, java.lang.Object, java.lang.Object, java.lang.Object, java.lang.Object, java.lang.Object, java.lang.Object)'> (0x000000008fe4d6c0) thrown at [./src/hotspot/share/interpreter/linkResolver.cpp, line 773]
Event: 27.842 Thread 0x00000283ac39a000 Exception <a 'java/lang/NoSuchMethodError'{0x000000008ef5b2d0}: 'java.lang.Object java.lang.invoke.DirectMethodHandle$Holder.invokeVirtual(java.lang.Object, java.lang.Object, int, java.lang.Object)'> (0x000000008ef5b2d0) thrown at [./src/hotspot/share/interpreter/linkResolver.cpp, line 773]
Event: 27.908 Thread 0x00000283ac39e000 Exception <a 'java/lang/IncompatibleClassChangeError'{0x000000008fd5a520}: Found class java.lang.Object, but interface was expected> (0x000000008fd5a520) thrown at [./src/hotspot/share/interpreter/linkResolver.cpp, line 839]
Event: 27.909 Thread 0x00000283ac39e000 Exception <a 'java/lang/IncompatibleClassChangeError'{0x000000008fd63960}: Found class java.lang.Object, but interface was expected> (0x000000008fd63960) thrown at [./src/hotspot/share/interpreter/linkResolver.cpp, line 839]
Event: 27.937 Thread 0x00000283ac39a000 Exception <a 'java/lang/NoSuchMethodError'{0x000000008fc05560}: 'void java.lang.invoke.DirectMethodHandle$Holder.invokeVirtual(java.lang.Object, java.lang.Object, int, java.lang.Object)'> (0x000000008fc05560) thrown at [./src/hotspot/share/interpreter/linkResolver.cpp, line 773]
Event: 27.937 Thread 0x00000283ac39e000 Exception <a 'java/lang/NoSuchMethodError'{0x000000008fc23ff0}: 'void java.lang.invoke.DirectMethodHandle$Holder.invokeVirtual(java.lang.Object, java.lang.Object, int, java.lang.Object)'> (0x000000008fc23ff0) thrown at [./src/hotspot/share/interpreter/linkResolver.cpp, line 773]
Event: 28.078 Thread 0x00000283ac39b800 Exception <a 'java/lang/NoSuchMethodError'{0x000000008f45aec0}: 'java.lang.Object java.lang.invoke.DirectMethodHandle$Holder.newInvokeSpecial(java.lang.Object, int)'> (0x000000008f45aec0) thrown at [./src/hotspot/share/interpreter/linkResolver.cpp, line 773]
Event: 28.139 Thread 0x00000283ac39a000 Exception <a 'java/lang/NoSuchMethodError'{0x000000008fe011e8}: 'long java.lang.invoke.DirectMethodHandle$Holder.invokeStatic(java.lang.Object, java.lang.Object)'> (0x000000008fe011e8) thrown at [./src/hotspot/share/interpreter/linkResolver.cpp, line 773]
Event: 28.234 Thread 0x00000283ac39a000 Exception <a 'java/lang/NoSuchMethodError'{0x000000008fbfb758}: 'java.lang.Object java.lang.invoke.DirectMethodHandle$Holder.invokeSpecial(java.lang.Object, java.lang.Object, java.lang.Object, java.lang.Object, java.lang.Object, java.lang.Object, java.lang.Object, java.lang.Object, java.lang.Object, java.lang.Object, java.lang.Object)'> (0x000000008fbfb758) thrown at [./src/hotspot/share/interpreter/linkResolver.cpp, line 773]
Event: 28.235 Thread 0x00000283ac39a000 Exception <a 'java/lang/NoSuchMethodError'{0x000000008fa1da58}: 'java.lang.Object java.lang.invoke.Invokers$Holder.linkToTargetMethod(java.lang.Object, java.lang.Object, java.lang.Object, java.lang.Object, java.lang.Object, java.lang.Object, java.lang.Object, java.lang.Object, java.lang.Object, java.lang.Object)'> (0x000000008fa1da58) thrown at [./src/hotspot/share/interpreter/linkResolver.cpp, line 773]
Event: 28.244 Thread 0x00000283ac39a000 Exception <a 'java/lang/IncompatibleClassChangeError'{0x000000008fae1518}: Found class java.lang.Object, but interface was expected> (0x000000008fae1518) thrown at [./src/hotspot/share/interpreter/linkResolver.cpp, line 839]

Events (20 events):
Event: 28.753 loading class com/android/tools/r8/ProgramResource done
Event: 28.753 loading class com/android/tools/r8/ProgramResource
Event: 28.753 loading class com/android/tools/r8/ProgramResource done
Event: 28.753 loading class com/android/builder/dexing/r8/CachingArchiveClassFileProvider
Event: 28.753 loading class com/android/builder/dexing/r8/CachingArchiveClassFileProvider done
Event: 28.808 Executing VM operation: G1CollectForAllocation
Event: 28.829 Executing VM operation: G1CollectForAllocation done
Event: 28.858 Executing VM operation: CGC_Operation
Event: 28.880 Executing VM operation: CGC_Operation done
Event: 29.031 Executing VM operation: G1CollectForAllocation
Event: 29.068 Executing VM operation: G1CollectForAllocation done
Event: 29.103 Executing VM operation: CGC_Operation
Event: 29.103 Executing VM operation: CGC_Operation done
Event: 29.164 Executing VM operation: G1CollectForAllocation
Event: 29.189 Executing VM operation: G1CollectForAllocation done
Event: 29.251 Executing VM operation: G1CollectForAllocation
Event: 29.271 Executing VM operation: G1CollectForAllocation done
Event: 29.534 loading class com/android/tools/r8/dex/j$a
Event: 29.534 loading class com/android/tools/r8/dex/j$a done
Event: 29.685 Executing VM operation: G1CollectForAllocation


Dynamic libraries:
0x00007ff7ef430000 - 0x00007ff7ef43a000 	C:\Program Files\Android\Android Studio\jre\bin\java.exe
0x00007ffa85a10000 - 0x00007ffa85c05000 	C:\WINDOWS\SYSTEM32\ntdll.dll
0x00007ffa83a60000 - 0x00007ffa83b1e000 	C:\WINDOWS\System32\KERNEL32.DLL
0x00007ffa834a0000 - 0x00007ffa83769000 	C:\WINDOWS\System32\KERNELBASE.dll
0x00007ffa83370000 - 0x00007ffa83470000 	C:\WINDOWS\System32\ucrtbase.dll
0x00007ffa71690000 - 0x00007ffa716a7000 	C:\Program Files\Android\Android Studio\jre\bin\VCRUNTIME140.dll
0x00007ffa71790000 - 0x00007ffa717a9000 	C:\Program Files\Android\Android Studio\jre\bin\jli.dll
0x00007ffa83c00000 - 0x00007ffa83da1000 	C:\WINDOWS\System32\USER32.dll
0x00007ffa83470000 - 0x00007ffa83492000 	C:\WINDOWS\System32\win32u.dll
0x00007ffa84320000 - 0x00007ffa8434b000 	C:\WINDOWS\System32\GDI32.dll
0x00007ffa73af0000 - 0x00007ffa73d8a000 	C:\WINDOWS\WinSxS\amd64_microsoft.windows.common-controls_6595b64144ccf1df_6.0.19041.1110_none_60b5254171f9507e\COMCTL32.dll
0x00007ffa838d0000 - 0x00007ffa839db000 	C:\WINDOWS\System32\gdi32full.dll
0x00007ffa83130000 - 0x00007ffa831cd000 	C:\WINDOWS\System32\msvcp_win.dll
0x00007ffa843b0000 - 0x00007ffa8444e000 	C:\WINDOWS\System32\msvcrt.dll
0x00007ffa849c0000 - 0x00007ffa849f0000 	C:\WINDOWS\System32\IMM32.DLL
0x00007ffa5a470000 - 0x00007ffa5a50d000 	C:\Program Files\Android\Android Studio\jre\bin\msvcp140.dll
0x00007ffa05780000 - 0x00007ffa0624f000 	C:\Program Files\Android\Android Studio\jre\bin\server\jvm.dll
0x00007ffa83dc0000 - 0x00007ffa83e6c000 	C:\WINDOWS\System32\ADVAPI32.dll
0x00007ffa84bf0000 - 0x00007ffa84c8b000 	C:\WINDOWS\System32\sechost.dll
0x00007ffa844d0000 - 0x00007ffa845fa000 	C:\WINDOWS\System32\RPCRT4.dll
0x00007ffa849f0000 - 0x00007ffa849f8000 	C:\WINDOWS\System32\PSAPI.DLL
0x00007ffa76250000 - 0x00007ffa76259000 	C:\WINDOWS\SYSTEM32\WSOCK32.dll
0x00007ffa84c90000 - 0x00007ffa84cfb000 	C:\WINDOWS\System32\WS2_32.dll
0x00007ffa7a4c0000 - 0x00007ffa7a4e7000 	C:\WINDOWS\SYSTEM32\WINMM.dll
0x00007ffa7c2d0000 - 0x00007ffa7c2da000 	C:\WINDOWS\SYSTEM32\VERSION.dll
0x00007ffa81050000 - 0x00007ffa81062000 	C:\WINDOWS\SYSTEM32\kernel.appcore.dll
0x00007ffa754b0000 - 0x00007ffa754c1000 	C:\Program Files\Android\Android Studio\jre\bin\verify.dll
0x00007ffa7d230000 - 0x00007ffa7d414000 	C:\WINDOWS\SYSTEM32\DBGHELP.DLL
0x00007ffa74220000 - 0x00007ffa7424c000 	C:\WINDOWS\SYSTEM32\dbgcore.DLL
0x00007ffa832e0000 - 0x00007ffa83363000 	C:\WINDOWS\System32\bcryptPrimitives.dll
0x00007ffa75480000 - 0x00007ffa754a9000 	C:\Program Files\Android\Android Studio\jre\bin\java.dll
0x00007ffa75470000 - 0x00007ffa7547b000 	C:\Program Files\Android\Android Studio\jre\bin\jimage.dll
0x00007ffa71710000 - 0x00007ffa71728000 	C:\Program Files\Android\Android Studio\jre\bin\zip.dll
0x00007ffa84e10000 - 0x00007ffa8554f000 	C:\WINDOWS\System32\SHELL32.dll
0x00007ffa81250000 - 0x00007ffa819e0000 	C:\WINDOWS\SYSTEM32\windows.storage.dll
0x00007ffa83fc0000 - 0x00007ffa84315000 	C:\WINDOWS\System32\combase.dll
0x00007ffa82b80000 - 0x00007ffa82bac000 	C:\WINDOWS\SYSTEM32\Wldp.dll
0x00007ffa83f00000 - 0x00007ffa83fae000 	C:\WINDOWS\System32\SHCORE.dll
0x00007ffa84470000 - 0x00007ffa844c5000 	C:\WINDOWS\System32\shlwapi.dll
0x00007ffa83070000 - 0x00007ffa8308f000 	C:\WINDOWS\SYSTEM32\profapi.dll
0x00007ffa716f0000 - 0x00007ffa7170a000 	C:\Program Files\Android\Android Studio\jre\bin\net.dll
0x00007ffa77cb0000 - 0x00007ffa77db8000 	C:\WINDOWS\SYSTEM32\WINHTTP.dll
0x00007ffa828e0000 - 0x00007ffa8294a000 	C:\WINDOWS\system32\mswsock.dll
0x00007ffa716d0000 - 0x00007ffa716e4000 	C:\Program Files\Android\Android Studio\jre\bin\nio.dll
0x00007ffa71750000 - 0x00007ffa71777000 	C:\Users\danie\.gradle\native\8bec1ad78214c89d9ad589b4d07fe93259594b29d510b10fafb7a158f7737e5d\windows-amd64\native-platform.dll
0x00007ffa19a60000 - 0x00007ffa19b9d000 	C:\Users\danie\.gradle\native\53dbd7edfb1c66fb8903c78663c9afc45aea4f116125fa6feffd364cf09443e8\windows-amd64\native-platform-file-events.dll
0x00007ffa73e70000 - 0x00007ffa73e7a000 	C:\Program Files\Android\Android Studio\jre\bin\management.dll
0x00007ffa716c0000 - 0x00007ffa716cc000 	C:\Program Files\Android\Android Studio\jre\bin\management_ext.dll
0x00007ffa82ad0000 - 0x00007ffa82ae8000 	C:\WINDOWS\SYSTEM32\CRYPTSP.dll
0x00007ffa821f0000 - 0x00007ffa82224000 	C:\WINDOWS\system32\rsaenh.dll
0x00007ffa83a30000 - 0x00007ffa83a57000 	C:\WINDOWS\System32\bcrypt.dll
0x00007ffa83030000 - 0x00007ffa8305e000 	C:\WINDOWS\SYSTEM32\USERENV.dll
0x00007ffa82af0000 - 0x00007ffa82afc000 	C:\WINDOWS\SYSTEM32\CRYPTBASE.dll
0x00007ffa82580000 - 0x00007ffa825bb000 	C:\WINDOWS\SYSTEM32\IPHLPAPI.DLL
0x00007ffa83fb0000 - 0x00007ffa83fb8000 	C:\WINDOWS\System32\NSI.dll
0x00007ffa7db70000 - 0x00007ffa7db87000 	C:\WINDOWS\SYSTEM32\dhcpcsvc6.DLL
0x00007ffa7ca80000 - 0x00007ffa7ca9d000 	C:\WINDOWS\SYSTEM32\dhcpcsvc.DLL
0x00007ffa825d0000 - 0x00007ffa8269c000 	C:\WINDOWS\SYSTEM32\DNSAPI.dll
0x00007ffa7fe30000 - 0x00007ffa7fe38000 	C:\Program Files\Android\Android Studio\jre\bin\rmi.dll

dbghelp: loaded successfully - version: 4.0.5 - missing functions: none
symbol engine: initialized successfully - sym options: 0x614 - pdb path: .;C:\Program Files\Android\Android Studio\jre\bin;C:\WINDOWS\SYSTEM32;C:\WINDOWS\WinSxS\amd64_microsoft.windows.common-controls_6595b64144ccf1df_6.0.19041.1110_none_60b5254171f9507e;C:\Program Files\Android\Android Studio\jre\bin\server;C:\Users\danie\.gradle\native\8bec1ad78214c89d9ad589b4d07fe93259594b29d510b10fafb7a158f7737e5d\windows-amd64;C:\Users\danie\.gradle\native\53dbd7edfb1c66fb8903c78663c9afc45aea4f116125fa6feffd364cf09443e8\windows-amd64

VM Arguments:
jvm_args: --add-opens=java.base/java.util=ALL-UNNAMED --add-opens=java.base/java.lang=ALL-UNNAMED --add-opens=java.base/java.lang.invoke=ALL-UNNAMED --add-opens=java.base/java.util=ALL-UNNAMED --add-opens=java.prefs/java.util.prefs=ALL-UNNAMED --add-opens=java.prefs/java.util.prefs=ALL-UNNAMED --add-opens=java.base/java.nio.charset=ALL-UNNAMED --add-opens=java.base/java.net=ALL-UNNAMED --add-opens=java.base/java.util.concurrent.atomic=ALL-UNNAMED -Xmx2048m -Dfile.encoding=UTF-8 -Duser.country=NZ -Duser.language=en -Duser.variant 
java_command: org.gradle.launcher.daemon.bootstrap.GradleDaemon 7.0.2
java_class_path (initial): C:\Users\danie\.gradle\wrapper\dists\gradle-7.0.2-bin\857tjihv64xamwrf0h14cai3r\gradle-7.0.2\lib\gradle-launcher-7.0.2.jar
Launcher Type: SUN_STANDARD

[Global flags]
     intx CICompilerCount                          = 3                                         {product} {ergonomic}
     uint ConcGCThreads                            = 1                                         {product} {ergonomic}
     uint G1ConcRefinementThreads                  = 4                                         {product} {ergonomic}
   size_t G1HeapRegionSize                         = 1048576                                   {product} {ergonomic}
    uintx GCDrainStackTargetSize                   = 64                                        {product} {ergonomic}
   size_t InitialHeapSize                          = 268435456                                 {product} {ergonomic}
   size_t MarkStackSize                            = 4194304                                   {product} {ergonomic}
   size_t MaxHeapSize                              = 2147483648                                {product} {command line}
   size_t MaxNewSize                               = 1287651328                                {product} {ergonomic}
   size_t MinHeapDeltaBytes                        = 1048576                                   {product} {ergonomic}
    uintx NonNMethodCodeHeapSize                   = 5830732                                {pd product} {ergonomic}
    uintx NonProfiledCodeHeapSize                  = 122913754                              {pd product} {ergonomic}
    uintx ProfiledCodeHeapSize                     = 122913754                              {pd product} {ergonomic}
    uintx ReservedCodeCacheSize                    = 251658240                              {pd product} {ergonomic}
     bool SegmentedCodeCache                       = true                                      {product} {ergonomic}
     bool UseCompressedClassPointers               = true                                 {lp64_product} {ergonomic}
     bool UseCompressedOops                        = true                                 {lp64_product} {ergonomic}
     bool UseG1GC                                  = true                                      {product} {ergonomic}
     bool UseLargePagesIndividualAllocation        = false                                  {pd product} {ergonomic}

Logging:
Log output configuration:
 #0: stdout all=warning uptime,level,tags
 #1: stderr all=off uptime,level,tags

Environment Variables:
PATH=C:\Python39\Scripts\;C:\Python39\;C:\Program Files (x86)\NVIDIA Corporation\PhysX\Common;C:\Program Files (x86)\Common Files\Oracle\Java\javapath;C:\WINDOWS\system32;C:\WINDOWS;C:\WINDOWS\System32\Wbem;C:\WINDOWS\System32\WindowsPowerShell\v1.0\;C:\WINDOWS\System32\OpenSSH\;C:\Program Files\Microsoft SQL Server\130\Tools\Binn\;C:\ProgramData\chocolatey\bin;C:\Program Files (x86)\IVI Foundation\VISA\WinNT\Bin;C:\Program Files\Git\cmd;C:\Program Files\nodejs\;C:\Users\danie\AppData\Local\Microsoft\WindowsApps;;C:\Users\danie\AppData\Local\Programs\Microsoft VS Code\bin;C:\Users\danie\AppData\Roaming\npm
USERNAME=danie
OS=Windows_NT
PROCESSOR_IDENTIFIER=AMD64 Family 23 Model 24 Stepping 1, AuthenticAMD



---------------  S Y S T E M  ---------------

OS: Windows 10 , 64 bit Build 19041 (10.0.19041.1202)
OS uptime: 0 days 2:02 hours

CPU:total 4 (initial active 4) (4 cores per cpu, 1 threads per core) family 23 model 24 stepping 1 microcode 0x0, cmov, cx8, fxsr, mmx, sse, sse2, sse3, ssse3, sse4.1, sse4.2, popcnt, avx, avx2, aes, clmul, mmxext, 3dnowpref, lzcnt, sse4a, tsc, tscinvbit, tscinv, bmi1, bmi2, adx, sha, 

Memory: 4k page, system-wide physical 16312M (4519M free)
TotalPageFile size 16312M (AvailPageFile size 3M)
current process WorkingSet (physical memory assigned to process): 626M, peak: 626M
current process commit charge ("private bytes"): 1040M, peak: 1040M

vm_info: OpenJDK 64-Bit Server VM (11.0.10+0-b96-7249189) for windows-amd64 JRE (11.0.10+0-b96-7249189), built on Mar 31 2021 21:44:00 by "builder" with MS VC++ 14.0 (VS2015)

END.
