#
# There is insufficient memory for the Java Runtime Environment to continue.
# Native memory allocation (malloc) failed to allocate 817696 bytes for Chunk::new
# Possible reasons:
#   The system is out of physical RAM or swap space
#   The process is running with CompressedOops enabled, and the Java Heap may be blocking the growth of the native heap
# Possible solutions:
#   Reduce memory load on the system
#   Increase physical memory or swap space
#   Check if swap backing store is full
#   Decrease Java heap size (-Xmx/-Xms)
#   Decrease number of Java threads
#   Decrease Java thread stack sizes (-Xss)
#   Set larger code cache with -XX:ReservedCodeCacheSize=
#   JVM is running with Zero Based Compressed Oops mode in which the Java heap is
#     placed in the first 32GB address space. The Java Heap base address is the
#     maximum limit for the native heap growth. Please use -XX:HeapBaseMinAddress
#     to set the Java Heap base and to place the Java Heap above 32GB virtual address.
# This output file may be truncated or incomplete.
#
#  Out of Memory Error (./src/hotspot/share/memory/arena.cpp:197), pid=2256, tid=3996
#
# JRE version: OpenJDK Runtime Environment (11.0.10) (build 11.0.10+0-b96-7249189)
# Java VM: OpenJDK 64-Bit Server VM (11.0.10+0-b96-7249189, mixed mode, tiered, compressed oops, g1 gc, windows-amd64)
# No core dump will be written. Minidumps are not enabled by default on client versions of Windows
#

---------------  S U M M A R Y ------------

Command Line: org.jetbrains.kotlin.cli.jvm.K2JVMCompiler @C:\Users\danie\AndroidStudioProjects\Choice\app\build\20210917_8109342681741785743.compiler.options

Host: AMD Ryzen 3 3200G with Radeon Vega Graphics    , 4 cores, 15G,  Windows 10 , 64 bit Build 19041 (10.0.19041.1151)
Time: Fri Sep 17 22:49:07 2021 New Zealand Standard Time elapsed time: 27.530131 seconds (0d 0h 0m 27s)

---------------  T H R E A D  ---------------

Current thread (0x0000025372d92800):  JavaThread "C2 CompilerThread1" daemon [_thread_in_native, id=3996, stack(0x000000733cf00000,0x000000733d000000)]


Current CompileTask:
C2:  27530 15549       4       org.jetbrains.kotlin.backend.jvm.codegen.MethodSignatureMapper::mapSignature (497 bytes)

Stack: [0x000000733cf00000,0x000000733d000000]
Native frames: (J=compiled Java code, j=interpreted, Vv=VM code, C=native code)
V  [jvm.dll+0x5ecfaa]
V  [jvm.dll+0x722bd5]
V  [jvm.dll+0x72412d]
V  [jvm.dll+0x7247e3]
V  [jvm.dll+0x242928]
V  [jvm.dll+0xbc4fc]
V  [jvm.dll+0xbca0c]
V  [jvm.dll+0x2b4fd4]
V  [jvm.dll+0x506028]
V  [jvm.dll+0x203253]
V  [jvm.dll+0x1fd07c]
V  [jvm.dll+0x1fa77f]
V  [jvm.dll+0x18354c]
V  [jvm.dll+0x208ee7]
V  [jvm.dll+0x207731]
V  [jvm.dll+0x6eb1cf]
V  [jvm.dll+0x6e3d45]
V  [jvm.dll+0x5ebe96]
C  [ucrtbase.dll+0x21bb2]
C  [KERNEL32.DLL+0x17034]
C  [ntdll.dll+0x52651]


---------------  P R O C E S S  ---------------

Threads class SMR info:
_java_thread_list=0x00000253729bb6f0, length=11, elements={
0x000002534e1cb000, 0x000002536d9cb000, 0x000002536d9d4000, 0x000002536d9e9800,
0x000002536d9ef800, 0x000002536d9f1000, 0x000002536d9f3000, 0x000002536da61000,
0x000002536da62000, 0x000002536dbc5800, 0x0000025372d92800
}

Java Threads: ( => current thread )
  0x000002534e1cb000 JavaThread "main" [_thread_blocked, id=9888, stack(0x000000733be00000,0x000000733bf00000)]
  0x000002536d9cb000 JavaThread "Reference Handler" daemon [_thread_blocked, id=2928, stack(0x000000733c500000,0x000000733c600000)]
  0x000002536d9d4000 JavaThread "Finalizer" daemon [_thread_blocked, id=5908, stack(0x000000733c600000,0x000000733c700000)]
  0x000002536d9e9800 JavaThread "Signal Dispatcher" daemon [_thread_blocked, id=10852, stack(0x000000733c700000,0x000000733c800000)]
  0x000002536d9ef800 JavaThread "Attach Listener" daemon [_thread_blocked, id=268, stack(0x000000733c800000,0x000000733c900000)]
  0x000002536d9f1000 JavaThread "Service Thread" daemon [_thread_blocked, id=9300, stack(0x000000733c900000,0x000000733ca00000)]
  0x000002536d9f3000 JavaThread "C2 CompilerThread0" daemon [_thread_in_native, id=10460, stack(0x000000733ca00000,0x000000733cb00000)]
  0x000002536da61000 JavaThread "C1 CompilerThread0" daemon [_thread_blocked, id=9948, stack(0x000000733cb00000,0x000000733cc00000)]
  0x000002536da62000 JavaThread "Sweeper thread" daemon [_thread_blocked, id=11896, stack(0x000000733cc00000,0x000000733cd00000)]
  0x000002536dbc5800 JavaThread "Common-Cleaner" daemon [_thread_blocked, id=5164, stack(0x000000733ce00000,0x000000733cf00000)]
=>0x0000025372d92800 JavaThread "C2 CompilerThread1" daemon [_thread_in_native, id=3996, stack(0x000000733cf00000,0x000000733d000000)]

Other Threads:
  0x000002536d9a4000 VMThread "VM Thread" [stack: 0x000000733c400000,0x000000733c500000] [id=3928]
  0x000002536dbc1800 WatcherThread [stack: 0x000000733cd00000,0x000000733ce00000] [id=4688]
  0x000002534e1e4000 GCTaskThread "GC Thread#0" [stack: 0x000000733bf00000,0x000000733c000000] [id=11632]
  0x000002536e069800 GCTaskThread "GC Thread#1" [stack: 0x000000733d000000,0x000000733d100000] [id=10188]
  0x000002536e06a000 GCTaskThread "GC Thread#2" [stack: 0x000000733d100000,0x000000733d200000] [id=8672]
  0x000002536e074000 GCTaskThread "GC Thread#3" [stack: 0x000000733d200000,0x000000733d300000] [id=1316]
  0x000002534e23f000 ConcurrentGCThread "G1 Main Marker" [stack: 0x000000733c000000,0x000000733c100000] [id=8516]
  0x000002534e240800 ConcurrentGCThread "G1 Conc#0" [stack: 0x000000733c100000,0x000000733c200000] [id=1592]
  0x000002536d009800 ConcurrentGCThread "G1 Refine#0" [stack: 0x000000733c200000,0x000000733c300000] [id=7124]
  0x0000025373e5b800 ConcurrentGCThread "G1 Refine#1" [stack: 0x000000733d300000,0x000000733d400000] [id=5916]
  0x000002536d00a800 ConcurrentGCThread "G1 Young RemSet Sampling" [stack: 0x000000733c300000,0x000000733c400000] [id=3328]

Threads with active compile tasks:
C2 CompilerThread0  27544 15541       4       org.jetbrains.kotlin.backend.jvm.codegen.MethodSignatureMapper::mapReturnType (163 bytes)
C1 CompilerThread0  27545 15586       3       org.jetbrains.kotlin.codegen.optimization.nullCheck.NullabilityInterpreter::naryOperation (170 bytes)
C2 CompilerThread1  27545 15549       4       org.jetbrains.kotlin.backend.jvm.codegen.MethodSignatureMapper::mapSignature (497 bytes)

VM state:at safepoint (normal execution)

VM Mutex/Monitor currently owned by a thread:  ([mutex/lock_event])
[0x000002534e1c8c30] Threads_lock - owner thread: 0x000002536d9a4000
[0x000002534e1c8180] Heap_lock - owner thread: 0x000002534e1cb000

Heap address: 0x0000000701000000, size: 4080 MB, Compressed Oops mode: Zero based, Oop shift amount: 3
Narrow klass base: 0x0000000800000000, Narrow klass shift: 0
Compressed class space size: 1073741824 Address: 0x0000000800000000

Heap:
 garbage-first heap   total 378880K, used 253168K [0x0000000701000000, 0x0000000800000000)
  region size 1024K, 168 young (172032K), 4 survivors (4096K)
 Metaspace       used 85153K, capacity 86004K, committed 86296K, reserved 1126400K
  class space    used 8887K, capacity 9242K, committed 9292K, reserved 1048576K
Heap Regions: E=young(eden), S=young(survivor), O=old, HS=humongous(starts), HC=humongous(continues), CS=collection set, F=free, A=archive, TAMS=top-at-mark-start (previous, next)
|   0|0x0000000701000000, 0x0000000701100000, 0x0000000701100000|100%|HS|  |TAMS 0x0000000701100000, 0x0000000701000000| Complete 
|   1|0x0000000701100000, 0x0000000701200000, 0x0000000701200000|100%|HC|  |TAMS 0x0000000701200000, 0x0000000701100000| Complete 
|   2|0x0000000701200000, 0x0000000701300000, 0x0000000701300000|100%|HC|  |TAMS 0x0000000701300000, 0x0000000701200000| Complete 
|   3|0x0000000701300000, 0x0000000701400000, 0x0000000701400000|100%| O|  |TAMS 0x0000000701400000, 0x0000000701300000| Untracked 
|   4|0x0000000701400000, 0x0000000701500000, 0x0000000701500000|100%| O|  |TAMS 0x0000000701500000, 0x0000000701400000| Untracked 
|   5|0x0000000701500000, 0x0000000701600000, 0x0000000701600000|100%|HS|  |TAMS 0x0000000701600000, 0x0000000701500000| Complete 
|   6|0x0000000701600000, 0x0000000701700000, 0x0000000701700000|100%|HC|  |TAMS 0x0000000701700000, 0x0000000701600000| Complete 
|   7|0x0000000701700000, 0x0000000701800000, 0x0000000701800000|100%|HC|  |TAMS 0x0000000701800000, 0x0000000701700000| Complete 
|   8|0x0000000701800000, 0x0000000701900000, 0x0000000701900000|100%|HS|  |TAMS 0x0000000701900000, 0x0000000701800000| Complete 
|   9|0x0000000701900000, 0x0000000701a00000, 0x0000000701a00000|100%|HC|  |TAMS 0x0000000701a00000, 0x0000000701900000| Complete 
|  10|0x0000000701a00000, 0x0000000701b00000, 0x0000000701b00000|100%|HC|  |TAMS 0x0000000701b00000, 0x0000000701a00000| Complete 
|  11|0x0000000701b00000, 0x0000000701c00000, 0x0000000701c00000|100%|HS|  |TAMS 0x0000000701c00000, 0x0000000701b00000| Complete 
|  12|0x0000000701c00000, 0x0000000701d00000, 0x0000000701d00000|100%|HC|  |TAMS 0x0000000701d00000, 0x0000000701c00000| Complete 
|  13|0x0000000701d00000, 0x0000000701e00000, 0x0000000701e00000|100%| O|  |TAMS 0x0000000701e00000, 0x0000000701d00000| Untracked 
|  14|0x0000000701e00000, 0x0000000701f00000, 0x0000000701f00000|100%| O|  |TAMS 0x0000000701f00000, 0x0000000701e00000| Untracked 
|  15|0x0000000701f00000, 0x0000000702000000, 0x0000000702000000|100%| O|  |TAMS 0x0000000702000000, 0x0000000701f00000| Untracked 
|  16|0x0000000702000000, 0x0000000702100000, 0x0000000702100000|100%| O|  |TAMS 0x0000000702100000, 0x0000000702000000| Untracked 
|  17|0x0000000702100000, 0x0000000702200000, 0x0000000702200000|100%| O|  |TAMS 0x0000000702200000, 0x0000000702100000| Untracked 
|  18|0x0000000702200000, 0x0000000702300000, 0x0000000702300000|100%| O|  |TAMS 0x0000000702300000, 0x0000000702200000| Untracked 
|  19|0x0000000702300000, 0x0000000702400000, 0x0000000702400000|100%| O|  |TAMS 0x0000000702400000, 0x0000000702300000| Untracked 
|  20|0x0000000702400000, 0x0000000702500000, 0x0000000702500000|100%| O|  |TAMS 0x0000000702500000, 0x0000000702400000| Untracked 
|  21|0x0000000702500000, 0x0000000702600000, 0x0000000702600000|100%| O|  |TAMS 0x0000000702600000, 0x0000000702500000| Untracked 
|  22|0x0000000702600000, 0x0000000702700000, 0x0000000702700000|100%| O|  |TAMS 0x0000000702700000, 0x0000000702600000| Untracked 
|  23|0x0000000702700000, 0x0000000702800000, 0x0000000702800000|100%| O|  |TAMS 0x0000000702800000, 0x0000000702700000| Untracked 
|  24|0x0000000702800000, 0x0000000702900000, 0x0000000702900000|100%| O|  |TAMS 0x0000000702900000, 0x0000000702800000| Untracked 
|  25|0x0000000702900000, 0x0000000702a00000, 0x0000000702a00000|100%| O|  |TAMS 0x0000000702a00000, 0x0000000702900000| Untracked 
|  26|0x0000000702a00000, 0x0000000702b00000, 0x0000000702b00000|100%| O|  |TAMS 0x0000000702b00000, 0x0000000702a00000| Untracked 
|  27|0x0000000702b00000, 0x0000000702c00000, 0x0000000702c00000|100%| O|  |TAMS 0x0000000702c00000, 0x0000000702b00000| Untracked 
|  28|0x0000000702c00000, 0x0000000702d00000, 0x0000000702d00000|100%| O|  |TAMS 0x0000000702d00000, 0x0000000702c00000| Untracked 
|  29|0x0000000702d00000, 0x0000000702e00000, 0x0000000702e00000|100%| O|  |TAMS 0x0000000702e00000, 0x0000000702d00000| Untracked 
|  30|0x0000000702e00000, 0x0000000702f00000, 0x0000000702f00000|100%| O|  |TAMS 0x0000000702f00000, 0x0000000702e00000| Untracked 
|  31|0x0000000702f00000, 0x0000000703000000, 0x0000000703000000|100%| O|  |TAMS 0x0000000703000000, 0x0000000702f00000| Untracked 
|  32|0x0000000703000000, 0x0000000703100000, 0x0000000703100000|100%| O|  |TAMS 0x0000000703100000, 0x0000000703000000| Untracked 
|  33|0x0000000703100000, 0x0000000703200000, 0x0000000703200000|100%| O|  |TAMS 0x0000000703200000, 0x0000000703100000| Untracked 
|  34|0x0000000703200000, 0x0000000703300000, 0x0000000703300000|100%| O|  |TAMS 0x0000000703300000, 0x0000000703200000| Untracked 
|  35|0x0000000703300000, 0x0000000703400000, 0x0000000703400000|100%| O|  |TAMS 0x0000000703400000, 0x0000000703300000| Untracked 
|  36|0x0000000703400000, 0x0000000703500000, 0x0000000703500000|100%| O|  |TAMS 0x0000000703500000, 0x0000000703400000| Untracked 
|  37|0x0000000703500000, 0x0000000703600000, 0x0000000703600000|100%| O|  |TAMS 0x0000000703600000, 0x0000000703500000| Untracked 
|  38|0x0000000703600000, 0x0000000703700000, 0x0000000703700000|100%| O|  |TAMS 0x0000000703700000, 0x0000000703600000| Untracked 
|  39|0x0000000703700000, 0x0000000703800000, 0x0000000703800000|100%| O|  |TAMS 0x0000000703800000, 0x0000000703700000| Untracked 
|  40|0x0000000703800000, 0x0000000703900000, 0x0000000703900000|100%| O|  |TAMS 0x0000000703900000, 0x0000000703800000| Untracked 
|  41|0x0000000703900000, 0x0000000703a00000, 0x0000000703a00000|100%| O|  |TAMS 0x0000000703a00000, 0x0000000703900000| Untracked 
|  42|0x0000000703a00000, 0x0000000703b00000, 0x0000000703b00000|100%| O|  |TAMS 0x0000000703b00000, 0x0000000703a00000| Untracked 
|  43|0x0000000703b00000, 0x0000000703c00000, 0x0000000703c00000|100%| O|  |TAMS 0x0000000703c00000, 0x0000000703b00000| Untracked 
|  44|0x0000000703c00000, 0x0000000703d00000, 0x0000000703d00000|100%| O|  |TAMS 0x0000000703d00000, 0x0000000703c00000| Untracked 
|  45|0x0000000703d00000, 0x0000000703e00000, 0x0000000703e00000|100%| O|  |TAMS 0x0000000703e00000, 0x0000000703d00000| Untracked 
|  46|0x0000000703e00000, 0x0000000703f00000, 0x0000000703f00000|100%| O|  |TAMS 0x0000000703f00000, 0x0000000703e00000| Untracked 
|  47|0x0000000703f00000, 0x0000000704000000, 0x0000000704000000|100%| O|  |TAMS 0x0000000704000000, 0x0000000703f00000| Untracked 
|  48|0x0000000704000000, 0x0000000704100000, 0x0000000704100000|100%| O|  |TAMS 0x0000000704100000, 0x0000000704000000| Untracked 
|  49|0x0000000704100000, 0x0000000704200000, 0x0000000704200000|100%| O|  |TAMS 0x0000000704200000, 0x0000000704100000| Untracked 
|  50|0x0000000704200000, 0x0000000704300000, 0x0000000704300000|100%| O|  |TAMS 0x0000000704300000, 0x0000000704200000| Untracked 
|  51|0x0000000704300000, 0x0000000704400000, 0x0000000704400000|100%| O|  |TAMS 0x0000000704400000, 0x0000000704300000| Untracked 
|  52|0x0000000704400000, 0x0000000704500000, 0x0000000704500000|100%| O|  |TAMS 0x0000000704500000, 0x0000000704400000| Untracked 
|  53|0x0000000704500000, 0x0000000704600000, 0x0000000704600000|100%| O|  |TAMS 0x0000000704600000, 0x0000000704500000| Untracked 
|  54|0x0000000704600000, 0x0000000704700000, 0x0000000704700000|100%| O|  |TAMS 0x0000000704600000, 0x0000000704600000| Untracked 
|  55|0x0000000704700000, 0x0000000704800000, 0x0000000704800000|100%| O|  |TAMS 0x0000000704800000, 0x0000000704700000| Untracked 
|  56|0x0000000704800000, 0x0000000704900000, 0x0000000704900000|100%| O|  |TAMS 0x0000000704900000, 0x0000000704800000| Untracked 
|  57|0x0000000704900000, 0x0000000704a00000, 0x0000000704a00000|100%| O|  |TAMS 0x0000000704a00000, 0x0000000704900000| Untracked 
|  58|0x0000000704a00000, 0x0000000704b00000, 0x0000000704b00000|100%| O|  |TAMS 0x0000000704a00000, 0x0000000704a00000| Untracked 
|  59|0x0000000704b00000, 0x0000000704c00000, 0x0000000704c00000|100%| O|  |TAMS 0x0000000704b00000, 0x0000000704b00000| Untracked 
|  60|0x0000000704c00000, 0x0000000704d00000, 0x0000000704d00000|100%| O|  |TAMS 0x0000000704c00000, 0x0000000704c00000| Untracked 
|  61|0x0000000704d00000, 0x0000000704e00000, 0x0000000704e00000|100%| O|  |TAMS 0x0000000704d00000, 0x0000000704d00000| Untracked 
|  62|0x0000000704e00000, 0x0000000704f00000, 0x0000000704f00000|100%| O|  |TAMS 0x0000000704e00000, 0x0000000704e00000| Untracked 
|  63|0x0000000704f00000, 0x0000000705000000, 0x0000000705000000|100%| O|  |TAMS 0x0000000704f00000, 0x0000000704f00000| Untracked 
|  64|0x0000000705000000, 0x0000000705100000, 0x0000000705100000|100%| O|  |TAMS 0x0000000705000000, 0x0000000705000000| Untracked 
|  65|0x0000000705100000, 0x0000000705200000, 0x0000000705200000|100%| O|  |TAMS 0x0000000705100000, 0x0000000705100000| Untracked 
|  66|0x0000000705200000, 0x0000000705300000, 0x0000000705300000|100%| O|  |TAMS 0x0000000705200000, 0x0000000705200000| Untracked 
|  67|0x0000000705300000, 0x0000000705400000, 0x0000000705400000|100%| O|  |TAMS 0x0000000705300000, 0x0000000705300000| Untracked 
|  68|0x0000000705400000, 0x0000000705500000, 0x0000000705500000|100%| O|  |TAMS 0x0000000705400000, 0x0000000705400000| Untracked 
|  69|0x0000000705500000, 0x0000000705600000, 0x0000000705600000|100%| O|  |TAMS 0x0000000705500000, 0x0000000705500000| Untracked 
|  70|0x0000000705600000, 0x0000000705700000, 0x0000000705700000|100%| O|  |TAMS 0x0000000705600000, 0x0000000705600000| Untracked 
|  71|0x0000000705700000, 0x000000070573c000, 0x0000000705800000| 23%| O|  |TAMS 0x0000000705700000, 0x0000000705700000| Untracked 
|  72|0x0000000705800000, 0x0000000705800000, 0x0000000705900000|  0%| F|  |TAMS 0x0000000705800000, 0x0000000705800000| Untracked 
|  73|0x0000000705900000, 0x0000000705900000, 0x0000000705a00000|  0%| F|  |TAMS 0x0000000705900000, 0x0000000705900000| Untracked 
|  74|0x0000000705a00000, 0x0000000705a00000, 0x0000000705b00000|  0%| F|  |TAMS 0x0000000705a00000, 0x0000000705a00000| Untracked 
|  75|0x0000000705b00000, 0x0000000705b00000, 0x0000000705c00000|  0%| F|  |TAMS 0x0000000705b00000, 0x0000000705b00000| Untracked 
|  76|0x0000000705c00000, 0x0000000705c00000, 0x0000000705d00000|  0%| F|  |TAMS 0x0000000705c00000, 0x0000000705c00000| Untracked 
|  77|0x0000000705d00000, 0x0000000705d00000, 0x0000000705e00000|  0%| F|  |TAMS 0x0000000705d00000, 0x0000000705d00000| Untracked 
|  78|0x0000000705e00000, 0x0000000705e00000, 0x0000000705f00000|  0%| F|  |TAMS 0x0000000705e00000, 0x0000000705e00000| Untracked 
|  79|0x0000000705f00000, 0x0000000705f00000, 0x0000000706000000|  0%| F|  |TAMS 0x0000000705f00000, 0x0000000705f00000| Untracked 
|  80|0x0000000706000000, 0x0000000706000000, 0x0000000706100000|  0%| F|  |TAMS 0x0000000706000000, 0x0000000706000000| Untracked 
|  81|0x0000000706100000, 0x0000000706100000, 0x0000000706200000|  0%| F|  |TAMS 0x0000000706100000, 0x0000000706100000| Untracked 
|  82|0x0000000706200000, 0x0000000706200000, 0x0000000706300000|  0%| F|  |TAMS 0x0000000706200000, 0x0000000706200000| Untracked 
|  83|0x0000000706300000, 0x0000000706300000, 0x0000000706400000|  0%| F|  |TAMS 0x0000000706300000, 0x0000000706300000| Untracked 
|  84|0x0000000706400000, 0x0000000706400000, 0x0000000706500000|  0%| F|  |TAMS 0x0000000706400000, 0x0000000706400000| Untracked 
|  85|0x0000000706500000, 0x0000000706500000, 0x0000000706600000|  0%| F|  |TAMS 0x0000000706500000, 0x0000000706500000| Untracked 
|  86|0x0000000706600000, 0x0000000706600000, 0x0000000706700000|  0%| F|  |TAMS 0x0000000706600000, 0x0000000706600000| Untracked 
|  87|0x0000000706700000, 0x0000000706700000, 0x0000000706800000|  0%| F|  |TAMS 0x0000000706700000, 0x0000000706700000| Untracked 
|  88|0x0000000706800000, 0x0000000706800000, 0x0000000706900000|  0%| F|  |TAMS 0x0000000706800000, 0x0000000706800000| Untracked 
|  89|0x0000000706900000, 0x0000000706900000, 0x0000000706a00000|  0%| F|  |TAMS 0x0000000706900000, 0x0000000706900000| Untracked 
|  90|0x0000000706a00000, 0x0000000706a00000, 0x0000000706b00000|  0%| F|  |TAMS 0x0000000706a00000, 0x0000000706a00000| Untracked 
|  91|0x0000000706b00000, 0x0000000706b00000, 0x0000000706c00000|  0%| F|  |TAMS 0x0000000706b00000, 0x0000000706b00000| Untracked 
|  92|0x0000000706c00000, 0x0000000706c00000, 0x0000000706d00000|  0%| F|  |TAMS 0x0000000706c00000, 0x0000000706c00000| Untracked 
|  93|0x0000000706d00000, 0x0000000706d00000, 0x0000000706e00000|  0%| F|  |TAMS 0x0000000706d00000, 0x0000000706d00000| Untracked 
|  94|0x0000000706e00000, 0x0000000706e00000, 0x0000000706f00000|  0%| F|  |TAMS 0x0000000706e00000, 0x0000000706e00000| Untracked 
|  95|0x0000000706f00000, 0x0000000706f00000, 0x0000000707000000|  0%| F|  |TAMS 0x0000000706f00000, 0x0000000706f00000| Untracked 
|  96|0x0000000707000000, 0x0000000707000000, 0x0000000707100000|  0%| F|  |TAMS 0x0000000707000000, 0x0000000707000000| Untracked 
|  97|0x0000000707100000, 0x0000000707100000, 0x0000000707200000|  0%| F|  |TAMS 0x0000000707100000, 0x0000000707100000| Untracked 
|  98|0x0000000707200000, 0x0000000707200000, 0x0000000707300000|  0%| F|  |TAMS 0x0000000707200000, 0x0000000707200000| Untracked 
|  99|0x0000000707300000, 0x0000000707300000, 0x0000000707400000|  0%| F|  |TAMS 0x0000000707300000, 0x0000000707300000| Untracked 
| 100|0x0000000707400000, 0x0000000707400000, 0x0000000707500000|  0%| F|  |TAMS 0x0000000707400000, 0x0000000707400000| Untracked 
| 101|0x0000000707500000, 0x0000000707500000, 0x0000000707600000|  0%| F|  |TAMS 0x0000000707500000, 0x0000000707500000| Untracked 
| 102|0x0000000707600000, 0x0000000707600000, 0x0000000707700000|  0%| F|  |TAMS 0x0000000707600000, 0x0000000707600000| Untracked 
| 103|0x0000000707700000, 0x0000000707700000, 0x0000000707800000|  0%| F|  |TAMS 0x0000000707700000, 0x0000000707700000| Untracked 
| 104|0x0000000707800000, 0x0000000707800000, 0x0000000707900000|  0%| F|  |TAMS 0x0000000707800000, 0x0000000707800000| Untracked 
| 105|0x0000000707900000, 0x0000000707900000, 0x0000000707a00000|  0%| F|  |TAMS 0x0000000707900000, 0x0000000707900000| Untracked 
| 106|0x0000000707a00000, 0x0000000707a00000, 0x0000000707b00000|  0%| F|  |TAMS 0x0000000707a00000, 0x0000000707a00000| Untracked 
| 107|0x0000000707b00000, 0x0000000707b00000, 0x0000000707c00000|  0%| F|  |TAMS 0x0000000707b00000, 0x0000000707b00000| Untracked 
| 108|0x0000000707c00000, 0x0000000707c00000, 0x0000000707d00000|  0%| F|  |TAMS 0x0000000707c00000, 0x0000000707c00000| Untracked 
| 109|0x0000000707d00000, 0x0000000707d00000, 0x0000000707e00000|  0%| F|  |TAMS 0x0000000707d00000, 0x0000000707d00000| Untracked 
| 110|0x0000000707e00000, 0x0000000707e00000, 0x0000000707f00000|  0%| F|  |TAMS 0x0000000707e00000, 0x0000000707e00000| Untracked 
| 111|0x0000000707f00000, 0x0000000707f00000, 0x0000000708000000|  0%| F|  |TAMS 0x0000000707f00000, 0x0000000707f00000| Untracked 
| 112|0x0000000708000000, 0x0000000708000000, 0x0000000708100000|  0%| F|  |TAMS 0x0000000708000000, 0x0000000708000000| Untracked 
| 113|0x0000000708100000, 0x0000000708100000, 0x0000000708200000|  0%| F|  |TAMS 0x0000000708100000, 0x0000000708100000| Untracked 
| 114|0x0000000708200000, 0x0000000708200000, 0x0000000708300000|  0%| F|  |TAMS 0x0000000708200000, 0x0000000708200000| Untracked 
| 115|0x0000000708300000, 0x0000000708300000, 0x0000000708400000|  0%| F|  |TAMS 0x0000000708300000, 0x0000000708300000| Untracked 
| 116|0x0000000708400000, 0x0000000708400000, 0x0000000708500000|  0%| F|  |TAMS 0x0000000708400000, 0x0000000708400000| Untracked 
| 117|0x0000000708500000, 0x0000000708500000, 0x0000000708600000|  0%| F|  |TAMS 0x0000000708500000, 0x0000000708500000| Untracked 
| 118|0x0000000708600000, 0x0000000708600000, 0x0000000708700000|  0%| F|  |TAMS 0x0000000708600000, 0x0000000708600000| Untracked 
| 119|0x0000000708700000, 0x0000000708700000, 0x0000000708800000|  0%| F|  |TAMS 0x0000000708700000, 0x0000000708700000| Untracked 
| 120|0x0000000708800000, 0x0000000708800000, 0x0000000708900000|  0%| F|  |TAMS 0x0000000708800000, 0x0000000708800000| Untracked 
| 121|0x0000000708900000, 0x0000000708900000, 0x0000000708a00000|  0%| F|  |TAMS 0x0000000708900000, 0x0000000708900000| Untracked 
| 122|0x0000000708a00000, 0x0000000708a00000, 0x0000000708b00000|  0%| F|  |TAMS 0x0000000708a00000, 0x0000000708a00000| Untracked 
| 123|0x0000000708b00000, 0x0000000708b00000, 0x0000000708c00000|  0%| F|  |TAMS 0x0000000708b00000, 0x0000000708b00000| Untracked 
| 124|0x0000000708c00000, 0x0000000708c00000, 0x0000000708d00000|  0%| F|  |TAMS 0x0000000708c00000, 0x0000000708c00000| Untracked 
| 125|0x0000000708d00000, 0x0000000708d00000, 0x0000000708e00000|  0%| F|  |TAMS 0x0000000708d00000, 0x0000000708d00000| Untracked 
| 126|0x0000000708e00000, 0x0000000708e00000, 0x0000000708f00000|  0%| F|  |TAMS 0x0000000708e00000, 0x0000000708e00000| Untracked 
| 127|0x0000000708f00000, 0x0000000708f00000, 0x0000000709000000|  0%| F|  |TAMS 0x0000000708f00000, 0x0000000708f00000| Untracked 
| 128|0x0000000709000000, 0x0000000709000000, 0x0000000709100000|  0%| F|  |TAMS 0x0000000709000000, 0x0000000709000000| Untracked 
| 129|0x0000000709100000, 0x0000000709100000, 0x0000000709200000|  0%| F|  |TAMS 0x0000000709100000, 0x0000000709100000| Untracked 
| 130|0x0000000709200000, 0x0000000709200000, 0x0000000709300000|  0%| F|  |TAMS 0x0000000709200000, 0x0000000709200000| Untracked 
| 131|0x0000000709300000, 0x0000000709300000, 0x0000000709400000|  0%| F|  |TAMS 0x0000000709300000, 0x0000000709300000| Untracked 
| 132|0x0000000709400000, 0x0000000709400000, 0x0000000709500000|  0%| F|  |TAMS 0x0000000709400000, 0x0000000709400000| Untracked 
| 133|0x0000000709500000, 0x0000000709500000, 0x0000000709600000|  0%| F|  |TAMS 0x0000000709500000, 0x0000000709500000| Untracked 
| 134|0x0000000709600000, 0x0000000709600000, 0x0000000709700000|  0%| F|  |TAMS 0x0000000709600000, 0x0000000709600000| Untracked 
| 135|0x0000000709700000, 0x0000000709700000, 0x0000000709800000|  0%| F|  |TAMS 0x0000000709700000, 0x0000000709700000| Untracked 
| 136|0x0000000709800000, 0x0000000709800000, 0x0000000709900000|  0%| F|  |TAMS 0x0000000709800000, 0x0000000709800000| Untracked 
| 137|0x0000000709900000, 0x0000000709900000, 0x0000000709a00000|  0%| F|  |TAMS 0x0000000709900000, 0x0000000709900000| Untracked 
| 138|0x0000000709a00000, 0x0000000709a00000, 0x0000000709b00000|  0%| F|  |TAMS 0x0000000709a00000, 0x0000000709a00000| Untracked 
| 139|0x0000000709b00000, 0x0000000709b00000, 0x0000000709c00000|  0%| F|  |TAMS 0x0000000709b00000, 0x0000000709b00000| Untracked 
| 140|0x0000000709c00000, 0x0000000709c00000, 0x0000000709d00000|  0%| F|  |TAMS 0x0000000709c00000, 0x0000000709c00000| Untracked 
| 141|0x0000000709d00000, 0x0000000709d00000, 0x0000000709e00000|  0%| F|  |TAMS 0x0000000709d00000, 0x0000000709d00000| Untracked 
| 142|0x0000000709e00000, 0x0000000709e00000, 0x0000000709f00000|  0%| F|  |TAMS 0x0000000709e00000, 0x0000000709e00000| Untracked 
| 143|0x0000000709f00000, 0x0000000709f00000, 0x000000070a000000|  0%| F|  |TAMS 0x0000000709f00000, 0x0000000709f00000| Untracked 
| 144|0x000000070a000000, 0x000000070a000000, 0x000000070a100000|  0%| F|  |TAMS 0x000000070a000000, 0x000000070a000000| Untracked 
| 145|0x000000070a100000, 0x000000070a100000, 0x000000070a200000|  0%| F|  |TAMS 0x000000070a100000, 0x000000070a100000| Untracked 
| 146|0x000000070a200000, 0x000000070a200000, 0x000000070a300000|  0%| F|  |TAMS 0x000000070a200000, 0x000000070a200000| Untracked 
| 147|0x000000070a300000, 0x000000070a300000, 0x000000070a400000|  0%| F|  |TAMS 0x000000070a300000, 0x000000070a300000| Untracked 
| 148|0x000000070a400000, 0x000000070a400000, 0x000000070a500000|  0%| F|  |TAMS 0x000000070a400000, 0x000000070a400000| Untracked 
| 149|0x000000070a500000, 0x000000070a500000, 0x000000070a600000|  0%| F|  |TAMS 0x000000070a500000, 0x000000070a500000| Untracked 
| 150|0x000000070a600000, 0x000000070a600000, 0x000000070a700000|  0%| F|  |TAMS 0x000000070a600000, 0x000000070a600000| Untracked 
| 151|0x000000070a700000, 0x000000070a700000, 0x000000070a800000|  0%| F|  |TAMS 0x000000070a700000, 0x000000070a700000| Untracked 
| 152|0x000000070a800000, 0x000000070a800000, 0x000000070a900000|  0%| F|  |TAMS 0x000000070a800000, 0x000000070a800000| Untracked 
| 153|0x000000070a900000, 0x000000070a900000, 0x000000070aa00000|  0%| F|  |TAMS 0x000000070a900000, 0x000000070a900000| Untracked 
| 154|0x000000070aa00000, 0x000000070aa00000, 0x000000070ab00000|  0%| F|  |TAMS 0x000000070aa00000, 0x000000070aa00000| Untracked 
| 155|0x000000070ab00000, 0x000000070ab00000, 0x000000070ac00000|  0%| F|  |TAMS 0x000000070ab00000, 0x000000070ab00000| Untracked 
| 156|0x000000070ac00000, 0x000000070ac00000, 0x000000070ad00000|  0%| F|  |TAMS 0x000000070ac00000, 0x000000070ac00000| Untracked 
| 157|0x000000070ad00000, 0x000000070ad00000, 0x000000070ae00000|  0%| F|  |TAMS 0x000000070ad00000, 0x000000070ad00000| Untracked 
| 158|0x000000070ae00000, 0x000000070ae00000, 0x000000070af00000|  0%| F|  |TAMS 0x000000070ae00000, 0x000000070ae00000| Untracked 
| 159|0x000000070af00000, 0x000000070af00000, 0x000000070b000000|  0%| F|  |TAMS 0x000000070af00000, 0x000000070af00000| Untracked 
| 160|0x000000070b000000, 0x000000070b000000, 0x000000070b100000|  0%| F|  |TAMS 0x000000070b000000, 0x000000070b000000| Untracked 
| 161|0x000000070b100000, 0x000000070b100000, 0x000000070b200000|  0%| F|  |TAMS 0x000000070b100000, 0x000000070b100000| Untracked 
| 162|0x000000070b200000, 0x000000070b200000, 0x000000070b300000|  0%| F|  |TAMS 0x000000070b200000, 0x000000070b200000| Untracked 
| 163|0x000000070b300000, 0x000000070b300000, 0x000000070b400000|  0%| F|  |TAMS 0x000000070b300000, 0x000000070b300000| Untracked 
| 164|0x000000070b400000, 0x000000070b400000, 0x000000070b500000|  0%| F|  |TAMS 0x000000070b400000, 0x000000070b400000| Untracked 
| 165|0x000000070b500000, 0x000000070b500000, 0x000000070b600000|  0%| F|  |TAMS 0x000000070b500000, 0x000000070b500000| Untracked 
| 166|0x000000070b600000, 0x000000070b600000, 0x000000070b700000|  0%| F|  |TAMS 0x000000070b600000, 0x000000070b600000| Untracked 
| 167|0x000000070b700000, 0x000000070b700000, 0x000000070b800000|  0%| F|  |TAMS 0x000000070b700000, 0x000000070b700000| Untracked 
| 168|0x000000070b800000, 0x000000070b800000, 0x000000070b900000|  0%| F|  |TAMS 0x000000070b800000, 0x000000070b800000| Untracked 
| 169|0x000000070b900000, 0x000000070b900000, 0x000000070ba00000|  0%| F|  |TAMS 0x000000070b900000, 0x000000070b900000| Untracked 
| 170|0x000000070ba00000, 0x000000070ba00000, 0x000000070bb00000|  0%| F|  |TAMS 0x000000070ba00000, 0x000000070ba00000| Untracked 
| 171|0x000000070bb00000, 0x000000070bb00000, 0x000000070bc00000|  0%| F|  |TAMS 0x000000070bb00000, 0x000000070bb00000| Untracked 
| 172|0x000000070bc00000, 0x000000070bc00000, 0x000000070bd00000|  0%| F|  |TAMS 0x000000070bc00000, 0x000000070bc00000| Untracked 
| 173|0x000000070bd00000, 0x000000070bd00000, 0x000000070be00000|  0%| F|  |TAMS 0x000000070bd00000, 0x000000070bd00000| Untracked 
| 174|0x000000070be00000, 0x000000070be00000, 0x000000070bf00000|  0%| F|  |TAMS 0x000000070be00000, 0x000000070be00000| Untracked 
| 175|0x000000070bf00000, 0x000000070bf00000, 0x000000070c000000|  0%| F|  |TAMS 0x000000070bf00000, 0x000000070bf00000| Untracked 
| 176|0x000000070c000000, 0x000000070c000000, 0x000000070c100000|  0%| F|  |TAMS 0x000000070c000000, 0x000000070c000000| Untracked 
| 177|0x000000070c100000, 0x000000070c100000, 0x000000070c200000|  0%| F|  |TAMS 0x000000070c100000, 0x000000070c100000| Untracked 
| 178|0x000000070c200000, 0x000000070c200000, 0x000000070c300000|  0%| F|  |TAMS 0x000000070c200000, 0x000000070c200000| Untracked 
| 179|0x000000070c300000, 0x000000070c300000, 0x000000070c400000|  0%| F|  |TAMS 0x000000070c300000, 0x000000070c300000| Untracked 
| 180|0x000000070c400000, 0x000000070c400000, 0x000000070c500000|  0%| F|  |TAMS 0x000000070c400000, 0x000000070c400000| Untracked 
| 181|0x000000070c500000, 0x000000070c500000, 0x000000070c600000|  0%| F|  |TAMS 0x000000070c500000, 0x000000070c500000| Untracked 
| 182|0x000000070c600000, 0x000000070c600000, 0x000000070c700000|  0%| F|  |TAMS 0x000000070c600000, 0x000000070c600000| Untracked 
| 183|0x000000070c700000, 0x000000070c700000, 0x000000070c800000|  0%| F|  |TAMS 0x000000070c700000, 0x000000070c700000| Untracked 
| 184|0x000000070c800000, 0x000000070c800000, 0x000000070c900000|  0%| F|  |TAMS 0x000000070c800000, 0x000000070c800000| Untracked 
| 185|0x000000070c900000, 0x000000070c900000, 0x000000070ca00000|  0%| F|  |TAMS 0x000000070c900000, 0x000000070c900000| Untracked 
| 186|0x000000070ca00000, 0x000000070ca00000, 0x000000070cb00000|  0%| F|  |TAMS 0x000000070ca00000, 0x000000070ca00000| Untracked 
| 187|0x000000070cb00000, 0x000000070cc00000, 0x000000070cc00000|100%| S|  |TAMS 0x000000070cb00000, 0x000000070cb00000| Complete 
| 188|0x000000070cc00000, 0x000000070cd00000, 0x000000070cd00000|100%| S|  |TAMS 0x000000070cc00000, 0x000000070cc00000| Complete 
| 189|0x000000070cd00000, 0x000000070ce00000, 0x000000070ce00000|100%| S|  |TAMS 0x000000070cd00000, 0x000000070cd00000| Complete 
| 190|0x000000070ce00000, 0x000000070cf00000, 0x000000070cf00000|100%| S|  |TAMS 0x000000070ce00000, 0x000000070ce00000| Complete 
| 191|0x000000070cf00000, 0x000000070d000000, 0x000000070d000000|100%| S|  |TAMS 0x000000070cf00000, 0x000000070cf00000| Complete 
| 192|0x000000070d000000, 0x000000070d100000, 0x000000070d100000|100%| S|  |TAMS 0x000000070d000000, 0x000000070d000000| Complete 
| 193|0x000000070d100000, 0x000000070d200000, 0x000000070d200000|100%| S|  |TAMS 0x000000070d100000, 0x000000070d100000| Complete 
| 194|0x000000070d200000, 0x000000070d300000, 0x000000070d300000|100%| E|CS|TAMS 0x000000070d200000, 0x000000070d200000| Complete 
| 195|0x000000070d300000, 0x000000070d400000, 0x000000070d400000|100%| E|CS|TAMS 0x000000070d300000, 0x000000070d300000| Complete 
| 196|0x000000070d400000, 0x000000070d500000, 0x000000070d500000|100%| E|CS|TAMS 0x000000070d400000, 0x000000070d400000| Complete 
| 197|0x000000070d500000, 0x000000070d600000, 0x000000070d600000|100%| E|CS|TAMS 0x000000070d500000, 0x000000070d500000| Complete 
| 198|0x000000070d600000, 0x000000070d700000, 0x000000070d700000|100%| E|CS|TAMS 0x000000070d600000, 0x000000070d600000| Complete 
| 199|0x000000070d700000, 0x000000070d800000, 0x000000070d800000|100%| E|CS|TAMS 0x000000070d700000, 0x000000070d700000| Complete 
| 200|0x000000070d800000, 0x000000070d900000, 0x000000070d900000|100%| E|CS|TAMS 0x000000070d800000, 0x000000070d800000| Complete 
| 201|0x000000070d900000, 0x000000070da00000, 0x000000070da00000|100%| E|CS|TAMS 0x000000070d900000, 0x000000070d900000| Complete 
| 202|0x000000070da00000, 0x000000070db00000, 0x000000070db00000|100%| E|CS|TAMS 0x000000070da00000, 0x000000070da00000| Complete 
| 203|0x000000070db00000, 0x000000070dc00000, 0x000000070dc00000|100%| E|CS|TAMS 0x000000070db00000, 0x000000070db00000| Complete 
| 204|0x000000070dc00000, 0x000000070dd00000, 0x000000070dd00000|100%| E|CS|TAMS 0x000000070dc00000, 0x000000070dc00000| Complete 
| 205|0x000000070dd00000, 0x000000070de00000, 0x000000070de00000|100%| E|CS|TAMS 0x000000070dd00000, 0x000000070dd00000| Complete 
| 206|0x000000070de00000, 0x000000070df00000, 0x000000070df00000|100%| E|CS|TAMS 0x000000070de00000, 0x000000070de00000| Complete 
| 207|0x000000070df00000, 0x000000070e000000, 0x000000070e000000|100%| E|CS|TAMS 0x000000070df00000, 0x000000070df00000| Complete 
| 208|0x000000070e000000, 0x000000070e100000, 0x000000070e100000|100%| E|CS|TAMS 0x000000070e000000, 0x000000070e000000| Complete 
| 209|0x000000070e100000, 0x000000070e200000, 0x000000070e200000|100%| E|CS|TAMS 0x000000070e100000, 0x000000070e100000| Complete 
| 210|0x000000070e200000, 0x000000070e300000, 0x000000070e300000|100%| E|CS|TAMS 0x000000070e200000, 0x000000070e200000| Complete 
| 211|0x000000070e300000, 0x000000070e400000, 0x000000070e400000|100%| E|CS|TAMS 0x000000070e300000, 0x000000070e300000| Complete 
| 212|0x000000070e400000, 0x000000070e500000, 0x000000070e500000|100%| E|CS|TAMS 0x000000070e400000, 0x000000070e400000| Complete 
| 213|0x000000070e500000, 0x000000070e600000, 0x000000070e600000|100%| E|CS|TAMS 0x000000070e500000, 0x000000070e500000| Complete 
| 214|0x000000070e600000, 0x000000070e700000, 0x000000070e700000|100%| E|CS|TAMS 0x000000070e600000, 0x000000070e600000| Complete 
| 215|0x000000070e700000, 0x000000070e800000, 0x000000070e800000|100%| E|CS|TAMS 0x000000070e700000, 0x000000070e700000| Complete 
| 216|0x000000070e800000, 0x000000070e900000, 0x000000070e900000|100%| E|CS|TAMS 0x000000070e800000, 0x000000070e800000| Complete 
| 217|0x000000070e900000, 0x000000070ea00000, 0x000000070ea00000|100%| E|CS|TAMS 0x000000070e900000, 0x000000070e900000| Complete 
| 218|0x000000070ea00000, 0x000000070eb00000, 0x000000070eb00000|100%| E|CS|TAMS 0x000000070ea00000, 0x000000070ea00000| Complete 
| 219|0x000000070eb00000, 0x000000070ec00000, 0x000000070ec00000|100%| E|CS|TAMS 0x000000070eb00000, 0x000000070eb00000| Complete 
| 220|0x000000070ec00000, 0x000000070ed00000, 0x000000070ed00000|100%| E|CS|TAMS 0x000000070ec00000, 0x000000070ec00000| Complete 
| 221|0x000000070ed00000, 0x000000070ee00000, 0x000000070ee00000|100%| E|CS|TAMS 0x000000070ed00000, 0x000000070ed00000| Complete 
| 222|0x000000070ee00000, 0x000000070ef00000, 0x000000070ef00000|100%| E|CS|TAMS 0x000000070ee00000, 0x000000070ee00000| Complete 
| 223|0x000000070ef00000, 0x000000070f000000, 0x000000070f000000|100%| E|CS|TAMS 0x000000070ef00000, 0x000000070ef00000| Complete 
| 224|0x000000070f000000, 0x000000070f100000, 0x000000070f100000|100%| E|CS|TAMS 0x000000070f000000, 0x000000070f000000| Complete 
| 225|0x000000070f100000, 0x000000070f200000, 0x000000070f200000|100%| E|CS|TAMS 0x000000070f100000, 0x000000070f100000| Complete 
| 226|0x000000070f200000, 0x000000070f300000, 0x000000070f300000|100%| E|CS|TAMS 0x000000070f200000, 0x000000070f200000| Complete 
| 227|0x000000070f300000, 0x000000070f400000, 0x000000070f400000|100%| E|CS|TAMS 0x000000070f300000, 0x000000070f300000| Complete 
| 228|0x000000070f400000, 0x000000070f500000, 0x000000070f500000|100%| E|CS|TAMS 0x000000070f400000, 0x000000070f400000| Complete 
| 229|0x000000070f500000, 0x000000070f600000, 0x000000070f600000|100%| E|CS|TAMS 0x000000070f500000, 0x000000070f500000| Complete 
| 230|0x000000070f600000, 0x000000070f700000, 0x000000070f700000|100%| E|CS|TAMS 0x000000070f600000, 0x000000070f600000| Complete 
| 231|0x000000070f700000, 0x000000070f800000, 0x000000070f800000|100%| E|CS|TAMS 0x000000070f700000, 0x000000070f700000| Complete 
| 232|0x000000070f800000, 0x000000070f900000, 0x000000070f900000|100%| E|CS|TAMS 0x000000070f800000, 0x000000070f800000| Complete 
| 233|0x000000070f900000, 0x000000070fa00000, 0x000000070fa00000|100%| E|CS|TAMS 0x000000070f900000, 0x000000070f900000| Complete 
| 234|0x000000070fa00000, 0x000000070fb00000, 0x000000070fb00000|100%| E|CS|TAMS 0x000000070fa00000, 0x000000070fa00000| Complete 
| 235|0x000000070fb00000, 0x000000070fc00000, 0x000000070fc00000|100%| E|CS|TAMS 0x000000070fb00000, 0x000000070fb00000| Complete 
| 236|0x000000070fc00000, 0x000000070fd00000, 0x000000070fd00000|100%| E|CS|TAMS 0x000000070fc00000, 0x000000070fc00000| Complete 
| 237|0x000000070fd00000, 0x000000070fe00000, 0x000000070fe00000|100%| E|CS|TAMS 0x000000070fd00000, 0x000000070fd00000| Complete 
| 238|0x000000070fe00000, 0x000000070ff00000, 0x000000070ff00000|100%| E|CS|TAMS 0x000000070fe00000, 0x000000070fe00000| Complete 
| 239|0x000000070ff00000, 0x0000000710000000, 0x0000000710000000|100%| E|CS|TAMS 0x000000070ff00000, 0x000000070ff00000| Complete 
| 240|0x0000000710000000, 0x0000000710100000, 0x0000000710100000|100%| E|CS|TAMS 0x0000000710000000, 0x0000000710000000| Complete 
| 241|0x0000000710100000, 0x0000000710200000, 0x0000000710200000|100%| E|CS|TAMS 0x0000000710100000, 0x0000000710100000| Complete 
| 242|0x0000000710200000, 0x0000000710300000, 0x0000000710300000|100%| E|CS|TAMS 0x0000000710200000, 0x0000000710200000| Complete 
| 243|0x0000000710300000, 0x0000000710400000, 0x0000000710400000|100%| E|CS|TAMS 0x0000000710300000, 0x0000000710300000| Complete 
| 244|0x0000000710400000, 0x0000000710500000, 0x0000000710500000|100%| E|CS|TAMS 0x0000000710400000, 0x0000000710400000| Complete 
| 245|0x0000000710500000, 0x0000000710600000, 0x0000000710600000|100%| E|CS|TAMS 0x0000000710500000, 0x0000000710500000| Complete 
| 246|0x0000000710600000, 0x0000000710700000, 0x0000000710700000|100%| E|CS|TAMS 0x0000000710600000, 0x0000000710600000| Complete 
| 247|0x0000000710700000, 0x0000000710800000, 0x0000000710800000|100%| E|CS|TAMS 0x0000000710700000, 0x0000000710700000| Complete 
| 248|0x0000000710800000, 0x0000000710900000, 0x0000000710900000|100%| E|CS|TAMS 0x0000000710800000, 0x0000000710800000| Complete 
| 249|0x0000000710900000, 0x0000000710a00000, 0x0000000710a00000|100%| E|CS|TAMS 0x0000000710900000, 0x0000000710900000| Complete 
| 250|0x0000000710a00000, 0x0000000710b00000, 0x0000000710b00000|100%| E|CS|TAMS 0x0000000710a00000, 0x0000000710a00000| Complete 
| 251|0x0000000710b00000, 0x0000000710c00000, 0x0000000710c00000|100%| E|CS|TAMS 0x0000000710b00000, 0x0000000710b00000| Complete 
| 252|0x0000000710c00000, 0x0000000710d00000, 0x0000000710d00000|100%| E|CS|TAMS 0x0000000710c00000, 0x0000000710c00000| Complete 
| 253|0x0000000710d00000, 0x0000000710e00000, 0x0000000710e00000|100%| E|CS|TAMS 0x0000000710d00000, 0x0000000710d00000| Complete 
| 254|0x0000000710e00000, 0x0000000710f00000, 0x0000000710f00000|100%| E|CS|TAMS 0x0000000710e00000, 0x0000000710e00000| Complete 
| 255|0x0000000710f00000, 0x0000000710f00000, 0x0000000711000000|  0%| F|  |TAMS 0x0000000710f00000, 0x0000000710f00000| Untracked 
| 256|0x0000000711000000, 0x0000000711000000, 0x0000000711100000|  0%| F|  |TAMS 0x0000000711000000, 0x0000000711000000| Untracked 
| 257|0x0000000711100000, 0x0000000711100000, 0x0000000711200000|  0%| F|  |TAMS 0x0000000711100000, 0x0000000711100000| Untracked 
| 258|0x0000000711200000, 0x0000000711200000, 0x0000000711300000|  0%| F|  |TAMS 0x0000000711200000, 0x0000000711200000| Untracked 
| 259|0x0000000711300000, 0x0000000711300000, 0x0000000711400000|  0%| F|  |TAMS 0x0000000711300000, 0x0000000711300000| Untracked 
| 260|0x0000000711400000, 0x0000000711400000, 0x0000000711500000|  0%| F|  |TAMS 0x0000000711400000, 0x0000000711400000| Untracked 
| 261|0x0000000711500000, 0x0000000711500000, 0x0000000711600000|  0%| F|  |TAMS 0x0000000711500000, 0x0000000711500000| Untracked 
| 262|0x0000000711600000, 0x0000000711600000, 0x0000000711700000|  0%| F|  |TAMS 0x0000000711600000, 0x0000000711600000| Untracked 
| 263|0x0000000711700000, 0x0000000711700000, 0x0000000711800000|  0%| F|  |TAMS 0x0000000711700000, 0x0000000711700000| Untracked 
| 264|0x0000000711800000, 0x0000000711800000, 0x0000000711900000|  0%| F|  |TAMS 0x0000000711800000, 0x0000000711800000| Untracked 
| 265|0x0000000711900000, 0x0000000711900000, 0x0000000711a00000|  0%| F|  |TAMS 0x0000000711900000, 0x0000000711900000| Untracked 
| 266|0x0000000711a00000, 0x0000000711a00000, 0x0000000711b00000|  0%| F|  |TAMS 0x0000000711a00000, 0x0000000711a00000| Untracked 
| 267|0x0000000711b00000, 0x0000000711b00000, 0x0000000711c00000|  0%| F|  |TAMS 0x0000000711b00000, 0x0000000711b00000| Untracked 
| 268|0x0000000711c00000, 0x0000000711c00000, 0x0000000711d00000|  0%| F|  |TAMS 0x0000000711c00000, 0x0000000711c00000| Untracked 
| 269|0x0000000711d00000, 0x0000000711d00000, 0x0000000711e00000|  0%| F|  |TAMS 0x0000000711d00000, 0x0000000711d00000| Untracked 
| 270|0x0000000711e00000, 0x0000000711e00000, 0x0000000711f00000|  0%| F|  |TAMS 0x0000000711e00000, 0x0000000711e00000| Untracked 
| 271|0x0000000711f00000, 0x0000000711f00000, 0x0000000712000000|  0%| F|  |TAMS 0x0000000711f00000, 0x0000000711f00000| Untracked 
| 272|0x0000000712000000, 0x0000000712000000, 0x0000000712100000|  0%| F|  |TAMS 0x0000000712000000, 0x0000000712000000| Untracked 
| 273|0x0000000712100000, 0x0000000712100000, 0x0000000712200000|  0%| F|  |TAMS 0x0000000712100000, 0x0000000712100000| Untracked 
| 274|0x0000000712200000, 0x0000000712200000, 0x0000000712300000|  0%| F|  |TAMS 0x0000000712200000, 0x0000000712200000| Untracked 
| 275|0x0000000712300000, 0x0000000712300000, 0x0000000712400000|  0%| F|  |TAMS 0x0000000712300000, 0x0000000712300000| Untracked 
| 276|0x0000000712400000, 0x0000000712400000, 0x0000000712500000|  0%| F|  |TAMS 0x0000000712400000, 0x0000000712400000| Untracked 
| 277|0x0000000712500000, 0x0000000712500000, 0x0000000712600000|  0%| F|  |TAMS 0x0000000712500000, 0x0000000712500000| Untracked 
| 278|0x0000000712600000, 0x0000000712600000, 0x0000000712700000|  0%| F|  |TAMS 0x0000000712600000, 0x0000000712600000| Untracked 
| 279|0x0000000712700000, 0x0000000712700000, 0x0000000712800000|  0%| F|  |TAMS 0x0000000712700000, 0x0000000712700000| Untracked 
| 280|0x0000000712800000, 0x0000000712800000, 0x0000000712900000|  0%| F|  |TAMS 0x0000000712800000, 0x0000000712800000| Untracked 
| 281|0x0000000712900000, 0x0000000712900000, 0x0000000712a00000|  0%| F|  |TAMS 0x0000000712900000, 0x0000000712900000| Untracked 
| 282|0x0000000712a00000, 0x0000000712a00000, 0x0000000712b00000|  0%| F|  |TAMS 0x0000000712a00000, 0x0000000712a00000| Untracked 
| 283|0x0000000712b00000, 0x0000000712b00000, 0x0000000712c00000|  0%| F|  |TAMS 0x0000000712b00000, 0x0000000712b00000| Untracked 
| 284|0x0000000712c00000, 0x0000000712c00000, 0x0000000712d00000|  0%| F|  |TAMS 0x0000000712c00000, 0x0000000712c00000| Untracked 
| 285|0x0000000712d00000, 0x0000000712d00000, 0x0000000712e00000|  0%| F|  |TAMS 0x0000000712d00000, 0x0000000712d00000| Untracked 
| 286|0x0000000712e00000, 0x0000000712e00000, 0x0000000712f00000|  0%| F|  |TAMS 0x0000000712e00000, 0x0000000712e00000| Untracked 
| 287|0x0000000712f00000, 0x0000000712f00000, 0x0000000713000000|  0%| F|  |TAMS 0x0000000712f00000, 0x0000000712f00000| Untracked 
| 288|0x0000000713000000, 0x0000000713000000, 0x0000000713100000|  0%| F|  |TAMS 0x0000000713000000, 0x0000000713000000| Untracked 
| 289|0x0000000713100000, 0x0000000713100000, 0x0000000713200000|  0%| F|  |TAMS 0x0000000713100000, 0x0000000713100000| Untracked 
| 290|0x0000000713200000, 0x0000000713200000, 0x0000000713300000|  0%| F|  |TAMS 0x0000000713200000, 0x0000000713200000| Untracked 
| 291|0x0000000713300000, 0x0000000713300000, 0x0000000713400000|  0%| F|  |TAMS 0x0000000713300000, 0x0000000713300000| Untracked 
| 292|0x0000000713400000, 0x0000000713400000, 0x0000000713500000|  0%| F|  |TAMS 0x0000000713400000, 0x0000000713400000| Untracked 
| 293|0x0000000713500000, 0x0000000713500000, 0x0000000713600000|  0%| F|  |TAMS 0x0000000713500000, 0x0000000713500000| Untracked 
| 294|0x0000000713600000, 0x0000000713600000, 0x0000000713700000|  0%| F|  |TAMS 0x0000000713600000, 0x0000000713600000| Untracked 
| 295|0x0000000713700000, 0x0000000713700000, 0x0000000713800000|  0%| F|  |TAMS 0x0000000713700000, 0x0000000713700000| Untracked 
| 296|0x0000000713800000, 0x0000000713800000, 0x0000000713900000|  0%| F|  |TAMS 0x0000000713800000, 0x0000000713800000| Untracked 
| 297|0x0000000713900000, 0x0000000713900000, 0x0000000713a00000|  0%| F|  |TAMS 0x0000000713900000, 0x0000000713900000| Untracked 
| 298|0x0000000713a00000, 0x0000000713a00000, 0x0000000713b00000|  0%| F|  |TAMS 0x0000000713a00000, 0x0000000713a00000| Untracked 
| 299|0x0000000713b00000, 0x0000000713b00000, 0x0000000713c00000|  0%| F|  |TAMS 0x0000000713b00000, 0x0000000713b00000| Untracked 
| 300|0x0000000713c00000, 0x0000000713c00000, 0x0000000713d00000|  0%| F|  |TAMS 0x0000000713c00000, 0x0000000713c00000| Untracked 
| 301|0x0000000713d00000, 0x0000000713d00000, 0x0000000713e00000|  0%| F|  |TAMS 0x0000000713d00000, 0x0000000713d00000| Untracked 
| 302|0x0000000713e00000, 0x0000000713e00000, 0x0000000713f00000|  0%| F|  |TAMS 0x0000000713e00000, 0x0000000713e00000| Untracked 
| 303|0x0000000713f00000, 0x0000000713f00000, 0x0000000714000000|  0%| F|  |TAMS 0x0000000713f00000, 0x0000000713f00000| Untracked 
| 304|0x0000000714000000, 0x0000000714000000, 0x0000000714100000|  0%| F|  |TAMS 0x0000000714000000, 0x0000000714000000| Untracked 
| 305|0x0000000714100000, 0x0000000714100000, 0x0000000714200000|  0%| F|  |TAMS 0x0000000714100000, 0x0000000714100000| Untracked 
| 306|0x0000000714200000, 0x0000000714200000, 0x0000000714300000|  0%| F|  |TAMS 0x0000000714200000, 0x0000000714200000| Untracked 
| 307|0x0000000714300000, 0x0000000714300000, 0x0000000714400000|  0%| F|  |TAMS 0x0000000714300000, 0x0000000714300000| Untracked 
| 308|0x0000000714400000, 0x0000000714400000, 0x0000000714500000|  0%| F|  |TAMS 0x0000000714400000, 0x0000000714400000| Untracked 
| 309|0x0000000714500000, 0x0000000714500000, 0x0000000714600000|  0%| F|  |TAMS 0x0000000714500000, 0x0000000714500000| Untracked 
| 310|0x0000000714600000, 0x0000000714600000, 0x0000000714700000|  0%| F|  |TAMS 0x0000000714600000, 0x0000000714600000| Untracked 
| 311|0x0000000714700000, 0x0000000714700000, 0x0000000714800000|  0%| F|  |TAMS 0x0000000714700000, 0x0000000714700000| Untracked 
| 312|0x0000000714800000, 0x0000000714800000, 0x0000000714900000|  0%| F|  |TAMS 0x0000000714800000, 0x0000000714800000| Untracked 
| 313|0x0000000714900000, 0x0000000714900000, 0x0000000714a00000|  0%| F|  |TAMS 0x0000000714900000, 0x0000000714900000| Untracked 
| 314|0x0000000714a00000, 0x0000000714a00000, 0x0000000714b00000|  0%| F|  |TAMS 0x0000000714a00000, 0x0000000714a00000| Untracked 
| 315|0x0000000714b00000, 0x0000000714b00000, 0x0000000714c00000|  0%| F|  |TAMS 0x0000000714b00000, 0x0000000714b00000| Untracked 
| 316|0x0000000714c00000, 0x0000000714c00000, 0x0000000714d00000|  0%| F|  |TAMS 0x0000000714c00000, 0x0000000714c00000| Untracked 
| 317|0x0000000714d00000, 0x0000000714d00000, 0x0000000714e00000|  0%| F|  |TAMS 0x0000000714d00000, 0x0000000714d00000| Untracked 
| 318|0x0000000714e00000, 0x0000000714e00000, 0x0000000714f00000|  0%| F|  |TAMS 0x0000000714e00000, 0x0000000714e00000| Untracked 
| 319|0x0000000714f00000, 0x0000000714f00000, 0x0000000715000000|  0%| F|  |TAMS 0x0000000714f00000, 0x0000000714f00000| Untracked 
| 320|0x0000000715000000, 0x0000000715000000, 0x0000000715100000|  0%| F|  |TAMS 0x0000000715000000, 0x0000000715000000| Untracked 
| 321|0x0000000715100000, 0x0000000715100000, 0x0000000715200000|  0%| F|  |TAMS 0x0000000715100000, 0x0000000715100000| Untracked 
| 322|0x0000000715200000, 0x0000000715200000, 0x0000000715300000|  0%| F|  |TAMS 0x0000000715200000, 0x0000000715200000| Untracked 
| 323|0x0000000715300000, 0x0000000715300000, 0x0000000715400000|  0%| F|  |TAMS 0x0000000715300000, 0x0000000715300000| Untracked 
| 324|0x0000000715400000, 0x0000000715400000, 0x0000000715500000|  0%| F|  |TAMS 0x0000000715400000, 0x0000000715400000| Untracked 
| 325|0x0000000715500000, 0x0000000715500000, 0x0000000715600000|  0%| F|  |TAMS 0x0000000715500000, 0x0000000715500000| Untracked 
| 326|0x0000000715600000, 0x0000000715600000, 0x0000000715700000|  0%| F|  |TAMS 0x0000000715600000, 0x0000000715600000| Untracked 
| 327|0x0000000715700000, 0x0000000715700000, 0x0000000715800000|  0%| F|  |TAMS 0x0000000715700000, 0x0000000715700000| Untracked 
| 328|0x0000000715800000, 0x0000000715800000, 0x0000000715900000|  0%| F|  |TAMS 0x0000000715800000, 0x0000000715800000| Untracked 
| 329|0x0000000715900000, 0x0000000715900000, 0x0000000715a00000|  0%| F|  |TAMS 0x0000000715900000, 0x0000000715900000| Untracked 
| 330|0x0000000715a00000, 0x0000000715a00000, 0x0000000715b00000|  0%| F|  |TAMS 0x0000000715a00000, 0x0000000715a00000| Untracked 
| 331|0x0000000715b00000, 0x0000000715b00000, 0x0000000715c00000|  0%| F|  |TAMS 0x0000000715b00000, 0x0000000715b00000| Untracked 
| 332|0x0000000715c00000, 0x0000000715c00000, 0x0000000715d00000|  0%| F|  |TAMS 0x0000000715c00000, 0x0000000715c00000| Untracked 
| 333|0x0000000715d00000, 0x0000000715d00000, 0x0000000715e00000|  0%| F|  |TAMS 0x0000000715d00000, 0x0000000715d00000| Untracked 
| 334|0x0000000715e00000, 0x0000000715e00000, 0x0000000715f00000|  0%| F|  |TAMS 0x0000000715e00000, 0x0000000715e00000| Untracked 
| 335|0x0000000715f00000, 0x0000000715f00000, 0x0000000716000000|  0%| F|  |TAMS 0x0000000715f00000, 0x0000000715f00000| Untracked 
| 336|0x0000000716000000, 0x0000000716000000, 0x0000000716100000|  0%| F|  |TAMS 0x0000000716000000, 0x0000000716000000| Untracked 
| 337|0x0000000716100000, 0x0000000716100000, 0x0000000716200000|  0%| F|  |TAMS 0x0000000716100000, 0x0000000716100000| Untracked 
| 338|0x0000000716200000, 0x0000000716200000, 0x0000000716300000|  0%| F|  |TAMS 0x0000000716200000, 0x0000000716200000| Untracked 
| 339|0x0000000716300000, 0x0000000716300000, 0x0000000716400000|  0%| F|  |TAMS 0x0000000716300000, 0x0000000716300000| Untracked 
| 340|0x0000000716400000, 0x0000000716400000, 0x0000000716500000|  0%| F|  |TAMS 0x0000000716400000, 0x0000000716400000| Untracked 
| 341|0x0000000716500000, 0x0000000716500000, 0x0000000716600000|  0%| F|  |TAMS 0x0000000716500000, 0x0000000716500000| Untracked 
| 342|0x0000000716600000, 0x0000000716600000, 0x0000000716700000|  0%| F|  |TAMS 0x0000000716600000, 0x0000000716600000| Untracked 
| 343|0x0000000716700000, 0x0000000716700000, 0x0000000716800000|  0%| F|  |TAMS 0x0000000716700000, 0x0000000716700000| Untracked 
| 344|0x0000000716800000, 0x0000000716800000, 0x0000000716900000|  0%| F|  |TAMS 0x0000000716800000, 0x0000000716800000| Untracked 
| 345|0x0000000716900000, 0x0000000716900000, 0x0000000716a00000|  0%| F|  |TAMS 0x0000000716900000, 0x0000000716900000| Untracked 
| 346|0x0000000716a00000, 0x0000000716a00000, 0x0000000716b00000|  0%| F|  |TAMS 0x0000000716a00000, 0x0000000716a00000| Untracked 
| 347|0x0000000716b00000, 0x0000000716b00000, 0x0000000716c00000|  0%| F|  |TAMS 0x0000000716b00000, 0x0000000716b00000| Untracked 
| 348|0x0000000716c00000, 0x0000000716c00000, 0x0000000716d00000|  0%| F|  |TAMS 0x0000000716c00000, 0x0000000716c00000| Untracked 
| 349|0x0000000716d00000, 0x0000000716d00000, 0x0000000716e00000|  0%| F|  |TAMS 0x0000000716d00000, 0x0000000716d00000| Untracked 
| 350|0x0000000716e00000, 0x0000000716e00000, 0x0000000716f00000|  0%| F|  |TAMS 0x0000000716e00000, 0x0000000716e00000| Untracked 
| 351|0x0000000716f00000, 0x0000000716f00000, 0x0000000717000000|  0%| F|  |TAMS 0x0000000716f00000, 0x0000000716f00000| Untracked 
| 352|0x0000000717000000, 0x0000000717000000, 0x0000000717100000|  0%| F|  |TAMS 0x0000000717000000, 0x0000000717000000| Untracked 
| 353|0x0000000717100000, 0x0000000717100000, 0x0000000717200000|  0%| F|  |TAMS 0x0000000717100000, 0x0000000717100000| Untracked 
| 354|0x0000000717200000, 0x0000000717200000, 0x0000000717300000|  0%| F|  |TAMS 0x0000000717200000, 0x0000000717200000| Untracked 
| 355|0x0000000717300000, 0x0000000717300000, 0x0000000717400000|  0%| F|  |TAMS 0x0000000717300000, 0x0000000717300000| Untracked 
| 356|0x0000000717400000, 0x0000000717400000, 0x0000000717500000|  0%| F|  |TAMS 0x0000000717400000, 0x0000000717400000| Untracked 
| 357|0x0000000717500000, 0x0000000717500000, 0x0000000717600000|  0%| F|  |TAMS 0x0000000717500000, 0x0000000717500000| Untracked 
| 358|0x0000000717600000, 0x0000000717600000, 0x0000000717700000|  0%| F|  |TAMS 0x0000000717600000, 0x0000000717600000| Untracked 
| 359|0x0000000717700000, 0x0000000717700000, 0x0000000717800000|  0%| F|  |TAMS 0x0000000717700000, 0x0000000717700000| Untracked 
| 360|0x0000000717800000, 0x0000000717800000, 0x0000000717900000|  0%| F|  |TAMS 0x0000000717800000, 0x0000000717800000| Untracked 
| 361|0x0000000717900000, 0x0000000717900000, 0x0000000717a00000|  0%| F|  |TAMS 0x0000000717900000, 0x0000000717900000| Untracked 
| 362|0x0000000717a00000, 0x0000000717a00000, 0x0000000717b00000|  0%| F|  |TAMS 0x0000000717a00000, 0x0000000717a00000| Untracked 
| 363|0x0000000717b00000, 0x0000000717b00000, 0x0000000717c00000|  0%| F|  |TAMS 0x0000000717b00000, 0x0000000717b00000| Untracked 
| 364|0x0000000717c00000, 0x0000000717c00000, 0x0000000717d00000|  0%| F|  |TAMS 0x0000000717c00000, 0x0000000717c00000| Untracked 
| 365|0x0000000717d00000, 0x0000000717d00000, 0x0000000717e00000|  0%| F|  |TAMS 0x0000000717d00000, 0x0000000717d00000| Untracked 
| 366|0x0000000717e00000, 0x0000000717e00000, 0x0000000717f00000|  0%| F|  |TAMS 0x0000000717e00000, 0x0000000717e00000| Untracked 
| 367|0x0000000717f00000, 0x0000000717f00000, 0x0000000718000000|  0%| F|  |TAMS 0x0000000717f00000, 0x0000000717f00000| Untracked 
| 368|0x0000000718000000, 0x0000000718000000, 0x0000000718100000|  0%| F|  |TAMS 0x0000000718000000, 0x0000000718000000| Untracked 
| 369|0x0000000718100000, 0x000000071818e6b8, 0x0000000718200000| 55%| E|  |TAMS 0x0000000718100000, 0x0000000718100000| Complete 

Card table byte_map: [0x0000025361b10000,0x0000025362310000] _byte_map_base: 0x000002535e308000

Marking Bits (Prev, Next): (CMBitMap*) 0x000002534e22e598, (CMBitMap*) 0x000002534e22e5d0
 Prev Bits: [0x0000025362b10000, 0x0000025366ad0000)
 Next Bits: [0x0000025366ad0000, 0x000002536aa90000)

Polling page: 0x0000025351cc0000

Metaspace:

Usage:
  Non-class:     74.96 MB capacity,    74.48 MB (>99%) used,   369.12 KB ( <1%) free+waste,   124.75 KB ( <1%) overhead. 
      Class:      9.03 MB capacity,     8.68 MB ( 96%) used,   305.49 KB (  3%) free+waste,    48.94 KB ( <1%) overhead. 
       Both:     83.99 MB capacity,    83.16 MB (>99%) used,   674.61 KB ( <1%) free+waste,   173.69 KB ( <1%) overhead. 

Virtual space:
  Non-class space:       76.00 MB reserved,      75.20 MB ( 99%) committed 
      Class space:        1.00 GB reserved,       9.07 MB ( <1%) committed 
             Both:        1.07 GB reserved,      84.27 MB (  8%) committed 

Chunk freelists:
   Non-Class:  50.00 KB
       Class:  6.00 KB
        Both:  56.00 KB

MaxMetaspaceSize: 17179869184.00 GB
CompressedClassSpaceSize: 1.00 GB

CodeHeap 'non-profiled nmethods': size=120064Kb used=9302Kb max_used=9696Kb free=110761Kb
 bounds [0x00000253597a0000, 0x000002535a120000, 0x0000025360ce0000]
CodeHeap 'profiled nmethods': size=120000Kb used=46713Kb max_used=47525Kb free=73286Kb
 bounds [0x0000025352270000, 0x0000025355110000, 0x00000253597a0000]
CodeHeap 'non-nmethods': size=5696Kb used=1306Kb max_used=1352Kb free=4389Kb
 bounds [0x0000025351ce0000, 0x0000025351f50000, 0x0000025352270000]
 total_blobs=14710 nmethods=14038 adapters=579
 compilation: enabled
              stopped_count=0, restarted_count=0
 full_count=0

Compilation events (20 events):
Event: 27.499 Thread 0x000002536da61000 15561       1       org.jetbrains.kotlin.codegen.state.GenerationState::getUnifiedNullChecks (5 bytes)
Event: 27.499 Thread 0x000002536da61000 nmethod 15561 0x0000025359a1e010 code [0x0000025359a1e1c0, 0x0000025359a1e278]
Event: 27.500 Thread 0x000002536da61000 15562       3       org.jetbrains.kotlin.resolve.lazy.descriptors.LazyClassDescriptor::getDeclaredTypeParameters (22 bytes)
Event: 27.500 Thread 0x000002536da61000 nmethod 15562 0x0000025352bb5190 code [0x0000025352bb5360, 0x0000025352bb56b8]
Event: 27.505 Thread 0x000002536da61000 15563       1       org.jetbrains.kotlin.ir.expressions.IrBlock::isTransparentScope (2 bytes)
Event: 27.505 Thread 0x000002536da61000 nmethod 15563 0x0000025359a1dd10 code [0x0000025359a1dec0, 0x0000025359a1df78]
Event: 27.507 Thread 0x000002536da61000 15564       3       org.jetbrains.kotlin.backend.jvm.codegen.CoroutineCodegenKt::isInvokeSuspendOfContinuation (47 bytes)
Event: 27.507 Thread 0x000002536da61000 nmethod 15564 0x0000025352d18310 code [0x0000025352d185c0, 0x0000025352d19138]
Event: 27.510 Thread 0x000002536da61000 15565       1       org.jetbrains.kotlin.ir.expressions.impl.IrSetFieldImpl::getStartOffset (5 bytes)
Event: 27.510 Thread 0x000002536da61000 nmethod 15565 0x0000025359a1da10 code [0x0000025359a1dbc0, 0x0000025359a1dc78]
Event: 27.510 Thread 0x000002536da61000 15566       3       org.jetbrains.kotlin.ir.types.JvmSpecificFlexibleTypesKt::isWithFlexibleNullability (17 bytes)
Event: 27.511 Thread 0x000002536da61000 nmethod 15566 0x0000025352c73110 code [0x0000025352c73340, 0x0000025352c73a08]
Event: 27.511 Thread 0x000002536da61000 15567       3       org.jetbrains.kotlin.ir.types.IrTypeSystemContextImpl::argumentsCount (6 bytes)
Event: 27.511 Thread 0x000002536da61000 nmethod 15567 0x0000025352b32690 code [0x0000025352b32840, 0x0000025352b32968]
Event: 27.511 Thread 0x000002536da61000 15568       3       org.jetbrains.kotlin.ir.types.IrTypeSystemContext$DefaultImpls::argumentsCount (40 bytes)
Event: 27.512 Thread 0x000002536da61000 nmethod 15568 0x0000025352db0c90 code [0x0000025352db0f60, 0x0000025352db1d98]
Event: 27.512 Thread 0x000002536da61000 15569       3       kotlin.sequences.SequencesKt___SequencesKt::toMutableList (25 bytes)
Event: 27.512 Thread 0x000002536da61000 nmethod 15569 0x0000025352d45b90 code [0x0000025352d45e00, 0x0000025352d46728]
Event: 27.524 Thread 0x000002536da61000 15570       3       org.jetbrains.org.objectweb.asm.commons.InstructionAdapter::visitInsn (1783 bytes)
Event: 27.529 Thread 0x000002536da61000 nmethod 15570 0x00000253550fe310 code [0x00000253550ff4a0, 0x000002535510c778]

GC Heap History (20 events):
Event: 0.392 GC heap before
{Heap before GC invocations=0 (full 0):
 garbage-first heap   total 262144K, used 17408K [0x0000000701000000, 0x0000000800000000)
  region size 1024K, 14 young (14336K), 0 survivors (0K)
 Metaspace       used 9763K, capacity 9871K, committed 10112K, reserved 1058816K
  class space    used 827K, capacity 884K, committed 896K, reserved 1048576K
}
Event: 0.395 GC heap after
{Heap after GC invocations=1 (full 0):
 garbage-first heap   total 262144K, used 5622K [0x0000000701000000, 0x0000000800000000)
  region size 1024K, 2 young (2048K), 2 survivors (2048K)
 Metaspace       used 9763K, capacity 9871K, committed 10112K, reserved 1058816K
  class space    used 827K, capacity 884K, committed 896K, reserved 1048576K
}
Event: 1.221 GC heap before
{Heap before GC invocations=1 (full 0):
 garbage-first heap   total 262144K, used 51702K [0x0000000701000000, 0x0000000800000000)
  region size 1024K, 48 young (49152K), 2 survivors (2048K)
 Metaspace       used 20970K, capacity 21163K, committed 21248K, reserved 1069056K
  class space    used 2201K, capacity 2262K, committed 2304K, reserved 1048576K
}
Event: 1.232 GC heap after
{Heap after GC invocations=2 (full 0):
 garbage-first heap   total 262144K, used 9415K [0x0000000701000000, 0x0000000800000000)
  region size 1024K, 6 young (6144K), 6 survivors (6144K)
 Metaspace       used 20970K, capacity 21163K, committed 21248K, reserved 1069056K
  class space    used 2201K, capacity 2262K, committed 2304K, reserved 1048576K
}
Event: 2.193 GC heap before
{Heap before GC invocations=3 (full 0):
 garbage-first heap   total 262144K, used 64711K [0x0000000701000000, 0x0000000800000000)
  region size 1024K, 52 young (53248K), 6 survivors (6144K)
 Metaspace       used 30457K, capacity 30938K, committed 31232K, reserved 1077248K
  class space    used 3568K, capacity 3745K, committed 3840K, reserved 1048576K
}
Event: 2.204 GC heap after
{Heap after GC invocations=4 (full 0):
 garbage-first heap   total 262144K, used 24236K [0x0000000701000000, 0x0000000800000000)
  region size 1024K, 7 young (7168K), 7 survivors (7168K)
 Metaspace       used 30457K, capacity 30938K, committed 31232K, reserved 1077248K
  class space    used 3568K, capacity 3745K, committed 3840K, reserved 1048576K
}
Event: 2.693 GC heap before
{Heap before GC invocations=4 (full 0):
 garbage-first heap   total 262144K, used 61100K [0x0000000701000000, 0x0000000800000000)
  region size 1024K, 40 young (40960K), 7 survivors (7168K)
 Metaspace       used 35199K, capacity 35671K, committed 35840K, reserved 1081344K
  class space    used 4095K, capacity 4296K, committed 4352K, reserved 1048576K
}
Event: 2.711 GC heap after
{Heap after GC invocations=5 (full 0):
 garbage-first heap   total 262144K, used 25600K [0x0000000701000000, 0x0000000800000000)
  region size 1024K, 4 young (4096K), 4 survivors (4096K)
 Metaspace       used 35199K, capacity 35671K, committed 35840K, reserved 1081344K
  class space    used 4095K, capacity 4296K, committed 4352K, reserved 1048576K
}
Event: 3.834 GC heap before
{Heap before GC invocations=6 (full 0):
 garbage-first heap   total 262144K, used 83968K [0x0000000701000000, 0x0000000800000000)
  region size 1024K, 59 young (60416K), 4 survivors (4096K)
 Metaspace       used 46980K, capacity 47503K, committed 47744K, reserved 1091584K
  class space    used 5515K, capacity 5695K, committed 5760K, reserved 1048576K
}
Event: 3.845 GC heap after
{Heap after GC invocations=7 (full 0):
 garbage-first heap   total 315392K, used 33555K [0x0000000701000000, 0x0000000800000000)
  region size 1024K, 8 young (8192K), 8 survivors (8192K)
 Metaspace       used 46980K, capacity 47503K, committed 47744K, reserved 1091584K
  class space    used 5515K, capacity 5695K, committed 5760K, reserved 1048576K
}
Event: 4.951 GC heap before
{Heap before GC invocations=7 (full 0):
 garbage-first heap   total 315392K, used 99091K [0x0000000701000000, 0x0000000800000000)
  region size 1024K, 71 young (72704K), 8 survivors (8192K)
 Metaspace       used 51430K, capacity 52054K, committed 52224K, reserved 1095680K
  class space    used 5918K, capacity 6136K, committed 6144K, reserved 1048576K
}
Event: 4.966 GC heap after
{Heap after GC invocations=8 (full 0):
 garbage-first heap   total 315392K, used 41848K [0x0000000701000000, 0x0000000800000000)
  region size 1024K, 8 young (8192K), 8 survivors (8192K)
 Metaspace       used 51430K, capacity 52054K, committed 52224K, reserved 1095680K
  class space    used 5918K, capacity 6136K, committed 6144K, reserved 1048576K
}
Event: 7.370 GC heap before
{Heap before GC invocations=8 (full 0):
 garbage-first heap   total 315392K, used 126840K [0x0000000701000000, 0x0000000800000000)
  region size 1024K, 91 young (93184K), 8 survivors (8192K)
 Metaspace       used 57151K, capacity 57904K, committed 58112K, reserved 1099776K
  class space    used 6527K, capacity 6823K, committed 6912K, reserved 1048576K
}
Event: 7.396 GC heap after
{Heap after GC invocations=9 (full 0):
 garbage-first heap   total 315392K, used 54272K [0x0000000701000000, 0x0000000800000000)
  region size 1024K, 12 young (12288K), 12 survivors (12288K)
 Metaspace       used 57151K, capacity 57904K, committed 58112K, reserved 1099776K
  class space    used 6527K, capacity 6823K, committed 6912K, reserved 1048576K
}
Event: 8.539 GC heap before
{Heap before GC invocations=9 (full 0):
 garbage-first heap   total 315392K, used 76800K [0x0000000701000000, 0x0000000800000000)
  region size 1024K, 35 young (35840K), 12 survivors (12288K)
 Metaspace       used 59452K, capacity 60152K, committed 60160K, reserved 1101824K
  class space    used 6726K, capacity 7033K, committed 7040K, reserved 1048576K
}
Event: 8.558 GC heap after
{Heap after GC invocations=10 (full 0):
 garbage-first heap   total 315392K, used 59743K [0x0000000701000000, 0x0000000800000000)
  region size 1024K, 5 young (5120K), 5 survivors (5120K)
 Metaspace       used 59452K, capacity 60152K, committed 60160K, reserved 1101824K
  class space    used 6726K, capacity 7033K, committed 7040K, reserved 1048576K
}
Event: 15.679 GC heap before
{Heap before GC invocations=11 (full 0):
 garbage-first heap   total 315392K, used 168287K [0x0000000701000000, 0x0000000800000000)
  region size 1024K, 110 young (112640K), 5 survivors (5120K)
 Metaspace       used 66331K, capacity 67139K, committed 67224K, reserved 1110016K
  class space    used 7235K, capacity 7563K, committed 7628K, reserved 1048576K
}
Event: 15.703 GC heap after
{Heap after GC invocations=12 (full 0):
 garbage-first heap   total 378880K, used 72704K [0x0000000701000000, 0x0000000800000000)
  region size 1024K, 14 young (14336K), 14 survivors (14336K)
 Metaspace       used 66331K, capacity 67139K, committed 67224K, reserved 1110016K
  class space    used 7235K, capacity 7563K, committed 7628K, reserved 1048576K
}
Event: 23.775 GC heap before
{Heap before GC invocations=13 (full 0):
 garbage-first heap   total 378880K, used 236544K [0x0000000701000000, 0x0000000800000000)
  region size 1024K, 174 young (178176K), 14 survivors (14336K)
 Metaspace       used 76016K, capacity 76816K, committed 76952K, reserved 1118208K
  class space    used 8184K, capacity 8527K, committed 8652K, reserved 1048576K
}
Event: 23.808 GC heap after
{Heap after GC invocations=14 (full 0):
 garbage-first heap   total 378880K, used 85232K [0x0000000701000000, 0x0000000800000000)
  region size 1024K, 12 young (12288K), 12 survivors (12288K)
 Metaspace       used 76016K, capacity 76816K, committed 76952K, reserved 1118208K
  class space    used 8184K, capacity 8527K, committed 8652K, reserved 1048576K
}

Deoptimization events (20 events):
Event: 27.068 Thread 0x000002534e1cb000 Uncommon trap: trap_request=0xffffff4d fr.pc=0x000002535a0f34b4 relative=0x0000000000000734
Event: 27.068 Thread 0x000002534e1cb000 Uncommon trap: reason=unstable_if action=reinterpret pc=0x000002535a0f34b4 method=org.jetbrains.kotlin.builtins.PrimitiveType$Companion.getByShortName(Ljava/lang/String;)Lorg/jetbrains/kotlin/builtins/PrimitiveType; @ 12 c2
Event: 27.068 Thread 0x000002534e1cb000 DEOPT PACKING pc=0x000002535a0f34b4 sp=0x000000733befd8d0
Event: 27.068 Thread 0x000002534e1cb000 DEOPT UNPACKING pc=0x0000025351d07b2f sp=0x000000733befd7e0 mode 2
Event: 27.068 Thread 0x000002534e1cb000 Uncommon trap: trap_request=0xffffff4d fr.pc=0x00000253597e5f9c relative=0x000000000000007c
Event: 27.068 Thread 0x000002534e1cb000 Uncommon trap: reason=unstable_if action=reinterpret pc=0x00000253597e5f9c method=org.jetbrains.org.objectweb.asm.Type.getSize()I @ 4 c2
Event: 27.068 Thread 0x000002534e1cb000 DEOPT PACKING pc=0x00000253597e5f9c sp=0x000000733befdb00
Event: 27.068 Thread 0x000002534e1cb000 DEOPT UNPACKING pc=0x0000025351d07b2f sp=0x000000733befda88 mode 2
Event: 27.449 Thread 0x000002534e1cb000 Uncommon trap: trap_request=0xffffffde fr.pc=0x0000025359a2a244 relative=0x00000000000010e4
Event: 27.449 Thread 0x000002534e1cb000 Uncommon trap: reason=class_check action=maybe_recompile pc=0x0000025359a2a244 method=org.jetbrains.kotlin.backend.jvm.codegen.JvmSignatureClashDetector.collectOverridesOf(Lorg/jetbrains/kotlin/ir/declarations/IrSimpleFunction;Ljava/util/Set;)V @ 38 c2
Event: 27.449 Thread 0x000002534e1cb000 DEOPT PACKING pc=0x0000025359a2a244 sp=0x000000733befdd90
Event: 27.449 Thread 0x000002534e1cb000 DEOPT UNPACKING pc=0x0000025351d07b2f sp=0x000000733befdd90 mode 2
Event: 27.449 Thread 0x000002534e1cb000 Uncommon trap: trap_request=0xffffffde fr.pc=0x0000025359a2a244 relative=0x00000000000010e4
Event: 27.449 Thread 0x000002534e1cb000 Uncommon trap: reason=class_check action=maybe_recompile pc=0x0000025359a2a244 method=org.jetbrains.kotlin.backend.jvm.codegen.JvmSignatureClashDetector.collectOverridesOf(Lorg/jetbrains/kotlin/ir/declarations/IrSimpleFunction;Ljava/util/Set;)V @ 38 c2
Event: 27.449 Thread 0x000002534e1cb000 DEOPT PACKING pc=0x0000025359a2a244 sp=0x000000733befdd90
Event: 27.449 Thread 0x000002534e1cb000 DEOPT UNPACKING pc=0x0000025351d07b2f sp=0x000000733befdd90 mode 2
Event: 27.449 Thread 0x000002534e1cb000 Uncommon trap: trap_request=0xffffffde fr.pc=0x0000025359a2a244 relative=0x00000000000010e4
Event: 27.449 Thread 0x000002534e1cb000 Uncommon trap: reason=class_check action=maybe_recompile pc=0x0000025359a2a244 method=org.jetbrains.kotlin.backend.jvm.codegen.JvmSignatureClashDetector.collectOverridesOf(Lorg/jetbrains/kotlin/ir/declarations/IrSimpleFunction;Ljava/util/Set;)V @ 38 c2
Event: 27.449 Thread 0x000002534e1cb000 DEOPT PACKING pc=0x0000025359a2a244 sp=0x000000733befdd90
Event: 27.449 Thread 0x000002534e1cb000 DEOPT UNPACKING pc=0x0000025351d07b2f sp=0x000000733befdd90 mode 2

Classes redefined (0 events):
No events

Internal exceptions (20 events):
Event: 7.638 Thread 0x000002534e1cb000 Implicit null exception at 0x0000025359a53336 to 0x0000025359a53628
Event: 7.638 Thread 0x000002534e1cb000 Implicit null exception at 0x000002535984bc43 to 0x000002535984bdc8
Event: 7.655 Thread 0x000002534e1cb000 Exception <a 'java/lang/NoSuchMethodError'{0x0000000713e59300}: 'java.lang.Object java.lang.invoke.DirectMethodHandle$Holder.invokeInterface(java.lang.Object, java.lang.Object, java.lang.Object)'> (0x0000000713e59300) thrown at [./src/hotspot/share/interpreter/linkResolver.cpp, line 773]
Event: 7.655 Thread 0x000002534e1cb000 Exception <a 'java/lang/IncompatibleClassChangeError'{0x0000000713e5c530}: Found class java.lang.Object, but interface was expected> (0x0000000713e5c530) thrown at [./src/hotspot/share/interpreter/linkResolver.cpp, line 839]
Event: 7.668 Thread 0x000002534e1cb000 Implicit null exception at 0x00000253597b9ff7 to 0x00000253597ba57c
Event: 7.669 Thread 0x000002534e1cb000 Implicit null exception at 0x00000253597fde78 to 0x00000253597fdf0a
Event: 7.669 Thread 0x000002534e1cb000 Implicit null exception at 0x00000253598ee42f to 0x00000253598ee4a9
Event: 7.752 Thread 0x000002534e1cb000 Implicit null exception at 0x00000253597bc274 to 0x00000253597bc814
Event: 7.797 Thread 0x000002534e1cb000 Implicit null exception at 0x0000025359a544bc to 0x0000025359a54f94
Event: 8.477 Thread 0x000002534e1cb000 Exception <a 'java/lang/NoSuchMethodError'{0x0000000712f26b30}: 'java.lang.Object java.lang.invoke.Invokers$Holder.linkToTargetMethod(java.lang.Object, java.lang.Object, java.lang.Object, java.lang.Object, java.lang.Object, java.lang.Object, java.lang.Object)'> (0x0000000712f26b30) thrown at [./src/hotspot/share/interpreter/linkResolver.cpp, line 773]
Event: 8.569 Thread 0x000002534e1cb000 Implicit null exception at 0x00000253597fa275 to 0x00000253597fa464
Event: 11.266 Thread 0x000002534e1cb000 Implicit null exception at 0x0000025359bac090 to 0x0000025359bac179
Event: 14.873 Thread 0x000002534e1cb000 Implicit null exception at 0x0000025359dd86ed to 0x0000025359dd8ae0
Event: 14.929 Thread 0x000002534e1cb000 Implicit null exception at 0x0000025359c83c79 to 0x0000025359c83f54
Event: 15.237 Thread 0x000002534e1cb000 Implicit null exception at 0x0000025359dd1d33 to 0x0000025359dd1e98
Event: 15.601 Thread 0x000002534e1cb000 Implicit null exception at 0x000002535999cdd2 to 0x000002535999d11b
Event: 20.286 Thread 0x000002534e1cb000 Implicit null exception at 0x0000025359806274 to 0x00000253598064a4
Event: 23.705 Thread 0x000002534e1cb000 Implicit null exception at 0x000002535a007272 to 0x000002535a007319
Event: 26.220 Thread 0x000002534e1cb000 Implicit null exception at 0x0000025359af7a83 to 0x0000025359af7c84
Event: 26.296 Thread 0x000002534e1cb000 Implicit null exception at 0x0000025359830f75 to 0x0000025359831160

Events (20 events):
Event: 27.057 loading class org/jetbrains/kotlin/load/java/SpecialBuiltinMembers$getOverriddenBuiltinReflectingJvmDescriptor$2
Event: 27.057 loading class org/jetbrains/kotlin/load/java/SpecialBuiltinMembers$getOverriddenBuiltinReflectingJvmDescriptor$2 done
Event: 27.086 Executing VM operation: ICBufferFull
Event: 27.086 Executing VM operation: ICBufferFull done
Event: 27.326 loading class org/jetbrains/kotlin/backend/jvm/intrinsics/BooleanComparison
Event: 27.326 loading class org/jetbrains/kotlin/backend/jvm/intrinsics/BooleanComparison done
Event: 27.329 loading class org/jetbrains/kotlin/codegen/NumberCompare
Event: 27.329 loading class org/jetbrains/kotlin/codegen/NumberCompare done
Event: 27.329 loading class org/jetbrains/kotlin/codegen/BranchedValue$Companion
Event: 27.329 loading class org/jetbrains/kotlin/codegen/BranchedValue$Companion done
Event: 27.330 loading class org/jetbrains/kotlin/codegen/BranchedValue$Companion$TRUE$1
Event: 27.330 loading class org/jetbrains/kotlin/codegen/BranchedValue$Companion$TRUE$1 done
Event: 27.332 loading class org/jetbrains/kotlin/codegen/BranchedValue$Companion$FALSE$1
Event: 27.332 loading class org/jetbrains/kotlin/codegen/BranchedValue$Companion$FALSE$1 done
Event: 27.332 loading class org/jetbrains/kotlin/codegen/NumberCompare$Companion
Event: 27.332 loading class org/jetbrains/kotlin/codegen/NumberCompare$Companion done
Event: 27.409 Executing VM operation: ICBufferFull
Event: 27.410 Executing VM operation: ICBufferFull done
Event: 27.522 loading class org/jetbrains/kotlin/ir/util/RenderIrElementVisitor$renderTypeAnnotations$1
Event: 27.522 loading class org/jetbrains/kotlin/ir/util/RenderIrElementVisitor$renderTypeAnnotations$1 done


Dynamic libraries:
0x00007ff7dc760000 - 0x00007ff7dc76a000 	C:\Program Files\Android\Android Studio\jre\bin\java.exe
0x00007ffbd8a90000 - 0x00007ffbd8c85000 	C:\WINDOWS\SYSTEM32\ntdll.dll
0x00007ffbd7100000 - 0x00007ffbd71bd000 	C:\WINDOWS\System32\KERNEL32.DLL
0x00007ffbd61f0000 - 0x00007ffbd64b9000 	C:\WINDOWS\System32\KERNELBASE.dll
0x00007ffbd65d0000 - 0x00007ffbd66d0000 	C:\WINDOWS\System32\ucrtbase.dll
0x00007ffb71b60000 - 0x00007ffb71b79000 	C:\Program Files\Android\Android Studio\jre\bin\jli.dll
0x00007ffb71a40000 - 0x00007ffb71a57000 	C:\Program Files\Android\Android Studio\jre\bin\VCRUNTIME140.dll
0x00007ffbd87a0000 - 0x00007ffbd8940000 	C:\WINDOWS\System32\USER32.dll
0x00007ffbc65b0000 - 0x00007ffbc684a000 	C:\WINDOWS\WinSxS\amd64_microsoft.windows.common-controls_6595b64144ccf1df_6.0.19041.1110_none_60b5254171f9507e\COMCTL32.dll
0x00007ffbd61c0000 - 0x00007ffbd61e2000 	C:\WINDOWS\System32\win32u.dll
0x00007ffbd6af0000 - 0x00007ffbd6b8e000 	C:\WINDOWS\System32\msvcrt.dll
0x00007ffbd7900000 - 0x00007ffbd792a000 	C:\WINDOWS\System32\GDI32.dll
0x00007ffbd6880000 - 0x00007ffbd698b000 	C:\WINDOWS\System32\gdi32full.dll
0x00007ffbd6a50000 - 0x00007ffbd6aed000 	C:\WINDOWS\System32\msvcp_win.dll
0x00007ffbd83b0000 - 0x00007ffbd83e0000 	C:\WINDOWS\System32\IMM32.DLL
0x00007ffb68c60000 - 0x00007ffb68cfd000 	C:\Program Files\Android\Android Studio\jre\bin\msvcp140.dll
0x00007ffba7e70000 - 0x00007ffba893f000 	C:\Program Files\Android\Android Studio\jre\bin\server\jvm.dll
0x00007ffbd85c0000 - 0x00007ffbd866c000 	C:\WINDOWS\System32\ADVAPI32.dll
0x00007ffbd6c10000 - 0x00007ffbd6cab000 	C:\WINDOWS\System32\sechost.dll
0x00007ffbd80d0000 - 0x00007ffbd81fa000 	C:\WINDOWS\System32\RPCRT4.dll
0x00007ffbd8790000 - 0x00007ffbd8798000 	C:\WINDOWS\System32\PSAPI.DLL
0x00007ffbbb4d0000 - 0x00007ffbbb4d9000 	C:\WINDOWS\SYSTEM32\WSOCK32.dll
0x00007ffbce640000 - 0x00007ffbce667000 	C:\WINDOWS\SYSTEM32\WINMM.dll
0x00007ffbd7e20000 - 0x00007ffbd7e8b000 	C:\WINDOWS\System32\WS2_32.dll
0x00007ffbceed0000 - 0x00007ffbceeda000 	C:\WINDOWS\SYSTEM32\VERSION.dll
0x00007ffbd40f0000 - 0x00007ffbd4102000 	C:\WINDOWS\SYSTEM32\kernel.appcore.dll
0x00007ffba9800000 - 0x00007ffba9811000 	C:\Program Files\Android\Android Studio\jre\bin\verify.dll
0x00007ffbd1950000 - 0x00007ffbd1b34000 	C:\WINDOWS\SYSTEM32\DBGHELP.DLL
0x00007ffbd1920000 - 0x00007ffbd194c000 	C:\WINDOWS\SYSTEM32\dbgcore.DLL
0x00007ffbd69c0000 - 0x00007ffbd6a43000 	C:\WINDOWS\System32\bcryptPrimitives.dll
0x00007ffba7e40000 - 0x00007ffba7e69000 	C:\Program Files\Android\Android Studio\jre\bin\java.dll
0x00007ffbbace0000 - 0x00007ffbbaceb000 	C:\Program Files\Android\Android Studio\jre\bin\jimage.dll
0x00007ffba7e20000 - 0x00007ffba7e38000 	C:\Program Files\Android\Android Studio\jre\bin\zip.dll
0x00007ffbd71c0000 - 0x00007ffbd78ff000 	C:\WINDOWS\System32\SHELL32.dll
0x00007ffbd42f0000 - 0x00007ffbd4a80000 	C:\WINDOWS\SYSTEM32\windows.storage.dll
0x00007ffbd6da0000 - 0x00007ffbd70f5000 	C:\WINDOWS\System32\combase.dll
0x00007ffbd5c20000 - 0x00007ffbd5c4c000 	C:\WINDOWS\SYSTEM32\Wldp.dll
0x00007ffbd84b0000 - 0x00007ffbd855e000 	C:\WINDOWS\System32\SHCORE.dll
0x00007ffbd89f0000 - 0x00007ffbd8a45000 	C:\WINDOWS\System32\shlwapi.dll
0x00007ffbd6100000 - 0x00007ffbd611f000 	C:\WINDOWS\SYSTEM32\profapi.dll
0x00007ffbbcd10000 - 0x00007ffbbcd2a000 	C:\Program Files\Android\Android Studio\jre\bin\net.dll
0x00007ffbcea40000 - 0x00007ffbceb48000 	C:\WINDOWS\SYSTEM32\WINHTTP.dll
0x00007ffbd5980000 - 0x00007ffbd59ea000 	C:\WINDOWS\system32\mswsock.dll
0x00007ffbbccf0000 - 0x00007ffbbcd04000 	C:\Program Files\Android\Android Studio\jre\bin\nio.dll
0x00007ffbbc320000 - 0x00007ffbbc375000 	C:\WINDOWS\SYSTEM32\symsrv.dll

dbghelp: loaded successfully - version: 4.0.5 - missing functions: none
symbol engine: initialized successfully - sym options: 0x614 - pdb path: .;C:\Program Files\Android\Android Studio\jre\bin;C:\WINDOWS\SYSTEM32;C:\WINDOWS\WinSxS\amd64_microsoft.windows.common-controls_6595b64144ccf1df_6.0.19041.1110_none_60b5254171f9507e;C:\Program Files\Android\Android Studio\jre\bin\server

VM Arguments:
java_command: org.jetbrains.kotlin.cli.jvm.K2JVMCompiler @C:\Users\danie\AndroidStudioProjects\Choice\app\build\20210917_8109342681741785743.compiler.options
java_class_path (initial): C:\Users\danie\.gradle\caches\modules-2\files-2.1\org.jetbrains.kotlin\kotlin-compiler-embeddable\1.5.21\40ddbcae9ff100473f95370c2d589ba3fc48eed5\kotlin-compiler-embeddable-1.5.21.jar;C:\Users\danie\.gradle\caches\modules-2\files-2.1\org.jetbrains.kotlin\kotlin-reflect\1.5.21\802f1f39735ae1eb2b75714a40fa19bb2e687e96\kotlin-reflect-1.5.21.jar;C:\Users\danie\.gradle\caches\modules-2\files-2.1\org.jetbrains.kotlin\kotlin-stdlib\1.5.21\2f537cad7e9eeb9da73738c8812e1e4cf9b62e4e\kotlin-stdlib-1.5.21.jar;C:\Users\danie\.gradle\caches\modules-2\files-2.1\org.jetbrains.kotlin\kotlin-script-runtime\1.5.21\96d49e89873fde985750af354b6eabb60cfa999b\kotlin-script-runtime-1.5.21.jar;C:\Users\danie\.gradle\caches\modules-2\files-2.1\org.jetbrains.kotlin\kotlin-daemon-embeddable\1.5.21\17255809e66a940dfdf6289bccbdfb5a09f3145\kotlin-daemon-embeddable-1.5.21.jar;C:\Users\danie\.gradle\caches\modules-2\files-2.1\org.jetbrains.intellij.deps\trove4j\1.0.20181211\216c2e14b070f334479d800987affe4054cd563f\trove4j-1.0.20181211.jar;C:\Users\danie\.gradle\caches\modules-2\files-2.1\org.jetbrains\annotations\13.0\919f0dfe192fb4e063e7dacadee7f8bb9a2672a9\annotations-13.0.jar;C:\Users\danie\.gradle\caches\modules-2\files-2.1\org.jetbrains.kotlin\kotlin-stdlib-common\1.5.21\cc8bf3586fd2ebcf234058b9440bb406e62dfacb\kotlin-stdlib-common-1.5.21.jar
Launcher Type: SUN_STANDARD

[Global flags]
     intx CICompilerCount                          = 3                                         {product} {ergonomic}
     uint ConcGCThreads                            = 1                                         {product} {ergonomic}
     uint G1ConcRefinementThreads                  = 4                                         {product} {ergonomic}
   size_t G1HeapRegionSize                         = 1048576                                   {product} {ergonomic}
    uintx GCDrainStackTargetSize                   = 64                                        {product} {ergonomic}
   size_t InitialHeapSize                          = 268435456                                 {product} {ergonomic}
   size_t MarkStackSize                            = 4194304                                   {product} {ergonomic}
   size_t MaxHeapSize                              = 4278190080                                {product} {ergonomic}
   size_t MaxNewSize                               = 2566914048                                {product} {ergonomic}
   size_t MinHeapDeltaBytes                        = 1048576                                   {product} {ergonomic}
    uintx NonNMethodCodeHeapSize                   = 5830732                                {pd product} {ergonomic}
    uintx NonProfiledCodeHeapSize                  = 122913754                              {pd product} {ergonomic}
    uintx ProfiledCodeHeapSize                     = 122913754                              {pd product} {ergonomic}
    uintx ReservedCodeCacheSize                    = 251658240                              {pd product} {ergonomic}
     bool SegmentedCodeCache                       = true                                      {product} {ergonomic}
     bool UseCompressedClassPointers               = true                                 {lp64_product} {ergonomic}
     bool UseCompressedOops                        = true                                 {lp64_product} {ergonomic}
     bool UseG1GC                                  = true                                      {product} {ergonomic}
     bool UseLargePagesIndividualAllocation        = false                                  {pd product} {ergonomic}

Logging:
Log output configuration:
 #0: stdout all=warning uptime,level,tags
 #1: stderr all=off uptime,level,tags

Environment Variables:
PATH=C:\Python39\Scripts\;C:\Python39\;C:\Program Files (x86)\NVIDIA Corporation\PhysX\Common;C:\Program Files (x86)\Common Files\Oracle\Java\javapath;C:\WINDOWS\system32;C:\WINDOWS;C:\WINDOWS\System32\Wbem;C:\WINDOWS\System32\WindowsPowerShell\v1.0\;C:\WINDOWS\System32\OpenSSH\;C:\Program Files\Microsoft SQL Server\130\Tools\Binn\;C:\ProgramData\chocolatey\bin;C:\Program Files (x86)\IVI Foundation\VISA\WinNT\Bin;C:\Program Files\Git\cmd;C:\Program Files\nodejs\;C:\Users\danie\AppData\Local\Microsoft\WindowsApps;;C:\Users\danie\AppData\Local\Programs\Microsoft VS Code\bin;C:\Users\danie\AppData\Roaming\npm
USERNAME=danie
OS=Windows_NT
PROCESSOR_IDENTIFIER=AMD64 Family 23 Model 24 Stepping 1, AuthenticAMD



---------------  S Y S T E M  ---------------

OS: Windows 10 , 64 bit Build 19041 (10.0.19041.1151)
OS uptime: 0 days 2:02 hours

CPU:total 4 (initial active 4) (4 cores per cpu, 1 threads per core) family 23 model 24 stepping 1 microcode 0x0, cmov, cx8, fxsr, mmx, sse, sse2, sse3, ssse3, sse4.1, sse4.2, popcnt, avx, avx2, aes, clmul, mmxext, 3dnowpref, lzcnt, sse4a, tsc, tscinvbit, tscinv, bmi1, bmi2, adx, sha, 

Memory: 4k page, system-wide physical 16312M (4483M free)
TotalPageFile size 16312M (AvailPageFile size 5M)
current process WorkingSet (physical memory assigned to process): 512M, peak: 512M
current process commit charge ("private bytes"): 650M, peak: 654M

vm_info: OpenJDK 64-Bit Server VM (11.0.10+0-b96-7249189) for windows-amd64 JRE (11.0.10+0-b96-7249189), built on Mar 31 2021 21:44:00 by "builder" with MS VC++ 14.0 (VS2015)

END.
