#
# There is insufficient memory for the Java Runtime Environment to continue.
# Native memory allocation (mmap) failed to map 268435456 bytes for Failed to commit area from 0x0000000701000000 to 0x0000000711000000 of length 268435456.
# Possible reasons:
#   The system is out of physical RAM or swap space
#   The process is running with CompressedOops enabled, and the Java Heap may be blocking the growth of the native heap
# Possible solutions:
#   Reduce memory load on the system
#   Increase physical memory or swap space
#   Check if swap backing store is full
#   Decrease Java heap size (-Xmx/-Xms)
#   Decrease number of Java threads
#   Decrease Java thread stack sizes (-Xss)
#   Set larger code cache with -XX:ReservedCodeCacheSize=
# This output file may be truncated or incomplete.
#
#  Out of Memory Error (./src/hotspot/os/windows/os_windows.cpp:3301), pid=5180, tid=7256
#
# JRE version:  (11.0.10) (build )
# Java VM: OpenJDK 64-Bit Server VM (11.0.10+0-b96-7249189, mixed mode, sharing, tiered, compressed oops, g1 gc, windows-amd64)
# No core dump will be written. Minidumps are not enabled by default on client versions of Windows
#

---------------  S U M M A R Y ------------

Command Line: org.jetbrains.git4idea.http.GitAskPassApp Username for 'https://github.com': 

Host: AMD Ryzen 3 3200G with Radeon Vega Graphics    , 4 cores, 15G,  Windows 10 , 64 bit Build 19041 (10.0.19041.1202)
Time: Thu Sep 30 17:59:21 2021 New Zealand Daylight Time elapsed time: 0.067399 seconds (0d 0h 0m 0s)

---------------  T H R E A D  ---------------

Current thread (0x0000019dde57a800):  JavaThread "Unknown thread" [_thread_in_vm, id=7256, stack(0x0000009aa2000000,0x0000009aa2100000)]

Stack: [0x0000009aa2000000,0x0000009aa2100000]
Native frames: (J=compiled Java code, j=interpreted, Vv=VM code, C=native code)
V  [jvm.dll+0x5ecfaa]
V  [jvm.dll+0x722bd5]
V  [jvm.dll+0x72412d]
V  [jvm.dll+0x7247e3]
V  [jvm.dll+0x242928]
V  [jvm.dll+0x5ea374]
V  [jvm.dll+0x5df425]
V  [jvm.dll+0x2fdebb]
V  [jvm.dll+0x2fde2a]
V  [jvm.dll+0x2fdd02]
V  [jvm.dll+0x302bf6]
V  [jvm.dll+0x34b2a3]
V  [jvm.dll+0x34b9a6]
V  [jvm.dll+0x34b3a3]
V  [jvm.dll+0x2d8888]
V  [jvm.dll+0x2d9a37]
V  [jvm.dll+0x701737]
V  [jvm.dll+0x702f2c]
V  [jvm.dll+0x3587d9]
V  [jvm.dll+0x6e4fae]
V  [jvm.dll+0x3c0be3]
V  [jvm.dll+0x3c2e91]
C  [jli.dll+0x5373]
C  [ucrtbase.dll+0x21bb2]
C  [KERNEL32.DLL+0x17034]
C  [ntdll.dll+0x52651]


---------------  P R O C E S S  ---------------

Threads class SMR info:
_java_thread_list=0x0000019ddcc91a90, length=0, elements={
}

Java Threads: ( => current thread )

Other Threads:
  0x0000019dde594000 GCTaskThread "GC Thread#0" [stack: 0x0000009aa2100000,0x0000009aa2200000] [id=5532]
  0x0000019dde5f0000 ConcurrentGCThread "G1 Main Marker" [stack: 0x0000009aa2200000,0x0000009aa2300000] [id=8508]
  0x0000019dde5f2000 ConcurrentGCThread "G1 Conc#0" [stack: 0x0000009aa2300000,0x0000009aa2400000] [id=7264]

[error occurred during error reporting (printing all threads), id 0xc0000005, EXCEPTION_ACCESS_VIOLATION (0xc0000005) at pc=0x00007ff987b69107]

VM state:not at safepoint (not fully initialized)

VM Mutex/Monitor currently owned by a thread:  ([mutex/lock_event])
[0x0000019dde577910] Heap_lock - owner thread: 0x0000019dde57a800

Heap address: 0x0000000701000000, size: 4080 MB, Compressed Oops mode: Non-zero based: 0x0000000701000000
Narrow klass base: 0x0000000000000000, Narrow klass shift: 0

GC Heap History (0 events):
No events

Deoptimization events (0 events):
No events

Classes redefined (0 events):
No events

Internal exceptions (0 events):
No events

Events (1 events):
Event: 0.033 Loaded shared library C:\Program Files\Android\Android Studio\jre\bin\zip.dll


Dynamic libraries:
0x00007ff705a30000 - 0x00007ff705a3a000 	C:\Program Files\Android\Android Studio\jre\bin\java.exe
0x00007ff9f2350000 - 0x00007ff9f2545000 	C:\WINDOWS\SYSTEM32\ntdll.dll
0x00007ff9f21f0000 - 0x00007ff9f22ae000 	C:\WINDOWS\System32\KERNEL32.DLL
0x00007ff9efec0000 - 0x00007ff9f0189000 	C:\WINDOWS\System32\KERNELBASE.dll
0x00007ff9f0190000 - 0x00007ff9f0290000 	C:\WINDOWS\System32\ucrtbase.dll
0x00007ff9c03e0000 - 0x00007ff9c03f9000 	C:\Program Files\Android\Android Studio\jre\bin\jli.dll
0x00007ff9c4540000 - 0x00007ff9c4557000 	C:\Program Files\Android\Android Studio\jre\bin\VCRUNTIME140.dll
0x00007ff9f1770000 - 0x00007ff9f1911000 	C:\WINDOWS\System32\USER32.dll
0x00007ff9efe90000 - 0x00007ff9efeb2000 	C:\WINDOWS\System32\win32u.dll
0x00007ff9e01c0000 - 0x00007ff9e045a000 	C:\WINDOWS\WinSxS\amd64_microsoft.windows.common-controls_6595b64144ccf1df_6.0.19041.1110_none_60b5254171f9507e\COMCTL32.dll
0x00007ff9f1690000 - 0x00007ff9f16bb000 	C:\WINDOWS\System32\GDI32.dll
0x00007ff9f0df0000 - 0x00007ff9f0e8e000 	C:\WINDOWS\System32\msvcrt.dll
0x00007ff9f0290000 - 0x00007ff9f039b000 	C:\WINDOWS\System32\gdi32full.dll
0x00007ff9efdf0000 - 0x00007ff9efe8d000 	C:\WINDOWS\System32\msvcp_win.dll
0x00007ff9f1660000 - 0x00007ff9f1690000 	C:\WINDOWS\System32\IMM32.DLL
0x00007ff9910e0000 - 0x00007ff99117d000 	C:\Program Files\Android\Android Studio\jre\bin\msvcp140.dll
0x00007ff987880000 - 0x00007ff98834f000 	C:\Program Files\Android\Android Studio\jre\bin\server\jvm.dll
0x00007ff9f1420000 - 0x00007ff9f14cc000 	C:\WINDOWS\System32\ADVAPI32.dll
0x00007ff9f14d0000 - 0x00007ff9f156b000 	C:\WINDOWS\System32\sechost.dll
0x00007ff9f1af0000 - 0x00007ff9f1c1a000 	C:\WINDOWS\System32\RPCRT4.dll
0x00007ff9f0d10000 - 0x00007ff9f0d18000 	C:\WINDOWS\System32\PSAPI.DLL
0x00007ff9e12b0000 - 0x00007ff9e12b9000 	C:\WINDOWS\SYSTEM32\WSOCK32.dll
0x00007ff9f2180000 - 0x00007ff9f21eb000 	C:\WINDOWS\System32\WS2_32.dll
0x00007ff9e6e00000 - 0x00007ff9e6e27000 	C:\WINDOWS\SYSTEM32\WINMM.dll
0x00007ff9e9200000 - 0x00007ff9e920a000 	C:\WINDOWS\SYSTEM32\VERSION.dll
0x00007ff9ed990000 - 0x00007ff9ed9a2000 	C:\WINDOWS\SYSTEM32\kernel.appcore.dll
0x00007ff9d4db0000 - 0x00007ff9d4dc1000 	C:\Program Files\Android\Android Studio\jre\bin\verify.dll
0x00007ff9e9eb0000 - 0x00007ff9ea094000 	C:\WINDOWS\SYSTEM32\DBGHELP.DLL
0x00007ff9e0b90000 - 0x00007ff9e0bbc000 	C:\WINDOWS\SYSTEM32\dbgcore.DLL
0x00007ff9efd60000 - 0x00007ff9efde3000 	C:\WINDOWS\System32\bcryptPrimitives.dll
0x00007ff9cba90000 - 0x00007ff9cbab9000 	C:\Program Files\Android\Android Studio\jre\bin\java.dll
0x00007ff9dc980000 - 0x00007ff9dc98b000 	C:\Program Files\Android\Android Studio\jre\bin\jimage.dll
0x00007ff9d25b0000 - 0x00007ff9d25c8000 	C:\Program Files\Android\Android Studio\jre\bin\zip.dll
0x00007ff9dd7d0000 - 0x00007ff9dd825000 	C:\WINDOWS\SYSTEM32\symsrv.dll
0x00007ff9f05d0000 - 0x00007ff9f0d0f000 	C:\WINDOWS\System32\shell32.dll
0x00007ff9edb90000 - 0x00007ff9ee320000 	C:\WINDOWS\SYSTEM32\windows.storage.dll
0x00007ff9f0f40000 - 0x00007ff9f1295000 	C:\WINDOWS\System32\combase.dll
0x00007ff9ef4c0000 - 0x00007ff9ef4ec000 	C:\WINDOWS\SYSTEM32\Wldp.dll
0x00007ff9f16c0000 - 0x00007ff9f176e000 	C:\WINDOWS\System32\SHCORE.dll
0x00007ff9f22b0000 - 0x00007ff9f2305000 	C:\WINDOWS\System32\shlwapi.dll
0x00007ff9ef9b0000 - 0x00007ff9ef9cf000 	C:\WINDOWS\SYSTEM32\profapi.dll

dbghelp: loaded successfully - version: 4.0.5 - missing functions: none
symbol engine: initialized successfully - sym options: 0x614 - pdb path: .;C:\Program Files\Android\Android Studio\jre\bin;C:\WINDOWS\SYSTEM32;C:\WINDOWS\WinSxS\amd64_microsoft.windows.common-controls_6595b64144ccf1df_6.0.19041.1110_none_60b5254171f9507e;C:\Program Files\Android\Android Studio\jre\bin\server

VM Arguments:
java_command: org.jetbrains.git4idea.http.GitAskPassApp Username for 'https://github.com': 
java_class_path (initial): C:/Program Files/Android/Android Studio/plugins/git4idea/lib/git4idea-rt.jar;C:/Program Files/Android/Android Studio/lib/xmlrpc-2.0.1.jar;C:/Program Files/Android/Android Studio/lib/commons-codec-1.14.jar
Launcher Type: SUN_STANDARD

[Global flags]
     intx CICompilerCount                          = 3                                         {product} {ergonomic}
     uint ConcGCThreads                            = 1                                         {product} {ergonomic}
     uint G1ConcRefinementThreads                  = 4                                         {product} {ergonomic}
   size_t G1HeapRegionSize                         = 1048576                                   {product} {ergonomic}
    uintx GCDrainStackTargetSize                   = 64                                        {product} {ergonomic}
   size_t InitialHeapSize                          = 268435456                                 {product} {ergonomic}
   size_t MarkStackSize                            = 4194304                                   {product} {ergonomic}
   size_t MaxHeapSize                              = 4278190080                                {product} {ergonomic}
   size_t MinHeapDeltaBytes                        = 1048576                                   {product} {ergonomic}
    uintx NonNMethodCodeHeapSize                   = 5830732                                {pd product} {ergonomic}
    uintx NonProfiledCodeHeapSize                  = 122913754                              {pd product} {ergonomic}
    uintx ProfiledCodeHeapSize                     = 122913754                              {pd product} {ergonomic}
    uintx ReservedCodeCacheSize                    = 251658240                              {pd product} {ergonomic}
     bool SegmentedCodeCache                       = true                                      {product} {ergonomic}
     bool UseCompressedClassPointers               = true                                 {lp64_product} {ergonomic}
     bool UseCompressedOops                        = true                                 {lp64_product} {ergonomic}
     bool UseG1GC                                  = true                                      {product} {ergonomic}
     bool UseLargePagesIndividualAllocation        = false                                  {pd product} {ergonomic}

Logging:
Log output configuration:
 #0: stdout all=warning uptime,level,tags
 #1: stderr all=off uptime,level,tags

Environment Variables:
PATH=C:\Program Files\Git\mingw64\libexec\git-core;C:\Program Files\Git\mingw64\libexec\git-core;C:\Program Files\Git\mingw64\bin;C:\Program Files\Git\usr\bin;C:\Users\danie\bin;C:\Python39\Scripts;C:\Python39;C:\Program Files (x86)\NVIDIA Corporation\PhysX\Common;C:\Program Files (x86)\Common Files\Oracle\Java\javapath;C:\WINDOWS\system32;C:\WINDOWS;C:\WINDOWS\System32\Wbem;C:\WINDOWS\System32\WindowsPowerShell\v1.0;C:\WINDOWS\System32\OpenSSH;C:\Program Files\Microsoft SQL Server\130\Tools\Binn;C:\ProgramData\chocolatey\bin;C:\Program Files (x86)\IVI Foundation\VISA\WinNT\Bin;C:\Program Files\Git\cmd;C:\Program Files\nodejs;C:\Users\danie\AppData\Local\Microsoft\WindowsApps;C:\Users\danie\AppData\Local\Programs\Microsoft VS Code\bin;C:\Users\danie\AppData\Roaming\npm
USERNAME=danie
DISPLAY=:0.0
LC_ALL=en_US.UTF-8
OS=Windows_NT
PROCESSOR_IDENTIFIER=AMD64 Family 23 Model 24 Stepping 1, AuthenticAMD



---------------  S Y S T E M  ---------------

OS: Windows 10 , 64 bit Build 19041 (10.0.19041.1202)
OS uptime: 0 days 9:52 hours

CPU:total 4 (initial active 4) (4 cores per cpu, 1 threads per core) family 23 model 24 stepping 1 microcode 0x0, cmov, cx8, fxsr, mmx, sse, sse2, sse3, ssse3, sse4.1, sse4.2, popcnt, avx, avx2, aes, clmul, mmxext, 3dnowpref, lzcnt, sse4a, tsc, tscinvbit, tscinv, bmi1, bmi2, adx, sha, 

Memory: 4k page, system-wide physical 16312M (5156M free)
TotalPageFile size 16312M (AvailPageFile size 26M)
current process WorkingSet (physical memory assigned to process): 11M, peak: 11M
current process commit charge ("private bytes"): 52M, peak: 307M

vm_info: OpenJDK 64-Bit Server VM (11.0.10+0-b96-7249189) for windows-amd64 JRE (11.0.10+0-b96-7249189), built on Mar 31 2021 21:44:00 by "builder" with MS VC++ 14.0 (VS2015)

END.
