#
# There is insufficient memory for the Java Runtime Environment to continue.
# Native memory allocation (malloc) failed to allocate 1881936 bytes for Chunk::new
# Possible reasons:
#   The system is out of physical RAM or swap space
#   The process is running with CompressedOops enabled, and the Java Heap may be blocking the growth of the native heap
# Possible solutions:
#   Reduce memory load on the system
#   Increase physical memory or swap space
#   Check if swap backing store is full
#   Decrease Java heap size (-Xmx/-Xms)
#   Decrease number of Java threads
#   Decrease Java thread stack sizes (-Xss)
#   Set larger code cache with -XX:ReservedCodeCacheSize=
#   JVM is running with Unscaled Compressed Oops mode in which the Java heap is
#     placed in the first 4GB address space. The Java Heap base address is the
#     maximum limit for the native heap growth. Please use -XX:HeapBaseMinAddress
#     to set the Java Heap base and to place the Java Heap above 4GB virtual address.
# This output file may be truncated or incomplete.
#
#  Out of Memory Error (./src/hotspot/share/memory/arena.cpp:197), pid=10012, tid=11824
#
# JRE version: OpenJDK Runtime Environment (11.0.10) (build 11.0.10+0-b96-7249189)
# Java VM: OpenJDK 64-Bit Server VM (11.0.10+0-b96-7249189, mixed mode, tiered, compressed oops, g1 gc, windows-amd64)
# No core dump will be written. Minidumps are not enabled by default on client versions of Windows
#

---------------  S U M M A R Y ------------

Command Line: --add-opens=java.base/java.util=ALL-UNNAMED --add-opens=java.base/java.lang=ALL-UNNAMED --add-opens=java.base/java.lang.invoke=ALL-UNNAMED --add-opens=java.base/java.util=ALL-UNNAMED --add-opens=java.prefs/java.util.prefs=ALL-UNNAMED --add-opens=java.prefs/java.util.prefs=ALL-UNNAMED --add-opens=java.base/java.nio.charset=ALL-UNNAMED --add-opens=java.base/java.net=ALL-UNNAMED --add-opens=java.base/java.util.concurrent.atomic=ALL-UNNAMED -Xmx2048m -Dfile.encoding=UTF-8 -Duser.country=NZ -Duser.language=en -Duser.variant org.gradle.launcher.daemon.bootstrap.GradleDaemon 7.0.2

Host: AMD Ryzen 3 3200G with Radeon Vega Graphics    , 4 cores, 15G,  Windows 10 , 64 bit Build 19041 (10.0.19041.1151)
Time: Wed Sep  1 18:57:17 2021 New Zealand Standard Time elapsed time: 14.528511 seconds (0d 0h 0m 14s)

---------------  T H R E A D  ---------------

Current thread (0x0000014cac387000):  JavaThread "C2 CompilerThread0" daemon [_thread_in_native, id=11824, stack(0x0000002606d00000,0x0000002606e00000)]


Current CompileTask:
C2:  14528 9683       4       java.lang.invoke.MemberName::getMethodOrFieldType (72 bytes)

Stack: [0x0000002606d00000,0x0000002606e00000]
Native frames: (J=compiled Java code, j=interpreted, Vv=VM code, C=native code)
V  [jvm.dll+0x5ecfaa]
V  [jvm.dll+0x722bd5]
V  [jvm.dll+0x72412d]
V  [jvm.dll+0x7247e3]
V  [jvm.dll+0x242928]
V  [jvm.dll+0xbc4fc]
V  [jvm.dll+0xbca0c]
V  [jvm.dll+0x352d7d]
V  [jvm.dll+0x320ad3]
V  [jvm.dll+0x31ffca]
V  [jvm.dll+0x1fb602]
V  [jvm.dll+0x1fa7f4]
V  [jvm.dll+0x18354c]
V  [jvm.dll+0x208ee7]
V  [jvm.dll+0x207731]
V  [jvm.dll+0x6eb1cf]
V  [jvm.dll+0x6e3d45]
V  [jvm.dll+0x5ebe96]
C  [ucrtbase.dll+0x21bb2]
C  [KERNEL32.DLL+0x17034]
C  [ntdll.dll+0x52651]


---------------  P R O C E S S  ---------------

Threads class SMR info:
_java_thread_list=0x0000014cb2491470, length=43, elements={
0x0000014c91ea3800, 0x0000014cac31f800, 0x0000014cac323000, 0x0000014cac380800,
0x0000014cac383800, 0x0000014cac385800, 0x0000014cac387000, 0x0000014cac38b800,
0x0000014cac398800, 0x0000014cac4f5000, 0x0000014cae313000, 0x0000014cac5c9000,
0x0000014cae5e7800, 0x0000014cacd52800, 0x0000014cacd53000, 0x0000014cae63f000,
0x0000014cad809000, 0x0000014cad809800, 0x0000014cadbb5800, 0x0000014cae635000,
0x0000014cae62f000, 0x0000014cae631000, 0x0000014cae635800, 0x0000014cae630000,
0x0000014cae632800, 0x0000014cae631800, 0x0000014cae633000, 0x0000014cae634000,
0x0000014cb0dee000, 0x0000014cb0df0800, 0x0000014cb0df1800, 0x0000014cb0df3000,
0x0000014cb0df3800, 0x0000014cb0df4800, 0x0000014cb0def000, 0x0000014cb0def800,
0x0000014cb0df6000, 0x0000014cb0dfc000, 0x0000014cb0df8000, 0x0000014cb0dfa800,
0x0000014cb0df8800, 0x0000014cb0dfb000, 0x0000014cb5c5e800
}

Java Threads: ( => current thread )
  0x0000014c91ea3800 JavaThread "main" [_thread_blocked, id=6624, stack(0x0000002606100000,0x0000002606200000)]
  0x0000014cac31f800 JavaThread "Reference Handler" daemon [_thread_blocked, id=6408, stack(0x0000002606800000,0x0000002606900000)]
  0x0000014cac323000 JavaThread "Finalizer" daemon [_thread_blocked, id=6348, stack(0x0000002606900000,0x0000002606a00000)]
  0x0000014cac380800 JavaThread "Signal Dispatcher" daemon [_thread_blocked, id=5616, stack(0x0000002606a00000,0x0000002606b00000)]
  0x0000014cac383800 JavaThread "Attach Listener" daemon [_thread_blocked, id=5552, stack(0x0000002606b00000,0x0000002606c00000)]
  0x0000014cac385800 JavaThread "Service Thread" daemon [_thread_blocked, id=5464, stack(0x0000002606c00000,0x0000002606d00000)]
=>0x0000014cac387000 JavaThread "C2 CompilerThread0" daemon [_thread_in_native, id=11824, stack(0x0000002606d00000,0x0000002606e00000)]
  0x0000014cac38b800 JavaThread "C1 CompilerThread0" daemon [_thread_blocked, id=3040, stack(0x0000002606e00000,0x0000002606f00000)]
  0x0000014cac398800 JavaThread "Sweeper thread" daemon [_thread_blocked, id=10736, stack(0x0000002606f00000,0x0000002607000000)]
  0x0000014cac4f5000 JavaThread "Common-Cleaner" daemon [_thread_blocked, id=9408, stack(0x0000002607000000,0x0000002607100000)]
  0x0000014cae313000 JavaThread "Daemon health stats" [_thread_blocked, id=10968, stack(0x0000002607600000,0x0000002607700000)]
  0x0000014cac5c9000 JavaThread "Incoming local TCP Connector on port 57373" [_thread_in_native, id=1032, stack(0x0000002607200000,0x0000002607300000)]
  0x0000014cae5e7800 JavaThread "Daemon periodic checks" [_thread_blocked, id=9336, stack(0x0000002607700000,0x0000002607800000)]
  0x0000014cacd52800 JavaThread "Daemon" [_thread_blocked, id=11108, stack(0x0000002607800000,0x0000002607900000)]
  0x0000014cacd53000 JavaThread "Handler for socket connection from /127.0.0.1:57373 to /127.0.0.1:57374" [_thread_in_native, id=7348, stack(0x0000002607900000,0x0000002607a00000)]
  0x0000014cae63f000 JavaThread "Cancel handler" [_thread_blocked, id=10700, stack(0x0000002607a00000,0x0000002607b00000)]
  0x0000014cad809000 JavaThread "Daemon worker" [_thread_blocked, id=11608, stack(0x0000002607b00000,0x0000002607c00000)]
  0x0000014cad809800 JavaThread "Asynchronous log dispatcher for DefaultDaemonConnection: socket connection from /127.0.0.1:57373 to /127.0.0.1:57374" [_thread_blocked, id=8132, stack(0x0000002607c00000,0x0000002607d00000)]
  0x0000014cadbb5800 JavaThread "Stdin handler" [_thread_blocked, id=8688, stack(0x0000002607d00000,0x0000002607e00000)]
  0x0000014cae635000 JavaThread "Daemon client event forwarder" [_thread_blocked, id=5608, stack(0x0000002607e00000,0x0000002607f00000)]
  0x0000014cae62f000 JavaThread "Cache worker for file hash cache (C:\Users\danie\.gradle\caches\7.0.2\fileHashes)" [_thread_blocked, id=7016, stack(0x0000002607f00000,0x0000002608000000)]
  0x0000014cae631000 JavaThread "File lock request listener" [_thread_in_native, id=11712, stack(0x0000002608000000,0x0000002608100000)]
  0x0000014cae635800 JavaThread "Cache worker for journal cache (C:\Users\danie\.gradle\caches\journal-1)" [_thread_blocked, id=1860, stack(0x0000002608100000,0x0000002608200000)]
  0x0000014cae630000 JavaThread "Cache worker for file hash cache (C:\Users\danie\AndroidStudioProjects\Choice\.gradle\7.0.2\fileHashes)" [_thread_blocked, id=4848, stack(0x0000002608300000,0x0000002608400000)]
  0x0000014cae632800 JavaThread "File watcher server" daemon [_thread_in_native, id=9392, stack(0x0000002608400000,0x0000002608500000)]
  0x0000014cae631800 JavaThread "File watcher consumer" daemon [_thread_blocked, id=9484, stack(0x0000002608500000,0x0000002608600000)]
  0x0000014cae633000 JavaThread "jar transforms" [_thread_blocked, id=10388, stack(0x0000002608600000,0x0000002608700000)]
  0x0000014cae634000 JavaThread "jar transforms Thread 2" [_thread_blocked, id=5432, stack(0x0000002608700000,0x0000002608800000)]
  0x0000014cb0dee000 JavaThread "jar transforms Thread 3" [_thread_blocked, id=6500, stack(0x0000002608800000,0x0000002608900000)]
  0x0000014cb0df0800 JavaThread "jar transforms Thread 4" [_thread_blocked, id=7916, stack(0x0000002608900000,0x0000002608a00000)]
  0x0000014cb0df1800 JavaThread "Cache worker for checksums cache (C:\Users\danie\AndroidStudioProjects\Choice\.gradle\checksums)" [_thread_blocked, id=10116, stack(0x0000002608a00000,0x0000002608b00000)]
  0x0000014cb0df3000 JavaThread "Cache worker for cache directory md-supplier (C:\Users\danie\.gradle\caches\7.0.2\md-supplier)" [_thread_blocked, id=11544, stack(0x0000002608b00000,0x0000002608c00000)]
  0x0000014cb0df3800 JavaThread "Cache worker for cache directory md-rule (C:\Users\danie\.gradle\caches\7.0.2\md-rule)" [_thread_blocked, id=6948, stack(0x0000002608c00000,0x0000002608d00000)]
  0x0000014cb0df4800 JavaThread "Cache worker for execution history cache (C:\Users\danie\.gradle\caches\7.0.2\executionHistory)" [_thread_blocked, id=7040, stack(0x0000002608d00000,0x0000002608e00000)]
  0x0000014cb0def000 JavaThread "Cache worker for file content cache (C:\Users\danie\.gradle\caches\7.0.2\fileContent)" [_thread_blocked, id=5104, stack(0x0000002608e00000,0x0000002608f00000)]
  0x0000014cb0def800 JavaThread "Cache worker for dependencies-accessors (C:\Users\danie\AndroidStudioProjects\Choice\.gradle\7.0.2\dependencies-accessors)" [_thread_blocked, id=5780, stack(0x0000002608f00000,0x0000002609000000)]
  0x0000014cb0df6000 JavaThread "Cache worker for Build Output Cleanup Cache (C:\Users\danie\AndroidStudioProjects\Choice\.gradle\buildOutputCleanup)" [_thread_blocked, id=6696, stack(0x0000002609000000,0x0000002609100000)]
  0x0000014cb0dfc000 JavaThread "Build operations" [_thread_in_Java, id=9660, stack(0x0000002609100000,0x0000002609200000)]
  0x0000014cb0df8000 JavaThread "Build operations Thread 2" [_thread_blocked, id=10820, stack(0x0000002609200000,0x0000002609300000)]
  0x0000014cb0dfa800 JavaThread "Build operations Thread 3" [_thread_in_native, id=9880, stack(0x0000002609300000,0x0000002609400000)]
  0x0000014cb0df8800 JavaThread "Build operations Thread 4" [_thread_blocked, id=6276, stack(0x0000002609400000,0x0000002609500000)]
  0x0000014cb0dfb000 JavaThread "Memory manager" [_thread_blocked, id=756, stack(0x0000002609600000,0x0000002609700000)]
  0x0000014cb5c5e800 JavaThread "C2 CompilerThread1" daemon [_thread_in_native, id=948, stack(0x0000002608200000,0x0000002608300000)]

Other Threads:
  0x0000014cac319800 VMThread "VM Thread" [stack: 0x0000002606700000,0x0000002606800000] [id=4748]
  0x0000014cac548800 WatcherThread [stack: 0x0000002607100000,0x0000002607200000] [id=7776]
  0x0000014c91ebb000 GCTaskThread "GC Thread#0" [stack: 0x0000002606200000,0x0000002606300000] [id=2104]
  0x0000014cacdde800 GCTaskThread "GC Thread#1" [stack: 0x0000002607300000,0x0000002607400000] [id=10640]
  0x0000014cacaa7000 GCTaskThread "GC Thread#2" [stack: 0x0000002607400000,0x0000002607500000] [id=2880]
  0x0000014cacb1a800 GCTaskThread "GC Thread#3" [stack: 0x0000002607500000,0x0000002607600000] [id=2140]
  0x0000014c91eee000 ConcurrentGCThread "G1 Main Marker" [stack: 0x0000002606300000,0x0000002606400000] [id=6088]
  0x0000014c91eef000 ConcurrentGCThread "G1 Conc#0" [stack: 0x0000002606400000,0x0000002606500000] [id=8180]
  0x0000014cab965000 ConcurrentGCThread "G1 Refine#0" [stack: 0x0000002606500000,0x0000002606600000] [id=10464]
  0x0000014cb304b000 ConcurrentGCThread "G1 Refine#1" [stack: 0x0000002609500000,0x0000002609600000] [id=10636]
  0x0000014cab966000 ConcurrentGCThread "G1 Young RemSet Sampling" [stack: 0x0000002606600000,0x0000002606700000] [id=6452]

Threads with active compile tasks:
C2 CompilerThread0  14547 9683       4       java.lang.invoke.MemberName::getMethodOrFieldType (72 bytes)
C1 CompilerThread0  14547 9789   !   3       org.gradle.internal.nativeintegration.filesystem.services.NativePlatformBackedFileMetadataAccessor::stat (179 bytes)
C2 CompilerThread1  14547 9291       4       org.gradle.api.internal.attributes.DefaultImmutableAttributesFactory::concat (46 bytes)

VM state:not at safepoint (normal execution)

VM Mutex/Monitor currently owned by a thread: None

Heap address: 0x0000000080000000, size: 2048 MB, Compressed Oops mode: 32-bit
Narrow klass base: 0x0000000000000000, Narrow klass shift: 3
Compressed class space size: 1073741824 Address: 0x0000000100000000

Heap:
 garbage-first heap   total 262144K, used 107102K [0x0000000080000000, 0x0000000100000000)
  region size 1024K, 18 young (18432K), 15 survivors (15360K)
 Metaspace       used 97621K, capacity 100054K, committed 100132K, reserved 1136640K
  class space    used 12553K, capacity 13427K, committed 13440K, reserved 1048576K
Heap Regions: E=young(eden), S=young(survivor), O=old, HS=humongous(starts), HC=humongous(continues), CS=collection set, F=free, A=archive, TAMS=top-at-mark-start (previous, next)
|   0|0x0000000080000000, 0x0000000080100000, 0x0000000080100000|100%| O|  |TAMS 0x0000000080100000, 0x0000000080000000| Untracked 
|   1|0x0000000080100000, 0x0000000080200000, 0x0000000080200000|100%|HS|  |TAMS 0x0000000080200000, 0x0000000080100000| Complete 
|   2|0x0000000080200000, 0x0000000080300000, 0x0000000080300000|100%|HC|  |TAMS 0x0000000080300000, 0x0000000080200000| Complete 
|   3|0x0000000080300000, 0x0000000080400000, 0x0000000080400000|100%|HS|  |TAMS 0x0000000080400000, 0x0000000080300000| Complete 
|   4|0x0000000080400000, 0x0000000080500000, 0x0000000080500000|100%|HC|  |TAMS 0x0000000080500000, 0x0000000080400000| Complete 
|   5|0x0000000080500000, 0x0000000080600000, 0x0000000080600000|100%|HC|  |TAMS 0x0000000080600000, 0x0000000080500000| Complete 
|   6|0x0000000080600000, 0x0000000080700000, 0x0000000080700000|100%| O|  |TAMS 0x0000000080700000, 0x0000000080600000| Untracked 
|   7|0x0000000080700000, 0x0000000080800000, 0x0000000080800000|100%| O|  |TAMS 0x0000000080800000, 0x0000000080700000| Untracked 
|   8|0x0000000080800000, 0x0000000080900000, 0x0000000080900000|100%| O|  |TAMS 0x0000000080900000, 0x0000000080800000| Untracked 
|   9|0x0000000080900000, 0x0000000080a00000, 0x0000000080a00000|100%| O|  |TAMS 0x0000000080a00000, 0x0000000080900000| Untracked 
|  10|0x0000000080a00000, 0x0000000080b00000, 0x0000000080b00000|100%|HS|  |TAMS 0x0000000080b00000, 0x0000000080a00000| Complete 
|  11|0x0000000080b00000, 0x0000000080c00000, 0x0000000080c00000|100%|HC|  |TAMS 0x0000000080c00000, 0x0000000080b00000| Complete 
|  12|0x0000000080c00000, 0x0000000080d00000, 0x0000000080d00000|100%|HC|  |TAMS 0x0000000080d00000, 0x0000000080c00000| Complete 
|  13|0x0000000080d00000, 0x0000000080e00000, 0x0000000080e00000|100%|HS|  |TAMS 0x0000000080e00000, 0x0000000080d00000| Complete 
|  14|0x0000000080e00000, 0x0000000080f00000, 0x0000000080f00000|100%|HC|  |TAMS 0x0000000080f00000, 0x0000000080e00000| Complete 
|  15|0x0000000080f00000, 0x0000000081000000, 0x0000000081000000|100%|HC|  |TAMS 0x0000000081000000, 0x0000000080f00000| Complete 
|  16|0x0000000081000000, 0x0000000081100000, 0x0000000081100000|100%|HC|  |TAMS 0x0000000081100000, 0x0000000081000000| Complete 
|  17|0x0000000081100000, 0x0000000081200000, 0x0000000081200000|100%|HC|  |TAMS 0x0000000081200000, 0x0000000081100000| Complete 
|  18|0x0000000081200000, 0x0000000081300000, 0x0000000081300000|100%| O|  |TAMS 0x0000000081300000, 0x0000000081200000| Untracked 
|  19|0x0000000081300000, 0x0000000081400000, 0x0000000081400000|100%| O|  |TAMS 0x0000000081400000, 0x0000000081300000| Untracked 
|  20|0x0000000081400000, 0x0000000081500000, 0x0000000081500000|100%| O|  |TAMS 0x0000000081500000, 0x0000000081400000| Untracked 
|  21|0x0000000081500000, 0x0000000081600000, 0x0000000081600000|100%| O|  |TAMS 0x0000000081600000, 0x0000000081500000| Untracked 
|  22|0x0000000081600000, 0x0000000081700000, 0x0000000081700000|100%| O|  |TAMS 0x0000000081700000, 0x0000000081600000| Untracked 
|  23|0x0000000081700000, 0x0000000081800000, 0x0000000081800000|100%| O|  |TAMS 0x0000000081800000, 0x0000000081700000| Untracked 
|  24|0x0000000081800000, 0x0000000081900000, 0x0000000081900000|100%| O|  |TAMS 0x0000000081900000, 0x0000000081800000| Untracked 
|  25|0x0000000081900000, 0x0000000081a00000, 0x0000000081a00000|100%| O|  |TAMS 0x0000000081a00000, 0x0000000081900000| Untracked 
|  26|0x0000000081a00000, 0x0000000081b00000, 0x0000000081b00000|100%| O|  |TAMS 0x0000000081b00000, 0x0000000081a00000| Untracked 
|  27|0x0000000081b00000, 0x0000000081c00000, 0x0000000081c00000|100%|HS|  |TAMS 0x0000000081c00000, 0x0000000081b00000| Complete 
|  28|0x0000000081c00000, 0x0000000081d00000, 0x0000000081d00000|100%|HS|  |TAMS 0x0000000081d00000, 0x0000000081c00000| Complete 
|  29|0x0000000081d00000, 0x0000000081e00000, 0x0000000081e00000|100%|HS|  |TAMS 0x0000000081e00000, 0x0000000081d00000| Complete 
|  30|0x0000000081e00000, 0x0000000081f00000, 0x0000000081f00000|100%|HS|  |TAMS 0x0000000081f00000, 0x0000000081e00000| Complete 
|  31|0x0000000081f00000, 0x0000000082000000, 0x0000000082000000|100%|HC|  |TAMS 0x0000000082000000, 0x0000000081f00000| Complete 
|  32|0x0000000082000000, 0x0000000082100000, 0x0000000082100000|100%|HC|  |TAMS 0x0000000082100000, 0x0000000082000000| Complete 
|  33|0x0000000082100000, 0x0000000082200000, 0x0000000082200000|100%|HC|  |TAMS 0x0000000082200000, 0x0000000082100000| Complete 
|  34|0x0000000082200000, 0x0000000082300000, 0x0000000082300000|100%|HC|  |TAMS 0x0000000082300000, 0x0000000082200000| Complete 
|  35|0x0000000082300000, 0x0000000082400000, 0x0000000082400000|100%|HS|  |TAMS 0x0000000082400000, 0x0000000082300000| Complete 
|  36|0x0000000082400000, 0x0000000082500000, 0x0000000082500000|100%|HC|  |TAMS 0x0000000082500000, 0x0000000082400000| Complete 
|  37|0x0000000082500000, 0x0000000082600000, 0x0000000082600000|100%|HC|  |TAMS 0x0000000082600000, 0x0000000082500000| Complete 
|  38|0x0000000082600000, 0x0000000082700000, 0x0000000082700000|100%| O|  |TAMS 0x0000000082700000, 0x0000000082600000| Untracked 
|  39|0x0000000082700000, 0x0000000082800000, 0x0000000082800000|100%| O|  |TAMS 0x0000000082800000, 0x0000000082700000| Untracked 
|  40|0x0000000082800000, 0x0000000082900000, 0x0000000082900000|100%| O|  |TAMS 0x0000000082900000, 0x0000000082800000| Untracked 
|  41|0x0000000082900000, 0x0000000082a00000, 0x0000000082a00000|100%|HS|  |TAMS 0x0000000082a00000, 0x0000000082900000| Complete 
|  42|0x0000000082a00000, 0x0000000082b00000, 0x0000000082b00000|100%|HC|  |TAMS 0x0000000082b00000, 0x0000000082a00000| Complete 
|  43|0x0000000082b00000, 0x0000000082c00000, 0x0000000082c00000|100%|HC|  |TAMS 0x0000000082c00000, 0x0000000082b00000| Complete 
|  44|0x0000000082c00000, 0x0000000082d00000, 0x0000000082d00000|100%|HS|  |TAMS 0x0000000082d00000, 0x0000000082c00000| Complete 
|  45|0x0000000082d00000, 0x0000000082e00000, 0x0000000082e00000|100%|HC|  |TAMS 0x0000000082e00000, 0x0000000082d00000| Complete 
|  46|0x0000000082e00000, 0x0000000082f00000, 0x0000000082f00000|100%| O|  |TAMS 0x0000000082f00000, 0x0000000082e00000| Untracked 
|  47|0x0000000082f00000, 0x0000000083000000, 0x0000000083000000|100%| O|  |TAMS 0x0000000083000000, 0x0000000082f00000| Untracked 
|  48|0x0000000083000000, 0x0000000083100000, 0x0000000083100000|100%| O|  |TAMS 0x0000000083100000, 0x0000000083000000| Untracked 
|  49|0x0000000083100000, 0x0000000083200000, 0x0000000083200000|100%| O|  |TAMS 0x0000000083200000, 0x0000000083100000| Untracked 
|  50|0x0000000083200000, 0x0000000083300000, 0x0000000083300000|100%| O|  |TAMS 0x0000000083300000, 0x0000000083200000| Untracked 
|  51|0x0000000083300000, 0x0000000083400000, 0x0000000083400000|100%| O|  |TAMS 0x0000000083400000, 0x0000000083300000| Untracked 
|  52|0x0000000083400000, 0x0000000083500000, 0x0000000083500000|100%| O|  |TAMS 0x0000000083500000, 0x0000000083400000| Untracked 
|  53|0x0000000083500000, 0x0000000083600000, 0x0000000083600000|100%| O|  |TAMS 0x0000000083600000, 0x0000000083500000| Untracked 
|  54|0x0000000083600000, 0x0000000083700000, 0x0000000083700000|100%| O|  |TAMS 0x0000000083700000, 0x0000000083600000| Untracked 
|  55|0x0000000083700000, 0x0000000083800000, 0x0000000083800000|100%| O|  |TAMS 0x0000000083800000, 0x0000000083700000| Untracked 
|  56|0x0000000083800000, 0x0000000083900000, 0x0000000083900000|100%| O|  |TAMS 0x0000000083900000, 0x0000000083800000| Untracked 
|  57|0x0000000083900000, 0x0000000083a00000, 0x0000000083a00000|100%| O|  |TAMS 0x0000000083a00000, 0x0000000083900000| Untracked 
|  58|0x0000000083a00000, 0x0000000083b00000, 0x0000000083b00000|100%| O|  |TAMS 0x0000000083b00000, 0x0000000083a00000| Untracked 
|  59|0x0000000083b00000, 0x0000000083c00000, 0x0000000083c00000|100%| O|  |TAMS 0x0000000083c00000, 0x0000000083b00000| Untracked 
|  60|0x0000000083c00000, 0x0000000083d00000, 0x0000000083d00000|100%| O|  |TAMS 0x0000000083d00000, 0x0000000083c00000| Untracked 
|  61|0x0000000083d00000, 0x0000000083e00000, 0x0000000083e00000|100%| O|  |TAMS 0x0000000083e00000, 0x0000000083d00000| Untracked 
|  62|0x0000000083e00000, 0x0000000083f00000, 0x0000000083f00000|100%| O|  |TAMS 0x0000000083f00000, 0x0000000083e00000| Untracked 
|  63|0x0000000083f00000, 0x0000000084000000, 0x0000000084000000|100%| O|  |TAMS 0x0000000084000000, 0x0000000083f00000| Untracked 
|  64|0x0000000084000000, 0x0000000084100000, 0x0000000084100000|100%| O|  |TAMS 0x0000000084100000, 0x0000000084000000| Untracked 
|  65|0x0000000084100000, 0x0000000084200000, 0x0000000084200000|100%| O|  |TAMS 0x0000000084200000, 0x0000000084100000| Untracked 
|  66|0x0000000084200000, 0x0000000084300000, 0x0000000084300000|100%| O|  |TAMS 0x0000000084300000, 0x0000000084200000| Untracked 
|  67|0x0000000084300000, 0x0000000084400000, 0x0000000084400000|100%| O|  |TAMS 0x0000000084400000, 0x0000000084300000| Untracked 
|  68|0x0000000084400000, 0x0000000084500000, 0x0000000084500000|100%| O|  |TAMS 0x0000000084500000, 0x0000000084400000| Untracked 
|  69|0x0000000084500000, 0x0000000084600000, 0x0000000084600000|100%| O|  |TAMS 0x0000000084600000, 0x0000000084500000| Untracked 
|  70|0x0000000084600000, 0x0000000084700000, 0x0000000084700000|100%| O|  |TAMS 0x0000000084700000, 0x0000000084600000| Untracked 
|  71|0x0000000084700000, 0x0000000084800000, 0x0000000084800000|100%| O|  |TAMS 0x0000000084800000, 0x0000000084700000| Untracked 
|  72|0x0000000084800000, 0x0000000084900000, 0x0000000084900000|100%| O|  |TAMS 0x0000000084900000, 0x0000000084800000| Untracked 
|  73|0x0000000084900000, 0x0000000084a00000, 0x0000000084a00000|100%| O|  |TAMS 0x0000000084a00000, 0x0000000084900000| Untracked 
|  74|0x0000000084a00000, 0x0000000084b00000, 0x0000000084b00000|100%| O|  |TAMS 0x0000000084b00000, 0x0000000084a00000| Untracked 
|  75|0x0000000084b00000, 0x0000000084c00000, 0x0000000084c00000|100%| O|  |TAMS 0x0000000084c00000, 0x0000000084b00000| Untracked 
|  76|0x0000000084c00000, 0x0000000084d00000, 0x0000000084d00000|100%| O|  |TAMS 0x0000000084d00000, 0x0000000084c00000| Untracked 
|  77|0x0000000084d00000, 0x0000000084e00000, 0x0000000084e00000|100%| O|  |TAMS 0x0000000084e00000, 0x0000000084d00000| Untracked 
|  78|0x0000000084e00000, 0x0000000084f00000, 0x0000000084f00000|100%| O|  |TAMS 0x0000000084f00000, 0x0000000084e00000| Untracked 
|  79|0x0000000084f00000, 0x0000000085000000, 0x0000000085000000|100%| O|  |TAMS 0x0000000085000000, 0x0000000084f00000| Untracked 
|  80|0x0000000085000000, 0x0000000085100000, 0x0000000085100000|100%| O|  |TAMS 0x0000000085100000, 0x0000000085000000| Untracked 
|  81|0x0000000085100000, 0x0000000085200000, 0x0000000085200000|100%| O|  |TAMS 0x0000000085200000, 0x0000000085100000| Untracked 
|  82|0x0000000085200000, 0x0000000085300000, 0x0000000085300000|100%| O|  |TAMS 0x0000000085300000, 0x0000000085200000| Untracked 
|  83|0x0000000085300000, 0x0000000085400000, 0x0000000085400000|100%| O|  |TAMS 0x0000000085400000, 0x0000000085300000| Untracked 
|  84|0x0000000085400000, 0x0000000085500000, 0x0000000085500000|100%| O|  |TAMS 0x0000000085500000, 0x0000000085400000| Untracked 
|  85|0x0000000085500000, 0x0000000085600000, 0x0000000085600000|100%| O|  |TAMS 0x0000000085600000, 0x0000000085500000| Untracked 
|  86|0x0000000085600000, 0x0000000085700000, 0x0000000085700000|100%| O|  |TAMS 0x0000000085694a00, 0x0000000085600000| Untracked 
|  87|0x0000000085700000, 0x0000000085797800, 0x0000000085800000| 59%| O|  |TAMS 0x0000000085700000, 0x0000000085700000| Untracked 
|  88|0x0000000085800000, 0x0000000085800000, 0x0000000085900000|  0%| F|  |TAMS 0x0000000085800000, 0x0000000085800000| Untracked 
|  89|0x0000000085900000, 0x0000000085900000, 0x0000000085a00000|  0%| F|  |TAMS 0x0000000085900000, 0x0000000085900000| Untracked 
|  90|0x0000000085a00000, 0x0000000085a00000, 0x0000000085b00000|  0%| F|  |TAMS 0x0000000085a00000, 0x0000000085a00000| Untracked 
|  91|0x0000000085b00000, 0x0000000085b00000, 0x0000000085c00000|  0%| F|  |TAMS 0x0000000085b00000, 0x0000000085b00000| Untracked 
|  92|0x0000000085c00000, 0x0000000085c00000, 0x0000000085d00000|  0%| F|  |TAMS 0x0000000085c00000, 0x0000000085c00000| Untracked 
|  93|0x0000000085d00000, 0x0000000085d00000, 0x0000000085e00000|  0%| F|  |TAMS 0x0000000085d00000, 0x0000000085d00000| Untracked 
|  94|0x0000000085e00000, 0x0000000085e00000, 0x0000000085f00000|  0%| F|  |TAMS 0x0000000085e00000, 0x0000000085e00000| Untracked 
|  95|0x0000000085f00000, 0x0000000085f00000, 0x0000000086000000|  0%| F|  |TAMS 0x0000000085f00000, 0x0000000085f00000| Untracked 
|  96|0x0000000086000000, 0x0000000086000000, 0x0000000086100000|  0%| F|  |TAMS 0x0000000086000000, 0x0000000086000000| Untracked 
|  97|0x0000000086100000, 0x0000000086100000, 0x0000000086200000|  0%| F|  |TAMS 0x0000000086100000, 0x0000000086100000| Untracked 
|  98|0x0000000086200000, 0x0000000086200000, 0x0000000086300000|  0%| F|  |TAMS 0x0000000086200000, 0x0000000086200000| Untracked 
|  99|0x0000000086300000, 0x0000000086300000, 0x0000000086400000|  0%| F|  |TAMS 0x0000000086300000, 0x0000000086300000| Untracked 
| 100|0x0000000086400000, 0x0000000086400000, 0x0000000086500000|  0%| F|  |TAMS 0x0000000086400000, 0x0000000086400000| Untracked 
| 101|0x0000000086500000, 0x0000000086500000, 0x0000000086600000|  0%| F|  |TAMS 0x0000000086500000, 0x0000000086500000| Untracked 
| 102|0x0000000086600000, 0x0000000086600000, 0x0000000086700000|  0%| F|  |TAMS 0x0000000086600000, 0x0000000086600000| Untracked 
| 103|0x0000000086700000, 0x0000000086700000, 0x0000000086800000|  0%| F|  |TAMS 0x0000000086700000, 0x0000000086700000| Untracked 
| 104|0x0000000086800000, 0x0000000086800000, 0x0000000086900000|  0%| F|  |TAMS 0x0000000086800000, 0x0000000086800000| Untracked 
| 105|0x0000000086900000, 0x0000000086900000, 0x0000000086a00000|  0%| F|  |TAMS 0x0000000086900000, 0x0000000086900000| Untracked 
| 106|0x0000000086a00000, 0x0000000086a00000, 0x0000000086b00000|  0%| F|  |TAMS 0x0000000086a00000, 0x0000000086a00000| Untracked 
| 107|0x0000000086b00000, 0x0000000086b00000, 0x0000000086c00000|  0%| F|  |TAMS 0x0000000086b00000, 0x0000000086b00000| Untracked 
| 108|0x0000000086c00000, 0x0000000086c00000, 0x0000000086d00000|  0%| F|  |TAMS 0x0000000086c00000, 0x0000000086c00000| Untracked 
| 109|0x0000000086d00000, 0x0000000086d00000, 0x0000000086e00000|  0%| F|  |TAMS 0x0000000086d00000, 0x0000000086d00000| Untracked 
| 110|0x0000000086e00000, 0x0000000086e00000, 0x0000000086f00000|  0%| F|  |TAMS 0x0000000086e00000, 0x0000000086e00000| Untracked 
| 111|0x0000000086f00000, 0x0000000086f00000, 0x0000000087000000|  0%| F|  |TAMS 0x0000000086f00000, 0x0000000086f00000| Untracked 
| 112|0x0000000087000000, 0x0000000087000000, 0x0000000087100000|  0%| F|  |TAMS 0x0000000087000000, 0x0000000087000000| Untracked 
| 113|0x0000000087100000, 0x0000000087100000, 0x0000000087200000|  0%| F|  |TAMS 0x0000000087100000, 0x0000000087100000| Untracked 
| 114|0x0000000087200000, 0x0000000087200000, 0x0000000087300000|  0%| F|  |TAMS 0x0000000087200000, 0x0000000087200000| Untracked 
| 115|0x0000000087300000, 0x0000000087300000, 0x0000000087400000|  0%| F|  |TAMS 0x0000000087300000, 0x0000000087300000| Untracked 
| 116|0x0000000087400000, 0x0000000087400000, 0x0000000087500000|  0%| F|  |TAMS 0x0000000087400000, 0x0000000087400000| Untracked 
| 117|0x0000000087500000, 0x0000000087500000, 0x0000000087600000|  0%| F|  |TAMS 0x0000000087500000, 0x0000000087500000| Untracked 
| 118|0x0000000087600000, 0x0000000087600000, 0x0000000087700000|  0%| F|  |TAMS 0x0000000087600000, 0x0000000087600000| Untracked 
| 119|0x0000000087700000, 0x0000000087700000, 0x0000000087800000|  0%| F|  |TAMS 0x0000000087700000, 0x0000000087700000| Untracked 
| 120|0x0000000087800000, 0x0000000087800000, 0x0000000087900000|  0%| F|  |TAMS 0x0000000087800000, 0x0000000087800000| Untracked 
| 121|0x0000000087900000, 0x0000000087900000, 0x0000000087a00000|  0%| F|  |TAMS 0x0000000087900000, 0x0000000087900000| Untracked 
| 122|0x0000000087a00000, 0x0000000087a00000, 0x0000000087b00000|  0%| F|  |TAMS 0x0000000087a00000, 0x0000000087a00000| Untracked 
| 123|0x0000000087b00000, 0x0000000087b00000, 0x0000000087c00000|  0%| F|  |TAMS 0x0000000087b00000, 0x0000000087b00000| Untracked 
| 124|0x0000000087c00000, 0x0000000087c00000, 0x0000000087d00000|  0%| F|  |TAMS 0x0000000087c00000, 0x0000000087c00000| Untracked 
| 125|0x0000000087d00000, 0x0000000087d00000, 0x0000000087e00000|  0%| F|  |TAMS 0x0000000087d00000, 0x0000000087d00000| Untracked 
| 126|0x0000000087e00000, 0x0000000087e00000, 0x0000000087f00000|  0%| F|  |TAMS 0x0000000087e00000, 0x0000000087e00000| Untracked 
| 127|0x0000000087f00000, 0x0000000087f00000, 0x0000000088000000|  0%| F|  |TAMS 0x0000000087f00000, 0x0000000087f00000| Untracked 
| 128|0x0000000088000000, 0x0000000088100000, 0x0000000088100000|100%| S|CS|TAMS 0x0000000088000000, 0x0000000088000000| Complete 
| 129|0x0000000088100000, 0x0000000088200000, 0x0000000088200000|100%| S|CS|TAMS 0x0000000088100000, 0x0000000088100000| Complete 
| 130|0x0000000088200000, 0x0000000088300000, 0x0000000088300000|100%| S|CS|TAMS 0x0000000088200000, 0x0000000088200000| Complete 
| 131|0x0000000088300000, 0x0000000088400000, 0x0000000088400000|100%| S|CS|TAMS 0x0000000088300000, 0x0000000088300000| Complete 
| 132|0x0000000088400000, 0x0000000088500000, 0x0000000088500000|100%| S|CS|TAMS 0x0000000088400000, 0x0000000088400000| Complete 
| 133|0x0000000088500000, 0x0000000088600000, 0x0000000088600000|100%| S|CS|TAMS 0x0000000088500000, 0x0000000088500000| Complete 
| 134|0x0000000088600000, 0x0000000088700000, 0x0000000088700000|100%| S|CS|TAMS 0x0000000088600000, 0x0000000088600000| Complete 
| 135|0x0000000088700000, 0x0000000088800000, 0x0000000088800000|100%| S|CS|TAMS 0x0000000088700000, 0x0000000088700000| Complete 
| 136|0x0000000088800000, 0x0000000088900000, 0x0000000088900000|100%| S|CS|TAMS 0x0000000088800000, 0x0000000088800000| Complete 
| 137|0x0000000088900000, 0x0000000088a00000, 0x0000000088a00000|100%| S|CS|TAMS 0x0000000088900000, 0x0000000088900000| Complete 
| 138|0x0000000088a00000, 0x0000000088b00000, 0x0000000088b00000|100%| S|CS|TAMS 0x0000000088a00000, 0x0000000088a00000| Complete 
| 139|0x0000000088b00000, 0x0000000088c00000, 0x0000000088c00000|100%| S|CS|TAMS 0x0000000088b00000, 0x0000000088b00000| Complete 
| 140|0x0000000088c00000, 0x0000000088c00000, 0x0000000088d00000|  0%| F|  |TAMS 0x0000000088c00000, 0x0000000088c00000| Untracked 
| 141|0x0000000088d00000, 0x0000000088d00000, 0x0000000088e00000|  0%| F|  |TAMS 0x0000000088d00000, 0x0000000088d00000| Untracked 
| 142|0x0000000088e00000, 0x0000000088e00000, 0x0000000088f00000|  0%| F|  |TAMS 0x0000000088e00000, 0x0000000088e00000| Untracked 
| 143|0x0000000088f00000, 0x0000000088f00000, 0x0000000089000000|  0%| F|  |TAMS 0x0000000088f00000, 0x0000000088f00000| Untracked 
| 144|0x0000000089000000, 0x0000000089000000, 0x0000000089100000|  0%| F|  |TAMS 0x0000000089000000, 0x0000000089000000| Untracked 
| 145|0x0000000089100000, 0x0000000089100000, 0x0000000089200000|  0%| F|  |TAMS 0x0000000089100000, 0x0000000089100000| Untracked 
| 146|0x0000000089200000, 0x0000000089200000, 0x0000000089300000|  0%| F|  |TAMS 0x0000000089200000, 0x0000000089200000| Untracked 
| 147|0x0000000089300000, 0x0000000089300000, 0x0000000089400000|  0%| F|  |TAMS 0x0000000089300000, 0x0000000089300000| Untracked 
| 148|0x0000000089400000, 0x0000000089500000, 0x0000000089500000|100%| S|CS|TAMS 0x0000000089400000, 0x0000000089400000| Complete 
| 149|0x0000000089500000, 0x0000000089600000, 0x0000000089600000|100%| S|CS|TAMS 0x0000000089500000, 0x0000000089500000| Complete 
| 150|0x0000000089600000, 0x0000000089700000, 0x0000000089700000|100%| S|CS|TAMS 0x0000000089600000, 0x0000000089600000| Complete 
| 151|0x0000000089700000, 0x0000000089700000, 0x0000000089800000|  0%| F|  |TAMS 0x0000000089700000, 0x0000000089700000| Untracked 
| 152|0x0000000089800000, 0x0000000089800000, 0x0000000089900000|  0%| F|  |TAMS 0x0000000089800000, 0x0000000089800000| Untracked 
| 153|0x0000000089900000, 0x0000000089900000, 0x0000000089a00000|  0%| F|  |TAMS 0x0000000089900000, 0x0000000089900000| Untracked 
| 154|0x0000000089a00000, 0x0000000089a00000, 0x0000000089b00000|  0%| F|  |TAMS 0x0000000089a00000, 0x0000000089a00000| Untracked 
| 155|0x0000000089b00000, 0x0000000089b00000, 0x0000000089c00000|  0%| F|  |TAMS 0x0000000089b00000, 0x0000000089b00000| Untracked 
| 156|0x0000000089c00000, 0x0000000089c00000, 0x0000000089d00000|  0%| F|  |TAMS 0x0000000089c00000, 0x0000000089c00000| Untracked 
| 157|0x0000000089d00000, 0x0000000089d00000, 0x0000000089e00000|  0%| F|  |TAMS 0x0000000089d00000, 0x0000000089d00000| Untracked 
| 158|0x0000000089e00000, 0x0000000089e00000, 0x0000000089f00000|  0%| F|  |TAMS 0x0000000089e00000, 0x0000000089e00000| Untracked 
| 159|0x0000000089f00000, 0x0000000089f00000, 0x000000008a000000|  0%| F|  |TAMS 0x0000000089f00000, 0x0000000089f00000| Untracked 
| 160|0x000000008a000000, 0x000000008a000000, 0x000000008a100000|  0%| F|  |TAMS 0x000000008a000000, 0x000000008a000000| Untracked 
| 161|0x000000008a100000, 0x000000008a100000, 0x000000008a200000|  0%| F|  |TAMS 0x000000008a100000, 0x000000008a100000| Untracked 
| 162|0x000000008a200000, 0x000000008a200000, 0x000000008a300000|  0%| F|  |TAMS 0x000000008a200000, 0x000000008a200000| Untracked 
| 163|0x000000008a300000, 0x000000008a300000, 0x000000008a400000|  0%| F|  |TAMS 0x000000008a300000, 0x000000008a300000| Untracked 
| 164|0x000000008a400000, 0x000000008a400000, 0x000000008a500000|  0%| F|  |TAMS 0x000000008a400000, 0x000000008a400000| Untracked 
| 165|0x000000008a500000, 0x000000008a500000, 0x000000008a600000|  0%| F|  |TAMS 0x000000008a500000, 0x000000008a500000| Untracked 
| 166|0x000000008a600000, 0x000000008a600000, 0x000000008a700000|  0%| F|  |TAMS 0x000000008a600000, 0x000000008a600000| Untracked 
| 167|0x000000008a700000, 0x000000008a700000, 0x000000008a800000|  0%| F|  |TAMS 0x000000008a700000, 0x000000008a700000| Untracked 
| 168|0x000000008a800000, 0x000000008a800000, 0x000000008a900000|  0%| F|  |TAMS 0x000000008a800000, 0x000000008a800000| Untracked 
| 169|0x000000008a900000, 0x000000008a900000, 0x000000008aa00000|  0%| F|  |TAMS 0x000000008a900000, 0x000000008a900000| Untracked 
| 170|0x000000008aa00000, 0x000000008aa00000, 0x000000008ab00000|  0%| F|  |TAMS 0x000000008aa00000, 0x000000008aa00000| Untracked 
| 171|0x000000008ab00000, 0x000000008ab00000, 0x000000008ac00000|  0%| F|  |TAMS 0x000000008ab00000, 0x000000008ab00000| Untracked 
| 172|0x000000008ac00000, 0x000000008ac00000, 0x000000008ad00000|  0%| F|  |TAMS 0x000000008ac00000, 0x000000008ac00000| Untracked 
| 173|0x000000008ad00000, 0x000000008ad00000, 0x000000008ae00000|  0%| F|  |TAMS 0x000000008ad00000, 0x000000008ad00000| Untracked 
| 174|0x000000008ae00000, 0x000000008ae00000, 0x000000008af00000|  0%| F|  |TAMS 0x000000008ae00000, 0x000000008ae00000| Untracked 
| 175|0x000000008af00000, 0x000000008af00000, 0x000000008b000000|  0%| F|  |TAMS 0x000000008af00000, 0x000000008af00000| Untracked 
| 176|0x000000008b000000, 0x000000008b000000, 0x000000008b100000|  0%| F|  |TAMS 0x000000008b000000, 0x000000008b000000| Untracked 
| 177|0x000000008b100000, 0x000000008b100000, 0x000000008b200000|  0%| F|  |TAMS 0x000000008b100000, 0x000000008b100000| Untracked 
| 178|0x000000008b200000, 0x000000008b200000, 0x000000008b300000|  0%| F|  |TAMS 0x000000008b200000, 0x000000008b200000| Untracked 
| 179|0x000000008b300000, 0x000000008b300000, 0x000000008b400000|  0%| F|  |TAMS 0x000000008b300000, 0x000000008b300000| Untracked 
| 180|0x000000008b400000, 0x000000008b400000, 0x000000008b500000|  0%| F|  |TAMS 0x000000008b400000, 0x000000008b400000| Untracked 
| 181|0x000000008b500000, 0x000000008b500000, 0x000000008b600000|  0%| F|  |TAMS 0x000000008b500000, 0x000000008b500000| Untracked 
| 182|0x000000008b600000, 0x000000008b600000, 0x000000008b700000|  0%| F|  |TAMS 0x000000008b600000, 0x000000008b600000| Untracked 
| 183|0x000000008b700000, 0x000000008b700000, 0x000000008b800000|  0%| F|  |TAMS 0x000000008b700000, 0x000000008b700000| Untracked 
| 184|0x000000008b800000, 0x000000008b800000, 0x000000008b900000|  0%| F|  |TAMS 0x000000008b800000, 0x000000008b800000| Untracked 
| 185|0x000000008b900000, 0x000000008b900000, 0x000000008ba00000|  0%| F|  |TAMS 0x000000008b900000, 0x000000008b900000| Untracked 
| 186|0x000000008ba00000, 0x000000008ba00000, 0x000000008bb00000|  0%| F|  |TAMS 0x000000008ba00000, 0x000000008ba00000| Untracked 
| 187|0x000000008bb00000, 0x000000008bb00000, 0x000000008bc00000|  0%| F|  |TAMS 0x000000008bb00000, 0x000000008bb00000| Untracked 
| 188|0x000000008bc00000, 0x000000008bc00000, 0x000000008bd00000|  0%| F|  |TAMS 0x000000008bc00000, 0x000000008bc00000| Untracked 
| 189|0x000000008bd00000, 0x000000008bd00000, 0x000000008be00000|  0%| F|  |TAMS 0x000000008bd00000, 0x000000008bd00000| Untracked 
| 190|0x000000008be00000, 0x000000008be00000, 0x000000008bf00000|  0%| F|  |TAMS 0x000000008be00000, 0x000000008be00000| Untracked 
| 191|0x000000008bf00000, 0x000000008bf00000, 0x000000008c000000|  0%| F|  |TAMS 0x000000008bf00000, 0x000000008bf00000| Untracked 
| 192|0x000000008c000000, 0x000000008c000000, 0x000000008c100000|  0%| F|  |TAMS 0x000000008c000000, 0x000000008c000000| Untracked 
| 193|0x000000008c100000, 0x000000008c100000, 0x000000008c200000|  0%| F|  |TAMS 0x000000008c100000, 0x000000008c100000| Untracked 
| 194|0x000000008c200000, 0x000000008c200000, 0x000000008c300000|  0%| F|  |TAMS 0x000000008c200000, 0x000000008c200000| Untracked 
| 195|0x000000008c300000, 0x000000008c300000, 0x000000008c400000|  0%| F|  |TAMS 0x000000008c300000, 0x000000008c300000| Untracked 
| 196|0x000000008c400000, 0x000000008c400000, 0x000000008c500000|  0%| F|  |TAMS 0x000000008c400000, 0x000000008c400000| Untracked 
| 197|0x000000008c500000, 0x000000008c500000, 0x000000008c600000|  0%| F|  |TAMS 0x000000008c500000, 0x000000008c500000| Untracked 
| 198|0x000000008c600000, 0x000000008c600000, 0x000000008c700000|  0%| F|  |TAMS 0x000000008c600000, 0x000000008c600000| Untracked 
| 199|0x000000008c700000, 0x000000008c700000, 0x000000008c800000|  0%| F|  |TAMS 0x000000008c700000, 0x000000008c700000| Untracked 
| 200|0x000000008c800000, 0x000000008c800000, 0x000000008c900000|  0%| F|  |TAMS 0x000000008c800000, 0x000000008c800000| Untracked 
| 201|0x000000008c900000, 0x000000008c900000, 0x000000008ca00000|  0%| F|  |TAMS 0x000000008c900000, 0x000000008c900000| Untracked 
| 202|0x000000008ca00000, 0x000000008ca00000, 0x000000008cb00000|  0%| F|  |TAMS 0x000000008ca00000, 0x000000008ca00000| Untracked 
| 203|0x000000008cb00000, 0x000000008cb00000, 0x000000008cc00000|  0%| F|  |TAMS 0x000000008cb00000, 0x000000008cb00000| Untracked 
| 204|0x000000008cc00000, 0x000000008cc00000, 0x000000008cd00000|  0%| F|  |TAMS 0x000000008cc00000, 0x000000008cc00000| Untracked 
| 205|0x000000008cd00000, 0x000000008cd00000, 0x000000008ce00000|  0%| F|  |TAMS 0x000000008cd00000, 0x000000008cd00000| Untracked 
| 206|0x000000008ce00000, 0x000000008ce00000, 0x000000008cf00000|  0%| F|  |TAMS 0x000000008ce00000, 0x000000008ce00000| Untracked 
| 207|0x000000008cf00000, 0x000000008cf00000, 0x000000008d000000|  0%| F|  |TAMS 0x000000008cf00000, 0x000000008cf00000| Untracked 
| 208|0x000000008d000000, 0x000000008d000000, 0x000000008d100000|  0%| F|  |TAMS 0x000000008d000000, 0x000000008d000000| Untracked 
| 209|0x000000008d100000, 0x000000008d100000, 0x000000008d200000|  0%| F|  |TAMS 0x000000008d100000, 0x000000008d100000| Untracked 
| 210|0x000000008d200000, 0x000000008d200000, 0x000000008d300000|  0%| F|  |TAMS 0x000000008d200000, 0x000000008d200000| Untracked 
| 211|0x000000008d300000, 0x000000008d300000, 0x000000008d400000|  0%| F|  |TAMS 0x000000008d300000, 0x000000008d300000| Untracked 
| 212|0x000000008d400000, 0x000000008d400000, 0x000000008d500000|  0%| F|  |TAMS 0x000000008d400000, 0x000000008d400000| Untracked 
| 213|0x000000008d500000, 0x000000008d500000, 0x000000008d600000|  0%| F|  |TAMS 0x000000008d500000, 0x000000008d500000| Untracked 
| 214|0x000000008d600000, 0x000000008d600000, 0x000000008d700000|  0%| F|  |TAMS 0x000000008d600000, 0x000000008d600000| Untracked 
| 215|0x000000008d700000, 0x000000008d700000, 0x000000008d800000|  0%| F|  |TAMS 0x000000008d700000, 0x000000008d700000| Untracked 
| 216|0x000000008d800000, 0x000000008d800000, 0x000000008d900000|  0%| F|  |TAMS 0x000000008d800000, 0x000000008d800000| Untracked 
| 217|0x000000008d900000, 0x000000008d900000, 0x000000008da00000|  0%| F|  |TAMS 0x000000008d900000, 0x000000008d900000| Untracked 
| 218|0x000000008da00000, 0x000000008da00000, 0x000000008db00000|  0%| F|  |TAMS 0x000000008da00000, 0x000000008da00000| Untracked 
| 219|0x000000008db00000, 0x000000008db00000, 0x000000008dc00000|  0%| F|  |TAMS 0x000000008db00000, 0x000000008db00000| Untracked 
| 220|0x000000008dc00000, 0x000000008dc00000, 0x000000008dd00000|  0%| F|  |TAMS 0x000000008dc00000, 0x000000008dc00000| Untracked 
| 221|0x000000008dd00000, 0x000000008dd00000, 0x000000008de00000|  0%| F|  |TAMS 0x000000008dd00000, 0x000000008dd00000| Untracked 
| 222|0x000000008de00000, 0x000000008de00000, 0x000000008df00000|  0%| F|  |TAMS 0x000000008de00000, 0x000000008de00000| Untracked 
| 223|0x000000008df00000, 0x000000008df00000, 0x000000008e000000|  0%| F|  |TAMS 0x000000008df00000, 0x000000008df00000| Untracked 
| 224|0x000000008e000000, 0x000000008e000000, 0x000000008e100000|  0%| F|  |TAMS 0x000000008e000000, 0x000000008e000000| Untracked 
| 225|0x000000008e100000, 0x000000008e100000, 0x000000008e200000|  0%| F|  |TAMS 0x000000008e100000, 0x000000008e100000| Untracked 
| 226|0x000000008e200000, 0x000000008e200000, 0x000000008e300000|  0%| F|  |TAMS 0x000000008e200000, 0x000000008e200000| Untracked 
| 227|0x000000008e300000, 0x000000008e300000, 0x000000008e400000|  0%| F|  |TAMS 0x000000008e300000, 0x000000008e300000| Untracked 
| 228|0x000000008e400000, 0x000000008e400000, 0x000000008e500000|  0%| F|  |TAMS 0x000000008e400000, 0x000000008e400000| Untracked 
| 229|0x000000008e500000, 0x000000008e500000, 0x000000008e600000|  0%| F|  |TAMS 0x000000008e500000, 0x000000008e500000| Untracked 
| 230|0x000000008e600000, 0x000000008e600000, 0x000000008e700000|  0%| F|  |TAMS 0x000000008e600000, 0x000000008e600000| Untracked 
| 231|0x000000008e700000, 0x000000008e700000, 0x000000008e800000|  0%| F|  |TAMS 0x000000008e700000, 0x000000008e700000| Untracked 
| 232|0x000000008e800000, 0x000000008e800000, 0x000000008e900000|  0%| F|  |TAMS 0x000000008e800000, 0x000000008e800000| Untracked 
| 233|0x000000008e900000, 0x000000008e900000, 0x000000008ea00000|  0%| F|  |TAMS 0x000000008e900000, 0x000000008e900000| Untracked 
| 234|0x000000008ea00000, 0x000000008ea00000, 0x000000008eb00000|  0%| F|  |TAMS 0x000000008ea00000, 0x000000008ea00000| Untracked 
| 235|0x000000008eb00000, 0x000000008eb00000, 0x000000008ec00000|  0%| F|  |TAMS 0x000000008eb00000, 0x000000008eb00000| Untracked 
| 236|0x000000008ec00000, 0x000000008ec00000, 0x000000008ed00000|  0%| F|  |TAMS 0x000000008ec00000, 0x000000008ec00000| Untracked 
| 237|0x000000008ed00000, 0x000000008ed00000, 0x000000008ee00000|  0%| F|  |TAMS 0x000000008ed00000, 0x000000008ed00000| Untracked 
| 238|0x000000008ee00000, 0x000000008ee00000, 0x000000008ef00000|  0%| F|  |TAMS 0x000000008ee00000, 0x000000008ee00000| Untracked 
| 239|0x000000008ef00000, 0x000000008ef00000, 0x000000008f000000|  0%| F|  |TAMS 0x000000008ef00000, 0x000000008ef00000| Untracked 
| 240|0x000000008f000000, 0x000000008f000000, 0x000000008f100000|  0%| F|  |TAMS 0x000000008f000000, 0x000000008f000000| Untracked 
| 241|0x000000008f100000, 0x000000008f100000, 0x000000008f200000|  0%| F|  |TAMS 0x000000008f100000, 0x000000008f100000| Untracked 
| 242|0x000000008f200000, 0x000000008f200000, 0x000000008f300000|  0%| F|  |TAMS 0x000000008f200000, 0x000000008f200000| Untracked 
| 243|0x000000008f300000, 0x000000008f300000, 0x000000008f400000|  0%| F|  |TAMS 0x000000008f300000, 0x000000008f300000| Untracked 
| 244|0x000000008f400000, 0x000000008f400000, 0x000000008f500000|  0%| F|  |TAMS 0x000000008f400000, 0x000000008f400000| Untracked 
| 245|0x000000008f500000, 0x000000008f500000, 0x000000008f600000|  0%| F|  |TAMS 0x000000008f500000, 0x000000008f500000| Untracked 
| 246|0x000000008f600000, 0x000000008f600000, 0x000000008f700000|  0%| F|  |TAMS 0x000000008f600000, 0x000000008f600000| Untracked 
| 247|0x000000008f700000, 0x000000008f700000, 0x000000008f800000|  0%| F|  |TAMS 0x000000008f700000, 0x000000008f700000| Untracked 
| 248|0x000000008f800000, 0x000000008f800000, 0x000000008f900000|  0%| F|  |TAMS 0x000000008f800000, 0x000000008f800000| Untracked 
| 249|0x000000008f900000, 0x000000008f900000, 0x000000008fa00000|  0%| F|  |TAMS 0x000000008f900000, 0x000000008f900000| Untracked 
| 250|0x000000008fa00000, 0x000000008fa00000, 0x000000008fb00000|  0%| F|  |TAMS 0x000000008fa00000, 0x000000008fa00000| Untracked 
| 251|0x000000008fb00000, 0x000000008fb00000, 0x000000008fc00000|  0%| F|  |TAMS 0x000000008fb00000, 0x000000008fb00000| Untracked 
| 252|0x000000008fc00000, 0x000000008fc01010, 0x000000008fd00000|  0%| E|  |TAMS 0x000000008fc00000, 0x000000008fc00000| Complete 
| 253|0x000000008fd00000, 0x000000008fdff1b8, 0x000000008fe00000| 99%| E|  |TAMS 0x000000008fd00000, 0x000000008fd00000| Complete 
| 254|0x000000008fe00000, 0x000000008ff00000, 0x000000008ff00000|100%| E|CS|TAMS 0x000000008fe00000, 0x000000008fe00000| Complete 
| 255|0x000000008ff00000, 0x0000000090000000, 0x0000000090000000|100%| E|CS|TAMS 0x000000008ff00000, 0x000000008ff00000| Complete 

Card table byte_map: [0x0000014ca4d90000,0x0000014ca5190000] _byte_map_base: 0x0000014ca4990000

Marking Bits (Prev, Next): (CMBitMap*) 0x0000014c91ee50e0, (CMBitMap*) 0x0000014c91ee50a8
 Prev Bits: [0x0000014ca7590000, 0x0000014ca9590000)
 Next Bits: [0x0000014ca5590000, 0x0000014ca7590000)

Polling page: 0x0000014c8fdc0000

Metaspace:

Usage:
  Non-class:     84.60 MB capacity,    83.08 MB ( 98%) used,     1.26 MB (  1%) free+waste,   258.50 KB ( <1%) overhead. 
      Class:     13.11 MB capacity,    12.26 MB ( 93%) used,   754.63 KB (  6%) free+waste,   119.19 KB ( <1%) overhead. 
       Both:     97.71 MB capacity,    95.34 MB ( 98%) used,     2.00 MB (  2%) free+waste,   377.69 KB ( <1%) overhead. 

Virtual space:
  Non-class space:       86.00 MB reserved,      84.66 MB ( 98%) committed 
      Class space:        1.00 GB reserved,      13.13 MB (  1%) committed 
             Both:        1.08 GB reserved,      97.79 MB (  9%) committed 

Chunk freelists:
   Non-Class:  1.00 KB
       Class:  0 bytes
        Both:  1.00 KB

MaxMetaspaceSize: 17179869184.00 GB
CompressedClassSpaceSize: 1.00 GB

CodeHeap 'non-profiled nmethods': size=120064Kb used=5859Kb max_used=5859Kb free=114204Kb
 bounds [0x0000014c9d450000, 0x0000014c9da10000, 0x0000014ca4990000]
CodeHeap 'profiled nmethods': size=120000Kb used=22078Kb max_used=22078Kb free=97921Kb
 bounds [0x0000014c95f20000, 0x0000014c974b0000, 0x0000014c9d450000]
CodeHeap 'non-nmethods': size=5696Kb used=2317Kb max_used=2357Kb free=3378Kb
 bounds [0x0000014c95990000, 0x0000014c95c00000, 0x0000014c95f20000]
 total_blobs=10653 nmethods=9725 adapters=837
 compilation: enabled
              stopped_count=0, restarted_count=0
 full_count=0

Compilation events (20 events):
Event: 14.518 Thread 0x0000014cac38b800 nmethod 9747 0x0000014c97491c10 code [0x0000014c97491dc0, 0x0000014c97491f18]
Event: 14.519 Thread 0x0000014cac38b800 9748   !   3       java.util.concurrent.ConcurrentHashMap::replaceNode (437 bytes)
Event: 14.521 Thread 0x0000014cac38b800 nmethod 9748 0x0000014c97492010 code [0x0000014c974923a0, 0x0000014c97494318]
Event: 14.521 Thread 0x0000014cac38b800 9750       3       org.gradle.cache.internal.btree.BTreePersistentIndexedCache$DataBlock::setValue (45 bytes)
Event: 14.521 Thread 0x0000014cac38b800 nmethod 9750 0x0000014c97494f10 code [0x0000014c974951a0, 0x0000014c97495ca8]
Event: 14.521 Thread 0x0000014cac38b800 9751       3       org.gradle.internal.classloader.ClassLoaderSpec::<init> (5 bytes)
Event: 14.522 Thread 0x0000014cac38b800 nmethod 9751 0x0000014c97496110 code [0x0000014c974962c0, 0x0000014c97496418]
Event: 14.524 Thread 0x0000014cac38b800 9752       3       org.gradle.internal.snapshot.DirectorySnapshot$$Lambda$267/0x000000010044d840::apply (8 bytes)
Event: 14.524 Thread 0x0000014cac38b800 nmethod 9752 0x0000014c97496510 code [0x0000014c97496700, 0x0000014c97496bf8]
Event: 14.524 Thread 0x0000014cac38b800 9754       3       org.gradle.api.internal.changedetection.state.CachingFileHasher::hash (12 bytes)
Event: 14.524 Thread 0x0000014cac38b800 nmethod 9754 0x0000014c97496d90 code [0x0000014c97496f40, 0x0000014c974970a8]
Event: 14.524 Thread 0x0000014cac38b800 9753       3       org.gradle.internal.snapshot.DirectorySnapshot::lambda$new$0 (15 bytes)
Event: 14.524 Thread 0x0000014cac38b800 nmethod 9753 0x0000014c97497190 code [0x0000014c97497360, 0x0000014c974976d8]
Event: 14.524 Thread 0x0000014cac38b800 9755   !   3       org.gradle.api.internal.changedetection.state.GradleUserHomeScopeFileTimeStampInspector::timestampCanBeUsedToDetectFileChange (86 bytes)
Event: 14.525 Thread 0x0000014cac38b800 nmethod 9755 0x0000014c97497810 code [0x0000014c97497a00, 0x0000014c97498088]
Event: 14.525 Thread 0x0000014cac38b800 9756       3       org.gradle.api.internal.changedetection.state.CachingFileHasher$FileInfoSerializer::read (6 bytes)
Event: 14.525 Thread 0x0000014cac38b800 nmethod 9756 0x0000014c97498310 code [0x0000014c974984c0, 0x0000014c97498608]
Event: 14.526 Thread 0x0000014cac38b800 9757       3       java.util.function.Predicate$$Lambda$118/0x0000000100293040::test (13 bytes)
Event: 14.526 Thread 0x0000014cac38b800 nmethod 9757 0x0000014c97498690 code [0x0000014c97498880, 0x0000014c97498c58]
Event: 14.526 Thread 0x0000014cac38b800 9758       3       java.util.function.Predicate$$Lambda$113/0x0000000100294840::test (13 bytes)

GC Heap History (20 events):
Event: 2.826 GC heap before
{Heap before GC invocations=3 (full 0):
 garbage-first heap   total 262144K, used 77000K [0x0000000080000000, 0x0000000100000000)
  region size 1024K, 68 young (69632K), 4 survivors (4096K)
 Metaspace       used 20575K, capacity 21131K, committed 21248K, reserved 1067008K
  class space    used 2511K, capacity 2733K, committed 2816K, reserved 1048576K
}
Event: 2.832 GC heap after
{Heap after GC invocations=4 (full 0):
 garbage-first heap   total 262144K, used 17051K [0x0000000080000000, 0x0000000100000000)
  region size 1024K, 9 young (9216K), 9 survivors (9216K)
 Metaspace       used 20575K, capacity 21131K, committed 21248K, reserved 1067008K
  class space    used 2511K, capacity 2733K, committed 2816K, reserved 1048576K
}
Event: 3.960 GC heap before
{Heap before GC invocations=5 (full 0):
 garbage-first heap   total 262144K, used 130715K [0x0000000080000000, 0x0000000100000000)
  region size 1024K, 110 young (112640K), 9 survivors (9216K)
 Metaspace       used 30336K, capacity 31124K, committed 31360K, reserved 1077248K
  class space    used 4096K, capacity 4385K, committed 4480K, reserved 1048576K
}
Event: 3.968 GC heap after
{Heap after GC invocations=6 (full 0):
 garbage-first heap   total 262144K, used 33682K [0x0000000080000000, 0x0000000100000000)
  region size 1024K, 14 young (14336K), 14 survivors (14336K)
 Metaspace       used 30336K, capacity 31124K, committed 31360K, reserved 1077248K
  class space    used 4096K, capacity 4385K, committed 4480K, reserved 1048576K
}
Event: 4.269 GC heap before
{Heap before GC invocations=6 (full 0):
 garbage-first heap   total 262144K, used 49042K [0x0000000080000000, 0x0000000100000000)
  region size 1024K, 31 young (31744K), 14 survivors (14336K)
 Metaspace       used 34853K, capacity 35735K, committed 35840K, reserved 1081344K
  class space    used 4562K, capacity 4899K, committed 4992K, reserved 1048576K
}
Event: 4.278 GC heap after
{Heap after GC invocations=7 (full 0):
 garbage-first heap   total 262144K, used 36162K [0x0000000080000000, 0x0000000100000000)
  region size 1024K, 9 young (9216K), 9 survivors (9216K)
 Metaspace       used 34853K, capacity 35735K, committed 35840K, reserved 1081344K
  class space    used 4562K, capacity 4899K, committed 4992K, reserved 1048576K
}
Event: 5.524 GC heap before
{Heap before GC invocations=8 (full 0):
 garbage-first heap   total 262144K, used 163138K [0x0000000080000000, 0x0000000100000000)
  region size 1024K, 122 young (124928K), 9 survivors (9216K)
 Metaspace       used 45081K, capacity 46266K, committed 46336K, reserved 1089536K
  class space    used 5697K, capacity 6119K, committed 6144K, reserved 1048576K
}
Event: 5.542 GC heap after
{Heap after GC invocations=9 (full 0):
 garbage-first heap   total 262144K, used 53715K [0x0000000080000000, 0x0000000100000000)
  region size 1024K, 16 young (16384K), 16 survivors (16384K)
 Metaspace       used 45081K, capacity 46266K, committed 46336K, reserved 1089536K
  class space    used 5697K, capacity 6119K, committed 6144K, reserved 1048576K
}
Event: 6.965 GC heap before
{Heap before GC invocations=10 (full 0):
 garbage-first heap   total 262144K, used 185811K [0x0000000080000000, 0x0000000100000000)
  region size 1024K, 138 young (141312K), 16 survivors (16384K)
 Metaspace       used 51647K, capacity 53247K, committed 53504K, reserved 1095680K
  class space    used 6588K, capacity 7108K, committed 7168K, reserved 1048576K
}
Event: 6.982 GC heap after
{Heap after GC invocations=11 (full 0):
 garbage-first heap   total 262144K, used 72653K [0x0000000080000000, 0x0000000100000000)
  region size 1024K, 18 young (18432K), 18 survivors (18432K)
 Metaspace       used 51647K, capacity 53247K, committed 53504K, reserved 1095680K
  class space    used 6588K, capacity 7108K, committed 7168K, reserved 1048576K
}
Event: 8.410 GC heap before
{Heap before GC invocations=11 (full 0):
 garbage-first heap   total 262144K, used 191437K [0x0000000080000000, 0x0000000100000000)
  region size 1024K, 134 young (137216K), 18 survivors (18432K)
 Metaspace       used 65880K, capacity 67723K, committed 67968K, reserved 1107968K
  class space    used 8380K, capacity 8998K, committed 9088K, reserved 1048576K
}
Event: 8.426 GC heap after
{Heap after GC invocations=12 (full 0):
 garbage-first heap   total 262144K, used 80883K [0x0000000080000000, 0x0000000100000000)
  region size 1024K, 8 young (8192K), 8 survivors (8192K)
 Metaspace       used 65880K, capacity 67723K, committed 67968K, reserved 1107968K
  class space    used 8380K, capacity 8998K, committed 9088K, reserved 1048576K
}
Event: 9.517 GC heap before
{Heap before GC invocations=12 (full 0):
 garbage-first heap   total 262144K, used 197619K [0x0000000080000000, 0x0000000100000000)
  region size 1024K, 122 young (124928K), 8 survivors (8192K)
 Metaspace       used 73645K, capacity 75601K, committed 75776K, reserved 1114112K
  class space    used 9510K, capacity 10163K, committed 10240K, reserved 1048576K
}
Event: 9.531 GC heap after
{Heap after GC invocations=13 (full 0):
 garbage-first heap   total 262144K, used 89449K [0x0000000080000000, 0x0000000100000000)
  region size 1024K, 16 young (16384K), 16 survivors (16384K)
 Metaspace       used 73645K, capacity 75601K, committed 75776K, reserved 1114112K
  class space    used 9510K, capacity 10163K, committed 10240K, reserved 1048576K
}
Event: 9.797 GC heap before
{Heap before GC invocations=13 (full 0):
 garbage-first heap   total 262144K, used 124265K [0x0000000080000000, 0x0000000100000000)
  region size 1024K, 51 young (52224K), 16 survivors (16384K)
 Metaspace       used 75570K, capacity 77479K, committed 77568K, reserved 1116160K
  class space    used 9798K, capacity 10470K, committed 10496K, reserved 1048576K
}
Event: 9.812 GC heap after
{Heap after GC invocations=14 (full 0):
 garbage-first heap   total 262144K, used 90706K [0x0000000080000000, 0x0000000100000000)
  region size 1024K, 2 young (2048K), 2 survivors (2048K)
 Metaspace       used 75570K, capacity 77479K, committed 77568K, reserved 1116160K
  class space    used 9798K, capacity 10470K, committed 10496K, reserved 1048576K
}
Event: 11.370 GC heap before
{Heap before GC invocations=15 (full 0):
 garbage-first heap   total 262144K, used 199250K [0x0000000080000000, 0x0000000100000000)
  region size 1024K, 108 young (110592K), 2 survivors (2048K)
 Metaspace       used 84920K, capacity 87123K, committed 87204K, reserved 1124352K
  class space    used 10987K, capacity 11745K, committed 11776K, reserved 1048576K
}
Event: 11.381 GC heap after
{Heap after GC invocations=16 (full 0):
 garbage-first heap   total 262144K, used 96504K [0x0000000080000000, 0x0000000100000000)
  region size 1024K, 8 young (8192K), 8 survivors (8192K)
 Metaspace       used 84920K, capacity 87123K, committed 87204K, reserved 1124352K
  class space    used 10987K, capacity 11745K, committed 11776K, reserved 1048576K
}
Event: 14.485 GC heap before
{Heap before GC invocations=17 (full 0):
 garbage-first heap   total 262144K, used 203000K [0x0000000080000000, 0x0000000100000000)
  region size 1024K, 113 young (115712K), 8 survivors (8192K)
 Metaspace       used 97550K, capacity 100038K, committed 100132K, reserved 1136640K
  class space    used 12548K, capacity 13422K, committed 13440K, reserved 1048576K
}
Event: 14.505 GC heap after
{Heap after GC invocations=18 (full 0):
 garbage-first heap   total 262144K, used 105054K [0x0000000080000000, 0x0000000100000000)
  region size 1024K, 15 young (15360K), 15 survivors (15360K)
 Metaspace       used 97550K, capacity 100038K, committed 100132K, reserved 1136640K
  class space    used 12548K, capacity 13422K, committed 13440K, reserved 1048576K
}

Deoptimization events (20 events):
Event: 14.067 Thread 0x0000014cad809000 DEOPT PACKING pc=0x0000014c9d8d3338 sp=0x0000002607bf7230
Event: 14.067 Thread 0x0000014cad809000 DEOPT UNPACKING pc=0x0000014c959b78af sp=0x0000002607bf71c8 mode 2
Event: 14.236 Thread 0x0000014cad809000 Uncommon trap: trap_request=0xffffffc6 fr.pc=0x0000014c9d8d3338 relative=0x0000000000000178
Event: 14.236 Thread 0x0000014cad809000 Uncommon trap: reason=bimorphic_or_optimized_type_check action=maybe_recompile pc=0x0000014c9d8d3338 method=com.google.common.collect.ImmutableList.hashCode()I @ 23 c2
Event: 14.236 Thread 0x0000014cad809000 DEOPT PACKING pc=0x0000014c9d8d3338 sp=0x0000002607bf83c0
Event: 14.236 Thread 0x0000014cad809000 DEOPT UNPACKING pc=0x0000014c959b78af sp=0x0000002607bf8358 mode 2
Event: 14.321 Thread 0x0000014cad809000 DEOPT PACKING pc=0x0000014c97343df7 sp=0x0000002607bf8fe0
Event: 14.322 Thread 0x0000014cad809000 DEOPT UNPACKING pc=0x0000014c959b76ce sp=0x0000002607bf84e0 mode 0
Event: 14.437 Thread 0x0000014cb0dfc000 Uncommon trap: trap_request=0xffffff4d fr.pc=0x0000014c9d805d8c relative=0x00000000000003cc
Event: 14.437 Thread 0x0000014cb0dfc000 Uncommon trap: reason=unstable_if action=reinterpret pc=0x0000014c9d805d8c method=java.util.concurrent.ConcurrentHashMap.addCount(JI)V @ 97 c2
Event: 14.437 Thread 0x0000014cb0dfc000 DEOPT PACKING pc=0x0000014c9d805d8c sp=0x00000026091fc890
Event: 14.437 Thread 0x0000014cb0dfc000 DEOPT UNPACKING pc=0x0000014c959b78af sp=0x00000026091fc748 mode 2
Event: 14.519 Thread 0x0000014cb0df8000 Uncommon trap: trap_request=0xffffffde fr.pc=0x0000014c9d7052d0 relative=0x00000000000008b0
Event: 14.519 Thread 0x0000014cb0df8000 Uncommon trap: reason=class_check action=maybe_recompile pc=0x0000014c9d7052d0 method=org.gradle.internal.snapshot.SnapshotUtil$1.handleAsDescendantOfChild(Lorg/gradle/internal/snapshot/VfsRelativePath;Ljava/lang/Object;)Ljava/lang/Object; @ 3 c2
Event: 14.519 Thread 0x0000014cb0df8000 DEOPT PACKING pc=0x0000014c9d7052d0 sp=0x00000026092fcfc0
Event: 14.519 Thread 0x0000014cb0df8000 DEOPT UNPACKING pc=0x0000014c959b78af sp=0x00000026092fcf20 mode 2
Event: 14.523 Thread 0x0000014cb0df8800 Uncommon trap: trap_request=0xffffffde fr.pc=0x0000014c9d7052d0 relative=0x00000000000008b0
Event: 14.523 Thread 0x0000014cb0df8800 Uncommon trap: reason=class_check action=maybe_recompile pc=0x0000014c9d7052d0 method=org.gradle.internal.snapshot.SnapshotUtil$1.handleAsDescendantOfChild(Lorg/gradle/internal/snapshot/VfsRelativePath;Ljava/lang/Object;)Ljava/lang/Object; @ 3 c2
Event: 14.523 Thread 0x0000014cb0df8800 DEOPT PACKING pc=0x0000014c9d7052d0 sp=0x00000026094fd0c0
Event: 14.523 Thread 0x0000014cb0df8800 DEOPT UNPACKING pc=0x0000014c959b78af sp=0x00000026094fd020 mode 2

Classes redefined (0 events):
No events

Internal exceptions (20 events):
Event: 10.670 Thread 0x0000014cad809000 Exception <a 'java/lang/ClassNotFoundException'{0x000000008b9338f0}: java/util/AbstractMapCustomizer> (0x000000008b9338f0) thrown at [./src/hotspot/share/classfile/systemDictionary.cpp, line 231]
Event: 10.670 Thread 0x0000014cad809000 Exception <a 'java/lang/ClassNotFoundException'{0x000000008b946fa0}: java/util/HashMapCustomizer> (0x000000008b946fa0) thrown at [./src/hotspot/share/classfile/systemDictionary.cpp, line 231]
Event: 10.671 Thread 0x0000014cad809000 Exception <a 'java/lang/ClassNotFoundException'{0x000000008b968818}: java/util/LinkedHashMapCustomizer> (0x000000008b968818) thrown at [./src/hotspot/share/classfile/systemDictionary.cpp, line 231]
Event: 10.932 Thread 0x0000014cad809000 Exception <a 'sun/nio/fs/WindowsException'{0x000000008a73d738}> (0x000000008a73d738) thrown at [./src/hotspot/share/prims/jni.cpp, line 615]
Event: 10.932 Thread 0x0000014cad809000 Exception <a 'sun/nio/fs/WindowsException'{0x000000008a73dd00}> (0x000000008a73dd00) thrown at [./src/hotspot/share/prims/jni.cpp, line 615]
Event: 11.091 Thread 0x0000014cad809000 Exception <a 'java/lang/NullPointerException'{0x0000000089e5e0a0}> (0x0000000089e5e0a0) thrown at [./src/hotspot/share/interpreter/linkResolver.cpp, line 1440]
Event: 11.457 Thread 0x0000014cad809000 Exception <a 'java/lang/NoSuchMethodError'{0x000000008fbaa1a8}: 'int java.lang.invoke.DirectMethodHandle$Holder.invokeStatic(java.lang.Object, java.lang.Object, int, java.lang.Object)'> (0x000000008fbaa1a8) thrown at [./src/hotspot/share/interpreter/linkResolver.cpp, line 773]
Event: 11.526 Thread 0x0000014cad809000 Exception <a 'sun/nio/fs/WindowsException'{0x000000008f90dbf8}> (0x000000008f90dbf8) thrown at [./src/hotspot/share/prims/jni.cpp, line 615]
Event: 11.526 Thread 0x0000014cad809000 Exception <a 'sun/nio/fs/WindowsException'{0x000000008f90ef70}> (0x000000008f90ef70) thrown at [./src/hotspot/share/prims/jni.cpp, line 615]
Event: 11.526 Thread 0x0000014cad809000 Exception <a 'sun/nio/fs/WindowsException'{0x000000008f910338}> (0x000000008f910338) thrown at [./src/hotspot/share/prims/jni.cpp, line 615]
Event: 11.526 Thread 0x0000014cad809000 Exception <a 'sun/nio/fs/WindowsException'{0x000000008f911700}> (0x000000008f911700) thrown at [./src/hotspot/share/prims/jni.cpp, line 615]
Event: 11.783 Thread 0x0000014cad809000 Exception <a 'java/lang/reflect/InvocationTargetException'{0x000000008ea39eb0}> (0x000000008ea39eb0) thrown at [./src/hotspot/share/runtime/reflection.cpp, line 1247]
Event: 11.811 Thread 0x0000014cad809000 Implicit null exception at 0x0000014c9d876bbf to 0x0000014c9d876e08
Event: 12.052 Thread 0x0000014cad809000 Implicit null exception at 0x0000014c9d811114 to 0x0000014c9d811750
Event: 12.052 Thread 0x0000014cb0df8800 Implicit null exception at 0x0000014c9d811114 to 0x0000014c9d811750
Event: 12.062 Thread 0x0000014cb0df8800 Implicit null exception at 0x0000014c9d7731eb to 0x0000014c9d77320c
Event: 12.109 Thread 0x0000014cb0df8800 Exception <a 'sun/nio/fs/WindowsException'{0x000000008d14f7a0}> (0x000000008d14f7a0) thrown at [./src/hotspot/share/prims/jni.cpp, line 615]
Event: 14.406 Thread 0x0000014cb0df8800 Exception <a 'java/lang/NoSuchMethodError'{0x0000000089ca1bc0}: 'java.lang.Object java.lang.invoke.DirectMethodHandle$Holder.invokeSpecialIFC(java.lang.Object, java.lang.Object, java.lang.Object)'> (0x0000000089ca1bc0) thrown at [./src/hotspot/share/interpreter/linkResolver.cpp, line 773]
Event: 14.406 Thread 0x0000014cb0df8000 Exception <a 'java/lang/NoSuchMethodError'{0x0000000089cd4608}: 'java.lang.Object java.lang.invoke.DirectMethodHandle$Holder.invokeSpecialIFC(java.lang.Object, java.lang.Object, java.lang.Object)'> (0x0000000089cd4608) thrown at [./src/hotspot/share/interpreter/linkResolver.cpp, line 773]
Event: 14.456 Thread 0x0000014cb0df8800 Exception <a 'java/lang/NoSuchMethodError'{0x000000008987ec58}: 'int java.lang.invoke.DirectMethodHandle$Holder.invokeStaticInit(java.lang.Object, java.lang.Object, java.lang.Object, java.lang.Object, java.lang.Object)'> (0x000000008987ec58) thrown at [./src/hotspot/share/interpreter/linkResolver.cpp, line 773]

Events (20 events):
Event: 14.506 Executing VM operation: RevokeBias
Event: 14.506 Executing VM operation: RevokeBias done
Event: 14.506 loading class sun/security/ssl/Alert
Event: 14.507 loading class sun/security/ssl/Alert done
Event: 14.507 loading class sun/security/ssl/Alert$AlertConsumer
Event: 14.507 loading class sun/security/ssl/Alert$AlertConsumer done
Event: 14.519 loading class org/gradle/internal/snapshot/VfsRelativePath
Event: 14.519 loading class org/gradle/internal/snapshot/VfsRelativePath done
Event: 14.519 loading class org/gradle/internal/snapshot/MetadataSnapshot
Event: 14.519 loading class org/gradle/internal/snapshot/MetadataSnapshot done
Event: 14.519 loading class org/gradle/internal/snapshot/VfsRelativePath
Event: 14.519 loading class org/gradle/internal/snapshot/VfsRelativePath done
Event: 14.522 loading class org/gradle/internal/snapshot/RelativePathTracker
Event: 14.522 loading class org/gradle/internal/snapshot/RelativePathTracker done
Event: 14.522 loading class org/gradle/internal/snapshot/FileSystemLocationSnapshot
Event: 14.522 loading class org/gradle/internal/snapshot/FileSystemLocationSnapshot done
Event: 14.522 loading class org/gradle/internal/snapshot/RelativePathTracker
Event: 14.522 loading class org/gradle/internal/snapshot/RelativePathTracker done
Event: 14.526 Executing VM operation: RevokeBias
Event: 14.526 Executing VM operation: RevokeBias done


Dynamic libraries:
0x00007ff6ba730000 - 0x00007ff6ba73a000 	C:\Program Files\Android\Android Studio\jre\bin\java.exe
0x00007ffa59550000 - 0x00007ffa59745000 	C:\WINDOWS\SYSTEM32\ntdll.dll
0x00007ffa58ee0000 - 0x00007ffa58f9d000 	C:\WINDOWS\System32\KERNEL32.DLL
0x00007ffa56c80000 - 0x00007ffa56f49000 	C:\WINDOWS\System32\KERNELBASE.dll
0x00007ffa574b0000 - 0x00007ffa575b0000 	C:\WINDOWS\System32\ucrtbase.dll
0x00007ffa38c90000 - 0x00007ffa38ca7000 	C:\Program Files\Android\Android Studio\jre\bin\VCRUNTIME140.dll
0x00007ff9f9450000 - 0x00007ff9f9469000 	C:\Program Files\Android\Android Studio\jre\bin\jli.dll
0x00007ffa587d0000 - 0x00007ffa58970000 	C:\WINDOWS\System32\USER32.dll
0x00007ffa57060000 - 0x00007ffa57082000 	C:\WINDOWS\System32\win32u.dll
0x00007ffa47010000 - 0x00007ffa472aa000 	C:\WINDOWS\WinSxS\amd64_microsoft.windows.common-controls_6595b64144ccf1df_6.0.19041.1110_none_60b5254171f9507e\COMCTL32.dll
0x00007ffa57ac0000 - 0x00007ffa57aea000 	C:\WINDOWS\System32\GDI32.dll
0x00007ffa58d00000 - 0x00007ffa58d9e000 	C:\WINDOWS\System32\msvcrt.dll
0x00007ffa572b0000 - 0x00007ffa573bb000 	C:\WINDOWS\System32\gdi32full.dll
0x00007ffa57410000 - 0x00007ffa574ad000 	C:\WINDOWS\System32\msvcp_win.dll
0x00007ffa58970000 - 0x00007ffa589a0000 	C:\WINDOWS\System32\IMM32.DLL
0x00007ff9e4410000 - 0x00007ff9e44ad000 	C:\Program Files\Android\Android Studio\jre\bin\msvcp140.dll
0x00007ff9f8960000 - 0x00007ff9f942f000 	C:\Program Files\Android\Android Studio\jre\bin\server\jvm.dll
0x00007ffa575d0000 - 0x00007ffa5767c000 	C:\WINDOWS\System32\ADVAPI32.dll
0x00007ffa57af0000 - 0x00007ffa57b8b000 	C:\WINDOWS\System32\sechost.dll
0x00007ffa58500000 - 0x00007ffa5862a000 	C:\WINDOWS\System32\RPCRT4.dll
0x00007ffa59420000 - 0x00007ffa59428000 	C:\WINDOWS\System32\PSAPI.DLL
0x00007ffa42db0000 - 0x00007ffa42db9000 	C:\WINDOWS\SYSTEM32\WSOCK32.dll
0x00007ffa58690000 - 0x00007ffa586fb000 	C:\WINDOWS\System32\WS2_32.dll
0x00007ffa4e030000 - 0x00007ffa4e057000 	C:\WINDOWS\SYSTEM32\WINMM.dll
0x00007ffa4fac0000 - 0x00007ffa4faca000 	C:\WINDOWS\SYSTEM32\VERSION.dll
0x00007ffa54bb0000 - 0x00007ffa54bc2000 	C:\WINDOWS\SYSTEM32\kernel.appcore.dll
0x00007ffa32ac0000 - 0x00007ffa32ad1000 	C:\Program Files\Android\Android Studio\jre\bin\verify.dll
0x00007ffa50620000 - 0x00007ffa50804000 	C:\WINDOWS\SYSTEM32\DBGHELP.DLL
0x00007ffa47950000 - 0x00007ffa4797c000 	C:\WINDOWS\SYSTEM32\dbgcore.DLL
0x00007ffa57220000 - 0x00007ffa572a3000 	C:\WINDOWS\System32\bcryptPrimitives.dll
0x00007ffa32a90000 - 0x00007ffa32ab9000 	C:\Program Files\Android\Android Studio\jre\bin\java.dll
0x00007ffa38de0000 - 0x00007ffa38deb000 	C:\Program Files\Android\Android Studio\jre\bin\jimage.dll
0x00007ffa32a70000 - 0x00007ffa32a88000 	C:\Program Files\Android\Android Studio\jre\bin\zip.dll
0x00007ffa57db0000 - 0x00007ffa584ef000 	C:\WINDOWS\System32\SHELL32.dll
0x00007ffa54db0000 - 0x00007ffa55540000 	C:\WINDOWS\SYSTEM32\windows.storage.dll
0x00007ffa57680000 - 0x00007ffa579d5000 	C:\WINDOWS\System32\combase.dll
0x00007ffa566e0000 - 0x00007ffa5670c000 	C:\WINDOWS\SYSTEM32\Wldp.dll
0x00007ffa57b90000 - 0x00007ffa57c3e000 	C:\WINDOWS\System32\SHCORE.dll
0x00007ffa57c40000 - 0x00007ffa57c95000 	C:\WINDOWS\System32\shlwapi.dll
0x00007ffa56bc0000 - 0x00007ffa56bdf000 	C:\WINDOWS\SYSTEM32\profapi.dll
0x00007ffa32a50000 - 0x00007ffa32a6a000 	C:\Program Files\Android\Android Studio\jre\bin\net.dll
0x00007ffa4bb10000 - 0x00007ffa4bc18000 	C:\WINDOWS\SYSTEM32\WINHTTP.dll
0x00007ffa56440000 - 0x00007ffa564aa000 	C:\WINDOWS\system32\mswsock.dll
0x00007ffa31830000 - 0x00007ffa31844000 	C:\Program Files\Android\Android Studio\jre\bin\nio.dll
0x00007ff9f61a0000 - 0x00007ff9f61c7000 	C:\Users\danie\.gradle\native\8bec1ad78214c89d9ad589b4d07fe93259594b29d510b10fafb7a158f7737e5d\windows-amd64\native-platform.dll
0x00007ff9ed660000 - 0x00007ff9ed79d000 	C:\Users\danie\.gradle\native\53dbd7edfb1c66fb8903c78663c9afc45aea4f116125fa6feffd364cf09443e8\windows-amd64\native-platform-file-events.dll
0x00007ffa38660000 - 0x00007ffa3866a000 	C:\Program Files\Android\Android Studio\jre\bin\management.dll
0x00007ffa34530000 - 0x00007ffa3453c000 	C:\Program Files\Android\Android Studio\jre\bin\management_ext.dll
0x00007ffa56630000 - 0x00007ffa56648000 	C:\WINDOWS\SYSTEM32\CRYPTSP.dll
0x00007ffa55d50000 - 0x00007ffa55d84000 	C:\WINDOWS\system32\rsaenh.dll
0x00007ffa57090000 - 0x00007ffa570b7000 	C:\WINDOWS\System32\bcrypt.dll
0x00007ffa56b80000 - 0x00007ffa56bae000 	C:\WINDOWS\SYSTEM32\USERENV.dll
0x00007ffa56650000 - 0x00007ffa5665c000 	C:\WINDOWS\SYSTEM32\CRYPTBASE.dll
0x00007ffa560e0000 - 0x00007ffa5611b000 	C:\WINDOWS\SYSTEM32\IPHLPAPI.DLL
0x00007ffa584f0000 - 0x00007ffa584f8000 	C:\WINDOWS\System32\NSI.dll
0x00007ffa505f0000 - 0x00007ffa50607000 	C:\WINDOWS\SYSTEM32\dhcpcsvc6.DLL
0x00007ffa505d0000 - 0x00007ffa505ed000 	C:\WINDOWS\SYSTEM32\dhcpcsvc.DLL
0x00007ffa56120000 - 0x00007ffa561ec000 	C:\WINDOWS\SYSTEM32\DNSAPI.dll
0x00007ffa2dd50000 - 0x00007ffa2dd77000 	C:\Program Files\Android\Android Studio\jre\bin\sunec.dll
0x00007ffa4b780000 - 0x00007ffa4b78a000 	C:\Windows\System32\rasadhlp.dll
0x00007ffa4b6b0000 - 0x00007ffa4b72f000 	C:\WINDOWS\System32\fwpuclnt.dll
0x00007ffa31090000 - 0x00007ffa310e5000 	C:\WINDOWS\SYSTEM32\symsrv.dll

dbghelp: loaded successfully - version: 4.0.5 - missing functions: none
symbol engine: initialized successfully - sym options: 0x614 - pdb path: .;C:\Program Files\Android\Android Studio\jre\bin;C:\WINDOWS\SYSTEM32;C:\WINDOWS\WinSxS\amd64_microsoft.windows.common-controls_6595b64144ccf1df_6.0.19041.1110_none_60b5254171f9507e;C:\Program Files\Android\Android Studio\jre\bin\server;C:\Users\danie\.gradle\native\8bec1ad78214c89d9ad589b4d07fe93259594b29d510b10fafb7a158f7737e5d\windows-amd64;C:\Users\danie\.gradle\native\53dbd7edfb1c66fb8903c78663c9afc45aea4f116125fa6feffd364cf09443e8\windows-amd64

VM Arguments:
jvm_args: --add-opens=java.base/java.util=ALL-UNNAMED --add-opens=java.base/java.lang=ALL-UNNAMED --add-opens=java.base/java.lang.invoke=ALL-UNNAMED --add-opens=java.base/java.util=ALL-UNNAMED --add-opens=java.prefs/java.util.prefs=ALL-UNNAMED --add-opens=java.prefs/java.util.prefs=ALL-UNNAMED --add-opens=java.base/java.nio.charset=ALL-UNNAMED --add-opens=java.base/java.net=ALL-UNNAMED --add-opens=java.base/java.util.concurrent.atomic=ALL-UNNAMED -Xmx2048m -Dfile.encoding=UTF-8 -Duser.country=NZ -Duser.language=en -Duser.variant 
java_command: org.gradle.launcher.daemon.bootstrap.GradleDaemon 7.0.2
java_class_path (initial): C:\Users\danie\.gradle\wrapper\dists\gradle-7.0.2-bin\857tjihv64xamwrf0h14cai3r\gradle-7.0.2\lib\gradle-launcher-7.0.2.jar
Launcher Type: SUN_STANDARD

[Global flags]
     intx CICompilerCount                          = 3                                         {product} {ergonomic}
     uint ConcGCThreads                            = 1                                         {product} {ergonomic}
     uint G1ConcRefinementThreads                  = 4                                         {product} {ergonomic}
   size_t G1HeapRegionSize                         = 1048576                                   {product} {ergonomic}
    uintx GCDrainStackTargetSize                   = 64                                        {product} {ergonomic}
   size_t InitialHeapSize                          = 268435456                                 {product} {ergonomic}
   size_t MarkStackSize                            = 4194304                                   {product} {ergonomic}
   size_t MaxHeapSize                              = 2147483648                                {product} {command line}
   size_t MaxNewSize                               = 1287651328                                {product} {ergonomic}
   size_t MinHeapDeltaBytes                        = 1048576                                   {product} {ergonomic}
    uintx NonNMethodCodeHeapSize                   = 5830732                                {pd product} {ergonomic}
    uintx NonProfiledCodeHeapSize                  = 122913754                              {pd product} {ergonomic}
    uintx ProfiledCodeHeapSize                     = 122913754                              {pd product} {ergonomic}
    uintx ReservedCodeCacheSize                    = 251658240                              {pd product} {ergonomic}
     bool SegmentedCodeCache                       = true                                      {product} {ergonomic}
     bool UseCompressedClassPointers               = true                                 {lp64_product} {ergonomic}
     bool UseCompressedOops                        = true                                 {lp64_product} {ergonomic}
     bool UseG1GC                                  = true                                      {product} {ergonomic}
     bool UseLargePagesIndividualAllocation        = false                                  {pd product} {ergonomic}

Logging:
Log output configuration:
 #0: stdout all=warning uptime,level,tags
 #1: stderr all=off uptime,level,tags

Environment Variables:
PATH=C:\Python39\Scripts\;C:\Python39\;C:\Program Files (x86)\NVIDIA Corporation\PhysX\Common;C:\Program Files (x86)\Common Files\Oracle\Java\javapath;C:\WINDOWS\system32;C:\WINDOWS;C:\WINDOWS\System32\Wbem;C:\WINDOWS\System32\WindowsPowerShell\v1.0\;C:\WINDOWS\System32\OpenSSH\;C:\Program Files\Microsoft SQL Server\130\Tools\Binn\;C:\ProgramData\chocolatey\bin;C:\Program Files (x86)\IVI Foundation\VISA\WinNT\Bin;C:\Program Files\Git\cmd;C:\Program Files\nodejs\;C:\Users\danie\AppData\Local\Microsoft\WindowsApps;;C:\Users\danie\AppData\Local\Programs\Microsoft VS Code\bin;C:\Users\danie\AppData\Roaming\npm
USERNAME=danie
OS=Windows_NT
PROCESSOR_IDENTIFIER=AMD64 Family 23 Model 24 Stepping 1, AuthenticAMD



---------------  S Y S T E M  ---------------

OS: Windows 10 , 64 bit Build 19041 (10.0.19041.1151)
OS uptime: 0 days 21:03 hours

CPU:total 4 (initial active 4) (4 cores per cpu, 1 threads per core) family 23 model 24 stepping 1 microcode 0x0, cmov, cx8, fxsr, mmx, sse, sse2, sse3, ssse3, sse4.1, sse4.2, popcnt, avx, avx2, aes, clmul, mmxext, 3dnowpref, lzcnt, sse4a, tsc, tscinvbit, tscinv, bmi1, bmi2, adx, sha, 

Memory: 4k page, system-wide physical 16312M (4418M free)
TotalPageFile size 16312M (AvailPageFile size 5M)
current process WorkingSet (physical memory assigned to process): 509M, peak: 509M
current process commit charge ("private bytes"): 552M, peak: 554M

vm_info: OpenJDK 64-Bit Server VM (11.0.10+0-b96-7249189) for windows-amd64 JRE (11.0.10+0-b96-7249189), built on Mar 31 2021 21:44:00 by "builder" with MS VC++ 14.0 (VS2015)

END.
