#
# There is insufficient memory for the Java Runtime Environment to continue.
# Native memory allocation (malloc) failed to allocate 1036016 bytes for Chunk::new
# Possible reasons:
#   The system is out of physical RAM or swap space
#   The process is running with CompressedOops enabled, and the Java Heap may be blocking the growth of the native heap
# Possible solutions:
#   Reduce memory load on the system
#   Increase physical memory or swap space
#   Check if swap backing store is full
#   Decrease Java heap size (-Xmx/-Xms)
#   Decrease number of Java threads
#   Decrease Java thread stack sizes (-Xss)
#   Set larger code cache with -XX:ReservedCodeCacheSize=
#   JVM is running with Unscaled Compressed Oops mode in which the Java heap is
#     placed in the first 4GB address space. The Java Heap base address is the
#     maximum limit for the native heap growth. Please use -XX:HeapBaseMinAddress
#     to set the Java Heap base and to place the Java Heap above 4GB virtual address.
# This output file may be truncated or incomplete.
#
#  Out of Memory Error (./src/hotspot/share/memory/arena.cpp:197), pid=1660, tid=6828
#
# JRE version: OpenJDK Runtime Environment (11.0.10) (build 11.0.10+0-b96-7249189)
# Java VM: OpenJDK 64-Bit Server VM (11.0.10+0-b96-7249189, mixed mode, tiered, compressed oops, g1 gc, windows-amd64)
# No core dump will be written. Minidumps are not enabled by default on client versions of Windows
#

---------------  S U M M A R Y ------------

Command Line: --add-opens=java.base/java.util=ALL-UNNAMED --add-opens=java.base/java.lang=ALL-UNNAMED --add-opens=java.base/java.lang.invoke=ALL-UNNAMED --add-opens=java.base/java.util=ALL-UNNAMED --add-opens=java.prefs/java.util.prefs=ALL-UNNAMED --add-opens=java.prefs/java.util.prefs=ALL-UNNAMED --add-opens=java.base/java.nio.charset=ALL-UNNAMED --add-opens=java.base/java.net=ALL-UNNAMED --add-opens=java.base/java.util.concurrent.atomic=ALL-UNNAMED -Xmx2048m -Dfile.encoding=UTF-8 -Duser.country=NZ -Duser.language=en -Duser.variant org.gradle.launcher.daemon.bootstrap.GradleDaemon 7.0.2

Host: AMD Ryzen 3 3200G with Radeon Vega Graphics    , 4 cores, 15G,  Windows 10 , 64 bit Build 19041 (10.0.19041.1151)
Time: Wed Sep  1 18:58:20 2021 New Zealand Standard Time elapsed time: 5.881432 seconds (0d 0h 0m 5s)

---------------  T H R E A D  ---------------

Current thread (0x00000251fd7b7000):  JavaThread "C2 CompilerThread1" daemon [_thread_in_native, id=6828, stack(0x00000078d3800000,0x00000078d3900000)]


Current CompileTask:
C2:   5881 3819       4       org.codehaus.groovy.runtime.metaclass.MetaMethodIndex::addMethodToList (131 bytes)

Stack: [0x00000078d3800000,0x00000078d3900000]
Native frames: (J=compiled Java code, j=interpreted, Vv=VM code, C=native code)
V  [jvm.dll+0x5ecfaa]
V  [jvm.dll+0x722bd5]
V  [jvm.dll+0x72412d]
V  [jvm.dll+0x7247e3]
V  [jvm.dll+0x242928]
V  [jvm.dll+0xbc4fc]
V  [jvm.dll+0xbca0c]
V  [jvm.dll+0x352d7d]
V  [jvm.dll+0x19800c]
V  [jvm.dll+0x1fb70e]
V  [jvm.dll+0x1fa7f4]
V  [jvm.dll+0x18354c]
V  [jvm.dll+0x208ee7]
V  [jvm.dll+0x207731]
V  [jvm.dll+0x6eb1cf]
V  [jvm.dll+0x6e3d45]
V  [jvm.dll+0x5ebe96]
C  [ucrtbase.dll+0x21bb2]
C  [KERNEL32.DLL+0x17034]
C  [ntdll.dll+0x52651]


---------------  P R O C E S S  ---------------

Threads class SMR info:
_java_thread_list=0x00000251ff27a950, length=36, elements={
0x00000251efc9d000, 0x00000251fb0e2800, 0x00000251fb0e4000, 0x00000251fb143800,
0x00000251fb144800, 0x00000251fb147800, 0x00000251fb14e800, 0x00000251fb150000,
0x00000251fb154000, 0x00000251fb2a3800, 0x00000251fccaf800, 0x00000251fcffc800,
0x00000251fb380000, 0x00000251fd4d6800, 0x00000251fc9c7800, 0x00000251fca6f000,
0x00000251fc849800, 0x00000251fd40f000, 0x00000251fd40f800, 0x00000251fcb39800,
0x00000251fcb39000, 0x00000251fcb3a800, 0x00000251fcb38000, 0x00000251fe751800,
0x00000251fd7b7000, 0x00000251fe754000, 0x00000251fe755000, 0x00000251fe751000,
0x00000251fe756800, 0x00000251fe752800, 0x00000251fe755800, 0x00000251fe757800,
0x00000251fe758000, 0x00000251fe759000, 0x00000251fe753000, 0x00000251fe75b800
}

Java Threads: ( => current thread )
  0x00000251efc9d000 JavaThread "main" [_thread_blocked, id=11448, stack(0x00000078d1600000,0x00000078d1700000)]
  0x00000251fb0e2800 JavaThread "Reference Handler" daemon [_thread_blocked, id=4500, stack(0x00000078d1d00000,0x00000078d1e00000)]
  0x00000251fb0e4000 JavaThread "Finalizer" daemon [_thread_blocked, id=10532, stack(0x00000078d1e00000,0x00000078d1f00000)]
  0x00000251fb143800 JavaThread "Signal Dispatcher" daemon [_thread_blocked, id=4964, stack(0x00000078d1f00000,0x00000078d2000000)]
  0x00000251fb144800 JavaThread "Attach Listener" daemon [_thread_blocked, id=12620, stack(0x00000078d2000000,0x00000078d2100000)]
  0x00000251fb147800 JavaThread "Service Thread" daemon [_thread_blocked, id=4408, stack(0x00000078d2100000,0x00000078d2200000)]
  0x00000251fb14e800 JavaThread "C2 CompilerThread0" daemon [_thread_in_native, id=8728, stack(0x00000078d2200000,0x00000078d2300000)]
  0x00000251fb150000 JavaThread "C1 CompilerThread0" daemon [_thread_in_vm, id=8320, stack(0x00000078d2300000,0x00000078d2400000)]
  0x00000251fb154000 JavaThread "Sweeper thread" daemon [_thread_blocked, id=5216, stack(0x00000078d2400000,0x00000078d2500000)]
  0x00000251fb2a3800 JavaThread "Common-Cleaner" daemon [_thread_blocked, id=7488, stack(0x00000078d2500000,0x00000078d2600000)]
  0x00000251fccaf800 JavaThread "Daemon health stats" [_thread_blocked, id=5320, stack(0x00000078d2b00000,0x00000078d2c00000)]
  0x00000251fcffc800 JavaThread "Incoming local TCP Connector on port 57415" [_thread_in_native, id=3292, stack(0x00000078d2700000,0x00000078d2800000)]
  0x00000251fb380000 JavaThread "Daemon periodic checks" [_thread_blocked, id=3784, stack(0x00000078d2c00000,0x00000078d2d00000)]
  0x00000251fd4d6800 JavaThread "Daemon" [_thread_blocked, id=3308, stack(0x00000078d2d00000,0x00000078d2e00000)]
  0x00000251fc9c7800 JavaThread "Handler for socket connection from /127.0.0.1:57415 to /127.0.0.1:57416" [_thread_in_native, id=11180, stack(0x00000078d2e00000,0x00000078d2f00000)]
  0x00000251fca6f000 JavaThread "Cancel handler" [_thread_blocked, id=8812, stack(0x00000078d2f00000,0x00000078d3000000)]
  0x00000251fc849800 JavaThread "Daemon worker" [_thread_in_vm, id=128, stack(0x00000078d3000000,0x00000078d3100000)]
  0x00000251fd40f000 JavaThread "Asynchronous log dispatcher for DefaultDaemonConnection: socket connection from /127.0.0.1:57415 to /127.0.0.1:57416" [_thread_blocked, id=6592, stack(0x00000078d3100000,0x00000078d3200000)]
  0x00000251fd40f800 JavaThread "Stdin handler" [_thread_blocked, id=12184, stack(0x00000078d3200000,0x00000078d3300000)]
  0x00000251fcb39800 JavaThread "Daemon client event forwarder" [_thread_blocked, id=32, stack(0x00000078d3300000,0x00000078d3400000)]
  0x00000251fcb39000 JavaThread "Cache worker for file hash cache (C:\Users\danie\.gradle\caches\7.0.2\fileHashes)" [_thread_blocked, id=5492, stack(0x00000078d3400000,0x00000078d3500000)]
  0x00000251fcb3a800 JavaThread "File lock request listener" [_thread_in_native, id=9672, stack(0x00000078d3500000,0x00000078d3600000)]
  0x00000251fcb38000 JavaThread "Cache worker for journal cache (C:\Users\danie\.gradle\caches\journal-1)" [_thread_blocked, id=1452, stack(0x00000078d3600000,0x00000078d3700000)]
  0x00000251fe751800 JavaThread "Cache worker for file hash cache (C:\Users\danie\AndroidStudioProjects\Choice\.gradle\7.0.2\fileHashes)" [_thread_blocked, id=12340, stack(0x00000078d3700000,0x00000078d3800000)]
=>0x00000251fd7b7000 JavaThread "C2 CompilerThread1" daemon [_thread_in_native, id=6828, stack(0x00000078d3800000,0x00000078d3900000)]
  0x00000251fe754000 JavaThread "File watcher server" daemon [_thread_in_native, id=11728, stack(0x00000078d3900000,0x00000078d3a00000)]
  0x00000251fe755000 JavaThread "File watcher consumer" daemon [_thread_blocked, id=1548, stack(0x00000078d3a00000,0x00000078d3b00000)]
  0x00000251fe751000 JavaThread "jar transforms" [_thread_blocked, id=3880, stack(0x00000078d3b00000,0x00000078d3c00000)]
  0x00000251fe756800 JavaThread "jar transforms Thread 2" [_thread_blocked, id=7644, stack(0x00000078d3c00000,0x00000078d3d00000)]
  0x00000251fe752800 JavaThread "jar transforms Thread 3" [_thread_blocked, id=6536, stack(0x00000078d3d00000,0x00000078d3e00000)]
  0x00000251fe755800 JavaThread "jar transforms Thread 4" [_thread_blocked, id=4684, stack(0x00000078d3e00000,0x00000078d3f00000)]
  0x00000251fe757800 JavaThread "Cache worker for checksums cache (C:\Users\danie\AndroidStudioProjects\Choice\.gradle\checksums)" [_thread_blocked, id=5020, stack(0x00000078d3f00000,0x00000078d4000000)]
  0x00000251fe758000 JavaThread "Cache worker for cache directory md-supplier (C:\Users\danie\.gradle\caches\7.0.2\md-supplier)" [_thread_blocked, id=3920, stack(0x00000078d4000000,0x00000078d4100000)]
  0x00000251fe759000 JavaThread "Cache worker for cache directory md-rule (C:\Users\danie\.gradle\caches\7.0.2\md-rule)" [_thread_blocked, id=7568, stack(0x00000078d4100000,0x00000078d4200000)]
  0x00000251fe753000 JavaThread "Cache worker for execution history cache (C:\Users\danie\.gradle\caches\7.0.2\executionHistory)" [_thread_blocked, id=9892, stack(0x00000078d4200000,0x00000078d4300000)]
  0x00000251fe75b800 JavaThread "Cache worker for file content cache (C:\Users\danie\.gradle\caches\7.0.2\fileContent)" [_thread_blocked, id=11016, stack(0x00000078d4300000,0x00000078d4400000)]

Other Threads:
  0x00000251fa8b2000 VMThread "VM Thread" [stack: 0x00000078d1c00000,0x00000078d1d00000] [id=8016]
  0x00000251fb2c2800 WatcherThread [stack: 0x00000078d2600000,0x00000078d2700000] [id=5804]
  0x00000251efcb6800 GCTaskThread "GC Thread#0" [stack: 0x00000078d1700000,0x00000078d1800000] [id=7320]
  0x00000251fb8f4000 GCTaskThread "GC Thread#1" [stack: 0x00000078d2800000,0x00000078d2900000] [id=2996]
  0x00000251fb7a3800 GCTaskThread "GC Thread#2" [stack: 0x00000078d2900000,0x00000078d2a00000] [id=12788]
  0x00000251fb7a4000 GCTaskThread "GC Thread#3" [stack: 0x00000078d2a00000,0x00000078d2b00000] [id=6572]
  0x00000251efce6800 ConcurrentGCThread "G1 Main Marker" [stack: 0x00000078d1800000,0x00000078d1900000] [id=1056]
  0x00000251efce8000 ConcurrentGCThread "G1 Conc#0" [stack: 0x00000078d1900000,0x00000078d1a00000] [id=11432]
  0x00000251fa722800 ConcurrentGCThread "G1 Refine#0" [stack: 0x00000078d1a00000,0x00000078d1b00000] [id=4088]
  0x00000251fa723800 ConcurrentGCThread "G1 Young RemSet Sampling" [stack: 0x00000078d1b00000,0x00000078d1c00000] [id=9820]

Threads with active compile tasks:
C2 CompilerThread0   5896 3776       4       org.codehaus.groovy.reflection.CachedMethod::compareTo (25 bytes)
C2 CompilerThread1   5896 3819       4       org.codehaus.groovy.runtime.metaclass.MetaMethodIndex::addMethodToList (131 bytes)

VM state:not at safepoint (normal execution)

VM Mutex/Monitor currently owned by a thread: None

Heap address: 0x0000000080000000, size: 2048 MB, Compressed Oops mode: 32-bit
Narrow klass base: 0x0000000000000000, Narrow klass shift: 3
Compressed class space size: 1073741824 Address: 0x0000000100000000

Heap:
 garbage-first heap   total 262144K, used 136029K [0x0000000080000000, 0x0000000100000000)
  region size 1024K, 98 young (100352K), 9 survivors (9216K)
 Metaspace       used 42582K, capacity 43785K, committed 43904K, reserved 1087488K
  class space    used 5477K, capacity 5912K, committed 6016K, reserved 1048576K
Heap Regions: E=young(eden), S=young(survivor), O=old, HS=humongous(starts), HC=humongous(continues), CS=collection set, F=free, A=archive, TAMS=top-at-mark-start (previous, next)
|   0|0x0000000080000000, 0x0000000080100000, 0x0000000080100000|100%| O|  |TAMS 0x0000000080100000, 0x0000000080000000| Untracked 
|   1|0x0000000080100000, 0x0000000080200000, 0x0000000080200000|100%| O|  |TAMS 0x0000000080200000, 0x0000000080100000| Untracked 
|   2|0x0000000080200000, 0x0000000080300000, 0x0000000080300000|100%| O|  |TAMS 0x0000000080300000, 0x0000000080200000| Untracked 
|   3|0x0000000080300000, 0x0000000080400000, 0x0000000080400000|100%|HS|  |TAMS 0x0000000080400000, 0x0000000080300000| Complete 
|   4|0x0000000080400000, 0x0000000080500000, 0x0000000080500000|100%|HC|  |TAMS 0x0000000080500000, 0x0000000080400000| Complete 
|   5|0x0000000080500000, 0x0000000080600000, 0x0000000080600000|100%|HC|  |TAMS 0x0000000080600000, 0x0000000080500000| Complete 
|   6|0x0000000080600000, 0x0000000080700000, 0x0000000080700000|100%| O|  |TAMS 0x0000000080700000, 0x0000000080600000| Untracked 
|   7|0x0000000080700000, 0x0000000080800000, 0x0000000080800000|100%| O|  |TAMS 0x0000000080800000, 0x0000000080700000| Untracked 
|   8|0x0000000080800000, 0x0000000080900000, 0x0000000080900000|100%| O|  |TAMS 0x0000000080900000, 0x0000000080800000| Untracked 
|   9|0x0000000080900000, 0x0000000080a00000, 0x0000000080a00000|100%|HS|  |TAMS 0x0000000080a00000, 0x0000000080900000| Complete 
|  10|0x0000000080a00000, 0x0000000080b00000, 0x0000000080b00000|100%|HC|  |TAMS 0x0000000080b00000, 0x0000000080a00000| Complete 
|  11|0x0000000080b00000, 0x0000000080c00000, 0x0000000080c00000|100%|HS|  |TAMS 0x0000000080c00000, 0x0000000080b00000| Complete 
|  12|0x0000000080c00000, 0x0000000080d00000, 0x0000000080d00000|100%|HC|  |TAMS 0x0000000080d00000, 0x0000000080c00000| Complete 
|  13|0x0000000080d00000, 0x0000000080e00000, 0x0000000080e00000|100%|HC|  |TAMS 0x0000000080e00000, 0x0000000080d00000| Complete 
|  14|0x0000000080e00000, 0x0000000080f00000, 0x0000000080f00000|100%|HS|  |TAMS 0x0000000080f00000, 0x0000000080e00000| Complete 
|  15|0x0000000080f00000, 0x0000000081000000, 0x0000000081000000|100%|HC|  |TAMS 0x0000000081000000, 0x0000000080f00000| Complete 
|  16|0x0000000081000000, 0x0000000081100000, 0x0000000081100000|100%|HC|  |TAMS 0x0000000081100000, 0x0000000081000000| Complete 
|  17|0x0000000081100000, 0x0000000081200000, 0x0000000081200000|100%|HC|  |TAMS 0x0000000081200000, 0x0000000081100000| Complete 
|  18|0x0000000081200000, 0x0000000081300000, 0x0000000081300000|100%|HC|  |TAMS 0x0000000081300000, 0x0000000081200000| Complete 
|  19|0x0000000081300000, 0x0000000081400000, 0x0000000081400000|100%| O|  |TAMS 0x0000000081400000, 0x0000000081300000| Untracked 
|  20|0x0000000081400000, 0x0000000081500000, 0x0000000081500000|100%| O|  |TAMS 0x0000000081500000, 0x0000000081400000| Untracked 
|  21|0x0000000081500000, 0x0000000081600000, 0x0000000081600000|100%| O|  |TAMS 0x0000000081600000, 0x0000000081500000| Untracked 
|  22|0x0000000081600000, 0x0000000081700000, 0x0000000081700000|100%| O|  |TAMS 0x0000000081700000, 0x0000000081600000| Untracked 
|  23|0x0000000081700000, 0x0000000081800000, 0x0000000081800000|100%| O|  |TAMS 0x0000000081800000, 0x0000000081700000| Untracked 
|  24|0x0000000081800000, 0x0000000081900000, 0x0000000081900000|100%| O|  |TAMS 0x0000000081900000, 0x0000000081800000| Untracked 
|  25|0x0000000081900000, 0x00000000819dfe00, 0x0000000081a00000| 87%| O|  |TAMS 0x00000000819dfe00, 0x0000000081900000| Untracked 
|  26|0x0000000081a00000, 0x0000000081b00000, 0x0000000081b00000|100%|HS|  |TAMS 0x0000000081a00000, 0x0000000081a00000| Complete 
|  27|0x0000000081b00000, 0x0000000081c00000, 0x0000000081c00000|100%|HS|  |TAMS 0x0000000081b00000, 0x0000000081b00000| Complete 
|  28|0x0000000081c00000, 0x0000000081d00000, 0x0000000081d00000|100%|HC|  |TAMS 0x0000000081c00000, 0x0000000081c00000| Complete 
|  29|0x0000000081d00000, 0x0000000081e00000, 0x0000000081e00000|100%|HS|  |TAMS 0x0000000081d00000, 0x0000000081d00000| Complete 
|  30|0x0000000081e00000, 0x0000000081f00000, 0x0000000081f00000|100%|HC|  |TAMS 0x0000000081e00000, 0x0000000081e00000| Complete 
|  31|0x0000000081f00000, 0x0000000082000000, 0x0000000082000000|100%|HC|  |TAMS 0x0000000081f00000, 0x0000000081f00000| Complete 
|  32|0x0000000082000000, 0x0000000082100000, 0x0000000082100000|100%|HC|  |TAMS 0x0000000082000000, 0x0000000082000000| Complete 
|  33|0x0000000082100000, 0x0000000082200000, 0x0000000082200000|100%|HC|  |TAMS 0x0000000082100000, 0x0000000082100000| Complete 
|  34|0x0000000082200000, 0x0000000082300000, 0x0000000082300000|100%|HS|  |TAMS 0x0000000082200000, 0x0000000082200000| Complete 
|  35|0x0000000082300000, 0x0000000082400000, 0x0000000082400000|100%|HC|  |TAMS 0x0000000082300000, 0x0000000082300000| Complete 
|  36|0x0000000082400000, 0x0000000082500000, 0x0000000082500000|100%|HC|  |TAMS 0x0000000082400000, 0x0000000082400000| Complete 
|  37|0x0000000082500000, 0x0000000082500000, 0x0000000082600000|  0%| F|  |TAMS 0x0000000082500000, 0x0000000082500000| Untracked 
|  38|0x0000000082600000, 0x0000000082600000, 0x0000000082700000|  0%| F|  |TAMS 0x0000000082600000, 0x0000000082600000| Untracked 
|  39|0x0000000082700000, 0x0000000082700000, 0x0000000082800000|  0%| F|  |TAMS 0x0000000082700000, 0x0000000082700000| Untracked 
|  40|0x0000000082800000, 0x0000000082800000, 0x0000000082900000|  0%| F|  |TAMS 0x0000000082800000, 0x0000000082800000| Untracked 
|  41|0x0000000082900000, 0x0000000082900000, 0x0000000082a00000|  0%| F|  |TAMS 0x0000000082900000, 0x0000000082900000| Untracked 
|  42|0x0000000082a00000, 0x0000000082a00000, 0x0000000082b00000|  0%| F|  |TAMS 0x0000000082a00000, 0x0000000082a00000| Untracked 
|  43|0x0000000082b00000, 0x0000000082b00000, 0x0000000082c00000|  0%| F|  |TAMS 0x0000000082b00000, 0x0000000082b00000| Untracked 
|  44|0x0000000082c00000, 0x0000000082c00000, 0x0000000082d00000|  0%| F|  |TAMS 0x0000000082c00000, 0x0000000082c00000| Untracked 
|  45|0x0000000082d00000, 0x0000000082d00000, 0x0000000082e00000|  0%| F|  |TAMS 0x0000000082d00000, 0x0000000082d00000| Untracked 
|  46|0x0000000082e00000, 0x0000000082e00000, 0x0000000082f00000|  0%| F|  |TAMS 0x0000000082e00000, 0x0000000082e00000| Untracked 
|  47|0x0000000082f00000, 0x0000000082f00000, 0x0000000083000000|  0%| F|  |TAMS 0x0000000082f00000, 0x0000000082f00000| Untracked 
|  48|0x0000000083000000, 0x0000000083000000, 0x0000000083100000|  0%| F|  |TAMS 0x0000000083000000, 0x0000000083000000| Untracked 
|  49|0x0000000083100000, 0x0000000083100000, 0x0000000083200000|  0%| F|  |TAMS 0x0000000083100000, 0x0000000083100000| Untracked 
|  50|0x0000000083200000, 0x0000000083200000, 0x0000000083300000|  0%| F|  |TAMS 0x0000000083200000, 0x0000000083200000| Untracked 
|  51|0x0000000083300000, 0x0000000083300000, 0x0000000083400000|  0%| F|  |TAMS 0x0000000083300000, 0x0000000083300000| Untracked 
|  52|0x0000000083400000, 0x0000000083400000, 0x0000000083500000|  0%| F|  |TAMS 0x0000000083400000, 0x0000000083400000| Untracked 
|  53|0x0000000083500000, 0x0000000083500000, 0x0000000083600000|  0%| F|  |TAMS 0x0000000083500000, 0x0000000083500000| Untracked 
|  54|0x0000000083600000, 0x0000000083600000, 0x0000000083700000|  0%| F|  |TAMS 0x0000000083600000, 0x0000000083600000| Untracked 
|  55|0x0000000083700000, 0x0000000083700000, 0x0000000083800000|  0%| F|  |TAMS 0x0000000083700000, 0x0000000083700000| Untracked 
|  56|0x0000000083800000, 0x0000000083800000, 0x0000000083900000|  0%| F|  |TAMS 0x0000000083800000, 0x0000000083800000| Untracked 
|  57|0x0000000083900000, 0x0000000083900000, 0x0000000083a00000|  0%| F|  |TAMS 0x0000000083900000, 0x0000000083900000| Untracked 
|  58|0x0000000083a00000, 0x0000000083a00000, 0x0000000083b00000|  0%| F|  |TAMS 0x0000000083a00000, 0x0000000083a00000| Untracked 
|  59|0x0000000083b00000, 0x0000000083b00000, 0x0000000083c00000|  0%| F|  |TAMS 0x0000000083b00000, 0x0000000083b00000| Untracked 
|  60|0x0000000083c00000, 0x0000000083c00000, 0x0000000083d00000|  0%| F|  |TAMS 0x0000000083c00000, 0x0000000083c00000| Untracked 
|  61|0x0000000083d00000, 0x0000000083d00000, 0x0000000083e00000|  0%| F|  |TAMS 0x0000000083d00000, 0x0000000083d00000| Untracked 
|  62|0x0000000083e00000, 0x0000000083e00000, 0x0000000083f00000|  0%| F|  |TAMS 0x0000000083e00000, 0x0000000083e00000| Untracked 
|  63|0x0000000083f00000, 0x0000000083f00000, 0x0000000084000000|  0%| F|  |TAMS 0x0000000083f00000, 0x0000000083f00000| Untracked 
|  64|0x0000000084000000, 0x0000000084000000, 0x0000000084100000|  0%| F|  |TAMS 0x0000000084000000, 0x0000000084000000| Untracked 
|  65|0x0000000084100000, 0x0000000084100000, 0x0000000084200000|  0%| F|  |TAMS 0x0000000084100000, 0x0000000084100000| Untracked 
|  66|0x0000000084200000, 0x0000000084200000, 0x0000000084300000|  0%| F|  |TAMS 0x0000000084200000, 0x0000000084200000| Untracked 
|  67|0x0000000084300000, 0x0000000084300000, 0x0000000084400000|  0%| F|  |TAMS 0x0000000084300000, 0x0000000084300000| Untracked 
|  68|0x0000000084400000, 0x0000000084400000, 0x0000000084500000|  0%| F|  |TAMS 0x0000000084400000, 0x0000000084400000| Untracked 
|  69|0x0000000084500000, 0x0000000084500000, 0x0000000084600000|  0%| F|  |TAMS 0x0000000084500000, 0x0000000084500000| Untracked 
|  70|0x0000000084600000, 0x0000000084600000, 0x0000000084700000|  0%| F|  |TAMS 0x0000000084600000, 0x0000000084600000| Untracked 
|  71|0x0000000084700000, 0x0000000084700000, 0x0000000084800000|  0%| F|  |TAMS 0x0000000084700000, 0x0000000084700000| Untracked 
|  72|0x0000000084800000, 0x0000000084800000, 0x0000000084900000|  0%| F|  |TAMS 0x0000000084800000, 0x0000000084800000| Untracked 
|  73|0x0000000084900000, 0x0000000084900000, 0x0000000084a00000|  0%| F|  |TAMS 0x0000000084900000, 0x0000000084900000| Untracked 
|  74|0x0000000084a00000, 0x0000000084a00000, 0x0000000084b00000|  0%| F|  |TAMS 0x0000000084a00000, 0x0000000084a00000| Untracked 
|  75|0x0000000084b00000, 0x0000000084b00000, 0x0000000084c00000|  0%| F|  |TAMS 0x0000000084b00000, 0x0000000084b00000| Untracked 
|  76|0x0000000084c00000, 0x0000000084c00000, 0x0000000084d00000|  0%| F|  |TAMS 0x0000000084c00000, 0x0000000084c00000| Untracked 
|  77|0x0000000084d00000, 0x0000000084d00000, 0x0000000084e00000|  0%| F|  |TAMS 0x0000000084d00000, 0x0000000084d00000| Untracked 
|  78|0x0000000084e00000, 0x0000000084e00000, 0x0000000084f00000|  0%| F|  |TAMS 0x0000000084e00000, 0x0000000084e00000| Untracked 
|  79|0x0000000084f00000, 0x0000000084f00000, 0x0000000085000000|  0%| F|  |TAMS 0x0000000084f00000, 0x0000000084f00000| Untracked 
|  80|0x0000000085000000, 0x0000000085000000, 0x0000000085100000|  0%| F|  |TAMS 0x0000000085000000, 0x0000000085000000| Untracked 
|  81|0x0000000085100000, 0x0000000085100000, 0x0000000085200000|  0%| F|  |TAMS 0x0000000085100000, 0x0000000085100000| Untracked 
|  82|0x0000000085200000, 0x0000000085200000, 0x0000000085300000|  0%| F|  |TAMS 0x0000000085200000, 0x0000000085200000| Untracked 
|  83|0x0000000085300000, 0x0000000085300000, 0x0000000085400000|  0%| F|  |TAMS 0x0000000085300000, 0x0000000085300000| Untracked 
|  84|0x0000000085400000, 0x0000000085400000, 0x0000000085500000|  0%| F|  |TAMS 0x0000000085400000, 0x0000000085400000| Untracked 
|  85|0x0000000085500000, 0x0000000085500000, 0x0000000085600000|  0%| F|  |TAMS 0x0000000085500000, 0x0000000085500000| Untracked 
|  86|0x0000000085600000, 0x0000000085600000, 0x0000000085700000|  0%| F|  |TAMS 0x0000000085600000, 0x0000000085600000| Untracked 
|  87|0x0000000085700000, 0x0000000085700000, 0x0000000085800000|  0%| F|  |TAMS 0x0000000085700000, 0x0000000085700000| Untracked 
|  88|0x0000000085800000, 0x0000000085800000, 0x0000000085900000|  0%| F|  |TAMS 0x0000000085800000, 0x0000000085800000| Untracked 
|  89|0x0000000085900000, 0x0000000085900000, 0x0000000085a00000|  0%| F|  |TAMS 0x0000000085900000, 0x0000000085900000| Untracked 
|  90|0x0000000085a00000, 0x0000000085a00000, 0x0000000085b00000|  0%| F|  |TAMS 0x0000000085a00000, 0x0000000085a00000| Untracked 
|  91|0x0000000085b00000, 0x0000000085b00000, 0x0000000085c00000|  0%| F|  |TAMS 0x0000000085b00000, 0x0000000085b00000| Untracked 
|  92|0x0000000085c00000, 0x0000000085c00000, 0x0000000085d00000|  0%| F|  |TAMS 0x0000000085c00000, 0x0000000085c00000| Untracked 
|  93|0x0000000085d00000, 0x0000000085d00000, 0x0000000085e00000|  0%| F|  |TAMS 0x0000000085d00000, 0x0000000085d00000| Untracked 
|  94|0x0000000085e00000, 0x0000000085e00000, 0x0000000085f00000|  0%| F|  |TAMS 0x0000000085e00000, 0x0000000085e00000| Untracked 
|  95|0x0000000085f00000, 0x0000000085f00000, 0x0000000086000000|  0%| F|  |TAMS 0x0000000085f00000, 0x0000000085f00000| Untracked 
|  96|0x0000000086000000, 0x0000000086000000, 0x0000000086100000|  0%| F|  |TAMS 0x0000000086000000, 0x0000000086000000| Untracked 
|  97|0x0000000086100000, 0x0000000086100000, 0x0000000086200000|  0%| F|  |TAMS 0x0000000086100000, 0x0000000086100000| Untracked 
|  98|0x0000000086200000, 0x0000000086200000, 0x0000000086300000|  0%| F|  |TAMS 0x0000000086200000, 0x0000000086200000| Untracked 
|  99|0x0000000086300000, 0x0000000086300000, 0x0000000086400000|  0%| F|  |TAMS 0x0000000086300000, 0x0000000086300000| Untracked 
| 100|0x0000000086400000, 0x0000000086400000, 0x0000000086500000|  0%| F|  |TAMS 0x0000000086400000, 0x0000000086400000| Untracked 
| 101|0x0000000086500000, 0x0000000086500000, 0x0000000086600000|  0%| F|  |TAMS 0x0000000086500000, 0x0000000086500000| Untracked 
| 102|0x0000000086600000, 0x0000000086600000, 0x0000000086700000|  0%| F|  |TAMS 0x0000000086600000, 0x0000000086600000| Untracked 
| 103|0x0000000086700000, 0x0000000086700000, 0x0000000086800000|  0%| F|  |TAMS 0x0000000086700000, 0x0000000086700000| Untracked 
| 104|0x0000000086800000, 0x0000000086800000, 0x0000000086900000|  0%| F|  |TAMS 0x0000000086800000, 0x0000000086800000| Untracked 
| 105|0x0000000086900000, 0x0000000086900000, 0x0000000086a00000|  0%| F|  |TAMS 0x0000000086900000, 0x0000000086900000| Untracked 
| 106|0x0000000086a00000, 0x0000000086a00000, 0x0000000086b00000|  0%| F|  |TAMS 0x0000000086a00000, 0x0000000086a00000| Untracked 
| 107|0x0000000086b00000, 0x0000000086b00000, 0x0000000086c00000|  0%| F|  |TAMS 0x0000000086b00000, 0x0000000086b00000| Untracked 
| 108|0x0000000086c00000, 0x0000000086c00000, 0x0000000086d00000|  0%| F|  |TAMS 0x0000000086c00000, 0x0000000086c00000| Untracked 
| 109|0x0000000086d00000, 0x0000000086d00000, 0x0000000086e00000|  0%| F|  |TAMS 0x0000000086d00000, 0x0000000086d00000| Untracked 
| 110|0x0000000086e00000, 0x0000000086e00000, 0x0000000086f00000|  0%| F|  |TAMS 0x0000000086e00000, 0x0000000086e00000| Untracked 
| 111|0x0000000086f00000, 0x0000000086f00000, 0x0000000087000000|  0%| F|  |TAMS 0x0000000086f00000, 0x0000000086f00000| Untracked 
| 112|0x0000000087000000, 0x0000000087000000, 0x0000000087100000|  0%| F|  |TAMS 0x0000000087000000, 0x0000000087000000| Untracked 
| 113|0x0000000087100000, 0x0000000087100000, 0x0000000087200000|  0%| F|  |TAMS 0x0000000087100000, 0x0000000087100000| Untracked 
| 114|0x0000000087200000, 0x0000000087200000, 0x0000000087300000|  0%| F|  |TAMS 0x0000000087200000, 0x0000000087200000| Untracked 
| 115|0x0000000087300000, 0x0000000087300000, 0x0000000087400000|  0%| F|  |TAMS 0x0000000087300000, 0x0000000087300000| Untracked 
| 116|0x0000000087400000, 0x0000000087400000, 0x0000000087500000|  0%| F|  |TAMS 0x0000000087400000, 0x0000000087400000| Untracked 
| 117|0x0000000087500000, 0x0000000087500000, 0x0000000087600000|  0%| F|  |TAMS 0x0000000087500000, 0x0000000087500000| Untracked 
| 118|0x0000000087600000, 0x0000000087600000, 0x0000000087700000|  0%| F|  |TAMS 0x0000000087600000, 0x0000000087600000| Untracked 
| 119|0x0000000087700000, 0x0000000087700000, 0x0000000087800000|  0%| F|  |TAMS 0x0000000087700000, 0x0000000087700000| Untracked 
| 120|0x0000000087800000, 0x0000000087800000, 0x0000000087900000|  0%| F|  |TAMS 0x0000000087800000, 0x0000000087800000| Untracked 
| 121|0x0000000087900000, 0x0000000087900000, 0x0000000087a00000|  0%| F|  |TAMS 0x0000000087900000, 0x0000000087900000| Untracked 
| 122|0x0000000087a00000, 0x0000000087a00000, 0x0000000087b00000|  0%| F|  |TAMS 0x0000000087a00000, 0x0000000087a00000| Untracked 
| 123|0x0000000087b00000, 0x0000000087b00000, 0x0000000087c00000|  0%| F|  |TAMS 0x0000000087b00000, 0x0000000087b00000| Untracked 
| 124|0x0000000087c00000, 0x0000000087c00000, 0x0000000087d00000|  0%| F|  |TAMS 0x0000000087c00000, 0x0000000087c00000| Untracked 
| 125|0x0000000087d00000, 0x0000000087d00000, 0x0000000087e00000|  0%| F|  |TAMS 0x0000000087d00000, 0x0000000087d00000| Untracked 
| 126|0x0000000087e00000, 0x0000000087e00000, 0x0000000087f00000|  0%| F|  |TAMS 0x0000000087e00000, 0x0000000087e00000| Untracked 
| 127|0x0000000087f00000, 0x0000000087f00000, 0x0000000088000000|  0%| F|  |TAMS 0x0000000087f00000, 0x0000000087f00000| Untracked 
| 128|0x0000000088000000, 0x0000000088000000, 0x0000000088100000|  0%| F|  |TAMS 0x0000000088000000, 0x0000000088000000| Untracked 
| 129|0x0000000088100000, 0x0000000088100000, 0x0000000088200000|  0%| F|  |TAMS 0x0000000088100000, 0x0000000088100000| Untracked 
| 130|0x0000000088200000, 0x0000000088200000, 0x0000000088300000|  0%| F|  |TAMS 0x0000000088200000, 0x0000000088200000| Untracked 
| 131|0x0000000088300000, 0x0000000088300000, 0x0000000088400000|  0%| F|  |TAMS 0x0000000088300000, 0x0000000088300000| Untracked 
| 132|0x0000000088400000, 0x0000000088400000, 0x0000000088500000|  0%| F|  |TAMS 0x0000000088400000, 0x0000000088400000| Untracked 
| 133|0x0000000088500000, 0x0000000088500000, 0x0000000088600000|  0%| F|  |TAMS 0x0000000088500000, 0x0000000088500000| Untracked 
| 134|0x0000000088600000, 0x0000000088600000, 0x0000000088700000|  0%| F|  |TAMS 0x0000000088600000, 0x0000000088600000| Untracked 
| 135|0x0000000088700000, 0x0000000088700000, 0x0000000088800000|  0%| F|  |TAMS 0x0000000088700000, 0x0000000088700000| Untracked 
| 136|0x0000000088800000, 0x0000000088800000, 0x0000000088900000|  0%| F|  |TAMS 0x0000000088800000, 0x0000000088800000| Untracked 
| 137|0x0000000088900000, 0x0000000088900000, 0x0000000088a00000|  0%| F|  |TAMS 0x0000000088900000, 0x0000000088900000| Untracked 
| 138|0x0000000088a00000, 0x0000000088a00000, 0x0000000088b00000|  0%| F|  |TAMS 0x0000000088a00000, 0x0000000088a00000| Untracked 
| 139|0x0000000088b00000, 0x0000000088b00000, 0x0000000088c00000|  0%| F|  |TAMS 0x0000000088b00000, 0x0000000088b00000| Untracked 
| 140|0x0000000088c00000, 0x0000000088c00000, 0x0000000088d00000|  0%| F|  |TAMS 0x0000000088c00000, 0x0000000088c00000| Untracked 
| 141|0x0000000088d00000, 0x0000000088d00000, 0x0000000088e00000|  0%| F|  |TAMS 0x0000000088d00000, 0x0000000088d00000| Untracked 
| 142|0x0000000088e00000, 0x0000000088e00000, 0x0000000088f00000|  0%| F|  |TAMS 0x0000000088e00000, 0x0000000088e00000| Untracked 
| 143|0x0000000088f00000, 0x0000000088f00000, 0x0000000089000000|  0%| F|  |TAMS 0x0000000088f00000, 0x0000000088f00000| Untracked 
| 144|0x0000000089000000, 0x0000000089000000, 0x0000000089100000|  0%| F|  |TAMS 0x0000000089000000, 0x0000000089000000| Untracked 
| 145|0x0000000089100000, 0x0000000089100000, 0x0000000089200000|  0%| F|  |TAMS 0x0000000089100000, 0x0000000089100000| Untracked 
| 146|0x0000000089200000, 0x0000000089200000, 0x0000000089300000|  0%| F|  |TAMS 0x0000000089200000, 0x0000000089200000| Untracked 
| 147|0x0000000089300000, 0x0000000089300000, 0x0000000089400000|  0%| F|  |TAMS 0x0000000089300000, 0x0000000089300000| Untracked 
| 148|0x0000000089400000, 0x0000000089400000, 0x0000000089500000|  0%| F|  |TAMS 0x0000000089400000, 0x0000000089400000| Untracked 
| 149|0x0000000089500000, 0x0000000089500000, 0x0000000089600000|  0%| F|  |TAMS 0x0000000089500000, 0x0000000089500000| Untracked 
| 150|0x0000000089600000, 0x0000000089600000, 0x0000000089700000|  0%| F|  |TAMS 0x0000000089600000, 0x0000000089600000| Untracked 
| 151|0x0000000089700000, 0x0000000089700000, 0x0000000089800000|  0%| F|  |TAMS 0x0000000089700000, 0x0000000089700000| Untracked 
| 152|0x0000000089800000, 0x0000000089800000, 0x0000000089900000|  0%| F|  |TAMS 0x0000000089800000, 0x0000000089800000| Untracked 
| 153|0x0000000089900000, 0x0000000089900000, 0x0000000089a00000|  0%| F|  |TAMS 0x0000000089900000, 0x0000000089900000| Untracked 
| 154|0x0000000089a00000, 0x0000000089a00000, 0x0000000089b00000|  0%| F|  |TAMS 0x0000000089a00000, 0x0000000089a00000| Untracked 
| 155|0x0000000089b00000, 0x0000000089b00000, 0x0000000089c00000|  0%| F|  |TAMS 0x0000000089b00000, 0x0000000089b00000| Untracked 
| 156|0x0000000089c00000, 0x0000000089c00000, 0x0000000089d00000|  0%| F|  |TAMS 0x0000000089c00000, 0x0000000089c00000| Untracked 
| 157|0x0000000089d00000, 0x0000000089d00000, 0x0000000089e00000|  0%| F|  |TAMS 0x0000000089d00000, 0x0000000089d00000| Untracked 
| 158|0x0000000089e00000, 0x0000000089f00000, 0x0000000089f00000|100%| E|  |TAMS 0x0000000089e00000, 0x0000000089e00000| Complete 
| 159|0x0000000089f00000, 0x000000008a000000, 0x000000008a000000|100%| E|CS|TAMS 0x0000000089f00000, 0x0000000089f00000| Complete 
| 160|0x000000008a000000, 0x000000008a100000, 0x000000008a100000|100%| E|CS|TAMS 0x000000008a000000, 0x000000008a000000| Complete 
| 161|0x000000008a100000, 0x000000008a200000, 0x000000008a200000|100%| E|CS|TAMS 0x000000008a100000, 0x000000008a100000| Complete 
| 162|0x000000008a200000, 0x000000008a300000, 0x000000008a300000|100%| E|CS|TAMS 0x000000008a200000, 0x000000008a200000| Complete 
| 163|0x000000008a300000, 0x000000008a400000, 0x000000008a400000|100%| E|CS|TAMS 0x000000008a300000, 0x000000008a300000| Complete 
| 164|0x000000008a400000, 0x000000008a500000, 0x000000008a500000|100%| E|CS|TAMS 0x000000008a400000, 0x000000008a400000| Complete 
| 165|0x000000008a500000, 0x000000008a600000, 0x000000008a600000|100%| E|CS|TAMS 0x000000008a500000, 0x000000008a500000| Complete 
| 166|0x000000008a600000, 0x000000008a700000, 0x000000008a700000|100%| E|CS|TAMS 0x000000008a600000, 0x000000008a600000| Complete 
| 167|0x000000008a700000, 0x000000008a7ffa60, 0x000000008a800000| 99%| E|  |TAMS 0x000000008a700000, 0x000000008a700000| Complete 
| 168|0x000000008a800000, 0x000000008a900000, 0x000000008a900000|100%| E|CS|TAMS 0x000000008a800000, 0x000000008a800000| Complete 
| 169|0x000000008a900000, 0x000000008aa00000, 0x000000008aa00000|100%| E|CS|TAMS 0x000000008a900000, 0x000000008a900000| Complete 
| 170|0x000000008aa00000, 0x000000008ab00000, 0x000000008ab00000|100%| E|CS|TAMS 0x000000008aa00000, 0x000000008aa00000| Complete 
| 171|0x000000008ab00000, 0x000000008ac00000, 0x000000008ac00000|100%| E|CS|TAMS 0x000000008ab00000, 0x000000008ab00000| Complete 
| 172|0x000000008ac00000, 0x000000008ad00000, 0x000000008ad00000|100%| E|CS|TAMS 0x000000008ac00000, 0x000000008ac00000| Complete 
| 173|0x000000008ad00000, 0x000000008ae00000, 0x000000008ae00000|100%| E|CS|TAMS 0x000000008ad00000, 0x000000008ad00000| Complete 
| 174|0x000000008ae00000, 0x000000008af00000, 0x000000008af00000|100%| E|CS|TAMS 0x000000008ae00000, 0x000000008ae00000| Complete 
| 175|0x000000008af00000, 0x000000008b000000, 0x000000008b000000|100%| E|CS|TAMS 0x000000008af00000, 0x000000008af00000| Complete 
| 176|0x000000008b000000, 0x000000008b100000, 0x000000008b100000|100%| E|CS|TAMS 0x000000008b000000, 0x000000008b000000| Complete 
| 177|0x000000008b100000, 0x000000008b200000, 0x000000008b200000|100%| E|CS|TAMS 0x000000008b100000, 0x000000008b100000| Complete 
| 178|0x000000008b200000, 0x000000008b300000, 0x000000008b300000|100%| E|CS|TAMS 0x000000008b200000, 0x000000008b200000| Complete 
| 179|0x000000008b300000, 0x000000008b400000, 0x000000008b400000|100%| E|CS|TAMS 0x000000008b300000, 0x000000008b300000| Complete 
| 180|0x000000008b400000, 0x000000008b500000, 0x000000008b500000|100%| E|CS|TAMS 0x000000008b400000, 0x000000008b400000| Complete 
| 181|0x000000008b500000, 0x000000008b600000, 0x000000008b600000|100%| E|CS|TAMS 0x000000008b500000, 0x000000008b500000| Complete 
| 182|0x000000008b600000, 0x000000008b700000, 0x000000008b700000|100%| E|CS|TAMS 0x000000008b600000, 0x000000008b600000| Complete 
| 183|0x000000008b700000, 0x000000008b800000, 0x000000008b800000|100%| E|CS|TAMS 0x000000008b700000, 0x000000008b700000| Complete 
| 184|0x000000008b800000, 0x000000008b900000, 0x000000008b900000|100%| E|CS|TAMS 0x000000008b800000, 0x000000008b800000| Complete 
| 185|0x000000008b900000, 0x000000008ba00000, 0x000000008ba00000|100%| E|CS|TAMS 0x000000008b900000, 0x000000008b900000| Complete 
| 186|0x000000008ba00000, 0x000000008bb00000, 0x000000008bb00000|100%| E|CS|TAMS 0x000000008ba00000, 0x000000008ba00000| Complete 
| 187|0x000000008bb00000, 0x000000008bc00000, 0x000000008bc00000|100%| E|CS|TAMS 0x000000008bb00000, 0x000000008bb00000| Complete 
| 188|0x000000008bc00000, 0x000000008bd00000, 0x000000008bd00000|100%| E|CS|TAMS 0x000000008bc00000, 0x000000008bc00000| Complete 
| 189|0x000000008bd00000, 0x000000008be00000, 0x000000008be00000|100%| E|CS|TAMS 0x000000008bd00000, 0x000000008bd00000| Complete 
| 190|0x000000008be00000, 0x000000008bf00000, 0x000000008bf00000|100%| E|CS|TAMS 0x000000008be00000, 0x000000008be00000| Complete 
| 191|0x000000008bf00000, 0x000000008c000000, 0x000000008c000000|100%| E|CS|TAMS 0x000000008bf00000, 0x000000008bf00000| Complete 
| 192|0x000000008c000000, 0x000000008c100000, 0x000000008c100000|100%| E|CS|TAMS 0x000000008c000000, 0x000000008c000000| Complete 
| 193|0x000000008c100000, 0x000000008c200000, 0x000000008c200000|100%| E|CS|TAMS 0x000000008c100000, 0x000000008c100000| Complete 
| 194|0x000000008c200000, 0x000000008c300000, 0x000000008c300000|100%| E|CS|TAMS 0x000000008c200000, 0x000000008c200000| Complete 
| 195|0x000000008c300000, 0x000000008c400000, 0x000000008c400000|100%| E|CS|TAMS 0x000000008c300000, 0x000000008c300000| Complete 
| 196|0x000000008c400000, 0x000000008c500000, 0x000000008c500000|100%| E|CS|TAMS 0x000000008c400000, 0x000000008c400000| Complete 
| 197|0x000000008c500000, 0x000000008c600000, 0x000000008c600000|100%| E|CS|TAMS 0x000000008c500000, 0x000000008c500000| Complete 
| 198|0x000000008c600000, 0x000000008c700000, 0x000000008c700000|100%| E|CS|TAMS 0x000000008c600000, 0x000000008c600000| Complete 
| 199|0x000000008c700000, 0x000000008c800000, 0x000000008c800000|100%| E|CS|TAMS 0x000000008c700000, 0x000000008c700000| Complete 
| 200|0x000000008c800000, 0x000000008c900000, 0x000000008c900000|100%| E|CS|TAMS 0x000000008c800000, 0x000000008c800000| Complete 
| 201|0x000000008c900000, 0x000000008ca00000, 0x000000008ca00000|100%| E|CS|TAMS 0x000000008c900000, 0x000000008c900000| Complete 
| 202|0x000000008ca00000, 0x000000008cb00000, 0x000000008cb00000|100%| E|CS|TAMS 0x000000008ca00000, 0x000000008ca00000| Complete 
| 203|0x000000008cb00000, 0x000000008cc00000, 0x000000008cc00000|100%| E|CS|TAMS 0x000000008cb00000, 0x000000008cb00000| Complete 
| 204|0x000000008cc00000, 0x000000008ccf76b0, 0x000000008cd00000| 96%| S|CS|TAMS 0x000000008cc00000, 0x000000008cc00000| Complete 
| 205|0x000000008cd00000, 0x000000008ce00000, 0x000000008ce00000|100%| S|CS|TAMS 0x000000008cd00000, 0x000000008cd00000| Complete 
| 206|0x000000008ce00000, 0x000000008cf00000, 0x000000008cf00000|100%| S|CS|TAMS 0x000000008ce00000, 0x000000008ce00000| Complete 
| 207|0x000000008cf00000, 0x000000008d000000, 0x000000008d000000|100%| S|CS|TAMS 0x000000008cf00000, 0x000000008cf00000| Complete 
| 208|0x000000008d000000, 0x000000008d100000, 0x000000008d100000|100%| S|CS|TAMS 0x000000008d000000, 0x000000008d000000| Complete 
| 209|0x000000008d100000, 0x000000008d200000, 0x000000008d200000|100%| S|CS|TAMS 0x000000008d100000, 0x000000008d100000| Complete 
| 210|0x000000008d200000, 0x000000008d300000, 0x000000008d300000|100%| S|CS|TAMS 0x000000008d200000, 0x000000008d200000| Complete 
| 211|0x000000008d300000, 0x000000008d400000, 0x000000008d400000|100%| S|CS|TAMS 0x000000008d300000, 0x000000008d300000| Complete 
| 212|0x000000008d400000, 0x000000008d500000, 0x000000008d500000|100%| S|CS|TAMS 0x000000008d400000, 0x000000008d400000| Complete 
| 213|0x000000008d500000, 0x000000008d600000, 0x000000008d600000|100%| E|CS|TAMS 0x000000008d500000, 0x000000008d500000| Complete 
| 214|0x000000008d600000, 0x000000008d700000, 0x000000008d700000|100%| E|CS|TAMS 0x000000008d600000, 0x000000008d600000| Complete 
| 215|0x000000008d700000, 0x000000008d800000, 0x000000008d800000|100%| E|CS|TAMS 0x000000008d700000, 0x000000008d700000| Complete 
| 216|0x000000008d800000, 0x000000008d900000, 0x000000008d900000|100%| E|CS|TAMS 0x000000008d800000, 0x000000008d800000| Complete 
| 217|0x000000008d900000, 0x000000008da00000, 0x000000008da00000|100%| E|CS|TAMS 0x000000008d900000, 0x000000008d900000| Complete 
| 218|0x000000008da00000, 0x000000008db00000, 0x000000008db00000|100%| E|CS|TAMS 0x000000008da00000, 0x000000008da00000| Complete 
| 219|0x000000008db00000, 0x000000008dc00000, 0x000000008dc00000|100%| E|CS|TAMS 0x000000008db00000, 0x000000008db00000| Complete 
| 220|0x000000008dc00000, 0x000000008dd00000, 0x000000008dd00000|100%| E|CS|TAMS 0x000000008dc00000, 0x000000008dc00000| Complete 
| 221|0x000000008dd00000, 0x000000008de00000, 0x000000008de00000|100%| E|CS|TAMS 0x000000008dd00000, 0x000000008dd00000| Complete 
| 222|0x000000008de00000, 0x000000008df00000, 0x000000008df00000|100%| E|CS|TAMS 0x000000008de00000, 0x000000008de00000| Complete 
| 223|0x000000008df00000, 0x000000008e000000, 0x000000008e000000|100%| E|CS|TAMS 0x000000008df00000, 0x000000008df00000| Complete 
| 224|0x000000008e000000, 0x000000008e100000, 0x000000008e100000|100%| E|CS|TAMS 0x000000008e000000, 0x000000008e000000| Complete 
| 225|0x000000008e100000, 0x000000008e200000, 0x000000008e200000|100%| E|CS|TAMS 0x000000008e100000, 0x000000008e100000| Complete 
| 226|0x000000008e200000, 0x000000008e300000, 0x000000008e300000|100%| E|CS|TAMS 0x000000008e200000, 0x000000008e200000| Complete 
| 227|0x000000008e300000, 0x000000008e400000, 0x000000008e400000|100%| E|CS|TAMS 0x000000008e300000, 0x000000008e300000| Complete 
| 228|0x000000008e400000, 0x000000008e500000, 0x000000008e500000|100%| E|CS|TAMS 0x000000008e400000, 0x000000008e400000| Complete 
| 229|0x000000008e500000, 0x000000008e600000, 0x000000008e600000|100%| E|CS|TAMS 0x000000008e500000, 0x000000008e500000| Complete 
| 230|0x000000008e600000, 0x000000008e700000, 0x000000008e700000|100%| E|CS|TAMS 0x000000008e600000, 0x000000008e600000| Complete 
| 231|0x000000008e700000, 0x000000008e800000, 0x000000008e800000|100%| E|CS|TAMS 0x000000008e700000, 0x000000008e700000| Complete 
| 232|0x000000008e800000, 0x000000008e900000, 0x000000008e900000|100%| E|CS|TAMS 0x000000008e800000, 0x000000008e800000| Complete 
| 233|0x000000008e900000, 0x000000008ea00000, 0x000000008ea00000|100%| E|CS|TAMS 0x000000008e900000, 0x000000008e900000| Complete 
| 234|0x000000008ea00000, 0x000000008eb00000, 0x000000008eb00000|100%| E|CS|TAMS 0x000000008ea00000, 0x000000008ea00000| Complete 
| 235|0x000000008eb00000, 0x000000008ec00000, 0x000000008ec00000|100%| E|CS|TAMS 0x000000008eb00000, 0x000000008eb00000| Complete 
| 236|0x000000008ec00000, 0x000000008ed00000, 0x000000008ed00000|100%| E|CS|TAMS 0x000000008ec00000, 0x000000008ec00000| Complete 
| 237|0x000000008ed00000, 0x000000008ee00000, 0x000000008ee00000|100%| E|CS|TAMS 0x000000008ed00000, 0x000000008ed00000| Complete 
| 238|0x000000008ee00000, 0x000000008ef00000, 0x000000008ef00000|100%| E|CS|TAMS 0x000000008ee00000, 0x000000008ee00000| Complete 
| 239|0x000000008ef00000, 0x000000008f000000, 0x000000008f000000|100%| E|CS|TAMS 0x000000008ef00000, 0x000000008ef00000| Complete 
| 240|0x000000008f000000, 0x000000008f100000, 0x000000008f100000|100%| E|CS|TAMS 0x000000008f000000, 0x000000008f000000| Complete 
| 241|0x000000008f100000, 0x000000008f200000, 0x000000008f200000|100%| E|CS|TAMS 0x000000008f100000, 0x000000008f100000| Complete 
| 242|0x000000008f200000, 0x000000008f300000, 0x000000008f300000|100%| E|CS|TAMS 0x000000008f200000, 0x000000008f200000| Complete 
| 243|0x000000008f300000, 0x000000008f400000, 0x000000008f400000|100%| E|CS|TAMS 0x000000008f300000, 0x000000008f300000| Complete 
| 244|0x000000008f400000, 0x000000008f500000, 0x000000008f500000|100%| E|CS|TAMS 0x000000008f400000, 0x000000008f400000| Complete 
| 245|0x000000008f500000, 0x000000008f600000, 0x000000008f600000|100%| E|CS|TAMS 0x000000008f500000, 0x000000008f500000| Complete 
| 246|0x000000008f600000, 0x000000008f700000, 0x000000008f700000|100%| E|CS|TAMS 0x000000008f600000, 0x000000008f600000| Complete 
| 247|0x000000008f700000, 0x000000008f800000, 0x000000008f800000|100%| E|CS|TAMS 0x000000008f700000, 0x000000008f700000| Complete 
| 248|0x000000008f800000, 0x000000008f900000, 0x000000008f900000|100%| E|CS|TAMS 0x000000008f800000, 0x000000008f800000| Complete 
| 249|0x000000008f900000, 0x000000008fa00000, 0x000000008fa00000|100%| E|CS|TAMS 0x000000008f900000, 0x000000008f900000| Complete 
| 250|0x000000008fa00000, 0x000000008fb00000, 0x000000008fb00000|100%| E|CS|TAMS 0x000000008fa00000, 0x000000008fa00000| Complete 
| 251|0x000000008fb00000, 0x000000008fc00000, 0x000000008fc00000|100%| E|CS|TAMS 0x000000008fb00000, 0x000000008fb00000| Complete 
| 252|0x000000008fc00000, 0x000000008fd00000, 0x000000008fd00000|100%| E|CS|TAMS 0x000000008fc00000, 0x000000008fc00000| Complete 
| 253|0x000000008fd00000, 0x000000008fe00000, 0x000000008fe00000|100%| E|CS|TAMS 0x000000008fd00000, 0x000000008fd00000| Complete 
| 254|0x000000008fe00000, 0x000000008ff00000, 0x000000008ff00000|100%| E|CS|TAMS 0x000000008fe00000, 0x000000008fe00000| Complete 
| 255|0x000000008ff00000, 0x0000000090000000, 0x0000000090000000|100%| E|CS|TAMS 0x000000008ff00000, 0x000000008ff00000| Complete 

Card table byte_map: [0x00000251f3b90000,0x00000251f3f90000] _byte_map_base: 0x00000251f3790000

Marking Bits (Prev, Next): (CMBitMap*) 0x00000251efcdd9d8, (CMBitMap*) 0x00000251efcdda10
 Prev Bits: [0x00000251f4390000, 0x00000251f6390000)
 Next Bits: [0x00000251f6390000, 0x00000251f8390000)

Polling page: 0x00000251edba0000

Metaspace:

Usage:
  Non-class:     37.05 MB capacity,    36.29 MB ( 98%) used,   667.48 KB (  2%) free+waste,   106.81 KB ( <1%) overhead. 
      Class:      5.77 MB capacity,     5.35 MB ( 93%) used,   378.62 KB (  6%) free+waste,    52.00 KB ( <1%) overhead. 
       Both:     42.82 MB capacity,    41.64 MB ( 97%) used,     1.02 MB (  2%) free+waste,   158.81 KB ( <1%) overhead. 

Virtual space:
  Non-class space:       38.00 MB reserved,      37.25 MB ( 98%) committed 
      Class space:        1.00 GB reserved,       5.88 MB ( <1%) committed 
             Both:        1.04 GB reserved,      43.13 MB (  4%) committed 

Chunk freelists:
   Non-Class:  15.00 KB
       Class:  8.00 KB
        Both:  23.00 KB

MaxMetaspaceSize: 17179869184.00 GB
CompressedClassSpaceSize: 1.00 GB

CodeHeap 'non-profiled nmethods': size=120064Kb used=1942Kb max_used=1942Kb free=118121Kb
 bounds [0x0000025187ac0000, 0x0000025187d30000, 0x000002518f000000]
CodeHeap 'profiled nmethods': size=120000Kb used=8397Kb max_used=8397Kb free=111602Kb
 bounds [0x0000025180590000, 0x0000025180dd0000, 0x0000025187ac0000]
CodeHeap 'non-nmethods': size=5696Kb used=2209Kb max_used=2262Kb free=3486Kb
 bounds [0x0000025180000000, 0x0000025180270000, 0x0000025180590000]
 total_blobs=4727 nmethods=3952 adapters=686
 compilation: enabled
              stopped_count=0, restarted_count=0
 full_count=0

Compilation events (20 events):
Event: 5.867 Thread 0x00000251fb150000 3968       3       jdk.internal.reflect.AccessorGenerator::add (5 bytes)
Event: 5.867 Thread 0x00000251fb150000 nmethod 3968 0x0000025180daf290 code [0x0000025180daf440, 0x0000025180daf538]
Event: 5.870 Thread 0x00000251fb150000 3970       3       sun.reflect.generics.reflectiveObjects.WildcardTypeImpl::getUpperBounds (34 bytes)
Event: 5.870 Thread 0x00000251fb150000 nmethod 3970 0x0000025180daf610 code [0x0000025180daf800, 0x0000025180dafe38]
Event: 5.870 Thread 0x00000251fb150000 3971       3       groovy.lang.MetaClassImpl::addMetaBeanProperty (119 bytes)
Event: 5.871 Thread 0x00000251fb150000 nmethod 3971 0x0000025180daff90 code [0x0000025180db0240, 0x0000025180db18a8]
Event: 5.871 Thread 0x00000251fb150000 3972   !   3       java.net.URL::<init> (543 bytes)
Event: 5.874 Thread 0x00000251fb150000 nmethod 3972 0x0000025180db1d90 code [0x0000025180db2460, 0x0000025180db6128]
Event: 5.874 Thread 0x00000251fb150000 3974       3       org.codehaus.groovy.vmplugin.v9.Java9::checkAccessible (190 bytes)
Event: 5.876 Thread 0x00000251fb150000 nmethod 3974 0x0000025180db8310 code [0x0000025180db87a0, 0x0000025180dbad98]
Event: 5.876 Thread 0x00000251fb150000 3976       3       org.codehaus.groovy.reflection.stdclasses.CachedSAMClass::getAbstractMethods (122 bytes)
Event: 5.877 Thread 0x00000251fb150000 nmethod 3976 0x0000025180dbb890 code [0x0000025180dbbb80, 0x0000025180dbcb38]
Event: 5.877 Thread 0x00000251fb150000 3977       3       org.codehaus.groovy.util.ReferenceType$2::createReference (11 bytes)
Event: 5.877 Thread 0x00000251fb150000 nmethod 3977 0x0000025180dbd110 code [0x0000025180dbd300, 0x0000025180dbd758]
Event: 5.877 Thread 0x00000251fb150000 3978       3       org.codehaus.groovy.util.ReferenceType$WeakRef::<init> (12 bytes)
Event: 5.877 Thread 0x00000251fb150000 nmethod 3978 0x0000025180dbd910 code [0x0000025180dbdae0, 0x0000025180dbde78]
Event: 5.878 Thread 0x00000251fb150000 3979       3       java.lang.invoke.LambdaForm$MH/0x00000001000e8c40::invoke (31 bytes)
Event: 5.878 Thread 0x00000251fb150000 nmethod 3979 0x0000025180dbdf90 code [0x0000025180dbe160, 0x0000025180dbe5f8]
Event: 5.879 Thread 0x00000251fb150000 3980       3       java.util.HashMap::values (25 bytes)
Event: 5.879 Thread 0x00000251fb150000 nmethod 3980 0x0000025180dbe710 code [0x0000025180dbe8e0, 0x0000025180dbec58]

GC Heap History (12 events):
Event: 0.505 GC heap before
{Heap before GC invocations=0 (full 0):
 garbage-first heap   total 262144K, used 19456K [0x0000000080000000, 0x0000000100000000)
  region size 1024K, 14 young (14336K), 0 survivors (0K)
 Metaspace       used 6730K, capacity 6925K, committed 7168K, reserved 1056768K
  class space    used 582K, capacity 650K, committed 768K, reserved 1048576K
}
Event: 0.508 GC heap after
{Heap after GC invocations=1 (full 0):
 garbage-first heap   total 262144K, used 8006K [0x0000000080000000, 0x0000000100000000)
  region size 1024K, 2 young (2048K), 2 survivors (2048K)
 Metaspace       used 6730K, capacity 6925K, committed 7168K, reserved 1056768K
  class space    used 582K, capacity 650K, committed 768K, reserved 1048576K
}
Event: 0.815 GC heap before
{Heap before GC invocations=1 (full 0):
 garbage-first heap   total 262144K, used 20294K [0x0000000080000000, 0x0000000100000000)
  region size 1024K, 14 young (14336K), 2 survivors (2048K)
 Metaspace       used 10238K, capacity 10427K, committed 10624K, reserved 1058816K
  class space    used 1065K, capacity 1141K, committed 1152K, reserved 1048576K
}
Event: 0.818 GC heap after
{Heap after GC invocations=2 (full 0):
 garbage-first heap   total 262144K, used 9299K [0x0000000080000000, 0x0000000100000000)
  region size 1024K, 2 young (2048K), 2 survivors (2048K)
 Metaspace       used 10238K, capacity 10427K, committed 10624K, reserved 1058816K
  class space    used 1065K, capacity 1141K, committed 1152K, reserved 1048576K
}
Event: 1.298 GC heap before
{Heap before GC invocations=2 (full 0):
 garbage-first heap   total 262144K, used 40019K [0x0000000080000000, 0x0000000100000000)
  region size 1024K, 32 young (32768K), 2 survivors (2048K)
 Metaspace       used 11183K, capacity 11444K, committed 11520K, reserved 1058816K
  class space    used 1167K, capacity 1245K, committed 1280K, reserved 1048576K
}
Event: 1.301 GC heap after
{Heap after GC invocations=3 (full 0):
 garbage-first heap   total 262144K, used 11914K [0x0000000080000000, 0x0000000100000000)
  region size 1024K, 4 young (4096K), 4 survivors (4096K)
 Metaspace       used 11183K, capacity 11444K, committed 11520K, reserved 1058816K
  class space    used 1167K, capacity 1245K, committed 1280K, reserved 1048576K
}
Event: 2.883 GC heap before
{Heap before GC invocations=3 (full 0):
 garbage-first heap   total 262144K, used 74378K [0x0000000080000000, 0x0000000100000000)
  region size 1024K, 66 young (67584K), 4 survivors (4096K)
 Metaspace       used 20584K, capacity 21127K, committed 21248K, reserved 1067008K
  class space    used 2511K, capacity 2733K, committed 2816K, reserved 1048576K
}
Event: 2.890 GC heap after
{Heap after GC invocations=4 (full 0):
 garbage-first heap   total 262144K, used 16973K [0x0000000080000000, 0x0000000100000000)
  region size 1024K, 9 young (9216K), 9 survivors (9216K)
 Metaspace       used 20584K, capacity 21127K, committed 21248K, reserved 1067008K
  class space    used 2511K, capacity 2733K, committed 2816K, reserved 1048576K
}
Event: 3.653 GC heap before
{Heap before GC invocations=5 (full 0):
 garbage-first heap   total 262144K, used 102989K [0x0000000080000000, 0x0000000100000000)
  region size 1024K, 83 young (84992K), 9 survivors (9216K)
 Metaspace       used 27593K, capacity 28350K, committed 28544K, reserved 1073152K
  class space    used 3657K, capacity 3932K, committed 3968K, reserved 1048576K
}
Event: 3.661 GC heap after
{Heap after GC invocations=6 (full 0):
 garbage-first heap   total 262144K, used 32398K [0x0000000080000000, 0x0000000100000000)
  region size 1024K, 11 young (11264K), 11 survivors (11264K)
 Metaspace       used 27593K, capacity 28350K, committed 28544K, reserved 1073152K
  class space    used 3657K, capacity 3932K, committed 3968K, reserved 1048576K
}
Event: 4.468 GC heap before
{Heap before GC invocations=6 (full 0):
 garbage-first heap   total 262144K, used 75406K [0x0000000080000000, 0x0000000100000000)
  region size 1024K, 54 young (55296K), 11 survivors (11264K)
 Metaspace       used 34845K, capacity 35731K, committed 35840K, reserved 1081344K
  class space    used 4550K, capacity 4899K, committed 4992K, reserved 1048576K
}
Event: 4.481 GC heap after
{Heap after GC invocations=7 (full 0):
 garbage-first heap   total 262144K, used 35677K [0x0000000080000000, 0x0000000100000000)
  region size 1024K, 9 young (9216K), 9 survivors (9216K)
 Metaspace       used 34845K, capacity 35731K, committed 35840K, reserved 1081344K
  class space    used 4550K, capacity 4899K, committed 4992K, reserved 1048576K
}

Deoptimization events (20 events):
Event: 5.754 Thread 0x00000251fccaf800 Uncommon trap: trap_request=0xffffffc6 fr.pc=0x0000025187c4e920 relative=0x0000000000000600
Event: 5.754 Thread 0x00000251fccaf800 Uncommon trap: reason=bimorphic_or_optimized_type_check action=maybe_recompile pc=0x0000025187c4e920 method=java.util.stream.Sink$ChainedReference.cancellationRequested()Z @ 4 c2
Event: 5.754 Thread 0x00000251fccaf800 DEOPT PACKING pc=0x0000025187c4e920 sp=0x00000078d2bfe8e0
Event: 5.754 Thread 0x00000251fccaf800 DEOPT UNPACKING pc=0x00000251800278af sp=0x00000078d2bfe820 mode 2
Event: 5.805 Thread 0x00000251fc849800 DEOPT PACKING pc=0x0000025180a7682a sp=0x00000078d30f48c0
Event: 5.805 Thread 0x00000251fc849800 DEOPT UNPACKING pc=0x00000251800276ce sp=0x00000078d30f3e98 mode 0
Event: 5.808 Thread 0x00000251fc849800 Uncommon trap: trap_request=0xffffff4d fr.pc=0x0000025187b35028 relative=0x0000000000001928
Event: 5.808 Thread 0x00000251fc849800 Uncommon trap: reason=unstable_if action=reinterpret pc=0x0000025187b35028 method=java.util.zip.ZipFile$Source.initCEN(ILjava/util/zip/ZipCoder;)V @ 582 c2
Event: 5.808 Thread 0x00000251fc849800 DEOPT PACKING pc=0x0000025187b35028 sp=0x00000078d30f49d0
Event: 5.808 Thread 0x00000251fc849800 DEOPT UNPACKING pc=0x00000251800278af sp=0x00000078d30f49a0 mode 2
Event: 5.811 Thread 0x00000251fc849800 DEOPT PACKING pc=0x0000025180654c1b sp=0x00000078d30f4dd0
Event: 5.811 Thread 0x00000251fc849800 DEOPT UNPACKING pc=0x00000251800276ce sp=0x00000078d30f4310 mode 0
Event: 5.814 Thread 0x00000251fc849800 Uncommon trap: trap_request=0xffffff4d fr.pc=0x0000025187bebc58 relative=0x0000000000004e98
Event: 5.814 Thread 0x00000251fc849800 Uncommon trap: reason=unstable_if action=reinterpret pc=0x0000025187bebc58 method=java.lang.StringLatin1.regionMatchesCI([BI[BII)Z @ 66 c2
Event: 5.814 Thread 0x00000251fc849800 DEOPT PACKING pc=0x0000025187bebc58 sp=0x00000078d30f8450
Event: 5.814 Thread 0x00000251fc849800 DEOPT UNPACKING pc=0x00000251800278af sp=0x00000078d30f8200 mode 2
Event: 5.849 Thread 0x00000251fc849800 Uncommon trap: trap_request=0xffffff4d fr.pc=0x0000025187b118b8 relative=0x0000000000000558
Event: 5.849 Thread 0x00000251fc849800 Uncommon trap: reason=unstable_if action=reinterpret pc=0x0000025187b118b8 method=java.util.jar.Manifest$FastInputStream.readLine([BII)I @ 130 c2
Event: 5.849 Thread 0x00000251fc849800 DEOPT PACKING pc=0x0000025187b118b8 sp=0x00000078d30f6400
Event: 5.849 Thread 0x00000251fc849800 DEOPT UNPACKING pc=0x00000251800278af sp=0x00000078d30f6390 mode 2

Classes redefined (0 events):
No events

Internal exceptions (20 events):
Event: 5.832 Thread 0x00000251fc849800 Exception <a 'java/lang/ClassNotFoundException'{0x000000008a5bfea8}: JetGradlePluginCustomizer> (0x000000008a5bfea8) thrown at [./src/hotspot/share/classfile/systemDictionary.cpp, line 231]
Event: 5.835 Thread 0x00000251fc849800 Exception <a 'java/lang/ClassNotFoundException'{0x000000008a4151d8}: groovy/lang/ReferenceBeanInfo> (0x000000008a4151d8) thrown at [./src/hotspot/share/classfile/systemDictionary.cpp, line 231]
Event: 5.836 Thread 0x00000251fc849800 Exception <a 'java/lang/ClassNotFoundException'{0x000000008a44a8f8}: groovy/lang/ReferenceCustomizer> (0x000000008a44a8f8) thrown at [./src/hotspot/share/classfile/systemDictionary.cpp, line 231]
Event: 5.839 Thread 0x00000251fc849800 Exception <a 'java/lang/ClassNotFoundException'{0x000000008a486398}: RegistryProcessorBeanInfo> (0x000000008a486398) thrown at [./src/hotspot/share/classfile/systemDictionary.cpp, line 231]
Event: 5.839 Thread 0x00000251fc849800 Exception <a 'java/lang/ClassNotFoundException'{0x000000008a490e68}: RegistryProcessorCustomizer> (0x000000008a490e68) thrown at [./src/hotspot/share/classfile/systemDictionary.cpp, line 231]
Event: 5.843 Thread 0x00000251fc849800 Exception <a 'java/lang/ClassNotFoundException'{0x000000008a4ee400}: org/gradle/util/GradleVersionBeanInfo> (0x000000008a4ee400) thrown at [./src/hotspot/share/classfile/systemDictionary.cpp, line 231]
Event: 5.844 Thread 0x00000251fc849800 Exception <a 'java/lang/ClassNotFoundException'{0x000000008a313440}: org/gradle/util/GradleVersionCustomizer> (0x000000008a313440) thrown at [./src/hotspot/share/classfile/systemDictionary.cpp, line 231]
Event: 5.853 Thread 0x00000251fc849800 Exception <a 'java/lang/ClassNotFoundException'{0x000000008a39d920}: org/jetbrains/plugins/gradle/tooling/internal/ExtraModelBuilderBeanInfo> (0x000000008a39d920) thrown at [./src/hotspot/share/classfile/systemDictionary.cpp, line 231]
Event: 5.854 Thread 0x00000251fc849800 Exception <a 'java/lang/ClassNotFoundException'{0x000000008a3a8e88}: org/jetbrains/plugins/gradle/tooling/internal/ExtraModelBuilderCustomizer> (0x000000008a3a8e88) thrown at [./src/hotspot/share/classfile/systemDictionary.cpp, line 231]
Event: 5.857 Thread 0x00000251fc849800 Exception <a 'java/lang/ClassNotFoundException'{0x000000008a3f2e38}: java/lang/ClassBeanInfo> (0x000000008a3f2e38) thrown at [./src/hotspot/share/classfile/systemDictionary.cpp, line 231]
Event: 5.857 Thread 0x00000251fc849800 Exception <a 'java/lang/ClassNotFoundException'{0x000000008a3faac0}: java/lang/ClassCustomizer> (0x000000008a3faac0) thrown at [./src/hotspot/share/classfile/systemDictionary.cpp, line 231]
Event: 5.869 Thread 0x00000251fc849800 Exception <a 'java/lang/ClassNotFoundException'{0x000000008a164180}: java/lang/StringBeanInfo> (0x000000008a164180) thrown at [./src/hotspot/share/classfile/systemDictionary.cpp, line 231]
Event: 5.869 Thread 0x00000251fc849800 Exception <a 'java/lang/ClassNotFoundException'{0x000000008a16c230}: java/lang/StringCustomizer> (0x000000008a16c230) thrown at [./src/hotspot/share/classfile/systemDictionary.cpp, line 231]
Event: 5.877 Thread 0x00000251fc849800 Exception <a 'java/lang/ClassNotFoundException'{0x000000008a005e20}: org/gradle/internal/classloader/VisitableURLClassLoaderBeanInfo> (0x000000008a005e20) thrown at [./src/hotspot/share/classfile/systemDictionary.cpp, line 231]
Event: 5.878 Thread 0x00000251fc849800 Exception <a 'java/lang/ClassNotFoundException'{0x000000008a00dfe0}: java/net/URLClassLoaderBeanInfo> (0x000000008a00dfe0) thrown at [./src/hotspot/share/classfile/systemDictionary.cpp, line 231]
Event: 5.878 Thread 0x00000251fc849800 Exception <a 'java/lang/ClassNotFoundException'{0x000000008a016348}: java/security/SecureClassLoaderBeanInfo> (0x000000008a016348) thrown at [./src/hotspot/share/classfile/systemDictionary.cpp, line 231]
Event: 5.878 Thread 0x00000251fc849800 Exception <a 'java/lang/ClassNotFoundException'{0x000000008a01e4d0}: java/lang/ClassLoaderBeanInfo> (0x000000008a01e4d0) thrown at [./src/hotspot/share/classfile/systemDictionary.cpp, line 231]
Event: 5.878 Thread 0x00000251fc849800 Exception <a 'java/lang/ClassNotFoundException'{0x000000008a026660}: java/lang/ClassLoaderCustomizer> (0x000000008a026660) thrown at [./src/hotspot/share/classfile/systemDictionary.cpp, line 231]
Event: 5.879 Thread 0x00000251fc849800 Exception <a 'java/lang/ClassNotFoundException'{0x000000008a03b718}: java/security/SecureClassLoaderCustomizer> (0x000000008a03b718) thrown at [./src/hotspot/share/classfile/systemDictionary.cpp, line 231]
Event: 5.880 Thread 0x00000251fc849800 Exception <a 'java/lang/ClassNotFoundException'{0x000000008a0459b8}: java/net/URLClassLoaderCustomizer> (0x000000008a0459b8) thrown at [./src/hotspot/share/classfile/systemDictionary.cpp, line 231]

Events (20 events):
Event: 5.878 loading class java/security/SecureClassLoaderBeanInfo
Event: 5.878 loading class java/security/SecureClassLoaderBeanInfo done
Event: 5.878 loading class java/security/SecureClassLoaderBeanInfo
Event: 5.878 loading class java/security/SecureClassLoaderBeanInfo done
Event: 5.878 loading class java/lang/ClassLoaderBeanInfo
Event: 5.878 loading class java/lang/ClassLoaderBeanInfo done
Event: 5.878 loading class java/lang/ClassLoaderBeanInfo
Event: 5.878 loading class java/lang/ClassLoaderBeanInfo done
Event: 5.878 loading class java/lang/ClassLoaderCustomizer
Event: 5.878 loading class java/lang/ClassLoaderCustomizer done
Event: 5.878 loading class java/lang/ClassLoaderCustomizer
Event: 5.878 loading class java/lang/ClassLoaderCustomizer done
Event: 5.879 loading class java/security/SecureClassLoaderCustomizer
Event: 5.879 loading class java/security/SecureClassLoaderCustomizer done
Event: 5.879 loading class java/security/SecureClassLoaderCustomizer
Event: 5.879 loading class java/security/SecureClassLoaderCustomizer done
Event: 5.879 loading class java/net/URLClassLoaderCustomizer
Event: 5.879 loading class java/net/URLClassLoaderCustomizer done
Event: 5.880 loading class java/net/URLClassLoaderCustomizer
Event: 5.880 loading class java/net/URLClassLoaderCustomizer done


Dynamic libraries:
0x00007ff6ba730000 - 0x00007ff6ba73a000 	C:\Program Files\Android\Android Studio\jre\bin\java.exe
0x00007ffa59550000 - 0x00007ffa59745000 	C:\WINDOWS\SYSTEM32\ntdll.dll
0x00007ffa58ee0000 - 0x00007ffa58f9d000 	C:\WINDOWS\System32\KERNEL32.DLL
0x00007ffa56c80000 - 0x00007ffa56f49000 	C:\WINDOWS\System32\KERNELBASE.dll
0x00007ffa574b0000 - 0x00007ffa575b0000 	C:\WINDOWS\System32\ucrtbase.dll
0x00007ff9f9450000 - 0x00007ff9f9469000 	C:\Program Files\Android\Android Studio\jre\bin\jli.dll
0x00007ffa38c90000 - 0x00007ffa38ca7000 	C:\Program Files\Android\Android Studio\jre\bin\VCRUNTIME140.dll
0x00007ffa587d0000 - 0x00007ffa58970000 	C:\WINDOWS\System32\USER32.dll
0x00007ffa47010000 - 0x00007ffa472aa000 	C:\WINDOWS\WinSxS\amd64_microsoft.windows.common-controls_6595b64144ccf1df_6.0.19041.1110_none_60b5254171f9507e\COMCTL32.dll
0x00007ffa58d00000 - 0x00007ffa58d9e000 	C:\WINDOWS\System32\msvcrt.dll
0x00007ffa57ac0000 - 0x00007ffa57aea000 	C:\WINDOWS\System32\GDI32.dll
0x00007ffa57060000 - 0x00007ffa57082000 	C:\WINDOWS\System32\win32u.dll
0x00007ffa572b0000 - 0x00007ffa573bb000 	C:\WINDOWS\System32\gdi32full.dll
0x00007ffa57410000 - 0x00007ffa574ad000 	C:\WINDOWS\System32\msvcp_win.dll
0x00007ffa58970000 - 0x00007ffa589a0000 	C:\WINDOWS\System32\IMM32.DLL
0x00007ff9e4410000 - 0x00007ff9e44ad000 	C:\Program Files\Android\Android Studio\jre\bin\msvcp140.dll
0x00007ff9f8960000 - 0x00007ff9f942f000 	C:\Program Files\Android\Android Studio\jre\bin\server\jvm.dll
0x00007ffa575d0000 - 0x00007ffa5767c000 	C:\WINDOWS\System32\ADVAPI32.dll
0x00007ffa57af0000 - 0x00007ffa57b8b000 	C:\WINDOWS\System32\sechost.dll
0x00007ffa58500000 - 0x00007ffa5862a000 	C:\WINDOWS\System32\RPCRT4.dll
0x00007ffa59420000 - 0x00007ffa59428000 	C:\WINDOWS\System32\PSAPI.DLL
0x00007ffa4e030000 - 0x00007ffa4e057000 	C:\WINDOWS\SYSTEM32\WINMM.dll
0x00007ffa42db0000 - 0x00007ffa42db9000 	C:\WINDOWS\SYSTEM32\WSOCK32.dll
0x00007ffa58690000 - 0x00007ffa586fb000 	C:\WINDOWS\System32\WS2_32.dll
0x00007ffa4fac0000 - 0x00007ffa4faca000 	C:\WINDOWS\SYSTEM32\VERSION.dll
0x00007ffa54bb0000 - 0x00007ffa54bc2000 	C:\WINDOWS\SYSTEM32\kernel.appcore.dll
0x00007ffa32ac0000 - 0x00007ffa32ad1000 	C:\Program Files\Android\Android Studio\jre\bin\verify.dll
0x00007ffa50620000 - 0x00007ffa50804000 	C:\WINDOWS\SYSTEM32\DBGHELP.DLL
0x00007ffa47950000 - 0x00007ffa4797c000 	C:\WINDOWS\SYSTEM32\dbgcore.DLL
0x00007ffa57220000 - 0x00007ffa572a3000 	C:\WINDOWS\System32\bcryptPrimitives.dll
0x00007ffa32a90000 - 0x00007ffa32ab9000 	C:\Program Files\Android\Android Studio\jre\bin\java.dll
0x00007ffa38de0000 - 0x00007ffa38deb000 	C:\Program Files\Android\Android Studio\jre\bin\jimage.dll
0x00007ffa32a70000 - 0x00007ffa32a88000 	C:\Program Files\Android\Android Studio\jre\bin\zip.dll
0x00007ffa57db0000 - 0x00007ffa584ef000 	C:\WINDOWS\System32\SHELL32.dll
0x00007ffa54db0000 - 0x00007ffa55540000 	C:\WINDOWS\SYSTEM32\windows.storage.dll
0x00007ffa57680000 - 0x00007ffa579d5000 	C:\WINDOWS\System32\combase.dll
0x00007ffa566e0000 - 0x00007ffa5670c000 	C:\WINDOWS\SYSTEM32\Wldp.dll
0x00007ffa57b90000 - 0x00007ffa57c3e000 	C:\WINDOWS\System32\SHCORE.dll
0x00007ffa57c40000 - 0x00007ffa57c95000 	C:\WINDOWS\System32\shlwapi.dll
0x00007ffa56bc0000 - 0x00007ffa56bdf000 	C:\WINDOWS\SYSTEM32\profapi.dll
0x00007ffa32a50000 - 0x00007ffa32a6a000 	C:\Program Files\Android\Android Studio\jre\bin\net.dll
0x00007ffa4bb10000 - 0x00007ffa4bc18000 	C:\WINDOWS\SYSTEM32\WINHTTP.dll
0x00007ffa56440000 - 0x00007ffa564aa000 	C:\WINDOWS\system32\mswsock.dll
0x00007ffa31830000 - 0x00007ffa31844000 	C:\Program Files\Android\Android Studio\jre\bin\nio.dll
0x00007ff9f61a0000 - 0x00007ff9f61c7000 	C:\Users\danie\.gradle\native\8bec1ad78214c89d9ad589b4d07fe93259594b29d510b10fafb7a158f7737e5d\windows-amd64\native-platform.dll
0x00007ff9ed660000 - 0x00007ff9ed79d000 	C:\Users\danie\.gradle\native\53dbd7edfb1c66fb8903c78663c9afc45aea4f116125fa6feffd364cf09443e8\windows-amd64\native-platform-file-events.dll
0x00007ffa38660000 - 0x00007ffa3866a000 	C:\Program Files\Android\Android Studio\jre\bin\management.dll
0x00007ffa34530000 - 0x00007ffa3453c000 	C:\Program Files\Android\Android Studio\jre\bin\management_ext.dll
0x00007ffa56630000 - 0x00007ffa56648000 	C:\WINDOWS\SYSTEM32\CRYPTSP.dll
0x00007ffa55d50000 - 0x00007ffa55d84000 	C:\WINDOWS\system32\rsaenh.dll
0x00007ffa57090000 - 0x00007ffa570b7000 	C:\WINDOWS\System32\bcrypt.dll
0x00007ffa56b80000 - 0x00007ffa56bae000 	C:\WINDOWS\SYSTEM32\USERENV.dll
0x00007ffa56650000 - 0x00007ffa5665c000 	C:\WINDOWS\SYSTEM32\CRYPTBASE.dll
0x00007ffa560e0000 - 0x00007ffa5611b000 	C:\WINDOWS\SYSTEM32\IPHLPAPI.DLL
0x00007ffa584f0000 - 0x00007ffa584f8000 	C:\WINDOWS\System32\NSI.dll
0x00007ffa505f0000 - 0x00007ffa50607000 	C:\WINDOWS\SYSTEM32\dhcpcsvc6.DLL
0x00007ffa505d0000 - 0x00007ffa505ed000 	C:\WINDOWS\SYSTEM32\dhcpcsvc.DLL
0x00007ffa56120000 - 0x00007ffa561ec000 	C:\WINDOWS\SYSTEM32\DNSAPI.dll
0x00007ffa31090000 - 0x00007ffa310e5000 	C:\WINDOWS\SYSTEM32\symsrv.dll

dbghelp: loaded successfully - version: 4.0.5 - missing functions: none
symbol engine: initialized successfully - sym options: 0x614 - pdb path: .;C:\Program Files\Android\Android Studio\jre\bin;C:\WINDOWS\SYSTEM32;C:\WINDOWS\WinSxS\amd64_microsoft.windows.common-controls_6595b64144ccf1df_6.0.19041.1110_none_60b5254171f9507e;C:\Program Files\Android\Android Studio\jre\bin\server;C:\Users\danie\.gradle\native\8bec1ad78214c89d9ad589b4d07fe93259594b29d510b10fafb7a158f7737e5d\windows-amd64;C:\Users\danie\.gradle\native\53dbd7edfb1c66fb8903c78663c9afc45aea4f116125fa6feffd364cf09443e8\windows-amd64

VM Arguments:
jvm_args: --add-opens=java.base/java.util=ALL-UNNAMED --add-opens=java.base/java.lang=ALL-UNNAMED --add-opens=java.base/java.lang.invoke=ALL-UNNAMED --add-opens=java.base/java.util=ALL-UNNAMED --add-opens=java.prefs/java.util.prefs=ALL-UNNAMED --add-opens=java.prefs/java.util.prefs=ALL-UNNAMED --add-opens=java.base/java.nio.charset=ALL-UNNAMED --add-opens=java.base/java.net=ALL-UNNAMED --add-opens=java.base/java.util.concurrent.atomic=ALL-UNNAMED -Xmx2048m -Dfile.encoding=UTF-8 -Duser.country=NZ -Duser.language=en -Duser.variant 
java_command: org.gradle.launcher.daemon.bootstrap.GradleDaemon 7.0.2
java_class_path (initial): C:\Users\danie\.gradle\wrapper\dists\gradle-7.0.2-bin\857tjihv64xamwrf0h14cai3r\gradle-7.0.2\lib\gradle-launcher-7.0.2.jar
Launcher Type: SUN_STANDARD

[Global flags]
     intx CICompilerCount                          = 3                                         {product} {ergonomic}
     uint ConcGCThreads                            = 1                                         {product} {ergonomic}
     uint G1ConcRefinementThreads                  = 4                                         {product} {ergonomic}
   size_t G1HeapRegionSize                         = 1048576                                   {product} {ergonomic}
    uintx GCDrainStackTargetSize                   = 64                                        {product} {ergonomic}
   size_t InitialHeapSize                          = 268435456                                 {product} {ergonomic}
   size_t MarkStackSize                            = 4194304                                   {product} {ergonomic}
   size_t MaxHeapSize                              = 2147483648                                {product} {command line}
   size_t MaxNewSize                               = 1287651328                                {product} {ergonomic}
   size_t MinHeapDeltaBytes                        = 1048576                                   {product} {ergonomic}
    uintx NonNMethodCodeHeapSize                   = 5830732                                {pd product} {ergonomic}
    uintx NonProfiledCodeHeapSize                  = 122913754                              {pd product} {ergonomic}
    uintx ProfiledCodeHeapSize                     = 122913754                              {pd product} {ergonomic}
    uintx ReservedCodeCacheSize                    = 251658240                              {pd product} {ergonomic}
     bool SegmentedCodeCache                       = true                                      {product} {ergonomic}
     bool UseCompressedClassPointers               = true                                 {lp64_product} {ergonomic}
     bool UseCompressedOops                        = true                                 {lp64_product} {ergonomic}
     bool UseG1GC                                  = true                                      {product} {ergonomic}
     bool UseLargePagesIndividualAllocation        = false                                  {pd product} {ergonomic}

Logging:
Log output configuration:
 #0: stdout all=warning uptime,level,tags
 #1: stderr all=off uptime,level,tags

Environment Variables:
PATH=C:\Python39\Scripts\;C:\Python39\;C:\Program Files (x86)\NVIDIA Corporation\PhysX\Common;C:\Program Files (x86)\Common Files\Oracle\Java\javapath;C:\WINDOWS\system32;C:\WINDOWS;C:\WINDOWS\System32\Wbem;C:\WINDOWS\System32\WindowsPowerShell\v1.0\;C:\WINDOWS\System32\OpenSSH\;C:\Program Files\Microsoft SQL Server\130\Tools\Binn\;C:\ProgramData\chocolatey\bin;C:\Program Files (x86)\IVI Foundation\VISA\WinNT\Bin;C:\Program Files\Git\cmd;C:\Program Files\nodejs\;C:\Users\danie\AppData\Local\Microsoft\WindowsApps;;C:\Users\danie\AppData\Local\Programs\Microsoft VS Code\bin;C:\Users\danie\AppData\Roaming\npm
USERNAME=danie
OS=Windows_NT
PROCESSOR_IDENTIFIER=AMD64 Family 23 Model 24 Stepping 1, AuthenticAMD



---------------  S Y S T E M  ---------------

OS: Windows 10 , 64 bit Build 19041 (10.0.19041.1151)
OS uptime: 0 days 21:04 hours

CPU:total 4 (initial active 4) (4 cores per cpu, 1 threads per core) family 23 model 24 stepping 1 microcode 0x0, cmov, cx8, fxsr, mmx, sse, sse2, sse3, ssse3, sse4.1, sse4.2, popcnt, avx, avx2, aes, clmul, mmxext, 3dnowpref, lzcnt, sse4a, tsc, tscinvbit, tscinv, bmi1, bmi2, adx, sha, 

Memory: 4k page, system-wide physical 16312M (4579M free)
TotalPageFile size 16312M (AvailPageFile size 5M)
current process WorkingSet (physical memory assigned to process): 294M, peak: 294M
current process commit charge ("private bytes"): 446M, peak: 446M

vm_info: OpenJDK 64-Bit Server VM (11.0.10+0-b96-7249189) for windows-amd64 JRE (11.0.10+0-b96-7249189), built on Mar 31 2021 21:44:00 by "builder" with MS VC++ 14.0 (VS2015)

END.
