#
# There is insufficient memory for the Java Runtime Environment to continue.
# Native memory allocation (malloc) failed to allocate 2281136 bytes for Chunk::new
# Possible reasons:
#   The system is out of physical RAM or swap space
#   The process is running with CompressedOops enabled, and the Java Heap may be blocking the growth of the native heap
# Possible solutions:
#   Reduce memory load on the system
#   Increase physical memory or swap space
#   Check if swap backing store is full
#   Decrease Java heap size (-Xmx/-Xms)
#   Decrease number of Java threads
#   Decrease Java thread stack sizes (-Xss)
#   Set larger code cache with -XX:ReservedCodeCacheSize=
#   JVM is running with Unscaled Compressed Oops mode in which the Java heap is
#     placed in the first 4GB address space. The Java Heap base address is the
#     maximum limit for the native heap growth. Please use -XX:HeapBaseMinAddress
#     to set the Java Heap base and to place the Java Heap above 4GB virtual address.
# This output file may be truncated or incomplete.
#
#  Out of Memory Error (./src/hotspot/share/memory/arena.cpp:197), pid=3416, tid=5752
#
# JRE version: OpenJDK Runtime Environment (11.0.10) (build 11.0.10+0-b96-7249189)
# Java VM: OpenJDK 64-Bit Server VM (11.0.10+0-b96-7249189, mixed mode, tiered, compressed oops, g1 gc, windows-amd64)
# No core dump will be written. Minidumps are not enabled by default on client versions of Windows
#

---------------  S U M M A R Y ------------

Command Line: --add-opens=java.base/java.util=ALL-UNNAMED --add-opens=java.base/java.lang=ALL-UNNAMED --add-opens=java.base/java.lang.invoke=ALL-UNNAMED --add-opens=java.base/java.util=ALL-UNNAMED --add-opens=java.prefs/java.util.prefs=ALL-UNNAMED --add-opens=java.prefs/java.util.prefs=ALL-UNNAMED --add-opens=java.base/java.nio.charset=ALL-UNNAMED --add-opens=java.base/java.net=ALL-UNNAMED --add-opens=java.base/java.util.concurrent.atomic=ALL-UNNAMED -Xmx2048m -Dfile.encoding=UTF-8 -Duser.country=NZ -Duser.language=en -Duser.variant org.gradle.launcher.daemon.bootstrap.GradleDaemon 7.0.2

Host: AMD Ryzen 3 3200G with Radeon Vega Graphics    , 4 cores, 15G,  Windows 10 , 64 bit Build 19041 (10.0.19041.1151)
Time: Fri Sep 17 21:57:52 2021 New Zealand Standard Time elapsed time: 4144.038388 seconds (0d 1h 9m 4s)

---------------  T H R E A D  ---------------

Current thread (0x000002015d927000):  JavaThread "C2 CompilerThread0" daemon [_thread_in_native, id=5752, stack(0x00000062ebd00000,0x00000062ebe00000)]


Current CompileTask:
C2:4144038 31616 %     4       jdk.nio.zipfs.ZipFileSystem::initCEN @ 188 (411 bytes)

Stack: [0x00000062ebd00000,0x00000062ebe00000]
Native frames: (J=compiled Java code, j=interpreted, Vv=VM code, C=native code)
V  [jvm.dll+0x5ecfaa]
V  [jvm.dll+0x722bd5]
V  [jvm.dll+0x72412d]
V  [jvm.dll+0x7247e3]
V  [jvm.dll+0x242928]
V  [jvm.dll+0xbc4fc]
V  [jvm.dll+0xbca0c]
V  [jvm.dll+0x352d7d]
V  [jvm.dll+0x320ad3]
V  [jvm.dll+0x31ffca]
V  [jvm.dll+0x1fb602]
V  [jvm.dll+0x1fa7f4]
V  [jvm.dll+0x18354c]
V  [jvm.dll+0x208ee7]
V  [jvm.dll+0x207731]
V  [jvm.dll+0x6eb1cf]
V  [jvm.dll+0x6e3d45]
V  [jvm.dll+0x5ebe96]
C  [ucrtbase.dll+0x21bb2]
C  [KERNEL32.DLL+0x17034]
C  [ntdll.dll+0x52651]


---------------  P R O C E S S  ---------------

Threads class SMR info:
_java_thread_list=0x0000020166eafe30, length=63, elements={
0x000002014347a000, 0x000002015d8c1800, 0x000002015d8c3800, 0x000002015d922000,
0x000002015d925000, 0x000002015d926000, 0x000002015d927000, 0x000002015d92a800,
0x000002015d98d000, 0x000002015da89000, 0x000002016013a000, 0x000002015ee2c000,
0x000002015e70d800, 0x000002015fb46000, 0x000002015fb47000, 0x000002015fb4c000,
0x000002015fb4a000, 0x000002015fb4c800, 0x0000020161d58000, 0x0000020161d5c000,
0x0000020161d5d000, 0x0000020161d59000, 0x0000020161d5a000, 0x0000020161d66000,
0x0000020161d60800, 0x00000201672fd000, 0x00000201672fe000, 0x000002015fb48000,
0x000002015fb48800, 0x00000201647ba800, 0x00000201672fb800, 0x0000020161d5a800,
0x0000020161d5b800, 0x0000020161d65000, 0x0000020161d67000, 0x0000020161d61000,
0x0000020161d63800, 0x0000020161d62000, 0x0000020161d64800, 0x0000020163d76000,
0x0000020163d79000, 0x0000020163d78800, 0x0000020163d7a000, 0x0000020163d7c800,
0x0000020163d7b000, 0x0000020163d7b800, 0x0000020163d7d800, 0x0000020163d77800,
0x0000020163d7f000, 0x0000020163d83000, 0x0000020163d7e000, 0x0000020163d82000,
0x0000020163d84000, 0x0000020163d84800, 0x0000020163d80000, 0x00000201672f0000,
0x00000201672f2800, 0x00000201672ef000, 0x00000201672f5800, 0x00000201672f6800,
0x00000201672f1000, 0x00000201672f7800, 0x00000201672f8000
}

Java Threads: ( => current thread )
  0x000002014347a000 JavaThread "main" [_thread_blocked, id=6916, stack(0x00000062eb100000,0x00000062eb200000)]
  0x000002015d8c1800 JavaThread "Reference Handler" daemon [_thread_blocked, id=8708, stack(0x00000062eb800000,0x00000062eb900000)]
  0x000002015d8c3800 JavaThread "Finalizer" daemon [_thread_blocked, id=9100, stack(0x00000062eb900000,0x00000062eba00000)]
  0x000002015d922000 JavaThread "Signal Dispatcher" daemon [_thread_blocked, id=8528, stack(0x00000062eba00000,0x00000062ebb00000)]
  0x000002015d925000 JavaThread "Attach Listener" daemon [_thread_blocked, id=3584, stack(0x00000062ebb00000,0x00000062ebc00000)]
  0x000002015d926000 JavaThread "Service Thread" daemon [_thread_blocked, id=8840, stack(0x00000062ebc00000,0x00000062ebd00000)]
=>0x000002015d927000 JavaThread "C2 CompilerThread0" daemon [_thread_in_native, id=5752, stack(0x00000062ebd00000,0x00000062ebe00000)]
  0x000002015d92a800 JavaThread "C1 CompilerThread0" daemon [_thread_blocked, id=7028, stack(0x00000062ebe00000,0x00000062ebf00000)]
  0x000002015d98d000 JavaThread "Sweeper thread" daemon [_thread_blocked, id=11672, stack(0x00000062ebf00000,0x00000062ec000000)]
  0x000002015da89000 JavaThread "Common-Cleaner" daemon [_thread_blocked, id=11844, stack(0x00000062ec000000,0x00000062ec100000)]
  0x000002016013a000 JavaThread "Daemon health stats" [_thread_blocked, id=9244, stack(0x00000062ec600000,0x00000062ec700000)]
  0x000002015ee2c000 JavaThread "Incoming local TCP Connector on port 49478" [_thread_in_native, id=4740, stack(0x00000062ec200000,0x00000062ec300000)]
  0x000002015e70d800 JavaThread "Daemon periodic checks" [_thread_blocked, id=6356, stack(0x00000062ec700000,0x00000062ec800000)]
  0x000002015fb46000 JavaThread "Cache worker for file hash cache (C:\Users\danie\.gradle\caches\7.0.2\fileHashes)" [_thread_blocked, id=9920, stack(0x00000062ecf00000,0x00000062ed000000)]
  0x000002015fb47000 JavaThread "File lock request listener" [_thread_in_native, id=8216, stack(0x00000062ed000000,0x00000062ed100000)]
  0x000002015fb4c000 JavaThread "Cache worker for journal cache (C:\Users\danie\.gradle\caches\journal-1)" [_thread_blocked, id=8648, stack(0x00000062ed100000,0x00000062ed200000)]
  0x000002015fb4a000 JavaThread "File watcher server" daemon [_thread_in_native, id=2572, stack(0x00000062ed400000,0x00000062ed500000)]
  0x000002015fb4c800 JavaThread "File watcher consumer" daemon [_thread_blocked, id=9716, stack(0x00000062ed500000,0x00000062ed600000)]
  0x0000020161d58000 JavaThread "Cache worker for execution history cache (C:\Users\danie\.gradle\caches\7.0.2\executionHistory)" [_thread_blocked, id=7444, stack(0x00000062ed900000,0x00000062eda00000)]
  0x0000020161d5c000 JavaThread "jar transforms" [_thread_blocked, id=7552, stack(0x00000062eda00000,0x00000062edb00000)]
  0x0000020161d5d000 JavaThread "jar transforms Thread 2" [_thread_blocked, id=7416, stack(0x00000062edb00000,0x00000062edc00000)]
  0x0000020161d59000 JavaThread "Cache worker for file content cache (C:\Users\danie\.gradle\caches\7.0.2\fileContent)" [_thread_blocked, id=7704, stack(0x00000062edc00000,0x00000062edd00000)]
  0x0000020161d5a000 JavaThread "jar transforms Thread 3" [_thread_blocked, id=11704, stack(0x00000062ede00000,0x00000062edf00000)]
  0x0000020161d66000 JavaThread "jar transforms Thread 4" [_thread_blocked, id=11856, stack(0x00000062ee400000,0x00000062ee500000)]
  0x0000020161d60800 JavaThread "Memory manager" [_thread_blocked, id=11800, stack(0x00000062ee500000,0x00000062ee600000)]
  0x00000201672fd000 JavaThread "RMI Scheduler(0)" daemon [_thread_blocked, id=3192, stack(0x00000062ee100000,0x00000062ee200000)]
  0x00000201672fe000 JavaThread "RMI GC Daemon" daemon [_thread_blocked, id=11848, stack(0x00000062eea00000,0x00000062eeb00000)]
  0x000002015fb48000 JavaThread "RMI TCP Accept-0" daemon [_thread_in_native, id=3512, stack(0x00000062eeb00000,0x00000062eec00000)]
  0x000002015fb48800 JavaThread "RMI Reaper" [_thread_blocked, id=5424, stack(0x00000062eec00000,0x00000062eed00000)]
  0x00000201647ba800 JavaThread "Cache worker for Java compile cache (C:\Users\danie\.gradle\caches\7.0.2\javaCompile)" [_thread_blocked, id=2664, stack(0x00000062ed800000,0x00000062ed900000)]
  0x00000201672fb800 JavaThread "ForkJoinPool.commonPool-worker-1" daemon [_thread_blocked, id=1956, stack(0x00000062ef800000,0x00000062ef900000)]
  0x0000020161d5a800 JavaThread "RMI TCP Connection(31)-127.0.0.1" daemon [_thread_in_native, id=6544, stack(0x00000062eaf00000,0x00000062eb000000)]
  0x0000020161d5b800 JavaThread "Daemon Thread 9" [_thread_blocked, id=9672, stack(0x00000062eb000000,0x00000062eb100000)]
  0x0000020161d65000 JavaThread "Handler for socket connection from /127.0.0.1:49478 to /127.0.0.1:52088" [_thread_in_native, id=8792, stack(0x00000062ec800000,0x00000062ec900000)]
  0x0000020161d67000 JavaThread "Cancel handler" [_thread_blocked, id=5820, stack(0x00000062ec900000,0x00000062eca00000)]
  0x0000020161d61000 JavaThread "Daemon worker Thread 9" [_thread_blocked, id=824, stack(0x00000062eca00000,0x00000062ecb00000)]
  0x0000020161d63800 JavaThread "Asynchronous log dispatcher for DefaultDaemonConnection: socket connection from /127.0.0.1:49478 to /127.0.0.1:52088" [_thread_blocked, id=7616, stack(0x00000062ecb00000,0x00000062ecc00000)]
  0x0000020161d62000 JavaThread "Stdin handler" [_thread_blocked, id=7508, stack(0x00000062ecc00000,0x00000062ecd00000)]
  0x0000020161d64800 JavaThread "Daemon client event forwarder" [_thread_blocked, id=11136, stack(0x00000062ecd00000,0x00000062ece00000)]
  0x0000020163d76000 JavaThread "Cache worker for file hash cache (C:\Users\danie\AndroidStudioProjects\Choice\.gradle\7.0.2\fileHashes)" [_thread_blocked, id=6776, stack(0x00000062ece00000,0x00000062ecf00000)]
  0x0000020163d79000 JavaThread "Cache worker for checksums cache (C:\Users\danie\AndroidStudioProjects\Choice\.gradle\checksums)" [_thread_blocked, id=5568, stack(0x00000062ed200000,0x00000062ed300000)]
  0x0000020163d78800 JavaThread "Cache worker for cache directory md-supplier (C:\Users\danie\.gradle\caches\7.0.2\md-supplier)" [_thread_blocked, id=6376, stack(0x00000062ed300000,0x00000062ed400000)]
  0x0000020163d7a000 JavaThread "Cache worker for cache directory md-rule (C:\Users\danie\.gradle\caches\7.0.2\md-rule)" [_thread_blocked, id=10600, stack(0x00000062ed600000,0x00000062ed700000)]
  0x0000020163d7c800 JavaThread "Cache worker for dependencies-accessors (C:\Users\danie\AndroidStudioProjects\Choice\.gradle\7.0.2\dependencies-accessors)" [_thread_blocked, id=5956, stack(0x00000062ed700000,0x00000062ed800000)]
  0x0000020163d7b000 JavaThread "Cache worker for Build Output Cleanup Cache (C:\Users\danie\AndroidStudioProjects\Choice\.gradle\buildOutputCleanup)" [_thread_blocked, id=8260, stack(0x00000062edd00000,0x00000062ede00000)]
  0x0000020163d7b800 JavaThread "Build operations" [_thread_blocked, id=1320, stack(0x00000062edf00000,0x00000062ee000000)]
  0x0000020163d7d800 JavaThread "Build operations Thread 2" [_thread_blocked, id=5616, stack(0x00000062ee000000,0x00000062ee100000)]
  0x0000020163d77800 JavaThread "Build operations Thread 3" [_thread_blocked, id=9724, stack(0x00000062ee200000,0x00000062ee300000)]
  0x0000020163d7f000 JavaThread "Build operations Thread 4" [_thread_blocked, id=2060, stack(0x00000062ee300000,0x00000062ee400000)]
  0x0000020163d83000 JavaThread "build event listener" [_thread_blocked, id=11144, stack(0x00000062ee700000,0x00000062ee800000)]
  0x0000020163d7e000 JavaThread "Execution worker for ':'" [_thread_blocked, id=11536, stack(0x00000062ee800000,0x00000062ee900000)]
  0x0000020163d82000 JavaThread "Execution worker for ':' Thread 2" [_thread_blocked, id=6984, stack(0x00000062ee900000,0x00000062eea00000)]
  0x0000020163d84000 JavaThread "Execution worker for ':' Thread 3" [_thread_blocked, id=4652, stack(0x00000062eed00000,0x00000062eee00000)]
  0x0000020163d84800 JavaThread "Cache worker for execution history cache (C:\Users\danie\AndroidStudioProjects\Choice\.gradle\7.0.2\executionHistory)" [_thread_blocked, id=2852, stack(0x00000062eee00000,0x00000062eef00000)]
  0x0000020163d80000 JavaThread "WorkerExecutor Queue" [_thread_blocked, id=7856, stack(0x00000062eef00000,0x00000062ef000000)]
  0x00000201672f0000 JavaThread "WorkerExecutor Queue Thread 2" [_thread_blocked, id=5640, stack(0x00000062ef000000,0x00000062ef100000)]
  0x00000201672f2800 JavaThread "pool-40-thread-1" [_thread_blocked, id=8564, stack(0x00000062ef100000,0x00000062ef200000)]
  0x00000201672ef000 JavaThread "stderr" [_thread_in_native, id=5768, stack(0x00000062ef200000,0x00000062ef300000)]
  0x00000201672f5800 JavaThread "stdout" [_thread_in_native, id=2304, stack(0x00000062ef300000,0x00000062ef400000)]
  0x00000201672f6800 JavaThread "RMI TCP Connection(32)-127.0.0.1" daemon [_thread_in_native, id=8308, stack(0x00000062ef500000,0x00000062ef600000)]
  0x00000201672f1000 JavaThread "RMI TCP Connection(33)-127.0.0.1" daemon [_thread_in_native, id=8496, stack(0x00000062ef600000,0x00000062ef700000)]
  0x00000201672f7800 JavaThread "Cache worker for Java compile cache (C:\Users\danie\AndroidStudioProjects\Choice\.gradle\7.0.2\javaCompile)" [_thread_blocked, id=10572, stack(0x00000062ee600000,0x00000062ee700000)]
  0x00000201672f8000 JavaThread "C2 CompilerThread1" daemon [_thread_in_native, id=8568, stack(0x00000062ef400000,0x00000062ef500000)]

Other Threads:
  0x000002015d095000 VMThread "VM Thread" [stack: 0x00000062eb700000,0x00000062eb800000] [id=8156]
  0x000002015dabb000 WatcherThread [stack: 0x00000062ec100000,0x00000062ec200000] [id=11740]
  0x0000020143493000 GCTaskThread "GC Thread#0" [stack: 0x00000062eb200000,0x00000062eb300000] [id=6924]
  0x000002015db62000 GCTaskThread "GC Thread#1" [stack: 0x00000062ec300000,0x00000062ec400000] [id=11836]
  0x000002015db65000 GCTaskThread "GC Thread#2" [stack: 0x00000062ec400000,0x00000062ec500000] [id=11736]
  0x000002015e1db000 GCTaskThread "GC Thread#3" [stack: 0x00000062ec500000,0x00000062ec600000] [id=11804]
  0x00000201434c2800 ConcurrentGCThread "G1 Main Marker" [stack: 0x00000062eb300000,0x00000062eb400000] [id=6920]
  0x00000201434c4000 ConcurrentGCThread "G1 Conc#0" [stack: 0x00000062eb400000,0x00000062eb500000] [id=6620]
  0x000002014355d800 ConcurrentGCThread "G1 Refine#0" [stack: 0x00000062eb500000,0x00000062eb600000] [id=8492]
  0x000002015cf04800 ConcurrentGCThread "G1 Young RemSet Sampling" [stack: 0x00000062eb600000,0x00000062eb700000] [id=8972]

Threads with active compile tasks:
C2 CompilerThread04144066 31616 %     4       jdk.nio.zipfs.ZipFileSystem::initCEN @ 188 (411 bytes)
C2 CompilerThread14144066 31617 % !   4       jdk.nio.zipfs.ZipFileSystem::buildNodeTree @ 102 (285 bytes)

VM state:at safepoint (normal execution)

VM Mutex/Monitor currently owned by a thread:  ([mutex/lock_event])
[0x0000020143475880] Threads_lock - owner thread: 0x000002015d095000
[0x0000020143476e70] Heap_lock - owner thread: 0x00000201434c2800

Heap address: 0x0000000080000000, size: 2048 MB, Compressed Oops mode: 32-bit
Narrow klass base: 0x0000000000000000, Narrow klass shift: 3
Compressed class space size: 1073741824 Address: 0x0000000100000000

Heap:
 garbage-first heap   total 262144K, used 142561K [0x0000000080000000, 0x0000000100000000)
  region size 1024K, 13 young (13312K), 2 survivors (2048K)
 Metaspace       used 140308K, capacity 145329K, committed 145432K, reserved 1175552K
  class space    used 17220K, capacity 19021K, committed 19072K, reserved 1048576K
Heap Regions: E=young(eden), S=young(survivor), O=old, HS=humongous(starts), HC=humongous(continues), CS=collection set, F=free, A=archive, TAMS=top-at-mark-start (previous, next)
|   0|0x0000000080000000, 0x0000000080100000, 0x0000000080100000|100%| O|  |TAMS 0x0000000080100000, 0x0000000080100000| Untracked 
|   1|0x0000000080100000, 0x0000000080200000, 0x0000000080200000|100%| O|  |TAMS 0x0000000080200000, 0x0000000080200000| Untracked 
|   2|0x0000000080200000, 0x0000000080300000, 0x0000000080300000|100%| O|  |TAMS 0x0000000080300000, 0x0000000080300000| Untracked 
|   3|0x0000000080300000, 0x0000000080400000, 0x0000000080400000|100%|HS|  |TAMS 0x0000000080400000, 0x0000000080400000| Complete 
|   4|0x0000000080400000, 0x0000000080500000, 0x0000000080500000|100%|HC|  |TAMS 0x0000000080500000, 0x0000000080500000| Complete 
|   5|0x0000000080500000, 0x0000000080600000, 0x0000000080600000|100%|HC|  |TAMS 0x0000000080600000, 0x0000000080600000| Complete 
|   6|0x0000000080600000, 0x0000000080700000, 0x0000000080700000|100%| O|  |TAMS 0x0000000080700000, 0x0000000080700000| Untracked 
|   7|0x0000000080700000, 0x0000000080800000, 0x0000000080800000|100%| O|  |TAMS 0x0000000080800000, 0x0000000080800000| Untracked 
|   8|0x0000000080800000, 0x0000000080900000, 0x0000000080900000|100%| O|  |TAMS 0x0000000080900000, 0x0000000080900000| Untracked 
|   9|0x0000000080900000, 0x0000000080a00000, 0x0000000080a00000|100%| O|  |TAMS 0x0000000080a00000, 0x0000000080a00000| Untracked 
|  10|0x0000000080a00000, 0x0000000080b00000, 0x0000000080b00000|100%| O|  |TAMS 0x0000000080b00000, 0x0000000080b00000| Untracked 
|  11|0x0000000080b00000, 0x0000000080c00000, 0x0000000080c00000|100%| O|  |TAMS 0x0000000080c00000, 0x0000000080c00000| Untracked 
|  12|0x0000000080c00000, 0x0000000080d00000, 0x0000000080d00000|100%| O|  |TAMS 0x0000000080d00000, 0x0000000080d00000| Untracked 
|  13|0x0000000080d00000, 0x0000000080e00000, 0x0000000080e00000|100%| O|  |TAMS 0x0000000080e00000, 0x0000000080e00000| Untracked 
|  14|0x0000000080e00000, 0x0000000080f00000, 0x0000000080f00000|100%|HS|  |TAMS 0x0000000080f00000, 0x0000000080f00000| Complete 
|  15|0x0000000080f00000, 0x0000000081000000, 0x0000000081000000|100%|HS|  |TAMS 0x0000000081000000, 0x0000000081000000| Complete 
|  16|0x0000000081000000, 0x0000000081100000, 0x0000000081100000|100%|HS|  |TAMS 0x0000000081100000, 0x0000000081100000| Complete 
|  17|0x0000000081100000, 0x0000000081200000, 0x0000000081200000|100%| O|  |TAMS 0x0000000081200000, 0x0000000081200000| Untracked 
|  18|0x0000000081200000, 0x0000000081300000, 0x0000000081300000|100%| O|  |TAMS 0x0000000081300000, 0x0000000081300000| Untracked 
|  19|0x0000000081300000, 0x0000000081400000, 0x0000000081400000|100%| O|  |TAMS 0x0000000081400000, 0x0000000081400000| Untracked 
|  20|0x0000000081400000, 0x0000000081500000, 0x0000000081500000|100%|HS|  |TAMS 0x0000000081500000, 0x0000000081500000| Complete 
|  21|0x0000000081500000, 0x0000000081600000, 0x0000000081600000|100%|HC|  |TAMS 0x0000000081600000, 0x0000000081600000| Complete 
|  22|0x0000000081600000, 0x0000000081700000, 0x0000000081700000|100%|HC|  |TAMS 0x0000000081700000, 0x0000000081700000| Complete 
|  23|0x0000000081700000, 0x0000000081800000, 0x0000000081800000|100%|HS|  |TAMS 0x0000000081800000, 0x0000000081800000| Complete 
|  24|0x0000000081800000, 0x0000000081900000, 0x0000000081900000|100%|HC|  |TAMS 0x0000000081900000, 0x0000000081900000| Complete 
|  25|0x0000000081900000, 0x0000000081a00000, 0x0000000081a00000|100%| O|  |TAMS 0x0000000081a00000, 0x0000000081a00000| Untracked 
|  26|0x0000000081a00000, 0x0000000081b00000, 0x0000000081b00000|100%| O|  |TAMS 0x0000000081b00000, 0x0000000081b00000| Untracked 
|  27|0x0000000081b00000, 0x0000000081c00000, 0x0000000081c00000|100%| O|  |TAMS 0x0000000081c00000, 0x0000000081c00000| Untracked 
|  28|0x0000000081c00000, 0x0000000081d00000, 0x0000000081d00000|100%| O|  |TAMS 0x0000000081d00000, 0x0000000081d00000| Untracked 
|  29|0x0000000081d00000, 0x0000000081e00000, 0x0000000081e00000|100%| O|  |TAMS 0x0000000081e00000, 0x0000000081e00000| Untracked 
|  30|0x0000000081e00000, 0x0000000081f00000, 0x0000000081f00000|100%| O|  |TAMS 0x0000000081f00000, 0x0000000081f00000| Untracked 
|  31|0x0000000081f00000, 0x0000000082000000, 0x0000000082000000|100%| O|  |TAMS 0x0000000082000000, 0x0000000082000000| Untracked 
|  32|0x0000000082000000, 0x0000000082100000, 0x0000000082100000|100%| O|  |TAMS 0x0000000082100000, 0x0000000082100000| Untracked 
|  33|0x0000000082100000, 0x0000000082200000, 0x0000000082200000|100%| O|  |TAMS 0x0000000082200000, 0x0000000082200000| Untracked 
|  34|0x0000000082200000, 0x0000000082300000, 0x0000000082300000|100%| O|  |TAMS 0x0000000082300000, 0x0000000082300000| Untracked 
|  35|0x0000000082300000, 0x0000000082400000, 0x0000000082400000|100%| O|  |TAMS 0x0000000082400000, 0x0000000082400000| Untracked 
|  36|0x0000000082400000, 0x0000000082500000, 0x0000000082500000|100%| O|  |TAMS 0x0000000082500000, 0x0000000082500000| Untracked 
|  37|0x0000000082500000, 0x0000000082600000, 0x0000000082600000|100%| O|  |TAMS 0x0000000082600000, 0x0000000082600000| Untracked 
|  38|0x0000000082600000, 0x0000000082700000, 0x0000000082700000|100%| O|  |TAMS 0x0000000082700000, 0x0000000082700000| Untracked 
|  39|0x0000000082700000, 0x0000000082800000, 0x0000000082800000|100%| O|  |TAMS 0x00000000827d8000, 0x0000000082800000| Untracked 
|  40|0x0000000082800000, 0x0000000082900000, 0x0000000082900000|100%| O|  |TAMS 0x0000000082900000, 0x0000000082900000| Untracked 
|  41|0x0000000082900000, 0x0000000082a00000, 0x0000000082a00000|100%| O|  |TAMS 0x0000000082a00000, 0x0000000082a00000| Untracked 
|  42|0x0000000082a00000, 0x0000000082b00000, 0x0000000082b00000|100%| O|  |TAMS 0x0000000082b00000, 0x0000000082b00000| Untracked 
|  43|0x0000000082b00000, 0x0000000082c00000, 0x0000000082c00000|100%| O|  |TAMS 0x0000000082c00000, 0x0000000082c00000| Untracked 
|  44|0x0000000082c00000, 0x0000000082d00000, 0x0000000082d00000|100%| O|  |TAMS 0x0000000082d00000, 0x0000000082d00000| Untracked 
|  45|0x0000000082d00000, 0x0000000082e00000, 0x0000000082e00000|100%| O|  |TAMS 0x0000000082e00000, 0x0000000082e00000| Untracked 
|  46|0x0000000082e00000, 0x0000000082f00000, 0x0000000082f00000|100%| O|  |TAMS 0x0000000082f00000, 0x0000000082f00000| Untracked 
|  47|0x0000000082f00000, 0x0000000083000000, 0x0000000083000000|100%| O|  |TAMS 0x0000000083000000, 0x0000000083000000| Untracked 
|  48|0x0000000083000000, 0x0000000083100000, 0x0000000083100000|100%| O|  |TAMS 0x0000000083000000, 0x0000000083100000| Untracked 
|  49|0x0000000083100000, 0x0000000083200000, 0x0000000083200000|100%| O|  |TAMS 0x0000000083200000, 0x0000000083200000| Untracked 
|  50|0x0000000083200000, 0x0000000083300000, 0x0000000083300000|100%| O|  |TAMS 0x0000000083300000, 0x0000000083300000| Untracked 
|  51|0x0000000083300000, 0x0000000083400000, 0x0000000083400000|100%| O|  |TAMS 0x0000000083400000, 0x0000000083400000| Untracked 
|  52|0x0000000083400000, 0x0000000083500000, 0x0000000083500000|100%| O|  |TAMS 0x0000000083500000, 0x0000000083500000| Untracked 
|  53|0x0000000083500000, 0x0000000083600000, 0x0000000083600000|100%| O|  |TAMS 0x0000000083600000, 0x0000000083600000| Untracked 
|  54|0x0000000083600000, 0x0000000083700000, 0x0000000083700000|100%| O|  |TAMS 0x0000000083700000, 0x0000000083700000| Untracked 
|  55|0x0000000083700000, 0x0000000083800000, 0x0000000083800000|100%| O|  |TAMS 0x0000000083700000, 0x0000000083800000| Untracked 
|  56|0x0000000083800000, 0x0000000083900000, 0x0000000083900000|100%| O|  |TAMS 0x0000000083900000, 0x0000000083900000| Untracked 
|  57|0x0000000083900000, 0x0000000083a00000, 0x0000000083a00000|100%| O|  |TAMS 0x0000000083a00000, 0x0000000083a00000| Untracked 
|  58|0x0000000083a00000, 0x0000000083b00000, 0x0000000083b00000|100%| O|  |TAMS 0x0000000083b00000, 0x0000000083b00000| Untracked 
|  59|0x0000000083b00000, 0x0000000083c00000, 0x0000000083c00000|100%| O|  |TAMS 0x0000000083c00000, 0x0000000083c00000| Untracked 
|  60|0x0000000083c00000, 0x0000000083d00000, 0x0000000083d00000|100%| O|  |TAMS 0x0000000083c00000, 0x0000000083d00000| Untracked 
|  61|0x0000000083d00000, 0x0000000083e00000, 0x0000000083e00000|100%| O|  |TAMS 0x0000000083e00000, 0x0000000083e00000| Untracked 
|  62|0x0000000083e00000, 0x0000000083f00000, 0x0000000083f00000|100%| O|  |TAMS 0x0000000083e00000, 0x0000000083f00000| Untracked 
|  63|0x0000000083f00000, 0x0000000084000000, 0x0000000084000000|100%| O|  |TAMS 0x0000000084000000, 0x0000000084000000| Untracked 
|  64|0x0000000084000000, 0x0000000084100000, 0x0000000084100000|100%| O|  |TAMS 0x0000000084100000, 0x0000000084100000| Untracked 
|  65|0x0000000084100000, 0x0000000084200000, 0x0000000084200000|100%| O|  |TAMS 0x0000000084200000, 0x0000000084200000| Untracked 
|  66|0x0000000084200000, 0x0000000084300000, 0x0000000084300000|100%| O|  |TAMS 0x0000000084300000, 0x0000000084300000| Untracked 
|  67|0x0000000084300000, 0x0000000084400000, 0x0000000084400000|100%| O|  |TAMS 0x0000000084300000, 0x0000000084400000| Untracked 
|  68|0x0000000084400000, 0x0000000084500000, 0x0000000084500000|100%| O|  |TAMS 0x0000000084500000, 0x0000000084500000| Untracked 
|  69|0x0000000084500000, 0x0000000084600000, 0x0000000084600000|100%| O|  |TAMS 0x0000000084600000, 0x0000000084600000| Untracked 
|  70|0x0000000084600000, 0x0000000084700000, 0x0000000084700000|100%| O|  |TAMS 0x0000000084700000, 0x0000000084700000| Untracked 
|  71|0x0000000084700000, 0x0000000084800000, 0x0000000084800000|100%| O|  |TAMS 0x0000000084800000, 0x0000000084800000| Untracked 
|  72|0x0000000084800000, 0x0000000084900000, 0x0000000084900000|100%| O|  |TAMS 0x0000000084900000, 0x0000000084900000| Untracked 
|  73|0x0000000084900000, 0x0000000084a00000, 0x0000000084a00000|100%| O|  |TAMS 0x0000000084a00000, 0x0000000084a00000| Untracked 
|  74|0x0000000084a00000, 0x0000000084b00000, 0x0000000084b00000|100%| O|  |TAMS 0x0000000084b00000, 0x0000000084b00000| Untracked 
|  75|0x0000000084b00000, 0x0000000084c00000, 0x0000000084c00000|100%| O|  |TAMS 0x0000000084c00000, 0x0000000084c00000| Untracked 
|  76|0x0000000084c00000, 0x0000000084d00000, 0x0000000084d00000|100%| O|  |TAMS 0x0000000084c00000, 0x0000000084d00000| Untracked 
|  77|0x0000000084d00000, 0x0000000084e00000, 0x0000000084e00000|100%| O|  |TAMS 0x0000000084e00000, 0x0000000084e00000| Untracked 
|  78|0x0000000084e00000, 0x0000000084f00000, 0x0000000084f00000|100%| O|  |TAMS 0x0000000084e00000, 0x0000000084f00000| Untracked 
|  79|0x0000000084f00000, 0x0000000085000000, 0x0000000085000000|100%| O|  |TAMS 0x0000000085000000, 0x0000000085000000| Untracked 
|  80|0x0000000085000000, 0x0000000085100000, 0x0000000085100000|100%| O|  |TAMS 0x0000000085100000, 0x0000000085100000| Untracked 
|  81|0x0000000085100000, 0x0000000085200000, 0x0000000085200000|100%| O|  |TAMS 0x0000000085100000, 0x0000000085200000| Untracked 
|  82|0x0000000085200000, 0x0000000085300000, 0x0000000085300000|100%| O|  |TAMS 0x0000000085300000, 0x0000000085300000| Untracked 
|  83|0x0000000085300000, 0x0000000085400000, 0x0000000085400000|100%| O|  |TAMS 0x0000000085400000, 0x0000000085400000| Untracked 
|  84|0x0000000085400000, 0x0000000085500000, 0x0000000085500000|100%| O|  |TAMS 0x0000000085500000, 0x0000000085500000| Untracked 
|  85|0x0000000085500000, 0x0000000085600000, 0x0000000085600000|100%| O|  |TAMS 0x0000000085600000, 0x0000000085600000| Untracked 
|  86|0x0000000085600000, 0x00000000856cbc00, 0x0000000085700000| 79%| O|  |TAMS 0x0000000085600000, 0x00000000856cbc00| Untracked 
|  87|0x0000000085700000, 0x0000000085800000, 0x0000000085800000|100%| O|  |TAMS 0x0000000085800000, 0x0000000085800000| Untracked 
|  88|0x0000000085800000, 0x0000000085800000, 0x0000000085900000|  0%| F|  |TAMS 0x0000000085800000, 0x0000000085800000| Untracked 
|  89|0x0000000085900000, 0x0000000085a00000, 0x0000000085a00000|100%| O|  |TAMS 0x0000000085a00000, 0x0000000085a00000| Untracked 
|  90|0x0000000085a00000, 0x0000000085b00000, 0x0000000085b00000|100%| O|  |TAMS 0x0000000085b00000, 0x0000000085b00000| Untracked 
|  91|0x0000000085b00000, 0x0000000085c00000, 0x0000000085c00000|100%| O|  |TAMS 0x0000000085c00000, 0x0000000085c00000| Untracked 
|  92|0x0000000085c00000, 0x0000000085c00000, 0x0000000085d00000|  0%| F|  |TAMS 0x0000000085c00000, 0x0000000085c00000| Untracked 
|  93|0x0000000085d00000, 0x0000000085e00000, 0x0000000085e00000|100%| O|  |TAMS 0x0000000085e00000, 0x0000000085e00000| Untracked 
|  94|0x0000000085e00000, 0x0000000085f00000, 0x0000000085f00000|100%| O|  |TAMS 0x0000000085f00000, 0x0000000085f00000| Untracked 
|  95|0x0000000085f00000, 0x0000000086000000, 0x0000000086000000|100%| O|  |TAMS 0x0000000086000000, 0x0000000086000000| Untracked 
|  96|0x0000000086000000, 0x0000000086000000, 0x0000000086100000|  0%| F|  |TAMS 0x0000000086000000, 0x0000000086000000| Untracked 
|  97|0x0000000086100000, 0x0000000086200000, 0x0000000086200000|100%| O|  |TAMS 0x0000000086200000, 0x0000000086200000| Untracked 
|  98|0x0000000086200000, 0x0000000086300000, 0x0000000086300000|100%| O|  |TAMS 0x0000000086300000, 0x0000000086300000| Untracked 
|  99|0x0000000086300000, 0x0000000086400000, 0x0000000086400000|100%| O|  |TAMS 0x0000000086400000, 0x0000000086400000| Untracked 
| 100|0x0000000086400000, 0x0000000086400000, 0x0000000086500000|  0%| F|  |TAMS 0x0000000086400000, 0x0000000086400000| Untracked 
| 101|0x0000000086500000, 0x0000000086600000, 0x0000000086600000|100%| O|  |TAMS 0x0000000086600000, 0x0000000086600000| Untracked 
| 102|0x0000000086600000, 0x0000000086600000, 0x0000000086700000|  0%| F|  |TAMS 0x0000000086600000, 0x0000000086600000| Untracked 
| 103|0x0000000086700000, 0x0000000086800000, 0x0000000086800000|100%| O|  |TAMS 0x0000000086800000, 0x0000000086800000| Untracked 
| 104|0x0000000086800000, 0x0000000086900000, 0x0000000086900000|100%|HS|  |TAMS 0x0000000086800000, 0x0000000086800000| Complete 
| 105|0x0000000086900000, 0x0000000086a00000, 0x0000000086a00000|100%|HC|  |TAMS 0x0000000086900000, 0x0000000086900000| Complete 
| 106|0x0000000086a00000, 0x0000000086b00000, 0x0000000086b00000|100%| O|  |TAMS 0x0000000086b00000, 0x0000000086b00000| Untracked 
| 107|0x0000000086b00000, 0x0000000086c00000, 0x0000000086c00000|100%| O|  |TAMS 0x0000000086c00000, 0x0000000086c00000| Untracked 
| 108|0x0000000086c00000, 0x0000000086c00000, 0x0000000086d00000|  0%| F|  |TAMS 0x0000000086c00000, 0x0000000086c00000| Untracked 
| 109|0x0000000086d00000, 0x0000000086e00000, 0x0000000086e00000|100%| O|  |TAMS 0x0000000086e00000, 0x0000000086e00000| Untracked 
| 110|0x0000000086e00000, 0x0000000086f00000, 0x0000000086f00000|100%| O|  |TAMS 0x0000000086f00000, 0x0000000086f00000| Untracked 
| 111|0x0000000086f00000, 0x0000000087000000, 0x0000000087000000|100%| O|  |TAMS 0x0000000087000000, 0x0000000087000000| Untracked 
| 112|0x0000000087000000, 0x0000000087000000, 0x0000000087100000|  0%| F|  |TAMS 0x0000000087000000, 0x0000000087000000| Untracked 
| 113|0x0000000087100000, 0x0000000087100000, 0x0000000087200000|  0%| F|  |TAMS 0x0000000087100000, 0x0000000087100000| Untracked 
| 114|0x0000000087200000, 0x0000000087300000, 0x0000000087300000|100%| O|  |TAMS 0x0000000087300000, 0x0000000087300000| Untracked 
| 115|0x0000000087300000, 0x0000000087300000, 0x0000000087400000|  0%| F|  |TAMS 0x0000000087300000, 0x0000000087300000| Untracked 
| 116|0x0000000087400000, 0x0000000087400000, 0x0000000087500000|  0%| F|  |TAMS 0x0000000087400000, 0x0000000087400000| Untracked 
| 117|0x0000000087500000, 0x0000000087600000, 0x0000000087600000|100%| O|  |TAMS 0x0000000087600000, 0x0000000087600000| Untracked 
| 118|0x0000000087600000, 0x0000000087700000, 0x0000000087700000|100%| O|  |TAMS 0x0000000087700000, 0x0000000087700000| Untracked 
| 119|0x0000000087700000, 0x0000000087800000, 0x0000000087800000|100%| O|  |TAMS 0x0000000087800000, 0x0000000087800000| Untracked 
| 120|0x0000000087800000, 0x0000000087800000, 0x0000000087900000|  0%| F|  |TAMS 0x0000000087800000, 0x0000000087800000| Untracked 
| 121|0x0000000087900000, 0x0000000087a00000, 0x0000000087a00000|100%| O|  |TAMS 0x0000000087a00000, 0x0000000087a00000| Untracked 
| 122|0x0000000087a00000, 0x0000000087a00000, 0x0000000087b00000|  0%| F|  |TAMS 0x0000000087a00000, 0x0000000087a00000| Untracked 
| 123|0x0000000087b00000, 0x0000000087b00000, 0x0000000087c00000|  0%| F|  |TAMS 0x0000000087b00000, 0x0000000087b00000| Untracked 
| 124|0x0000000087c00000, 0x0000000087c00000, 0x0000000087d00000|  0%| F|  |TAMS 0x0000000087c00000, 0x0000000087c00000| Untracked 
| 125|0x0000000087d00000, 0x0000000087d00000, 0x0000000087e00000|  0%| F|  |TAMS 0x0000000087d00000, 0x0000000087d00000| Untracked 
| 126|0x0000000087e00000, 0x0000000087e00000, 0x0000000087f00000|  0%| F|  |TAMS 0x0000000087e00000, 0x0000000087e00000| Untracked 
| 127|0x0000000087f00000, 0x0000000087f00000, 0x0000000088000000|  0%| F|  |TAMS 0x0000000087f00000, 0x0000000087f00000| Untracked 
| 128|0x0000000088000000, 0x0000000088000000, 0x0000000088100000|  0%| F|  |TAMS 0x0000000088000000, 0x0000000088000000| Untracked 
| 129|0x0000000088100000, 0x0000000088100000, 0x0000000088200000|  0%| F|  |TAMS 0x0000000088100000, 0x0000000088100000| Untracked 
| 130|0x0000000088200000, 0x0000000088300000, 0x0000000088300000|100%| O|  |TAMS 0x0000000088300000, 0x0000000088300000| Untracked 
| 131|0x0000000088300000, 0x0000000088300000, 0x0000000088400000|  0%| F|  |TAMS 0x0000000088300000, 0x0000000088300000| Untracked 
| 132|0x0000000088400000, 0x0000000088400000, 0x0000000088500000|  0%| F|  |TAMS 0x0000000088400000, 0x0000000088400000| Untracked 
| 133|0x0000000088500000, 0x0000000088500000, 0x0000000088600000|  0%| F|  |TAMS 0x0000000088500000, 0x0000000088500000| Untracked 
| 134|0x0000000088600000, 0x0000000088700000, 0x0000000088700000|100%| O|  |TAMS 0x0000000088700000, 0x0000000088700000| Untracked 
| 135|0x0000000088700000, 0x0000000088800000, 0x0000000088800000|100%| O|  |TAMS 0x0000000088800000, 0x0000000088800000| Untracked 
| 136|0x0000000088800000, 0x0000000088900000, 0x0000000088900000|100%| O|  |TAMS 0x0000000088900000, 0x0000000088900000| Untracked 
| 137|0x0000000088900000, 0x0000000088a00000, 0x0000000088a00000|100%| O|  |TAMS 0x0000000088a00000, 0x0000000088a00000| Untracked 
| 138|0x0000000088a00000, 0x0000000088b00000, 0x0000000088b00000|100%| O|  |TAMS 0x0000000088b00000, 0x0000000088b00000| Untracked 
| 139|0x0000000088b00000, 0x0000000088b00000, 0x0000000088c00000|  0%| F|  |TAMS 0x0000000088b00000, 0x0000000088b00000| Untracked 
| 140|0x0000000088c00000, 0x0000000088d00000, 0x0000000088d00000|100%| O|  |TAMS 0x0000000088d00000, 0x0000000088d00000| Untracked 
| 141|0x0000000088d00000, 0x0000000088e00000, 0x0000000088e00000|100%| O|  |TAMS 0x0000000088e00000, 0x0000000088e00000| Untracked 
| 142|0x0000000088e00000, 0x0000000088f00000, 0x0000000088f00000|100%| O|  |TAMS 0x0000000088f00000, 0x0000000088f00000| Untracked 
| 143|0x0000000088f00000, 0x0000000089000000, 0x0000000089000000|100%| O|  |TAMS 0x0000000089000000, 0x0000000089000000| Untracked 
| 144|0x0000000089000000, 0x0000000089100000, 0x0000000089100000|100%| O|  |TAMS 0x0000000089100000, 0x0000000089100000| Untracked 
| 145|0x0000000089100000, 0x0000000089100000, 0x0000000089200000|  0%| F|  |TAMS 0x0000000089100000, 0x0000000089100000| Untracked 
| 146|0x0000000089200000, 0x0000000089200000, 0x0000000089300000|  0%| F|  |TAMS 0x0000000089200000, 0x0000000089200000| Untracked 
| 147|0x0000000089300000, 0x0000000089300000, 0x0000000089400000|  0%| F|  |TAMS 0x0000000089300000, 0x0000000089300000| Untracked 
| 148|0x0000000089400000, 0x0000000089400000, 0x0000000089500000|  0%| F|  |TAMS 0x0000000089400000, 0x0000000089400000| Untracked 
| 149|0x0000000089500000, 0x0000000089500000, 0x0000000089600000|  0%| F|  |TAMS 0x0000000089500000, 0x0000000089500000| Untracked 
| 150|0x0000000089600000, 0x0000000089600000, 0x0000000089700000|  0%| F|  |TAMS 0x0000000089600000, 0x0000000089600000| Untracked 
| 151|0x0000000089700000, 0x0000000089700000, 0x0000000089800000|  0%| F|  |TAMS 0x0000000089700000, 0x0000000089700000| Untracked 
| 152|0x0000000089800000, 0x0000000089800000, 0x0000000089900000|  0%| F|  |TAMS 0x0000000089800000, 0x0000000089800000| Untracked 
| 153|0x0000000089900000, 0x0000000089900000, 0x0000000089a00000|  0%| F|  |TAMS 0x0000000089900000, 0x0000000089900000| Untracked 
| 154|0x0000000089a00000, 0x0000000089a00000, 0x0000000089b00000|  0%| F|  |TAMS 0x0000000089a00000, 0x0000000089a00000| Untracked 
| 155|0x0000000089b00000, 0x0000000089b00000, 0x0000000089c00000|  0%| F|  |TAMS 0x0000000089b00000, 0x0000000089b00000| Untracked 
| 156|0x0000000089c00000, 0x0000000089c00000, 0x0000000089d00000|  0%| F|  |TAMS 0x0000000089c00000, 0x0000000089c00000| Untracked 
| 157|0x0000000089d00000, 0x0000000089d00000, 0x0000000089e00000|  0%| F|  |TAMS 0x0000000089d00000, 0x0000000089d00000| Untracked 
| 158|0x0000000089e00000, 0x0000000089f00000, 0x0000000089f00000|100%| O|  |TAMS 0x0000000089f00000, 0x0000000089e00000| Updating 
| 159|0x0000000089f00000, 0x000000008a000000, 0x000000008a000000|100%| O|  |TAMS 0x000000008a000000, 0x0000000089f00000| Updating 
| 160|0x000000008a000000, 0x000000008a000000, 0x000000008a100000|  0%| F|  |TAMS 0x000000008a000000, 0x000000008a000000| Untracked 
| 161|0x000000008a100000, 0x000000008a200000, 0x000000008a200000|100%| O|  |TAMS 0x000000008a200000, 0x000000008a100000| Updating 
| 162|0x000000008a200000, 0x000000008a200000, 0x000000008a300000|  0%| F|  |TAMS 0x000000008a200000, 0x000000008a200000| Untracked 
| 163|0x000000008a300000, 0x000000008a400000, 0x000000008a400000|100%| O|  |TAMS 0x000000008a400000, 0x000000008a300000| Updating 
| 164|0x000000008a400000, 0x000000008a500000, 0x000000008a500000|100%| O|  |TAMS 0x000000008a500000, 0x000000008a400000| Updating 
| 165|0x000000008a500000, 0x000000008a600000, 0x000000008a600000|100%| O|  |TAMS 0x000000008a600000, 0x000000008a500000| Updating 
| 166|0x000000008a600000, 0x000000008a600000, 0x000000008a700000|  0%| F|  |TAMS 0x000000008a600000, 0x000000008a600000| Untracked 
| 167|0x000000008a700000, 0x000000008a700000, 0x000000008a800000|  0%| F|  |TAMS 0x000000008a700000, 0x000000008a700000| Untracked 
| 168|0x000000008a800000, 0x000000008a800000, 0x000000008a900000|  0%| F|  |TAMS 0x000000008a800000, 0x000000008a800000| Untracked 
| 169|0x000000008a900000, 0x000000008a900000, 0x000000008aa00000|  0%| F|  |TAMS 0x000000008a900000, 0x000000008a900000| Untracked 
| 170|0x000000008aa00000, 0x000000008aa00000, 0x000000008ab00000|  0%| F|  |TAMS 0x000000008aa00000, 0x000000008aa00000| Untracked 
| 171|0x000000008ab00000, 0x000000008ab00000, 0x000000008ac00000|  0%| F|  |TAMS 0x000000008ab00000, 0x000000008ab00000| Untracked 
| 172|0x000000008ac00000, 0x000000008ac00000, 0x000000008ad00000|  0%| F|  |TAMS 0x000000008ac00000, 0x000000008ac00000| Untracked 
| 173|0x000000008ad00000, 0x000000008ad00000, 0x000000008ae00000|  0%| F|  |TAMS 0x000000008ad00000, 0x000000008ad00000| Untracked 
| 174|0x000000008ae00000, 0x000000008ae00000, 0x000000008af00000|  0%| F|  |TAMS 0x000000008ae00000, 0x000000008ae00000| Untracked 
| 175|0x000000008af00000, 0x000000008af00000, 0x000000008b000000|  0%| F|  |TAMS 0x000000008af00000, 0x000000008af00000| Untracked 
| 176|0x000000008b000000, 0x000000008b000000, 0x000000008b100000|  0%| F|  |TAMS 0x000000008b000000, 0x000000008b000000| Untracked 
| 177|0x000000008b100000, 0x000000008b100000, 0x000000008b200000|  0%| F|  |TAMS 0x000000008b100000, 0x000000008b100000| Untracked 
| 178|0x000000008b200000, 0x000000008b200000, 0x000000008b300000|  0%| F|  |TAMS 0x000000008b200000, 0x000000008b200000| Untracked 
| 179|0x000000008b300000, 0x000000008b300000, 0x000000008b400000|  0%| F|  |TAMS 0x000000008b300000, 0x000000008b300000| Untracked 
| 180|0x000000008b400000, 0x000000008b400000, 0x000000008b500000|  0%| F|  |TAMS 0x000000008b400000, 0x000000008b400000| Untracked 
| 181|0x000000008b500000, 0x000000008b500000, 0x000000008b600000|  0%| F|  |TAMS 0x000000008b500000, 0x000000008b500000| Untracked 
| 182|0x000000008b600000, 0x000000008b600000, 0x000000008b700000|  0%| F|  |TAMS 0x000000008b600000, 0x000000008b600000| Untracked 
| 183|0x000000008b700000, 0x000000008b700000, 0x000000008b800000|  0%| F|  |TAMS 0x000000008b700000, 0x000000008b700000| Untracked 
| 184|0x000000008b800000, 0x000000008b800000, 0x000000008b900000|  0%| F|  |TAMS 0x000000008b800000, 0x000000008b800000| Untracked 
| 185|0x000000008b900000, 0x000000008b900000, 0x000000008ba00000|  0%| F|  |TAMS 0x000000008b900000, 0x000000008b900000| Untracked 
| 186|0x000000008ba00000, 0x000000008ba00000, 0x000000008bb00000|  0%| F|  |TAMS 0x000000008ba00000, 0x000000008ba00000| Untracked 
| 187|0x000000008bb00000, 0x000000008bb00000, 0x000000008bc00000|  0%| F|  |TAMS 0x000000008bb00000, 0x000000008bb00000| Untracked 
| 188|0x000000008bc00000, 0x000000008bc00000, 0x000000008bd00000|  0%| F|  |TAMS 0x000000008bc00000, 0x000000008bc00000| Untracked 
| 189|0x000000008bd00000, 0x000000008bd00000, 0x000000008be00000|  0%| F|  |TAMS 0x000000008bd00000, 0x000000008bd00000| Untracked 
| 190|0x000000008be00000, 0x000000008be00000, 0x000000008bf00000|  0%| F|  |TAMS 0x000000008be00000, 0x000000008be00000| Untracked 
| 191|0x000000008bf00000, 0x000000008bf00000, 0x000000008c000000|  0%| F|  |TAMS 0x000000008bf00000, 0x000000008bf00000| Untracked 
| 192|0x000000008c000000, 0x000000008c000000, 0x000000008c100000|  0%| F|  |TAMS 0x000000008c000000, 0x000000008c000000| Untracked 
| 193|0x000000008c100000, 0x000000008c100000, 0x000000008c200000|  0%| F|  |TAMS 0x000000008c100000, 0x000000008c100000| Untracked 
| 194|0x000000008c200000, 0x000000008c200000, 0x000000008c300000|  0%| F|  |TAMS 0x000000008c200000, 0x000000008c200000| Untracked 
| 195|0x000000008c300000, 0x000000008c300000, 0x000000008c400000|  0%| F|  |TAMS 0x000000008c300000, 0x000000008c300000| Untracked 
| 196|0x000000008c400000, 0x000000008c400000, 0x000000008c500000|  0%| F|  |TAMS 0x000000008c400000, 0x000000008c400000| Untracked 
| 197|0x000000008c500000, 0x000000008c500000, 0x000000008c600000|  0%| F|  |TAMS 0x000000008c500000, 0x000000008c500000| Untracked 
| 198|0x000000008c600000, 0x000000008c600000, 0x000000008c700000|  0%| F|  |TAMS 0x000000008c600000, 0x000000008c600000| Untracked 
| 199|0x000000008c700000, 0x000000008c700000, 0x000000008c800000|  0%| F|  |TAMS 0x000000008c700000, 0x000000008c700000| Untracked 
| 200|0x000000008c800000, 0x000000008c800000, 0x000000008c900000|  0%| F|  |TAMS 0x000000008c800000, 0x000000008c800000| Untracked 
| 201|0x000000008c900000, 0x000000008c900000, 0x000000008ca00000|  0%| F|  |TAMS 0x000000008c900000, 0x000000008c900000| Untracked 
| 202|0x000000008ca00000, 0x000000008ca00000, 0x000000008cb00000|  0%| F|  |TAMS 0x000000008ca00000, 0x000000008ca00000| Untracked 
| 203|0x000000008cb00000, 0x000000008cb00000, 0x000000008cc00000|  0%| F|  |TAMS 0x000000008cb00000, 0x000000008cb00000| Untracked 
| 204|0x000000008cc00000, 0x000000008cc00000, 0x000000008cd00000|  0%| F|  |TAMS 0x000000008cc00000, 0x000000008cc00000| Untracked 
| 205|0x000000008cd00000, 0x000000008cd00000, 0x000000008ce00000|  0%| F|  |TAMS 0x000000008cd00000, 0x000000008cd00000| Untracked 
| 206|0x000000008ce00000, 0x000000008ce00000, 0x000000008cf00000|  0%| F|  |TAMS 0x000000008ce00000, 0x000000008ce00000| Untracked 
| 207|0x000000008cf00000, 0x000000008cf00000, 0x000000008d000000|  0%| F|  |TAMS 0x000000008cf00000, 0x000000008cf00000| Untracked 
| 208|0x000000008d000000, 0x000000008d000000, 0x000000008d100000|  0%| F|  |TAMS 0x000000008d000000, 0x000000008d000000| Untracked 
| 209|0x000000008d100000, 0x000000008d100000, 0x000000008d200000|  0%| F|  |TAMS 0x000000008d100000, 0x000000008d100000| Untracked 
| 210|0x000000008d200000, 0x000000008d200000, 0x000000008d300000|  0%| F|  |TAMS 0x000000008d200000, 0x000000008d200000| Untracked 
| 211|0x000000008d300000, 0x000000008d300000, 0x000000008d400000|  0%| F|  |TAMS 0x000000008d300000, 0x000000008d300000| Untracked 
| 212|0x000000008d400000, 0x000000008d400000, 0x000000008d500000|  0%| F|  |TAMS 0x000000008d400000, 0x000000008d400000| Untracked 
| 213|0x000000008d500000, 0x000000008d500000, 0x000000008d600000|  0%| F|  |TAMS 0x000000008d500000, 0x000000008d500000| Untracked 
| 214|0x000000008d600000, 0x000000008d600000, 0x000000008d700000|  0%| F|  |TAMS 0x000000008d600000, 0x000000008d600000| Untracked 
| 215|0x000000008d700000, 0x000000008d700000, 0x000000008d800000|  0%| F|  |TAMS 0x000000008d700000, 0x000000008d700000| Untracked 
| 216|0x000000008d800000, 0x000000008d800000, 0x000000008d900000|  0%| F|  |TAMS 0x000000008d800000, 0x000000008d800000| Untracked 
| 217|0x000000008d900000, 0x000000008d900000, 0x000000008da00000|  0%| F|  |TAMS 0x000000008d900000, 0x000000008d900000| Untracked 
| 218|0x000000008da00000, 0x000000008da00000, 0x000000008db00000|  0%| F|  |TAMS 0x000000008da00000, 0x000000008da00000| Untracked 
| 219|0x000000008db00000, 0x000000008db00000, 0x000000008dc00000|  0%| F|  |TAMS 0x000000008db00000, 0x000000008db00000| Untracked 
| 220|0x000000008dc00000, 0x000000008dc00000, 0x000000008dd00000|  0%| F|  |TAMS 0x000000008dc00000, 0x000000008dc00000| Untracked 
| 221|0x000000008dd00000, 0x000000008dd00000, 0x000000008de00000|  0%| F|  |TAMS 0x000000008dd00000, 0x000000008dd00000| Untracked 
| 222|0x000000008de00000, 0x000000008de00000, 0x000000008df00000|  0%| F|  |TAMS 0x000000008de00000, 0x000000008de00000| Untracked 
| 223|0x000000008df00000, 0x000000008df00000, 0x000000008e000000|  0%| F|  |TAMS 0x000000008df00000, 0x000000008df00000| Untracked 
| 224|0x000000008e000000, 0x000000008e000000, 0x000000008e100000|  0%| F|  |TAMS 0x000000008e000000, 0x000000008e000000| Untracked 
| 225|0x000000008e100000, 0x000000008e100000, 0x000000008e200000|  0%| F|  |TAMS 0x000000008e100000, 0x000000008e100000| Untracked 
| 226|0x000000008e200000, 0x000000008e200000, 0x000000008e300000|  0%| F|  |TAMS 0x000000008e200000, 0x000000008e200000| Untracked 
| 227|0x000000008e300000, 0x000000008e300000, 0x000000008e400000|  0%| F|  |TAMS 0x000000008e300000, 0x000000008e300000| Untracked 
| 228|0x000000008e400000, 0x000000008e400000, 0x000000008e500000|  0%| F|  |TAMS 0x000000008e400000, 0x000000008e400000| Untracked 
| 229|0x000000008e500000, 0x000000008e500000, 0x000000008e600000|  0%| F|  |TAMS 0x000000008e500000, 0x000000008e500000| Untracked 
| 230|0x000000008e600000, 0x000000008e600000, 0x000000008e700000|  0%| F|  |TAMS 0x000000008e600000, 0x000000008e600000| Untracked 
| 231|0x000000008e700000, 0x000000008e700000, 0x000000008e800000|  0%| F|  |TAMS 0x000000008e700000, 0x000000008e700000| Untracked 
| 232|0x000000008e800000, 0x000000008e800000, 0x000000008e900000|  0%| F|  |TAMS 0x000000008e800000, 0x000000008e800000| Untracked 
| 233|0x000000008e900000, 0x000000008e900000, 0x000000008ea00000|  0%| F|  |TAMS 0x000000008e900000, 0x000000008e900000| Untracked 
| 234|0x000000008ea00000, 0x000000008ea00000, 0x000000008eb00000|  0%| F|  |TAMS 0x000000008ea00000, 0x000000008ea00000| Untracked 
| 235|0x000000008eb00000, 0x000000008eb00000, 0x000000008ec00000|  0%| F|  |TAMS 0x000000008eb00000, 0x000000008eb00000| Untracked 
| 236|0x000000008ec00000, 0x000000008ec00000, 0x000000008ed00000|  0%| F|  |TAMS 0x000000008ec00000, 0x000000008ec00000| Untracked 
| 237|0x000000008ed00000, 0x000000008ed00000, 0x000000008ee00000|  0%| F|  |TAMS 0x000000008ed00000, 0x000000008ed00000| Untracked 
| 238|0x000000008ee00000, 0x000000008ee00000, 0x000000008ef00000|  0%| F|  |TAMS 0x000000008ee00000, 0x000000008ee00000| Untracked 
| 239|0x000000008ef00000, 0x000000008ef00000, 0x000000008f000000|  0%| F|  |TAMS 0x000000008ef00000, 0x000000008ef00000| Untracked 
| 240|0x000000008f000000, 0x000000008f000000, 0x000000008f100000|  0%| F|  |TAMS 0x000000008f000000, 0x000000008f000000| Untracked 
| 241|0x000000008f100000, 0x000000008f100000, 0x000000008f200000|  0%| F|  |TAMS 0x000000008f100000, 0x000000008f100000| Untracked 
| 242|0x000000008f200000, 0x000000008f200000, 0x000000008f300000|  0%| F|  |TAMS 0x000000008f200000, 0x000000008f200000| Untracked 
| 243|0x000000008f300000, 0x000000008f400000, 0x000000008f400000|100%| E|  |TAMS 0x000000008f300000, 0x000000008f300000| Complete 
| 244|0x000000008f400000, 0x000000008f500000, 0x000000008f500000|100%| E|CS|TAMS 0x000000008f400000, 0x000000008f400000| Complete 
| 245|0x000000008f500000, 0x000000008f600000, 0x000000008f600000|100%| E|CS|TAMS 0x000000008f500000, 0x000000008f500000| Complete 
| 246|0x000000008f600000, 0x000000008f700000, 0x000000008f700000|100%| E|CS|TAMS 0x000000008f600000, 0x000000008f600000| Complete 
| 247|0x000000008f700000, 0x000000008f800000, 0x000000008f800000|100%| E|CS|TAMS 0x000000008f700000, 0x000000008f700000| Complete 
| 248|0x000000008f800000, 0x000000008f900000, 0x000000008f900000|100%| E|CS|TAMS 0x000000008f800000, 0x000000008f800000| Complete 
| 249|0x000000008f900000, 0x000000008fa00000, 0x000000008fa00000|100%| E|CS|TAMS 0x000000008f900000, 0x000000008f900000| Complete 
| 250|0x000000008fa00000, 0x000000008fb00000, 0x000000008fb00000|100%| E|CS|TAMS 0x000000008fa00000, 0x000000008fa00000| Complete 
| 251|0x000000008fb00000, 0x000000008fc00000, 0x000000008fc00000|100%| E|CS|TAMS 0x000000008fb00000, 0x000000008fb00000| Complete 
| 252|0x000000008fc00000, 0x000000008fc6c988, 0x000000008fd00000| 42%| S|CS|TAMS 0x000000008fc00000, 0x000000008fc00000| Complete 
| 253|0x000000008fd00000, 0x000000008fe00000, 0x000000008fe00000|100%| S|CS|TAMS 0x000000008fd00000, 0x000000008fd00000| Complete 
| 254|0x000000008fe00000, 0x000000008ff00000, 0x000000008ff00000|100%| E|CS|TAMS 0x000000008fe00000, 0x000000008fe00000| Complete 
| 255|0x000000008ff00000, 0x0000000090000000, 0x0000000090000000|100%| E|CS|TAMS 0x000000008ff00000, 0x000000008ff00000| Complete 

Card table byte_map: [0x0000020156370000,0x0000020156770000] _byte_map_base: 0x0000020155f70000

Marking Bits (Prev, Next): (CMBitMap*) 0x00000201434b9958, (CMBitMap*) 0x00000201434b9990
 Prev Bits: [0x0000020156b70000, 0x0000020158b70000)
 Next Bits: [0x0000020158b70000, 0x000002015ab70000)

Polling page: 0x0000020141410000

Metaspace:

Usage:
  Non-class:    123.35 MB capacity,   120.20 MB ( 97%) used,     2.58 MB (  2%) free+waste,   582.00 KB ( <1%) overhead. 
      Class:     18.58 MB capacity,    16.82 MB ( 91%) used,     1.51 MB (  8%) free+waste,   254.06 KB (  1%) overhead. 
       Both:    141.92 MB capacity,   137.02 MB ( 97%) used,     4.09 MB (  3%) free+waste,   836.06 KB ( <1%) overhead. 

Virtual space:
  Non-class space:      124.00 MB reserved,     123.40 MB (>99%) committed 
      Class space:        1.00 GB reserved,      18.63 MB (  2%) committed 
             Both:        1.12 GB reserved,     142.02 MB ( 12%) committed 

Chunk freelists:
   Non-Class:  0 bytes
       Class:  51.00 KB
        Both:  51.00 KB

MaxMetaspaceSize: 17179869184.00 GB
CompressedClassSpaceSize: 1.00 GB

CodeHeap 'non-profiled nmethods': size=120064Kb used=24799Kb max_used=26146Kb free=95265Kb
 bounds [0x000002014ea30000, 0x00000201503c0000, 0x0000020155f70000]
CodeHeap 'profiled nmethods': size=120000Kb used=60259Kb max_used=61753Kb free=59740Kb
 bounds [0x0000020147500000, 0x000002014b190000, 0x000002014ea30000]
CodeHeap 'non-nmethods': size=5696Kb used=2391Kb max_used=2469Kb free=3304Kb
 bounds [0x0000020146f70000, 0x00000201471f0000, 0x0000020147500000]
 total_blobs=27342 nmethods=26315 adapters=936
 compilation: enabled
              stopped_count=0, restarted_count=0
 full_count=0

Compilation events (20 events):
Event: 4143.813 Thread 0x000002015d92a800 nmethod 31607 0x000002014b178910 code [0x000002014b178bc0, 0x000002014b179988]
Event: 4143.814 Thread 0x000002015d92a800 31608   !   3       com.sun.tools.javac.parser.JavacParser::literal (688 bytes)
Event: 4143.815 Thread 0x00000201672f8000 nmethod 31606 0x00000201503b3890 code [0x00000201503b3aa0, 0x00000201503b45a8]
Event: 4143.816 Thread 0x000002015d927000 31610       4       com.sun.tools.javac.parser.Tokens$NamedToken::checkKind (43 bytes)
Event: 4143.816 Thread 0x00000201672f8000 31611   !   4       com.sun.tools.javac.parser.JavaTokenizer::readToken (2179 bytes)
Event: 4143.816 Thread 0x000002015d927000 nmethod 31610 0x00000201503b4c90 code [0x00000201503b4e20, 0x00000201503b4eb8]
Event: 4143.823 Thread 0x000002015d92a800 nmethod 31608 0x000002014b179e90 code [0x000002014b17aca0, 0x000002014b183bc8]
Event: 4143.823 Thread 0x000002015d92a800 31612       3       com.sun.tools.javac.parser.JavacParser::variableDeclaratorRest (215 bytes)
Event: 4143.825 Thread 0x000002015d92a800 nmethod 31612 0x000002014b187090 code [0x000002014b187540, 0x000002014b189a68]
Event: 4143.825 Thread 0x000002015d92a800 31613       3       com.sun.tools.javac.parser.JavacParser::checkExprStat (44 bytes)
Event: 4143.827 Thread 0x000002015d92a800 nmethod 31613 0x000002014b18a990 code [0x000002014b18ac40, 0x000002014b18b958]
Event: 4143.827 Thread 0x000002015d92a800 31609       3       com.sun.tools.javac.parser.JavacParser::variableInitializer (33 bytes)
Event: 4143.827 Thread 0x000002015d927000 31614       4       java.nio.CharBuffer::hasArray (20 bytes)
Event: 4143.827 Thread 0x000002015d92a800 nmethod 31609 0x000002014b18bf10 code [0x000002014b18c160, 0x000002014b18c918]
Event: 4143.827 Thread 0x000002015d927000 nmethod 31614 0x00000201503b4f90 code [0x00000201503b5120, 0x00000201503b51b8]
Event: 4143.827 Thread 0x000002015d927000 31615       4       com.sun.tools.javac.parser.JavacParser::accept (50 bytes)
Event: 4143.836 Thread 0x000002015d927000 nmethod 31615 0x00000201503b5290 code [0x00000201503b5460, 0x00000201503b5b68]
Event: 4143.848 Thread 0x000002015d927000 31616 %     4       jdk.nio.zipfs.ZipFileSystem::initCEN @ 188 (411 bytes)
Event: 4143.970 Thread 0x00000201672f8000 nmethod 31611 0x00000201503b5f10 code [0x00000201503b6aa0, 0x00000201503bac50]
Event: 4143.970 Thread 0x00000201672f8000 31617 % !   4       jdk.nio.zipfs.ZipFileSystem::buildNodeTree @ 102 (285 bytes)

GC Heap History (20 events):
Event: 3753.596 GC heap before
{Heap before GC invocations=129 (full 0):
 garbage-first heap   total 262144K, used 164864K [0x0000000080000000, 0x0000000100000000)
  region size 1024K, 22 young (22528K), 2 survivors (2048K)
 Metaspace       used 139957K, capacity 144972K, committed 145432K, reserved 1175552K
  class space    used 17210K, capacity 19002K, committed 19072K, reserved 1048576K
}
Event: 3753.627 GC heap after
{Heap after GC invocations=130 (full 0):
 garbage-first heap   total 262144K, used 152789K [0x0000000080000000, 0x0000000100000000)
  region size 1024K, 8 young (8192K), 8 survivors (8192K)
 Metaspace       used 139957K, capacity 144972K, committed 145432K, reserved 1175552K
  class space    used 17210K, capacity 19002K, committed 19072K, reserved 1048576K
}
Event: 4133.465 GC heap before
{Heap before GC invocations=131 (full 0):
 garbage-first heap   total 262144K, used 219349K [0x0000000080000000, 0x0000000100000000)
  region size 1024K, 54 young (55296K), 8 survivors (8192K)
 Metaspace       used 140093K, capacity 145104K, committed 145432K, reserved 1175552K
  class space    used 17217K, capacity 19015K, committed 19072K, reserved 1048576K
}
Event: 4133.505 GC heap after
{Heap after GC invocations=132 (full 0):
 garbage-first heap   total 262144K, used 145794K [0x0000000080000000, 0x0000000100000000)
  region size 1024K, 2 young (2048K), 2 survivors (2048K)
 Metaspace       used 140093K, capacity 145104K, committed 145432K, reserved 1175552K
  class space    used 17217K, capacity 19015K, committed 19072K, reserved 1048576K
}
Event: 4133.797 GC heap before
{Heap before GC invocations=132 (full 0):
 garbage-first heap   total 262144K, used 155010K [0x0000000080000000, 0x0000000100000000)
  region size 1024K, 12 young (12288K), 2 survivors (2048K)
 Metaspace       used 140096K, capacity 145104K, committed 145432K, reserved 1175552K
  class space    used 17217K, capacity 19015K, committed 19072K, reserved 1048576K
}
Event: 4133.809 GC heap after
{Heap after GC invocations=133 (full 0):
 garbage-first heap   total 262144K, used 139158K [0x0000000080000000, 0x0000000100000000)
  region size 1024K, 1 young (1024K), 1 survivors (1024K)
 Metaspace       used 140096K, capacity 145104K, committed 145432K, reserved 1175552K
  class space    used 17217K, capacity 19015K, committed 19072K, reserved 1048576K
}
Event: 4134.198 GC heap before
{Heap before GC invocations=133 (full 0):
 garbage-first heap   total 262144K, used 189334K [0x0000000080000000, 0x0000000100000000)
  region size 1024K, 51 young (52224K), 1 survivors (1024K)
 Metaspace       used 140162K, capacity 145235K, committed 145432K, reserved 1175552K
  class space    used 17217K, capacity 19015K, committed 19072K, reserved 1048576K
}
Event: 4134.224 GC heap after
{Heap after GC invocations=134 (full 0):
 garbage-first heap   total 262144K, used 144725K [0x0000000080000000, 0x0000000100000000)
  region size 1024K, 7 young (7168K), 7 survivors (7168K)
 Metaspace       used 140162K, capacity 145235K, committed 145432K, reserved 1175552K
  class space    used 17217K, capacity 19015K, committed 19072K, reserved 1048576K
}
Event: 4134.754 GC heap before
{Heap before GC invocations=135 (full 0):
 garbage-first heap   total 262144K, used 211285K [0x0000000080000000, 0x0000000100000000)
  region size 1024K, 61 young (62464K), 7 survivors (7168K)
 Metaspace       used 140211K, capacity 145299K, committed 145432K, reserved 1175552K
  class space    used 17217K, capacity 19015K, committed 19072K, reserved 1048576K
}
Event: 4134.768 GC heap after
{Heap after GC invocations=136 (full 0):
 garbage-first heap   total 262144K, used 138985K [0x0000000080000000, 0x0000000100000000)
  region size 1024K, 2 young (2048K), 2 survivors (2048K)
 Metaspace       used 140211K, capacity 145299K, committed 145432K, reserved 1175552K
  class space    used 17217K, capacity 19015K, committed 19072K, reserved 1048576K
}
Event: 4134.926 GC heap before
{Heap before GC invocations=136 (full 0):
 garbage-first heap   total 262144K, used 148201K [0x0000000080000000, 0x0000000100000000)
  region size 1024K, 12 young (12288K), 2 survivors (2048K)
 Metaspace       used 140237K, capacity 145311K, committed 145432K, reserved 1175552K
  class space    used 17218K, capacity 19017K, committed 19072K, reserved 1048576K
}
Event: 4134.940 GC heap after
{Heap after GC invocations=137 (full 0):
 garbage-first heap   total 262144K, used 122400K [0x0000000080000000, 0x0000000100000000)
  region size 1024K, 2 young (2048K), 2 survivors (2048K)
 Metaspace       used 140237K, capacity 145311K, committed 145432K, reserved 1175552K
  class space    used 17218K, capacity 19017K, committed 19072K, reserved 1048576K
}
Event: 4136.649 GC heap before
{Heap before GC invocations=137 (full 0):
 garbage-first heap   total 262144K, used 188960K [0x0000000080000000, 0x0000000100000000)
  region size 1024K, 68 young (69632K), 2 survivors (2048K)
 Metaspace       used 140256K, capacity 145317K, committed 145432K, reserved 1175552K
  class space    used 17219K, capacity 19018K, committed 19072K, reserved 1048576K
}
Event: 4136.670 GC heap after
{Heap after GC invocations=138 (full 0):
 garbage-first heap   total 262144K, used 130912K [0x0000000080000000, 0x0000000100000000)
  region size 1024K, 9 young (9216K), 9 survivors (9216K)
 Metaspace       used 140256K, capacity 145317K, committed 145432K, reserved 1175552K
  class space    used 17219K, capacity 19018K, committed 19072K, reserved 1048576K
}
Event: 4143.267 GC heap before
{Heap before GC invocations=139 (full 0):
 garbage-first heap   total 262144K, used 196448K [0x0000000080000000, 0x0000000100000000)
  region size 1024K, 73 young (74752K), 9 survivors (9216K)
 Metaspace       used 140277K, capacity 145321K, committed 145432K, reserved 1175552K
  class space    used 17219K, capacity 19019K, committed 19072K, reserved 1048576K
}
Event: 4143.283 GC heap after
{Heap after GC invocations=140 (full 0):
 garbage-first heap   total 262144K, used 130900K [0x0000000080000000, 0x0000000100000000)
  region size 1024K, 3 young (3072K), 3 survivors (3072K)
 Metaspace       used 140277K, capacity 145321K, committed 145432K, reserved 1175552K
  class space    used 17219K, capacity 19019K, committed 19072K, reserved 1048576K
}
Event: 4143.759 GC heap before
{Heap before GC invocations=140 (full 0):
 garbage-first heap   total 262144K, used 139092K [0x0000000080000000, 0x0000000100000000)
  region size 1024K, 12 young (12288K), 3 survivors (3072K)
 Metaspace       used 140291K, capacity 145328K, committed 145432K, reserved 1175552K
  class space    used 17220K, capacity 19021K, committed 19072K, reserved 1048576K
}
Event: 4143.768 GC heap after
{Heap after GC invocations=141 (full 0):
 garbage-first heap   total 262144K, used 129903K [0x0000000080000000, 0x0000000100000000)
  region size 1024K, 2 young (2048K), 2 survivors (2048K)
 Metaspace       used 140291K, capacity 145328K, committed 145432K, reserved 1175552K
  class space    used 17220K, capacity 19021K, committed 19072K, reserved 1048576K
}
Event: 4143.839 GC heap before
{Heap before GC invocations=141 (full 0):
 garbage-first heap   total 262144K, used 130927K [0x0000000080000000, 0x0000000100000000)
  region size 1024K, 4 young (4096K), 2 survivors (2048K)
 Metaspace       used 140308K, capacity 145329K, committed 145432K, reserved 1175552K
  class space    used 17220K, capacity 19021K, committed 19072K, reserved 1048576K
}
Event: 4143.844 GC heap after
{Heap after GC invocations=142 (full 0):
 garbage-first heap   total 262144K, used 130273K [0x0000000080000000, 0x0000000100000000)
  region size 1024K, 2 young (2048K), 2 survivors (2048K)
 Metaspace       used 140308K, capacity 145329K, committed 145432K, reserved 1175552K
  class space    used 17220K, capacity 19021K, committed 19072K, reserved 1048576K
}

Deoptimization events (20 events):
Event: 4137.010 Thread 0x0000020161d61000 DEOPT PACKING pc=0x0000020148118e2b sp=0x00000062ecaf7100
Event: 4137.010 Thread 0x0000020161d61000 DEOPT UNPACKING pc=0x0000020146f976ce sp=0x00000062ecaf6598 mode 0
Event: 4143.163 Thread 0x0000020161d61000 DEOPT PACKING pc=0x000002014a50784d sp=0x00000062ecaf8c60
Event: 4143.163 Thread 0x0000020161d61000 DEOPT UNPACKING pc=0x0000020146f976ce sp=0x00000062ecaf8130 mode 0
Event: 4143.205 Thread 0x0000020161d61000 Uncommon trap: trap_request=0xffffffc6 fr.pc=0x000002014f399274 relative=0x0000000000001b14
Event: 4143.205 Thread 0x0000020161d61000 Uncommon trap: reason=bimorphic_or_optimized_type_check action=maybe_recompile pc=0x000002014f399274 method=com.google.common.collect.ImmutableCollection$Builder.addAll(Ljava/lang/Iterable;)Lcom/google/common/collect/ImmutableCollection$Builder; @ 1 c2
Event: 4143.205 Thread 0x0000020161d61000 DEOPT PACKING pc=0x000002014f399274 sp=0x00000062ecaf79f0
Event: 4143.205 Thread 0x0000020161d61000 DEOPT UNPACKING pc=0x0000020146f978af sp=0x00000062ecaf7988 mode 2
Event: 4143.734 Thread 0x0000020161d61000 DEOPT PACKING pc=0x0000020148106d47 sp=0x00000062ecaf5b90
Event: 4143.734 Thread 0x0000020161d61000 DEOPT UNPACKING pc=0x0000020146f976ce sp=0x00000062ecaf5140 mode 0
Event: 4143.770 Thread 0x0000020161d61000 Uncommon trap: trap_request=0xffffff4d fr.pc=0x000002014eee0970 relative=0x00000000000008b0
Event: 4143.770 Thread 0x0000020161d61000 Uncommon trap: reason=unstable_if action=reinterpret pc=0x000002014eee0970 method=com.sun.tools.javac.parser.JavaTokenizer.readToken()Lcom/sun/tools/javac/parser/Tokens$Token; @ 39 c2
Event: 4143.770 Thread 0x0000020161d61000 DEOPT PACKING pc=0x000002014eee0970 sp=0x00000062ecaf6770
Event: 4143.770 Thread 0x0000020161d61000 DEOPT UNPACKING pc=0x0000020146f978af sp=0x00000062ecaf6758 mode 2
Event: 4143.770 Thread 0x0000020161d61000 Uncommon trap: trap_request=0xffffff4d fr.pc=0x000002014eb8b690 relative=0x0000000000000330
Event: 4143.770 Thread 0x0000020161d61000 Uncommon trap: reason=unstable_if action=reinterpret pc=0x000002014eb8b690 method=com.sun.tools.javac.parser.JavaTokenizer.scanIdent()V @ 15 c2
Event: 4143.770 Thread 0x0000020161d61000 DEOPT PACKING pc=0x000002014eb8b690 sp=0x00000062ecaf6170
Event: 4143.770 Thread 0x0000020161d61000 DEOPT UNPACKING pc=0x0000020146f978af sp=0x00000062ecaf6168 mode 2
Event: 4143.789 Thread 0x0000020161d61000 DEOPT PACKING pc=0x00000201479af1c5 sp=0x00000062ecaf6770
Event: 4143.789 Thread 0x0000020161d61000 DEOPT UNPACKING pc=0x0000020146f976ce sp=0x00000062ecaf5c18 mode 0

Classes redefined (0 events):
No events

Internal exceptions (20 events):
Event: 3754.119 Thread 0x0000020161d62000 Exception <a 'sun/nio/fs/WindowsException'{0x000000008fb4b0a0}> (0x000000008fb4b0a0) thrown at [./src/hotspot/share/prims/jni.cpp, line 615]
Event: 3754.122 Thread 0x00000201672f8000 Exception <a 'sun/nio/fs/WindowsException'{0x000000008fcdadc8}> (0x000000008fcdadc8) thrown at [./src/hotspot/share/prims/jni.cpp, line 615]
Event: 3754.123 Thread 0x0000020161d62000 Exception <a 'sun/nio/fs/WindowsException'{0x000000008fbe9530}> (0x000000008fbe9530) thrown at [./src/hotspot/share/prims/jni.cpp, line 615]
Event: 3754.131 Thread 0x00000201672f8000 Exception <a 'sun/nio/fs/WindowsException'{0x000000008fabac30}> (0x000000008fabac30) thrown at [./src/hotspot/share/prims/jni.cpp, line 615]
Event: 3754.254 Thread 0x0000020161d65000 Exception <a 'sun/nio/fs/WindowsException'{0x000000008fc7df18}> (0x000000008fc7df18) thrown at [./src/hotspot/share/prims/jni.cpp, line 615]
Event: 3754.430 Thread 0x0000020161d65000 Exception <a 'sun/nio/fs/WindowsException'{0x000000008f389010}> (0x000000008f389010) thrown at [./src/hotspot/share/prims/jni.cpp, line 615]
Event: 3754.477 Thread 0x00000201672f7800 Exception <a 'sun/nio/fs/WindowsException'{0x000000008f2367b8}> (0x000000008f2367b8) thrown at [./src/hotspot/share/prims/jni.cpp, line 615]
Event: 4133.855 Thread 0x0000020161d61000 Exception <a 'sun/nio/fs/WindowsException'{0x000000008f97d6f8}> (0x000000008f97d6f8) thrown at [./src/hotspot/share/prims/jni.cpp, line 615]
Event: 4133.991 Thread 0x0000020161d61000 Exception <a 'sun/nio/fs/WindowsException'{0x000000008ec0f7f0}> (0x000000008ec0f7f0) thrown at [./src/hotspot/share/prims/jni.cpp, line 615]
Event: 4133.997 Thread 0x0000020161d61000 Exception <a 'sun/nio/fs/WindowsException'{0x000000008ecabb28}> (0x000000008ecabb28) thrown at [./src/hotspot/share/prims/jni.cpp, line 615]
Event: 4133.997 Thread 0x0000020161d61000 Exception <a 'sun/nio/fs/WindowsException'{0x000000008ecacbf8}> (0x000000008ecacbf8) thrown at [./src/hotspot/share/prims/jni.cpp, line 615]
Event: 4133.997 Thread 0x0000020161d61000 Exception <a 'sun/nio/fs/WindowsException'{0x000000008ecadd18}> (0x000000008ecadd18) thrown at [./src/hotspot/share/prims/jni.cpp, line 615]
Event: 4133.997 Thread 0x0000020161d61000 Exception <a 'sun/nio/fs/WindowsException'{0x000000008ecaee38}> (0x000000008ecaee38) thrown at [./src/hotspot/share/prims/jni.cpp, line 615]
Event: 4134.538 Thread 0x0000020163d7e000 Implicit null exception at 0x0000020150042ad3 to 0x00000201500436e8
Event: 4136.584 Thread 0x0000020163d80000 Exception <a 'sun/nio/fs/WindowsException'{0x000000008d2531e8}> (0x000000008d2531e8) thrown at [./src/hotspot/share/prims/jni.cpp, line 615]
Event: 4136.584 Thread 0x0000020163d80000 Exception <a 'sun/nio/fs/WindowsException'{0x000000008d2532d0}> (0x000000008d2532d0) thrown at [./src/hotspot/share/prims/jni.cpp, line 615]
Event: 4137.006 Thread 0x00000201672f5000 Exception <a 'java/lang/InterruptedException'{0x000000008e601cb8}> (0x000000008e601cb8) thrown at [./src/hotspot/share/runtime/objectMonitor.cpp, line 1635]
Event: 4143.756 Thread 0x0000020161d61000 Exception <a 'sun/nio/fs/WindowsException'{0x000000008f766080}> (0x000000008f766080) thrown at [./src/hotspot/share/prims/jni.cpp, line 615]
Event: 4143.835 Thread 0x0000020161d61000 Exception <a 'sun/nio/fs/WindowsException'{0x000000008fe72400}> (0x000000008fe72400) thrown at [./src/hotspot/share/prims/jni.cpp, line 615]
Event: 4143.835 Thread 0x0000020161d61000 Exception <a 'sun/nio/fs/WindowsException'{0x000000008fe72508}> (0x000000008fe72508) thrown at [./src/hotspot/share/prims/jni.cpp, line 615]

Events (20 events):
Event: 4144.009 Thread 0x000002015d98d000 flushing nmethod 0x000002014a4d5910
Event: 4144.009 Thread 0x000002015d98d000 flushing nmethod 0x000002014a4d7490
Event: 4144.009 Thread 0x000002015d98d000 flushing nmethod 0x000002014a4dd990
Event: 4144.009 Thread 0x000002015d98d000 flushing nmethod 0x000002014a4e0290
Event: 4144.009 Thread 0x000002015d98d000 flushing nmethod 0x000002014a4e0810
Event: 4144.009 Thread 0x000002015d98d000 flushing nmethod 0x000002014a4e0d10
Event: 4144.009 Thread 0x000002015d98d000 flushing nmethod 0x000002014a4e3a10
Event: 4144.009 Thread 0x000002015d98d000 flushing nmethod 0x000002014a4e4210
Event: 4144.009 Thread 0x000002015d98d000 flushing nmethod 0x000002014a4e4590
Event: 4144.009 Thread 0x000002015d98d000 flushing nmethod 0x000002014a4e4f10
Event: 4144.009 Thread 0x000002015d98d000 flushing nmethod 0x000002014a507e10
Event: 4144.009 Thread 0x000002015d98d000 flushing nmethod 0x000002014a53f490
Event: 4144.009 Thread 0x000002015d98d000 flushing nmethod 0x000002014a55c410
Event: 4144.009 Thread 0x000002015d98d000 flushing nmethod 0x000002014a55d310
Event: 4144.009 Thread 0x000002015d98d000 flushing nmethod 0x000002014a55d790
Event: 4144.009 Thread 0x000002015d98d000 flushing nmethod 0x000002014a5b4990
Event: 4144.009 Thread 0x000002015d98d000 flushing nmethod 0x000002014a5bc010
Event: 4144.009 Thread 0x000002015d98d000 flushing nmethod 0x000002014a5bc990
Event: 4144.009 Thread 0x000002015d98d000 flushing nmethod 0x000002014a5bcd10
Event: 4144.012 Thread 0x000002015d98d000 flushing nmethod 0x000002014aa5ec10


Dynamic libraries:
0x00007ff7dc760000 - 0x00007ff7dc76a000 	C:\Program Files\Android\Android Studio\jre\bin\java.exe
0x00007ffbd8a90000 - 0x00007ffbd8c85000 	C:\WINDOWS\SYSTEM32\ntdll.dll
0x00007ffbd7100000 - 0x00007ffbd71bd000 	C:\WINDOWS\System32\KERNEL32.DLL
0x00007ffbd61f0000 - 0x00007ffbd64b9000 	C:\WINDOWS\System32\KERNELBASE.dll
0x00007ffbd65d0000 - 0x00007ffbd66d0000 	C:\WINDOWS\System32\ucrtbase.dll
0x00007ffb71b60000 - 0x00007ffb71b79000 	C:\Program Files\Android\Android Studio\jre\bin\jli.dll
0x00007ffbd87a0000 - 0x00007ffbd8940000 	C:\WINDOWS\System32\USER32.dll
0x00007ffbd61c0000 - 0x00007ffbd61e2000 	C:\WINDOWS\System32\win32u.dll
0x00007ffbd7900000 - 0x00007ffbd792a000 	C:\WINDOWS\System32\GDI32.dll
0x00007ffbd6880000 - 0x00007ffbd698b000 	C:\WINDOWS\System32\gdi32full.dll
0x00007ffb71a40000 - 0x00007ffb71a57000 	C:\Program Files\Android\Android Studio\jre\bin\VCRUNTIME140.dll
0x00007ffbc65b0000 - 0x00007ffbc684a000 	C:\WINDOWS\WinSxS\amd64_microsoft.windows.common-controls_6595b64144ccf1df_6.0.19041.1110_none_60b5254171f9507e\COMCTL32.dll
0x00007ffbd6af0000 - 0x00007ffbd6b8e000 	C:\WINDOWS\System32\msvcrt.dll
0x00007ffbd6a50000 - 0x00007ffbd6aed000 	C:\WINDOWS\System32\msvcp_win.dll
0x00007ffbd83b0000 - 0x00007ffbd83e0000 	C:\WINDOWS\System32\IMM32.DLL
0x00007ffb68c60000 - 0x00007ffb68cfd000 	C:\Program Files\Android\Android Studio\jre\bin\msvcp140.dll
0x00007ffba7e70000 - 0x00007ffba893f000 	C:\Program Files\Android\Android Studio\jre\bin\server\jvm.dll
0x00007ffbd85c0000 - 0x00007ffbd866c000 	C:\WINDOWS\System32\ADVAPI32.dll
0x00007ffbd6c10000 - 0x00007ffbd6cab000 	C:\WINDOWS\System32\sechost.dll
0x00007ffbd80d0000 - 0x00007ffbd81fa000 	C:\WINDOWS\System32\RPCRT4.dll
0x00007ffbd8790000 - 0x00007ffbd8798000 	C:\WINDOWS\System32\PSAPI.DLL
0x00007ffbbb4d0000 - 0x00007ffbbb4d9000 	C:\WINDOWS\SYSTEM32\WSOCK32.dll
0x00007ffbd7e20000 - 0x00007ffbd7e8b000 	C:\WINDOWS\System32\WS2_32.dll
0x00007ffbce640000 - 0x00007ffbce667000 	C:\WINDOWS\SYSTEM32\WINMM.dll
0x00007ffbceed0000 - 0x00007ffbceeda000 	C:\WINDOWS\SYSTEM32\VERSION.dll
0x00007ffbd40f0000 - 0x00007ffbd4102000 	C:\WINDOWS\SYSTEM32\kernel.appcore.dll
0x00007ffba9800000 - 0x00007ffba9811000 	C:\Program Files\Android\Android Studio\jre\bin\verify.dll
0x00007ffbd1950000 - 0x00007ffbd1b34000 	C:\WINDOWS\SYSTEM32\DBGHELP.DLL
0x00007ffbd1920000 - 0x00007ffbd194c000 	C:\WINDOWS\SYSTEM32\dbgcore.DLL
0x00007ffbd69c0000 - 0x00007ffbd6a43000 	C:\WINDOWS\System32\bcryptPrimitives.dll
0x00007ffba7e40000 - 0x00007ffba7e69000 	C:\Program Files\Android\Android Studio\jre\bin\java.dll
0x00007ffbbace0000 - 0x00007ffbbaceb000 	C:\Program Files\Android\Android Studio\jre\bin\jimage.dll
0x00007ffba7e20000 - 0x00007ffba7e38000 	C:\Program Files\Android\Android Studio\jre\bin\zip.dll
0x00007ffbd71c0000 - 0x00007ffbd78ff000 	C:\WINDOWS\System32\SHELL32.dll
0x00007ffbd42f0000 - 0x00007ffbd4a80000 	C:\WINDOWS\SYSTEM32\windows.storage.dll
0x00007ffbd6da0000 - 0x00007ffbd70f5000 	C:\WINDOWS\System32\combase.dll
0x00007ffbd5c20000 - 0x00007ffbd5c4c000 	C:\WINDOWS\SYSTEM32\Wldp.dll
0x00007ffbd84b0000 - 0x00007ffbd855e000 	C:\WINDOWS\System32\SHCORE.dll
0x00007ffbd89f0000 - 0x00007ffbd8a45000 	C:\WINDOWS\System32\shlwapi.dll
0x00007ffbd6100000 - 0x00007ffbd611f000 	C:\WINDOWS\SYSTEM32\profapi.dll
0x00007ffbbcd10000 - 0x00007ffbbcd2a000 	C:\Program Files\Android\Android Studio\jre\bin\net.dll
0x00007ffbcea40000 - 0x00007ffbceb48000 	C:\WINDOWS\SYSTEM32\WINHTTP.dll
0x00007ffbd5980000 - 0x00007ffbd59ea000 	C:\WINDOWS\system32\mswsock.dll
0x00007ffbbccf0000 - 0x00007ffbbcd04000 	C:\Program Files\Android\Android Studio\jre\bin\nio.dll
0x00007ffbb6d40000 - 0x00007ffbb6d67000 	C:\Users\danie\.gradle\native\8bec1ad78214c89d9ad589b4d07fe93259594b29d510b10fafb7a158f7737e5d\windows-amd64\native-platform.dll
0x00007ffb68da0000 - 0x00007ffb68edd000 	C:\Users\danie\.gradle\native\53dbd7edfb1c66fb8903c78663c9afc45aea4f116125fa6feffd364cf09443e8\windows-amd64\native-platform-file-events.dll
0x00007ffbbcce0000 - 0x00007ffbbccea000 	C:\Program Files\Android\Android Studio\jre\bin\management.dll
0x00007ffbbba60000 - 0x00007ffbbba6c000 	C:\Program Files\Android\Android Studio\jre\bin\management_ext.dll
0x00007ffbd5b70000 - 0x00007ffbd5b88000 	C:\WINDOWS\SYSTEM32\CRYPTSP.dll
0x00007ffbd5290000 - 0x00007ffbd52c4000 	C:\WINDOWS\system32\rsaenh.dll
0x00007ffbd6990000 - 0x00007ffbd69b7000 	C:\WINDOWS\System32\bcrypt.dll
0x00007ffbd60c0000 - 0x00007ffbd60ee000 	C:\WINDOWS\SYSTEM32\USERENV.dll
0x00007ffbd5b90000 - 0x00007ffbd5b9c000 	C:\WINDOWS\SYSTEM32\CRYPTBASE.dll
0x00007ffbd5620000 - 0x00007ffbd565b000 	C:\WINDOWS\SYSTEM32\IPHLPAPI.DLL
0x00007ffbd7930000 - 0x00007ffbd7938000 	C:\WINDOWS\System32\NSI.dll
0x00007ffbce5c0000 - 0x00007ffbce5d7000 	C:\WINDOWS\SYSTEM32\dhcpcsvc6.DLL
0x00007ffbce5a0000 - 0x00007ffbce5bd000 	C:\WINDOWS\SYSTEM32\dhcpcsvc.DLL
0x00007ffbd5660000 - 0x00007ffbd572c000 	C:\WINDOWS\SYSTEM32\DNSAPI.dll
0x00007ffbd1c70000 - 0x00007ffbd1c8e000 	C:\Users\danie\AppData\Local\Temp\native-platform14047534791279715962dir\native-platform.dll
0x00007ffbd1c60000 - 0x00007ffbd1c68000 	C:\Program Files\Android\Android Studio\jre\bin\rmi.dll
0x00007ffba0c40000 - 0x00007ffba0c67000 	C:\Program Files\Android\Android Studio\jre\bin\sunec.dll
0x00007ffbc7b10000 - 0x00007ffbc7b65000 	C:\WINDOWS\SYSTEM32\symsrv.dll

dbghelp: loaded successfully - version: 4.0.5 - missing functions: none
symbol engine: initialized successfully - sym options: 0x614 - pdb path: .;C:\Program Files\Android\Android Studio\jre\bin;C:\WINDOWS\SYSTEM32;C:\WINDOWS\WinSxS\amd64_microsoft.windows.common-controls_6595b64144ccf1df_6.0.19041.1110_none_60b5254171f9507e;C:\Program Files\Android\Android Studio\jre\bin\server;C:\Users\danie\.gradle\native\8bec1ad78214c89d9ad589b4d07fe93259594b29d510b10fafb7a158f7737e5d\windows-amd64;C:\Users\danie\.gradle\native\53dbd7edfb1c66fb8903c78663c9afc45aea4f116125fa6feffd364cf09443e8\windows-amd64;C:\Users\danie\AppData\Local\Temp\native-platform14047534791279715962dir

VM Arguments:
jvm_args: --add-opens=java.base/java.util=ALL-UNNAMED --add-opens=java.base/java.lang=ALL-UNNAMED --add-opens=java.base/java.lang.invoke=ALL-UNNAMED --add-opens=java.base/java.util=ALL-UNNAMED --add-opens=java.prefs/java.util.prefs=ALL-UNNAMED --add-opens=java.prefs/java.util.prefs=ALL-UNNAMED --add-opens=java.base/java.nio.charset=ALL-UNNAMED --add-opens=java.base/java.net=ALL-UNNAMED --add-opens=java.base/java.util.concurrent.atomic=ALL-UNNAMED -Xmx2048m -Dfile.encoding=UTF-8 -Duser.country=NZ -Duser.language=en -Duser.variant 
java_command: org.gradle.launcher.daemon.bootstrap.GradleDaemon 7.0.2
java_class_path (initial): C:\Users\danie\.gradle\wrapper\dists\gradle-7.0.2-bin\857tjihv64xamwrf0h14cai3r\gradle-7.0.2\lib\gradle-launcher-7.0.2.jar
Launcher Type: SUN_STANDARD

[Global flags]
     intx CICompilerCount                          = 3                                         {product} {ergonomic}
     uint ConcGCThreads                            = 1                                         {product} {ergonomic}
     uint G1ConcRefinementThreads                  = 4                                         {product} {ergonomic}
   size_t G1HeapRegionSize                         = 1048576                                   {product} {ergonomic}
    uintx GCDrainStackTargetSize                   = 64                                        {product} {ergonomic}
   size_t InitialHeapSize                          = 268435456                                 {product} {ergonomic}
   size_t MarkStackSize                            = 4194304                                   {product} {ergonomic}
   size_t MaxHeapSize                              = 2147483648                                {product} {command line}
   size_t MaxNewSize                               = 1287651328                                {product} {ergonomic}
   size_t MinHeapDeltaBytes                        = 1048576                                   {product} {ergonomic}
    uintx NonNMethodCodeHeapSize                   = 5830732                                {pd product} {ergonomic}
    uintx NonProfiledCodeHeapSize                  = 122913754                              {pd product} {ergonomic}
    uintx ProfiledCodeHeapSize                     = 122913754                              {pd product} {ergonomic}
    uintx ReservedCodeCacheSize                    = 251658240                              {pd product} {ergonomic}
     bool SegmentedCodeCache                       = true                                      {product} {ergonomic}
     bool UseCompressedClassPointers               = true                                 {lp64_product} {ergonomic}
     bool UseCompressedOops                        = true                                 {lp64_product} {ergonomic}
     bool UseG1GC                                  = true                                      {product} {ergonomic}
     bool UseLargePagesIndividualAllocation        = false                                  {pd product} {ergonomic}

Logging:
Log output configuration:
 #0: stdout all=warning uptime,level,tags
 #1: stderr all=off uptime,level,tags

Environment Variables:
PATH=C:\Python39\Scripts\;C:\Python39\;C:\Program Files (x86)\NVIDIA Corporation\PhysX\Common;C:\Program Files (x86)\Common Files\Oracle\Java\javapath;C:\WINDOWS\system32;C:\WINDOWS;C:\WINDOWS\System32\Wbem;C:\WINDOWS\System32\WindowsPowerShell\v1.0\;C:\WINDOWS\System32\OpenSSH\;C:\Program Files\Microsoft SQL Server\130\Tools\Binn\;C:\ProgramData\chocolatey\bin;C:\Program Files (x86)\IVI Foundation\VISA\WinNT\Bin;C:\Program Files\Git\cmd;C:\Program Files\nodejs\;C:\Users\danie\AppData\Local\Microsoft\WindowsApps;;C:\Users\danie\AppData\Local\Programs\Microsoft VS Code\bin;C:\Users\danie\AppData\Roaming\npm
USERNAME=danie
OS=Windows_NT
PROCESSOR_IDENTIFIER=AMD64 Family 23 Model 24 Stepping 1, AuthenticAMD



---------------  S Y S T E M  ---------------

OS: Windows 10 , 64 bit Build 19041 (10.0.19041.1151)
OS uptime: 0 days 1:10 hours

CPU:total 4 (initial active 4) (4 cores per cpu, 1 threads per core) family 23 model 24 stepping 1 microcode 0x0, cmov, cx8, fxsr, mmx, sse, sse2, sse3, ssse3, sse4.1, sse4.2, popcnt, avx, avx2, aes, clmul, mmxext, 3dnowpref, lzcnt, sse4a, tsc, tscinvbit, tscinv, bmi1, bmi2, adx, sha, 

Memory: 4k page, system-wide physical 16312M (4636M free)
TotalPageFile size 16312M (AvailPageFile size 8M)
current process WorkingSet (physical memory assigned to process): 619M, peak: 628M
current process commit charge ("private bytes"): 689M, peak: 697M

vm_info: OpenJDK 64-Bit Server VM (11.0.10+0-b96-7249189) for windows-amd64 JRE (11.0.10+0-b96-7249189), built on Mar 31 2021 21:44:00 by "builder" with MS VC++ 14.0 (VS2015)

END.
