#
# There is insufficient memory for the Java Runtime Environment to continue.
# Native memory allocation (mmap) failed to map 268435456 bytes for Failed to commit area from 0x0000000701000000 to 0x0000000711000000 of length 268435456.
# Possible reasons:
#   The system is out of physical RAM or swap space
#   The process is running with CompressedOops enabled, and the Java Heap may be blocking the growth of the native heap
# Possible solutions:
#   Reduce memory load on the system
#   Increase physical memory or swap space
#   Check if swap backing store is full
#   Decrease Java heap size (-Xmx/-Xms)
#   Decrease number of Java threads
#   Decrease Java thread stack sizes (-Xss)
#   Set larger code cache with -XX:ReservedCodeCacheSize=
# This output file may be truncated or incomplete.
#
#  Out of Memory Error (./src/hotspot/os/windows/os_windows.cpp:3301), pid=228, tid=8936
#
# JRE version:  (11.0.10) (build )
# Java VM: OpenJDK 64-Bit Server VM (11.0.10+0-b96-7249189, mixed mode, sharing, tiered, compressed oops, g1 gc, windows-amd64)
# No core dump will be written. Minidumps are not enabled by default on client versions of Windows
#

---------------  S U M M A R Y ------------

Command Line: org.jetbrains.kotlin.cli.jvm.K2JVMCompiler @C:\Users\danie\AndroidStudioProjects\Choice\app\build\20211012_11577983200621550854.compiler.options

Host: AMD Ryzen 3 3200G with Radeon Vega Graphics    , 4 cores, 15G,  Windows 10 , 64 bit Build 19041 (10.0.19041.1202)
Time: Tue Oct 12 17:03:35 2021 New Zealand Daylight Time elapsed time: 0.011571 seconds (0d 0h 0m 0s)

---------------  T H R E A D  ---------------

Current thread (0x000002e3d948b000):  JavaThread "Unknown thread" [_thread_in_vm, id=8936, stack(0x000000ea5bf00000,0x000000ea5c000000)]

Stack: [0x000000ea5bf00000,0x000000ea5c000000]
Native frames: (J=compiled Java code, j=interpreted, Vv=VM code, C=native code)
V  [jvm.dll+0x5ecfaa]
V  [jvm.dll+0x722bd5]
V  [jvm.dll+0x72412d]
V  [jvm.dll+0x7247e3]
V  [jvm.dll+0x242928]
V  [jvm.dll+0x5ea374]
V  [jvm.dll+0x5df425]
V  [jvm.dll+0x2fdebb]
V  [jvm.dll+0x2fde2a]
V  [jvm.dll+0x2fdd02]
V  [jvm.dll+0x302bf6]
V  [jvm.dll+0x34b2a3]
V  [jvm.dll+0x34b9a6]
V  [jvm.dll+0x34b3a3]
V  [jvm.dll+0x2d8888]
V  [jvm.dll+0x2d9a37]
V  [jvm.dll+0x701737]
V  [jvm.dll+0x702f2c]
V  [jvm.dll+0x3587d9]
V  [jvm.dll+0x6e4fae]
V  [jvm.dll+0x3c0be3]
V  [jvm.dll+0x3c2e91]
C  [jli.dll+0x5373]
C  [ucrtbase.dll+0x21bb2]
C  [KERNEL32.DLL+0x17034]
C  [ntdll.dll+0x52651]


---------------  P R O C E S S  ---------------

Threads class SMR info:
_java_thread_list=0x000002e3d7b82d60, length=0, elements={
}

Java Threads: ( => current thread )

Other Threads:
  0x000002e3d94a3800 GCTaskThread "GC Thread#0" [stack: 0x000000ea5c000000,0x000000ea5c100000] [id=2092]
  0x000002e3d9500800 ConcurrentGCThread "G1 Main Marker" [stack: 0x000000ea5c100000,0x000000ea5c200000] [id=12120]
  0x000002e3d9503000 ConcurrentGCThread "G1 Conc#0" [stack: 0x000000ea5c200000,0x000000ea5c300000] [id=8704]

[error occurred during error reporting (printing all threads), id 0xc0000005, EXCEPTION_ACCESS_VIOLATION (0xc0000005) at pc=0x00007ffa05a69107]

VM state:not at safepoint (not fully initialized)

VM Mutex/Monitor currently owned by a thread:  ([mutex/lock_event])
[0x000002e3d94859e0] Heap_lock - owner thread: 0x000002e3d948b000

Heap address: 0x0000000701000000, size: 4080 MB, Compressed Oops mode: Non-zero based: 0x0000000701000000
Narrow klass base: 0x0000000000000000, Narrow klass shift: 0

GC Heap History (0 events):
No events

Deoptimization events (0 events):
No events

Classes redefined (0 events):
No events

Internal exceptions (0 events):
No events

Events (1 events):
Event: 0.007 Loaded shared library C:\Program Files\Android\Android Studio\jre\bin\zip.dll


Dynamic libraries:
0x00007ff7ef430000 - 0x00007ff7ef43a000 	C:\Program Files\Android\Android Studio\jre\bin\java.exe
0x00007ffa85a10000 - 0x00007ffa85c05000 	C:\WINDOWS\SYSTEM32\ntdll.dll
0x00007ffa83a60000 - 0x00007ffa83b1e000 	C:\WINDOWS\System32\KERNEL32.DLL
0x00007ffa834a0000 - 0x00007ffa83769000 	C:\WINDOWS\System32\KERNELBASE.dll
0x00007ffa83370000 - 0x00007ffa83470000 	C:\WINDOWS\System32\ucrtbase.dll
0x00007ffa260a0000 - 0x00007ffa260b9000 	C:\Program Files\Android\Android Studio\jre\bin\jli.dll
0x00007ffa25520000 - 0x00007ffa25537000 	C:\Program Files\Android\Android Studio\jre\bin\VCRUNTIME140.dll
0x00007ffa73af0000 - 0x00007ffa73d8a000 	C:\WINDOWS\WinSxS\amd64_microsoft.windows.common-controls_6595b64144ccf1df_6.0.19041.1110_none_60b5254171f9507e\COMCTL32.dll
0x00007ffa83c00000 - 0x00007ffa83da1000 	C:\WINDOWS\System32\USER32.dll
0x00007ffa843b0000 - 0x00007ffa8444e000 	C:\WINDOWS\System32\msvcrt.dll
0x00007ffa83470000 - 0x00007ffa83492000 	C:\WINDOWS\System32\win32u.dll
0x00007ffa84320000 - 0x00007ffa8434b000 	C:\WINDOWS\System32\GDI32.dll
0x00007ffa838d0000 - 0x00007ffa839db000 	C:\WINDOWS\System32\gdi32full.dll
0x00007ffa83130000 - 0x00007ffa831cd000 	C:\WINDOWS\System32\msvcp_win.dll
0x00007ffa849c0000 - 0x00007ffa849f0000 	C:\WINDOWS\System32\IMM32.DLL
0x00007ffa0ebe0000 - 0x00007ffa0ec7d000 	C:\Program Files\Android\Android Studio\jre\bin\msvcp140.dll
0x00007ffa05780000 - 0x00007ffa0624f000 	C:\Program Files\Android\Android Studio\jre\bin\server\jvm.dll
0x00007ffa83dc0000 - 0x00007ffa83e6c000 	C:\WINDOWS\System32\ADVAPI32.dll
0x00007ffa84bf0000 - 0x00007ffa84c8b000 	C:\WINDOWS\System32\sechost.dll
0x00007ffa844d0000 - 0x00007ffa845fa000 	C:\WINDOWS\System32\RPCRT4.dll
0x00007ffa849f0000 - 0x00007ffa849f8000 	C:\WINDOWS\System32\PSAPI.DLL
0x00007ffa76250000 - 0x00007ffa76259000 	C:\WINDOWS\SYSTEM32\WSOCK32.dll
0x00007ffa7a4c0000 - 0x00007ffa7a4e7000 	C:\WINDOWS\SYSTEM32\WINMM.dll
0x00007ffa84c90000 - 0x00007ffa84cfb000 	C:\WINDOWS\System32\WS2_32.dll
0x00007ffa7c2d0000 - 0x00007ffa7c2da000 	C:\WINDOWS\SYSTEM32\VERSION.dll
0x00007ffa81050000 - 0x00007ffa81062000 	C:\WINDOWS\SYSTEM32\kernel.appcore.dll
0x00007ffa754b0000 - 0x00007ffa754c1000 	C:\Program Files\Android\Android Studio\jre\bin\verify.dll
0x00007ffa7d230000 - 0x00007ffa7d414000 	C:\WINDOWS\SYSTEM32\DBGHELP.DLL
0x00007ffa74220000 - 0x00007ffa7424c000 	C:\WINDOWS\SYSTEM32\dbgcore.DLL
0x00007ffa832e0000 - 0x00007ffa83363000 	C:\WINDOWS\System32\bcryptPrimitives.dll
0x00007ffa75480000 - 0x00007ffa754a9000 	C:\Program Files\Android\Android Studio\jre\bin\java.dll
0x00007ffa75470000 - 0x00007ffa7547b000 	C:\Program Files\Android\Android Studio\jre\bin\jimage.dll
0x00007ffa71710000 - 0x00007ffa71728000 	C:\Program Files\Android\Android Studio\jre\bin\zip.dll
0x00007ffa252f0000 - 0x00007ffa25345000 	C:\WINDOWS\SYSTEM32\symsrv.dll
0x00007ffa84e10000 - 0x00007ffa8554f000 	C:\WINDOWS\System32\shell32.dll
0x00007ffa81250000 - 0x00007ffa819e0000 	C:\WINDOWS\SYSTEM32\windows.storage.dll
0x00007ffa83fc0000 - 0x00007ffa84315000 	C:\WINDOWS\System32\combase.dll
0x00007ffa82b80000 - 0x00007ffa82bac000 	C:\WINDOWS\SYSTEM32\Wldp.dll
0x00007ffa83f00000 - 0x00007ffa83fae000 	C:\WINDOWS\System32\SHCORE.dll
0x00007ffa84470000 - 0x00007ffa844c5000 	C:\WINDOWS\System32\shlwapi.dll
0x00007ffa83070000 - 0x00007ffa8308f000 	C:\WINDOWS\SYSTEM32\profapi.dll

dbghelp: loaded successfully - version: 4.0.5 - missing functions: none
symbol engine: initialized successfully - sym options: 0x614 - pdb path: .;C:\Program Files\Android\Android Studio\jre\bin;C:\WINDOWS\SYSTEM32;C:\WINDOWS\WinSxS\amd64_microsoft.windows.common-controls_6595b64144ccf1df_6.0.19041.1110_none_60b5254171f9507e;C:\Program Files\Android\Android Studio\jre\bin\server

VM Arguments:
java_command: org.jetbrains.kotlin.cli.jvm.K2JVMCompiler @C:\Users\danie\AndroidStudioProjects\Choice\app\build\20211012_11577983200621550854.compiler.options
java_class_path (initial): C:\Users\danie\.gradle\caches\modules-2\files-2.1\org.jetbrains.kotlin\kotlin-compiler-embeddable\1.5.31\cc18c29253541dc57c25c3ef514d63c7953ae1a6\kotlin-compiler-embeddable-1.5.31.jar;C:\Users\danie\.gradle\caches\modules-2\files-2.1\org.jetbrains.kotlin\kotlin-reflect\1.5.31\1523fcd842a47da0820cea772b19c51056fec8a9\kotlin-reflect-1.5.31.jar;C:\Users\danie\.gradle\caches\modules-2\files-2.1\org.jetbrains.kotlin\kotlin-stdlib\1.5.31\6628d61d0f5603568e72d2d5915d2c034b4f1c55\kotlin-stdlib-1.5.31.jar;C:\Users\danie\.gradle\caches\modules-2\files-2.1\org.jetbrains.kotlin\kotlin-script-runtime\1.5.31\aaea854be2cfc06373dfc11be5a6ba9ca5ca84a6\kotlin-script-runtime-1.5.31.jar;C:\Users\danie\.gradle\caches\modules-2\files-2.1\org.jetbrains.kotlin\kotlin-daemon-embeddable\1.5.31\d19b549661e28c62781683dc7c7e34bf416974f1\kotlin-daemon-embeddable-1.5.31.jar;C:\Users\danie\.gradle\caches\modules-2\files-2.1\org.jetbrains.intellij.deps\trove4j\1.0.20181211\216c2e14b070f334479d800987affe4054cd563f\trove4j-1.0.20181211.jar;C:\Users\danie\.gradle\caches\modules-2\files-2.1\org.jetbrains\annotations\13.0\919f0dfe192fb4e063e7dacadee7f8bb9a2672a9\annotations-13.0.jar;C:\Users\danie\.gradle\caches\modules-2\files-2.1\org.jetbrains.kotlin\kotlin-stdlib-common\1.5.31\43331609c7de811fed085e0dfd150874b157c32\kotlin-stdlib-common-1.5.31.jar
Launcher Type: SUN_STANDARD

[Global flags]
     intx CICompilerCount                          = 3                                         {product} {ergonomic}
     uint ConcGCThreads                            = 1                                         {product} {ergonomic}
     uint G1ConcRefinementThreads                  = 4                                         {product} {ergonomic}
   size_t G1HeapRegionSize                         = 1048576                                   {product} {ergonomic}
    uintx GCDrainStackTargetSize                   = 64                                        {product} {ergonomic}
   size_t InitialHeapSize                          = 268435456                                 {product} {ergonomic}
   size_t MarkStackSize                            = 4194304                                   {product} {ergonomic}
   size_t MaxHeapSize                              = 4278190080                                {product} {ergonomic}
   size_t MinHeapDeltaBytes                        = 1048576                                   {product} {ergonomic}
    uintx NonNMethodCodeHeapSize                   = 5830732                                {pd product} {ergonomic}
    uintx NonProfiledCodeHeapSize                  = 122913754                              {pd product} {ergonomic}
    uintx ProfiledCodeHeapSize                     = 122913754                              {pd product} {ergonomic}
    uintx ReservedCodeCacheSize                    = 251658240                              {pd product} {ergonomic}
     bool SegmentedCodeCache                       = true                                      {product} {ergonomic}
     bool UseCompressedClassPointers               = true                                 {lp64_product} {ergonomic}
     bool UseCompressedOops                        = true                                 {lp64_product} {ergonomic}
     bool UseG1GC                                  = true                                      {product} {ergonomic}
     bool UseLargePagesIndividualAllocation        = false                                  {pd product} {ergonomic}

Logging:
Log output configuration:
 #0: stdout all=warning uptime,level,tags
 #1: stderr all=off uptime,level,tags

Environment Variables:
PATH=C:\Python39\Scripts\;C:\Python39\;C:\Program Files (x86)\NVIDIA Corporation\PhysX\Common;C:\Program Files (x86)\Common Files\Oracle\Java\javapath;C:\WINDOWS\system32;C:\WINDOWS;C:\WINDOWS\System32\Wbem;C:\WINDOWS\System32\WindowsPowerShell\v1.0\;C:\WINDOWS\System32\OpenSSH\;C:\Program Files\Microsoft SQL Server\130\Tools\Binn\;C:\ProgramData\chocolatey\bin;C:\Program Files (x86)\IVI Foundation\VISA\WinNT\Bin;C:\Program Files\Git\cmd;C:\Program Files\nodejs\;C:\Users\danie\AppData\Local\Microsoft\WindowsApps;;C:\Users\danie\AppData\Local\Programs\Microsoft VS Code\bin;C:\Users\danie\AppData\Roaming\npm
USERNAME=danie
OS=Windows_NT
PROCESSOR_IDENTIFIER=AMD64 Family 23 Model 24 Stepping 1, AuthenticAMD



---------------  S Y S T E M  ---------------

OS: Windows 10 , 64 bit Build 19041 (10.0.19041.1202)
OS uptime: 0 days 1:56 hours

CPU:total 4 (initial active 4) (4 cores per cpu, 1 threads per core) family 23 model 24 stepping 1 microcode 0x0, cmov, cx8, fxsr, mmx, sse, sse2, sse3, ssse3, sse4.1, sse4.2, popcnt, avx, avx2, aes, clmul, mmxext, 3dnowpref, lzcnt, sse4a, tsc, tscinvbit, tscinv, bmi1, bmi2, adx, sha, 

Memory: 4k page, system-wide physical 16312M (4759M free)
TotalPageFile size 16312M (AvailPageFile size 204M)
current process WorkingSet (physical memory assigned to process): 11M, peak: 11M
current process commit charge ("private bytes"): 52M, peak: 307M

vm_info: OpenJDK 64-Bit Server VM (11.0.10+0-b96-7249189) for windows-amd64 JRE (11.0.10+0-b96-7249189), built on Mar 31 2021 21:44:00 by "builder" with MS VC++ 14.0 (VS2015)

END.
