#
# There is insufficient memory for the Java Runtime Environment to continue.
# Native memory allocation (malloc) failed to allocate 332656 bytes for Chunk::new
# Possible reasons:
#   The system is out of physical RAM or swap space
#   The process is running with CompressedOops enabled, and the Java Heap may be blocking the growth of the native heap
# Possible solutions:
#   Reduce memory load on the system
#   Increase physical memory or swap space
#   Check if swap backing store is full
#   Decrease Java heap size (-Xmx/-Xms)
#   Decrease number of Java threads
#   Decrease Java thread stack sizes (-Xss)
#   Set larger code cache with -XX:ReservedCodeCacheSize=
#   JVM is running with Unscaled Compressed Oops mode in which the Java heap is
#     placed in the first 4GB address space. The Java Heap base address is the
#     maximum limit for the native heap growth. Please use -XX:HeapBaseMinAddress
#     to set the Java Heap base and to place the Java Heap above 4GB virtual address.
# This output file may be truncated or incomplete.
#
#  Out of Memory Error (./src/hotspot/share/memory/arena.cpp:197), pid=6884, tid=2700
#
# JRE version: OpenJDK Runtime Environment (11.0.10) (build 11.0.10+0-b96-7249189)
# Java VM: OpenJDK 64-Bit Server VM (11.0.10+0-b96-7249189, mixed mode, tiered, compressed oops, g1 gc, windows-amd64)
# No core dump will be written. Minidumps are not enabled by default on client versions of Windows
#

---------------  S U M M A R Y ------------

Command Line: --add-opens=java.base/java.util=ALL-UNNAMED --add-opens=java.base/java.lang=ALL-UNNAMED --add-opens=java.base/java.lang.invoke=ALL-UNNAMED --add-opens=java.base/java.util=ALL-UNNAMED --add-opens=java.prefs/java.util.prefs=ALL-UNNAMED --add-opens=java.prefs/java.util.prefs=ALL-UNNAMED --add-opens=java.base/java.nio.charset=ALL-UNNAMED --add-opens=java.base/java.net=ALL-UNNAMED --add-opens=java.base/java.util.concurrent.atomic=ALL-UNNAMED -Xmx2048m -Dfile.encoding=UTF-8 -Duser.country=NZ -Duser.language=en -Duser.variant org.gradle.launcher.daemon.bootstrap.GradleDaemon 7.0.2

Host: AMD Ryzen 3 3200G with Radeon Vega Graphics    , 4 cores, 15G,  Windows 10 , 64 bit Build 19041 (10.0.19041.1151)
Time: Wed Sep  1 18:56:05 2021 New Zealand Standard Time elapsed time: 17.624029 seconds (0d 0h 0m 17s)

---------------  T H R E A D  ---------------

Current thread (0x0000021aacea0000):  JavaThread "C2 CompilerThread1" daemon [_thread_in_native, id=2700, stack(0x0000007528f00000,0x0000007529000000)]


Current CompileTask:
C2:  17624 14088       4       com.android.tools.r8.internal.x::putAll (124 bytes)

Stack: [0x0000007528f00000,0x0000007529000000]
Native frames: (J=compiled Java code, j=interpreted, Vv=VM code, C=native code)
V  [jvm.dll+0x5ecfaa]
V  [jvm.dll+0x722bd5]
V  [jvm.dll+0x72412d]
V  [jvm.dll+0x7247e3]
V  [jvm.dll+0x242928]
V  [jvm.dll+0xbc4fc]
V  [jvm.dll+0xbca0c]
V  [jvm.dll+0x352d3b]
V  [jvm.dll+0x320ad3]
V  [jvm.dll+0x31ffca]
V  [jvm.dll+0x1fb602]
V  [jvm.dll+0x1fa7f4]
V  [jvm.dll+0x18354c]
V  [jvm.dll+0x208ee7]
V  [jvm.dll+0x207731]
V  [jvm.dll+0x6eb1cf]
V  [jvm.dll+0x6e3d45]
V  [jvm.dll+0x5ebe96]
C  [ucrtbase.dll+0x21bb2]
C  [KERNEL32.DLL+0x17034]
C  [ntdll.dll+0x52651]


---------------  P R O C E S S  ---------------

Threads class SMR info:
_java_thread_list=0x0000021aafc32d40, length=49, elements={
0x0000021a90ebd000, 0x0000021aab301800, 0x0000021aab305000, 0x0000021aab362000,
0x0000021aab365000, 0x0000021aab367800, 0x0000021aab369000, 0x0000021aab36e000,
0x0000021aab374000, 0x0000021aab4c6000, 0x0000021aacc2d800, 0x0000021aab7e8800,
0x0000021aacc93000, 0x0000021aacd02800, 0x0000021aaccbb000, 0x0000021aaca00000,
0x0000021aacde5000, 0x0000021aac4ff000, 0x0000021aac705000, 0x0000021aadd9e800,
0x0000021aadd9b000, 0x0000021aadd9f800, 0x0000021aadd9d800, 0x0000021aacea0000,
0x0000021aadd9a800, 0x0000021aadda0000, 0x0000021aadda1000, 0x0000021aadd9d000,
0x0000021aadd9c000, 0x0000021ab148c800, 0x0000021ab1488800, 0x0000021ab148b000,
0x0000021ab1486800, 0x0000021ab148b800, 0x0000021ab148f000, 0x0000021ab148e000,
0x0000021ab1493000, 0x0000021ab148f800, 0x0000021ab1492000, 0x0000021ab1494800,
0x0000021ab1495800, 0x0000021ab1490800, 0x0000021ab1491800, 0x0000021ab115d800,
0x0000021ab1160000, 0x0000021ab115c000, 0x0000021ab1160800, 0x0000021ab1163000,
0x0000021ab1164000
}

Java Threads: ( => current thread )
  0x0000021a90ebd000 JavaThread "main" [_thread_blocked, id=12608, stack(0x0000007526e00000,0x0000007526f00000)]
  0x0000021aab301800 JavaThread "Reference Handler" daemon [_thread_blocked, id=13072, stack(0x0000007527500000,0x0000007527600000)]
  0x0000021aab305000 JavaThread "Finalizer" daemon [_thread_blocked, id=5812, stack(0x0000007527600000,0x0000007527700000)]
  0x0000021aab362000 JavaThread "Signal Dispatcher" daemon [_thread_blocked, id=8464, stack(0x0000007527700000,0x0000007527800000)]
  0x0000021aab365000 JavaThread "Attach Listener" daemon [_thread_blocked, id=5900, stack(0x0000007527800000,0x0000007527900000)]
  0x0000021aab367800 JavaThread "Service Thread" daemon [_thread_blocked, id=11584, stack(0x0000007527900000,0x0000007527a00000)]
  0x0000021aab369000 JavaThread "C2 CompilerThread0" daemon [_thread_in_native, id=6904, stack(0x0000007527a00000,0x0000007527b00000)]
  0x0000021aab36e000 JavaThread "C1 CompilerThread0" daemon [_thread_blocked, id=11900, stack(0x0000007527b00000,0x0000007527c00000)]
  0x0000021aab374000 JavaThread "Sweeper thread" daemon [_thread_blocked, id=7224, stack(0x0000007527c00000,0x0000007527d00000)]
  0x0000021aab4c6000 JavaThread "Common-Cleaner" daemon [_thread_blocked, id=7528, stack(0x0000007527d00000,0x0000007527e00000)]
  0x0000021aacc2d800 JavaThread "Daemon health stats" [_thread_blocked, id=12216, stack(0x0000007528300000,0x0000007528400000)]
  0x0000021aab7e8800 JavaThread "Incoming local TCP Connector on port 49677" [_thread_in_native, id=836, stack(0x0000007527f00000,0x0000007528000000)]
  0x0000021aacc93000 JavaThread "Daemon periodic checks" [_thread_blocked, id=12580, stack(0x0000007528400000,0x0000007528500000)]
  0x0000021aacd02800 JavaThread "Daemon" [_thread_blocked, id=11764, stack(0x0000007528500000,0x0000007528600000)]
  0x0000021aaccbb000 JavaThread "Handler for socket connection from /127.0.0.1:49677 to /127.0.0.1:49678" [_thread_in_native, id=376, stack(0x0000007528600000,0x0000007528700000)]
  0x0000021aaca00000 JavaThread "Cancel handler" [_thread_blocked, id=9956, stack(0x0000007528700000,0x0000007528800000)]
  0x0000021aacde5000 JavaThread "Daemon worker" [_thread_blocked, id=12160, stack(0x0000007528800000,0x0000007528900000)]
  0x0000021aac4ff000 JavaThread "Asynchronous log dispatcher for DefaultDaemonConnection: socket connection from /127.0.0.1:49677 to /127.0.0.1:49678" [_thread_blocked, id=1440, stack(0x0000007528900000,0x0000007528a00000)]
  0x0000021aac705000 JavaThread "Stdin handler" [_thread_blocked, id=2632, stack(0x0000007528a00000,0x0000007528b00000)]
  0x0000021aadd9e800 JavaThread "Daemon client event forwarder" [_thread_blocked, id=10284, stack(0x0000007528b00000,0x0000007528c00000)]
  0x0000021aadd9b000 JavaThread "Cache worker for file hash cache (C:\Users\danie\.gradle\caches\7.0.2\fileHashes)" [_thread_blocked, id=11328, stack(0x0000007528c00000,0x0000007528d00000)]
  0x0000021aadd9f800 JavaThread "File lock request listener" [_thread_in_native, id=2776, stack(0x0000007528d00000,0x0000007528e00000)]
  0x0000021aadd9d800 JavaThread "Cache worker for journal cache (C:\Users\danie\.gradle\caches\journal-1)" [_thread_blocked, id=11012, stack(0x0000007528e00000,0x0000007528f00000)]
=>0x0000021aacea0000 JavaThread "C2 CompilerThread1" daemon [_thread_in_native, id=2700, stack(0x0000007528f00000,0x0000007529000000)]
  0x0000021aadd9a800 JavaThread "Cache worker for file hash cache (C:\Users\danie\AndroidStudioProjects\Choice\.gradle\7.0.2\fileHashes)" [_thread_blocked, id=8596, stack(0x0000007529000000,0x0000007529100000)]
  0x0000021aadda0000 JavaThread "File watcher server" daemon [_thread_in_native, id=3648, stack(0x0000007529100000,0x0000007529200000)]
  0x0000021aadda1000 JavaThread "File watcher consumer" daemon [_thread_blocked, id=9792, stack(0x0000007529200000,0x0000007529300000)]
  0x0000021aadd9d000 JavaThread "Cache worker for checksums cache (C:\Users\danie\AndroidStudioProjects\Choice\.gradle\checksums)" [_thread_blocked, id=7628, stack(0x0000007529300000,0x0000007529400000)]
  0x0000021aadd9c000 JavaThread "Cache worker for cache directory md-supplier (C:\Users\danie\.gradle\caches\7.0.2\md-supplier)" [_thread_blocked, id=6148, stack(0x0000007529400000,0x0000007529500000)]
  0x0000021ab148c800 JavaThread "Cache worker for cache directory md-rule (C:\Users\danie\.gradle\caches\7.0.2\md-rule)" [_thread_blocked, id=12968, stack(0x0000007529500000,0x0000007529600000)]
  0x0000021ab1488800 JavaThread "Cache worker for execution history cache (C:\Users\danie\.gradle\caches\7.0.2\executionHistory)" [_thread_blocked, id=7100, stack(0x0000007529600000,0x0000007529700000)]
  0x0000021ab148b000 JavaThread "jar transforms" [_thread_blocked, id=5312, stack(0x0000007529700000,0x0000007529800000)]
  0x0000021ab1486800 JavaThread "jar transforms Thread 2" [_thread_blocked, id=2792, stack(0x0000007529800000,0x0000007529900000)]
  0x0000021ab148b800 JavaThread "Cache worker for file content cache (C:\Users\danie\.gradle\caches\7.0.2\fileContent)" [_thread_blocked, id=6804, stack(0x0000007529900000,0x0000007529a00000)]
  0x0000021ab148f000 JavaThread "Cache worker for dependencies-accessors (C:\Users\danie\AndroidStudioProjects\Choice\.gradle\7.0.2\dependencies-accessors)" [_thread_blocked, id=10364, stack(0x0000007529a00000,0x0000007529b00000)]
  0x0000021ab148e000 JavaThread "jar transforms Thread 3" [_thread_blocked, id=5428, stack(0x0000007529b00000,0x0000007529c00000)]
  0x0000021ab1493000 JavaThread "Cache worker for Build Output Cleanup Cache (C:\Users\danie\AndroidStudioProjects\Choice\.gradle\buildOutputCleanup)" [_thread_blocked, id=12440, stack(0x0000007529c00000,0x0000007529d00000)]
  0x0000021ab148f800 JavaThread "Build operations" [_thread_blocked, id=6868, stack(0x0000007529d00000,0x0000007529e00000)]
  0x0000021ab1492000 JavaThread "Build operations Thread 2" [_thread_blocked, id=11092, stack(0x0000007529e00000,0x0000007529f00000)]
  0x0000021ab1494800 JavaThread "Build operations Thread 3" [_thread_blocked, id=11556, stack(0x0000007529f00000,0x000000752a000000)]
  0x0000021ab1495800 JavaThread "Build operations Thread 4" [_thread_blocked, id=13092, stack(0x000000752a000000,0x000000752a100000)]
  0x0000021ab1490800 JavaThread "jar transforms Thread 4" [_thread_blocked, id=1932, stack(0x000000752a100000,0x000000752a200000)]
  0x0000021ab1491800 JavaThread "Memory manager" [_thread_blocked, id=2928, stack(0x000000752a200000,0x000000752a300000)]
  0x0000021ab115d800 JavaThread "build event listener" [_thread_blocked, id=2488, stack(0x000000752a300000,0x000000752a400000)]
  0x0000021ab1160000 JavaThread "Execution worker for ':'" [_thread_blocked, id=1048, stack(0x000000752a400000,0x000000752a500000)]
  0x0000021ab115c000 JavaThread "Execution worker for ':' Thread 2" [_thread_blocked, id=800, stack(0x000000752a500000,0x000000752a600000)]
  0x0000021ab1160800 JavaThread "Execution worker for ':' Thread 3" [_thread_blocked, id=1868, stack(0x000000752a600000,0x000000752a700000)]
  0x0000021ab1163000 JavaThread "Cache worker for execution history cache (C:\Users\danie\AndroidStudioProjects\Choice\.gradle\7.0.2\executionHistory)" [_thread_blocked, id=8668, stack(0x000000752a700000,0x000000752a800000)]
  0x0000021ab1164000 JavaThread "WorkerExecutor Queue" [_thread_blocked, id=10476, stack(0x000000752a800000,0x000000752a900000)]

Other Threads:
  0x0000021aaaad2800 VMThread "VM Thread" [stack: 0x0000007527400000,0x0000007527500000] [id=9352]
  0x0000021aab542800 WatcherThread [stack: 0x0000007527e00000,0x0000007527f00000] [id=7716]
  0x0000021a90ed6000 GCTaskThread "GC Thread#0" [stack: 0x0000007526f00000,0x0000007527000000] [id=6984]
  0x0000021aabd07800 GCTaskThread "GC Thread#1" [stack: 0x0000007528000000,0x0000007528100000] [id=7576]
  0x0000021aabc1f000 GCTaskThread "GC Thread#2" [stack: 0x0000007528100000,0x0000007528200000] [id=9780]
  0x0000021aabc1f800 GCTaskThread "GC Thread#3" [stack: 0x0000007528200000,0x0000007528300000] [id=1084]
  0x0000021a90f07800 ConcurrentGCThread "G1 Main Marker" [stack: 0x0000007527000000,0x0000007527100000] [id=11456]
  0x0000021a90f09800 ConcurrentGCThread "G1 Conc#0" [stack: 0x0000007527100000,0x0000007527200000] [id=12676]
  0x0000021a90f9d800 ConcurrentGCThread "G1 Refine#0" [stack: 0x0000007527200000,0x0000007527300000] [id=5500]
  0x0000021aaa944800 ConcurrentGCThread "G1 Young RemSet Sampling" [stack: 0x0000007527300000,0x0000007527400000] [id=11592]

Threads with active compile tasks:
C2 CompilerThread0  17639 13952       4       com.android.tools.r8.internal.W4::a (1165 bytes)
C2 CompilerThread1  17639 14088       4       com.android.tools.r8.internal.x::putAll (124 bytes)

VM state:at safepoint (normal execution)

VM Mutex/Monitor currently owned by a thread:  ([mutex/lock_event])
[0x0000021a90eb9220] Threads_lock - owner thread: 0x0000021aaaad2800
[0x0000021a90eba780] Heap_lock - owner thread: 0x0000021ab1494800

Heap address: 0x0000000080000000, size: 2048 MB, Compressed Oops mode: 32-bit
Narrow klass base: 0x0000000000000000, Narrow klass shift: 3
Compressed class space size: 1073741824 Address: 0x0000000100000000

Heap:
 garbage-first heap   total 262144K, used 216440K [0x0000000080000000, 0x0000000100000000)
  region size 1024K, 61 young (62464K), 5 survivors (5120K)
 Metaspace       used 101206K, capacity 103863K, committed 104012K, reserved 1138688K
  class space    used 13116K, capacity 14127K, committed 14156K, reserved 1048576K
Heap Regions: E=young(eden), S=young(survivor), O=old, HS=humongous(starts), HC=humongous(continues), CS=collection set, F=free, A=archive, TAMS=top-at-mark-start (previous, next)
|   0|0x0000000080000000, 0x0000000080100000, 0x0000000080100000|100%| O|  |TAMS 0x0000000080100000, 0x0000000080100000| Untracked 
|   1|0x0000000080100000, 0x0000000080200000, 0x0000000080200000|100%| O|  |TAMS 0x0000000080200000, 0x0000000080200000| Untracked 
|   2|0x0000000080200000, 0x0000000080300000, 0x0000000080300000|100%| O|  |TAMS 0x0000000080300000, 0x0000000080300000| Untracked 
|   3|0x0000000080300000, 0x0000000080400000, 0x0000000080400000|100%|HS|  |TAMS 0x0000000080400000, 0x0000000080400000| Complete 
|   4|0x0000000080400000, 0x0000000080500000, 0x0000000080500000|100%|HC|  |TAMS 0x0000000080500000, 0x0000000080500000| Complete 
|   5|0x0000000080500000, 0x0000000080600000, 0x0000000080600000|100%|HC|  |TAMS 0x0000000080600000, 0x0000000080600000| Complete 
|   6|0x0000000080600000, 0x0000000080700000, 0x0000000080700000|100%| O|  |TAMS 0x0000000080700000, 0x0000000080700000| Untracked 
|   7|0x0000000080700000, 0x0000000080800000, 0x0000000080800000|100%| O|  |TAMS 0x0000000080800000, 0x0000000080800000| Untracked 
|   8|0x0000000080800000, 0x0000000080900000, 0x0000000080900000|100%| O|  |TAMS 0x0000000080900000, 0x0000000080900000| Untracked 
|   9|0x0000000080900000, 0x0000000080a00000, 0x0000000080a00000|100%| O|  |TAMS 0x0000000080a00000, 0x0000000080a00000| Untracked 
|  10|0x0000000080a00000, 0x0000000080b00000, 0x0000000080b00000|100%| O|  |TAMS 0x0000000080b00000, 0x0000000080b00000| Untracked 
|  11|0x0000000080b00000, 0x0000000080c00000, 0x0000000080c00000|100%| O|  |TAMS 0x0000000080c00000, 0x0000000080c00000| Untracked 
|  12|0x0000000080c00000, 0x0000000080d00000, 0x0000000080d00000|100%| O|  |TAMS 0x0000000080d00000, 0x0000000080d00000| Untracked 
|  13|0x0000000080d00000, 0x0000000080e00000, 0x0000000080e00000|100%| O|  |TAMS 0x0000000080e00000, 0x0000000080e00000| Untracked 
|  14|0x0000000080e00000, 0x0000000080f00000, 0x0000000080f00000|100%| O|  |TAMS 0x0000000080f00000, 0x0000000080f00000| Untracked 
|  15|0x0000000080f00000, 0x0000000081000000, 0x0000000081000000|100%| O|  |TAMS 0x0000000081000000, 0x0000000081000000| Untracked 
|  16|0x0000000081000000, 0x0000000081100000, 0x0000000081100000|100%| O|  |TAMS 0x0000000081100000, 0x0000000081100000| Untracked 
|  17|0x0000000081100000, 0x0000000081200000, 0x0000000081200000|100%|HS|  |TAMS 0x0000000081200000, 0x0000000081200000| Complete 
|  18|0x0000000081200000, 0x0000000081300000, 0x0000000081300000|100%|HS|  |TAMS 0x0000000081300000, 0x0000000081300000| Complete 
|  19|0x0000000081300000, 0x0000000081400000, 0x0000000081400000|100%|HS|  |TAMS 0x0000000081400000, 0x0000000081400000| Complete 
|  20|0x0000000081400000, 0x0000000081500000, 0x0000000081500000|100%|HS|  |TAMS 0x0000000081500000, 0x0000000081500000| Complete 
|  21|0x0000000081500000, 0x0000000081600000, 0x0000000081600000|100%|HC|  |TAMS 0x0000000081600000, 0x0000000081600000| Complete 
|  22|0x0000000081600000, 0x0000000081700000, 0x0000000081700000|100%|HC|  |TAMS 0x0000000081700000, 0x0000000081700000| Complete 
|  23|0x0000000081700000, 0x0000000081800000, 0x0000000081800000|100%|HS|  |TAMS 0x0000000081800000, 0x0000000081800000| Complete 
|  24|0x0000000081800000, 0x0000000081900000, 0x0000000081900000|100%|HC|  |TAMS 0x0000000081900000, 0x0000000081900000| Complete 
|  25|0x0000000081900000, 0x0000000081a00000, 0x0000000081a00000|100%| O|  |TAMS 0x0000000081a00000, 0x0000000081a00000| Untracked 
|  26|0x0000000081a00000, 0x0000000081b00000, 0x0000000081b00000|100%| O|  |TAMS 0x0000000081b00000, 0x0000000081b00000| Untracked 
|  27|0x0000000081b00000, 0x0000000081c00000, 0x0000000081c00000|100%| O|  |TAMS 0x0000000081c00000, 0x0000000081c00000| Untracked 
|  28|0x0000000081c00000, 0x0000000081d00000, 0x0000000081d00000|100%| O|  |TAMS 0x0000000081d00000, 0x0000000081d00000| Untracked 
|  29|0x0000000081d00000, 0x0000000081e00000, 0x0000000081e00000|100%| O|  |TAMS 0x0000000081e00000, 0x0000000081e00000| Untracked 
|  30|0x0000000081e00000, 0x0000000081f00000, 0x0000000081f00000|100%| O|  |TAMS 0x0000000081f00000, 0x0000000081f00000| Untracked 
|  31|0x0000000081f00000, 0x0000000082000000, 0x0000000082000000|100%| O|  |TAMS 0x0000000082000000, 0x0000000082000000| Untracked 
|  32|0x0000000082000000, 0x0000000082100000, 0x0000000082100000|100%| O|  |TAMS 0x0000000082100000, 0x0000000082100000| Untracked 
|  33|0x0000000082100000, 0x0000000082200000, 0x0000000082200000|100%| O|  |TAMS 0x0000000082200000, 0x0000000082200000| Untracked 
|  34|0x0000000082200000, 0x0000000082300000, 0x0000000082300000|100%| O|  |TAMS 0x0000000082300000, 0x0000000082300000| Untracked 
|  35|0x0000000082300000, 0x0000000082400000, 0x0000000082400000|100%| O|  |TAMS 0x0000000082400000, 0x0000000082400000| Untracked 
|  36|0x0000000082400000, 0x0000000082500000, 0x0000000082500000|100%| O|  |TAMS 0x0000000082500000, 0x0000000082500000| Untracked 
|  37|0x0000000082500000, 0x0000000082600000, 0x0000000082600000|100%| O|  |TAMS 0x0000000082600000, 0x0000000082600000| Untracked 
|  38|0x0000000082600000, 0x0000000082700000, 0x0000000082700000|100%| O|  |TAMS 0x0000000082700000, 0x0000000082700000| Untracked 
|  39|0x0000000082700000, 0x0000000082800000, 0x0000000082800000|100%| O|  |TAMS 0x0000000082800000, 0x0000000082800000| Untracked 
|  40|0x0000000082800000, 0x0000000082900000, 0x0000000082900000|100%| O|  |TAMS 0x0000000082900000, 0x0000000082900000| Untracked 
|  41|0x0000000082900000, 0x0000000082a00000, 0x0000000082a00000|100%| O|  |TAMS 0x0000000082a00000, 0x0000000082a00000| Untracked 
|  42|0x0000000082a00000, 0x0000000082b00000, 0x0000000082b00000|100%| O|  |TAMS 0x0000000082b00000, 0x0000000082b00000| Untracked 
|  43|0x0000000082b00000, 0x0000000082c00000, 0x0000000082c00000|100%| O|  |TAMS 0x0000000082c00000, 0x0000000082c00000| Untracked 
|  44|0x0000000082c00000, 0x0000000082d00000, 0x0000000082d00000|100%| O|  |TAMS 0x0000000082d00000, 0x0000000082d00000| Untracked 
|  45|0x0000000082d00000, 0x0000000082e00000, 0x0000000082e00000|100%| O|  |TAMS 0x0000000082e00000, 0x0000000082e00000| Untracked 
|  46|0x0000000082e00000, 0x0000000082f00000, 0x0000000082f00000|100%| O|  |TAMS 0x0000000082f00000, 0x0000000082f00000| Untracked 
|  47|0x0000000082f00000, 0x0000000083000000, 0x0000000083000000|100%| O|  |TAMS 0x0000000083000000, 0x0000000083000000| Untracked 
|  48|0x0000000083000000, 0x0000000083100000, 0x0000000083100000|100%| O|  |TAMS 0x0000000083100000, 0x0000000083100000| Untracked 
|  49|0x0000000083100000, 0x0000000083200000, 0x0000000083200000|100%| O|  |TAMS 0x0000000083200000, 0x0000000083200000| Untracked 
|  50|0x0000000083200000, 0x0000000083300000, 0x0000000083300000|100%| O|  |TAMS 0x0000000083300000, 0x0000000083300000| Untracked 
|  51|0x0000000083300000, 0x0000000083400000, 0x0000000083400000|100%| O|  |TAMS 0x0000000083400000, 0x0000000083400000| Untracked 
|  52|0x0000000083400000, 0x0000000083500000, 0x0000000083500000|100%| O|  |TAMS 0x0000000083500000, 0x0000000083500000| Untracked 
|  53|0x0000000083500000, 0x0000000083600000, 0x0000000083600000|100%| O|  |TAMS 0x0000000083600000, 0x0000000083600000| Untracked 
|  54|0x0000000083600000, 0x0000000083700000, 0x0000000083700000|100%| O|  |TAMS 0x0000000083700000, 0x0000000083700000| Untracked 
|  55|0x0000000083700000, 0x0000000083800000, 0x0000000083800000|100%| O|  |TAMS 0x0000000083800000, 0x0000000083800000| Untracked 
|  56|0x0000000083800000, 0x0000000083900000, 0x0000000083900000|100%| O|  |TAMS 0x0000000083900000, 0x0000000083900000| Untracked 
|  57|0x0000000083900000, 0x0000000083a00000, 0x0000000083a00000|100%| O|  |TAMS 0x0000000083a00000, 0x0000000083a00000| Untracked 
|  58|0x0000000083a00000, 0x0000000083b00000, 0x0000000083b00000|100%| O|  |TAMS 0x0000000083b00000, 0x0000000083b00000| Untracked 
|  59|0x0000000083b00000, 0x0000000083c00000, 0x0000000083c00000|100%| O|  |TAMS 0x0000000083c00000, 0x0000000083c00000| Untracked 
|  60|0x0000000083c00000, 0x0000000083d00000, 0x0000000083d00000|100%| O|  |TAMS 0x0000000083d00000, 0x0000000083d00000| Untracked 
|  61|0x0000000083d00000, 0x0000000083e00000, 0x0000000083e00000|100%| O|  |TAMS 0x0000000083e00000, 0x0000000083e00000| Untracked 
|  62|0x0000000083e00000, 0x0000000083f00000, 0x0000000083f00000|100%| O|  |TAMS 0x0000000083f00000, 0x0000000083f00000| Untracked 
|  63|0x0000000083f00000, 0x0000000084000000, 0x0000000084000000|100%| O|  |TAMS 0x0000000084000000, 0x0000000084000000| Untracked 
|  64|0x0000000084000000, 0x0000000084100000, 0x0000000084100000|100%| O|  |TAMS 0x0000000084100000, 0x0000000084100000| Untracked 
|  65|0x0000000084100000, 0x0000000084200000, 0x0000000084200000|100%| O|  |TAMS 0x0000000084200000, 0x0000000084200000| Untracked 
|  66|0x0000000084200000, 0x0000000084300000, 0x0000000084300000|100%| O|  |TAMS 0x0000000084300000, 0x0000000084300000| Untracked 
|  67|0x0000000084300000, 0x0000000084400000, 0x0000000084400000|100%| O|  |TAMS 0x0000000084400000, 0x0000000084400000| Untracked 
|  68|0x0000000084400000, 0x0000000084500000, 0x0000000084500000|100%|HS|  |TAMS 0x0000000084500000, 0x0000000084500000| Complete 
|  69|0x0000000084500000, 0x0000000084600000, 0x0000000084600000|100%|HC|  |TAMS 0x0000000084600000, 0x0000000084600000| Complete 
|  70|0x0000000084600000, 0x0000000084700000, 0x0000000084700000|100%| O|  |TAMS 0x0000000084700000, 0x0000000084700000| Untracked 
|  71|0x0000000084700000, 0x0000000084800000, 0x0000000084800000|100%| O|  |TAMS 0x0000000084800000, 0x0000000084800000| Untracked 
|  72|0x0000000084800000, 0x0000000084900000, 0x0000000084900000|100%| O|  |TAMS 0x0000000084900000, 0x0000000084900000| Untracked 
|  73|0x0000000084900000, 0x0000000084a00000, 0x0000000084a00000|100%| O|  |TAMS 0x0000000084a00000, 0x0000000084a00000| Untracked 
|  74|0x0000000084a00000, 0x0000000084b00000, 0x0000000084b00000|100%| O|  |TAMS 0x0000000084b00000, 0x0000000084b00000| Untracked 
|  75|0x0000000084b00000, 0x0000000084c00000, 0x0000000084c00000|100%| O|  |TAMS 0x0000000084c00000, 0x0000000084c00000| Untracked 
|  76|0x0000000084c00000, 0x0000000084d00000, 0x0000000084d00000|100%| O|  |TAMS 0x0000000084d00000, 0x0000000084d00000| Untracked 
|  77|0x0000000084d00000, 0x0000000084e00000, 0x0000000084e00000|100%| O|  |TAMS 0x0000000084e00000, 0x0000000084e00000| Untracked 
|  78|0x0000000084e00000, 0x0000000084f00000, 0x0000000084f00000|100%|HS|  |TAMS 0x0000000084f00000, 0x0000000084f00000| Complete 
|  79|0x0000000084f00000, 0x0000000085000000, 0x0000000085000000|100%| O|  |TAMS 0x0000000085000000, 0x0000000085000000| Untracked 
|  80|0x0000000085000000, 0x0000000085100000, 0x0000000085100000|100%| O|  |TAMS 0x0000000085100000, 0x0000000085100000| Untracked 
|  81|0x0000000085100000, 0x0000000085200000, 0x0000000085200000|100%| O|  |TAMS 0x0000000085200000, 0x0000000085200000| Untracked 
|  82|0x0000000085200000, 0x0000000085300000, 0x0000000085300000|100%| O|  |TAMS 0x0000000085300000, 0x0000000085300000| Untracked 
|  83|0x0000000085300000, 0x0000000085400000, 0x0000000085400000|100%| O|  |TAMS 0x0000000085400000, 0x0000000085400000| Untracked 
|  84|0x0000000085400000, 0x0000000085500000, 0x0000000085500000|100%| O|  |TAMS 0x0000000085500000, 0x0000000085500000| Untracked 
|  85|0x0000000085500000, 0x0000000085600000, 0x0000000085600000|100%| O|  |TAMS 0x0000000085600000, 0x0000000085600000| Untracked 
|  86|0x0000000085600000, 0x0000000085700000, 0x0000000085700000|100%| O|  |TAMS 0x0000000085700000, 0x0000000085700000| Untracked 
|  87|0x0000000085700000, 0x0000000085800000, 0x0000000085800000|100%| O|  |TAMS 0x0000000085800000, 0x0000000085800000| Untracked 
|  88|0x0000000085800000, 0x0000000085900000, 0x0000000085900000|100%| O|  |TAMS 0x0000000085900000, 0x0000000085900000| Untracked 
|  89|0x0000000085900000, 0x0000000085a00000, 0x0000000085a00000|100%| O|  |TAMS 0x0000000085a00000, 0x0000000085a00000| Untracked 
|  90|0x0000000085a00000, 0x0000000085b00000, 0x0000000085b00000|100%| O|  |TAMS 0x0000000085b00000, 0x0000000085b00000| Untracked 
|  91|0x0000000085b00000, 0x0000000085c00000, 0x0000000085c00000|100%| O|  |TAMS 0x0000000085c00000, 0x0000000085c00000| Untracked 
|  92|0x0000000085c00000, 0x0000000085d00000, 0x0000000085d00000|100%| O|  |TAMS 0x0000000085d00000, 0x0000000085d00000| Untracked 
|  93|0x0000000085d00000, 0x0000000085e00000, 0x0000000085e00000|100%| O|  |TAMS 0x0000000085e00000, 0x0000000085e00000| Untracked 
|  94|0x0000000085e00000, 0x0000000085f00000, 0x0000000085f00000|100%| O|  |TAMS 0x0000000085f00000, 0x0000000085f00000| Untracked 
|  95|0x0000000085f00000, 0x0000000086000000, 0x0000000086000000|100%| O|  |TAMS 0x0000000086000000, 0x0000000086000000| Untracked 
|  96|0x0000000086000000, 0x0000000086100000, 0x0000000086100000|100%| O|  |TAMS 0x0000000086100000, 0x0000000086100000| Untracked 
|  97|0x0000000086100000, 0x0000000086200000, 0x0000000086200000|100%| O|  |TAMS 0x0000000086200000, 0x0000000086200000| Untracked 
|  98|0x0000000086200000, 0x0000000086300000, 0x0000000086300000|100%| O|  |TAMS 0x0000000086300000, 0x0000000086300000| Untracked 
|  99|0x0000000086300000, 0x0000000086400000, 0x0000000086400000|100%| O|  |TAMS 0x0000000086400000, 0x0000000086400000| Untracked 
| 100|0x0000000086400000, 0x0000000086500000, 0x0000000086500000|100%| O|  |TAMS 0x0000000086500000, 0x0000000086500000| Untracked 
| 101|0x0000000086500000, 0x0000000086600000, 0x0000000086600000|100%| O|  |TAMS 0x0000000086600000, 0x0000000086600000| Untracked 
| 102|0x0000000086600000, 0x0000000086700000, 0x0000000086700000|100%| O|  |TAMS 0x0000000086700000, 0x0000000086700000| Untracked 
| 103|0x0000000086700000, 0x0000000086800000, 0x0000000086800000|100%| O|  |TAMS 0x0000000086800000, 0x0000000086800000| Untracked 
| 104|0x0000000086800000, 0x0000000086900000, 0x0000000086900000|100%| O|  |TAMS 0x0000000086900000, 0x0000000086900000| Untracked 
| 105|0x0000000086900000, 0x0000000086a00000, 0x0000000086a00000|100%| O|  |TAMS 0x0000000086a00000, 0x0000000086a00000| Untracked 
| 106|0x0000000086a00000, 0x0000000086b00000, 0x0000000086b00000|100%| O|  |TAMS 0x0000000086b00000, 0x0000000086b00000| Untracked 
| 107|0x0000000086b00000, 0x0000000086c00000, 0x0000000086c00000|100%| O|  |TAMS 0x0000000086c00000, 0x0000000086c00000| Untracked 
| 108|0x0000000086c00000, 0x0000000086d00000, 0x0000000086d00000|100%| O|  |TAMS 0x0000000086d00000, 0x0000000086d00000| Untracked 
| 109|0x0000000086d00000, 0x0000000086e00000, 0x0000000086e00000|100%| O|  |TAMS 0x0000000086e00000, 0x0000000086e00000| Untracked 
| 110|0x0000000086e00000, 0x0000000086f00000, 0x0000000086f00000|100%| O|  |TAMS 0x0000000086f00000, 0x0000000086f00000| Untracked 
| 111|0x0000000086f00000, 0x0000000087000000, 0x0000000087000000|100%| O|  |TAMS 0x0000000087000000, 0x0000000087000000| Untracked 
| 112|0x0000000087000000, 0x0000000087100000, 0x0000000087100000|100%| O|  |TAMS 0x0000000087100000, 0x0000000087100000| Untracked 
| 113|0x0000000087100000, 0x0000000087200000, 0x0000000087200000|100%| O|  |TAMS 0x0000000087200000, 0x0000000087200000| Untracked 
| 114|0x0000000087200000, 0x0000000087300000, 0x0000000087300000|100%| O|  |TAMS 0x0000000087300000, 0x0000000087300000| Untracked 
| 115|0x0000000087300000, 0x0000000087400000, 0x0000000087400000|100%| O|  |TAMS 0x0000000087400000, 0x0000000087400000| Untracked 
| 116|0x0000000087400000, 0x0000000087500000, 0x0000000087500000|100%| O|  |TAMS 0x0000000087500000, 0x0000000087500000| Untracked 
| 117|0x0000000087500000, 0x0000000087600000, 0x0000000087600000|100%| O|  |TAMS 0x0000000087600000, 0x0000000087600000| Untracked 
| 118|0x0000000087600000, 0x0000000087700000, 0x0000000087700000|100%| O|  |TAMS 0x0000000087700000, 0x0000000087700000| Untracked 
| 119|0x0000000087700000, 0x0000000087800000, 0x0000000087800000|100%| O|  |TAMS 0x0000000087800000, 0x0000000087800000| Untracked 
| 120|0x0000000087800000, 0x0000000087900000, 0x0000000087900000|100%| O|  |TAMS 0x0000000087900000, 0x0000000087900000| Untracked 
| 121|0x0000000087900000, 0x0000000087a00000, 0x0000000087a00000|100%| O|  |TAMS 0x0000000087a00000, 0x0000000087a00000| Untracked 
| 122|0x0000000087a00000, 0x0000000087b00000, 0x0000000087b00000|100%| O|  |TAMS 0x0000000087b00000, 0x0000000087b00000| Untracked 
| 123|0x0000000087b00000, 0x0000000087c00000, 0x0000000087c00000|100%| O|  |TAMS 0x0000000087c00000, 0x0000000087c00000| Untracked 
| 124|0x0000000087c00000, 0x0000000087d00000, 0x0000000087d00000|100%| O|  |TAMS 0x0000000087d00000, 0x0000000087d00000| Untracked 
| 125|0x0000000087d00000, 0x0000000087e00000, 0x0000000087e00000|100%| O|  |TAMS 0x0000000087e00000, 0x0000000087e00000| Untracked 
| 126|0x0000000087e00000, 0x0000000087f00000, 0x0000000087f00000|100%| O|  |TAMS 0x0000000087f00000, 0x0000000087f00000| Untracked 
| 127|0x0000000087f00000, 0x0000000088000000, 0x0000000088000000|100%| O|  |TAMS 0x0000000088000000, 0x0000000088000000| Untracked 
| 128|0x0000000088000000, 0x0000000088100000, 0x0000000088100000|100%| O|  |TAMS 0x0000000088100000, 0x0000000088100000| Untracked 
| 129|0x0000000088100000, 0x0000000088200000, 0x0000000088200000|100%| O|  |TAMS 0x0000000088200000, 0x0000000088200000| Untracked 
| 130|0x0000000088200000, 0x0000000088300000, 0x0000000088300000|100%| O|  |TAMS 0x0000000088300000, 0x0000000088300000| Untracked 
| 131|0x0000000088300000, 0x0000000088400000, 0x0000000088400000|100%| O|  |TAMS 0x0000000088400000, 0x0000000088400000| Untracked 
| 132|0x0000000088400000, 0x0000000088500000, 0x0000000088500000|100%| O|  |TAMS 0x0000000088500000, 0x0000000088500000| Untracked 
| 133|0x0000000088500000, 0x0000000088600000, 0x0000000088600000|100%| O|  |TAMS 0x0000000088600000, 0x0000000088600000| Untracked 
| 134|0x0000000088600000, 0x0000000088700000, 0x0000000088700000|100%| O|  |TAMS 0x0000000088700000, 0x0000000088700000| Untracked 
| 135|0x0000000088700000, 0x0000000088800000, 0x0000000088800000|100%| O|  |TAMS 0x0000000088800000, 0x0000000088800000| Untracked 
| 136|0x0000000088800000, 0x0000000088900000, 0x0000000088900000|100%| O|  |TAMS 0x0000000088900000, 0x0000000088900000| Untracked 
| 137|0x0000000088900000, 0x0000000088a00000, 0x0000000088a00000|100%| O|  |TAMS 0x0000000088a00000, 0x0000000088a00000| Untracked 
| 138|0x0000000088a00000, 0x0000000088b00000, 0x0000000088b00000|100%| O|  |TAMS 0x0000000088b00000, 0x0000000088b00000| Untracked 
| 139|0x0000000088b00000, 0x0000000088c00000, 0x0000000088c00000|100%| O|  |TAMS 0x0000000088c00000, 0x0000000088c00000| Untracked 
| 140|0x0000000088c00000, 0x0000000088d00000, 0x0000000088d00000|100%| O|  |TAMS 0x0000000088d00000, 0x0000000088d00000| Untracked 
| 141|0x0000000088d00000, 0x0000000088e00000, 0x0000000088e00000|100%| O|  |TAMS 0x0000000088e00000, 0x0000000088e00000| Untracked 
| 142|0x0000000088e00000, 0x0000000088f00000, 0x0000000088f00000|100%| O|  |TAMS 0x0000000088f00000, 0x0000000088f00000| Untracked 
| 143|0x0000000088f00000, 0x0000000089000000, 0x0000000089000000|100%| O|  |TAMS 0x0000000089000000, 0x0000000089000000| Untracked 
| 144|0x0000000089000000, 0x0000000089100000, 0x0000000089100000|100%| O|  |TAMS 0x0000000089100000, 0x0000000089100000| Untracked 
| 145|0x0000000089100000, 0x0000000089200000, 0x0000000089200000|100%| O|  |TAMS 0x0000000089200000, 0x0000000089200000| Untracked 
| 146|0x0000000089200000, 0x0000000089300000, 0x0000000089300000|100%| O|  |TAMS 0x0000000089300000, 0x0000000089300000| Untracked 
| 147|0x0000000089300000, 0x0000000089400000, 0x0000000089400000|100%| O|  |TAMS 0x0000000089400000, 0x0000000089400000| Untracked 
| 148|0x0000000089400000, 0x0000000089500000, 0x0000000089500000|100%| O|  |TAMS 0x0000000089480000, 0x0000000089500000| Untracked 
| 149|0x0000000089500000, 0x0000000089600000, 0x0000000089600000|100%| O|  |TAMS 0x0000000089500000, 0x0000000089600000| Untracked 
| 150|0x0000000089600000, 0x0000000089700000, 0x0000000089700000|100%| O|  |TAMS 0x0000000089600000, 0x0000000089700000| Untracked 
| 151|0x0000000089700000, 0x0000000089800000, 0x0000000089800000|100%| O|  |TAMS 0x0000000089700000, 0x0000000089800000| Untracked 
| 152|0x0000000089800000, 0x0000000089841a00, 0x0000000089900000| 25%| O|  |TAMS 0x0000000089800000, 0x0000000089841a00| Untracked 
| 153|0x0000000089900000, 0x0000000089900000, 0x0000000089a00000|  0%| F|  |TAMS 0x0000000089900000, 0x0000000089900000| Untracked 
| 154|0x0000000089a00000, 0x0000000089a00000, 0x0000000089b00000|  0%| F|  |TAMS 0x0000000089a00000, 0x0000000089a00000| Untracked 
| 155|0x0000000089b00000, 0x0000000089b00000, 0x0000000089c00000|  0%| F|  |TAMS 0x0000000089b00000, 0x0000000089b00000| Untracked 
| 156|0x0000000089c00000, 0x0000000089c00000, 0x0000000089d00000|  0%| F|  |TAMS 0x0000000089c00000, 0x0000000089c00000| Untracked 
| 157|0x0000000089d00000, 0x0000000089d00000, 0x0000000089e00000|  0%| F|  |TAMS 0x0000000089d00000, 0x0000000089d00000| Untracked 
| 158|0x0000000089e00000, 0x0000000089e00000, 0x0000000089f00000|  0%| F|  |TAMS 0x0000000089e00000, 0x0000000089e00000| Untracked 
| 159|0x0000000089f00000, 0x0000000089f00000, 0x000000008a000000|  0%| F|  |TAMS 0x0000000089f00000, 0x0000000089f00000| Untracked 
| 160|0x000000008a000000, 0x000000008a000000, 0x000000008a100000|  0%| F|  |TAMS 0x000000008a000000, 0x000000008a000000| Untracked 
| 161|0x000000008a100000, 0x000000008a100000, 0x000000008a200000|  0%| F|  |TAMS 0x000000008a100000, 0x000000008a100000| Untracked 
| 162|0x000000008a200000, 0x000000008a200000, 0x000000008a300000|  0%| F|  |TAMS 0x000000008a200000, 0x000000008a200000| Untracked 
| 163|0x000000008a300000, 0x000000008a300000, 0x000000008a400000|  0%| F|  |TAMS 0x000000008a300000, 0x000000008a300000| Untracked 
| 164|0x000000008a400000, 0x000000008a400000, 0x000000008a500000|  0%| F|  |TAMS 0x000000008a400000, 0x000000008a400000| Untracked 
| 165|0x000000008a500000, 0x000000008a500000, 0x000000008a600000|  0%| F|  |TAMS 0x000000008a500000, 0x000000008a500000| Untracked 
| 166|0x000000008a600000, 0x000000008a600000, 0x000000008a700000|  0%| F|  |TAMS 0x000000008a600000, 0x000000008a600000| Untracked 
| 167|0x000000008a700000, 0x000000008a700000, 0x000000008a800000|  0%| F|  |TAMS 0x000000008a700000, 0x000000008a700000| Untracked 
| 168|0x000000008a800000, 0x000000008a800000, 0x000000008a900000|  0%| F|  |TAMS 0x000000008a800000, 0x000000008a800000| Untracked 
| 169|0x000000008a900000, 0x000000008a900000, 0x000000008aa00000|  0%| F|  |TAMS 0x000000008a900000, 0x000000008a900000| Untracked 
| 170|0x000000008aa00000, 0x000000008aa00000, 0x000000008ab00000|  0%| F|  |TAMS 0x000000008aa00000, 0x000000008aa00000| Untracked 
| 171|0x000000008ab00000, 0x000000008ab00000, 0x000000008ac00000|  0%| F|  |TAMS 0x000000008ab00000, 0x000000008ab00000| Untracked 
| 172|0x000000008ac00000, 0x000000008ac00000, 0x000000008ad00000|  0%| F|  |TAMS 0x000000008ac00000, 0x000000008ac00000| Untracked 
| 173|0x000000008ad00000, 0x000000008ad00000, 0x000000008ae00000|  0%| F|  |TAMS 0x000000008ad00000, 0x000000008ad00000| Untracked 
| 174|0x000000008ae00000, 0x000000008ae00000, 0x000000008af00000|  0%| F|  |TAMS 0x000000008ae00000, 0x000000008ae00000| Untracked 
| 175|0x000000008af00000, 0x000000008af00000, 0x000000008b000000|  0%| F|  |TAMS 0x000000008af00000, 0x000000008af00000| Untracked 
| 176|0x000000008b000000, 0x000000008b000000, 0x000000008b100000|  0%| F|  |TAMS 0x000000008b000000, 0x000000008b000000| Untracked 
| 177|0x000000008b100000, 0x000000008b100000, 0x000000008b200000|  0%| F|  |TAMS 0x000000008b100000, 0x000000008b100000| Untracked 
| 178|0x000000008b200000, 0x000000008b200000, 0x000000008b300000|  0%| F|  |TAMS 0x000000008b200000, 0x000000008b200000| Untracked 
| 179|0x000000008b300000, 0x000000008b300000, 0x000000008b400000|  0%| F|  |TAMS 0x000000008b300000, 0x000000008b300000| Untracked 
| 180|0x000000008b400000, 0x000000008b400000, 0x000000008b500000|  0%| F|  |TAMS 0x000000008b400000, 0x000000008b400000| Untracked 
| 181|0x000000008b500000, 0x000000008b500000, 0x000000008b600000|  0%| F|  |TAMS 0x000000008b500000, 0x000000008b500000| Untracked 
| 182|0x000000008b600000, 0x000000008b600000, 0x000000008b700000|  0%| F|  |TAMS 0x000000008b600000, 0x000000008b600000| Untracked 
| 183|0x000000008b700000, 0x000000008b700000, 0x000000008b800000|  0%| F|  |TAMS 0x000000008b700000, 0x000000008b700000| Untracked 
| 184|0x000000008b800000, 0x000000008b800000, 0x000000008b900000|  0%| F|  |TAMS 0x000000008b800000, 0x000000008b800000| Untracked 
| 185|0x000000008b900000, 0x000000008b900000, 0x000000008ba00000|  0%| F|  |TAMS 0x000000008b900000, 0x000000008b900000| Untracked 
| 186|0x000000008ba00000, 0x000000008ba00000, 0x000000008bb00000|  0%| F|  |TAMS 0x000000008ba00000, 0x000000008ba00000| Untracked 
| 187|0x000000008bb00000, 0x000000008bb00000, 0x000000008bc00000|  0%| F|  |TAMS 0x000000008bb00000, 0x000000008bb00000| Untracked 
| 188|0x000000008bc00000, 0x000000008bd00000, 0x000000008bd00000|100%| S|CS|TAMS 0x000000008bc00000, 0x000000008bc00000| Complete 
| 189|0x000000008bd00000, 0x000000008be00000, 0x000000008be00000|100%| S|CS|TAMS 0x000000008bd00000, 0x000000008bd00000| Complete 
| 190|0x000000008be00000, 0x000000008bf00000, 0x000000008bf00000|100%| S|CS|TAMS 0x000000008be00000, 0x000000008be00000| Complete 
| 191|0x000000008bf00000, 0x000000008c000000, 0x000000008c000000|100%| S|CS|TAMS 0x000000008bf00000, 0x000000008bf00000| Complete 
| 192|0x000000008c000000, 0x000000008c100000, 0x000000008c100000|100%| S|CS|TAMS 0x000000008c000000, 0x000000008c000000| Complete 
| 193|0x000000008c100000, 0x000000008c200000, 0x000000008c200000|100%| S|CS|TAMS 0x000000008c100000, 0x000000008c100000| Complete 
| 194|0x000000008c200000, 0x000000008c300000, 0x000000008c300000|100%| S|CS|TAMS 0x000000008c200000, 0x000000008c200000| Complete 
| 195|0x000000008c300000, 0x000000008c400000, 0x000000008c400000|100%| S|CS|TAMS 0x000000008c300000, 0x000000008c300000| Complete 
| 196|0x000000008c400000, 0x000000008c400000, 0x000000008c500000|  0%| F|  |TAMS 0x000000008c400000, 0x000000008c400000| Untracked 
| 197|0x000000008c500000, 0x000000008c500000, 0x000000008c600000|  0%| F|  |TAMS 0x000000008c500000, 0x000000008c500000| Untracked 
| 198|0x000000008c600000, 0x000000008c600000, 0x000000008c700000|  0%| F|  |TAMS 0x000000008c600000, 0x000000008c600000| Untracked 
| 199|0x000000008c700000, 0x000000008c700000, 0x000000008c800000|  0%| F|  |TAMS 0x000000008c700000, 0x000000008c700000| Untracked 
| 200|0x000000008c800000, 0x000000008c800000, 0x000000008c900000|  0%| F|  |TAMS 0x000000008c800000, 0x000000008c800000| Untracked 
| 201|0x000000008c900000, 0x000000008c900000, 0x000000008ca00000|  0%| F|  |TAMS 0x000000008c900000, 0x000000008c900000| Untracked 
| 202|0x000000008ca00000, 0x000000008ca00000, 0x000000008cb00000|  0%| F|  |TAMS 0x000000008ca00000, 0x000000008ca00000| Untracked 
| 203|0x000000008cb00000, 0x000000008cb00000, 0x000000008cc00000|  0%| F|  |TAMS 0x000000008cb00000, 0x000000008cb00000| Untracked 
| 204|0x000000008cc00000, 0x000000008cc00000, 0x000000008cd00000|  0%| F|  |TAMS 0x000000008cc00000, 0x000000008cc00000| Untracked 
| 205|0x000000008cd00000, 0x000000008cd00000, 0x000000008ce00000|  0%| F|  |TAMS 0x000000008cd00000, 0x000000008cd00000| Untracked 
| 206|0x000000008ce00000, 0x000000008ce00000, 0x000000008cf00000|  0%| F|  |TAMS 0x000000008ce00000, 0x000000008ce00000| Untracked 
| 207|0x000000008cf00000, 0x000000008cf00000, 0x000000008d000000|  0%| F|  |TAMS 0x000000008cf00000, 0x000000008cf00000| Untracked 
| 208|0x000000008d000000, 0x000000008d000000, 0x000000008d100000|  0%| F|  |TAMS 0x000000008d000000, 0x000000008d000000| Untracked 
| 209|0x000000008d100000, 0x000000008d100000, 0x000000008d200000|  0%| F|  |TAMS 0x000000008d100000, 0x000000008d100000| Untracked 
| 210|0x000000008d200000, 0x000000008d200000, 0x000000008d300000|  0%| F|  |TAMS 0x000000008d200000, 0x000000008d200000| Untracked 
| 211|0x000000008d300000, 0x000000008d300000, 0x000000008d400000|  0%| F|  |TAMS 0x000000008d300000, 0x000000008d300000| Untracked 
| 212|0x000000008d400000, 0x000000008d400000, 0x000000008d500000|  0%| F|  |TAMS 0x000000008d400000, 0x000000008d400000| Untracked 
| 213|0x000000008d500000, 0x000000008d500000, 0x000000008d600000|  0%| F|  |TAMS 0x000000008d500000, 0x000000008d500000| Untracked 
| 214|0x000000008d600000, 0x000000008d600000, 0x000000008d700000|  0%| F|  |TAMS 0x000000008d600000, 0x000000008d600000| Untracked 
| 215|0x000000008d700000, 0x000000008d700000, 0x000000008d800000|  0%| F|  |TAMS 0x000000008d700000, 0x000000008d700000| Untracked 
| 216|0x000000008d800000, 0x000000008d800000, 0x000000008d900000|  0%| F|  |TAMS 0x000000008d800000, 0x000000008d800000| Untracked 
| 217|0x000000008d900000, 0x000000008d900000, 0x000000008da00000|  0%| F|  |TAMS 0x000000008d900000, 0x000000008d900000| Untracked 
| 218|0x000000008da00000, 0x000000008da00000, 0x000000008db00000|  0%| F|  |TAMS 0x000000008da00000, 0x000000008da00000| Untracked 
| 219|0x000000008db00000, 0x000000008db00000, 0x000000008dc00000|  0%| F|  |TAMS 0x000000008db00000, 0x000000008db00000| Untracked 
| 220|0x000000008dc00000, 0x000000008dc00000, 0x000000008dd00000|  0%| F|  |TAMS 0x000000008dc00000, 0x000000008dc00000| Untracked 
| 221|0x000000008dd00000, 0x000000008dd00000, 0x000000008de00000|  0%| F|  |TAMS 0x000000008dd00000, 0x000000008dd00000| Untracked 
| 222|0x000000008de00000, 0x000000008de00000, 0x000000008df00000|  0%| F|  |TAMS 0x000000008de00000, 0x000000008de00000| Untracked 
| 223|0x000000008df00000, 0x000000008df00000, 0x000000008e000000|  0%| F|  |TAMS 0x000000008df00000, 0x000000008df00000| Untracked 
| 224|0x000000008e000000, 0x000000008e000000, 0x000000008e100000|  0%| F|  |TAMS 0x000000008e000000, 0x000000008e000000| Untracked 
| 225|0x000000008e100000, 0x000000008e100000, 0x000000008e200000|  0%| F|  |TAMS 0x000000008e100000, 0x000000008e100000| Untracked 
| 226|0x000000008e200000, 0x000000008e200000, 0x000000008e300000|  0%| F|  |TAMS 0x000000008e200000, 0x000000008e200000| Untracked 
| 227|0x000000008e300000, 0x000000008e300000, 0x000000008e400000|  0%| F|  |TAMS 0x000000008e300000, 0x000000008e300000| Untracked 
| 228|0x000000008e400000, 0x000000008e400000, 0x000000008e500000|  0%| F|  |TAMS 0x000000008e400000, 0x000000008e400000| Untracked 
| 229|0x000000008e500000, 0x000000008e500000, 0x000000008e600000|  0%| F|  |TAMS 0x000000008e500000, 0x000000008e500000| Untracked 
| 230|0x000000008e600000, 0x000000008e600000, 0x000000008e700000|  0%| F|  |TAMS 0x000000008e600000, 0x000000008e600000| Untracked 
| 231|0x000000008e700000, 0x000000008e700000, 0x000000008e800000|  0%| F|  |TAMS 0x000000008e700000, 0x000000008e700000| Untracked 
| 232|0x000000008e800000, 0x000000008e800000, 0x000000008e900000|  0%| F|  |TAMS 0x000000008e800000, 0x000000008e800000| Untracked 
| 233|0x000000008e900000, 0x000000008e900000, 0x000000008ea00000|  0%| F|  |TAMS 0x000000008e900000, 0x000000008e900000| Untracked 
| 234|0x000000008ea00000, 0x000000008ea00000, 0x000000008eb00000|  0%| F|  |TAMS 0x000000008ea00000, 0x000000008ea00000| Untracked 
| 235|0x000000008eb00000, 0x000000008eb00000, 0x000000008ec00000|  0%| F|  |TAMS 0x000000008eb00000, 0x000000008eb00000| Untracked 
| 236|0x000000008ec00000, 0x000000008ec00000, 0x000000008ed00000|  0%| F|  |TAMS 0x000000008ec00000, 0x000000008ec00000| Untracked 
| 237|0x000000008ed00000, 0x000000008ed00000, 0x000000008ee00000|  0%| F|  |TAMS 0x000000008ed00000, 0x000000008ed00000| Untracked 
| 238|0x000000008ee00000, 0x000000008ee00000, 0x000000008ef00000|  0%| F|  |TAMS 0x000000008ee00000, 0x000000008ee00000| Untracked 
| 239|0x000000008ef00000, 0x000000008ef00000, 0x000000008f000000|  0%| F|  |TAMS 0x000000008ef00000, 0x000000008ef00000| Untracked 
| 240|0x000000008f000000, 0x000000008f000000, 0x000000008f100000|  0%| F|  |TAMS 0x000000008f000000, 0x000000008f000000| Untracked 
| 241|0x000000008f100000, 0x000000008f100000, 0x000000008f200000|  0%| F|  |TAMS 0x000000008f100000, 0x000000008f100000| Untracked 
| 242|0x000000008f200000, 0x000000008f200000, 0x000000008f300000|  0%| F|  |TAMS 0x000000008f200000, 0x000000008f200000| Untracked 
| 243|0x000000008f300000, 0x000000008f300000, 0x000000008f400000|  0%| F|  |TAMS 0x000000008f300000, 0x000000008f300000| Untracked 
| 244|0x000000008f400000, 0x000000008f400000, 0x000000008f500000|  0%| F|  |TAMS 0x000000008f400000, 0x000000008f400000| Untracked 
| 245|0x000000008f500000, 0x000000008f500000, 0x000000008f600000|  0%| F|  |TAMS 0x000000008f500000, 0x000000008f500000| Untracked 
| 246|0x000000008f600000, 0x000000008f600000, 0x000000008f700000|  0%| F|  |TAMS 0x000000008f600000, 0x000000008f600000| Untracked 
| 247|0x000000008f700000, 0x000000008f700000, 0x000000008f800000|  0%| F|  |TAMS 0x000000008f700000, 0x000000008f700000| Untracked 
| 248|0x000000008f800000, 0x000000008f800000, 0x000000008f900000|  0%| F|  |TAMS 0x000000008f800000, 0x000000008f800000| Untracked 
| 249|0x000000008f900000, 0x000000008f900000, 0x000000008fa00000|  0%| F|  |TAMS 0x000000008f900000, 0x000000008f900000| Untracked 
| 250|0x000000008fa00000, 0x000000008fa00000, 0x000000008fb00000|  0%| F|  |TAMS 0x000000008fa00000, 0x000000008fa00000| Untracked 
| 251|0x000000008fb00000, 0x000000008fb00000, 0x000000008fc00000|  0%| F|  |TAMS 0x000000008fb00000, 0x000000008fb00000| Untracked 
| 252|0x000000008fc00000, 0x000000008fc00000, 0x000000008fd00000|  0%| F|  |TAMS 0x000000008fc00000, 0x000000008fc00000| Untracked 
| 253|0x000000008fd00000, 0x000000008fde8228, 0x000000008fe00000| 90%| E|  |TAMS 0x000000008fd00000, 0x000000008fd00000| Complete 
| 254|0x000000008fe00000, 0x000000008ff00000, 0x000000008ff00000|100%| E|CS|TAMS 0x000000008fe00000, 0x000000008fe00000| Complete 
| 255|0x000000008ff00000, 0x0000000090000000, 0x0000000090000000|100%| E|CS|TAMS 0x000000008ff00000, 0x000000008ff00000| Complete 

Card table byte_map: [0x0000021aa3db0000,0x0000021aa41b0000] _byte_map_base: 0x0000021aa39b0000

Marking Bits (Prev, Next): (CMBitMap*) 0x0000021a90efe968, (CMBitMap*) 0x0000021a90efe9a0
 Prev Bits: [0x0000021aa45b0000, 0x0000021aa65b0000)
 Next Bits: [0x0000021aa65b0000, 0x0000021aa85b0000)

Polling page: 0x0000021a8ee90000

Metaspace:

Usage:
  Non-class:     87.63 MB capacity,    86.03 MB ( 98%) used,     1.30 MB (  1%) free+waste,   318.38 KB ( <1%) overhead. 
      Class:     13.80 MB capacity,    12.81 MB ( 93%) used,   866.14 KB (  6%) free+waste,   144.00 KB (  1%) overhead. 
       Both:    101.43 MB capacity,    98.84 MB ( 97%) used,     2.14 MB (  2%) free+waste,   462.38 KB ( <1%) overhead. 

Virtual space:
  Non-class space:       88.00 MB reserved,      87.75 MB (>99%) committed 
      Class space:        1.00 GB reserved,      13.82 MB (  1%) committed 
             Both:        1.09 GB reserved,     101.57 MB (  9%) committed 

Chunk freelists:
   Non-Class:  56.00 KB
       Class:  17.00 KB
        Both:  73.00 KB

MaxMetaspaceSize: 17179869184.00 GB
CompressedClassSpaceSize: 1.00 GB

CodeHeap 'non-profiled nmethods': size=120064Kb used=8267Kb max_used=8267Kb free=111796Kb
 bounds [0x0000021a9c470000, 0x0000021a9cc90000, 0x0000021aa39b0000]
CodeHeap 'profiled nmethods': size=120000Kb used=33143Kb max_used=33143Kb free=86857Kb
 bounds [0x0000021a94f40000, 0x0000021a96fa0000, 0x0000021a9c470000]
CodeHeap 'non-nmethods': size=5696Kb used=2307Kb max_used=2372Kb free=3388Kb
 bounds [0x0000021a949b0000, 0x0000021a94c20000, 0x0000021a94f40000]
 total_blobs=14976 nmethods=14061 adapters=824
 compilation: enabled
              stopped_count=0, restarted_count=0
 full_count=0

Compilation events (20 events):
Event: 17.604 Thread 0x0000021aab36e000 nmethod 14156% 0x0000021a96f90c10 code [0x0000021a96f91200, 0x0000021a96f94ba8]
Event: 17.605 Thread 0x0000021aab36e000 14157       2       com.android.tools.r8.internal.Tr::a (32 bytes)
Event: 17.606 Thread 0x0000021aab36e000 nmethod 14157 0x0000021a96f95d10 code [0x0000021a96f95ee0, 0x0000021a96f960e8]
Event: 17.606 Thread 0x0000021aab36e000 14158       2       java.util.ArrayList::remove (26 bytes)
Event: 17.607 Thread 0x0000021aab36e000 nmethod 14158 0x0000021a96f96290 code [0x0000021a96f96480, 0x0000021a96f968b8]
Event: 17.610 Thread 0x0000021aab36e000 14159       2       com.android.tools.r8.internal.pf::equals (6 bytes)
Event: 17.610 Thread 0x0000021aacea0000 nmethod 13939 0x0000021a9cc76090 code [0x0000021a9cc767a0, 0x0000021a9cc7e0c8]
Event: 17.610 Thread 0x0000021aab36e000 nmethod 14159 0x0000021a96f96b10 code [0x0000021a96f96cc0, 0x0000021a96f96dc8]
Event: 17.610 Thread 0x0000021aab36e000 14160       2       com.android.tools.r8.internal.tp::a (150 bytes)
Event: 17.610 Thread 0x0000021aacea0000 14088       4       com.android.tools.r8.internal.x::putAll (124 bytes)
Event: 17.610 Thread 0x0000021aab36e000 nmethod 14160 0x0000021a96f96e90 code [0x0000021a96f97120, 0x0000021a96f97768]
Event: 17.621 Thread 0x0000021aab36e000 14161       2       com.android.tools.r8.internal.c0::<init> (5 bytes)
Event: 17.621 Thread 0x0000021aab36e000 nmethod 14161 0x0000021a96f97a10 code [0x0000021a96f97bc0, 0x0000021a96f97cb8]
Event: 17.621 Thread 0x0000021aab36e000 14162       2       com.android.tools.r8.internal.Ae::a (16 bytes)
Event: 17.622 Thread 0x0000021aab36e000 nmethod 14162 0x0000021a96f97d90 code [0x0000021a96f97f40, 0x0000021a96f98088]
Event: 17.622 Thread 0x0000021aab36e000 14163       2       com.android.tools.r8.internal.Nf$a::a (8 bytes)
Event: 17.622 Thread 0x0000021aab36e000 nmethod 14163 0x0000021a96f98110 code [0x0000021a96f982e0, 0x0000021a96f985d8]
Event: 17.622 Thread 0x0000021aab36e000 14164       2       com.android.tools.r8.internal.kA$a::equals (18 bytes)
Event: 17.622 Thread 0x0000021aab36e000 nmethod 14164 0x0000021a96f98790 code [0x0000021a96f98940, 0x0000021a96f98ab8]
Event: 17.622 Thread 0x0000021aab36e000 14165       2       java.lang.Integer::getChars (131 bytes)

GC Heap History (20 events):
Event: 12.483 GC heap before
{Heap before GC invocations=16 (full 0):
 garbage-first heap   total 262144K, used 166955K [0x0000000080000000, 0x0000000100000000)
  region size 1024K, 110 young (112640K), 14 survivors (14336K)
 Metaspace       used 82872K, capacity 85019K, committed 85324K, reserved 1122304K
  class space    used 10762K, capacity 11517K, committed 11596K, reserved 1048576K
}
Event: 12.501 GC heap after
{Heap after GC invocations=17 (full 0):
 garbage-first heap   total 262144K, used 76518K [0x0000000080000000, 0x0000000100000000)
  region size 1024K, 14 young (14336K), 14 survivors (14336K)
 Metaspace       used 82872K, capacity 85019K, committed 85324K, reserved 1122304K
  class space    used 10762K, capacity 11517K, committed 11596K, reserved 1048576K
}
Event: 13.405 GC heap before
{Heap before GC invocations=17 (full 0):
 garbage-first heap   total 262144K, used 175846K [0x0000000080000000, 0x0000000100000000)
  region size 1024K, 112 young (114688K), 14 survivors (14336K)
 Metaspace       used 86955K, capacity 89185K, committed 89420K, reserved 1126400K
  class space    used 11239K, capacity 12036K, committed 12108K, reserved 1048576K
}
Event: 13.420 GC heap after
{Heap after GC invocations=18 (full 0):
 garbage-first heap   total 262144K, used 81408K [0x0000000080000000, 0x0000000100000000)
  region size 1024K, 12 young (12288K), 12 survivors (12288K)
 Metaspace       used 86955K, capacity 89185K, committed 89420K, reserved 1126400K
  class space    used 11239K, capacity 12036K, committed 12108K, reserved 1048576K
}
Event: 14.129 GC heap before
{Heap before GC invocations=18 (full 0):
 garbage-first heap   total 262144K, used 185856K [0x0000000080000000, 0x0000000100000000)
  region size 1024K, 113 young (115712K), 12 survivors (12288K)
 Metaspace       used 88371K, capacity 90533K, committed 90828K, reserved 1128448K
  class space    used 11408K, capacity 12184K, committed 12236K, reserved 1048576K
}
Event: 14.145 GC heap after
{Heap after GC invocations=19 (full 0):
 garbage-first heap   total 262144K, used 90537K [0x0000000080000000, 0x0000000100000000)
  region size 1024K, 12 young (12288K), 12 survivors (12288K)
 Metaspace       used 88371K, capacity 90533K, committed 90828K, reserved 1128448K
  class space    used 11408K, capacity 12184K, committed 12236K, reserved 1048576K
}
Event: 14.466 GC heap before
{Heap before GC invocations=19 (full 0):
 garbage-first heap   total 262144K, used 193961K [0x0000000080000000, 0x0000000100000000)
  region size 1024K, 112 young (114688K), 12 survivors (12288K)
 Metaspace       used 90004K, capacity 92223K, committed 92364K, reserved 1128448K
  class space    used 11622K, capacity 12426K, committed 12492K, reserved 1048576K
}
Event: 14.483 GC heap after
{Heap after GC invocations=20 (full 0):
 garbage-first heap   total 262144K, used 111238K [0x0000000080000000, 0x0000000100000000)
  region size 1024K, 14 young (14336K), 14 survivors (14336K)
 Metaspace       used 90004K, capacity 92223K, committed 92364K, reserved 1128448K
  class space    used 11622K, capacity 12426K, committed 12492K, reserved 1048576K
}
Event: 14.929 GC heap before
{Heap before GC invocations=20 (full 0):
 garbage-first heap   total 262144K, used 197254K [0x0000000080000000, 0x0000000100000000)
  region size 1024K, 98 young (100352K), 14 survivors (14336K)
 Metaspace       used 92362K, capacity 94618K, committed 94796K, reserved 1130496K
  class space    used 11945K, capacity 12804K, committed 12876K, reserved 1048576K
}
Event: 14.956 GC heap after
{Heap after GC invocations=21 (full 0):
 garbage-first heap   total 262144K, used 125440K [0x0000000080000000, 0x0000000100000000)
  region size 1024K, 13 young (13312K), 13 survivors (13312K)
 Metaspace       used 92362K, capacity 94618K, committed 94796K, reserved 1130496K
  class space    used 11945K, capacity 12804K, committed 12876K, reserved 1048576K
}
Event: 15.180 GC heap before
{Heap before GC invocations=21 (full 0):
 garbage-first heap   total 262144K, used 198144K [0x0000000080000000, 0x0000000100000000)
  region size 1024K, 85 young (87040K), 13 survivors (13312K)
 Metaspace       used 94132K, capacity 96524K, committed 96844K, reserved 1132544K
  class space    used 12177K, capacity 13052K, committed 13132K, reserved 1048576K
}
Event: 15.209 GC heap after
{Heap after GC invocations=22 (full 0):
 garbage-first heap   total 262144K, used 140800K [0x0000000080000000, 0x0000000100000000)
  region size 1024K, 11 young (11264K), 11 survivors (11264K)
 Metaspace       used 94132K, capacity 96524K, committed 96844K, reserved 1132544K
  class space    used 12177K, capacity 13052K, committed 13132K, reserved 1048576K
}
Event: 15.503 GC heap before
{Heap before GC invocations=22 (full 0):
 garbage-first heap   total 262144K, used 203264K [0x0000000080000000, 0x0000000100000000)
  region size 1024K, 72 young (73728K), 11 survivors (11264K)
 Metaspace       used 95940K, capacity 98436K, committed 98508K, reserved 1134592K
  class space    used 12515K, capacity 13463K, committed 13516K, reserved 1048576K
}
Event: 15.534 GC heap after
{Heap after GC invocations=23 (full 0):
 garbage-first heap   total 262144K, used 151552K [0x0000000080000000, 0x0000000100000000)
  region size 1024K, 9 young (9216K), 9 survivors (9216K)
 Metaspace       used 95940K, capacity 98436K, committed 98508K, reserved 1134592K
  class space    used 12515K, capacity 13463K, committed 13516K, reserved 1048576K
}
Event: 16.432 GC heap before
{Heap before GC invocations=24 (full 0):
 garbage-first heap   total 262144K, used 206848K [0x0000000080000000, 0x0000000100000000)
  region size 1024K, 64 young (65536K), 9 survivors (9216K)
 Metaspace       used 99836K, capacity 102401K, committed 102604K, reserved 1138688K
  class space    used 12991K, capacity 13953K, committed 14028K, reserved 1048576K
}
Event: 16.445 GC heap after
{Heap after GC invocations=25 (full 0):
 garbage-first heap   total 262144K, used 156643K [0x0000000080000000, 0x0000000100000000)
  region size 1024K, 5 young (5120K), 5 survivors (5120K)
 Metaspace       used 99836K, capacity 102401K, committed 102604K, reserved 1138688K
  class space    used 12991K, capacity 13953K, committed 14028K, reserved 1048576K
}
Event: 16.954 GC heap before
{Heap before GC invocations=25 (full 0):
 garbage-first heap   total 262144K, used 211939K [0x0000000080000000, 0x0000000100000000)
  region size 1024K, 59 young (60416K), 5 survivors (5120K)
 Metaspace       used 100947K, capacity 103561K, committed 103756K, reserved 1138688K
  class space    used 13110K, capacity 14099K, committed 14156K, reserved 1048576K
}
Event: 16.962 GC heap after
{Heap after GC invocations=26 (full 0):
 garbage-first heap   total 262144K, used 157697K [0x0000000080000000, 0x0000000100000000)
  region size 1024K, 6 young (6144K), 6 survivors (6144K)
 Metaspace       used 100947K, capacity 103561K, committed 103756K, reserved 1138688K
  class space    used 13110K, capacity 14099K, committed 14156K, reserved 1048576K
}
Event: 17.471 GC heap before
{Heap before GC invocations=27 (full 0):
 garbage-first heap   total 262144K, used 212993K [0x0000000080000000, 0x0000000100000000)
  region size 1024K, 61 young (62464K), 6 survivors (6144K)
 Metaspace       used 101154K, capacity 103857K, committed 104012K, reserved 1138688K
  class space    used 13116K, capacity 14126K, committed 14156K, reserved 1048576K
}
Event: 17.480 GC heap after
{Heap after GC invocations=28 (full 0):
 garbage-first heap   total 262144K, used 159096K [0x0000000080000000, 0x0000000100000000)
  region size 1024K, 4 young (4096K), 4 survivors (4096K)
 Metaspace       used 101154K, capacity 103857K, committed 104012K, reserved 1138688K
  class space    used 13116K, capacity 14126K, committed 14156K, reserved 1048576K
}

Deoptimization events (20 events):
Event: 17.252 Thread 0x0000021ab1494800 DEOPT PACKING pc=0x0000021a964aff2c sp=0x0000007529ffce70
Event: 17.252 Thread 0x0000021ab1494800 DEOPT UNPACKING pc=0x0000021a949d76ce sp=0x0000007529ffc320 mode 0
Event: 17.252 Thread 0x0000021ab1494800 DEOPT PACKING pc=0x0000021a9649fd94 sp=0x0000007529ffd4f0
Event: 17.252 Thread 0x0000021ab1494800 DEOPT UNPACKING pc=0x0000021a949d76ce sp=0x0000007529ffca90 mode 0
Event: 17.327 Thread 0x0000021ab148f800 DEOPT PACKING pc=0x0000021a96cef80e sp=0x0000007529df8cb0
Event: 17.327 Thread 0x0000021ab148f800 DEOPT UNPACKING pc=0x0000021a949d76ce sp=0x0000007529df8248 mode 0
Event: 17.384 Thread 0x0000021ab1492000 Uncommon trap: trap_request=0xffffff76 fr.pc=0x0000021a9cc73884 relative=0x0000000000000f04
Event: 17.384 Thread 0x0000021ab1492000 Uncommon trap: reason=loop_limit_check action=maybe_recompile pc=0x0000021a9cc73884 method=com.android.tools.r8.internal.x.putAll(Ljava/util/Map;)V @ 31 c2
Event: 17.384 Thread 0x0000021ab1492000 DEOPT PACKING pc=0x0000021a9cc73884 sp=0x0000007529ef95b0
Event: 17.384 Thread 0x0000021ab1492000 DEOPT UNPACKING pc=0x0000021a949d78af sp=0x0000007529ef9598 mode 2
Event: 17.436 Thread 0x0000021ab1495800 DEOPT PACKING pc=0x0000021a967e123c sp=0x000000752a0f95a0
Event: 17.436 Thread 0x0000021ab1495800 DEOPT UNPACKING pc=0x0000021a949d76ce sp=0x000000752a0f8ea8 mode 0
Event: 17.439 Thread 0x0000021ab1495800 Uncommon trap: trap_request=0xffffff4d fr.pc=0x0000021a9cc63ae4 relative=0x00000000000004e4
Event: 17.439 Thread 0x0000021ab1495800 Uncommon trap: reason=unstable_if action=reinterpret pc=0x0000021a9cc63ae4 method=com.android.tools.r8.internal.zw.a(Lcom/android/tools/r8/graph/d0;Z)Lcom/android/tools/r8/internal/zw; @ 191 c2
Event: 17.439 Thread 0x0000021ab1495800 DEOPT PACKING pc=0x0000021a9cc63ae4 sp=0x000000752a0f9220
Event: 17.439 Thread 0x0000021ab1495800 DEOPT UNPACKING pc=0x0000021a949d78af sp=0x000000752a0f9198 mode 2
Event: 17.542 Thread 0x0000021ab1492000 DEOPT PACKING pc=0x0000021a967f7043 sp=0x0000007529ef95b0
Event: 17.542 Thread 0x0000021ab1492000 DEOPT UNPACKING pc=0x0000021a949d76ce sp=0x0000007529ef8a50 mode 0
Event: 17.574 Thread 0x0000021ab1494800 DEOPT PACKING pc=0x0000021a9623aeb1 sp=0x0000007529ffb040
Event: 17.574 Thread 0x0000021ab1494800 DEOPT UNPACKING pc=0x0000021a949d76ce sp=0x0000007529ffa508 mode 0

Classes redefined (0 events):
No events

Internal exceptions (20 events):
Event: 15.425 Thread 0x0000021ab1495800 Exception <a 'java/lang/NoSuchMethodError'{0x000000008cadaf98}: 'java.lang.Object java.lang.invoke.Invokers$Holder.linkToTargetMethod(java.lang.Object, java.lang.Object, java.lang.Object, java.lang.Object, java.lang.Object, java.lang.Object, java.lang.Object)'> (0x000000008cadaf98) thrown at [./src/hotspot/share/interpreter/linkResolver.cpp, line 773]
Event: 15.438 Thread 0x0000021ab1492000 Exception <a 'java/lang/NoSuchMethodError'{0x000000008c70a250}: 'int java.lang.invoke.DirectMethodHandle$Holder.invokeSpecial(java.lang.Object, java.lang.Object, java.lang.Object, java.lang.Object, java.lang.Object)'> (0x000000008c70a250) thrown at [./src/hotspot/share/interpreter/linkResolver.cpp, line 773]
Event: 15.470 Thread 0x0000021ab148f800 Exception <a 'java/lang/NoSuchMethodError'{0x000000008c5870e0}: 'java.lang.Object java.lang.invoke.DirectMethodHandle$Holder.invokeVirtual(java.lang.Object, java.lang.Object, int, java.lang.Object)'> (0x000000008c5870e0) thrown at [./src/hotspot/share/interpreter/linkResolver.cpp, line 773]
Event: 15.472 Thread 0x0000021ab1492000 Exception <a 'java/lang/NoSuchMethodError'{0x000000008c6e4690}: 'java.lang.Object java.lang.invoke.DirectMethodHandle$Holder.invokeVirtual(java.lang.Object, java.lang.Object, int, java.lang.Object)'> (0x000000008c6e4690) thrown at [./src/hotspot/share/interpreter/linkResolver.cpp, line 773]
Event: 15.474 Thread 0x0000021ab1494800 Exception <a 'java/lang/NoSuchMethodError'{0x000000008c7f4600}: 'java.lang.Object java.lang.invoke.DirectMethodHandle$Holder.invokeVirtual(java.lang.Object, java.lang.Object, int, java.lang.Object)'> (0x000000008c7f4600) thrown at [./src/hotspot/share/interpreter/linkResolver.cpp, line 773]
Event: 15.474 Thread 0x0000021ab1495800 Exception <a 'java/lang/NoSuchMethodError'{0x000000008c5232f0}: 'java.lang.Object java.lang.invoke.DirectMethodHandle$Holder.invokeVirtual(java.lang.Object, java.lang.Object, int, java.lang.Object)'> (0x000000008c5232f0) thrown at [./src/hotspot/share/interpreter/linkResolver.cpp, line 773]
Event: 15.496 Thread 0x0000021ab1492000 Exception <a 'java/lang/NoSuchMethodError'{0x000000008c300fb8}: 'void java.lang.invoke.DirectMethodHandle$Holder.invokeVirtual(java.lang.Object, java.lang.Object, int, java.lang.Object)'> (0x000000008c300fb8) thrown at [./src/hotspot/share/interpreter/linkResolver.cpp, line 773]
Event: 15.581 Thread 0x0000021ab148f800 Exception <a 'java/lang/NoSuchMethodError'{0x000000008fdd9100}: 'int java.lang.invoke.DirectMethodHandle$Holder.invokeSpecial(java.lang.Object, java.lang.Object, java.lang.Object, int, java.lang.Object)'> (0x000000008fdd9100) thrown at [./src/hotspot/share/interpreter/linkResolver.cpp, line 773]
Event: 16.107 Thread 0x0000021ab148f800 Exception <a 'java/lang/NoSuchMethodError'{0x000000008e043ff0}: 'java.lang.Object java.lang.invoke.DirectMethodHandle$Holder.invokeInterface(java.lang.Object, java.lang.Object, int)'> (0x000000008e043ff0) thrown at [./src/hotspot/share/interpreter/linkResolver.cpp, line 773]
Event: 16.116 Thread 0x0000021ab1494800 Exception <a 'java/lang/IncompatibleClassChangeError'{0x000000008e0ba4c8}: Found class java.lang.Object, but interface was expected> (0x000000008e0ba4c8) thrown at [./src/hotspot/share/interpreter/linkResolver.cpp, line 839]
Event: 16.169 Thread 0x0000021ab1494800 Exception <a 'java/lang/NoSuchMethodError'{0x000000008dc2ac40}: 'void java.lang.invoke.DirectMethodHandle$Holder.invokeSpecial(java.lang.Object, java.lang.Object, int, java.lang.Object, java.lang.Object, java.lang.Object, java.lang.Object)'> (0x000000008dc2ac40) thrown at [./src/hotspot/share/interpreter/linkResolver.cpp, line 773]
Event: 16.170 Thread 0x0000021ab1494800 Exception <a 'java/lang/NoSuchMethodError'{0x000000008dc36840}: 'java.lang.Object java.lang.invoke.Invokers$Holder.linkToTargetMethod(java.lang.Object, int, java.lang.Object, java.lang.Object, java.lang.Object, java.lang.Object)'> (0x000000008dc36840) thrown at [./src/hotspot/share/interpreter/linkResolver.cpp, line 773]
Event: 16.170 Thread 0x0000021ab1494800 Exception <a 'java/lang/NoSuchMethodError'{0x000000008dc3acf0}: 'void java.lang.invoke.DirectMethodHandle$Holder.invokeSpecial(java.lang.Object, java.lang.Object, java.lang.Object, java.lang.Object, java.lang.Object, java.lang.Object, java.lang.Object, java.lang.Object, java.lang.Object)'> (0x000000008dc3acf0) thrown at [./src/hotspot/share/interpreter/linkResolver.cpp, line 773]
Event: 16.172 Thread 0x0000021ab1494800 Exception <a 'java/lang/NoSuchMethodError'{0x000000008dcaf498}: 'void java.lang.invoke.DirectMethodHandle$Holder.invokeStatic(java.lang.Object, java.lang.Object, java.lang.Object, java.lang.Object, java.lang.Object, java.lang.Object, java.lang.Object, java.lang.Object)'> (0x000000008dcaf498) thrown at [./src/hotspot/share/interpreter/linkResolver.cpp, line 773]
Event: 16.348 Thread 0x0000021ab1494800 Exception <a 'java/lang/IncompatibleClassChangeError'{0x000000008cf20358}: Found class java.lang.Object, but interface was expected> (0x000000008cf20358) thrown at [./src/hotspot/share/interpreter/linkResolver.cpp, line 839]
Event: 16.563 Thread 0x0000021ab1494800 Exception <a 'java/lang/NoSuchMethodError'{0x000000008f766410}: 'void java.lang.invoke.DirectMethodHandle$Holder.invokeVirtual(java.lang.Object, java.lang.Object, int)'> (0x000000008f766410) thrown at [./src/hotspot/share/interpreter/linkResolver.cpp, line 773]
Event: 16.601 Thread 0x0000021ab1494800 Exception <a 'sun/nio/fs/WindowsException'{0x000000008f4b5970}> (0x000000008f4b5970) thrown at [./src/hotspot/share/prims/jni.cpp, line 615]
Event: 16.820 Thread 0x0000021ab148f800 Exception <a 'java/lang/NoSuchMethodError'{0x000000008e01a098}: 'int java.lang.invoke.DirectMethodHandle$Holder.invokeInterface(java.lang.Object, java.lang.Object, int)'> (0x000000008e01a098) thrown at [./src/hotspot/share/interpreter/linkResolver.cpp, line 773]
Event: 16.997 Thread 0x0000021ab1494800 Exception <a 'java/lang/NoSuchMethodError'{0x000000008ff73080}: 'void java.lang.invoke.DirectMethodHandle$Holder.invokeStatic(java.lang.Object, java.lang.Object, java.lang.Object, java.lang.Object, java.lang.Object, java.lang.Object, java.lang.Object)'> (0x000000008ff73080) thrown at [./src/hotspot/share/interpreter/linkResolver.cpp, line 773]
Event: 17.620 Thread 0x0000021ab1494800 Exception <a 'sun/nio/fs/WindowsException'{0x000000008d0cddf0}> (0x000000008d0cddf0) thrown at [./src/hotspot/share/prims/jni.cpp, line 615]

Events (20 events):
Event: 17.230 Executing VM operation: ICBufferFull
Event: 17.231 Executing VM operation: ICBufferFull done
Event: 17.250 loading class org/gradle/internal/execution/steps/SkipUpToDateStep$2
Event: 17.250 loading class org/gradle/internal/execution/steps/SkipUpToDateStep$2 done
Event: 17.252 Executing VM operation: ICBufferFull
Event: 17.253 Executing VM operation: ICBufferFull done
Event: 17.301 Executing VM operation: ICBufferFull
Event: 17.302 Executing VM operation: ICBufferFull done
Event: 17.337 Executing VM operation: CGC_Operation
Event: 17.338 Executing VM operation: CGC_Operation done
Event: 17.361 loading class com/android/tools/r8/internal/l4
Event: 17.361 loading class com/android/tools/r8/internal/l4 done
Event: 17.432 Executing VM operation: ICBufferFull
Event: 17.432 Executing VM operation: ICBufferFull done
Event: 17.471 Executing VM operation: G1CollectForAllocation
Event: 17.480 Executing VM operation: G1CollectForAllocation done
Event: 17.608 loading class com/android/tools/r8/code/G0
Event: 17.608 loading class com/android/tools/r8/code/G0 done
Event: 17.608 loading class com/android/tools/r8/code/G0
Event: 17.608 loading class com/android/tools/r8/code/G0 done


Dynamic libraries:
0x00007ff6ba730000 - 0x00007ff6ba73a000 	C:\Program Files\Android\Android Studio\jre\bin\java.exe
0x00007ffa59550000 - 0x00007ffa59745000 	C:\WINDOWS\SYSTEM32\ntdll.dll
0x00007ffa58ee0000 - 0x00007ffa58f9d000 	C:\WINDOWS\System32\KERNEL32.DLL
0x00007ffa56c80000 - 0x00007ffa56f49000 	C:\WINDOWS\System32\KERNELBASE.dll
0x00007ffa574b0000 - 0x00007ffa575b0000 	C:\WINDOWS\System32\ucrtbase.dll
0x00007ffa38c90000 - 0x00007ffa38ca7000 	C:\Program Files\Android\Android Studio\jre\bin\VCRUNTIME140.dll
0x00007ff9f9450000 - 0x00007ff9f9469000 	C:\Program Files\Android\Android Studio\jre\bin\jli.dll
0x00007ffa587d0000 - 0x00007ffa58970000 	C:\WINDOWS\System32\USER32.dll
0x00007ffa57060000 - 0x00007ffa57082000 	C:\WINDOWS\System32\win32u.dll
0x00007ffa47010000 - 0x00007ffa472aa000 	C:\WINDOWS\WinSxS\amd64_microsoft.windows.common-controls_6595b64144ccf1df_6.0.19041.1110_none_60b5254171f9507e\COMCTL32.dll
0x00007ffa57ac0000 - 0x00007ffa57aea000 	C:\WINDOWS\System32\GDI32.dll
0x00007ffa58d00000 - 0x00007ffa58d9e000 	C:\WINDOWS\System32\msvcrt.dll
0x00007ffa572b0000 - 0x00007ffa573bb000 	C:\WINDOWS\System32\gdi32full.dll
0x00007ffa57410000 - 0x00007ffa574ad000 	C:\WINDOWS\System32\msvcp_win.dll
0x00007ffa58970000 - 0x00007ffa589a0000 	C:\WINDOWS\System32\IMM32.DLL
0x00007ff9e4410000 - 0x00007ff9e44ad000 	C:\Program Files\Android\Android Studio\jre\bin\msvcp140.dll
0x00007ff9f8960000 - 0x00007ff9f942f000 	C:\Program Files\Android\Android Studio\jre\bin\server\jvm.dll
0x00007ffa575d0000 - 0x00007ffa5767c000 	C:\WINDOWS\System32\ADVAPI32.dll
0x00007ffa57af0000 - 0x00007ffa57b8b000 	C:\WINDOWS\System32\sechost.dll
0x00007ffa58500000 - 0x00007ffa5862a000 	C:\WINDOWS\System32\RPCRT4.dll
0x00007ffa59420000 - 0x00007ffa59428000 	C:\WINDOWS\System32\PSAPI.DLL
0x00007ffa42db0000 - 0x00007ffa42db9000 	C:\WINDOWS\SYSTEM32\WSOCK32.dll
0x00007ffa4e030000 - 0x00007ffa4e057000 	C:\WINDOWS\SYSTEM32\WINMM.dll
0x00007ffa58690000 - 0x00007ffa586fb000 	C:\WINDOWS\System32\WS2_32.dll
0x00007ffa4fac0000 - 0x00007ffa4faca000 	C:\WINDOWS\SYSTEM32\VERSION.dll
0x00007ffa54bb0000 - 0x00007ffa54bc2000 	C:\WINDOWS\SYSTEM32\kernel.appcore.dll
0x00007ffa32ac0000 - 0x00007ffa32ad1000 	C:\Program Files\Android\Android Studio\jre\bin\verify.dll
0x00007ffa50620000 - 0x00007ffa50804000 	C:\WINDOWS\SYSTEM32\DBGHELP.DLL
0x00007ffa47950000 - 0x00007ffa4797c000 	C:\WINDOWS\SYSTEM32\dbgcore.DLL
0x00007ffa57220000 - 0x00007ffa572a3000 	C:\WINDOWS\System32\bcryptPrimitives.dll
0x00007ffa32a90000 - 0x00007ffa32ab9000 	C:\Program Files\Android\Android Studio\jre\bin\java.dll
0x00007ffa38de0000 - 0x00007ffa38deb000 	C:\Program Files\Android\Android Studio\jre\bin\jimage.dll
0x00007ffa32a70000 - 0x00007ffa32a88000 	C:\Program Files\Android\Android Studio\jre\bin\zip.dll
0x00007ffa57db0000 - 0x00007ffa584ef000 	C:\WINDOWS\System32\SHELL32.dll
0x00007ffa54db0000 - 0x00007ffa55540000 	C:\WINDOWS\SYSTEM32\windows.storage.dll
0x00007ffa57680000 - 0x00007ffa579d5000 	C:\WINDOWS\System32\combase.dll
0x00007ffa566e0000 - 0x00007ffa5670c000 	C:\WINDOWS\SYSTEM32\Wldp.dll
0x00007ffa57b90000 - 0x00007ffa57c3e000 	C:\WINDOWS\System32\SHCORE.dll
0x00007ffa57c40000 - 0x00007ffa57c95000 	C:\WINDOWS\System32\shlwapi.dll
0x00007ffa56bc0000 - 0x00007ffa56bdf000 	C:\WINDOWS\SYSTEM32\profapi.dll
0x00007ffa32a50000 - 0x00007ffa32a6a000 	C:\Program Files\Android\Android Studio\jre\bin\net.dll
0x00007ffa4bb10000 - 0x00007ffa4bc18000 	C:\WINDOWS\SYSTEM32\WINHTTP.dll
0x00007ffa56440000 - 0x00007ffa564aa000 	C:\WINDOWS\system32\mswsock.dll
0x00007ffa31830000 - 0x00007ffa31844000 	C:\Program Files\Android\Android Studio\jre\bin\nio.dll
0x00007ff9f61a0000 - 0x00007ff9f61c7000 	C:\Users\danie\.gradle\native\8bec1ad78214c89d9ad589b4d07fe93259594b29d510b10fafb7a158f7737e5d\windows-amd64\native-platform.dll
0x00007ff9ed660000 - 0x00007ff9ed79d000 	C:\Users\danie\.gradle\native\53dbd7edfb1c66fb8903c78663c9afc45aea4f116125fa6feffd364cf09443e8\windows-amd64\native-platform-file-events.dll
0x00007ffa38660000 - 0x00007ffa3866a000 	C:\Program Files\Android\Android Studio\jre\bin\management.dll
0x00007ffa34530000 - 0x00007ffa3453c000 	C:\Program Files\Android\Android Studio\jre\bin\management_ext.dll
0x00007ffa56630000 - 0x00007ffa56648000 	C:\WINDOWS\SYSTEM32\CRYPTSP.dll
0x00007ffa55d50000 - 0x00007ffa55d84000 	C:\WINDOWS\system32\rsaenh.dll
0x00007ffa57090000 - 0x00007ffa570b7000 	C:\WINDOWS\System32\bcrypt.dll
0x00007ffa56b80000 - 0x00007ffa56bae000 	C:\WINDOWS\SYSTEM32\USERENV.dll
0x00007ffa56650000 - 0x00007ffa5665c000 	C:\WINDOWS\SYSTEM32\CRYPTBASE.dll
0x00007ffa560e0000 - 0x00007ffa5611b000 	C:\WINDOWS\SYSTEM32\IPHLPAPI.DLL
0x00007ffa584f0000 - 0x00007ffa584f8000 	C:\WINDOWS\System32\NSI.dll
0x00007ffa505f0000 - 0x00007ffa50607000 	C:\WINDOWS\SYSTEM32\dhcpcsvc6.DLL
0x00007ffa505d0000 - 0x00007ffa505ed000 	C:\WINDOWS\SYSTEM32\dhcpcsvc.DLL
0x00007ffa56120000 - 0x00007ffa561ec000 	C:\WINDOWS\SYSTEM32\DNSAPI.dll

dbghelp: loaded successfully - version: 4.0.5 - missing functions: none
symbol engine: initialized successfully - sym options: 0x614 - pdb path: .;C:\Program Files\Android\Android Studio\jre\bin;C:\WINDOWS\SYSTEM32;C:\WINDOWS\WinSxS\amd64_microsoft.windows.common-controls_6595b64144ccf1df_6.0.19041.1110_none_60b5254171f9507e;C:\Program Files\Android\Android Studio\jre\bin\server;C:\Users\danie\.gradle\native\8bec1ad78214c89d9ad589b4d07fe93259594b29d510b10fafb7a158f7737e5d\windows-amd64;C:\Users\danie\.gradle\native\53dbd7edfb1c66fb8903c78663c9afc45aea4f116125fa6feffd364cf09443e8\windows-amd64

VM Arguments:
jvm_args: --add-opens=java.base/java.util=ALL-UNNAMED --add-opens=java.base/java.lang=ALL-UNNAMED --add-opens=java.base/java.lang.invoke=ALL-UNNAMED --add-opens=java.base/java.util=ALL-UNNAMED --add-opens=java.prefs/java.util.prefs=ALL-UNNAMED --add-opens=java.prefs/java.util.prefs=ALL-UNNAMED --add-opens=java.base/java.nio.charset=ALL-UNNAMED --add-opens=java.base/java.net=ALL-UNNAMED --add-opens=java.base/java.util.concurrent.atomic=ALL-UNNAMED -Xmx2048m -Dfile.encoding=UTF-8 -Duser.country=NZ -Duser.language=en -Duser.variant 
java_command: org.gradle.launcher.daemon.bootstrap.GradleDaemon 7.0.2
java_class_path (initial): C:\Users\danie\.gradle\wrapper\dists\gradle-7.0.2-bin\857tjihv64xamwrf0h14cai3r\gradle-7.0.2\lib\gradle-launcher-7.0.2.jar
Launcher Type: SUN_STANDARD

[Global flags]
     intx CICompilerCount                          = 3                                         {product} {ergonomic}
     uint ConcGCThreads                            = 1                                         {product} {ergonomic}
     uint G1ConcRefinementThreads                  = 4                                         {product} {ergonomic}
   size_t G1HeapRegionSize                         = 1048576                                   {product} {ergonomic}
    uintx GCDrainStackTargetSize                   = 64                                        {product} {ergonomic}
   size_t InitialHeapSize                          = 268435456                                 {product} {ergonomic}
   size_t MarkStackSize                            = 4194304                                   {product} {ergonomic}
   size_t MaxHeapSize                              = 2147483648                                {product} {command line}
   size_t MaxNewSize                               = 1287651328                                {product} {ergonomic}
   size_t MinHeapDeltaBytes                        = 1048576                                   {product} {ergonomic}
    uintx NonNMethodCodeHeapSize                   = 5830732                                {pd product} {ergonomic}
    uintx NonProfiledCodeHeapSize                  = 122913754                              {pd product} {ergonomic}
    uintx ProfiledCodeHeapSize                     = 122913754                              {pd product} {ergonomic}
    uintx ReservedCodeCacheSize                    = 251658240                              {pd product} {ergonomic}
     bool SegmentedCodeCache                       = true                                      {product} {ergonomic}
     bool UseCompressedClassPointers               = true                                 {lp64_product} {ergonomic}
     bool UseCompressedOops                        = true                                 {lp64_product} {ergonomic}
     bool UseG1GC                                  = true                                      {product} {ergonomic}
     bool UseLargePagesIndividualAllocation        = false                                  {pd product} {ergonomic}

Logging:
Log output configuration:
 #0: stdout all=warning uptime,level,tags
 #1: stderr all=off uptime,level,tags

Environment Variables:
PATH=C:\Python39\Scripts\;C:\Python39\;C:\Program Files (x86)\NVIDIA Corporation\PhysX\Common;C:\Program Files (x86)\Common Files\Oracle\Java\javapath;C:\WINDOWS\system32;C:\WINDOWS;C:\WINDOWS\System32\Wbem;C:\WINDOWS\System32\WindowsPowerShell\v1.0\;C:\WINDOWS\System32\OpenSSH\;C:\Program Files\Microsoft SQL Server\130\Tools\Binn\;C:\ProgramData\chocolatey\bin;C:\Program Files (x86)\IVI Foundation\VISA\WinNT\Bin;C:\Program Files\Git\cmd;C:\Program Files\nodejs\;C:\Users\danie\AppData\Local\Microsoft\WindowsApps;;C:\Users\danie\AppData\Local\Programs\Microsoft VS Code\bin;C:\Users\danie\AppData\Roaming\npm
USERNAME=danie
OS=Windows_NT
PROCESSOR_IDENTIFIER=AMD64 Family 23 Model 24 Stepping 1, AuthenticAMD



---------------  S Y S T E M  ---------------

OS: Windows 10 , 64 bit Build 19041 (10.0.19041.1151)
OS uptime: 0 days 21:02 hours

CPU:total 4 (initial active 4) (4 cores per cpu, 1 threads per core) family 23 model 24 stepping 1 microcode 0x0, cmov, cx8, fxsr, mmx, sse, sse2, sse3, ssse3, sse4.1, sse4.2, popcnt, avx, avx2, aes, clmul, mmxext, 3dnowpref, lzcnt, sse4a, tsc, tscinvbit, tscinv, bmi1, bmi2, adx, sha, 

Memory: 4k page, system-wide physical 16312M (4383M free)
TotalPageFile size 16312M (AvailPageFile size 5M)
current process WorkingSet (physical memory assigned to process): 606M, peak: 609M
current process commit charge ("private bytes"): 681M, peak: 682M

vm_info: OpenJDK 64-Bit Server VM (11.0.10+0-b96-7249189) for windows-amd64 JRE (11.0.10+0-b96-7249189), built on Mar 31 2021 21:44:00 by "builder" with MS VC++ 14.0 (VS2015)

END.
