#
# There is insufficient memory for the Java Runtime Environment to continue.
# Native memory allocation (mmap) failed to map 54525952 bytes for Failed to commit area from 0x0000000711000000 to 0x0000000714400000 of length 54525952.
# Possible reasons:
#   The system is out of physical RAM or swap space
#   The process is running with CompressedOops enabled, and the Java Heap may be blocking the growth of the native heap
# Possible solutions:
#   Reduce memory load on the system
#   Increase physical memory or swap space
#   Check if swap backing store is full
#   Decrease Java heap size (-Xmx/-Xms)
#   Decrease number of Java threads
#   Decrease Java thread stack sizes (-Xss)
#   Set larger code cache with -XX:ReservedCodeCacheSize=
#   JVM is running with Zero Based Compressed Oops mode in which the Java heap is
#     placed in the first 32GB address space. The Java Heap base address is the
#     maximum limit for the native heap growth. Please use -XX:HeapBaseMinAddress
#     to set the Java Heap base and to place the Java Heap above 32GB virtual address.
# This output file may be truncated or incomplete.
#
#  Out of Memory Error (./src/hotspot/os/windows/os_windows.cpp:3301), pid=8016, tid=11352
#
# JRE version: OpenJDK Runtime Environment (11.0.10) (build 11.0.10+0-b96-7249189)
# Java VM: OpenJDK 64-Bit Server VM (11.0.10+0-b96-7249189, mixed mode, tiered, compressed oops, g1 gc, windows-amd64)
# No core dump will be written. Minidumps are not enabled by default on client versions of Windows
#

---------------  S U M M A R Y ------------

Command Line: org.jetbrains.kotlin.cli.jvm.K2JVMCompiler @C:\Users\danie\AndroidStudioProjects\Choice\app\build\20211003_16227113215704565988.compiler.options

Host: AMD Ryzen 3 3200G with Radeon Vega Graphics    , 4 cores, 15G,  Windows 10 , 64 bit Build 19041 (10.0.19041.1202)
Time: Sun Oct  3 13:59:57 2021 New Zealand Daylight Time elapsed time: 3.905968 seconds (0d 0h 0m 3s)

---------------  T H R E A D  ---------------

Current thread (0x00000184dd6d6800):  VMThread "VM Thread" [stack: 0x0000004ab4800000,0x0000004ab4900000] [id=11352]

Stack: [0x0000004ab4800000,0x0000004ab4900000]
[error occurred during error reporting (printing stack bounds), id 0xc0000005, EXCEPTION_ACCESS_VIOLATION (0xc0000005) at pc=0x00000184c2270f2d]

Native frames: (J=compiled Java code, j=interpreted, Vv=VM code, C=native code)
V  [jvm.dll+0x5ecfaa]
V  [jvm.dll+0x722bd5]
V  [jvm.dll+0x72412d]
V  [jvm.dll+0x724745]
V  [jvm.dll+0x7246fb]
V  [jvm.dll+0x5ec348]
V  [jvm.dll+0x5ecad8]
C  [ntdll.dll+0xa20cf]
C  [ntdll.dll+0x51454]
C  [ntdll.dll+0xa0bfe]
C  0x00000184c2270f2d

VM_Operation (0x0000004ab42fa1a0): G1CollectForAllocation, mode: safepoint, requested by thread 0x00000184be77b000


---------------  P R O C E S S  ---------------

Threads class SMR info:
_java_thread_list=0x00000184de153980, length=11, elements={
0x00000184be77b000, 0x00000184dd6de000, 0x00000184ddf8b000, 0x00000184ddfa0000,
0x00000184ddfa6000, 0x00000184ddfa7800, 0x00000184ddfec800, 0x00000184ddff3800,
0x00000184de04b000, 0x00000184de15d000, 0x00000184de192800
}

Java Threads: ( => current thread )
  0x00000184be77b000 JavaThread "main" [_thread_blocked, id=6888, stack(0x0000004ab4200000,0x0000004ab4300000)]
  0x00000184dd6de000 JavaThread "Reference Handler" daemon [_thread_blocked, id=8900, stack(0x0000004ab4900000,0x0000004ab4a00000)]
  0x00000184ddf8b000 JavaThread "Finalizer" daemon [_thread_blocked, id=1312, stack(0x0000004ab4a00000,0x0000004ab4b00000)]
  0x00000184ddfa0000 JavaThread "Signal Dispatcher" daemon [_thread_blocked, id=10040, stack(0x0000004ab4b00000,0x0000004ab4c00000)]
  0x00000184ddfa6000 JavaThread "Attach Listener" daemon [_thread_blocked, id=6440, stack(0x0000004ab4c00000,0x0000004ab4d00000)]
  0x00000184ddfa7800 JavaThread "Service Thread" daemon [_thread_blocked, id=9360, stack(0x0000004ab4d00000,0x0000004ab4e00000)]
  0x00000184ddfec800 JavaThread "C2 CompilerThread0" daemon [_thread_in_native, id=11628, stack(0x0000004ab4e00000,0x0000004ab4f00000)]
  0x00000184ddff3800 JavaThread "C1 CompilerThread0" daemon [_thread_blocked, id=1656, stack(0x0000004ab4f00000,0x0000004ab5000000)]
  0x00000184de04b000 JavaThread "Sweeper thread" daemon [_thread_blocked, id=5352, stack(0x0000004ab5000000,0x0000004ab5100000)]
  0x00000184de15d000 JavaThread "Common-Cleaner" daemon [_thread_blocked, id=3696, stack(0x0000004ab5200000,0x0000004ab5300000)]
  0x00000184de192800 JavaThread "C2 CompilerThread1" daemon [_thread_blocked, id=6804, stack(0x0000004ab5300000,0x0000004ab5400000)]

Other Threads:
=>0x00000184dd6d6800 VMThread "VM Thread" [stack: 0x0000004ab4800000,0x0000004ab4900000] [id=11352]
  0x00000184de155000 WatcherThread [stack: 0x0000004ab5100000,0x0000004ab5200000] [id=11372]
  0x00000184be793800 GCTaskThread "GC Thread#0" [stack: 0x0000004ab4300000,0x0000004ab4400000] [id=6748]
  0x00000184de7eb800 GCTaskThread "GC Thread#1" [stack: 0x0000004ab5400000,0x0000004ab5500000] [id=1844]
  0x00000184de7cc000 GCTaskThread "GC Thread#2" [stack: 0x0000004ab5500000,0x0000004ab5600000] [id=8196]
  0x00000184de7d1000 GCTaskThread "GC Thread#3" [stack: 0x0000004ab5600000,0x0000004ab5700000] [id=6828]
  0x00000184be7f0800 ConcurrentGCThread "G1 Main Marker" [stack: 0x0000004ab4400000,0x0000004ab4500000] [id=8848]
  0x00000184be7f2000 ConcurrentGCThread "G1 Conc#0" [stack: 0x0000004ab4500000,0x0000004ab4600000] [id=6480]
  0x00000184dd5bf800 ConcurrentGCThread "G1 Refine#0" [stack: 0x0000004ab4600000,0x0000004ab4700000] [id=9200]
  0x00000184dd5c0800 ConcurrentGCThread "G1 Young RemSet Sampling" [stack: 0x0000004ab4700000,0x0000004ab4800000] [id=12148]

Threads with active compile tasks:
C2 CompilerThread0   3913 3564       4       jdk.internal.loader.ClassLoaders$AppClassLoader::loadClass (40 bytes)
C1 CompilerThread0   3913 3956       3       org.jetbrains.kotlin.metadata.jvm.JvmProtoBuf$JvmMethodSignature$Builder::mergeFrom (59 bytes)
C2 CompilerThread1   3913 3902       4       org.jetbrains.org.objectweb.asm.ClassReader::readMethod (1061 bytes)

VM state:at safepoint (normal execution)

VM Mutex/Monitor currently owned by a thread:  ([mutex/lock_event])
[0x00000184be776fd0] Threads_lock - owner thread: 0x00000184dd6d6800
[0x00000184be7766d0] Heap_lock - owner thread: 0x00000184be77b000

Heap address: 0x0000000701000000, size: 4080 MB, Compressed Oops mode: Zero based, Oop shift amount: 3
Narrow klass base: 0x0000000800000000, Narrow klass shift: 0
Compressed class space size: 1073741824 Address: 0x0000000800000000

Heap:
 garbage-first heap   total 315392K, used 37658K [0x0000000701000000, 0x0000000800000000)
  region size 1024K, 10 young (10240K), 10 survivors (10240K)
 Metaspace       used 47801K, capacity 48323K, committed 48512K, reserved 1091584K
  class space    used 5572K, capacity 5756K, committed 5760K, reserved 1048576K
Heap Regions: E=young(eden), S=young(survivor), O=old, HS=humongous(starts), HC=humongous(continues), CS=collection set, F=free, A=archive, TAMS=top-at-mark-start (previous, next)
|   0|0x0000000701000000, 0x0000000701100000, 0x0000000701100000|100%|HS|  |TAMS 0x0000000701100000, 0x0000000701000000| Complete 
|   1|0x0000000701100000, 0x0000000701200000, 0x0000000701200000|100%|HC|  |TAMS 0x0000000701200000, 0x0000000701100000| Complete 
|   2|0x0000000701200000, 0x0000000701300000, 0x0000000701300000|100%|HC|  |TAMS 0x0000000701300000, 0x0000000701200000| Complete 
|   3|0x0000000701300000, 0x0000000701400000, 0x0000000701400000|100%| O|  |TAMS 0x0000000701400000, 0x0000000701300000| Untracked 
|   4|0x0000000701400000, 0x0000000701500000, 0x0000000701500000|100%| O|  |TAMS 0x0000000701500000, 0x0000000701400000| Untracked 
|   5|0x0000000701500000, 0x0000000701600000, 0x0000000701600000|100%|HS|  |TAMS 0x0000000701600000, 0x0000000701500000| Complete 
|   6|0x0000000701600000, 0x0000000701700000, 0x0000000701700000|100%|HC|  |TAMS 0x0000000701700000, 0x0000000701600000| Complete 
|   7|0x0000000701700000, 0x0000000701800000, 0x0000000701800000|100%|HC|  |TAMS 0x0000000701800000, 0x0000000701700000| Complete 
|   8|0x0000000701800000, 0x0000000701900000, 0x0000000701900000|100%|HS|  |TAMS 0x0000000701900000, 0x0000000701800000| Complete 
|   9|0x0000000701900000, 0x0000000701a00000, 0x0000000701a00000|100%|HC|  |TAMS 0x0000000701a00000, 0x0000000701900000| Complete 
|  10|0x0000000701a00000, 0x0000000701b00000, 0x0000000701b00000|100%|HC|  |TAMS 0x0000000701b00000, 0x0000000701a00000| Complete 
|  11|0x0000000701b00000, 0x0000000701c00000, 0x0000000701c00000|100%|HS|  |TAMS 0x0000000701b00000, 0x0000000701b00000| Complete 
|  12|0x0000000701c00000, 0x0000000701d00000, 0x0000000701d00000|100%|HC|  |TAMS 0x0000000701c00000, 0x0000000701c00000| Complete 
|  13|0x0000000701d00000, 0x0000000701e00000, 0x0000000701e00000|100%| O|  |TAMS 0x0000000701e00000, 0x0000000701d00000| Untracked 
|  14|0x0000000701e00000, 0x0000000701f00000, 0x0000000701f00000|100%| O|  |TAMS 0x0000000701f00000, 0x0000000701e00000| Untracked 
|  15|0x0000000701f00000, 0x0000000702000000, 0x0000000702000000|100%| O|  |TAMS 0x0000000702000000, 0x0000000701f00000| Untracked 
|  16|0x0000000702000000, 0x0000000702100000, 0x0000000702100000|100%| O|  |TAMS 0x0000000702100000, 0x0000000702000000| Untracked 
|  17|0x0000000702100000, 0x0000000702200000, 0x0000000702200000|100%| O|  |TAMS 0x0000000702200000, 0x0000000702100000| Untracked 
|  18|0x0000000702200000, 0x0000000702200000, 0x0000000702300000|  0%| F|  |TAMS 0x0000000702200000, 0x0000000702200000| Untracked 
|  19|0x0000000702300000, 0x0000000702400000, 0x0000000702400000|100%| O|  |TAMS 0x0000000702300000, 0x0000000702300000| Untracked 
|  20|0x0000000702400000, 0x0000000702400000, 0x0000000702500000|  0%| F|  |TAMS 0x0000000702400000, 0x0000000702400000| Untracked 
|  21|0x0000000702500000, 0x0000000702500000, 0x0000000702600000|  0%| F|  |TAMS 0x0000000702500000, 0x0000000702500000| Untracked 
|  22|0x0000000702600000, 0x0000000702700000, 0x0000000702700000|100%| O|  |TAMS 0x0000000702700000, 0x0000000702600000| Untracked 
|  23|0x0000000702700000, 0x0000000702800000, 0x0000000702800000|100%| O|  |TAMS 0x0000000702800000, 0x0000000702700000| Untracked 
|  24|0x0000000702800000, 0x0000000702900000, 0x0000000702900000|100%| O|  |TAMS 0x0000000702900000, 0x0000000702800000| Untracked 
|  25|0x0000000702900000, 0x0000000702a00000, 0x0000000702a00000|100%| O|  |TAMS 0x0000000702a00000, 0x0000000702900000| Untracked 
|  26|0x0000000702a00000, 0x0000000702b00000, 0x0000000702b00000|100%| O|  |TAMS 0x0000000702b00000, 0x0000000702a00000| Untracked 
|  27|0x0000000702b00000, 0x0000000702c00000, 0x0000000702c00000|100%| O|  |TAMS 0x0000000702bb9800, 0x0000000702b00000| Untracked 
|  28|0x0000000702c00000, 0x0000000702d00000, 0x0000000702d00000|100%| O|  |TAMS 0x0000000702c00000, 0x0000000702c00000| Untracked 
|  29|0x0000000702d00000, 0x0000000702dc6800, 0x0000000702e00000| 77%| O|  |TAMS 0x0000000702d00000, 0x0000000702d00000| Untracked 
|  30|0x0000000702e00000, 0x0000000702e00000, 0x0000000702f00000|  0%| F|  |TAMS 0x0000000702e00000, 0x0000000702e00000| Untracked 
|  31|0x0000000702f00000, 0x0000000702f00000, 0x0000000703000000|  0%| F|  |TAMS 0x0000000702f00000, 0x0000000702f00000| Untracked 
|  32|0x0000000703000000, 0x0000000703000000, 0x0000000703100000|  0%| F|  |TAMS 0x0000000703000000, 0x0000000703000000| Untracked 
|  33|0x0000000703100000, 0x0000000703100000, 0x0000000703200000|  0%| F|  |TAMS 0x0000000703100000, 0x0000000703100000| Untracked 
|  34|0x0000000703200000, 0x0000000703200000, 0x0000000703300000|  0%| F|  |TAMS 0x0000000703200000, 0x0000000703200000| Untracked 
|  35|0x0000000703300000, 0x0000000703300000, 0x0000000703400000|  0%| F|  |TAMS 0x0000000703300000, 0x0000000703300000| Untracked 
|  36|0x0000000703400000, 0x0000000703400000, 0x0000000703500000|  0%| F|  |TAMS 0x0000000703400000, 0x0000000703400000| Untracked 
|  37|0x0000000703500000, 0x0000000703500000, 0x0000000703600000|  0%| F|  |TAMS 0x0000000703500000, 0x0000000703500000| Untracked 
|  38|0x0000000703600000, 0x0000000703600000, 0x0000000703700000|  0%| F|  |TAMS 0x0000000703600000, 0x0000000703600000| Untracked 
|  39|0x0000000703700000, 0x0000000703700000, 0x0000000703800000|  0%| F|  |TAMS 0x0000000703700000, 0x0000000703700000| Untracked 
|  40|0x0000000703800000, 0x0000000703800000, 0x0000000703900000|  0%| F|  |TAMS 0x0000000703800000, 0x0000000703800000| Untracked 
|  41|0x0000000703900000, 0x0000000703900000, 0x0000000703a00000|  0%| F|  |TAMS 0x0000000703900000, 0x0000000703900000| Untracked 
|  42|0x0000000703a00000, 0x0000000703a00000, 0x0000000703b00000|  0%| F|  |TAMS 0x0000000703a00000, 0x0000000703a00000| Untracked 
|  43|0x0000000703b00000, 0x0000000703b00000, 0x0000000703c00000|  0%| F|  |TAMS 0x0000000703b00000, 0x0000000703b00000| Untracked 
|  44|0x0000000703c00000, 0x0000000703c00000, 0x0000000703d00000|  0%| F|  |TAMS 0x0000000703c00000, 0x0000000703c00000| Untracked 
|  45|0x0000000703d00000, 0x0000000703d00000, 0x0000000703e00000|  0%| F|  |TAMS 0x0000000703d00000, 0x0000000703d00000| Untracked 
|  46|0x0000000703e00000, 0x0000000703e00000, 0x0000000703f00000|  0%| F|  |TAMS 0x0000000703e00000, 0x0000000703e00000| Untracked 
|  47|0x0000000703f00000, 0x0000000703f00000, 0x0000000704000000|  0%| F|  |TAMS 0x0000000703f00000, 0x0000000703f00000| Untracked 
|  48|0x0000000704000000, 0x0000000704000000, 0x0000000704100000|  0%| F|  |TAMS 0x0000000704000000, 0x0000000704000000| Untracked 
|  49|0x0000000704100000, 0x0000000704100000, 0x0000000704200000|  0%| F|  |TAMS 0x0000000704100000, 0x0000000704100000| Untracked 
|  50|0x0000000704200000, 0x0000000704200000, 0x0000000704300000|  0%| F|  |TAMS 0x0000000704200000, 0x0000000704200000| Untracked 
|  51|0x0000000704300000, 0x0000000704300000, 0x0000000704400000|  0%| F|  |TAMS 0x0000000704300000, 0x0000000704300000| Untracked 
|  52|0x0000000704400000, 0x0000000704400000, 0x0000000704500000|  0%| F|  |TAMS 0x0000000704400000, 0x0000000704400000| Untracked 
|  53|0x0000000704500000, 0x0000000704500000, 0x0000000704600000|  0%| F|  |TAMS 0x0000000704500000, 0x0000000704500000| Untracked 
|  54|0x0000000704600000, 0x0000000704600000, 0x0000000704700000|  0%| F|  |TAMS 0x0000000704600000, 0x0000000704600000| Untracked 
|  55|0x0000000704700000, 0x0000000704700000, 0x0000000704800000|  0%| F|  |TAMS 0x0000000704700000, 0x0000000704700000| Untracked 
|  56|0x0000000704800000, 0x0000000704800000, 0x0000000704900000|  0%| F|  |TAMS 0x0000000704800000, 0x0000000704800000| Untracked 
|  57|0x0000000704900000, 0x0000000704900000, 0x0000000704a00000|  0%| F|  |TAMS 0x0000000704900000, 0x0000000704900000| Untracked 
|  58|0x0000000704a00000, 0x0000000704a00000, 0x0000000704b00000|  0%| F|  |TAMS 0x0000000704a00000, 0x0000000704a00000| Untracked 
|  59|0x0000000704b00000, 0x0000000704b00000, 0x0000000704c00000|  0%| F|  |TAMS 0x0000000704b00000, 0x0000000704b00000| Untracked 
|  60|0x0000000704c00000, 0x0000000704c00000, 0x0000000704d00000|  0%| F|  |TAMS 0x0000000704c00000, 0x0000000704c00000| Untracked 
|  61|0x0000000704d00000, 0x0000000704d00000, 0x0000000704e00000|  0%| F|  |TAMS 0x0000000704d00000, 0x0000000704d00000| Untracked 
|  62|0x0000000704e00000, 0x0000000704e00000, 0x0000000704f00000|  0%| F|  |TAMS 0x0000000704e00000, 0x0000000704e00000| Untracked 
|  63|0x0000000704f00000, 0x0000000704f00000, 0x0000000705000000|  0%| F|  |TAMS 0x0000000704f00000, 0x0000000704f00000| Untracked 
|  64|0x0000000705000000, 0x0000000705000000, 0x0000000705100000|  0%| F|  |TAMS 0x0000000705000000, 0x0000000705000000| Untracked 
|  65|0x0000000705100000, 0x0000000705100000, 0x0000000705200000|  0%| F|  |TAMS 0x0000000705100000, 0x0000000705100000| Untracked 
|  66|0x0000000705200000, 0x0000000705200000, 0x0000000705300000|  0%| F|  |TAMS 0x0000000705200000, 0x0000000705200000| Untracked 
|  67|0x0000000705300000, 0x0000000705300000, 0x0000000705400000|  0%| F|  |TAMS 0x0000000705300000, 0x0000000705300000| Untracked 
|  68|0x0000000705400000, 0x0000000705400000, 0x0000000705500000|  0%| F|  |TAMS 0x0000000705400000, 0x0000000705400000| Untracked 
|  69|0x0000000705500000, 0x0000000705500000, 0x0000000705600000|  0%| F|  |TAMS 0x0000000705500000, 0x0000000705500000| Untracked 
|  70|0x0000000705600000, 0x0000000705600000, 0x0000000705700000|  0%| F|  |TAMS 0x0000000705600000, 0x0000000705600000| Untracked 
|  71|0x0000000705700000, 0x0000000705700000, 0x0000000705800000|  0%| F|  |TAMS 0x0000000705700000, 0x0000000705700000| Untracked 
|  72|0x0000000705800000, 0x0000000705800000, 0x0000000705900000|  0%| F|  |TAMS 0x0000000705800000, 0x0000000705800000| Untracked 
|  73|0x0000000705900000, 0x0000000705900000, 0x0000000705a00000|  0%| F|  |TAMS 0x0000000705900000, 0x0000000705900000| Untracked 
|  74|0x0000000705a00000, 0x0000000705a00000, 0x0000000705b00000|  0%| F|  |TAMS 0x0000000705a00000, 0x0000000705a00000| Untracked 
|  75|0x0000000705b00000, 0x0000000705b00000, 0x0000000705c00000|  0%| F|  |TAMS 0x0000000705b00000, 0x0000000705b00000| Untracked 
|  76|0x0000000705c00000, 0x0000000705c00000, 0x0000000705d00000|  0%| F|  |TAMS 0x0000000705c00000, 0x0000000705c00000| Untracked 
|  77|0x0000000705d00000, 0x0000000705d00000, 0x0000000705e00000|  0%| F|  |TAMS 0x0000000705d00000, 0x0000000705d00000| Untracked 
|  78|0x0000000705e00000, 0x0000000705e00000, 0x0000000705f00000|  0%| F|  |TAMS 0x0000000705e00000, 0x0000000705e00000| Untracked 
|  79|0x0000000705f00000, 0x0000000705f00000, 0x0000000706000000|  0%| F|  |TAMS 0x0000000705f00000, 0x0000000705f00000| Untracked 
|  80|0x0000000706000000, 0x0000000706000000, 0x0000000706100000|  0%| F|  |TAMS 0x0000000706000000, 0x0000000706000000| Untracked 
|  81|0x0000000706100000, 0x0000000706100000, 0x0000000706200000|  0%| F|  |TAMS 0x0000000706100000, 0x0000000706100000| Untracked 
|  82|0x0000000706200000, 0x0000000706200000, 0x0000000706300000|  0%| F|  |TAMS 0x0000000706200000, 0x0000000706200000| Untracked 
|  83|0x0000000706300000, 0x0000000706300000, 0x0000000706400000|  0%| F|  |TAMS 0x0000000706300000, 0x0000000706300000| Untracked 
|  84|0x0000000706400000, 0x0000000706400000, 0x0000000706500000|  0%| F|  |TAMS 0x0000000706400000, 0x0000000706400000| Untracked 
|  85|0x0000000706500000, 0x0000000706500000, 0x0000000706600000|  0%| F|  |TAMS 0x0000000706500000, 0x0000000706500000| Untracked 
|  86|0x0000000706600000, 0x0000000706600000, 0x0000000706700000|  0%| F|  |TAMS 0x0000000706600000, 0x0000000706600000| Untracked 
|  87|0x0000000706700000, 0x0000000706700000, 0x0000000706800000|  0%| F|  |TAMS 0x0000000706700000, 0x0000000706700000| Untracked 
|  88|0x0000000706800000, 0x0000000706800000, 0x0000000706900000|  0%| F|  |TAMS 0x0000000706800000, 0x0000000706800000| Untracked 
|  89|0x0000000706900000, 0x0000000706900000, 0x0000000706a00000|  0%| F|  |TAMS 0x0000000706900000, 0x0000000706900000| Untracked 
|  90|0x0000000706a00000, 0x0000000706a00000, 0x0000000706b00000|  0%| F|  |TAMS 0x0000000706a00000, 0x0000000706a00000| Untracked 
|  91|0x0000000706b00000, 0x0000000706b00000, 0x0000000706c00000|  0%| F|  |TAMS 0x0000000706b00000, 0x0000000706b00000| Untracked 
|  92|0x0000000706c00000, 0x0000000706c00000, 0x0000000706d00000|  0%| F|  |TAMS 0x0000000706c00000, 0x0000000706c00000| Untracked 
|  93|0x0000000706d00000, 0x0000000706d00000, 0x0000000706e00000|  0%| F|  |TAMS 0x0000000706d00000, 0x0000000706d00000| Untracked 
|  94|0x0000000706e00000, 0x0000000706e00000, 0x0000000706f00000|  0%| F|  |TAMS 0x0000000706e00000, 0x0000000706e00000| Untracked 
|  95|0x0000000706f00000, 0x0000000706f00000, 0x0000000707000000|  0%| F|  |TAMS 0x0000000706f00000, 0x0000000706f00000| Untracked 
|  96|0x0000000707000000, 0x0000000707000000, 0x0000000707100000|  0%| F|  |TAMS 0x0000000707000000, 0x0000000707000000| Untracked 
|  97|0x0000000707100000, 0x0000000707100000, 0x0000000707200000|  0%| F|  |TAMS 0x0000000707100000, 0x0000000707100000| Untracked 
|  98|0x0000000707200000, 0x0000000707200000, 0x0000000707300000|  0%| F|  |TAMS 0x0000000707200000, 0x0000000707200000| Untracked 
|  99|0x0000000707300000, 0x0000000707300000, 0x0000000707400000|  0%| F|  |TAMS 0x0000000707300000, 0x0000000707300000| Untracked 
| 100|0x0000000707400000, 0x0000000707400000, 0x0000000707500000|  0%| F|  |TAMS 0x0000000707400000, 0x0000000707400000| Untracked 
| 101|0x0000000707500000, 0x0000000707500000, 0x0000000707600000|  0%| F|  |TAMS 0x0000000707500000, 0x0000000707500000| Untracked 
| 102|0x0000000707600000, 0x0000000707600000, 0x0000000707700000|  0%| F|  |TAMS 0x0000000707600000, 0x0000000707600000| Untracked 
| 103|0x0000000707700000, 0x0000000707700000, 0x0000000707800000|  0%| F|  |TAMS 0x0000000707700000, 0x0000000707700000| Untracked 
| 104|0x0000000707800000, 0x0000000707800000, 0x0000000707900000|  0%| F|  |TAMS 0x0000000707800000, 0x0000000707800000| Untracked 
| 105|0x0000000707900000, 0x0000000707900000, 0x0000000707a00000|  0%| F|  |TAMS 0x0000000707900000, 0x0000000707900000| Untracked 
| 106|0x0000000707a00000, 0x0000000707a00000, 0x0000000707b00000|  0%| F|  |TAMS 0x0000000707a00000, 0x0000000707a00000| Untracked 
| 107|0x0000000707b00000, 0x0000000707b00000, 0x0000000707c00000|  0%| F|  |TAMS 0x0000000707b00000, 0x0000000707b00000| Untracked 
| 108|0x0000000707c00000, 0x0000000707c00000, 0x0000000707d00000|  0%| F|  |TAMS 0x0000000707c00000, 0x0000000707c00000| Untracked 
| 109|0x0000000707d00000, 0x0000000707d00000, 0x0000000707e00000|  0%| F|  |TAMS 0x0000000707d00000, 0x0000000707d00000| Untracked 
| 110|0x0000000707e00000, 0x0000000707e00000, 0x0000000707f00000|  0%| F|  |TAMS 0x0000000707e00000, 0x0000000707e00000| Untracked 
| 111|0x0000000707f00000, 0x0000000707f00000, 0x0000000708000000|  0%| F|  |TAMS 0x0000000707f00000, 0x0000000707f00000| Untracked 
| 112|0x0000000708000000, 0x0000000708000000, 0x0000000708100000|  0%| F|  |TAMS 0x0000000708000000, 0x0000000708000000| Untracked 
| 113|0x0000000708100000, 0x0000000708100000, 0x0000000708200000|  0%| F|  |TAMS 0x0000000708100000, 0x0000000708100000| Untracked 
| 114|0x0000000708200000, 0x0000000708200000, 0x0000000708300000|  0%| F|  |TAMS 0x0000000708200000, 0x0000000708200000| Untracked 
| 115|0x0000000708300000, 0x0000000708300000, 0x0000000708400000|  0%| F|  |TAMS 0x0000000708300000, 0x0000000708300000| Untracked 
| 116|0x0000000708400000, 0x0000000708400000, 0x0000000708500000|  0%| F|  |TAMS 0x0000000708400000, 0x0000000708400000| Untracked 
| 117|0x0000000708500000, 0x0000000708500000, 0x0000000708600000|  0%| F|  |TAMS 0x0000000708500000, 0x0000000708500000| Untracked 
| 118|0x0000000708600000, 0x0000000708600000, 0x0000000708700000|  0%| F|  |TAMS 0x0000000708600000, 0x0000000708600000| Untracked 
| 119|0x0000000708700000, 0x0000000708700000, 0x0000000708800000|  0%| F|  |TAMS 0x0000000708700000, 0x0000000708700000| Untracked 
| 120|0x0000000708800000, 0x0000000708800000, 0x0000000708900000|  0%| F|  |TAMS 0x0000000708800000, 0x0000000708800000| Untracked 
| 121|0x0000000708900000, 0x0000000708900000, 0x0000000708a00000|  0%| F|  |TAMS 0x0000000708900000, 0x0000000708900000| Untracked 
| 122|0x0000000708a00000, 0x0000000708a00000, 0x0000000708b00000|  0%| F|  |TAMS 0x0000000708a00000, 0x0000000708a00000| Untracked 
| 123|0x0000000708b00000, 0x0000000708b00000, 0x0000000708c00000|  0%| F|  |TAMS 0x0000000708b00000, 0x0000000708b00000| Untracked 
| 124|0x0000000708c00000, 0x0000000708c00000, 0x0000000708d00000|  0%| F|  |TAMS 0x0000000708c00000, 0x0000000708c00000| Untracked 
| 125|0x0000000708d00000, 0x0000000708d00000, 0x0000000708e00000|  0%| F|  |TAMS 0x0000000708d00000, 0x0000000708d00000| Untracked 
| 126|0x0000000708e00000, 0x0000000708e00000, 0x0000000708f00000|  0%| F|  |TAMS 0x0000000708e00000, 0x0000000708e00000| Untracked 
| 127|0x0000000708f00000, 0x0000000708f00000, 0x0000000709000000|  0%| F|  |TAMS 0x0000000708f00000, 0x0000000708f00000| Untracked 
| 128|0x0000000709000000, 0x0000000709000000, 0x0000000709100000|  0%| F|  |TAMS 0x0000000709000000, 0x0000000709000000| Untracked 
| 129|0x0000000709100000, 0x0000000709100000, 0x0000000709200000|  0%| F|  |TAMS 0x0000000709100000, 0x0000000709100000| Untracked 
| 130|0x0000000709200000, 0x0000000709200000, 0x0000000709300000|  0%| F|  |TAMS 0x0000000709200000, 0x0000000709200000| Untracked 
| 131|0x0000000709300000, 0x0000000709300000, 0x0000000709400000|  0%| F|  |TAMS 0x0000000709300000, 0x0000000709300000| Untracked 
| 132|0x0000000709400000, 0x0000000709400000, 0x0000000709500000|  0%| F|  |TAMS 0x0000000709400000, 0x0000000709400000| Untracked 
| 133|0x0000000709500000, 0x0000000709500000, 0x0000000709600000|  0%| F|  |TAMS 0x0000000709500000, 0x0000000709500000| Untracked 
| 134|0x0000000709600000, 0x0000000709600000, 0x0000000709700000|  0%| F|  |TAMS 0x0000000709600000, 0x0000000709600000| Untracked 
| 135|0x0000000709700000, 0x0000000709700000, 0x0000000709800000|  0%| F|  |TAMS 0x0000000709700000, 0x0000000709700000| Untracked 
| 136|0x0000000709800000, 0x0000000709800000, 0x0000000709900000|  0%| F|  |TAMS 0x0000000709800000, 0x0000000709800000| Untracked 
| 137|0x0000000709900000, 0x0000000709900000, 0x0000000709a00000|  0%| F|  |TAMS 0x0000000709900000, 0x0000000709900000| Untracked 
| 138|0x0000000709a00000, 0x0000000709a00000, 0x0000000709b00000|  0%| F|  |TAMS 0x0000000709a00000, 0x0000000709a00000| Untracked 
| 139|0x0000000709b00000, 0x0000000709b00000, 0x0000000709c00000|  0%| F|  |TAMS 0x0000000709b00000, 0x0000000709b00000| Untracked 
| 140|0x0000000709c00000, 0x0000000709c00000, 0x0000000709d00000|  0%| F|  |TAMS 0x0000000709c00000, 0x0000000709c00000| Untracked 
| 141|0x0000000709d00000, 0x0000000709d00000, 0x0000000709e00000|  0%| F|  |TAMS 0x0000000709d00000, 0x0000000709d00000| Untracked 
| 142|0x0000000709e00000, 0x0000000709e00000, 0x0000000709f00000|  0%| F|  |TAMS 0x0000000709e00000, 0x0000000709e00000| Untracked 
| 143|0x0000000709f00000, 0x0000000709f00000, 0x000000070a000000|  0%| F|  |TAMS 0x0000000709f00000, 0x0000000709f00000| Untracked 
| 144|0x000000070a000000, 0x000000070a000000, 0x000000070a100000|  0%| F|  |TAMS 0x000000070a000000, 0x000000070a000000| Untracked 
| 145|0x000000070a100000, 0x000000070a100000, 0x000000070a200000|  0%| F|  |TAMS 0x000000070a100000, 0x000000070a100000| Untracked 
| 146|0x000000070a200000, 0x000000070a200000, 0x000000070a300000|  0%| F|  |TAMS 0x000000070a200000, 0x000000070a200000| Untracked 
| 147|0x000000070a300000, 0x000000070a300000, 0x000000070a400000|  0%| F|  |TAMS 0x000000070a300000, 0x000000070a300000| Untracked 
| 148|0x000000070a400000, 0x000000070a400000, 0x000000070a500000|  0%| F|  |TAMS 0x000000070a400000, 0x000000070a400000| Untracked 
| 149|0x000000070a500000, 0x000000070a500000, 0x000000070a600000|  0%| F|  |TAMS 0x000000070a500000, 0x000000070a500000| Untracked 
| 150|0x000000070a600000, 0x000000070a600000, 0x000000070a700000|  0%| F|  |TAMS 0x000000070a600000, 0x000000070a600000| Untracked 
| 151|0x000000070a700000, 0x000000070a700000, 0x000000070a800000|  0%| F|  |TAMS 0x000000070a700000, 0x000000070a700000| Untracked 
| 152|0x000000070a800000, 0x000000070a800000, 0x000000070a900000|  0%| F|  |TAMS 0x000000070a800000, 0x000000070a800000| Untracked 
| 153|0x000000070a900000, 0x000000070a900000, 0x000000070aa00000|  0%| F|  |TAMS 0x000000070a900000, 0x000000070a900000| Untracked 
| 154|0x000000070aa00000, 0x000000070aa00000, 0x000000070ab00000|  0%| F|  |TAMS 0x000000070aa00000, 0x000000070aa00000| Untracked 
| 155|0x000000070ab00000, 0x000000070ab00000, 0x000000070ac00000|  0%| F|  |TAMS 0x000000070ab00000, 0x000000070ab00000| Untracked 
| 156|0x000000070ac00000, 0x000000070ac00000, 0x000000070ad00000|  0%| F|  |TAMS 0x000000070ac00000, 0x000000070ac00000| Untracked 
| 157|0x000000070ad00000, 0x000000070ad00000, 0x000000070ae00000|  0%| F|  |TAMS 0x000000070ad00000, 0x000000070ad00000| Untracked 
| 158|0x000000070ae00000, 0x000000070ae00000, 0x000000070af00000|  0%| F|  |TAMS 0x000000070ae00000, 0x000000070ae00000| Untracked 
| 159|0x000000070af00000, 0x000000070af00000, 0x000000070b000000|  0%| F|  |TAMS 0x000000070af00000, 0x000000070af00000| Untracked 
| 160|0x000000070b000000, 0x000000070b000000, 0x000000070b100000|  0%| F|  |TAMS 0x000000070b000000, 0x000000070b000000| Untracked 
| 161|0x000000070b100000, 0x000000070b100000, 0x000000070b200000|  0%| F|  |TAMS 0x000000070b100000, 0x000000070b100000| Untracked 
| 162|0x000000070b200000, 0x000000070b200000, 0x000000070b300000|  0%| F|  |TAMS 0x000000070b200000, 0x000000070b200000| Untracked 
| 163|0x000000070b300000, 0x000000070b300000, 0x000000070b400000|  0%| F|  |TAMS 0x000000070b300000, 0x000000070b300000| Untracked 
| 164|0x000000070b400000, 0x000000070b400000, 0x000000070b500000|  0%| F|  |TAMS 0x000000070b400000, 0x000000070b400000| Untracked 
| 165|0x000000070b500000, 0x000000070b500000, 0x000000070b600000|  0%| F|  |TAMS 0x000000070b500000, 0x000000070b500000| Untracked 
| 166|0x000000070b600000, 0x000000070b600000, 0x000000070b700000|  0%| F|  |TAMS 0x000000070b600000, 0x000000070b600000| Untracked 
| 167|0x000000070b700000, 0x000000070b800000, 0x000000070b800000|100%| S|CS|TAMS 0x000000070b700000, 0x000000070b700000| Complete 
| 168|0x000000070b800000, 0x000000070b900000, 0x000000070b900000|100%| S|CS|TAMS 0x000000070b800000, 0x000000070b800000| Complete 
| 169|0x000000070b900000, 0x000000070ba00000, 0x000000070ba00000|100%| S|CS|TAMS 0x000000070b900000, 0x000000070b900000| Complete 
| 170|0x000000070ba00000, 0x000000070bb00000, 0x000000070bb00000|100%| S|CS|TAMS 0x000000070ba00000, 0x000000070ba00000| Complete 
| 171|0x000000070bb00000, 0x000000070bc00000, 0x000000070bc00000|100%| S|CS|TAMS 0x000000070bb00000, 0x000000070bb00000| Complete 
| 172|0x000000070bc00000, 0x000000070bd00000, 0x000000070bd00000|100%| S|CS|TAMS 0x000000070bc00000, 0x000000070bc00000| Complete 
| 173|0x000000070bd00000, 0x000000070be00000, 0x000000070be00000|100%| S|CS|TAMS 0x000000070bd00000, 0x000000070bd00000| Complete 
| 174|0x000000070be00000, 0x000000070bf00000, 0x000000070bf00000|100%| S|CS|TAMS 0x000000070be00000, 0x000000070be00000| Complete 
| 175|0x000000070bf00000, 0x000000070c000000, 0x000000070c000000|100%| S|CS|TAMS 0x000000070bf00000, 0x000000070bf00000| Complete 
| 176|0x000000070c000000, 0x000000070c100000, 0x000000070c100000|100%| S|CS|TAMS 0x000000070c000000, 0x000000070c000000| Complete 
| 177|0x000000070c100000, 0x000000070c100000, 0x000000070c200000|  0%| F|  |TAMS 0x000000070c100000, 0x000000070c100000| Untracked 
| 178|0x000000070c200000, 0x000000070c200000, 0x000000070c300000|  0%| F|  |TAMS 0x000000070c200000, 0x000000070c200000| Untracked 
| 179|0x000000070c300000, 0x000000070c300000, 0x000000070c400000|  0%| F|  |TAMS 0x000000070c300000, 0x000000070c300000| Untracked 
| 180|0x000000070c400000, 0x000000070c400000, 0x000000070c500000|  0%| F|  |TAMS 0x000000070c400000, 0x000000070c400000| Untracked 
| 181|0x000000070c500000, 0x000000070c500000, 0x000000070c600000|  0%| F|  |TAMS 0x000000070c500000, 0x000000070c500000| Untracked 
| 182|0x000000070c600000, 0x000000070c600000, 0x000000070c700000|  0%| F|  |TAMS 0x000000070c600000, 0x000000070c600000| Untracked 
| 183|0x000000070c700000, 0x000000070c700000, 0x000000070c800000|  0%| F|  |TAMS 0x000000070c700000, 0x000000070c700000| Untracked 
| 184|0x000000070c800000, 0x000000070c800000, 0x000000070c900000|  0%| F|  |TAMS 0x000000070c800000, 0x000000070c800000| Untracked 
| 185|0x000000070c900000, 0x000000070c900000, 0x000000070ca00000|  0%| F|  |TAMS 0x000000070c900000, 0x000000070c900000| Untracked 
| 186|0x000000070ca00000, 0x000000070ca00000, 0x000000070cb00000|  0%| F|  |TAMS 0x000000070ca00000, 0x000000070ca00000| Untracked 
| 187|0x000000070cb00000, 0x000000070cb00000, 0x000000070cc00000|  0%| F|  |TAMS 0x000000070cb00000, 0x000000070cb00000| Untracked 
| 188|0x000000070cc00000, 0x000000070cc00000, 0x000000070cd00000|  0%| F|  |TAMS 0x000000070cc00000, 0x000000070cc00000| Untracked 
| 189|0x000000070cd00000, 0x000000070cd00000, 0x000000070ce00000|  0%| F|  |TAMS 0x000000070cd00000, 0x000000070cd00000| Untracked 
| 190|0x000000070ce00000, 0x000000070ce00000, 0x000000070cf00000|  0%| F|  |TAMS 0x000000070ce00000, 0x000000070ce00000| Untracked 
| 191|0x000000070cf00000, 0x000000070cf00000, 0x000000070d000000|  0%| F|  |TAMS 0x000000070cf00000, 0x000000070cf00000| Untracked 
| 192|0x000000070d000000, 0x000000070d000000, 0x000000070d100000|  0%| F|  |TAMS 0x000000070d000000, 0x000000070d000000| Untracked 
| 193|0x000000070d100000, 0x000000070d100000, 0x000000070d200000|  0%| F|  |TAMS 0x000000070d100000, 0x000000070d100000| Untracked 
| 194|0x000000070d200000, 0x000000070d200000, 0x000000070d300000|  0%| F|  |TAMS 0x000000070d200000, 0x000000070d200000| Untracked 
| 195|0x000000070d300000, 0x000000070d300000, 0x000000070d400000|  0%| F|  |TAMS 0x000000070d300000, 0x000000070d300000| Untracked 
| 196|0x000000070d400000, 0x000000070d400000, 0x000000070d500000|  0%| F|  |TAMS 0x000000070d400000, 0x000000070d400000| Untracked 
| 197|0x000000070d500000, 0x000000070d500000, 0x000000070d600000|  0%| F|  |TAMS 0x000000070d500000, 0x000000070d500000| Untracked 
| 198|0x000000070d600000, 0x000000070d600000, 0x000000070d700000|  0%| F|  |TAMS 0x000000070d600000, 0x000000070d600000| Untracked 
| 199|0x000000070d700000, 0x000000070d700000, 0x000000070d800000|  0%| F|  |TAMS 0x000000070d700000, 0x000000070d700000| Untracked 
| 200|0x000000070d800000, 0x000000070d800000, 0x000000070d900000|  0%| F|  |TAMS 0x000000070d800000, 0x000000070d800000| Untracked 
| 201|0x000000070d900000, 0x000000070d900000, 0x000000070da00000|  0%| F|  |TAMS 0x000000070d900000, 0x000000070d900000| Untracked 
| 202|0x000000070da00000, 0x000000070da00000, 0x000000070db00000|  0%| F|  |TAMS 0x000000070da00000, 0x000000070da00000| Untracked 
| 203|0x000000070db00000, 0x000000070db00000, 0x000000070dc00000|  0%| F|  |TAMS 0x000000070db00000, 0x000000070db00000| Untracked 
| 204|0x000000070dc00000, 0x000000070dc00000, 0x000000070dd00000|  0%| F|  |TAMS 0x000000070dc00000, 0x000000070dc00000| Untracked 
| 205|0x000000070dd00000, 0x000000070dd00000, 0x000000070de00000|  0%| F|  |TAMS 0x000000070dd00000, 0x000000070dd00000| Untracked 
| 206|0x000000070de00000, 0x000000070de00000, 0x000000070df00000|  0%| F|  |TAMS 0x000000070de00000, 0x000000070de00000| Untracked 
| 207|0x000000070df00000, 0x000000070df00000, 0x000000070e000000|  0%| F|  |TAMS 0x000000070df00000, 0x000000070df00000| Untracked 
| 208|0x000000070e000000, 0x000000070e000000, 0x000000070e100000|  0%| F|  |TAMS 0x000000070e000000, 0x000000070e000000| Untracked 
| 209|0x000000070e100000, 0x000000070e100000, 0x000000070e200000|  0%| F|  |TAMS 0x000000070e100000, 0x000000070e100000| Untracked 
| 210|0x000000070e200000, 0x000000070e200000, 0x000000070e300000|  0%| F|  |TAMS 0x000000070e200000, 0x000000070e200000| Untracked 
| 211|0x000000070e300000, 0x000000070e300000, 0x000000070e400000|  0%| F|  |TAMS 0x000000070e300000, 0x000000070e300000| Untracked 
| 212|0x000000070e400000, 0x000000070e400000, 0x000000070e500000|  0%| F|  |TAMS 0x000000070e400000, 0x000000070e400000| Untracked 
| 213|0x000000070e500000, 0x000000070e500000, 0x000000070e600000|  0%| F|  |TAMS 0x000000070e500000, 0x000000070e500000| Untracked 
| 214|0x000000070e600000, 0x000000070e600000, 0x000000070e700000|  0%| F|  |TAMS 0x000000070e600000, 0x000000070e600000| Untracked 
| 215|0x000000070e700000, 0x000000070e700000, 0x000000070e800000|  0%| F|  |TAMS 0x000000070e700000, 0x000000070e700000| Untracked 
| 216|0x000000070e800000, 0x000000070e800000, 0x000000070e900000|  0%| F|  |TAMS 0x000000070e800000, 0x000000070e800000| Untracked 
| 217|0x000000070e900000, 0x000000070e900000, 0x000000070ea00000|  0%| F|  |TAMS 0x000000070e900000, 0x000000070e900000| Untracked 
| 218|0x000000070ea00000, 0x000000070ea00000, 0x000000070eb00000|  0%| F|  |TAMS 0x000000070ea00000, 0x000000070ea00000| Untracked 
| 219|0x000000070eb00000, 0x000000070eb00000, 0x000000070ec00000|  0%| F|  |TAMS 0x000000070eb00000, 0x000000070eb00000| Untracked 
| 220|0x000000070ec00000, 0x000000070ec00000, 0x000000070ed00000|  0%| F|  |TAMS 0x000000070ec00000, 0x000000070ec00000| Untracked 
| 221|0x000000070ed00000, 0x000000070ed00000, 0x000000070ee00000|  0%| F|  |TAMS 0x000000070ed00000, 0x000000070ed00000| Untracked 
| 222|0x000000070ee00000, 0x000000070ee00000, 0x000000070ef00000|  0%| F|  |TAMS 0x000000070ee00000, 0x000000070ee00000| Untracked 
| 223|0x000000070ef00000, 0x000000070ef00000, 0x000000070f000000|  0%| F|  |TAMS 0x000000070ef00000, 0x000000070ef00000| Untracked 
| 224|0x000000070f000000, 0x000000070f000000, 0x000000070f100000|  0%| F|  |TAMS 0x000000070f000000, 0x000000070f000000| Untracked 
| 225|0x000000070f100000, 0x000000070f100000, 0x000000070f200000|  0%| F|  |TAMS 0x000000070f100000, 0x000000070f100000| Untracked 
| 226|0x000000070f200000, 0x000000070f200000, 0x000000070f300000|  0%| F|  |TAMS 0x000000070f200000, 0x000000070f200000| Untracked 
| 227|0x000000070f300000, 0x000000070f300000, 0x000000070f400000|  0%| F|  |TAMS 0x000000070f300000, 0x000000070f300000| Untracked 
| 228|0x000000070f400000, 0x000000070f400000, 0x000000070f500000|  0%| F|  |TAMS 0x000000070f400000, 0x000000070f400000| Untracked 
| 229|0x000000070f500000, 0x000000070f500000, 0x000000070f600000|  0%| F|  |TAMS 0x000000070f500000, 0x000000070f500000| Untracked 
| 230|0x000000070f600000, 0x000000070f600000, 0x000000070f700000|  0%| F|  |TAMS 0x000000070f600000, 0x000000070f600000| Untracked 
| 231|0x000000070f700000, 0x000000070f700000, 0x000000070f800000|  0%| F|  |TAMS 0x000000070f700000, 0x000000070f700000| Untracked 
| 232|0x000000070f800000, 0x000000070f800000, 0x000000070f900000|  0%| F|  |TAMS 0x000000070f800000, 0x000000070f800000| Untracked 
| 233|0x000000070f900000, 0x000000070f900000, 0x000000070fa00000|  0%| F|  |TAMS 0x000000070f900000, 0x000000070f900000| Untracked 
| 234|0x000000070fa00000, 0x000000070fa00000, 0x000000070fb00000|  0%| F|  |TAMS 0x000000070fa00000, 0x000000070fa00000| Untracked 
| 235|0x000000070fb00000, 0x000000070fb00000, 0x000000070fc00000|  0%| F|  |TAMS 0x000000070fb00000, 0x000000070fb00000| Untracked 
| 236|0x000000070fc00000, 0x000000070fc00000, 0x000000070fd00000|  0%| F|  |TAMS 0x000000070fc00000, 0x000000070fc00000| Untracked 
| 237|0x000000070fd00000, 0x000000070fd00000, 0x000000070fe00000|  0%| F|  |TAMS 0x000000070fd00000, 0x000000070fd00000| Untracked 
| 238|0x000000070fe00000, 0x000000070fe00000, 0x000000070ff00000|  0%| F|  |TAMS 0x000000070fe00000, 0x000000070fe00000| Untracked 
| 239|0x000000070ff00000, 0x000000070ff00000, 0x0000000710000000|  0%| F|  |TAMS 0x000000070ff00000, 0x000000070ff00000| Untracked 
| 240|0x0000000710000000, 0x0000000710000000, 0x0000000710100000|  0%| F|  |TAMS 0x0000000710000000, 0x0000000710000000| Untracked 
| 241|0x0000000710100000, 0x0000000710100000, 0x0000000710200000|  0%| F|  |TAMS 0x0000000710100000, 0x0000000710100000| Untracked 
| 242|0x0000000710200000, 0x0000000710200000, 0x0000000710300000|  0%| F|  |TAMS 0x0000000710200000, 0x0000000710200000| Untracked 
| 243|0x0000000710300000, 0x0000000710300000, 0x0000000710400000|  0%| F|  |TAMS 0x0000000710300000, 0x0000000710300000| Untracked 
| 244|0x0000000710400000, 0x0000000710400000, 0x0000000710500000|  0%| F|  |TAMS 0x0000000710400000, 0x0000000710400000| Untracked 
| 245|0x0000000710500000, 0x0000000710500000, 0x0000000710600000|  0%| F|  |TAMS 0x0000000710500000, 0x0000000710500000| Untracked 
| 246|0x0000000710600000, 0x0000000710600000, 0x0000000710700000|  0%| F|  |TAMS 0x0000000710600000, 0x0000000710600000| Untracked 
| 247|0x0000000710700000, 0x0000000710700000, 0x0000000710800000|  0%| F|  |TAMS 0x0000000710700000, 0x0000000710700000| Untracked 
| 248|0x0000000710800000, 0x0000000710800000, 0x0000000710900000|  0%| F|  |TAMS 0x0000000710800000, 0x0000000710800000| Untracked 
| 249|0x0000000710900000, 0x0000000710900000, 0x0000000710a00000|  0%| F|  |TAMS 0x0000000710900000, 0x0000000710900000| Untracked 
| 250|0x0000000710a00000, 0x0000000710a00000, 0x0000000710b00000|  0%| F|  |TAMS 0x0000000710a00000, 0x0000000710a00000| Untracked 
| 251|0x0000000710b00000, 0x0000000710b00000, 0x0000000710c00000|  0%| F|  |TAMS 0x0000000710b00000, 0x0000000710b00000| Untracked 
| 252|0x0000000710c00000, 0x0000000710c00000, 0x0000000710d00000|  0%| F|  |TAMS 0x0000000710c00000, 0x0000000710c00000| Untracked 
| 253|0x0000000710d00000, 0x0000000710d00000, 0x0000000710e00000|  0%| F|  |TAMS 0x0000000710d00000, 0x0000000710d00000| Untracked 
| 254|0x0000000710e00000, 0x0000000710e00000, 0x0000000710f00000|  0%| F|  |TAMS 0x0000000710e00000, 0x0000000710e00000| Untracked 
| 255|0x0000000710f00000, 0x0000000710f00000, 0x0000000711000000|  0%| F|  |TAMS 0x0000000710f00000, 0x0000000710f00000| Untracked 

Card table byte_map: [0x00000184d2090000,0x00000184d2890000] _byte_map_base: 0x00000184ce888000

Marking Bits (Prev, Next): (CMBitMap*) 0x00000184be7dff38, (CMBitMap*) 0x00000184be7dff70
 Prev Bits: [0x00000184d3090000, 0x00000184d7050000)
 Next Bits: [0x00000184d7050000, 0x00000184db010000)

Polling page: 0x00000184bcf60000

Metaspace:

Usage:
  Non-class:     41.57 MB capacity,    41.24 MB (>99%) used,   268.95 KB ( <1%) free+waste,    68.44 KB ( <1%) overhead. 
      Class:      5.62 MB capacity,     5.44 MB ( 97%) used,   154.95 KB (  3%) free+waste,    28.69 KB ( <1%) overhead. 
       Both:     47.19 MB capacity,    46.68 MB ( 99%) used,   423.89 KB ( <1%) free+waste,    97.13 KB ( <1%) overhead. 

Virtual space:
  Non-class space:       42.00 MB reserved,      41.75 MB (>99%) committed 
      Class space:        1.00 GB reserved,       5.63 MB ( <1%) committed 
             Both:        1.04 GB reserved,      47.38 MB (  4%) committed 

Chunk freelists:
   Non-Class:  57.00 KB
       Class:  4.00 KB
        Both:  61.00 KB

MaxMetaspaceSize: 17179869184.00 GB
CompressedClassSpaceSize: 1.00 GB

CodeHeap 'non-profiled nmethods': size=120064Kb used=1592Kb max_used=1592Kb free=118471Kb
 bounds [0x00000184c9d30000, 0x00000184c9fa0000, 0x00000184d1270000]
CodeHeap 'profiled nmethods': size=120000Kb used=8856Kb max_used=8856Kb free=111143Kb
 bounds [0x00000184c2800000, 0x00000184c30b0000, 0x00000184c9d30000]
CodeHeap 'non-nmethods': size=5696Kb used=1199Kb max_used=1241Kb free=4496Kb
 bounds [0x00000184c2270000, 0x00000184c24e0000, 0x00000184c2800000]
 total_blobs=4486 nmethods=3940 adapters=456
 compilation: enabled
              stopped_count=0, restarted_count=0
 full_count=0

Compilation events (20 events):
Event: 3.886 Thread 0x00000184ddff3800 nmethod 3933 0x00000184c309f710 code [0x00000184c309f8c0, 0x00000184c309f9d8]
Event: 3.886 Thread 0x00000184ddff3800 3946       3       org.jetbrains.kotlin.metadata.jvm.JvmProtoBuf$JvmMethodSignature$1::parsePartialFrom (7 bytes)
Event: 3.886 Thread 0x00000184ddff3800 nmethod 3946 0x00000184c309fa90 code [0x00000184c309fc60, 0x00000184c309fec8]
Event: 3.886 Thread 0x00000184ddff3800 3947       3       org.jetbrains.kotlin.metadata.jvm.JvmProtoBuf$JvmMethodSignature$1::parsePartialFrom (11 bytes)
Event: 3.886 Thread 0x00000184ddff3800 nmethod 3947 0x00000184c30a0010 code [0x00000184c30a01e0, 0x00000184c30a03e8]
Event: 3.886 Thread 0x00000184ddff3800 3948       3       org.jetbrains.kotlin.metadata.jvm.JvmProtoBuf$JvmMethodSignature::<init> (7 bytes)
Event: 3.886 Thread 0x00000184ddff3800 nmethod 3948 0x00000184c30a0510 code [0x00000184c30a06c0, 0x00000184c30a07e8]
Event: 3.886 Thread 0x00000184ddff3800 3949       3       org.jetbrains.kotlin.metadata.jvm.JvmProtoBuf$JvmMethodSignature::newBuilderForType (5 bytes)
Event: 3.887 Thread 0x00000184ddff3800 nmethod 3949 0x00000184c30a0890 code [0x00000184c30a0a80, 0x00000184c30a0fb8]
Event: 3.887 Thread 0x00000184ddff3800 3952   !   3       org.jetbrains.kotlin.metadata.jvm.JvmProtoBuf$JvmMethodSignature::<init> (286 bytes)
Event: 3.888 Thread 0x00000184ddff3800 nmethod 3952 0x00000184c30a1190 code [0x00000184c30a15c0, 0x00000184c30a3b88]
Event: 3.888 Thread 0x00000184ddff3800 3950       3       org.jetbrains.kotlin.metadata.jvm.JvmProtoBuf$JvmMethodSignature::newBuilderForType (4 bytes)
Event: 3.889 Thread 0x00000184ddff3800 nmethod 3950 0x00000184c30a4910 code [0x00000184c30a4b00, 0x00000184c30a4fd8]
Event: 3.889 Thread 0x00000184ddff3800 3951       3       org.jetbrains.kotlin.metadata.jvm.JvmProtoBuf$JvmMethodSignature$Builder::setDesc (17 bytes)
Event: 3.889 Thread 0x00000184ddff3800 nmethod 3951 0x00000184c30a5190 code [0x00000184c30a5340, 0x00000184c30a5458]
Event: 3.889 Thread 0x00000184ddff3800 3954       3       org.jetbrains.kotlin.metadata.jvm.JvmProtoBuf$JvmMethodSignature$Builder::mergeFrom (7 bytes)
Event: 3.889 Thread 0x00000184ddff3800 nmethod 3954 0x00000184c30a5510 code [0x00000184c30a56c0, 0x00000184c30a57e8]
Event: 3.889 Thread 0x00000184ddff3800 3955   !   3       org.jetbrains.kotlin.metadata.jvm.JvmProtoBuf$JvmMethodSignature$Builder::mergeFrom (60 bytes)
Event: 3.889 Thread 0x00000184ddff3800 nmethod 3955 0x00000184c30a5890 code [0x00000184c30a5aa0, 0x00000184c30a60d8]
Event: 3.889 Thread 0x00000184ddff3800 3956       3       org.jetbrains.kotlin.metadata.jvm.JvmProtoBuf$JvmMethodSignature$Builder::mergeFrom (59 bytes)

GC Heap History (9 events):
Event: 0.462 GC heap before
{Heap before GC invocations=0 (full 0):
 garbage-first heap   total 262144K, used 17408K [0x0000000701000000, 0x0000000800000000)
  region size 1024K, 14 young (14336K), 0 survivors (0K)
 Metaspace       used 9753K, capacity 9871K, committed 10112K, reserved 1058816K
  class space    used 834K, capacity 884K, committed 896K, reserved 1048576K
}
Event: 0.464 GC heap after
{Heap after GC invocations=1 (full 0):
 garbage-first heap   total 262144K, used 5173K [0x0000000701000000, 0x0000000800000000)
  region size 1024K, 2 young (2048K), 2 survivors (2048K)
 Metaspace       used 9753K, capacity 9871K, committed 10112K, reserved 1058816K
  class space    used 834K, capacity 884K, committed 896K, reserved 1048576K
}
Event: 1.229 GC heap before
{Heap before GC invocations=1 (full 0):
 garbage-first heap   total 262144K, used 51253K [0x0000000701000000, 0x0000000800000000)
  region size 1024K, 48 young (49152K), 2 survivors (2048K)
 Metaspace       used 20908K, capacity 21150K, committed 21248K, reserved 1069056K
  class space    used 2194K, capacity 2257K, committed 2304K, reserved 1048576K
}
Event: 1.240 GC heap after
{Heap after GC invocations=2 (full 0):
 garbage-first heap   total 262144K, used 9666K [0x0000000701000000, 0x0000000800000000)
  region size 1024K, 7 young (7168K), 7 survivors (7168K)
 Metaspace       used 20908K, capacity 21150K, committed 21248K, reserved 1069056K
  class space    used 2194K, capacity 2257K, committed 2304K, reserved 1048576K
}
Event: 2.157 GC heap before
{Heap before GC invocations=3 (full 0):
 garbage-first heap   total 262144K, used 68034K [0x0000000701000000, 0x0000000800000000)
  region size 1024K, 56 young (57344K), 7 survivors (7168K)
 Metaspace       used 30996K, capacity 31453K, committed 31744K, reserved 1077248K
  class space    used 3635K, capacity 3810K, committed 3840K, reserved 1048576K
}
Event: 2.170 GC heap after
{Heap after GC invocations=4 (full 0):
 garbage-first heap   total 262144K, used 24223K [0x0000000701000000, 0x0000000800000000)
  region size 1024K, 7 young (7168K), 7 survivors (7168K)
 Metaspace       used 30996K, capacity 31453K, committed 31744K, reserved 1077248K
  class space    used 3635K, capacity 3810K, committed 3840K, reserved 1048576K
}
Event: 2.575 GC heap before
{Heap before GC invocations=4 (full 0):
 garbage-first heap   total 262144K, used 52895K [0x0000000701000000, 0x0000000800000000)
  region size 1024K, 32 young (32768K), 7 survivors (7168K)
 Metaspace       used 35067K, capacity 35597K, committed 35840K, reserved 1081344K
  class space    used 4272K, capacity 4485K, committed 4608K, reserved 1048576K
}
Event: 2.593 GC heap after
{Heap after GC invocations=5 (full 0):
 garbage-first heap   total 262144K, used 27991K [0x0000000701000000, 0x0000000800000000)
  region size 1024K, 4 young (4096K), 4 survivors (4096K)
 Metaspace       used 35067K, capacity 35597K, committed 35840K, reserved 1081344K
  class space    used 4272K, capacity 4485K, committed 4608K, reserved 1048576K
}
Event: 3.889 GC heap before
{Heap before GC invocations=6 (full 0):
 garbage-first heap   total 262144K, used 107863K [0x0000000701000000, 0x0000000800000000)
  region size 1024K, 79 young (80896K), 4 survivors (4096K)
 Metaspace       used 47801K, capacity 48323K, committed 48512K, reserved 1091584K
  class space    used 5572K, capacity 5756K, committed 5760K, reserved 1048576K
}

Deoptimization events (20 events):
Event: 3.695 Thread 0x00000184be77b000 DEOPT PACKING pc=0x00000184c9e46860 sp=0x0000004ab42fa9c0
Event: 3.695 Thread 0x00000184be77b000 DEOPT UNPACKING pc=0x00000184c2297b2f sp=0x0000004ab42fa8a8 mode 2
Event: 3.733 Thread 0x00000184be77b000 Uncommon trap: trap_request=0xffffffc6 fr.pc=0x00000184c9e77724 relative=0x00000000000005e4
Event: 3.733 Thread 0x00000184be77b000 Uncommon trap: reason=bimorphic_or_optimized_type_check action=maybe_recompile pc=0x00000184c9e77724 method=gnu.trove.TObjectHash.index(Ljava/lang/Object;)I @ 22 c2
Event: 3.733 Thread 0x00000184be77b000 DEOPT PACKING pc=0x00000184c9e77724 sp=0x0000004ab42fa9a0
Event: 3.733 Thread 0x00000184be77b000 DEOPT UNPACKING pc=0x00000184c2297b2f sp=0x0000004ab42fa8c8 mode 2
Event: 3.734 Thread 0x00000184be77b000 Uncommon trap: trap_request=0xffffffc6 fr.pc=0x00000184c9e77724 relative=0x00000000000005e4
Event: 3.734 Thread 0x00000184be77b000 Uncommon trap: reason=bimorphic_or_optimized_type_check action=maybe_recompile pc=0x00000184c9e77724 method=gnu.trove.TObjectHash.index(Ljava/lang/Object;)I @ 22 c2
Event: 3.734 Thread 0x00000184be77b000 DEOPT PACKING pc=0x00000184c9e77724 sp=0x0000004ab42fa470
Event: 3.734 Thread 0x00000184be77b000 DEOPT UNPACKING pc=0x00000184c2297b2f sp=0x0000004ab42fa398 mode 2
Event: 3.787 Thread 0x00000184be77b000 Uncommon trap: trap_request=0xffffffc6 fr.pc=0x00000184c9e77724 relative=0x00000000000005e4
Event: 3.787 Thread 0x00000184be77b000 Uncommon trap: reason=bimorphic_or_optimized_type_check action=maybe_recompile pc=0x00000184c9e77724 method=gnu.trove.TObjectHash.index(Ljava/lang/Object;)I @ 22 c2
Event: 3.787 Thread 0x00000184be77b000 DEOPT PACKING pc=0x00000184c9e77724 sp=0x0000004ab42fa220
Event: 3.787 Thread 0x00000184be77b000 DEOPT UNPACKING pc=0x00000184c2297b2f sp=0x0000004ab42fa148 mode 2
Event: 3.787 Thread 0x00000184be77b000 Uncommon trap: trap_request=0xffffffc6 fr.pc=0x00000184c9e77724 relative=0x00000000000005e4
Event: 3.787 Thread 0x00000184be77b000 Uncommon trap: reason=bimorphic_or_optimized_type_check action=maybe_recompile pc=0x00000184c9e77724 method=gnu.trove.TObjectHash.index(Ljava/lang/Object;)I @ 22 c2
Event: 3.787 Thread 0x00000184be77b000 DEOPT PACKING pc=0x00000184c9e77724 sp=0x0000004ab42f9ce0
Event: 3.787 Thread 0x00000184be77b000 DEOPT UNPACKING pc=0x00000184c2297b2f sp=0x0000004ab42f9c08 mode 2
Event: 3.855 Thread 0x00000184be77b000 DEOPT PACKING pc=0x00000184c2e722ff sp=0x0000004ab42faf90
Event: 3.855 Thread 0x00000184be77b000 DEOPT UNPACKING pc=0x00000184c229794e sp=0x0000004ab42fa3e0 mode 0

Classes redefined (0 events):
No events

Internal exceptions (20 events):
Event: 1.217 Thread 0x00000184be77b000 Exception <a 'java/lang/NoSuchMethodError'{0x000000070e1dcb58}: 'long java.lang.invoke.DirectMethodHandle$Holder.invokeStaticInit(java.lang.Object)'> (0x000000070e1dcb58) thrown at [./src/hotspot/share/interpreter/linkResolver.cpp, line 773]
Event: 1.276 Thread 0x00000184be77b000 Exception <a 'java/lang/NoSuchMethodError'{0x0000000710c015e0}: 'int java.lang.invoke.DirectMethodHandle$Holder.invokeStaticInit(java.lang.Object, java.lang.Object, java.lang.Object)'> (0x0000000710c015e0) thrown at [./src/hotspot/share/interpreter/linkResolver.cpp, line 773]
Event: 1.281 Thread 0x00000184be77b000 Exception <a 'java/lang/NoSuchMethodError'{0x0000000710c2cfd8}: 'int java.lang.invoke.DirectMethodHandle$Holder.invokeStaticInit(java.lang.Object, java.lang.Object)'> (0x0000000710c2cfd8) thrown at [./src/hotspot/share/interpreter/linkResolver.cpp, line 773]
Event: 1.476 Thread 0x00000184be77b000 Exception <a 'java/lang/NoSuchMethodError'{0x00000007103e08f0}: 'java.lang.Object java.lang.invoke.DirectMethodHandle$Holder.invokeStatic(java.lang.Object, java.lang.Object, java.lang.Object, java.lang.Object, java.lang.Object, java.lang.Object, java.lang.Object, java.lang.Object, java.lang.Object, java.lang.Object, java.lang.Object, java.lang.Object, java.lang.Object, java.lang.Object, java.lang.Object)'> (0x00000007103e08f0) thrown at [./src/hotspot/share/interpreter/linkResolver.cpp, line 773]
Event: 1.478 Thread 0x00000184be77b000 Exception <a 'java/lang/NoSuchMethodError'{0x00000007103ee8f8}: 'java.lang.Object java.lang.invoke.DirectMethodHandle$Holder.invokeStatic(java.lang.Object, java.lang.Object, java.lang.Object, java.lang.Object, java.lang.Object, java.lang.Object, java.lang.Object, java.lang.Object, java.lang.Object, java.lang.Object, java.lang.Object, java.lang.Object, java.lang.Object, java.lang.Object, java.lang.Object, java.lang.Object)'> (0x00000007103ee8f8) thrown at [./src/hotspot/share/interpreter/linkResolver.cpp, l
Event: 1.479 Thread 0x00000184be77b000 Exception <a 'java/lang/NoSuchMethodError'{0x00000007103fc810}: 'java.lang.Object java.lang.invoke.DirectMethodHandle$Holder.invokeSpecial(java.lang.Object, java.lang.Object, int, int, java.lang.Object, java.lang.Object, java.lang.Object)'> (0x00000007103fc810) thrown at [./src/hotspot/share/interpreter/linkResolver.cpp, line 773]
Event: 1.480 Thread 0x00000184be77b000 Exception <a 'java/lang/NoSuchMethodError'{0x00000007102002b0}: 'java.lang.Object java.lang.invoke.DelegatingMethodHandle$Holder.reinvoke_L(java.lang.Object, int, int, java.lang.Object, java.lang.Object, java.lang.Object)'> (0x00000007102002b0) thrown at [./src/hotspot/share/interpreter/linkResolver.cpp, line 773]
Event: 1.480 Thread 0x00000184be77b000 Exception <a 'java/lang/NoSuchMethodError'{0x0000000710204890}: 'java.lang.Object java.lang.invoke.DirectMethodHandle$Holder.invokeStatic(java.lang.Object, java.lang.Object, java.lang.Object, java.lang.Object, int)'> (0x0000000710204890) thrown at [./src/hotspot/share/interpreter/linkResolver.cpp, line 773]
Event: 1.516 Thread 0x00000184be77b000 Implicit null exception at 0x00000184c9dbc8ac to 0x00000184c9dbca5a
Event: 1.549 Thread 0x00000184be77b000 Exception <a 'java/lang/NoSuchMethodError'{0x000000070fd833f8}: 'void java.lang.invoke.DirectMethodHandle$Holder.invokeStatic(java.lang.Object, java.lang.Object, java.lang.Object, java.lang.Object)'> (0x000000070fd833f8) thrown at [./src/hotspot/share/interpreter/linkResolver.cpp, line 773]
Event: 1.568 Thread 0x00000184be77b000 Exception <a 'java/lang/NoSuchMethodError'{0x000000070fcd1bb8}: 'void java.lang.invoke.DirectMethodHandle$Holder.invokeSpecial(java.lang.Object, java.lang.Object)'> (0x000000070fcd1bb8) thrown at [./src/hotspot/share/interpreter/linkResolver.cpp, line 773]
Event: 1.607 Thread 0x00000184be77b000 Exception <a 'java/lang/NoSuchMethodError'{0x000000070f97a3c0}: 'void java.lang.invoke.DirectMethodHandle$Holder.invokeStaticInit(java.lang.Object, java.lang.Object)'> (0x000000070f97a3c0) thrown at [./src/hotspot/share/interpreter/linkResolver.cpp, line 773]
Event: 1.617 Thread 0x00000184be77b000 Exception <a 'java/lang/NoSuchMethodError'{0x000000070f9b8a78}: 'void java.lang.invoke.DirectMethodHandle$Holder.invokeInterface(java.lang.Object, java.lang.Object)'> (0x000000070f9b8a78) thrown at [./src/hotspot/share/interpreter/linkResolver.cpp, line 773]
Event: 1.711 Thread 0x00000184be77b000 Exception <a 'java/lang/NoSuchMethodError'{0x000000070f4c1f60}: 'void java.lang.invoke.DirectMethodHandle$Holder.invokeVirtual(java.lang.Object, java.lang.Object)'> (0x000000070f4c1f60) thrown at [./src/hotspot/share/interpreter/linkResolver.cpp, line 773]
Event: 1.721 Thread 0x00000184be77b000 Exception <a 'java/lang/NoSuchMethodError'{0x000000070f339428}: 'int java.lang.invoke.DirectMethodHandle$Holder.invokeVirtual(java.lang.Object, java.lang.Object)'> (0x000000070f339428) thrown at [./src/hotspot/share/interpreter/linkResolver.cpp, line 773]
Event: 2.662 Thread 0x00000184be77b000 Exception <a 'java/lang/NoSuchMethodError'{0x0000000710cd2830}: 'java.lang.Object java.lang.invoke.DirectMethodHandle$Holder.invokeVirtual(java.lang.Object, java.lang.Object, java.lang.Object)'> (0x0000000710cd2830) thrown at [./src/hotspot/share/interpreter/linkResolver.cpp, line 773]
Event: 3.266 Thread 0x00000184be77b000 Exception <a 'java/lang/NoSuchMethodError'{0x000000070dfd6430}: 'java.lang.Object java.lang.invoke.Invokers$Holder.linkToTargetMethod(java.lang.Object, int, java.lang.Object)'> (0x000000070dfd6430) thrown at [./src/hotspot/share/interpreter/linkResolver.cpp, line 773]
Event: 3.448 Thread 0x00000184be77b000 Exception <a 'java/lang/NoSuchMethodError'{0x000000070db78f10}: 'java.lang.Object java.lang.invoke.DirectMethodHandle$Holder.invokeStatic(java.lang.Object, java.lang.Object, java.lang.Object, int)'> (0x000000070db78f10) thrown at [./src/hotspot/share/interpreter/linkResolver.cpp, line 773]
Event: 3.448 Thread 0x00000184be77b000 Exception <a 'java/lang/NoSuchMethodError'{0x000000070db7cb80}: 'java.lang.Object java.lang.invoke.DirectMethodHandle$Holder.invokeSpecial(java.lang.Object, java.lang.Object, java.lang.Object, java.lang.Object, int)'> (0x000000070db7cb80) thrown at [./src/hotspot/share/interpreter/linkResolver.cpp, line 773]
Event: 3.449 Thread 0x00000184be77b000 Exception <a 'java/lang/NoSuchMethodError'{0x000000070db7fe90}: 'java.lang.Object java.lang.invoke.Invokers$Holder.linkToTargetMethod(java.lang.Object, java.lang.Object, int, java.lang.Object)'> (0x000000070db7fe90) thrown at [./src/hotspot/share/interpreter/linkResolver.cpp, line 773]

Events (20 events):
Event: 3.827 loading class org/jetbrains/kotlin/resolve/scopes/LexicalChainedScope done
Event: 3.828 loading class org/jetbrains/kotlin/resolve/scopes/LexicalChainedScope$Companion
Event: 3.828 loading class org/jetbrains/kotlin/resolve/scopes/LexicalChainedScope$Companion done
Event: 3.829 loading class org/jetbrains/kotlin/resolve/scopes/TraceBasedLocalRedeclarationChecker
Event: 3.829 loading class org/jetbrains/kotlin/resolve/scopes/TraceBasedLocalRedeclarationChecker done
Event: 3.829 loading class org/jetbrains/kotlin/resolve/scopes/AbstractLocalRedeclarationChecker
Event: 3.829 loading class org/jetbrains/kotlin/resolve/scopes/AbstractLocalRedeclarationChecker done
Event: 3.830 loading class org/jetbrains/kotlin/resolve/scopes/LexicalScope$DefaultImpls
Event: 3.830 loading class org/jetbrains/kotlin/resolve/scopes/LexicalScope$DefaultImpls done
Event: 3.830 loading class org/jetbrains/kotlin/resolve/scopes/HierarchicalScope$DefaultImpls
Event: 3.830 loading class org/jetbrains/kotlin/resolve/scopes/HierarchicalScope$DefaultImpls done
Event: 3.830 loading class org/jetbrains/kotlin/resolve/scopes/ResolutionScope$DefaultImpls
Event: 3.830 loading class org/jetbrains/kotlin/resolve/scopes/ResolutionScope$DefaultImpls done
Event: 3.831 loading class org/jetbrains/kotlin/resolve/scopes/MemberScope$DefaultImpls
Event: 3.831 loading class org/jetbrains/kotlin/resolve/scopes/MemberScope$DefaultImpls done
Event: 3.831 loading class java/security/CodeSigner
Event: 3.831 loading class java/security/CodeSigner done
Event: 3.831 loading class org/jetbrains/kotlin/resolve/scopes/ImportingScope$DefaultImpls
Event: 3.831 loading class org/jetbrains/kotlin/resolve/scopes/ImportingScope$DefaultImpls done
Event: 3.889 Executing VM operation: G1CollectForAllocation


Dynamic libraries:
0x00007ff68af10000 - 0x00007ff68af1a000 	C:\Program Files\Android\Android Studio\jre\bin\java.exe
0x00007ffe5cbf0000 - 0x00007ffe5cde5000 	C:\WINDOWS\SYSTEM32\ntdll.dll
0x00007ffe5c670000 - 0x00007ffe5c72e000 	C:\WINDOWS\System32\KERNEL32.DLL
0x00007ffe5a310000 - 0x00007ffe5a5d9000 	C:\WINDOWS\System32\KERNELBASE.dll
0x00007ffe5a9a0000 - 0x00007ffe5aaa0000 	C:\WINDOWS\System32\ucrtbase.dll
0x00007ffe39c20000 - 0x00007ffe39c37000 	C:\Program Files\Android\Android Studio\jre\bin\VCRUNTIME140.dll
0x00007ffe3a690000 - 0x00007ffe3a6a9000 	C:\Program Files\Android\Android Studio\jre\bin\jli.dll
0x00007ffe5b0a0000 - 0x00007ffe5b241000 	C:\WINDOWS\System32\USER32.dll
0x00007ffe5a8e0000 - 0x00007ffe5a902000 	C:\WINDOWS\System32\win32u.dll
0x00007ffe4adb0000 - 0x00007ffe4b04a000 	C:\WINDOWS\WinSxS\amd64_microsoft.windows.common-controls_6595b64144ccf1df_6.0.19041.1110_none_60b5254171f9507e\COMCTL32.dll
0x00007ffe5c530000 - 0x00007ffe5c55b000 	C:\WINDOWS\System32\GDI32.dll
0x00007ffe5b590000 - 0x00007ffe5b62e000 	C:\WINDOWS\System32\msvcrt.dll
0x00007ffe5ab30000 - 0x00007ffe5ac3b000 	C:\WINDOWS\System32\gdi32full.dll
0x00007ffe5a790000 - 0x00007ffe5a82d000 	C:\WINDOWS\System32\msvcp_win.dll
0x00007ffe5c390000 - 0x00007ffe5c3c0000 	C:\WINDOWS\System32\IMM32.DLL
0x00007ffe2bcb0000 - 0x00007ffe2bd4d000 	C:\Program Files\Android\Android Studio\jre\bin\msvcp140.dll
0x00007ffe06a20000 - 0x00007ffe074ef000 	C:\Program Files\Android\Android Studio\jre\bin\server\jvm.dll
0x00007ffe5c5c0000 - 0x00007ffe5c66c000 	C:\WINDOWS\System32\ADVAPI32.dll
0x00007ffe5b630000 - 0x00007ffe5b6cb000 	C:\WINDOWS\System32\sechost.dll
0x00007ffe5b250000 - 0x00007ffe5b37a000 	C:\WINDOWS\System32\RPCRT4.dll
0x00007ffe5c2d0000 - 0x00007ffe5c2d8000 	C:\WINDOWS\System32\PSAPI.DLL
0x00007ffe52c60000 - 0x00007ffe52c69000 	C:\WINDOWS\SYSTEM32\WSOCK32.dll
0x00007ffe51530000 - 0x00007ffe51557000 	C:\WINDOWS\SYSTEM32\WINMM.dll
0x00007ffe5b970000 - 0x00007ffe5b9db000 	C:\WINDOWS\System32\WS2_32.dll
0x00007ffe54330000 - 0x00007ffe5433a000 	C:\WINDOWS\SYSTEM32\VERSION.dll
0x00007ffe58230000 - 0x00007ffe58242000 	C:\WINDOWS\SYSTEM32\kernel.appcore.dll
0x00007ffe44ca0000 - 0x00007ffe44cb1000 	C:\Program Files\Android\Android Studio\jre\bin\verify.dll
0x00007ffe54ad0000 - 0x00007ffe54cb4000 	C:\WINDOWS\SYSTEM32\DBGHELP.DLL
0x00007ffe4b4a0000 - 0x00007ffe4b4cc000 	C:\WINDOWS\SYSTEM32\dbgcore.DLL
0x00007ffe5a910000 - 0x00007ffe5a993000 	C:\WINDOWS\System32\bcryptPrimitives.dll
0x00007ffe40c90000 - 0x00007ffe40cb9000 	C:\Program Files\Android\Android Studio\jre\bin\java.dll
0x00007ffe57920000 - 0x00007ffe5792b000 	C:\Program Files\Android\Android Studio\jre\bin\jimage.dll
0x00007ffe408e0000 - 0x00007ffe408f8000 	C:\Program Files\Android\Android Studio\jre\bin\zip.dll
0x00007ffe5bb90000 - 0x00007ffe5c2cf000 	C:\WINDOWS\System32\SHELL32.dll
0x00007ffe58430000 - 0x00007ffe58bc0000 	C:\WINDOWS\SYSTEM32\windows.storage.dll
0x00007ffe5ad20000 - 0x00007ffe5b075000 	C:\WINDOWS\System32\combase.dll
0x00007ffe59d60000 - 0x00007ffe59d8c000 	C:\WINDOWS\SYSTEM32\Wldp.dll
0x00007ffe5c2e0000 - 0x00007ffe5c38e000 	C:\WINDOWS\System32\SHCORE.dll
0x00007ffe5c4d0000 - 0x00007ffe5c525000 	C:\WINDOWS\System32\shlwapi.dll
0x00007ffe5a250000 - 0x00007ffe5a26f000 	C:\WINDOWS\SYSTEM32\profapi.dll
0x00007ffe40610000 - 0x00007ffe4062a000 	C:\Program Files\Android\Android Studio\jre\bin\net.dll
0x00007ffe4ee90000 - 0x00007ffe4ef98000 	C:\WINDOWS\SYSTEM32\WINHTTP.dll
0x00007ffe59ac0000 - 0x00007ffe59b2a000 	C:\WINDOWS\system32\mswsock.dll
0x00007ffe400f0000 - 0x00007ffe40104000 	C:\Program Files\Android\Android Studio\jre\bin\nio.dll
0x00007ffe42550000 - 0x00007ffe425a5000 	C:\WINDOWS\SYSTEM32\symsrv.dll

dbghelp: loaded successfully - version: 4.0.5 - missing functions: none
symbol engine: initialized successfully - sym options: 0x614 - pdb path: .;C:\Program Files\Android\Android Studio\jre\bin;C:\WINDOWS\SYSTEM32;C:\WINDOWS\WinSxS\amd64_microsoft.windows.common-controls_6595b64144ccf1df_6.0.19041.1110_none_60b5254171f9507e;C:\Program Files\Android\Android Studio\jre\bin\server

VM Arguments:
java_command: org.jetbrains.kotlin.cli.jvm.K2JVMCompiler @C:\Users\danie\AndroidStudioProjects\Choice\app\build\20211003_16227113215704565988.compiler.options
java_class_path (initial): C:\Users\danie\.gradle\caches\modules-2\files-2.1\org.jetbrains.kotlin\kotlin-compiler-embeddable\1.5.31\cc18c29253541dc57c25c3ef514d63c7953ae1a6\kotlin-compiler-embeddable-1.5.31.jar;C:\Users\danie\.gradle\caches\modules-2\files-2.1\org.jetbrains.kotlin\kotlin-reflect\1.5.31\1523fcd842a47da0820cea772b19c51056fec8a9\kotlin-reflect-1.5.31.jar;C:\Users\danie\.gradle\caches\modules-2\files-2.1\org.jetbrains.kotlin\kotlin-stdlib\1.5.31\6628d61d0f5603568e72d2d5915d2c034b4f1c55\kotlin-stdlib-1.5.31.jar;C:\Users\danie\.gradle\caches\modules-2\files-2.1\org.jetbrains.kotlin\kotlin-script-runtime\1.5.31\aaea854be2cfc06373dfc11be5a6ba9ca5ca84a6\kotlin-script-runtime-1.5.31.jar;C:\Users\danie\.gradle\caches\modules-2\files-2.1\org.jetbrains.kotlin\kotlin-daemon-embeddable\1.5.31\d19b549661e28c62781683dc7c7e34bf416974f1\kotlin-daemon-embeddable-1.5.31.jar;C:\Users\danie\.gradle\caches\modules-2\files-2.1\org.jetbrains.intellij.deps\trove4j\1.0.20181211\216c2e14b070f334479d800987affe4054cd563f\trove4j-1.0.20181211.jar;C:\Users\danie\.gradle\caches\modules-2\files-2.1\org.jetbrains\annotations\13.0\919f0dfe192fb4e063e7dacadee7f8bb9a2672a9\annotations-13.0.jar;C:\Users\danie\.gradle\caches\modules-2\files-2.1\org.jetbrains.kotlin\kotlin-stdlib-common\1.5.31\43331609c7de811fed085e0dfd150874b157c32\kotlin-stdlib-common-1.5.31.jar
Launcher Type: SUN_STANDARD

[Global flags]
     intx CICompilerCount                          = 3                                         {product} {ergonomic}
     uint ConcGCThreads                            = 1                                         {product} {ergonomic}
     uint G1ConcRefinementThreads                  = 4                                         {product} {ergonomic}
   size_t G1HeapRegionSize                         = 1048576                                   {product} {ergonomic}
    uintx GCDrainStackTargetSize                   = 64                                        {product} {ergonomic}
   size_t InitialHeapSize                          = 268435456                                 {product} {ergonomic}
   size_t MarkStackSize                            = 4194304                                   {product} {ergonomic}
   size_t MaxHeapSize                              = 4278190080                                {product} {ergonomic}
   size_t MaxNewSize                               = 2566914048                                {product} {ergonomic}
   size_t MinHeapDeltaBytes                        = 1048576                                   {product} {ergonomic}
    uintx NonNMethodCodeHeapSize                   = 5830732                                {pd product} {ergonomic}
    uintx NonProfiledCodeHeapSize                  = 122913754                              {pd product} {ergonomic}
    uintx ProfiledCodeHeapSize                     = 122913754                              {pd product} {ergonomic}
    uintx ReservedCodeCacheSize                    = 251658240                              {pd product} {ergonomic}
     bool SegmentedCodeCache                       = true                                      {product} {ergonomic}
     bool UseCompressedClassPointers               = true                                 {lp64_product} {ergonomic}
     bool UseCompressedOops                        = true                                 {lp64_product} {ergonomic}
     bool UseG1GC                                  = true                                      {product} {ergonomic}
     bool UseLargePagesIndividualAllocation        = false                                  {pd product} {ergonomic}

Logging:
Log output configuration:
 #0: stdout all=warning uptime,level,tags
 #1: stderr all=off uptime,level,tags

Environment Variables:
PATH=C:\Python39\Scripts\;C:\Python39\;C:\Program Files (x86)\NVIDIA Corporation\PhysX\Common;C:\Program Files (x86)\Common Files\Oracle\Java\javapath;C:\WINDOWS\system32;C:\WINDOWS;C:\WINDOWS\System32\Wbem;C:\WINDOWS\System32\WindowsPowerShell\v1.0\;C:\WINDOWS\System32\OpenSSH\;C:\Program Files\Microsoft SQL Server\130\Tools\Binn\;C:\ProgramData\chocolatey\bin;C:\Program Files (x86)\IVI Foundation\VISA\WinNT\Bin;C:\Program Files\Git\cmd;C:\Program Files\nodejs\;C:\Users\danie\AppData\Local\Microsoft\WindowsApps;;C:\Users\danie\AppData\Local\Programs\Microsoft VS Code\bin;C:\Users\danie\AppData\Roaming\npm
USERNAME=danie
OS=Windows_NT
PROCESSOR_IDENTIFIER=AMD64 Family 23 Model 24 Stepping 1, AuthenticAMD



---------------  S Y S T E M  ---------------

OS: Windows 10 , 64 bit Build 19041 (10.0.19041.1202)
OS uptime: 1 days 3:10 hours

CPU:total 4 (initial active 4) (4 cores per cpu, 1 threads per core) family 23 model 24 stepping 1 microcode 0x0, cmov, cx8, fxsr, mmx, sse, sse2, sse3, ssse3, sse4.1, sse4.2, popcnt, avx, avx2, aes, clmul, mmxext, 3dnowpref, lzcnt, sse4a, tsc, tscinvbit, tscinv, bmi1, bmi2, adx, sha, 

Memory: 4k page, system-wide physical 16312M (4244M free)
TotalPageFile size 16312M (AvailPageFile size 18M)
current process WorkingSet (physical memory assigned to process): 282M, peak: 282M
current process commit charge ("private bytes"): 452M, peak: 504M

vm_info: OpenJDK 64-Bit Server VM (11.0.10+0-b96-7249189) for windows-amd64 JRE (11.0.10+0-b96-7249189), built on Mar 31 2021 21:44:00 by "builder" with MS VC++ 14.0 (VS2015)

END.
